[2023-05-09T04:56:49.422+0000] {taskinstance.py:1125} INFO - Dependencies all met for dep_context=non-requeueable deps ti=<TaskInstance: veryfi_extract_total.extract_and_load scheduled__2023-05-08T01:30:00+00:00 [queued]>
[2023-05-09T04:56:49.518+0000] {taskinstance.py:1125} INFO - Dependencies all met for dep_context=requeueable deps ti=<TaskInstance: veryfi_extract_total.extract_and_load scheduled__2023-05-08T01:30:00+00:00 [queued]>
[2023-05-09T04:56:49.520+0000] {taskinstance.py:1331} INFO - Starting attempt 1 of 2
[2023-05-09T04:56:49.566+0000] {taskinstance.py:1350} INFO - Executing <Task(PythonOperator): extract_and_load> on 2023-05-08 01:30:00+00:00
[2023-05-09T04:56:49.572+0000] {standard_task_runner.py:57} INFO - Started process 1547 to run task
[2023-05-09T04:56:49.579+0000] {standard_task_runner.py:84} INFO - Running: ['***', 'tasks', 'run', 'veryfi_extract_total', 'extract_and_load', 'scheduled__2023-05-08T01:30:00+00:00', '--job-id', '401', '--raw', '--subdir', 'DAGS_FOLDER/ml_response_dag.py', '--cfg-path', '/tmp/tmppugm58dy']
[2023-05-09T04:56:49.580+0000] {standard_task_runner.py:85} INFO - Job 401: Subtask extract_and_load
[2023-05-09T04:56:49.781+0000] {task_command.py:410} INFO - Running <TaskInstance: veryfi_extract_total.extract_and_load scheduled__2023-05-08T01:30:00+00:00 [running]> on host aa4b7d3de44b
[2023-05-09T04:56:50.095+0000] {taskinstance.py:1570} INFO - Exporting env vars: AIRFLOW_CTX_DAG_OWNER='***' AIRFLOW_CTX_DAG_ID='veryfi_extract_total' AIRFLOW_CTX_TASK_ID='extract_and_load' AIRFLOW_CTX_EXECUTION_DATE='2023-05-08T01:30:00+00:00' AIRFLOW_CTX_TRY_NUMBER='1' AIRFLOW_CTX_DAG_RUN_ID='scheduled__2023-05-08T01:30:00+00:00'
[2023-05-09T04:56:50.109+0000] {ml_response_dag.py:35} INFO - {}
[2023-05-09T04:56:50.109+0000] {ml_response_dag.py:36} INFO - 1
[2023-05-09T04:56:50.109+0000] {ml_response_dag.py:37} INFO - Inserted to db
[2023-05-09T04:56:50.110+0000] {ml_response_dag.py:35} INFO - {'value': '544', 'score': 0.22, 'ocr_score': 0.81, 'bounding_box': [0.22, 0.37, 0.38, 0.52]}
[2023-05-09T04:56:50.111+0000] {ml_response_dag.py:36} INFO - 1
[2023-05-09T04:56:50.111+0000] {ml_response_dag.py:37} INFO - Inserted to db
[2023-05-09T04:56:50.112+0000] {ml_response_dag.py:35} INFO - {}
[2023-05-09T04:56:50.112+0000] {ml_response_dag.py:36} INFO - 1
[2023-05-09T04:56:50.112+0000] {ml_response_dag.py:37} INFO - Inserted to db
[2023-05-09T04:56:50.113+0000] {ml_response_dag.py:35} INFO - {}
[2023-05-09T04:56:50.113+0000] {ml_response_dag.py:36} INFO - 1
[2023-05-09T04:56:50.114+0000] {ml_response_dag.py:37} INFO - Inserted to db
[2023-05-09T04:56:50.115+0000] {ml_response_dag.py:35} INFO - {}
[2023-05-09T04:56:50.115+0000] {ml_response_dag.py:36} INFO - 1
[2023-05-09T04:56:50.116+0000] {ml_response_dag.py:37} INFO - Inserted to db
[2023-05-09T04:56:50.117+0000] {ml_response_dag.py:35} INFO - {}
[2023-05-09T04:56:50.122+0000] {ml_response_dag.py:36} INFO - 1
[2023-05-09T04:56:50.122+0000] {ml_response_dag.py:37} INFO - Inserted to db
[2023-05-09T04:56:50.123+0000] {ml_response_dag.py:35} INFO - {'value': '660', 'score': 0.48, 'ocr_score': 0.32, 'bounding_box': [0.07, 0.82, 0.06, 0.37]}
[2023-05-09T04:56:50.124+0000] {ml_response_dag.py:36} INFO - 1
[2023-05-09T04:56:50.124+0000] {ml_response_dag.py:37} INFO - Inserted to db
[2023-05-09T04:56:50.124+0000] {ml_response_dag.py:35} INFO - {}
[2023-05-09T04:56:50.125+0000] {ml_response_dag.py:36} INFO - 1
[2023-05-09T04:56:50.126+0000] {ml_response_dag.py:37} INFO - Inserted to db
[2023-05-09T04:56:50.126+0000] {ml_response_dag.py:35} INFO - {'value': '801', 'score': 0.92, 'ocr_score': 0.28, 'bounding_box': [0.56, 0.9, 0.37, 0.79]}
[2023-05-09T04:56:50.126+0000] {ml_response_dag.py:36} INFO - 1
[2023-05-09T04:56:50.127+0000] {ml_response_dag.py:37} INFO - Inserted to db
[2023-05-09T04:56:50.128+0000] {ml_response_dag.py:35} INFO - {}
[2023-05-09T04:56:50.128+0000] {ml_response_dag.py:36} INFO - 2
[2023-05-09T04:56:50.129+0000] {ml_response_dag.py:37} INFO - Inserted to db
[2023-05-09T04:56:50.129+0000] {ml_response_dag.py:35} INFO - {}
[2023-05-09T04:56:50.132+0000] {ml_response_dag.py:36} INFO - 2
[2023-05-09T04:56:50.133+0000] {ml_response_dag.py:37} INFO - Inserted to db
[2023-05-09T04:56:50.135+0000] {ml_response_dag.py:35} INFO - {'value': '880', 'score': 0.06, 'ocr_score': 0.1, 'bounding_box': [0.76, 0.47, 0.16, 0.27]}
[2023-05-09T04:56:50.135+0000] {ml_response_dag.py:36} INFO - 2
[2023-05-09T04:56:50.136+0000] {ml_response_dag.py:37} INFO - Inserted to db
[2023-05-09T04:56:50.136+0000] {ml_response_dag.py:35} INFO - {'value': '380', 'score': 0.11, 'ocr_score': 0.36, 'bounding_box': [0.99, 0.15, 0.39, 0.03]}
[2023-05-09T04:56:50.137+0000] {ml_response_dag.py:36} INFO - 2
[2023-05-09T04:56:50.137+0000] {ml_response_dag.py:37} INFO - Inserted to db
[2023-05-09T04:56:50.138+0000] {ml_response_dag.py:35} INFO - {}
[2023-05-09T04:56:50.138+0000] {ml_response_dag.py:36} INFO - 2
[2023-05-09T04:56:50.139+0000] {ml_response_dag.py:37} INFO - Inserted to db
[2023-05-09T04:56:50.139+0000] {ml_response_dag.py:35} INFO - {'value': '770', 'score': 0.37, 'ocr_score': 0.84, 'bounding_box': [0.79, 0.15, 0.82, 0.6]}
[2023-05-09T04:56:50.139+0000] {ml_response_dag.py:36} INFO - 2
[2023-05-09T04:56:50.140+0000] {ml_response_dag.py:37} INFO - Inserted to db
[2023-05-09T04:56:50.141+0000] {ml_response_dag.py:35} INFO - {}
[2023-05-09T04:56:50.141+0000] {ml_response_dag.py:36} INFO - 2
[2023-05-09T04:56:50.141+0000] {ml_response_dag.py:37} INFO - Inserted to db
[2023-05-09T04:56:50.142+0000] {ml_response_dag.py:35} INFO - {}
[2023-05-09T04:56:50.142+0000] {ml_response_dag.py:36} INFO - 2
[2023-05-09T04:56:50.143+0000] {ml_response_dag.py:37} INFO - Inserted to db
[2023-05-09T04:56:50.143+0000] {ml_response_dag.py:35} INFO - {}
[2023-05-09T04:56:50.144+0000] {ml_response_dag.py:36} INFO - 2
[2023-05-09T04:56:50.144+0000] {ml_response_dag.py:37} INFO - Inserted to db
[2023-05-09T04:56:50.145+0000] {ml_response_dag.py:35} INFO - {}
[2023-05-09T04:56:50.145+0000] {ml_response_dag.py:36} INFO - 3
[2023-05-09T04:56:50.145+0000] {ml_response_dag.py:37} INFO - Inserted to db
[2023-05-09T04:56:50.146+0000] {ml_response_dag.py:35} INFO - {}
[2023-05-09T04:56:50.146+0000] {ml_response_dag.py:36} INFO - 4
[2023-05-09T04:56:50.146+0000] {ml_response_dag.py:37} INFO - Inserted to db
[2023-05-09T04:56:50.147+0000] {ml_response_dag.py:35} INFO - {}
[2023-05-09T04:56:50.147+0000] {ml_response_dag.py:36} INFO - 5
[2023-05-09T04:56:50.148+0000] {ml_response_dag.py:37} INFO - Inserted to db
[2023-05-09T04:56:50.148+0000] {ml_response_dag.py:35} INFO - {}
[2023-05-09T04:56:50.149+0000] {ml_response_dag.py:36} INFO - 5
[2023-05-09T04:56:50.149+0000] {ml_response_dag.py:37} INFO - Inserted to db
[2023-05-09T04:56:50.150+0000] {ml_response_dag.py:35} INFO - {'value': '418', 'score': 0.49, 'ocr_score': 0.15, 'bounding_box': [0.88, 0.92, 0.46, 0.3]}
[2023-05-09T04:56:50.151+0000] {ml_response_dag.py:36} INFO - 5
[2023-05-09T04:56:50.151+0000] {ml_response_dag.py:37} INFO - Inserted to db
[2023-05-09T04:56:50.151+0000] {ml_response_dag.py:35} INFO - {}
[2023-05-09T04:56:50.152+0000] {ml_response_dag.py:36} INFO - 5
[2023-05-09T04:56:50.152+0000] {ml_response_dag.py:37} INFO - Inserted to db
[2023-05-09T04:56:50.152+0000] {ml_response_dag.py:35} INFO - {}
[2023-05-09T04:56:50.153+0000] {ml_response_dag.py:36} INFO - 5
[2023-05-09T04:56:50.153+0000] {ml_response_dag.py:37} INFO - Inserted to db
[2023-05-09T04:56:50.154+0000] {ml_response_dag.py:35} INFO - {'value': '78', 'score': 0.03, 'ocr_score': 0.66, 'bounding_box': [0.31, 0.81, 0.43, 0.03]}
[2023-05-09T04:56:50.154+0000] {ml_response_dag.py:36} INFO - 5
[2023-05-09T04:56:50.154+0000] {ml_response_dag.py:37} INFO - Inserted to db
[2023-05-09T04:56:50.155+0000] {ml_response_dag.py:35} INFO - {}
[2023-05-09T04:56:50.160+0000] {ml_response_dag.py:36} INFO - 5
[2023-05-09T04:56:50.161+0000] {ml_response_dag.py:37} INFO - Inserted to db
[2023-05-09T04:56:50.164+0000] {ml_response_dag.py:35} INFO - {'value': '889', 'score': 0.72, 'ocr_score': 0.56, 'bounding_box': [0.38, 0.17, 0.28, 1.0]}
[2023-05-09T04:56:50.167+0000] {ml_response_dag.py:36} INFO - 5
[2023-05-09T04:56:50.169+0000] {ml_response_dag.py:37} INFO - Inserted to db
[2023-05-09T04:56:50.177+0000] {ml_response_dag.py:35} INFO - {'value': '292', 'score': 0.23, 'ocr_score': 0.39, 'bounding_box': [0.45, 0.93, 0.07, 0.2]}
[2023-05-09T04:56:50.178+0000] {ml_response_dag.py:36} INFO - 5
[2023-05-09T04:56:50.179+0000] {ml_response_dag.py:37} INFO - Inserted to db
[2023-05-09T04:56:50.183+0000] {ml_response_dag.py:35} INFO - {}
[2023-05-09T04:56:50.183+0000] {ml_response_dag.py:36} INFO - 6
[2023-05-09T04:56:50.188+0000] {ml_response_dag.py:37} INFO - Inserted to db
[2023-05-09T04:56:50.189+0000] {ml_response_dag.py:35} INFO - {'value': '542', 'score': 0.01, 'ocr_score': 0.03, 'bounding_box': [0.27, 0.53, 0.77, 0.97]}
[2023-05-09T04:56:50.189+0000] {ml_response_dag.py:36} INFO - 7
[2023-05-09T04:56:50.190+0000] {ml_response_dag.py:37} INFO - Inserted to db
[2023-05-09T04:56:50.190+0000] {ml_response_dag.py:35} INFO - {'value': '342', 'score': 0.56, 'ocr_score': 0.14, 'bounding_box': [0.77, 0.91, 0.18, 0.2]}
[2023-05-09T04:56:50.190+0000] {ml_response_dag.py:36} INFO - 7
[2023-05-09T04:56:50.191+0000] {ml_response_dag.py:37} INFO - Inserted to db
[2023-05-09T04:56:50.191+0000] {ml_response_dag.py:35} INFO - {'value': '967', 'score': 0.78, 'ocr_score': 0.39, 'bounding_box': [0.86, 0.38, 0.41, 0.36]}
[2023-05-09T04:56:50.192+0000] {ml_response_dag.py:36} INFO - 7
[2023-05-09T04:56:50.192+0000] {ml_response_dag.py:37} INFO - Inserted to db
[2023-05-09T04:56:50.193+0000] {ml_response_dag.py:35} INFO - {'value': '100', 'score': 0.68, 'ocr_score': 0.75, 'bounding_box': [0.32, 0.6, 0.97, 0.05]}
[2023-05-09T04:56:50.193+0000] {ml_response_dag.py:36} INFO - 7
[2023-05-09T04:56:50.193+0000] {ml_response_dag.py:37} INFO - Inserted to db
[2023-05-09T04:56:50.194+0000] {ml_response_dag.py:35} INFO - {}
[2023-05-09T04:56:50.195+0000] {ml_response_dag.py:36} INFO - 7
[2023-05-09T04:56:50.195+0000] {ml_response_dag.py:37} INFO - Inserted to db
[2023-05-09T04:56:50.195+0000] {ml_response_dag.py:35} INFO - {}
[2023-05-09T04:56:50.196+0000] {ml_response_dag.py:36} INFO - 7
[2023-05-09T04:56:50.196+0000] {ml_response_dag.py:37} INFO - Inserted to db
[2023-05-09T04:56:50.197+0000] {ml_response_dag.py:35} INFO - {'value': '858', 'score': 0.94, 'ocr_score': 0.64, 'bounding_box': [0.22, 0.37, 0.17, 0.07]}
[2023-05-09T04:56:50.197+0000] {ml_response_dag.py:36} INFO - 7
[2023-05-09T04:56:50.198+0000] {ml_response_dag.py:37} INFO - Inserted to db
[2023-05-09T04:56:50.198+0000] {ml_response_dag.py:35} INFO - {}
[2023-05-09T04:56:50.199+0000] {ml_response_dag.py:36} INFO - 7
[2023-05-09T04:56:50.199+0000] {ml_response_dag.py:37} INFO - Inserted to db
[2023-05-09T04:56:50.199+0000] {ml_response_dag.py:35} INFO - {'value': '633', 'score': 0.77, 'ocr_score': 0.17, 'bounding_box': [0.44, 0.56, 0.26, 0.15]}
[2023-05-09T04:56:50.200+0000] {ml_response_dag.py:36} INFO - 7
[2023-05-09T04:56:50.200+0000] {ml_response_dag.py:37} INFO - Inserted to db
[2023-05-09T04:56:50.200+0000] {ml_response_dag.py:35} INFO - {'value': '609', 'score': 0.47, 'ocr_score': 0.56, 'bounding_box': [0.3, 0.87, 0.78, 0.92]}
[2023-05-09T04:56:50.201+0000] {ml_response_dag.py:36} INFO - 8
[2023-05-09T04:56:50.201+0000] {ml_response_dag.py:37} INFO - Inserted to db
[2023-05-09T04:56:50.202+0000] {ml_response_dag.py:35} INFO - {'value': '331', 'score': 0.49, 'ocr_score': 0.99, 'bounding_box': [0.55, 0.36, 0.08, 0.43]}
[2023-05-09T04:56:50.202+0000] {ml_response_dag.py:36} INFO - 8
[2023-05-09T04:56:50.202+0000] {ml_response_dag.py:37} INFO - Inserted to db
[2023-05-09T04:56:50.203+0000] {ml_response_dag.py:35} INFO - {'value': '142', 'score': 0.0, 'ocr_score': 0.58, 'bounding_box': [0.17, 0.36, 0.83, 0.62]}
[2023-05-09T04:56:50.203+0000] {ml_response_dag.py:36} INFO - 8
[2023-05-09T04:56:50.204+0000] {ml_response_dag.py:37} INFO - Inserted to db
[2023-05-09T04:56:50.204+0000] {ml_response_dag.py:35} INFO - {}
[2023-05-09T04:56:50.204+0000] {ml_response_dag.py:36} INFO - 8
[2023-05-09T04:56:50.205+0000] {ml_response_dag.py:37} INFO - Inserted to db
[2023-05-09T04:56:50.205+0000] {ml_response_dag.py:35} INFO - {}
[2023-05-09T04:56:50.206+0000] {ml_response_dag.py:36} INFO - 8
[2023-05-09T04:56:50.206+0000] {ml_response_dag.py:37} INFO - Inserted to db
[2023-05-09T04:56:50.206+0000] {ml_response_dag.py:35} INFO - {}
[2023-05-09T04:56:50.206+0000] {ml_response_dag.py:36} INFO - 8
[2023-05-09T04:56:50.207+0000] {ml_response_dag.py:37} INFO - Inserted to db
[2023-05-09T04:56:50.207+0000] {ml_response_dag.py:35} INFO - {'value': '826', 'score': 0.74, 'ocr_score': 0.69, 'bounding_box': [0.98, 0.11, 0.14, 0.96]}
[2023-05-09T04:56:50.208+0000] {ml_response_dag.py:36} INFO - 8
[2023-05-09T04:56:50.208+0000] {ml_response_dag.py:37} INFO - Inserted to db
[2023-05-09T04:56:50.208+0000] {ml_response_dag.py:35} INFO - {}
[2023-05-09T04:56:50.209+0000] {ml_response_dag.py:36} INFO - 8
[2023-05-09T04:56:50.209+0000] {ml_response_dag.py:37} INFO - Inserted to db
[2023-05-09T04:56:50.209+0000] {ml_response_dag.py:35} INFO - {'value': '299', 'score': 0.85, 'ocr_score': 0.04, 'bounding_box': [0.14, 0.46, 0.06, 0.65]}
[2023-05-09T04:56:50.209+0000] {ml_response_dag.py:36} INFO - 8
[2023-05-09T04:56:50.210+0000] {ml_response_dag.py:37} INFO - Inserted to db
[2023-05-09T04:56:50.210+0000] {ml_response_dag.py:35} INFO - {'value': '362', 'score': 0.62, 'ocr_score': 0.51, 'bounding_box': [0.42, 0.48, 0.21, 0.45]}
[2023-05-09T04:56:50.211+0000] {ml_response_dag.py:36} INFO - 9
[2023-05-09T04:56:50.211+0000] {ml_response_dag.py:37} INFO - Inserted to db
[2023-05-09T04:56:50.212+0000] {ml_response_dag.py:35} INFO - {'value': '288', 'score': 0.77, 'ocr_score': 0.23, 'bounding_box': [0.16, 0.03, 0.68, 0.81]}
[2023-05-09T04:56:50.212+0000] {ml_response_dag.py:36} INFO - 9
[2023-05-09T04:56:50.212+0000] {ml_response_dag.py:37} INFO - Inserted to db
[2023-05-09T04:56:50.213+0000] {ml_response_dag.py:35} INFO - {'value': '803', 'score': 0.03, 'ocr_score': 0.42, 'bounding_box': [0.05, 0.5, 0.56, 0.95]}
[2023-05-09T04:56:50.213+0000] {ml_response_dag.py:36} INFO - 9
[2023-05-09T04:56:50.213+0000] {ml_response_dag.py:37} INFO - Inserted to db
[2023-05-09T04:56:50.214+0000] {ml_response_dag.py:35} INFO - {'value': '750', 'score': 0.85, 'ocr_score': 0.27, 'bounding_box': [0.71, 0.07, 0.54, 0.9]}
[2023-05-09T04:56:50.214+0000] {ml_response_dag.py:36} INFO - 9
[2023-05-09T04:56:50.214+0000] {ml_response_dag.py:37} INFO - Inserted to db
[2023-05-09T04:56:50.215+0000] {ml_response_dag.py:35} INFO - {'value': '148', 'score': 0.41, 'ocr_score': 0.97, 'bounding_box': [0.44, 0.51, 0.69, 0.67]}
[2023-05-09T04:56:50.215+0000] {ml_response_dag.py:36} INFO - 9
[2023-05-09T04:56:50.215+0000] {ml_response_dag.py:37} INFO - Inserted to db
[2023-05-09T04:56:50.216+0000] {ml_response_dag.py:35} INFO - {'value': '161', 'score': 0.49, 'ocr_score': 0.58, 'bounding_box': [0.51, 0.51, 0.55, 0.06]}
[2023-05-09T04:56:50.216+0000] {ml_response_dag.py:36} INFO - 9
[2023-05-09T04:56:50.216+0000] {ml_response_dag.py:37} INFO - Inserted to db
[2023-05-09T04:56:50.218+0000] {ml_response_dag.py:35} INFO - {}
[2023-05-09T04:56:50.219+0000] {ml_response_dag.py:36} INFO - 9
[2023-05-09T04:56:50.220+0000] {ml_response_dag.py:37} INFO - Inserted to db
[2023-05-09T04:56:50.220+0000] {ml_response_dag.py:35} INFO - {}
[2023-05-09T04:56:50.220+0000] {ml_response_dag.py:36} INFO - 9
[2023-05-09T04:56:50.221+0000] {ml_response_dag.py:37} INFO - Inserted to db
[2023-05-09T04:56:50.221+0000] {ml_response_dag.py:35} INFO - {}
[2023-05-09T04:56:50.221+0000] {ml_response_dag.py:36} INFO - 9
[2023-05-09T04:56:50.222+0000] {ml_response_dag.py:37} INFO - Inserted to db
[2023-05-09T04:56:50.222+0000] {ml_response_dag.py:35} INFO - {'value': '842', 'score': 0.47, 'ocr_score': 0.75, 'bounding_box': [0.16, 0.91, 0.32, 0.53]}
[2023-05-09T04:56:50.222+0000] {ml_response_dag.py:36} INFO - 10
[2023-05-09T04:56:50.223+0000] {ml_response_dag.py:37} INFO - Inserted to db
[2023-05-09T04:56:50.223+0000] {ml_response_dag.py:35} INFO - {}
[2023-05-09T04:56:50.223+0000] {ml_response_dag.py:36} INFO - 10
[2023-05-09T04:56:50.223+0000] {ml_response_dag.py:37} INFO - Inserted to db
[2023-05-09T04:56:50.224+0000] {ml_response_dag.py:35} INFO - {}
[2023-05-09T04:56:50.224+0000] {ml_response_dag.py:36} INFO - 10
[2023-05-09T04:56:50.224+0000] {ml_response_dag.py:37} INFO - Inserted to db
[2023-05-09T04:56:50.225+0000] {ml_response_dag.py:35} INFO - {'value': '458', 'score': 0.81, 'ocr_score': 0.31, 'bounding_box': [0.69, 0.54, 0.48, 0.39]}
[2023-05-09T04:56:50.225+0000] {ml_response_dag.py:36} INFO - 10
[2023-05-09T04:56:50.225+0000] {ml_response_dag.py:37} INFO - Inserted to db
[2023-05-09T04:56:50.225+0000] {ml_response_dag.py:35} INFO - {'value': '776', 'score': 0.77, 'ocr_score': 0.34, 'bounding_box': [0.76, 0.85, 0.56, 0.82]}
[2023-05-09T04:56:50.226+0000] {ml_response_dag.py:36} INFO - 10
[2023-05-09T04:56:50.226+0000] {ml_response_dag.py:37} INFO - Inserted to db
[2023-05-09T04:56:50.226+0000] {ml_response_dag.py:35} INFO - {}
[2023-05-09T04:56:50.227+0000] {ml_response_dag.py:36} INFO - 10
[2023-05-09T04:56:50.227+0000] {ml_response_dag.py:37} INFO - Inserted to db
[2023-05-09T04:56:50.230+0000] {ml_response_dag.py:35} INFO - {'value': '51', 'score': 0.76, 'ocr_score': 0.29, 'bounding_box': [0.79, 0.88, 0.43, 0.21]}
[2023-05-09T04:56:50.230+0000] {ml_response_dag.py:36} INFO - 10
[2023-05-09T04:56:50.230+0000] {ml_response_dag.py:37} INFO - Inserted to db
[2023-05-09T04:56:50.231+0000] {ml_response_dag.py:35} INFO - {'value': '843', 'score': 0.05, 'ocr_score': 0.96, 'bounding_box': [0.84, 0.04, 0.6, 0.52]}
[2023-05-09T04:56:50.231+0000] {ml_response_dag.py:36} INFO - 10
[2023-05-09T04:56:50.232+0000] {ml_response_dag.py:37} INFO - Inserted to db
[2023-05-09T04:56:50.232+0000] {ml_response_dag.py:35} INFO - {'value': '517', 'score': 0.75, 'ocr_score': 0.74, 'bounding_box': [0.65, 0.92, 0.1, 0.59]}
[2023-05-09T04:56:50.232+0000] {ml_response_dag.py:36} INFO - 10
[2023-05-09T04:56:50.233+0000] {ml_response_dag.py:37} INFO - Inserted to db
[2023-05-09T04:56:50.233+0000] {ml_response_dag.py:35} INFO - {}
[2023-05-09T04:56:50.233+0000] {ml_response_dag.py:36} INFO - 11
[2023-05-09T04:56:50.234+0000] {ml_response_dag.py:37} INFO - Inserted to db
[2023-05-09T04:56:50.234+0000] {ml_response_dag.py:35} INFO - {}
[2023-05-09T04:56:50.235+0000] {ml_response_dag.py:36} INFO - 11
[2023-05-09T04:56:50.235+0000] {ml_response_dag.py:37} INFO - Inserted to db
[2023-05-09T04:56:50.235+0000] {ml_response_dag.py:35} INFO - {'value': '288', 'score': 0.6, 'ocr_score': 0.29, 'bounding_box': [0.96, 0.39, 0.81, 0.96]}
[2023-05-09T04:56:50.235+0000] {ml_response_dag.py:36} INFO - 11
[2023-05-09T04:56:50.236+0000] {ml_response_dag.py:37} INFO - Inserted to db
[2023-05-09T04:56:50.236+0000] {ml_response_dag.py:35} INFO - {'value': '878', 'score': 0.44, 'ocr_score': 0.56, 'bounding_box': [0.46, 0.03, 0.06, 0.3]}
[2023-05-09T04:56:50.236+0000] {ml_response_dag.py:36} INFO - 11
[2023-05-09T04:56:50.236+0000] {ml_response_dag.py:37} INFO - Inserted to db
[2023-05-09T04:56:50.237+0000] {ml_response_dag.py:35} INFO - {}
[2023-05-09T04:56:50.237+0000] {ml_response_dag.py:36} INFO - 11
[2023-05-09T04:56:50.237+0000] {ml_response_dag.py:37} INFO - Inserted to db
[2023-05-09T04:56:50.238+0000] {ml_response_dag.py:35} INFO - {}
[2023-05-09T04:56:50.238+0000] {ml_response_dag.py:36} INFO - 11
[2023-05-09T04:56:50.238+0000] {ml_response_dag.py:37} INFO - Inserted to db
[2023-05-09T04:56:50.239+0000] {ml_response_dag.py:35} INFO - {}
[2023-05-09T04:56:50.239+0000] {ml_response_dag.py:36} INFO - 11
[2023-05-09T04:56:50.239+0000] {ml_response_dag.py:37} INFO - Inserted to db
[2023-05-09T04:56:50.240+0000] {ml_response_dag.py:35} INFO - {'value': '650', 'score': 0.79, 'ocr_score': 0.64, 'bounding_box': [0.13, 0.78, 0.29, 0.37]}
[2023-05-09T04:56:50.240+0000] {ml_response_dag.py:36} INFO - 11
[2023-05-09T04:56:50.241+0000] {ml_response_dag.py:37} INFO - Inserted to db
[2023-05-09T04:56:50.241+0000] {ml_response_dag.py:35} INFO - {}
[2023-05-09T04:56:50.242+0000] {ml_response_dag.py:36} INFO - 11
[2023-05-09T04:56:50.243+0000] {ml_response_dag.py:37} INFO - Inserted to db
[2023-05-09T04:56:50.243+0000] {ml_response_dag.py:35} INFO - {'value': '643', 'score': 0.23, 'ocr_score': 0.72, 'bounding_box': [0.01, 0.39, 0.58, 0.53]}
[2023-05-09T04:56:50.244+0000] {ml_response_dag.py:36} INFO - 12
[2023-05-09T04:56:50.244+0000] {ml_response_dag.py:37} INFO - Inserted to db
[2023-05-09T04:56:50.245+0000] {ml_response_dag.py:35} INFO - {}
[2023-05-09T04:56:50.245+0000] {ml_response_dag.py:36} INFO - 13
[2023-05-09T04:56:50.245+0000] {ml_response_dag.py:37} INFO - Inserted to db
[2023-05-09T04:56:50.246+0000] {ml_response_dag.py:35} INFO - {}
[2023-05-09T04:56:50.246+0000] {ml_response_dag.py:36} INFO - 14
[2023-05-09T04:56:50.246+0000] {ml_response_dag.py:37} INFO - Inserted to db
[2023-05-09T04:56:50.247+0000] {ml_response_dag.py:35} INFO - {'value': '141', 'score': 0.27, 'ocr_score': 0.93, 'bounding_box': [0.24, 0.73, 0.11, 0.89]}
[2023-05-09T04:56:50.247+0000] {ml_response_dag.py:36} INFO - 15
[2023-05-09T04:56:50.249+0000] {ml_response_dag.py:37} INFO - Inserted to db
[2023-05-09T04:56:50.249+0000] {ml_response_dag.py:35} INFO - {'value': '59', 'score': 0.45, 'ocr_score': 0.57, 'bounding_box': [0.45, 0.64, 0.68, 0.17]}
[2023-05-09T04:56:50.250+0000] {ml_response_dag.py:36} INFO - 15
[2023-05-09T04:56:50.250+0000] {ml_response_dag.py:37} INFO - Inserted to db
[2023-05-09T04:56:50.254+0000] {ml_response_dag.py:35} INFO - {'value': '333', 'score': 0.34, 'ocr_score': 0.85, 'bounding_box': [0.81, 0.57, 0.99, 0.77]}
[2023-05-09T04:56:50.255+0000] {ml_response_dag.py:36} INFO - 15
[2023-05-09T04:56:50.255+0000] {ml_response_dag.py:37} INFO - Inserted to db
[2023-05-09T04:56:50.257+0000] {ml_response_dag.py:35} INFO - {'value': '257', 'score': 0.11, 'ocr_score': 0.43, 'bounding_box': [0.37, 0.55, 0.53, 0.66]}
[2023-05-09T04:56:50.258+0000] {ml_response_dag.py:36} INFO - 15
[2023-05-09T04:56:50.259+0000] {ml_response_dag.py:37} INFO - Inserted to db
[2023-05-09T04:56:50.260+0000] {ml_response_dag.py:35} INFO - {'value': '190', 'score': 0.21, 'ocr_score': 0.83, 'bounding_box': [0.88, 0.83, 0.57, 0.11]}
[2023-05-09T04:56:50.260+0000] {ml_response_dag.py:36} INFO - 15
[2023-05-09T04:56:50.261+0000] {ml_response_dag.py:37} INFO - Inserted to db
[2023-05-09T04:56:50.262+0000] {ml_response_dag.py:35} INFO - {}
[2023-05-09T04:56:50.263+0000] {ml_response_dag.py:36} INFO - 15
[2023-05-09T04:56:50.263+0000] {ml_response_dag.py:37} INFO - Inserted to db
[2023-05-09T04:56:50.264+0000] {ml_response_dag.py:35} INFO - {}
[2023-05-09T04:56:50.265+0000] {ml_response_dag.py:36} INFO - 15
[2023-05-09T04:56:50.265+0000] {ml_response_dag.py:37} INFO - Inserted to db
[2023-05-09T04:56:50.267+0000] {ml_response_dag.py:35} INFO - {}
[2023-05-09T04:56:50.268+0000] {ml_response_dag.py:36} INFO - 15
[2023-05-09T04:56:50.269+0000] {ml_response_dag.py:37} INFO - Inserted to db
[2023-05-09T04:56:50.269+0000] {ml_response_dag.py:35} INFO - {'value': '475', 'score': 0.57, 'ocr_score': 0.49, 'bounding_box': [0.4, 0.3, 0.99, 0.32]}
[2023-05-09T04:56:50.270+0000] {ml_response_dag.py:36} INFO - 15
[2023-05-09T04:56:50.271+0000] {ml_response_dag.py:37} INFO - Inserted to db
[2023-05-09T04:56:50.271+0000] {ml_response_dag.py:35} INFO - {'value': '745', 'score': 0.84, 'ocr_score': 0.82, 'bounding_box': [0.84, 0.57, 0.94, 0.44]}
[2023-05-09T04:56:50.272+0000] {ml_response_dag.py:36} INFO - 16
[2023-05-09T04:56:50.273+0000] {ml_response_dag.py:37} INFO - Inserted to db
[2023-05-09T04:56:50.276+0000] {python.py:183} INFO - Done. Returned value was: None
[2023-05-09T04:56:50.302+0000] {taskinstance.py:1373} INFO - Marking task as SUCCESS. dag_id=veryfi_extract_total, task_id=extract_and_load, execution_date=20230508T013000, start_date=20230509T045649, end_date=20230509T045650
[2023-05-09T04:56:50.360+0000] {local_task_job_runner.py:232} INFO - Task exited with return code 0
[2023-05-09T04:56:50.394+0000] {taskinstance.py:2674} INFO - 0 downstream tasks scheduled from follow-on schedule check
