[2023-05-09T04:48:06.571+0000] {taskinstance.py:1125} INFO - Dependencies all met for dep_context=non-requeueable deps ti=<TaskInstance: veryfi_extract_total.extract_and_load scheduled__2023-05-08T05:02:00+00:00 [queued]>
[2023-05-09T04:48:06.610+0000] {taskinstance.py:1125} INFO - Dependencies all met for dep_context=requeueable deps ti=<TaskInstance: veryfi_extract_total.extract_and_load scheduled__2023-05-08T05:02:00+00:00 [queued]>
[2023-05-09T04:48:06.613+0000] {taskinstance.py:1331} INFO - Starting attempt 1 of 2
[2023-05-09T04:48:06.660+0000] {taskinstance.py:1350} INFO - Executing <Task(PythonOperator): extract_and_load> on 2023-05-08 05:02:00+00:00
[2023-05-09T04:48:06.666+0000] {standard_task_runner.py:57} INFO - Started process 1088 to run task
[2023-05-09T04:48:06.678+0000] {standard_task_runner.py:84} INFO - Running: ['***', 'tasks', 'run', 'veryfi_extract_total', 'extract_and_load', 'scheduled__2023-05-08T05:02:00+00:00', '--job-id', '247', '--raw', '--subdir', 'DAGS_FOLDER/ml_response_dag.py', '--cfg-path', '/tmp/tmprtlxsden']
[2023-05-09T04:48:06.682+0000] {standard_task_runner.py:85} INFO - Job 247: Subtask extract_and_load
[2023-05-09T04:48:06.968+0000] {task_command.py:410} INFO - Running <TaskInstance: veryfi_extract_total.extract_and_load scheduled__2023-05-08T05:02:00+00:00 [running]> on host aa4b7d3de44b
[2023-05-09T04:48:07.296+0000] {taskinstance.py:1570} INFO - Exporting env vars: AIRFLOW_CTX_DAG_OWNER='***' AIRFLOW_CTX_DAG_ID='veryfi_extract_total' AIRFLOW_CTX_TASK_ID='extract_and_load' AIRFLOW_CTX_EXECUTION_DATE='2023-05-08T05:02:00+00:00' AIRFLOW_CTX_TRY_NUMBER='1' AIRFLOW_CTX_DAG_RUN_ID='scheduled__2023-05-08T05:02:00+00:00'
[2023-05-09T04:48:07.313+0000] {ml_response_dag.py:36} INFO - {}
[2023-05-09T04:48:07.314+0000] {ml_response_dag.py:37} INFO - 1
[2023-05-09T04:48:07.315+0000] {ml_response_dag.py:36} INFO - {'value': '544', 'score': 0.22, 'ocr_score': 0.81, 'bounding_box': [0.22, 0.37, 0.38, 0.52]}
[2023-05-09T04:48:07.316+0000] {ml_response_dag.py:37} INFO - 1
[2023-05-09T04:48:07.317+0000] {ml_response_dag.py:36} INFO - {}
[2023-05-09T04:48:07.317+0000] {ml_response_dag.py:37} INFO - 1
[2023-05-09T04:48:07.318+0000] {ml_response_dag.py:36} INFO - {}
[2023-05-09T04:48:07.319+0000] {ml_response_dag.py:37} INFO - 1
[2023-05-09T04:48:07.320+0000] {ml_response_dag.py:36} INFO - {}
[2023-05-09T04:48:07.322+0000] {ml_response_dag.py:37} INFO - 1
[2023-05-09T04:48:07.322+0000] {ml_response_dag.py:36} INFO - {}
[2023-05-09T04:48:07.324+0000] {ml_response_dag.py:37} INFO - 1
[2023-05-09T04:48:07.325+0000] {ml_response_dag.py:36} INFO - {'value': '660', 'score': 0.48, 'ocr_score': 0.32, 'bounding_box': [0.07, 0.82, 0.06, 0.37]}
[2023-05-09T04:48:07.334+0000] {ml_response_dag.py:37} INFO - 1
[2023-05-09T04:48:07.335+0000] {ml_response_dag.py:36} INFO - {}
[2023-05-09T04:48:07.336+0000] {ml_response_dag.py:37} INFO - 1
[2023-05-09T04:48:07.336+0000] {ml_response_dag.py:36} INFO - {'value': '801', 'score': 0.92, 'ocr_score': 0.28, 'bounding_box': [0.56, 0.9, 0.37, 0.79]}
[2023-05-09T04:48:07.337+0000] {ml_response_dag.py:37} INFO - 1
[2023-05-09T04:48:07.337+0000] {ml_response_dag.py:36} INFO - {}
[2023-05-09T04:48:07.337+0000] {ml_response_dag.py:37} INFO - 2
[2023-05-09T04:48:07.339+0000] {ml_response_dag.py:36} INFO - {}
[2023-05-09T04:48:07.339+0000] {ml_response_dag.py:37} INFO - 2
[2023-05-09T04:48:07.340+0000] {ml_response_dag.py:36} INFO - {'value': '880', 'score': 0.06, 'ocr_score': 0.1, 'bounding_box': [0.76, 0.47, 0.16, 0.27]}
[2023-05-09T04:48:07.342+0000] {ml_response_dag.py:37} INFO - 2
[2023-05-09T04:48:07.344+0000] {ml_response_dag.py:36} INFO - {'value': '380', 'score': 0.11, 'ocr_score': 0.36, 'bounding_box': [0.99, 0.15, 0.39, 0.03]}
[2023-05-09T04:48:07.345+0000] {ml_response_dag.py:37} INFO - 2
[2023-05-09T04:48:07.345+0000] {ml_response_dag.py:36} INFO - {}
[2023-05-09T04:48:07.346+0000] {ml_response_dag.py:37} INFO - 2
[2023-05-09T04:48:07.347+0000] {ml_response_dag.py:36} INFO - {'value': '770', 'score': 0.37, 'ocr_score': 0.84, 'bounding_box': [0.79, 0.15, 0.82, 0.6]}
[2023-05-09T04:48:07.347+0000] {ml_response_dag.py:37} INFO - 2
[2023-05-09T04:48:07.348+0000] {ml_response_dag.py:36} INFO - {}
[2023-05-09T04:48:07.348+0000] {ml_response_dag.py:37} INFO - 2
[2023-05-09T04:48:07.348+0000] {ml_response_dag.py:36} INFO - {}
[2023-05-09T04:48:07.349+0000] {ml_response_dag.py:37} INFO - 2
[2023-05-09T04:48:07.349+0000] {ml_response_dag.py:36} INFO - {}
[2023-05-09T04:48:07.350+0000] {ml_response_dag.py:37} INFO - 2
[2023-05-09T04:48:07.350+0000] {ml_response_dag.py:36} INFO - {}
[2023-05-09T04:48:07.350+0000] {ml_response_dag.py:37} INFO - 3
[2023-05-09T04:48:07.351+0000] {ml_response_dag.py:36} INFO - {}
[2023-05-09T04:48:07.351+0000] {ml_response_dag.py:37} INFO - 4
[2023-05-09T04:48:07.353+0000] {ml_response_dag.py:36} INFO - {}
[2023-05-09T04:48:07.357+0000] {ml_response_dag.py:37} INFO - 5
[2023-05-09T04:48:07.358+0000] {ml_response_dag.py:36} INFO - {}
[2023-05-09T04:48:07.358+0000] {ml_response_dag.py:37} INFO - 5
[2023-05-09T04:48:07.359+0000] {ml_response_dag.py:36} INFO - {'value': '418', 'score': 0.49, 'ocr_score': 0.15, 'bounding_box': [0.88, 0.92, 0.46, 0.3]}
[2023-05-09T04:48:07.360+0000] {ml_response_dag.py:37} INFO - 5
[2023-05-09T04:48:07.361+0000] {ml_response_dag.py:36} INFO - {}
[2023-05-09T04:48:07.361+0000] {ml_response_dag.py:37} INFO - 5
[2023-05-09T04:48:07.362+0000] {ml_response_dag.py:36} INFO - {}
[2023-05-09T04:48:07.362+0000] {ml_response_dag.py:37} INFO - 5
[2023-05-09T04:48:07.363+0000] {ml_response_dag.py:36} INFO - {'value': '78', 'score': 0.03, 'ocr_score': 0.66, 'bounding_box': [0.31, 0.81, 0.43, 0.03]}
[2023-05-09T04:48:07.364+0000] {ml_response_dag.py:37} INFO - 5
[2023-05-09T04:48:07.364+0000] {ml_response_dag.py:36} INFO - {}
[2023-05-09T04:48:07.364+0000] {ml_response_dag.py:37} INFO - 5
[2023-05-09T04:48:07.365+0000] {ml_response_dag.py:36} INFO - {'value': '889', 'score': 0.72, 'ocr_score': 0.56, 'bounding_box': [0.38, 0.17, 0.28, 1.0]}
[2023-05-09T04:48:07.365+0000] {ml_response_dag.py:37} INFO - 5
[2023-05-09T04:48:07.366+0000] {ml_response_dag.py:36} INFO - {'value': '292', 'score': 0.23, 'ocr_score': 0.39, 'bounding_box': [0.45, 0.93, 0.07, 0.2]}
[2023-05-09T04:48:07.367+0000] {ml_response_dag.py:37} INFO - 5
[2023-05-09T04:48:07.367+0000] {ml_response_dag.py:36} INFO - {}
[2023-05-09T04:48:07.368+0000] {ml_response_dag.py:37} INFO - 6
[2023-05-09T04:48:07.368+0000] {ml_response_dag.py:36} INFO - {'value': '542', 'score': 0.01, 'ocr_score': 0.03, 'bounding_box': [0.27, 0.53, 0.77, 0.97]}
[2023-05-09T04:48:07.369+0000] {ml_response_dag.py:37} INFO - 7
[2023-05-09T04:48:07.369+0000] {ml_response_dag.py:36} INFO - {'value': '342', 'score': 0.56, 'ocr_score': 0.14, 'bounding_box': [0.77, 0.91, 0.18, 0.2]}
[2023-05-09T04:48:07.371+0000] {ml_response_dag.py:37} INFO - 7
[2023-05-09T04:48:07.372+0000] {ml_response_dag.py:36} INFO - {'value': '967', 'score': 0.78, 'ocr_score': 0.39, 'bounding_box': [0.86, 0.38, 0.41, 0.36]}
[2023-05-09T04:48:07.373+0000] {ml_response_dag.py:37} INFO - 7
[2023-05-09T04:48:07.374+0000] {ml_response_dag.py:36} INFO - {'value': '100', 'score': 0.68, 'ocr_score': 0.75, 'bounding_box': [0.32, 0.6, 0.97, 0.05]}
[2023-05-09T04:48:07.375+0000] {ml_response_dag.py:37} INFO - 7
[2023-05-09T04:48:07.376+0000] {ml_response_dag.py:36} INFO - {}
[2023-05-09T04:48:07.377+0000] {ml_response_dag.py:37} INFO - 7
[2023-05-09T04:48:07.379+0000] {ml_response_dag.py:36} INFO - {}
[2023-05-09T04:48:07.379+0000] {ml_response_dag.py:37} INFO - 7
[2023-05-09T04:48:07.380+0000] {ml_response_dag.py:36} INFO - {'value': '858', 'score': 0.94, 'ocr_score': 0.64, 'bounding_box': [0.22, 0.37, 0.17, 0.07]}
[2023-05-09T04:48:07.381+0000] {ml_response_dag.py:37} INFO - 7
[2023-05-09T04:48:07.382+0000] {ml_response_dag.py:36} INFO - {}
[2023-05-09T04:48:07.383+0000] {ml_response_dag.py:37} INFO - 7
[2023-05-09T04:48:07.384+0000] {ml_response_dag.py:36} INFO - {'value': '633', 'score': 0.77, 'ocr_score': 0.17, 'bounding_box': [0.44, 0.56, 0.26, 0.15]}
[2023-05-09T04:48:07.385+0000] {ml_response_dag.py:37} INFO - 7
[2023-05-09T04:48:07.386+0000] {ml_response_dag.py:36} INFO - {'value': '609', 'score': 0.47, 'ocr_score': 0.56, 'bounding_box': [0.3, 0.87, 0.78, 0.92]}
[2023-05-09T04:48:07.387+0000] {ml_response_dag.py:37} INFO - 8
[2023-05-09T04:48:07.388+0000] {ml_response_dag.py:36} INFO - {'value': '331', 'score': 0.49, 'ocr_score': 0.99, 'bounding_box': [0.55, 0.36, 0.08, 0.43]}
[2023-05-09T04:48:07.389+0000] {ml_response_dag.py:37} INFO - 8
[2023-05-09T04:48:07.390+0000] {ml_response_dag.py:36} INFO - {'value': '142', 'score': 0.0, 'ocr_score': 0.58, 'bounding_box': [0.17, 0.36, 0.83, 0.62]}
[2023-05-09T04:48:07.391+0000] {ml_response_dag.py:37} INFO - 8
[2023-05-09T04:48:07.391+0000] {ml_response_dag.py:36} INFO - {}
[2023-05-09T04:48:07.393+0000] {ml_response_dag.py:37} INFO - 8
[2023-05-09T04:48:07.393+0000] {ml_response_dag.py:36} INFO - {}
[2023-05-09T04:48:07.394+0000] {ml_response_dag.py:37} INFO - 8
[2023-05-09T04:48:07.394+0000] {ml_response_dag.py:36} INFO - {}
[2023-05-09T04:48:07.395+0000] {ml_response_dag.py:37} INFO - 8
[2023-05-09T04:48:07.398+0000] {ml_response_dag.py:36} INFO - {'value': '826', 'score': 0.74, 'ocr_score': 0.69, 'bounding_box': [0.98, 0.11, 0.14, 0.96]}
[2023-05-09T04:48:07.399+0000] {ml_response_dag.py:37} INFO - 8
[2023-05-09T04:48:07.399+0000] {ml_response_dag.py:36} INFO - {}
[2023-05-09T04:48:07.400+0000] {ml_response_dag.py:37} INFO - 8
[2023-05-09T04:48:07.400+0000] {ml_response_dag.py:36} INFO - {'value': '299', 'score': 0.85, 'ocr_score': 0.04, 'bounding_box': [0.14, 0.46, 0.06, 0.65]}
[2023-05-09T04:48:07.400+0000] {ml_response_dag.py:37} INFO - 8
[2023-05-09T04:48:07.401+0000] {ml_response_dag.py:36} INFO - {'value': '362', 'score': 0.62, 'ocr_score': 0.51, 'bounding_box': [0.42, 0.48, 0.21, 0.45]}
[2023-05-09T04:48:07.403+0000] {ml_response_dag.py:37} INFO - 9
[2023-05-09T04:48:07.405+0000] {ml_response_dag.py:36} INFO - {'value': '288', 'score': 0.77, 'ocr_score': 0.23, 'bounding_box': [0.16, 0.03, 0.68, 0.81]}
[2023-05-09T04:48:07.405+0000] {ml_response_dag.py:37} INFO - 9
[2023-05-09T04:48:07.406+0000] {ml_response_dag.py:36} INFO - {'value': '803', 'score': 0.03, 'ocr_score': 0.42, 'bounding_box': [0.05, 0.5, 0.56, 0.95]}
[2023-05-09T04:48:07.406+0000] {ml_response_dag.py:37} INFO - 9
[2023-05-09T04:48:07.407+0000] {ml_response_dag.py:36} INFO - {'value': '750', 'score': 0.85, 'ocr_score': 0.27, 'bounding_box': [0.71, 0.07, 0.54, 0.9]}
[2023-05-09T04:48:07.407+0000] {ml_response_dag.py:37} INFO - 9
[2023-05-09T04:48:07.408+0000] {ml_response_dag.py:36} INFO - {'value': '148', 'score': 0.41, 'ocr_score': 0.97, 'bounding_box': [0.44, 0.51, 0.69, 0.67]}
[2023-05-09T04:48:07.408+0000] {ml_response_dag.py:37} INFO - 9
[2023-05-09T04:48:07.409+0000] {ml_response_dag.py:36} INFO - {'value': '161', 'score': 0.49, 'ocr_score': 0.58, 'bounding_box': [0.51, 0.51, 0.55, 0.06]}
[2023-05-09T04:48:07.409+0000] {ml_response_dag.py:37} INFO - 9
[2023-05-09T04:48:07.409+0000] {ml_response_dag.py:36} INFO - {}
[2023-05-09T04:48:07.410+0000] {ml_response_dag.py:37} INFO - 9
[2023-05-09T04:48:07.410+0000] {ml_response_dag.py:36} INFO - {}
[2023-05-09T04:48:07.411+0000] {ml_response_dag.py:37} INFO - 9
[2023-05-09T04:48:07.412+0000] {ml_response_dag.py:36} INFO - {}
[2023-05-09T04:48:07.412+0000] {ml_response_dag.py:37} INFO - 9
[2023-05-09T04:48:07.413+0000] {ml_response_dag.py:36} INFO - {'value': '842', 'score': 0.47, 'ocr_score': 0.75, 'bounding_box': [0.16, 0.91, 0.32, 0.53]}
[2023-05-09T04:48:07.414+0000] {ml_response_dag.py:37} INFO - 10
[2023-05-09T04:48:07.414+0000] {ml_response_dag.py:36} INFO - {}
[2023-05-09T04:48:07.415+0000] {ml_response_dag.py:37} INFO - 10
[2023-05-09T04:48:07.416+0000] {ml_response_dag.py:36} INFO - {}
[2023-05-09T04:48:07.417+0000] {ml_response_dag.py:37} INFO - 10
[2023-05-09T04:48:07.417+0000] {ml_response_dag.py:36} INFO - {'value': '458', 'score': 0.81, 'ocr_score': 0.31, 'bounding_box': [0.69, 0.54, 0.48, 0.39]}
[2023-05-09T04:48:07.418+0000] {ml_response_dag.py:37} INFO - 10
[2023-05-09T04:48:07.418+0000] {ml_response_dag.py:36} INFO - {'value': '776', 'score': 0.77, 'ocr_score': 0.34, 'bounding_box': [0.76, 0.85, 0.56, 0.82]}
[2023-05-09T04:48:07.419+0000] {ml_response_dag.py:37} INFO - 10
[2023-05-09T04:48:07.419+0000] {ml_response_dag.py:36} INFO - {}
[2023-05-09T04:48:07.419+0000] {ml_response_dag.py:37} INFO - 10
[2023-05-09T04:48:07.420+0000] {ml_response_dag.py:36} INFO - {'value': '51', 'score': 0.76, 'ocr_score': 0.29, 'bounding_box': [0.79, 0.88, 0.43, 0.21]}
[2023-05-09T04:48:07.420+0000] {ml_response_dag.py:37} INFO - 10
[2023-05-09T04:48:07.421+0000] {ml_response_dag.py:36} INFO - {'value': '843', 'score': 0.05, 'ocr_score': 0.96, 'bounding_box': [0.84, 0.04, 0.6, 0.52]}
[2023-05-09T04:48:07.421+0000] {ml_response_dag.py:37} INFO - 10
[2023-05-09T04:48:07.421+0000] {ml_response_dag.py:36} INFO - {'value': '517', 'score': 0.75, 'ocr_score': 0.74, 'bounding_box': [0.65, 0.92, 0.1, 0.59]}
[2023-05-09T04:48:07.422+0000] {ml_response_dag.py:37} INFO - 10
[2023-05-09T04:48:07.422+0000] {ml_response_dag.py:36} INFO - {}
[2023-05-09T04:48:07.422+0000] {ml_response_dag.py:37} INFO - 11
[2023-05-09T04:48:07.423+0000] {ml_response_dag.py:36} INFO - {}
[2023-05-09T04:48:07.423+0000] {ml_response_dag.py:37} INFO - 11
[2023-05-09T04:48:07.423+0000] {ml_response_dag.py:36} INFO - {'value': '288', 'score': 0.6, 'ocr_score': 0.29, 'bounding_box': [0.96, 0.39, 0.81, 0.96]}
[2023-05-09T04:48:07.424+0000] {ml_response_dag.py:37} INFO - 11
[2023-05-09T04:48:07.424+0000] {ml_response_dag.py:36} INFO - {'value': '878', 'score': 0.44, 'ocr_score': 0.56, 'bounding_box': [0.46, 0.03, 0.06, 0.3]}
[2023-05-09T04:48:07.424+0000] {ml_response_dag.py:37} INFO - 11
[2023-05-09T04:48:07.424+0000] {ml_response_dag.py:36} INFO - {}
[2023-05-09T04:48:07.425+0000] {ml_response_dag.py:37} INFO - 11
[2023-05-09T04:48:07.425+0000] {ml_response_dag.py:36} INFO - {}
[2023-05-09T04:48:07.426+0000] {ml_response_dag.py:37} INFO - 11
[2023-05-09T04:48:07.426+0000] {ml_response_dag.py:36} INFO - {}
[2023-05-09T04:48:07.430+0000] {ml_response_dag.py:37} INFO - 11
[2023-05-09T04:48:07.430+0000] {ml_response_dag.py:36} INFO - {'value': '650', 'score': 0.79, 'ocr_score': 0.64, 'bounding_box': [0.13, 0.78, 0.29, 0.37]}
[2023-05-09T04:48:07.431+0000] {ml_response_dag.py:37} INFO - 11
[2023-05-09T04:48:07.431+0000] {ml_response_dag.py:36} INFO - {}
[2023-05-09T04:48:07.432+0000] {ml_response_dag.py:37} INFO - 11
[2023-05-09T04:48:07.432+0000] {ml_response_dag.py:36} INFO - {'value': '643', 'score': 0.23, 'ocr_score': 0.72, 'bounding_box': [0.01, 0.39, 0.58, 0.53]}
[2023-05-09T04:48:07.433+0000] {ml_response_dag.py:37} INFO - 12
[2023-05-09T04:48:07.434+0000] {ml_response_dag.py:36} INFO - {}
[2023-05-09T04:48:07.436+0000] {ml_response_dag.py:37} INFO - 13
[2023-05-09T04:48:07.438+0000] {ml_response_dag.py:36} INFO - {}
[2023-05-09T04:48:07.441+0000] {ml_response_dag.py:37} INFO - 14
[2023-05-09T04:48:07.442+0000] {ml_response_dag.py:36} INFO - {'value': '141', 'score': 0.27, 'ocr_score': 0.93, 'bounding_box': [0.24, 0.73, 0.11, 0.89]}
[2023-05-09T04:48:07.444+0000] {ml_response_dag.py:37} INFO - 15
[2023-05-09T04:48:07.444+0000] {ml_response_dag.py:36} INFO - {'value': '59', 'score': 0.45, 'ocr_score': 0.57, 'bounding_box': [0.45, 0.64, 0.68, 0.17]}
[2023-05-09T04:48:07.445+0000] {ml_response_dag.py:37} INFO - 15
[2023-05-09T04:48:07.446+0000] {ml_response_dag.py:36} INFO - {'value': '333', 'score': 0.34, 'ocr_score': 0.85, 'bounding_box': [0.81, 0.57, 0.99, 0.77]}
[2023-05-09T04:48:07.447+0000] {ml_response_dag.py:37} INFO - 15
[2023-05-09T04:48:07.447+0000] {ml_response_dag.py:36} INFO - {'value': '257', 'score': 0.11, 'ocr_score': 0.43, 'bounding_box': [0.37, 0.55, 0.53, 0.66]}
[2023-05-09T04:48:07.448+0000] {ml_response_dag.py:37} INFO - 15
[2023-05-09T04:48:07.449+0000] {ml_response_dag.py:36} INFO - {'value': '190', 'score': 0.21, 'ocr_score': 0.83, 'bounding_box': [0.88, 0.83, 0.57, 0.11]}
[2023-05-09T04:48:07.450+0000] {ml_response_dag.py:37} INFO - 15
[2023-05-09T04:48:07.451+0000] {ml_response_dag.py:36} INFO - {}
[2023-05-09T04:48:07.451+0000] {ml_response_dag.py:37} INFO - 15
[2023-05-09T04:48:07.452+0000] {ml_response_dag.py:36} INFO - {}
[2023-05-09T04:48:07.453+0000] {ml_response_dag.py:37} INFO - 15
[2023-05-09T04:48:07.456+0000] {ml_response_dag.py:36} INFO - {}
[2023-05-09T04:48:07.456+0000] {ml_response_dag.py:37} INFO - 15
[2023-05-09T04:48:07.457+0000] {ml_response_dag.py:36} INFO - {'value': '475', 'score': 0.57, 'ocr_score': 0.49, 'bounding_box': [0.4, 0.3, 0.99, 0.32]}
[2023-05-09T04:48:07.457+0000] {ml_response_dag.py:37} INFO - 15
[2023-05-09T04:48:07.458+0000] {ml_response_dag.py:36} INFO - {'value': '745', 'score': 0.84, 'ocr_score': 0.82, 'bounding_box': [0.84, 0.57, 0.94, 0.44]}
[2023-05-09T04:48:07.459+0000] {ml_response_dag.py:37} INFO - 16
[2023-05-09T04:48:07.460+0000] {python.py:183} INFO - Done. Returned value was: None
[2023-05-09T04:48:07.502+0000] {taskinstance.py:1373} INFO - Marking task as SUCCESS. dag_id=veryfi_extract_total, task_id=extract_and_load, execution_date=20230508T050200, start_date=20230509T044806, end_date=20230509T044807
[2023-05-09T04:48:07.576+0000] {local_task_job_runner.py:232} INFO - Task exited with return code 0
[2023-05-09T04:48:07.646+0000] {taskinstance.py:2674} INFO - 0 downstream tasks scheduled from follow-on schedule check
