[2023-05-09T04:57:29.052+0000] {taskinstance.py:1125} INFO - Dependencies all met for dep_context=non-requeueable deps ti=<TaskInstance: veryfi_extract_total.extract_and_load scheduled__2023-05-08T09:30:00+00:00 [queued]>
[2023-05-09T04:57:29.115+0000] {taskinstance.py:1125} INFO - Dependencies all met for dep_context=requeueable deps ti=<TaskInstance: veryfi_extract_total.extract_and_load scheduled__2023-05-08T09:30:00+00:00 [queued]>
[2023-05-09T04:57:29.133+0000] {taskinstance.py:1331} INFO - Starting attempt 1 of 2
[2023-05-09T04:57:29.591+0000] {taskinstance.py:1350} INFO - Executing <Task(PythonOperator): extract_and_load> on 2023-05-08 09:30:00+00:00
[2023-05-09T04:57:29.680+0000] {standard_task_runner.py:57} INFO - Started process 1655 to run task
[2023-05-09T04:57:29.754+0000] {standard_task_runner.py:84} INFO - Running: ['***', 'tasks', 'run', 'veryfi_extract_total', 'extract_and_load', 'scheduled__2023-05-08T09:30:00+00:00', '--job-id', '449', '--raw', '--subdir', 'DAGS_FOLDER/ml_response_dag.py', '--cfg-path', '/tmp/tmpyf_0ius4']
[2023-05-09T04:57:29.757+0000] {standard_task_runner.py:85} INFO - Job 449: Subtask extract_and_load
[2023-05-09T04:57:30.181+0000] {task_command.py:410} INFO - Running <TaskInstance: veryfi_extract_total.extract_and_load scheduled__2023-05-08T09:30:00+00:00 [running]> on host aa4b7d3de44b
[2023-05-09T04:57:30.682+0000] {taskinstance.py:1570} INFO - Exporting env vars: AIRFLOW_CTX_DAG_OWNER='***' AIRFLOW_CTX_DAG_ID='veryfi_extract_total' AIRFLOW_CTX_TASK_ID='extract_and_load' AIRFLOW_CTX_EXECUTION_DATE='2023-05-08T09:30:00+00:00' AIRFLOW_CTX_TRY_NUMBER='1' AIRFLOW_CTX_DAG_RUN_ID='scheduled__2023-05-08T09:30:00+00:00'
[2023-05-09T04:57:30.739+0000] {ml_response_dag.py:35} INFO - {}
[2023-05-09T04:57:30.741+0000] {ml_response_dag.py:36} INFO - 1
[2023-05-09T04:57:30.742+0000] {ml_response_dag.py:37} INFO - Inserted to db
[2023-05-09T04:57:30.749+0000] {ml_response_dag.py:35} INFO - {'value': '544', 'score': 0.22, 'ocr_score': 0.81, 'bounding_box': [0.22, 0.37, 0.38, 0.52]}
[2023-05-09T04:57:30.750+0000] {ml_response_dag.py:36} INFO - 1
[2023-05-09T04:57:30.751+0000] {ml_response_dag.py:37} INFO - Inserted to db
[2023-05-09T04:57:30.752+0000] {ml_response_dag.py:35} INFO - {}
[2023-05-09T04:57:30.758+0000] {ml_response_dag.py:36} INFO - 1
[2023-05-09T04:57:30.762+0000] {ml_response_dag.py:37} INFO - Inserted to db
[2023-05-09T04:57:30.764+0000] {ml_response_dag.py:35} INFO - {}
[2023-05-09T04:57:30.778+0000] {ml_response_dag.py:36} INFO - 1
[2023-05-09T04:57:30.781+0000] {ml_response_dag.py:37} INFO - Inserted to db
[2023-05-09T04:57:30.788+0000] {ml_response_dag.py:35} INFO - {}
[2023-05-09T04:57:30.788+0000] {ml_response_dag.py:36} INFO - 1
[2023-05-09T04:57:30.789+0000] {ml_response_dag.py:37} INFO - Inserted to db
[2023-05-09T04:57:30.789+0000] {ml_response_dag.py:35} INFO - {}
[2023-05-09T04:57:30.790+0000] {ml_response_dag.py:36} INFO - 1
[2023-05-09T04:57:30.790+0000] {ml_response_dag.py:37} INFO - Inserted to db
[2023-05-09T04:57:30.790+0000] {ml_response_dag.py:35} INFO - {'value': '660', 'score': 0.48, 'ocr_score': 0.32, 'bounding_box': [0.07, 0.82, 0.06, 0.37]}
[2023-05-09T04:57:30.791+0000] {ml_response_dag.py:36} INFO - 1
[2023-05-09T04:57:30.791+0000] {ml_response_dag.py:37} INFO - Inserted to db
[2023-05-09T04:57:30.797+0000] {ml_response_dag.py:35} INFO - {}
[2023-05-09T04:57:30.801+0000] {ml_response_dag.py:36} INFO - 1
[2023-05-09T04:57:30.802+0000] {ml_response_dag.py:37} INFO - Inserted to db
[2023-05-09T04:57:30.804+0000] {ml_response_dag.py:35} INFO - {'value': '801', 'score': 0.92, 'ocr_score': 0.28, 'bounding_box': [0.56, 0.9, 0.37, 0.79]}
[2023-05-09T04:57:30.810+0000] {ml_response_dag.py:36} INFO - 1
[2023-05-09T04:57:30.815+0000] {ml_response_dag.py:37} INFO - Inserted to db
[2023-05-09T04:57:30.819+0000] {ml_response_dag.py:35} INFO - {}
[2023-05-09T04:57:30.820+0000] {ml_response_dag.py:36} INFO - 2
[2023-05-09T04:57:30.821+0000] {ml_response_dag.py:37} INFO - Inserted to db
[2023-05-09T04:57:30.822+0000] {ml_response_dag.py:35} INFO - {}
[2023-05-09T04:57:30.826+0000] {ml_response_dag.py:36} INFO - 2
[2023-05-09T04:57:30.828+0000] {ml_response_dag.py:37} INFO - Inserted to db
[2023-05-09T04:57:30.847+0000] {ml_response_dag.py:35} INFO - {'value': '880', 'score': 0.06, 'ocr_score': 0.1, 'bounding_box': [0.76, 0.47, 0.16, 0.27]}
[2023-05-09T04:57:30.847+0000] {ml_response_dag.py:36} INFO - 2
[2023-05-09T04:57:30.848+0000] {ml_response_dag.py:37} INFO - Inserted to db
[2023-05-09T04:57:30.848+0000] {ml_response_dag.py:35} INFO - {'value': '380', 'score': 0.11, 'ocr_score': 0.36, 'bounding_box': [0.99, 0.15, 0.39, 0.03]}
[2023-05-09T04:57:30.849+0000] {ml_response_dag.py:36} INFO - 2
[2023-05-09T04:57:30.849+0000] {ml_response_dag.py:37} INFO - Inserted to db
[2023-05-09T04:57:30.851+0000] {ml_response_dag.py:35} INFO - {}
[2023-05-09T04:57:30.852+0000] {ml_response_dag.py:36} INFO - 2
[2023-05-09T04:57:30.852+0000] {ml_response_dag.py:37} INFO - Inserted to db
[2023-05-09T04:57:30.854+0000] {ml_response_dag.py:35} INFO - {'value': '770', 'score': 0.37, 'ocr_score': 0.84, 'bounding_box': [0.79, 0.15, 0.82, 0.6]}
[2023-05-09T04:57:30.854+0000] {ml_response_dag.py:36} INFO - 2
[2023-05-09T04:57:30.855+0000] {ml_response_dag.py:37} INFO - Inserted to db
[2023-05-09T04:57:30.860+0000] {ml_response_dag.py:35} INFO - {}
[2023-05-09T04:57:30.862+0000] {ml_response_dag.py:36} INFO - 2
[2023-05-09T04:57:30.863+0000] {ml_response_dag.py:37} INFO - Inserted to db
[2023-05-09T04:57:30.865+0000] {ml_response_dag.py:35} INFO - {}
[2023-05-09T04:57:30.869+0000] {ml_response_dag.py:36} INFO - 2
[2023-05-09T04:57:30.870+0000] {ml_response_dag.py:37} INFO - Inserted to db
[2023-05-09T04:57:30.879+0000] {ml_response_dag.py:35} INFO - {}
[2023-05-09T04:57:30.880+0000] {ml_response_dag.py:36} INFO - 2
[2023-05-09T04:57:30.883+0000] {ml_response_dag.py:37} INFO - Inserted to db
[2023-05-09T04:57:30.886+0000] {ml_response_dag.py:35} INFO - {}
[2023-05-09T04:57:30.887+0000] {ml_response_dag.py:36} INFO - 3
[2023-05-09T04:57:30.888+0000] {ml_response_dag.py:37} INFO - Inserted to db
[2023-05-09T04:57:30.891+0000] {ml_response_dag.py:35} INFO - {}
[2023-05-09T04:57:30.892+0000] {ml_response_dag.py:36} INFO - 4
[2023-05-09T04:57:30.893+0000] {ml_response_dag.py:37} INFO - Inserted to db
[2023-05-09T04:57:30.894+0000] {ml_response_dag.py:35} INFO - {}
[2023-05-09T04:57:30.894+0000] {ml_response_dag.py:36} INFO - 5
[2023-05-09T04:57:30.894+0000] {ml_response_dag.py:37} INFO - Inserted to db
[2023-05-09T04:57:30.896+0000] {ml_response_dag.py:35} INFO - {}
[2023-05-09T04:57:30.897+0000] {ml_response_dag.py:36} INFO - 5
[2023-05-09T04:57:30.898+0000] {ml_response_dag.py:37} INFO - Inserted to db
[2023-05-09T04:57:30.900+0000] {ml_response_dag.py:35} INFO - {'value': '418', 'score': 0.49, 'ocr_score': 0.15, 'bounding_box': [0.88, 0.92, 0.46, 0.3]}
[2023-05-09T04:57:30.900+0000] {ml_response_dag.py:36} INFO - 5
[2023-05-09T04:57:30.902+0000] {ml_response_dag.py:37} INFO - Inserted to db
[2023-05-09T04:57:30.903+0000] {ml_response_dag.py:35} INFO - {}
[2023-05-09T04:57:30.904+0000] {ml_response_dag.py:36} INFO - 5
[2023-05-09T04:57:30.904+0000] {ml_response_dag.py:37} INFO - Inserted to db
[2023-05-09T04:57:30.905+0000] {ml_response_dag.py:35} INFO - {}
[2023-05-09T04:57:30.909+0000] {ml_response_dag.py:36} INFO - 5
[2023-05-09T04:57:30.910+0000] {ml_response_dag.py:37} INFO - Inserted to db
[2023-05-09T04:57:30.915+0000] {ml_response_dag.py:35} INFO - {'value': '78', 'score': 0.03, 'ocr_score': 0.66, 'bounding_box': [0.31, 0.81, 0.43, 0.03]}
[2023-05-09T04:57:30.926+0000] {ml_response_dag.py:36} INFO - 5
[2023-05-09T04:57:30.928+0000] {ml_response_dag.py:37} INFO - Inserted to db
[2023-05-09T04:57:30.929+0000] {ml_response_dag.py:35} INFO - {}
[2023-05-09T04:57:30.933+0000] {ml_response_dag.py:36} INFO - 5
[2023-05-09T04:57:30.934+0000] {ml_response_dag.py:37} INFO - Inserted to db
[2023-05-09T04:57:30.935+0000] {ml_response_dag.py:35} INFO - {'value': '889', 'score': 0.72, 'ocr_score': 0.56, 'bounding_box': [0.38, 0.17, 0.28, 1.0]}
[2023-05-09T04:57:30.935+0000] {ml_response_dag.py:36} INFO - 5
[2023-05-09T04:57:30.936+0000] {ml_response_dag.py:37} INFO - Inserted to db
[2023-05-09T04:57:30.939+0000] {ml_response_dag.py:35} INFO - {'value': '292', 'score': 0.23, 'ocr_score': 0.39, 'bounding_box': [0.45, 0.93, 0.07, 0.2]}
[2023-05-09T04:57:30.940+0000] {ml_response_dag.py:36} INFO - 5
[2023-05-09T04:57:30.940+0000] {ml_response_dag.py:37} INFO - Inserted to db
[2023-05-09T04:57:30.940+0000] {ml_response_dag.py:35} INFO - {}
[2023-05-09T04:57:30.941+0000] {ml_response_dag.py:36} INFO - 6
[2023-05-09T04:57:30.941+0000] {ml_response_dag.py:37} INFO - Inserted to db
[2023-05-09T04:57:30.942+0000] {ml_response_dag.py:35} INFO - {'value': '542', 'score': 0.01, 'ocr_score': 0.03, 'bounding_box': [0.27, 0.53, 0.77, 0.97]}
[2023-05-09T04:57:30.942+0000] {ml_response_dag.py:36} INFO - 7
[2023-05-09T04:57:30.943+0000] {ml_response_dag.py:37} INFO - Inserted to db
[2023-05-09T04:57:30.943+0000] {ml_response_dag.py:35} INFO - {'value': '342', 'score': 0.56, 'ocr_score': 0.14, 'bounding_box': [0.77, 0.91, 0.18, 0.2]}
[2023-05-09T04:57:30.944+0000] {ml_response_dag.py:36} INFO - 7
[2023-05-09T04:57:30.947+0000] {ml_response_dag.py:37} INFO - Inserted to db
[2023-05-09T04:57:30.949+0000] {ml_response_dag.py:35} INFO - {'value': '967', 'score': 0.78, 'ocr_score': 0.39, 'bounding_box': [0.86, 0.38, 0.41, 0.36]}
[2023-05-09T04:57:30.949+0000] {ml_response_dag.py:36} INFO - 7
[2023-05-09T04:57:30.950+0000] {ml_response_dag.py:37} INFO - Inserted to db
[2023-05-09T04:57:30.951+0000] {ml_response_dag.py:35} INFO - {'value': '100', 'score': 0.68, 'ocr_score': 0.75, 'bounding_box': [0.32, 0.6, 0.97, 0.05]}
[2023-05-09T04:57:30.952+0000] {ml_response_dag.py:36} INFO - 7
[2023-05-09T04:57:30.952+0000] {ml_response_dag.py:37} INFO - Inserted to db
[2023-05-09T04:57:30.952+0000] {ml_response_dag.py:35} INFO - {}
[2023-05-09T04:57:30.953+0000] {ml_response_dag.py:36} INFO - 7
[2023-05-09T04:57:30.953+0000] {ml_response_dag.py:37} INFO - Inserted to db
[2023-05-09T04:57:30.954+0000] {ml_response_dag.py:35} INFO - {}
[2023-05-09T04:57:30.955+0000] {ml_response_dag.py:36} INFO - 7
[2023-05-09T04:57:30.955+0000] {ml_response_dag.py:37} INFO - Inserted to db
[2023-05-09T04:57:30.956+0000] {ml_response_dag.py:35} INFO - {'value': '858', 'score': 0.94, 'ocr_score': 0.64, 'bounding_box': [0.22, 0.37, 0.17, 0.07]}
[2023-05-09T04:57:30.956+0000] {ml_response_dag.py:36} INFO - 7
[2023-05-09T04:57:30.958+0000] {ml_response_dag.py:37} INFO - Inserted to db
[2023-05-09T04:57:30.962+0000] {ml_response_dag.py:35} INFO - {}
[2023-05-09T04:57:30.965+0000] {ml_response_dag.py:36} INFO - 7
[2023-05-09T04:57:30.969+0000] {ml_response_dag.py:37} INFO - Inserted to db
[2023-05-09T04:57:30.975+0000] {ml_response_dag.py:35} INFO - {'value': '633', 'score': 0.77, 'ocr_score': 0.17, 'bounding_box': [0.44, 0.56, 0.26, 0.15]}
[2023-05-09T04:57:30.976+0000] {ml_response_dag.py:36} INFO - 7
[2023-05-09T04:57:30.977+0000] {ml_response_dag.py:37} INFO - Inserted to db
[2023-05-09T04:57:30.979+0000] {ml_response_dag.py:35} INFO - {'value': '609', 'score': 0.47, 'ocr_score': 0.56, 'bounding_box': [0.3, 0.87, 0.78, 0.92]}
[2023-05-09T04:57:30.980+0000] {ml_response_dag.py:36} INFO - 8
[2023-05-09T04:57:30.981+0000] {ml_response_dag.py:37} INFO - Inserted to db
[2023-05-09T04:57:30.982+0000] {ml_response_dag.py:35} INFO - {'value': '331', 'score': 0.49, 'ocr_score': 0.99, 'bounding_box': [0.55, 0.36, 0.08, 0.43]}
[2023-05-09T04:57:30.983+0000] {ml_response_dag.py:36} INFO - 8
[2023-05-09T04:57:30.984+0000] {ml_response_dag.py:37} INFO - Inserted to db
[2023-05-09T04:57:30.985+0000] {ml_response_dag.py:35} INFO - {'value': '142', 'score': 0.0, 'ocr_score': 0.58, 'bounding_box': [0.17, 0.36, 0.83, 0.62]}
[2023-05-09T04:57:30.986+0000] {ml_response_dag.py:36} INFO - 8
[2023-05-09T04:57:30.987+0000] {ml_response_dag.py:37} INFO - Inserted to db
[2023-05-09T04:57:30.988+0000] {ml_response_dag.py:35} INFO - {}
[2023-05-09T04:57:30.989+0000] {ml_response_dag.py:36} INFO - 8
[2023-05-09T04:57:30.990+0000] {ml_response_dag.py:37} INFO - Inserted to db
[2023-05-09T04:57:30.992+0000] {ml_response_dag.py:35} INFO - {}
[2023-05-09T04:57:30.994+0000] {ml_response_dag.py:36} INFO - 8
[2023-05-09T04:57:30.995+0000] {ml_response_dag.py:37} INFO - Inserted to db
[2023-05-09T04:57:31.001+0000] {ml_response_dag.py:35} INFO - {}
[2023-05-09T04:57:31.003+0000] {ml_response_dag.py:36} INFO - 8
[2023-05-09T04:57:31.004+0000] {ml_response_dag.py:37} INFO - Inserted to db
[2023-05-09T04:57:31.005+0000] {ml_response_dag.py:35} INFO - {'value': '826', 'score': 0.74, 'ocr_score': 0.69, 'bounding_box': [0.98, 0.11, 0.14, 0.96]}
[2023-05-09T04:57:31.006+0000] {ml_response_dag.py:36} INFO - 8
[2023-05-09T04:57:31.006+0000] {ml_response_dag.py:37} INFO - Inserted to db
[2023-05-09T04:57:31.009+0000] {ml_response_dag.py:35} INFO - {}
[2023-05-09T04:57:31.010+0000] {ml_response_dag.py:36} INFO - 8
[2023-05-09T04:57:31.011+0000] {ml_response_dag.py:37} INFO - Inserted to db
[2023-05-09T04:57:31.018+0000] {ml_response_dag.py:35} INFO - {'value': '299', 'score': 0.85, 'ocr_score': 0.04, 'bounding_box': [0.14, 0.46, 0.06, 0.65]}
[2023-05-09T04:57:31.021+0000] {ml_response_dag.py:36} INFO - 8
[2023-05-09T04:57:31.022+0000] {ml_response_dag.py:37} INFO - Inserted to db
[2023-05-09T04:57:31.025+0000] {ml_response_dag.py:35} INFO - {'value': '362', 'score': 0.62, 'ocr_score': 0.51, 'bounding_box': [0.42, 0.48, 0.21, 0.45]}
[2023-05-09T04:57:31.026+0000] {ml_response_dag.py:36} INFO - 9
[2023-05-09T04:57:31.029+0000] {ml_response_dag.py:37} INFO - Inserted to db
[2023-05-09T04:57:31.037+0000] {ml_response_dag.py:35} INFO - {'value': '288', 'score': 0.77, 'ocr_score': 0.23, 'bounding_box': [0.16, 0.03, 0.68, 0.81]}
[2023-05-09T04:57:31.041+0000] {ml_response_dag.py:36} INFO - 9
[2023-05-09T04:57:31.042+0000] {ml_response_dag.py:37} INFO - Inserted to db
[2023-05-09T04:57:31.045+0000] {ml_response_dag.py:35} INFO - {'value': '803', 'score': 0.03, 'ocr_score': 0.42, 'bounding_box': [0.05, 0.5, 0.56, 0.95]}
[2023-05-09T04:57:31.046+0000] {ml_response_dag.py:36} INFO - 9
[2023-05-09T04:57:31.046+0000] {ml_response_dag.py:37} INFO - Inserted to db
[2023-05-09T04:57:31.049+0000] {ml_response_dag.py:35} INFO - {'value': '750', 'score': 0.85, 'ocr_score': 0.27, 'bounding_box': [0.71, 0.07, 0.54, 0.9]}
[2023-05-09T04:57:31.050+0000] {ml_response_dag.py:36} INFO - 9
[2023-05-09T04:57:31.050+0000] {ml_response_dag.py:37} INFO - Inserted to db
[2023-05-09T04:57:31.051+0000] {ml_response_dag.py:35} INFO - {'value': '148', 'score': 0.41, 'ocr_score': 0.97, 'bounding_box': [0.44, 0.51, 0.69, 0.67]}
[2023-05-09T04:57:31.052+0000] {ml_response_dag.py:36} INFO - 9
[2023-05-09T04:57:31.052+0000] {ml_response_dag.py:37} INFO - Inserted to db
[2023-05-09T04:57:31.056+0000] {ml_response_dag.py:35} INFO - {'value': '161', 'score': 0.49, 'ocr_score': 0.58, 'bounding_box': [0.51, 0.51, 0.55, 0.06]}
[2023-05-09T04:57:31.057+0000] {ml_response_dag.py:36} INFO - 9
[2023-05-09T04:57:31.057+0000] {ml_response_dag.py:37} INFO - Inserted to db
[2023-05-09T04:57:31.058+0000] {ml_response_dag.py:35} INFO - {}
[2023-05-09T04:57:31.058+0000] {ml_response_dag.py:36} INFO - 9
[2023-05-09T04:57:31.059+0000] {ml_response_dag.py:37} INFO - Inserted to db
[2023-05-09T04:57:31.059+0000] {ml_response_dag.py:35} INFO - {}
[2023-05-09T04:57:31.060+0000] {ml_response_dag.py:36} INFO - 9
[2023-05-09T04:57:31.060+0000] {ml_response_dag.py:37} INFO - Inserted to db
[2023-05-09T04:57:31.061+0000] {ml_response_dag.py:35} INFO - {}
[2023-05-09T04:57:31.061+0000] {ml_response_dag.py:36} INFO - 9
[2023-05-09T04:57:31.061+0000] {ml_response_dag.py:37} INFO - Inserted to db
[2023-05-09T04:57:31.062+0000] {ml_response_dag.py:35} INFO - {'value': '842', 'score': 0.47, 'ocr_score': 0.75, 'bounding_box': [0.16, 0.91, 0.32, 0.53]}
[2023-05-09T04:57:31.062+0000] {ml_response_dag.py:36} INFO - 10
[2023-05-09T04:57:31.062+0000] {ml_response_dag.py:37} INFO - Inserted to db
[2023-05-09T04:57:31.063+0000] {ml_response_dag.py:35} INFO - {}
[2023-05-09T04:57:31.063+0000] {ml_response_dag.py:36} INFO - 10
[2023-05-09T04:57:31.064+0000] {ml_response_dag.py:37} INFO - Inserted to db
[2023-05-09T04:57:31.064+0000] {ml_response_dag.py:35} INFO - {}
[2023-05-09T04:57:31.068+0000] {ml_response_dag.py:36} INFO - 10
[2023-05-09T04:57:31.069+0000] {ml_response_dag.py:37} INFO - Inserted to db
[2023-05-09T04:57:31.070+0000] {ml_response_dag.py:35} INFO - {'value': '458', 'score': 0.81, 'ocr_score': 0.31, 'bounding_box': [0.69, 0.54, 0.48, 0.39]}
[2023-05-09T04:57:31.070+0000] {ml_response_dag.py:36} INFO - 10
[2023-05-09T04:57:31.071+0000] {ml_response_dag.py:37} INFO - Inserted to db
[2023-05-09T04:57:31.074+0000] {ml_response_dag.py:35} INFO - {'value': '776', 'score': 0.77, 'ocr_score': 0.34, 'bounding_box': [0.76, 0.85, 0.56, 0.82]}
[2023-05-09T04:57:31.075+0000] {ml_response_dag.py:36} INFO - 10
[2023-05-09T04:57:31.076+0000] {ml_response_dag.py:37} INFO - Inserted to db
[2023-05-09T04:57:31.077+0000] {ml_response_dag.py:35} INFO - {}
[2023-05-09T04:57:31.078+0000] {ml_response_dag.py:36} INFO - 10
[2023-05-09T04:57:31.079+0000] {ml_response_dag.py:37} INFO - Inserted to db
[2023-05-09T04:57:31.079+0000] {ml_response_dag.py:35} INFO - {'value': '51', 'score': 0.76, 'ocr_score': 0.29, 'bounding_box': [0.79, 0.88, 0.43, 0.21]}
[2023-05-09T04:57:31.080+0000] {ml_response_dag.py:36} INFO - 10
[2023-05-09T04:57:31.080+0000] {ml_response_dag.py:37} INFO - Inserted to db
[2023-05-09T04:57:31.081+0000] {ml_response_dag.py:35} INFO - {'value': '843', 'score': 0.05, 'ocr_score': 0.96, 'bounding_box': [0.84, 0.04, 0.6, 0.52]}
[2023-05-09T04:57:31.081+0000] {ml_response_dag.py:36} INFO - 10
[2023-05-09T04:57:31.082+0000] {ml_response_dag.py:37} INFO - Inserted to db
[2023-05-09T04:57:31.083+0000] {ml_response_dag.py:35} INFO - {'value': '517', 'score': 0.75, 'ocr_score': 0.74, 'bounding_box': [0.65, 0.92, 0.1, 0.59]}
[2023-05-09T04:57:31.083+0000] {ml_response_dag.py:36} INFO - 10
[2023-05-09T04:57:31.084+0000] {ml_response_dag.py:37} INFO - Inserted to db
[2023-05-09T04:57:31.085+0000] {ml_response_dag.py:35} INFO - {}
[2023-05-09T04:57:31.085+0000] {ml_response_dag.py:36} INFO - 11
[2023-05-09T04:57:31.085+0000] {ml_response_dag.py:37} INFO - Inserted to db
[2023-05-09T04:57:31.086+0000] {ml_response_dag.py:35} INFO - {}
[2023-05-09T04:57:31.087+0000] {ml_response_dag.py:36} INFO - 11
[2023-05-09T04:57:31.088+0000] {ml_response_dag.py:37} INFO - Inserted to db
[2023-05-09T04:57:31.090+0000] {ml_response_dag.py:35} INFO - {'value': '288', 'score': 0.6, 'ocr_score': 0.29, 'bounding_box': [0.96, 0.39, 0.81, 0.96]}
[2023-05-09T04:57:31.090+0000] {ml_response_dag.py:36} INFO - 11
[2023-05-09T04:57:31.091+0000] {ml_response_dag.py:37} INFO - Inserted to db
[2023-05-09T04:57:31.092+0000] {ml_response_dag.py:35} INFO - {'value': '878', 'score': 0.44, 'ocr_score': 0.56, 'bounding_box': [0.46, 0.03, 0.06, 0.3]}
[2023-05-09T04:57:31.093+0000] {ml_response_dag.py:36} INFO - 11
[2023-05-09T04:57:31.094+0000] {ml_response_dag.py:37} INFO - Inserted to db
[2023-05-09T04:57:31.095+0000] {ml_response_dag.py:35} INFO - {}
[2023-05-09T04:57:31.096+0000] {ml_response_dag.py:36} INFO - 11
[2023-05-09T04:57:31.096+0000] {ml_response_dag.py:37} INFO - Inserted to db
[2023-05-09T04:57:31.101+0000] {ml_response_dag.py:35} INFO - {}
[2023-05-09T04:57:31.103+0000] {ml_response_dag.py:36} INFO - 11
[2023-05-09T04:57:31.104+0000] {ml_response_dag.py:37} INFO - Inserted to db
[2023-05-09T04:57:31.106+0000] {ml_response_dag.py:35} INFO - {}
[2023-05-09T04:57:31.107+0000] {ml_response_dag.py:36} INFO - 11
[2023-05-09T04:57:31.108+0000] {ml_response_dag.py:37} INFO - Inserted to db
[2023-05-09T04:57:31.109+0000] {ml_response_dag.py:35} INFO - {'value': '650', 'score': 0.79, 'ocr_score': 0.64, 'bounding_box': [0.13, 0.78, 0.29, 0.37]}
[2023-05-09T04:57:31.115+0000] {ml_response_dag.py:36} INFO - 11
[2023-05-09T04:57:31.120+0000] {ml_response_dag.py:37} INFO - Inserted to db
[2023-05-09T04:57:31.123+0000] {ml_response_dag.py:35} INFO - {}
[2023-05-09T04:57:31.125+0000] {ml_response_dag.py:36} INFO - 11
[2023-05-09T04:57:31.125+0000] {ml_response_dag.py:37} INFO - Inserted to db
[2023-05-09T04:57:31.126+0000] {ml_response_dag.py:35} INFO - {'value': '643', 'score': 0.23, 'ocr_score': 0.72, 'bounding_box': [0.01, 0.39, 0.58, 0.53]}
[2023-05-09T04:57:31.127+0000] {ml_response_dag.py:36} INFO - 12
[2023-05-09T04:57:31.128+0000] {ml_response_dag.py:37} INFO - Inserted to db
[2023-05-09T04:57:31.130+0000] {ml_response_dag.py:35} INFO - {}
[2023-05-09T04:57:31.131+0000] {ml_response_dag.py:36} INFO - 13
[2023-05-09T04:57:31.132+0000] {ml_response_dag.py:37} INFO - Inserted to db
[2023-05-09T04:57:31.132+0000] {ml_response_dag.py:35} INFO - {}
[2023-05-09T04:57:31.133+0000] {ml_response_dag.py:36} INFO - 14
[2023-05-09T04:57:31.133+0000] {ml_response_dag.py:37} INFO - Inserted to db
[2023-05-09T04:57:31.136+0000] {ml_response_dag.py:35} INFO - {'value': '141', 'score': 0.27, 'ocr_score': 0.93, 'bounding_box': [0.24, 0.73, 0.11, 0.89]}
[2023-05-09T04:57:31.137+0000] {ml_response_dag.py:36} INFO - 15
[2023-05-09T04:57:31.138+0000] {ml_response_dag.py:37} INFO - Inserted to db
[2023-05-09T04:57:31.141+0000] {ml_response_dag.py:35} INFO - {'value': '59', 'score': 0.45, 'ocr_score': 0.57, 'bounding_box': [0.45, 0.64, 0.68, 0.17]}
[2023-05-09T04:57:31.143+0000] {ml_response_dag.py:36} INFO - 15
[2023-05-09T04:57:31.143+0000] {ml_response_dag.py:37} INFO - Inserted to db
[2023-05-09T04:57:31.144+0000] {ml_response_dag.py:35} INFO - {'value': '333', 'score': 0.34, 'ocr_score': 0.85, 'bounding_box': [0.81, 0.57, 0.99, 0.77]}
[2023-05-09T04:57:31.146+0000] {ml_response_dag.py:36} INFO - 15
[2023-05-09T04:57:31.150+0000] {ml_response_dag.py:37} INFO - Inserted to db
[2023-05-09T04:57:31.150+0000] {ml_response_dag.py:35} INFO - {'value': '257', 'score': 0.11, 'ocr_score': 0.43, 'bounding_box': [0.37, 0.55, 0.53, 0.66]}
[2023-05-09T04:57:31.151+0000] {ml_response_dag.py:36} INFO - 15
[2023-05-09T04:57:31.152+0000] {ml_response_dag.py:37} INFO - Inserted to db
[2023-05-09T04:57:31.152+0000] {ml_response_dag.py:35} INFO - {'value': '190', 'score': 0.21, 'ocr_score': 0.83, 'bounding_box': [0.88, 0.83, 0.57, 0.11]}
[2023-05-09T04:57:31.153+0000] {ml_response_dag.py:36} INFO - 15
[2023-05-09T04:57:31.158+0000] {ml_response_dag.py:37} INFO - Inserted to db
[2023-05-09T04:57:31.158+0000] {ml_response_dag.py:35} INFO - {}
[2023-05-09T04:57:31.159+0000] {ml_response_dag.py:36} INFO - 15
[2023-05-09T04:57:31.160+0000] {ml_response_dag.py:37} INFO - Inserted to db
[2023-05-09T04:57:31.160+0000] {ml_response_dag.py:35} INFO - {}
[2023-05-09T04:57:31.160+0000] {ml_response_dag.py:36} INFO - 15
[2023-05-09T04:57:31.161+0000] {ml_response_dag.py:37} INFO - Inserted to db
[2023-05-09T04:57:31.161+0000] {ml_response_dag.py:35} INFO - {}
[2023-05-09T04:57:31.166+0000] {ml_response_dag.py:36} INFO - 15
[2023-05-09T04:57:31.167+0000] {ml_response_dag.py:37} INFO - Inserted to db
[2023-05-09T04:57:31.169+0000] {ml_response_dag.py:35} INFO - {'value': '475', 'score': 0.57, 'ocr_score': 0.49, 'bounding_box': [0.4, 0.3, 0.99, 0.32]}
[2023-05-09T04:57:31.169+0000] {ml_response_dag.py:36} INFO - 15
[2023-05-09T04:57:31.170+0000] {ml_response_dag.py:37} INFO - Inserted to db
[2023-05-09T04:57:31.175+0000] {ml_response_dag.py:35} INFO - {'value': '745', 'score': 0.84, 'ocr_score': 0.82, 'bounding_box': [0.84, 0.57, 0.94, 0.44]}
[2023-05-09T04:57:31.176+0000] {ml_response_dag.py:36} INFO - 16
[2023-05-09T04:57:31.176+0000] {ml_response_dag.py:37} INFO - Inserted to db
[2023-05-09T04:57:31.181+0000] {python.py:183} INFO - Done. Returned value was: None
[2023-05-09T04:57:31.224+0000] {taskinstance.py:1373} INFO - Marking task as SUCCESS. dag_id=veryfi_extract_total, task_id=extract_and_load, execution_date=20230508T093000, start_date=20230509T045729, end_date=20230509T045731
[2023-05-09T04:57:31.309+0000] {local_task_job_runner.py:232} INFO - Task exited with return code 0
[2023-05-09T04:57:31.382+0000] {taskinstance.py:2674} INFO - 0 downstream tasks scheduled from follow-on schedule check
