[2023-05-08T23:15:20.287+0000] {taskinstance.py:1125} INFO - Dependencies all met for dep_context=non-requeueable deps ti=<TaskInstance: veryfi_extract_total.extract_and_load scheduled__2023-05-08T00:07:00+00:00 [queued]>
[2023-05-08T23:15:20.296+0000] {taskinstance.py:1125} INFO - Dependencies all met for dep_context=requeueable deps ti=<TaskInstance: veryfi_extract_total.extract_and_load scheduled__2023-05-08T00:07:00+00:00 [queued]>
[2023-05-08T23:15:20.296+0000] {taskinstance.py:1331} INFO - Starting attempt 1 of 2
[2023-05-08T23:15:20.306+0000] {taskinstance.py:1350} INFO - Executing <Task(PythonOperator): extract_and_load> on 2023-05-08 00:07:00+00:00
[2023-05-08T23:15:20.311+0000] {standard_task_runner.py:57} INFO - Started process 432 to run task
[2023-05-08T23:15:20.316+0000] {standard_task_runner.py:84} INFO - Running: ['***', 'tasks', 'run', 'veryfi_extract_total', 'extract_and_load', 'scheduled__2023-05-08T00:07:00+00:00', '--job-id', '92', '--raw', '--subdir', 'DAGS_FOLDER/ml_response_dag.py', '--cfg-path', '/tmp/tmp6jvgnkic']
[2023-05-08T23:15:20.317+0000] {standard_task_runner.py:85} INFO - Job 92: Subtask extract_and_load
[2023-05-08T23:15:20.453+0000] {task_command.py:410} INFO - Running <TaskInstance: veryfi_extract_total.extract_and_load scheduled__2023-05-08T00:07:00+00:00 [running]> on host 916d3785c91c
[2023-05-08T23:15:20.609+0000] {taskinstance.py:1570} INFO - Exporting env vars: AIRFLOW_CTX_DAG_OWNER='***' AIRFLOW_CTX_DAG_ID='veryfi_extract_total' AIRFLOW_CTX_TASK_ID='extract_and_load' AIRFLOW_CTX_EXECUTION_DATE='2023-05-08T00:07:00+00:00' AIRFLOW_CTX_TRY_NUMBER='1' AIRFLOW_CTX_DAG_RUN_ID='scheduled__2023-05-08T00:07:00+00:00'
[2023-05-08T23:15:20.620+0000] {taskinstance.py:1847} ERROR - Task failed with exception
Traceback (most recent call last):
  File "/home/airflow/.local/lib/python3.7/site-packages/airflow/operators/python.py", line 181, in execute
    return_value = self.execute_callable()
  File "/home/airflow/.local/lib/python3.7/site-packages/airflow/operators/python.py", line 198, in execute_callable
    return self.python_callable(*self.op_args, **self.op_kwargs)
  File "/opt/airflow/dags/ml_response_dag.py", line 31, in extract_total
    cur.execute("INSERT INTO parsed_total (total) VALUES (%s)", (total,))
psycopg2.ProgrammingError: can't adapt type 'dict'
[2023-05-08T23:15:20.635+0000] {taskinstance.py:1373} INFO - Marking task as UP_FOR_RETRY. dag_id=veryfi_extract_total, task_id=extract_and_load, execution_date=20230508T000700, start_date=20230508T231520, end_date=20230508T231520
[2023-05-08T23:15:20.648+0000] {standard_task_runner.py:109} ERROR - Failed to execute job 92 for task extract_and_load (can't adapt type 'dict'; 432)
[2023-05-08T23:15:20.693+0000] {local_task_job_runner.py:232} INFO - Task exited with return code 1
[2023-05-08T23:15:20.719+0000] {taskinstance.py:2674} INFO - 0 downstream tasks scheduled from follow-on schedule check
[2023-05-09T04:45:25.321+0000] {taskinstance.py:1125} INFO - Dependencies all met for dep_context=non-requeueable deps ti=<TaskInstance: veryfi_extract_total.extract_and_load scheduled__2023-05-08T00:07:00+00:00 [queued]>
[2023-05-09T04:45:25.373+0000] {taskinstance.py:1125} INFO - Dependencies all met for dep_context=requeueable deps ti=<TaskInstance: veryfi_extract_total.extract_and_load scheduled__2023-05-08T00:07:00+00:00 [queued]>
[2023-05-09T04:45:25.379+0000] {taskinstance.py:1331} INFO - Starting attempt 1 of 2
[2023-05-09T04:45:25.671+0000] {taskinstance.py:1350} INFO - Executing <Task(PythonOperator): extract_and_load> on 2023-05-08 00:07:00+00:00
[2023-05-09T04:45:25.679+0000] {standard_task_runner.py:57} INFO - Started process 854 to run task
[2023-05-09T04:45:25.686+0000] {standard_task_runner.py:84} INFO - Running: ['***', 'tasks', 'run', 'veryfi_extract_total', 'extract_and_load', 'scheduled__2023-05-08T00:07:00+00:00', '--job-id', '149', '--raw', '--subdir', 'DAGS_FOLDER/ml_response_dag.py', '--cfg-path', '/tmp/tmpr3nv1om9']
[2023-05-09T04:45:25.687+0000] {standard_task_runner.py:85} INFO - Job 149: Subtask extract_and_load
[2023-05-09T04:45:25.833+0000] {task_command.py:410} INFO - Running <TaskInstance: veryfi_extract_total.extract_and_load scheduled__2023-05-08T00:07:00+00:00 [running]> on host aa4b7d3de44b
[2023-05-09T04:45:26.107+0000] {taskinstance.py:1570} INFO - Exporting env vars: AIRFLOW_CTX_DAG_OWNER='***' AIRFLOW_CTX_DAG_ID='veryfi_extract_total' AIRFLOW_CTX_TASK_ID='extract_and_load' AIRFLOW_CTX_EXECUTION_DATE='2023-05-08T00:07:00+00:00' AIRFLOW_CTX_TRY_NUMBER='1' AIRFLOW_CTX_DAG_RUN_ID='scheduled__2023-05-08T00:07:00+00:00'
[2023-05-09T04:45:26.129+0000] {ml_response_dag.py:36} INFO - {}
[2023-05-09T04:45:26.135+0000] {ml_response_dag.py:37} INFO - 1
[2023-05-09T04:45:26.153+0000] {ml_response_dag.py:36} INFO - {'value': '544', 'score': 0.22, 'ocr_score': 0.81, 'bounding_box': [0.22, 0.37, 0.38, 0.52]}
[2023-05-09T04:45:26.153+0000] {ml_response_dag.py:37} INFO - 1
[2023-05-09T04:45:26.155+0000] {ml_response_dag.py:36} INFO - {}
[2023-05-09T04:45:26.156+0000] {ml_response_dag.py:37} INFO - 1
[2023-05-09T04:45:26.158+0000] {ml_response_dag.py:36} INFO - {}
[2023-05-09T04:45:26.159+0000] {ml_response_dag.py:37} INFO - 1
[2023-05-09T04:45:26.161+0000] {ml_response_dag.py:36} INFO - {}
[2023-05-09T04:45:26.161+0000] {ml_response_dag.py:37} INFO - 1
[2023-05-09T04:45:26.162+0000] {ml_response_dag.py:36} INFO - {}
[2023-05-09T04:45:26.162+0000] {ml_response_dag.py:37} INFO - 1
[2023-05-09T04:45:26.163+0000] {ml_response_dag.py:36} INFO - {'value': '660', 'score': 0.48, 'ocr_score': 0.32, 'bounding_box': [0.07, 0.82, 0.06, 0.37]}
[2023-05-09T04:45:26.164+0000] {ml_response_dag.py:37} INFO - 1
[2023-05-09T04:45:26.165+0000] {ml_response_dag.py:36} INFO - {}
[2023-05-09T04:45:26.165+0000] {ml_response_dag.py:37} INFO - 1
[2023-05-09T04:45:26.166+0000] {ml_response_dag.py:36} INFO - {'value': '801', 'score': 0.92, 'ocr_score': 0.28, 'bounding_box': [0.56, 0.9, 0.37, 0.79]}
[2023-05-09T04:45:26.167+0000] {ml_response_dag.py:37} INFO - 1
[2023-05-09T04:45:26.168+0000] {ml_response_dag.py:36} INFO - {}
[2023-05-09T04:45:26.169+0000] {ml_response_dag.py:37} INFO - 2
[2023-05-09T04:45:26.170+0000] {ml_response_dag.py:36} INFO - {}
[2023-05-09T04:45:26.170+0000] {ml_response_dag.py:37} INFO - 2
[2023-05-09T04:45:26.170+0000] {ml_response_dag.py:36} INFO - {'value': '880', 'score': 0.06, 'ocr_score': 0.1, 'bounding_box': [0.76, 0.47, 0.16, 0.27]}
[2023-05-09T04:45:26.171+0000] {ml_response_dag.py:37} INFO - 2
[2023-05-09T04:45:26.171+0000] {ml_response_dag.py:36} INFO - {'value': '380', 'score': 0.11, 'ocr_score': 0.36, 'bounding_box': [0.99, 0.15, 0.39, 0.03]}
[2023-05-09T04:45:26.172+0000] {ml_response_dag.py:37} INFO - 2
[2023-05-09T04:45:26.177+0000] {ml_response_dag.py:36} INFO - {}
[2023-05-09T04:45:26.178+0000] {ml_response_dag.py:37} INFO - 2
[2023-05-09T04:45:26.178+0000] {ml_response_dag.py:36} INFO - {'value': '770', 'score': 0.37, 'ocr_score': 0.84, 'bounding_box': [0.79, 0.15, 0.82, 0.6]}
[2023-05-09T04:45:26.184+0000] {ml_response_dag.py:37} INFO - 2
[2023-05-09T04:45:26.184+0000] {ml_response_dag.py:36} INFO - {}
[2023-05-09T04:45:26.186+0000] {ml_response_dag.py:37} INFO - 2
[2023-05-09T04:45:26.189+0000] {ml_response_dag.py:36} INFO - {}
[2023-05-09T04:45:26.189+0000] {ml_response_dag.py:37} INFO - 2
[2023-05-09T04:45:26.190+0000] {ml_response_dag.py:36} INFO - {}
[2023-05-09T04:45:26.196+0000] {ml_response_dag.py:37} INFO - 2
[2023-05-09T04:45:26.198+0000] {ml_response_dag.py:36} INFO - {}
[2023-05-09T04:45:26.198+0000] {ml_response_dag.py:37} INFO - 3
[2023-05-09T04:45:26.203+0000] {ml_response_dag.py:36} INFO - {}
[2023-05-09T04:45:26.213+0000] {ml_response_dag.py:37} INFO - 4
[2023-05-09T04:45:26.214+0000] {ml_response_dag.py:36} INFO - {}
[2023-05-09T04:45:26.215+0000] {ml_response_dag.py:37} INFO - 5
[2023-05-09T04:45:26.217+0000] {ml_response_dag.py:36} INFO - {}
[2023-05-09T04:45:26.217+0000] {ml_response_dag.py:37} INFO - 5
[2023-05-09T04:45:26.221+0000] {ml_response_dag.py:36} INFO - {'value': '418', 'score': 0.49, 'ocr_score': 0.15, 'bounding_box': [0.88, 0.92, 0.46, 0.3]}
[2023-05-09T04:45:26.222+0000] {ml_response_dag.py:37} INFO - 5
[2023-05-09T04:45:26.227+0000] {ml_response_dag.py:36} INFO - {}
[2023-05-09T04:45:26.229+0000] {ml_response_dag.py:37} INFO - 5
[2023-05-09T04:45:26.230+0000] {ml_response_dag.py:36} INFO - {}
[2023-05-09T04:45:26.231+0000] {ml_response_dag.py:37} INFO - 5
[2023-05-09T04:45:26.233+0000] {ml_response_dag.py:36} INFO - {'value': '78', 'score': 0.03, 'ocr_score': 0.66, 'bounding_box': [0.31, 0.81, 0.43, 0.03]}
[2023-05-09T04:45:26.234+0000] {ml_response_dag.py:37} INFO - 5
[2023-05-09T04:45:26.240+0000] {ml_response_dag.py:36} INFO - {}
[2023-05-09T04:45:26.242+0000] {ml_response_dag.py:37} INFO - 5
[2023-05-09T04:45:26.243+0000] {ml_response_dag.py:36} INFO - {'value': '889', 'score': 0.72, 'ocr_score': 0.56, 'bounding_box': [0.38, 0.17, 0.28, 1.0]}
[2023-05-09T04:45:26.243+0000] {ml_response_dag.py:37} INFO - 5
[2023-05-09T04:45:26.244+0000] {ml_response_dag.py:36} INFO - {'value': '292', 'score': 0.23, 'ocr_score': 0.39, 'bounding_box': [0.45, 0.93, 0.07, 0.2]}
[2023-05-09T04:45:26.244+0000] {ml_response_dag.py:37} INFO - 5
[2023-05-09T04:45:26.245+0000] {ml_response_dag.py:36} INFO - {}
[2023-05-09T04:45:26.246+0000] {ml_response_dag.py:37} INFO - 6
[2023-05-09T04:45:26.250+0000] {ml_response_dag.py:36} INFO - {'value': '542', 'score': 0.01, 'ocr_score': 0.03, 'bounding_box': [0.27, 0.53, 0.77, 0.97]}
[2023-05-09T04:45:26.252+0000] {ml_response_dag.py:37} INFO - 7
[2023-05-09T04:45:26.253+0000] {ml_response_dag.py:36} INFO - {'value': '342', 'score': 0.56, 'ocr_score': 0.14, 'bounding_box': [0.77, 0.91, 0.18, 0.2]}
[2023-05-09T04:45:26.254+0000] {ml_response_dag.py:37} INFO - 7
[2023-05-09T04:45:26.254+0000] {ml_response_dag.py:36} INFO - {'value': '967', 'score': 0.78, 'ocr_score': 0.39, 'bounding_box': [0.86, 0.38, 0.41, 0.36]}
[2023-05-09T04:45:26.256+0000] {ml_response_dag.py:37} INFO - 7
[2023-05-09T04:45:26.257+0000] {ml_response_dag.py:36} INFO - {'value': '100', 'score': 0.68, 'ocr_score': 0.75, 'bounding_box': [0.32, 0.6, 0.97, 0.05]}
[2023-05-09T04:45:26.258+0000] {ml_response_dag.py:37} INFO - 7
[2023-05-09T04:45:26.269+0000] {ml_response_dag.py:36} INFO - {}
[2023-05-09T04:45:26.270+0000] {ml_response_dag.py:37} INFO - 7
[2023-05-09T04:45:26.271+0000] {ml_response_dag.py:36} INFO - {}
[2023-05-09T04:45:26.301+0000] {ml_response_dag.py:37} INFO - 7
[2023-05-09T04:45:26.303+0000] {ml_response_dag.py:36} INFO - {'value': '858', 'score': 0.94, 'ocr_score': 0.64, 'bounding_box': [0.22, 0.37, 0.17, 0.07]}
[2023-05-09T04:45:26.305+0000] {ml_response_dag.py:37} INFO - 7
[2023-05-09T04:45:26.307+0000] {ml_response_dag.py:36} INFO - {}
[2023-05-09T04:45:26.309+0000] {ml_response_dag.py:37} INFO - 7
[2023-05-09T04:45:26.315+0000] {ml_response_dag.py:36} INFO - {'value': '633', 'score': 0.77, 'ocr_score': 0.17, 'bounding_box': [0.44, 0.56, 0.26, 0.15]}
[2023-05-09T04:45:26.317+0000] {ml_response_dag.py:37} INFO - 7
[2023-05-09T04:45:26.325+0000] {ml_response_dag.py:36} INFO - {'value': '609', 'score': 0.47, 'ocr_score': 0.56, 'bounding_box': [0.3, 0.87, 0.78, 0.92]}
[2023-05-09T04:45:26.327+0000] {ml_response_dag.py:37} INFO - 8
[2023-05-09T04:45:26.331+0000] {ml_response_dag.py:36} INFO - {'value': '331', 'score': 0.49, 'ocr_score': 0.99, 'bounding_box': [0.55, 0.36, 0.08, 0.43]}
[2023-05-09T04:45:26.343+0000] {ml_response_dag.py:37} INFO - 8
[2023-05-09T04:45:26.347+0000] {ml_response_dag.py:36} INFO - {'value': '142', 'score': 0.0, 'ocr_score': 0.58, 'bounding_box': [0.17, 0.36, 0.83, 0.62]}
[2023-05-09T04:45:26.348+0000] {ml_response_dag.py:37} INFO - 8
[2023-05-09T04:45:26.350+0000] {ml_response_dag.py:36} INFO - {}
[2023-05-09T04:45:26.351+0000] {ml_response_dag.py:37} INFO - 8
[2023-05-09T04:45:26.352+0000] {ml_response_dag.py:36} INFO - {}
[2023-05-09T04:45:26.353+0000] {ml_response_dag.py:37} INFO - 8
[2023-05-09T04:45:26.354+0000] {ml_response_dag.py:36} INFO - {}
[2023-05-09T04:45:26.354+0000] {ml_response_dag.py:37} INFO - 8
[2023-05-09T04:45:26.354+0000] {ml_response_dag.py:36} INFO - {'value': '826', 'score': 0.74, 'ocr_score': 0.69, 'bounding_box': [0.98, 0.11, 0.14, 0.96]}
[2023-05-09T04:45:26.355+0000] {ml_response_dag.py:37} INFO - 8
[2023-05-09T04:45:26.356+0000] {ml_response_dag.py:36} INFO - {}
[2023-05-09T04:45:26.357+0000] {ml_response_dag.py:37} INFO - 8
[2023-05-09T04:45:26.358+0000] {ml_response_dag.py:36} INFO - {'value': '299', 'score': 0.85, 'ocr_score': 0.04, 'bounding_box': [0.14, 0.46, 0.06, 0.65]}
[2023-05-09T04:45:26.359+0000] {ml_response_dag.py:37} INFO - 8
[2023-05-09T04:45:26.360+0000] {ml_response_dag.py:36} INFO - {'value': '362', 'score': 0.62, 'ocr_score': 0.51, 'bounding_box': [0.42, 0.48, 0.21, 0.45]}
[2023-05-09T04:45:26.360+0000] {ml_response_dag.py:37} INFO - 9
[2023-05-09T04:45:26.361+0000] {ml_response_dag.py:36} INFO - {'value': '288', 'score': 0.77, 'ocr_score': 0.23, 'bounding_box': [0.16, 0.03, 0.68, 0.81]}
[2023-05-09T04:45:26.361+0000] {ml_response_dag.py:37} INFO - 9
[2023-05-09T04:45:26.361+0000] {ml_response_dag.py:36} INFO - {'value': '803', 'score': 0.03, 'ocr_score': 0.42, 'bounding_box': [0.05, 0.5, 0.56, 0.95]}
[2023-05-09T04:45:26.362+0000] {ml_response_dag.py:37} INFO - 9
[2023-05-09T04:45:26.363+0000] {ml_response_dag.py:36} INFO - {'value': '750', 'score': 0.85, 'ocr_score': 0.27, 'bounding_box': [0.71, 0.07, 0.54, 0.9]}
[2023-05-09T04:45:26.364+0000] {ml_response_dag.py:37} INFO - 9
[2023-05-09T04:45:26.365+0000] {ml_response_dag.py:36} INFO - {'value': '148', 'score': 0.41, 'ocr_score': 0.97, 'bounding_box': [0.44, 0.51, 0.69, 0.67]}
[2023-05-09T04:45:26.365+0000] {ml_response_dag.py:37} INFO - 9
[2023-05-09T04:45:26.366+0000] {ml_response_dag.py:36} INFO - {'value': '161', 'score': 0.49, 'ocr_score': 0.58, 'bounding_box': [0.51, 0.51, 0.55, 0.06]}
[2023-05-09T04:45:26.367+0000] {ml_response_dag.py:37} INFO - 9
[2023-05-09T04:45:26.368+0000] {ml_response_dag.py:36} INFO - {}
[2023-05-09T04:45:26.369+0000] {ml_response_dag.py:37} INFO - 9
[2023-05-09T04:45:26.372+0000] {ml_response_dag.py:36} INFO - {}
[2023-05-09T04:45:26.373+0000] {ml_response_dag.py:37} INFO - 9
[2023-05-09T04:45:26.374+0000] {ml_response_dag.py:36} INFO - {}
[2023-05-09T04:45:26.374+0000] {ml_response_dag.py:37} INFO - 9
[2023-05-09T04:45:26.375+0000] {ml_response_dag.py:36} INFO - {'value': '842', 'score': 0.47, 'ocr_score': 0.75, 'bounding_box': [0.16, 0.91, 0.32, 0.53]}
[2023-05-09T04:45:26.377+0000] {ml_response_dag.py:37} INFO - 10
[2023-05-09T04:45:26.384+0000] {ml_response_dag.py:36} INFO - {}
[2023-05-09T04:45:26.385+0000] {ml_response_dag.py:37} INFO - 10
[2023-05-09T04:45:26.385+0000] {ml_response_dag.py:36} INFO - {}
[2023-05-09T04:45:26.386+0000] {ml_response_dag.py:37} INFO - 10
[2023-05-09T04:45:26.387+0000] {ml_response_dag.py:36} INFO - {'value': '458', 'score': 0.81, 'ocr_score': 0.31, 'bounding_box': [0.69, 0.54, 0.48, 0.39]}
[2023-05-09T04:45:26.387+0000] {ml_response_dag.py:37} INFO - 10
[2023-05-09T04:45:26.388+0000] {ml_response_dag.py:36} INFO - {'value': '776', 'score': 0.77, 'ocr_score': 0.34, 'bounding_box': [0.76, 0.85, 0.56, 0.82]}
[2023-05-09T04:45:26.389+0000] {ml_response_dag.py:37} INFO - 10
[2023-05-09T04:45:26.390+0000] {ml_response_dag.py:36} INFO - {}
[2023-05-09T04:45:26.390+0000] {ml_response_dag.py:37} INFO - 10
[2023-05-09T04:45:26.391+0000] {ml_response_dag.py:36} INFO - {'value': '51', 'score': 0.76, 'ocr_score': 0.29, 'bounding_box': [0.79, 0.88, 0.43, 0.21]}
[2023-05-09T04:45:26.394+0000] {ml_response_dag.py:37} INFO - 10
[2023-05-09T04:45:26.396+0000] {ml_response_dag.py:36} INFO - {'value': '843', 'score': 0.05, 'ocr_score': 0.96, 'bounding_box': [0.84, 0.04, 0.6, 0.52]}
[2023-05-09T04:45:26.400+0000] {ml_response_dag.py:37} INFO - 10
[2023-05-09T04:45:26.400+0000] {ml_response_dag.py:36} INFO - {'value': '517', 'score': 0.75, 'ocr_score': 0.74, 'bounding_box': [0.65, 0.92, 0.1, 0.59]}
[2023-05-09T04:45:26.402+0000] {ml_response_dag.py:37} INFO - 10
[2023-05-09T04:45:26.403+0000] {ml_response_dag.py:36} INFO - {}
[2023-05-09T04:45:26.403+0000] {ml_response_dag.py:37} INFO - 11
[2023-05-09T04:45:26.406+0000] {ml_response_dag.py:36} INFO - {}
[2023-05-09T04:45:26.410+0000] {ml_response_dag.py:37} INFO - 11
[2023-05-09T04:45:26.411+0000] {ml_response_dag.py:36} INFO - {'value': '288', 'score': 0.6, 'ocr_score': 0.29, 'bounding_box': [0.96, 0.39, 0.81, 0.96]}
[2023-05-09T04:45:26.412+0000] {ml_response_dag.py:37} INFO - 11
[2023-05-09T04:45:26.413+0000] {ml_response_dag.py:36} INFO - {'value': '878', 'score': 0.44, 'ocr_score': 0.56, 'bounding_box': [0.46, 0.03, 0.06, 0.3]}
[2023-05-09T04:45:26.413+0000] {ml_response_dag.py:37} INFO - 11
[2023-05-09T04:45:26.415+0000] {ml_response_dag.py:36} INFO - {}
[2023-05-09T04:45:26.415+0000] {ml_response_dag.py:37} INFO - 11
[2023-05-09T04:45:26.416+0000] {ml_response_dag.py:36} INFO - {}
[2023-05-09T04:45:26.417+0000] {ml_response_dag.py:37} INFO - 11
[2023-05-09T04:45:26.418+0000] {ml_response_dag.py:36} INFO - {}
[2023-05-09T04:45:26.418+0000] {ml_response_dag.py:37} INFO - 11
[2023-05-09T04:45:26.419+0000] {ml_response_dag.py:36} INFO - {'value': '650', 'score': 0.79, 'ocr_score': 0.64, 'bounding_box': [0.13, 0.78, 0.29, 0.37]}
[2023-05-09T04:45:26.419+0000] {ml_response_dag.py:37} INFO - 11
[2023-05-09T04:45:26.422+0000] {ml_response_dag.py:36} INFO - {}
[2023-05-09T04:45:26.422+0000] {ml_response_dag.py:37} INFO - 11
[2023-05-09T04:45:26.423+0000] {ml_response_dag.py:36} INFO - {'value': '643', 'score': 0.23, 'ocr_score': 0.72, 'bounding_box': [0.01, 0.39, 0.58, 0.53]}
[2023-05-09T04:45:26.423+0000] {ml_response_dag.py:37} INFO - 12
[2023-05-09T04:45:26.424+0000] {ml_response_dag.py:36} INFO - {}
[2023-05-09T04:45:26.425+0000] {ml_response_dag.py:37} INFO - 13
[2023-05-09T04:45:26.426+0000] {ml_response_dag.py:36} INFO - {}
[2023-05-09T04:45:26.426+0000] {ml_response_dag.py:37} INFO - 14
[2023-05-09T04:45:26.427+0000] {ml_response_dag.py:36} INFO - {'value': '141', 'score': 0.27, 'ocr_score': 0.93, 'bounding_box': [0.24, 0.73, 0.11, 0.89]}
[2023-05-09T04:45:26.427+0000] {ml_response_dag.py:37} INFO - 15
[2023-05-09T04:45:26.428+0000] {ml_response_dag.py:36} INFO - {'value': '59', 'score': 0.45, 'ocr_score': 0.57, 'bounding_box': [0.45, 0.64, 0.68, 0.17]}
[2023-05-09T04:45:26.428+0000] {ml_response_dag.py:37} INFO - 15
[2023-05-09T04:45:26.429+0000] {ml_response_dag.py:36} INFO - {'value': '333', 'score': 0.34, 'ocr_score': 0.85, 'bounding_box': [0.81, 0.57, 0.99, 0.77]}
[2023-05-09T04:45:26.430+0000] {ml_response_dag.py:37} INFO - 15
[2023-05-09T04:45:26.430+0000] {ml_response_dag.py:36} INFO - {'value': '257', 'score': 0.11, 'ocr_score': 0.43, 'bounding_box': [0.37, 0.55, 0.53, 0.66]}
[2023-05-09T04:45:26.433+0000] {ml_response_dag.py:37} INFO - 15
[2023-05-09T04:45:26.433+0000] {ml_response_dag.py:36} INFO - {'value': '190', 'score': 0.21, 'ocr_score': 0.83, 'bounding_box': [0.88, 0.83, 0.57, 0.11]}
[2023-05-09T04:45:26.438+0000] {ml_response_dag.py:37} INFO - 15
[2023-05-09T04:45:26.439+0000] {ml_response_dag.py:36} INFO - {}
[2023-05-09T04:45:26.440+0000] {ml_response_dag.py:37} INFO - 15
[2023-05-09T04:45:26.440+0000] {ml_response_dag.py:36} INFO - {}
[2023-05-09T04:45:26.441+0000] {ml_response_dag.py:37} INFO - 15
[2023-05-09T04:45:26.441+0000] {ml_response_dag.py:36} INFO - {}
[2023-05-09T04:45:26.442+0000] {ml_response_dag.py:37} INFO - 15
[2023-05-09T04:45:26.442+0000] {ml_response_dag.py:36} INFO - {'value': '475', 'score': 0.57, 'ocr_score': 0.49, 'bounding_box': [0.4, 0.3, 0.99, 0.32]}
[2023-05-09T04:45:26.449+0000] {ml_response_dag.py:37} INFO - 15
[2023-05-09T04:45:26.459+0000] {ml_response_dag.py:36} INFO - {'value': '745', 'score': 0.84, 'ocr_score': 0.82, 'bounding_box': [0.84, 0.57, 0.94, 0.44]}
[2023-05-09T04:45:26.460+0000] {ml_response_dag.py:37} INFO - 16
[2023-05-09T04:45:26.465+0000] {python.py:183} INFO - Done. Returned value was: None
[2023-05-09T04:45:26.690+0000] {taskinstance.py:1373} INFO - Marking task as SUCCESS. dag_id=veryfi_extract_total, task_id=extract_and_load, execution_date=20230508T000700, start_date=20230509T044525, end_date=20230509T044526
[2023-05-09T04:45:27.048+0000] {local_task_job_runner.py:232} INFO - Task exited with return code 0
[2023-05-09T04:45:27.465+0000] {taskinstance.py:2674} INFO - 0 downstream tasks scheduled from follow-on schedule check
