[2023-05-09T04:57:27.621+0000] {taskinstance.py:1125} INFO - Dependencies all met for dep_context=non-requeueable deps ti=<TaskInstance: veryfi_extract_total.extract_and_load scheduled__2023-05-08T09:00:00+00:00 [queued]>
[2023-05-09T04:57:27.644+0000] {taskinstance.py:1125} INFO - Dependencies all met for dep_context=requeueable deps ti=<TaskInstance: veryfi_extract_total.extract_and_load scheduled__2023-05-08T09:00:00+00:00 [queued]>
[2023-05-09T04:57:27.649+0000] {taskinstance.py:1331} INFO - Starting attempt 1 of 2
[2023-05-09T04:57:27.678+0000] {taskinstance.py:1350} INFO - Executing <Task(PythonOperator): extract_and_load> on 2023-05-08 09:00:00+00:00
[2023-05-09T04:57:27.692+0000] {standard_task_runner.py:57} INFO - Started process 1650 to run task
[2023-05-09T04:57:27.697+0000] {standard_task_runner.py:84} INFO - Running: ['***', 'tasks', 'run', 'veryfi_extract_total', 'extract_and_load', 'scheduled__2023-05-08T09:00:00+00:00', '--job-id', '446', '--raw', '--subdir', 'DAGS_FOLDER/ml_response_dag.py', '--cfg-path', '/tmp/tmpcne8ptb7']
[2023-05-09T04:57:27.714+0000] {standard_task_runner.py:85} INFO - Job 446: Subtask extract_and_load
[2023-05-09T04:57:28.081+0000] {task_command.py:410} INFO - Running <TaskInstance: veryfi_extract_total.extract_and_load scheduled__2023-05-08T09:00:00+00:00 [running]> on host aa4b7d3de44b
[2023-05-09T04:57:29.939+0000] {taskinstance.py:1570} INFO - Exporting env vars: AIRFLOW_CTX_DAG_OWNER='***' AIRFLOW_CTX_DAG_ID='veryfi_extract_total' AIRFLOW_CTX_TASK_ID='extract_and_load' AIRFLOW_CTX_EXECUTION_DATE='2023-05-08T09:00:00+00:00' AIRFLOW_CTX_TRY_NUMBER='1' AIRFLOW_CTX_DAG_RUN_ID='scheduled__2023-05-08T09:00:00+00:00'
[2023-05-09T04:57:30.001+0000] {ml_response_dag.py:35} INFO - {}
[2023-05-09T04:57:30.002+0000] {ml_response_dag.py:36} INFO - 1
[2023-05-09T04:57:30.003+0000] {ml_response_dag.py:37} INFO - Inserted to db
[2023-05-09T04:57:30.006+0000] {ml_response_dag.py:35} INFO - {'value': '544', 'score': 0.22, 'ocr_score': 0.81, 'bounding_box': [0.22, 0.37, 0.38, 0.52]}
[2023-05-09T04:57:30.006+0000] {ml_response_dag.py:36} INFO - 1
[2023-05-09T04:57:30.007+0000] {ml_response_dag.py:37} INFO - Inserted to db
[2023-05-09T04:57:30.008+0000] {ml_response_dag.py:35} INFO - {}
[2023-05-09T04:57:30.008+0000] {ml_response_dag.py:36} INFO - 1
[2023-05-09T04:57:30.009+0000] {ml_response_dag.py:37} INFO - Inserted to db
[2023-05-09T04:57:30.010+0000] {ml_response_dag.py:35} INFO - {}
[2023-05-09T04:57:30.010+0000] {ml_response_dag.py:36} INFO - 1
[2023-05-09T04:57:30.011+0000] {ml_response_dag.py:37} INFO - Inserted to db
[2023-05-09T04:57:30.012+0000] {ml_response_dag.py:35} INFO - {}
[2023-05-09T04:57:30.013+0000] {ml_response_dag.py:36} INFO - 1
[2023-05-09T04:57:30.013+0000] {ml_response_dag.py:37} INFO - Inserted to db
[2023-05-09T04:57:30.014+0000] {ml_response_dag.py:35} INFO - {}
[2023-05-09T04:57:30.015+0000] {ml_response_dag.py:36} INFO - 1
[2023-05-09T04:57:30.015+0000] {ml_response_dag.py:37} INFO - Inserted to db
[2023-05-09T04:57:30.016+0000] {ml_response_dag.py:35} INFO - {'value': '660', 'score': 0.48, 'ocr_score': 0.32, 'bounding_box': [0.07, 0.82, 0.06, 0.37]}
[2023-05-09T04:57:30.018+0000] {ml_response_dag.py:36} INFO - 1
[2023-05-09T04:57:30.019+0000] {ml_response_dag.py:37} INFO - Inserted to db
[2023-05-09T04:57:30.020+0000] {ml_response_dag.py:35} INFO - {}
[2023-05-09T04:57:30.022+0000] {ml_response_dag.py:36} INFO - 1
[2023-05-09T04:57:30.024+0000] {ml_response_dag.py:37} INFO - Inserted to db
[2023-05-09T04:57:30.026+0000] {ml_response_dag.py:35} INFO - {'value': '801', 'score': 0.92, 'ocr_score': 0.28, 'bounding_box': [0.56, 0.9, 0.37, 0.79]}
[2023-05-09T04:57:30.026+0000] {ml_response_dag.py:36} INFO - 1
[2023-05-09T04:57:30.027+0000] {ml_response_dag.py:37} INFO - Inserted to db
[2023-05-09T04:57:30.055+0000] {ml_response_dag.py:35} INFO - {}
[2023-05-09T04:57:30.058+0000] {ml_response_dag.py:36} INFO - 2
[2023-05-09T04:57:30.060+0000] {ml_response_dag.py:37} INFO - Inserted to db
[2023-05-09T04:57:30.061+0000] {ml_response_dag.py:35} INFO - {}
[2023-05-09T04:57:30.063+0000] {ml_response_dag.py:36} INFO - 2
[2023-05-09T04:57:30.069+0000] {ml_response_dag.py:37} INFO - Inserted to db
[2023-05-09T04:57:30.073+0000] {ml_response_dag.py:35} INFO - {'value': '880', 'score': 0.06, 'ocr_score': 0.1, 'bounding_box': [0.76, 0.47, 0.16, 0.27]}
[2023-05-09T04:57:30.075+0000] {ml_response_dag.py:36} INFO - 2
[2023-05-09T04:57:30.076+0000] {ml_response_dag.py:37} INFO - Inserted to db
[2023-05-09T04:57:30.078+0000] {ml_response_dag.py:35} INFO - {'value': '380', 'score': 0.11, 'ocr_score': 0.36, 'bounding_box': [0.99, 0.15, 0.39, 0.03]}
[2023-05-09T04:57:30.079+0000] {ml_response_dag.py:36} INFO - 2
[2023-05-09T04:57:30.081+0000] {ml_response_dag.py:37} INFO - Inserted to db
[2023-05-09T04:57:30.082+0000] {ml_response_dag.py:35} INFO - {}
[2023-05-09T04:57:30.089+0000] {ml_response_dag.py:36} INFO - 2
[2023-05-09T04:57:30.091+0000] {ml_response_dag.py:37} INFO - Inserted to db
[2023-05-09T04:57:30.092+0000] {ml_response_dag.py:35} INFO - {'value': '770', 'score': 0.37, 'ocr_score': 0.84, 'bounding_box': [0.79, 0.15, 0.82, 0.6]}
[2023-05-09T04:57:30.097+0000] {ml_response_dag.py:36} INFO - 2
[2023-05-09T04:57:30.098+0000] {ml_response_dag.py:37} INFO - Inserted to db
[2023-05-09T04:57:30.102+0000] {ml_response_dag.py:35} INFO - {}
[2023-05-09T04:57:30.103+0000] {ml_response_dag.py:36} INFO - 2
[2023-05-09T04:57:30.104+0000] {ml_response_dag.py:37} INFO - Inserted to db
[2023-05-09T04:57:30.106+0000] {ml_response_dag.py:35} INFO - {}
[2023-05-09T04:57:30.108+0000] {ml_response_dag.py:36} INFO - 2
[2023-05-09T04:57:30.109+0000] {ml_response_dag.py:37} INFO - Inserted to db
[2023-05-09T04:57:30.110+0000] {ml_response_dag.py:35} INFO - {}
[2023-05-09T04:57:30.111+0000] {ml_response_dag.py:36} INFO - 2
[2023-05-09T04:57:30.112+0000] {ml_response_dag.py:37} INFO - Inserted to db
[2023-05-09T04:57:30.115+0000] {ml_response_dag.py:35} INFO - {}
[2023-05-09T04:57:30.116+0000] {ml_response_dag.py:36} INFO - 3
[2023-05-09T04:57:30.123+0000] {ml_response_dag.py:37} INFO - Inserted to db
[2023-05-09T04:57:30.126+0000] {ml_response_dag.py:35} INFO - {}
[2023-05-09T04:57:30.126+0000] {ml_response_dag.py:36} INFO - 4
[2023-05-09T04:57:30.127+0000] {ml_response_dag.py:37} INFO - Inserted to db
[2023-05-09T04:57:30.127+0000] {ml_response_dag.py:35} INFO - {}
[2023-05-09T04:57:30.128+0000] {ml_response_dag.py:36} INFO - 5
[2023-05-09T04:57:30.128+0000] {ml_response_dag.py:37} INFO - Inserted to db
[2023-05-09T04:57:30.129+0000] {ml_response_dag.py:35} INFO - {}
[2023-05-09T04:57:30.129+0000] {ml_response_dag.py:36} INFO - 5
[2023-05-09T04:57:30.130+0000] {ml_response_dag.py:37} INFO - Inserted to db
[2023-05-09T04:57:30.130+0000] {ml_response_dag.py:35} INFO - {'value': '418', 'score': 0.49, 'ocr_score': 0.15, 'bounding_box': [0.88, 0.92, 0.46, 0.3]}
[2023-05-09T04:57:30.131+0000] {ml_response_dag.py:36} INFO - 5
[2023-05-09T04:57:30.131+0000] {ml_response_dag.py:37} INFO - Inserted to db
[2023-05-09T04:57:30.132+0000] {ml_response_dag.py:35} INFO - {}
[2023-05-09T04:57:30.134+0000] {ml_response_dag.py:36} INFO - 5
[2023-05-09T04:57:30.134+0000] {ml_response_dag.py:37} INFO - Inserted to db
[2023-05-09T04:57:30.135+0000] {ml_response_dag.py:35} INFO - {}
[2023-05-09T04:57:30.135+0000] {ml_response_dag.py:36} INFO - 5
[2023-05-09T04:57:30.136+0000] {ml_response_dag.py:37} INFO - Inserted to db
[2023-05-09T04:57:30.136+0000] {ml_response_dag.py:35} INFO - {'value': '78', 'score': 0.03, 'ocr_score': 0.66, 'bounding_box': [0.31, 0.81, 0.43, 0.03]}
[2023-05-09T04:57:30.137+0000] {ml_response_dag.py:36} INFO - 5
[2023-05-09T04:57:30.137+0000] {ml_response_dag.py:37} INFO - Inserted to db
[2023-05-09T04:57:30.138+0000] {ml_response_dag.py:35} INFO - {}
[2023-05-09T04:57:30.141+0000] {ml_response_dag.py:36} INFO - 5
[2023-05-09T04:57:30.141+0000] {ml_response_dag.py:37} INFO - Inserted to db
[2023-05-09T04:57:30.145+0000] {ml_response_dag.py:35} INFO - {'value': '889', 'score': 0.72, 'ocr_score': 0.56, 'bounding_box': [0.38, 0.17, 0.28, 1.0]}
[2023-05-09T04:57:30.145+0000] {ml_response_dag.py:36} INFO - 5
[2023-05-09T04:57:30.146+0000] {ml_response_dag.py:37} INFO - Inserted to db
[2023-05-09T04:57:30.148+0000] {ml_response_dag.py:35} INFO - {'value': '292', 'score': 0.23, 'ocr_score': 0.39, 'bounding_box': [0.45, 0.93, 0.07, 0.2]}
[2023-05-09T04:57:30.149+0000] {ml_response_dag.py:36} INFO - 5
[2023-05-09T04:57:30.151+0000] {ml_response_dag.py:37} INFO - Inserted to db
[2023-05-09T04:57:30.166+0000] {ml_response_dag.py:35} INFO - {}
[2023-05-09T04:57:30.170+0000] {ml_response_dag.py:36} INFO - 6
[2023-05-09T04:57:30.172+0000] {ml_response_dag.py:37} INFO - Inserted to db
[2023-05-09T04:57:30.172+0000] {ml_response_dag.py:35} INFO - {'value': '542', 'score': 0.01, 'ocr_score': 0.03, 'bounding_box': [0.27, 0.53, 0.77, 0.97]}
[2023-05-09T04:57:30.176+0000] {ml_response_dag.py:36} INFO - 7
[2023-05-09T04:57:30.176+0000] {ml_response_dag.py:37} INFO - Inserted to db
[2023-05-09T04:57:30.178+0000] {ml_response_dag.py:35} INFO - {'value': '342', 'score': 0.56, 'ocr_score': 0.14, 'bounding_box': [0.77, 0.91, 0.18, 0.2]}
[2023-05-09T04:57:30.178+0000] {ml_response_dag.py:36} INFO - 7
[2023-05-09T04:57:30.178+0000] {ml_response_dag.py:37} INFO - Inserted to db
[2023-05-09T04:57:30.180+0000] {ml_response_dag.py:35} INFO - {'value': '967', 'score': 0.78, 'ocr_score': 0.39, 'bounding_box': [0.86, 0.38, 0.41, 0.36]}
[2023-05-09T04:57:30.180+0000] {ml_response_dag.py:36} INFO - 7
[2023-05-09T04:57:30.181+0000] {ml_response_dag.py:37} INFO - Inserted to db
[2023-05-09T04:57:30.182+0000] {ml_response_dag.py:35} INFO - {'value': '100', 'score': 0.68, 'ocr_score': 0.75, 'bounding_box': [0.32, 0.6, 0.97, 0.05]}
[2023-05-09T04:57:30.182+0000] {ml_response_dag.py:36} INFO - 7
[2023-05-09T04:57:30.185+0000] {ml_response_dag.py:37} INFO - Inserted to db
[2023-05-09T04:57:30.187+0000] {ml_response_dag.py:35} INFO - {}
[2023-05-09T04:57:30.187+0000] {ml_response_dag.py:36} INFO - 7
[2023-05-09T04:57:30.188+0000] {ml_response_dag.py:37} INFO - Inserted to db
[2023-05-09T04:57:30.189+0000] {ml_response_dag.py:35} INFO - {}
[2023-05-09T04:57:30.189+0000] {ml_response_dag.py:36} INFO - 7
[2023-05-09T04:57:30.190+0000] {ml_response_dag.py:37} INFO - Inserted to db
[2023-05-09T04:57:30.190+0000] {ml_response_dag.py:35} INFO - {'value': '858', 'score': 0.94, 'ocr_score': 0.64, 'bounding_box': [0.22, 0.37, 0.17, 0.07]}
[2023-05-09T04:57:30.191+0000] {ml_response_dag.py:36} INFO - 7
[2023-05-09T04:57:30.191+0000] {ml_response_dag.py:37} INFO - Inserted to db
[2023-05-09T04:57:30.194+0000] {ml_response_dag.py:35} INFO - {}
[2023-05-09T04:57:30.195+0000] {ml_response_dag.py:36} INFO - 7
[2023-05-09T04:57:30.197+0000] {ml_response_dag.py:37} INFO - Inserted to db
[2023-05-09T04:57:30.198+0000] {ml_response_dag.py:35} INFO - {'value': '633', 'score': 0.77, 'ocr_score': 0.17, 'bounding_box': [0.44, 0.56, 0.26, 0.15]}
[2023-05-09T04:57:30.200+0000] {ml_response_dag.py:36} INFO - 7
[2023-05-09T04:57:30.205+0000] {ml_response_dag.py:37} INFO - Inserted to db
[2023-05-09T04:57:30.210+0000] {ml_response_dag.py:35} INFO - {'value': '609', 'score': 0.47, 'ocr_score': 0.56, 'bounding_box': [0.3, 0.87, 0.78, 0.92]}
[2023-05-09T04:57:30.213+0000] {ml_response_dag.py:36} INFO - 8
[2023-05-09T04:57:30.217+0000] {ml_response_dag.py:37} INFO - Inserted to db
[2023-05-09T04:57:30.219+0000] {ml_response_dag.py:35} INFO - {'value': '331', 'score': 0.49, 'ocr_score': 0.99, 'bounding_box': [0.55, 0.36, 0.08, 0.43]}
[2023-05-09T04:57:30.220+0000] {ml_response_dag.py:36} INFO - 8
[2023-05-09T04:57:30.222+0000] {ml_response_dag.py:37} INFO - Inserted to db
[2023-05-09T04:57:30.224+0000] {ml_response_dag.py:35} INFO - {'value': '142', 'score': 0.0, 'ocr_score': 0.58, 'bounding_box': [0.17, 0.36, 0.83, 0.62]}
[2023-05-09T04:57:30.227+0000] {ml_response_dag.py:36} INFO - 8
[2023-05-09T04:57:30.229+0000] {ml_response_dag.py:37} INFO - Inserted to db
[2023-05-09T04:57:30.231+0000] {ml_response_dag.py:35} INFO - {}
[2023-05-09T04:57:30.238+0000] {ml_response_dag.py:36} INFO - 8
[2023-05-09T04:57:30.240+0000] {ml_response_dag.py:37} INFO - Inserted to db
[2023-05-09T04:57:30.254+0000] {ml_response_dag.py:35} INFO - {}
[2023-05-09T04:57:30.263+0000] {ml_response_dag.py:36} INFO - 8
[2023-05-09T04:57:30.265+0000] {ml_response_dag.py:37} INFO - Inserted to db
[2023-05-09T04:57:30.268+0000] {ml_response_dag.py:35} INFO - {}
[2023-05-09T04:57:30.270+0000] {ml_response_dag.py:36} INFO - 8
[2023-05-09T04:57:30.277+0000] {ml_response_dag.py:37} INFO - Inserted to db
[2023-05-09T04:57:30.294+0000] {ml_response_dag.py:35} INFO - {'value': '826', 'score': 0.74, 'ocr_score': 0.69, 'bounding_box': [0.98, 0.11, 0.14, 0.96]}
[2023-05-09T04:57:30.298+0000] {ml_response_dag.py:36} INFO - 8
[2023-05-09T04:57:30.300+0000] {ml_response_dag.py:37} INFO - Inserted to db
[2023-05-09T04:57:30.301+0000] {ml_response_dag.py:35} INFO - {}
[2023-05-09T04:57:30.304+0000] {ml_response_dag.py:36} INFO - 8
[2023-05-09T04:57:30.304+0000] {ml_response_dag.py:37} INFO - Inserted to db
[2023-05-09T04:57:30.305+0000] {ml_response_dag.py:35} INFO - {'value': '299', 'score': 0.85, 'ocr_score': 0.04, 'bounding_box': [0.14, 0.46, 0.06, 0.65]}
[2023-05-09T04:57:30.306+0000] {ml_response_dag.py:36} INFO - 8
[2023-05-09T04:57:30.306+0000] {ml_response_dag.py:37} INFO - Inserted to db
[2023-05-09T04:57:30.307+0000] {ml_response_dag.py:35} INFO - {'value': '362', 'score': 0.62, 'ocr_score': 0.51, 'bounding_box': [0.42, 0.48, 0.21, 0.45]}
[2023-05-09T04:57:30.308+0000] {ml_response_dag.py:36} INFO - 9
[2023-05-09T04:57:30.308+0000] {ml_response_dag.py:37} INFO - Inserted to db
[2023-05-09T04:57:30.309+0000] {ml_response_dag.py:35} INFO - {'value': '288', 'score': 0.77, 'ocr_score': 0.23, 'bounding_box': [0.16, 0.03, 0.68, 0.81]}
[2023-05-09T04:57:30.311+0000] {ml_response_dag.py:36} INFO - 9
[2023-05-09T04:57:30.312+0000] {ml_response_dag.py:37} INFO - Inserted to db
[2023-05-09T04:57:30.315+0000] {ml_response_dag.py:35} INFO - {'value': '803', 'score': 0.03, 'ocr_score': 0.42, 'bounding_box': [0.05, 0.5, 0.56, 0.95]}
[2023-05-09T04:57:30.316+0000] {ml_response_dag.py:36} INFO - 9
[2023-05-09T04:57:30.317+0000] {ml_response_dag.py:37} INFO - Inserted to db
[2023-05-09T04:57:30.319+0000] {ml_response_dag.py:35} INFO - {'value': '750', 'score': 0.85, 'ocr_score': 0.27, 'bounding_box': [0.71, 0.07, 0.54, 0.9]}
[2023-05-09T04:57:30.323+0000] {ml_response_dag.py:36} INFO - 9
[2023-05-09T04:57:30.324+0000] {ml_response_dag.py:37} INFO - Inserted to db
[2023-05-09T04:57:30.333+0000] {ml_response_dag.py:35} INFO - {'value': '148', 'score': 0.41, 'ocr_score': 0.97, 'bounding_box': [0.44, 0.51, 0.69, 0.67]}
[2023-05-09T04:57:30.341+0000] {ml_response_dag.py:36} INFO - 9
[2023-05-09T04:57:30.345+0000] {ml_response_dag.py:37} INFO - Inserted to db
[2023-05-09T04:57:30.348+0000] {ml_response_dag.py:35} INFO - {'value': '161', 'score': 0.49, 'ocr_score': 0.58, 'bounding_box': [0.51, 0.51, 0.55, 0.06]}
[2023-05-09T04:57:30.349+0000] {ml_response_dag.py:36} INFO - 9
[2023-05-09T04:57:30.350+0000] {ml_response_dag.py:37} INFO - Inserted to db
[2023-05-09T04:57:30.351+0000] {ml_response_dag.py:35} INFO - {}
[2023-05-09T04:57:30.352+0000] {ml_response_dag.py:36} INFO - 9
[2023-05-09T04:57:30.352+0000] {ml_response_dag.py:37} INFO - Inserted to db
[2023-05-09T04:57:30.359+0000] {ml_response_dag.py:35} INFO - {}
[2023-05-09T04:57:30.366+0000] {ml_response_dag.py:36} INFO - 9
[2023-05-09T04:57:30.367+0000] {ml_response_dag.py:37} INFO - Inserted to db
[2023-05-09T04:57:30.369+0000] {ml_response_dag.py:35} INFO - {}
[2023-05-09T04:57:30.371+0000] {ml_response_dag.py:36} INFO - 9
[2023-05-09T04:57:30.372+0000] {ml_response_dag.py:37} INFO - Inserted to db
[2023-05-09T04:57:30.373+0000] {ml_response_dag.py:35} INFO - {'value': '842', 'score': 0.47, 'ocr_score': 0.75, 'bounding_box': [0.16, 0.91, 0.32, 0.53]}
[2023-05-09T04:57:30.375+0000] {ml_response_dag.py:36} INFO - 10
[2023-05-09T04:57:30.376+0000] {ml_response_dag.py:37} INFO - Inserted to db
[2023-05-09T04:57:30.382+0000] {ml_response_dag.py:35} INFO - {}
[2023-05-09T04:57:30.387+0000] {ml_response_dag.py:36} INFO - 10
[2023-05-09T04:57:30.389+0000] {ml_response_dag.py:37} INFO - Inserted to db
[2023-05-09T04:57:30.390+0000] {ml_response_dag.py:35} INFO - {}
[2023-05-09T04:57:30.392+0000] {ml_response_dag.py:36} INFO - 10
[2023-05-09T04:57:30.394+0000] {ml_response_dag.py:37} INFO - Inserted to db
[2023-05-09T04:57:30.395+0000] {ml_response_dag.py:35} INFO - {'value': '458', 'score': 0.81, 'ocr_score': 0.31, 'bounding_box': [0.69, 0.54, 0.48, 0.39]}
[2023-05-09T04:57:30.396+0000] {ml_response_dag.py:36} INFO - 10
[2023-05-09T04:57:30.397+0000] {ml_response_dag.py:37} INFO - Inserted to db
[2023-05-09T04:57:30.397+0000] {ml_response_dag.py:35} INFO - {'value': '776', 'score': 0.77, 'ocr_score': 0.34, 'bounding_box': [0.76, 0.85, 0.56, 0.82]}
[2023-05-09T04:57:30.398+0000] {ml_response_dag.py:36} INFO - 10
[2023-05-09T04:57:30.399+0000] {ml_response_dag.py:37} INFO - Inserted to db
[2023-05-09T04:57:30.402+0000] {ml_response_dag.py:35} INFO - {}
[2023-05-09T04:57:30.404+0000] {ml_response_dag.py:36} INFO - 10
[2023-05-09T04:57:30.408+0000] {ml_response_dag.py:37} INFO - Inserted to db
[2023-05-09T04:57:30.414+0000] {ml_response_dag.py:35} INFO - {'value': '51', 'score': 0.76, 'ocr_score': 0.29, 'bounding_box': [0.79, 0.88, 0.43, 0.21]}
[2023-05-09T04:57:30.416+0000] {ml_response_dag.py:36} INFO - 10
[2023-05-09T04:57:30.419+0000] {ml_response_dag.py:37} INFO - Inserted to db
[2023-05-09T04:57:30.420+0000] {ml_response_dag.py:35} INFO - {'value': '843', 'score': 0.05, 'ocr_score': 0.96, 'bounding_box': [0.84, 0.04, 0.6, 0.52]}
[2023-05-09T04:57:30.421+0000] {ml_response_dag.py:36} INFO - 10
[2023-05-09T04:57:30.421+0000] {ml_response_dag.py:37} INFO - Inserted to db
[2023-05-09T04:57:30.425+0000] {ml_response_dag.py:35} INFO - {'value': '517', 'score': 0.75, 'ocr_score': 0.74, 'bounding_box': [0.65, 0.92, 0.1, 0.59]}
[2023-05-09T04:57:30.430+0000] {ml_response_dag.py:36} INFO - 10
[2023-05-09T04:57:30.435+0000] {ml_response_dag.py:37} INFO - Inserted to db
[2023-05-09T04:57:30.437+0000] {ml_response_dag.py:35} INFO - {}
[2023-05-09T04:57:30.438+0000] {ml_response_dag.py:36} INFO - 11
[2023-05-09T04:57:30.438+0000] {ml_response_dag.py:37} INFO - Inserted to db
[2023-05-09T04:57:30.439+0000] {ml_response_dag.py:35} INFO - {}
[2023-05-09T04:57:30.440+0000] {ml_response_dag.py:36} INFO - 11
[2023-05-09T04:57:30.441+0000] {ml_response_dag.py:37} INFO - Inserted to db
[2023-05-09T04:57:30.442+0000] {ml_response_dag.py:35} INFO - {'value': '288', 'score': 0.6, 'ocr_score': 0.29, 'bounding_box': [0.96, 0.39, 0.81, 0.96]}
[2023-05-09T04:57:30.442+0000] {ml_response_dag.py:36} INFO - 11
[2023-05-09T04:57:30.443+0000] {ml_response_dag.py:37} INFO - Inserted to db
[2023-05-09T04:57:30.444+0000] {ml_response_dag.py:35} INFO - {'value': '878', 'score': 0.44, 'ocr_score': 0.56, 'bounding_box': [0.46, 0.03, 0.06, 0.3]}
[2023-05-09T04:57:30.445+0000] {ml_response_dag.py:36} INFO - 11
[2023-05-09T04:57:30.447+0000] {ml_response_dag.py:37} INFO - Inserted to db
[2023-05-09T04:57:30.449+0000] {ml_response_dag.py:35} INFO - {}
[2023-05-09T04:57:30.450+0000] {ml_response_dag.py:36} INFO - 11
[2023-05-09T04:57:30.451+0000] {ml_response_dag.py:37} INFO - Inserted to db
[2023-05-09T04:57:30.452+0000] {ml_response_dag.py:35} INFO - {}
[2023-05-09T04:57:30.455+0000] {ml_response_dag.py:36} INFO - 11
[2023-05-09T04:57:30.456+0000] {ml_response_dag.py:37} INFO - Inserted to db
[2023-05-09T04:57:30.456+0000] {ml_response_dag.py:35} INFO - {}
[2023-05-09T04:57:30.457+0000] {ml_response_dag.py:36} INFO - 11
[2023-05-09T04:57:30.457+0000] {ml_response_dag.py:37} INFO - Inserted to db
[2023-05-09T04:57:30.458+0000] {ml_response_dag.py:35} INFO - {'value': '650', 'score': 0.79, 'ocr_score': 0.64, 'bounding_box': [0.13, 0.78, 0.29, 0.37]}
[2023-05-09T04:57:30.458+0000] {ml_response_dag.py:36} INFO - 11
[2023-05-09T04:57:30.458+0000] {ml_response_dag.py:37} INFO - Inserted to db
[2023-05-09T04:57:30.459+0000] {ml_response_dag.py:35} INFO - {}
[2023-05-09T04:57:30.460+0000] {ml_response_dag.py:36} INFO - 11
[2023-05-09T04:57:30.461+0000] {ml_response_dag.py:37} INFO - Inserted to db
[2023-05-09T04:57:30.461+0000] {ml_response_dag.py:35} INFO - {'value': '643', 'score': 0.23, 'ocr_score': 0.72, 'bounding_box': [0.01, 0.39, 0.58, 0.53]}
[2023-05-09T04:57:30.462+0000] {ml_response_dag.py:36} INFO - 12
[2023-05-09T04:57:30.463+0000] {ml_response_dag.py:37} INFO - Inserted to db
[2023-05-09T04:57:30.463+0000] {ml_response_dag.py:35} INFO - {}
[2023-05-09T04:57:30.465+0000] {ml_response_dag.py:36} INFO - 13
[2023-05-09T04:57:30.484+0000] {ml_response_dag.py:37} INFO - Inserted to db
[2023-05-09T04:57:30.491+0000] {ml_response_dag.py:35} INFO - {}
[2023-05-09T04:57:30.493+0000] {ml_response_dag.py:36} INFO - 14
[2023-05-09T04:57:30.494+0000] {ml_response_dag.py:37} INFO - Inserted to db
[2023-05-09T04:57:30.499+0000] {ml_response_dag.py:35} INFO - {'value': '141', 'score': 0.27, 'ocr_score': 0.93, 'bounding_box': [0.24, 0.73, 0.11, 0.89]}
[2023-05-09T04:57:30.505+0000] {ml_response_dag.py:36} INFO - 15
[2023-05-09T04:57:30.505+0000] {ml_response_dag.py:37} INFO - Inserted to db
[2023-05-09T04:57:30.507+0000] {ml_response_dag.py:35} INFO - {'value': '59', 'score': 0.45, 'ocr_score': 0.57, 'bounding_box': [0.45, 0.64, 0.68, 0.17]}
[2023-05-09T04:57:30.509+0000] {ml_response_dag.py:36} INFO - 15
[2023-05-09T04:57:30.513+0000] {ml_response_dag.py:37} INFO - Inserted to db
[2023-05-09T04:57:30.520+0000] {ml_response_dag.py:35} INFO - {'value': '333', 'score': 0.34, 'ocr_score': 0.85, 'bounding_box': [0.81, 0.57, 0.99, 0.77]}
[2023-05-09T04:57:30.520+0000] {ml_response_dag.py:36} INFO - 15
[2023-05-09T04:57:30.520+0000] {ml_response_dag.py:37} INFO - Inserted to db
[2023-05-09T04:57:30.521+0000] {ml_response_dag.py:35} INFO - {'value': '257', 'score': 0.11, 'ocr_score': 0.43, 'bounding_box': [0.37, 0.55, 0.53, 0.66]}
[2023-05-09T04:57:30.521+0000] {ml_response_dag.py:36} INFO - 15
[2023-05-09T04:57:30.522+0000] {ml_response_dag.py:37} INFO - Inserted to db
[2023-05-09T04:57:30.522+0000] {ml_response_dag.py:35} INFO - {'value': '190', 'score': 0.21, 'ocr_score': 0.83, 'bounding_box': [0.88, 0.83, 0.57, 0.11]}
[2023-05-09T04:57:30.523+0000] {ml_response_dag.py:36} INFO - 15
[2023-05-09T04:57:30.523+0000] {ml_response_dag.py:37} INFO - Inserted to db
[2023-05-09T04:57:30.524+0000] {ml_response_dag.py:35} INFO - {}
[2023-05-09T04:57:30.525+0000] {ml_response_dag.py:36} INFO - 15
[2023-05-09T04:57:30.525+0000] {ml_response_dag.py:37} INFO - Inserted to db
[2023-05-09T04:57:30.526+0000] {ml_response_dag.py:35} INFO - {}
[2023-05-09T04:57:30.526+0000] {ml_response_dag.py:36} INFO - 15
[2023-05-09T04:57:30.528+0000] {ml_response_dag.py:37} INFO - Inserted to db
[2023-05-09T04:57:30.529+0000] {ml_response_dag.py:35} INFO - {}
[2023-05-09T04:57:30.530+0000] {ml_response_dag.py:36} INFO - 15
[2023-05-09T04:57:30.530+0000] {ml_response_dag.py:37} INFO - Inserted to db
[2023-05-09T04:57:30.532+0000] {ml_response_dag.py:35} INFO - {'value': '475', 'score': 0.57, 'ocr_score': 0.49, 'bounding_box': [0.4, 0.3, 0.99, 0.32]}
[2023-05-09T04:57:30.532+0000] {ml_response_dag.py:36} INFO - 15
[2023-05-09T04:57:30.533+0000] {ml_response_dag.py:37} INFO - Inserted to db
[2023-05-09T04:57:30.535+0000] {ml_response_dag.py:35} INFO - {'value': '745', 'score': 0.84, 'ocr_score': 0.82, 'bounding_box': [0.84, 0.57, 0.94, 0.44]}
[2023-05-09T04:57:30.535+0000] {ml_response_dag.py:36} INFO - 16
[2023-05-09T04:57:30.538+0000] {ml_response_dag.py:37} INFO - Inserted to db
[2023-05-09T04:57:30.569+0000] {python.py:183} INFO - Done. Returned value was: None
[2023-05-09T04:57:30.661+0000] {taskinstance.py:1373} INFO - Marking task as SUCCESS. dag_id=veryfi_extract_total, task_id=extract_and_load, execution_date=20230508T090000, start_date=20230509T045727, end_date=20230509T045730
[2023-05-09T04:57:30.811+0000] {local_task_job_runner.py:232} INFO - Task exited with return code 0
[2023-05-09T04:57:30.903+0000] {taskinstance.py:2674} INFO - 0 downstream tasks scheduled from follow-on schedule check
