[2023-05-09T04:46:06.089+0000] {taskinstance.py:1125} INFO - Dependencies all met for dep_context=non-requeueable deps ti=<TaskInstance: veryfi_extract_total.extract_and_load scheduled__2023-05-08T00:39:30+00:00 [queued]>
[2023-05-09T04:46:06.111+0000] {taskinstance.py:1125} INFO - Dependencies all met for dep_context=requeueable deps ti=<TaskInstance: veryfi_extract_total.extract_and_load scheduled__2023-05-08T00:39:30+00:00 [queued]>
[2023-05-09T04:46:06.115+0000] {taskinstance.py:1331} INFO - Starting attempt 1 of 2
[2023-05-09T04:46:06.152+0000] {taskinstance.py:1350} INFO - Executing <Task(PythonOperator): extract_and_load> on 2023-05-08 00:39:30+00:00
[2023-05-09T04:46:06.232+0000] {standard_task_runner.py:57} INFO - Started process 999 to run task
[2023-05-09T04:46:06.273+0000] {standard_task_runner.py:84} INFO - Running: ['***', 'tasks', 'run', 'veryfi_extract_total', 'extract_and_load', 'scheduled__2023-05-08T00:39:30+00:00', '--job-id', '214', '--raw', '--subdir', 'DAGS_FOLDER/ml_response_dag.py', '--cfg-path', '/tmp/tmpfsr8yryl']
[2023-05-09T04:46:06.276+0000] {standard_task_runner.py:85} INFO - Job 214: Subtask extract_and_load
[2023-05-09T04:46:06.681+0000] {task_command.py:410} INFO - Running <TaskInstance: veryfi_extract_total.extract_and_load scheduled__2023-05-08T00:39:30+00:00 [running]> on host aa4b7d3de44b
[2023-05-09T04:46:07.038+0000] {taskinstance.py:1570} INFO - Exporting env vars: AIRFLOW_CTX_DAG_OWNER='***' AIRFLOW_CTX_DAG_ID='veryfi_extract_total' AIRFLOW_CTX_TASK_ID='extract_and_load' AIRFLOW_CTX_EXECUTION_DATE='2023-05-08T00:39:30+00:00' AIRFLOW_CTX_TRY_NUMBER='1' AIRFLOW_CTX_DAG_RUN_ID='scheduled__2023-05-08T00:39:30+00:00'
[2023-05-09T04:46:07.071+0000] {ml_response_dag.py:36} INFO - {}
[2023-05-09T04:46:07.073+0000] {ml_response_dag.py:37} INFO - 1
[2023-05-09T04:46:07.076+0000] {ml_response_dag.py:36} INFO - {'value': '544', 'score': 0.22, 'ocr_score': 0.81, 'bounding_box': [0.22, 0.37, 0.38, 0.52]}
[2023-05-09T04:46:07.076+0000] {ml_response_dag.py:37} INFO - 1
[2023-05-09T04:46:07.078+0000] {ml_response_dag.py:36} INFO - {}
[2023-05-09T04:46:07.078+0000] {ml_response_dag.py:37} INFO - 1
[2023-05-09T04:46:07.080+0000] {ml_response_dag.py:36} INFO - {}
[2023-05-09T04:46:07.081+0000] {ml_response_dag.py:37} INFO - 1
[2023-05-09T04:46:07.081+0000] {ml_response_dag.py:36} INFO - {}
[2023-05-09T04:46:07.082+0000] {ml_response_dag.py:37} INFO - 1
[2023-05-09T04:46:07.082+0000] {ml_response_dag.py:36} INFO - {}
[2023-05-09T04:46:07.083+0000] {ml_response_dag.py:37} INFO - 1
[2023-05-09T04:46:07.083+0000] {ml_response_dag.py:36} INFO - {'value': '660', 'score': 0.48, 'ocr_score': 0.32, 'bounding_box': [0.07, 0.82, 0.06, 0.37]}
[2023-05-09T04:46:07.084+0000] {ml_response_dag.py:37} INFO - 1
[2023-05-09T04:46:07.085+0000] {ml_response_dag.py:36} INFO - {}
[2023-05-09T04:46:07.085+0000] {ml_response_dag.py:37} INFO - 1
[2023-05-09T04:46:07.085+0000] {ml_response_dag.py:36} INFO - {'value': '801', 'score': 0.92, 'ocr_score': 0.28, 'bounding_box': [0.56, 0.9, 0.37, 0.79]}
[2023-05-09T04:46:07.086+0000] {ml_response_dag.py:37} INFO - 1
[2023-05-09T04:46:07.087+0000] {ml_response_dag.py:36} INFO - {}
[2023-05-09T04:46:07.089+0000] {ml_response_dag.py:37} INFO - 2
[2023-05-09T04:46:07.090+0000] {ml_response_dag.py:36} INFO - {}
[2023-05-09T04:46:07.091+0000] {ml_response_dag.py:37} INFO - 2
[2023-05-09T04:46:07.094+0000] {ml_response_dag.py:36} INFO - {'value': '880', 'score': 0.06, 'ocr_score': 0.1, 'bounding_box': [0.76, 0.47, 0.16, 0.27]}
[2023-05-09T04:46:07.095+0000] {ml_response_dag.py:37} INFO - 2
[2023-05-09T04:46:07.100+0000] {ml_response_dag.py:36} INFO - {'value': '380', 'score': 0.11, 'ocr_score': 0.36, 'bounding_box': [0.99, 0.15, 0.39, 0.03]}
[2023-05-09T04:46:07.101+0000] {ml_response_dag.py:37} INFO - 2
[2023-05-09T04:46:07.102+0000] {ml_response_dag.py:36} INFO - {}
[2023-05-09T04:46:07.103+0000] {ml_response_dag.py:37} INFO - 2
[2023-05-09T04:46:07.103+0000] {ml_response_dag.py:36} INFO - {'value': '770', 'score': 0.37, 'ocr_score': 0.84, 'bounding_box': [0.79, 0.15, 0.82, 0.6]}
[2023-05-09T04:46:07.104+0000] {ml_response_dag.py:37} INFO - 2
[2023-05-09T04:46:07.105+0000] {ml_response_dag.py:36} INFO - {}
[2023-05-09T04:46:07.106+0000] {ml_response_dag.py:37} INFO - 2
[2023-05-09T04:46:07.107+0000] {ml_response_dag.py:36} INFO - {}
[2023-05-09T04:46:07.110+0000] {ml_response_dag.py:37} INFO - 2
[2023-05-09T04:46:07.114+0000] {ml_response_dag.py:36} INFO - {}
[2023-05-09T04:46:07.120+0000] {ml_response_dag.py:37} INFO - 2
[2023-05-09T04:46:07.122+0000] {ml_response_dag.py:36} INFO - {}
[2023-05-09T04:46:07.123+0000] {ml_response_dag.py:37} INFO - 3
[2023-05-09T04:46:07.123+0000] {ml_response_dag.py:36} INFO - {}
[2023-05-09T04:46:07.124+0000] {ml_response_dag.py:37} INFO - 4
[2023-05-09T04:46:07.125+0000] {ml_response_dag.py:36} INFO - {}
[2023-05-09T04:46:07.125+0000] {ml_response_dag.py:37} INFO - 5
[2023-05-09T04:46:07.126+0000] {ml_response_dag.py:36} INFO - {}
[2023-05-09T04:46:07.126+0000] {ml_response_dag.py:37} INFO - 5
[2023-05-09T04:46:07.128+0000] {ml_response_dag.py:36} INFO - {'value': '418', 'score': 0.49, 'ocr_score': 0.15, 'bounding_box': [0.88, 0.92, 0.46, 0.3]}
[2023-05-09T04:46:07.129+0000] {ml_response_dag.py:37} INFO - 5
[2023-05-09T04:46:07.129+0000] {ml_response_dag.py:36} INFO - {}
[2023-05-09T04:46:07.130+0000] {ml_response_dag.py:37} INFO - 5
[2023-05-09T04:46:07.133+0000] {ml_response_dag.py:36} INFO - {}
[2023-05-09T04:46:07.134+0000] {ml_response_dag.py:37} INFO - 5
[2023-05-09T04:46:07.135+0000] {ml_response_dag.py:36} INFO - {'value': '78', 'score': 0.03, 'ocr_score': 0.66, 'bounding_box': [0.31, 0.81, 0.43, 0.03]}
[2023-05-09T04:46:07.137+0000] {ml_response_dag.py:37} INFO - 5
[2023-05-09T04:46:07.138+0000] {ml_response_dag.py:36} INFO - {}
[2023-05-09T04:46:07.138+0000] {ml_response_dag.py:37} INFO - 5
[2023-05-09T04:46:07.139+0000] {ml_response_dag.py:36} INFO - {'value': '889', 'score': 0.72, 'ocr_score': 0.56, 'bounding_box': [0.38, 0.17, 0.28, 1.0]}
[2023-05-09T04:46:07.140+0000] {ml_response_dag.py:37} INFO - 5
[2023-05-09T04:46:07.142+0000] {ml_response_dag.py:36} INFO - {'value': '292', 'score': 0.23, 'ocr_score': 0.39, 'bounding_box': [0.45, 0.93, 0.07, 0.2]}
[2023-05-09T04:46:07.142+0000] {ml_response_dag.py:37} INFO - 5
[2023-05-09T04:46:07.143+0000] {ml_response_dag.py:36} INFO - {}
[2023-05-09T04:46:07.143+0000] {ml_response_dag.py:37} INFO - 6
[2023-05-09T04:46:07.143+0000] {ml_response_dag.py:36} INFO - {'value': '542', 'score': 0.01, 'ocr_score': 0.03, 'bounding_box': [0.27, 0.53, 0.77, 0.97]}
[2023-05-09T04:46:07.144+0000] {ml_response_dag.py:37} INFO - 7
[2023-05-09T04:46:07.144+0000] {ml_response_dag.py:36} INFO - {'value': '342', 'score': 0.56, 'ocr_score': 0.14, 'bounding_box': [0.77, 0.91, 0.18, 0.2]}
[2023-05-09T04:46:07.145+0000] {ml_response_dag.py:37} INFO - 7
[2023-05-09T04:46:07.145+0000] {ml_response_dag.py:36} INFO - {'value': '967', 'score': 0.78, 'ocr_score': 0.39, 'bounding_box': [0.86, 0.38, 0.41, 0.36]}
[2023-05-09T04:46:07.151+0000] {ml_response_dag.py:37} INFO - 7
[2023-05-09T04:46:07.153+0000] {ml_response_dag.py:36} INFO - {'value': '100', 'score': 0.68, 'ocr_score': 0.75, 'bounding_box': [0.32, 0.6, 0.97, 0.05]}
[2023-05-09T04:46:07.156+0000] {ml_response_dag.py:37} INFO - 7
[2023-05-09T04:46:07.158+0000] {ml_response_dag.py:36} INFO - {}
[2023-05-09T04:46:07.159+0000] {ml_response_dag.py:37} INFO - 7
[2023-05-09T04:46:07.161+0000] {ml_response_dag.py:36} INFO - {}
[2023-05-09T04:46:07.163+0000] {ml_response_dag.py:37} INFO - 7
[2023-05-09T04:46:07.164+0000] {ml_response_dag.py:36} INFO - {'value': '858', 'score': 0.94, 'ocr_score': 0.64, 'bounding_box': [0.22, 0.37, 0.17, 0.07]}
[2023-05-09T04:46:07.174+0000] {ml_response_dag.py:37} INFO - 7
[2023-05-09T04:46:07.176+0000] {ml_response_dag.py:36} INFO - {}
[2023-05-09T04:46:07.177+0000] {ml_response_dag.py:37} INFO - 7
[2023-05-09T04:46:07.177+0000] {ml_response_dag.py:36} INFO - {'value': '633', 'score': 0.77, 'ocr_score': 0.17, 'bounding_box': [0.44, 0.56, 0.26, 0.15]}
[2023-05-09T04:46:07.178+0000] {ml_response_dag.py:37} INFO - 7
[2023-05-09T04:46:07.181+0000] {ml_response_dag.py:36} INFO - {'value': '609', 'score': 0.47, 'ocr_score': 0.56, 'bounding_box': [0.3, 0.87, 0.78, 0.92]}
[2023-05-09T04:46:07.184+0000] {ml_response_dag.py:37} INFO - 8
[2023-05-09T04:46:07.186+0000] {ml_response_dag.py:36} INFO - {'value': '331', 'score': 0.49, 'ocr_score': 0.99, 'bounding_box': [0.55, 0.36, 0.08, 0.43]}
[2023-05-09T04:46:07.187+0000] {ml_response_dag.py:37} INFO - 8
[2023-05-09T04:46:07.188+0000] {ml_response_dag.py:36} INFO - {'value': '142', 'score': 0.0, 'ocr_score': 0.58, 'bounding_box': [0.17, 0.36, 0.83, 0.62]}
[2023-05-09T04:46:07.188+0000] {ml_response_dag.py:37} INFO - 8
[2023-05-09T04:46:07.189+0000] {ml_response_dag.py:36} INFO - {}
[2023-05-09T04:46:07.189+0000] {ml_response_dag.py:37} INFO - 8
[2023-05-09T04:46:07.190+0000] {ml_response_dag.py:36} INFO - {}
[2023-05-09T04:46:07.190+0000] {ml_response_dag.py:37} INFO - 8
[2023-05-09T04:46:07.191+0000] {ml_response_dag.py:36} INFO - {}
[2023-05-09T04:46:07.191+0000] {ml_response_dag.py:37} INFO - 8
[2023-05-09T04:46:07.191+0000] {ml_response_dag.py:36} INFO - {'value': '826', 'score': 0.74, 'ocr_score': 0.69, 'bounding_box': [0.98, 0.11, 0.14, 0.96]}
[2023-05-09T04:46:07.192+0000] {ml_response_dag.py:37} INFO - 8
[2023-05-09T04:46:07.194+0000] {ml_response_dag.py:36} INFO - {}
[2023-05-09T04:46:07.198+0000] {ml_response_dag.py:37} INFO - 8
[2023-05-09T04:46:07.199+0000] {ml_response_dag.py:36} INFO - {'value': '299', 'score': 0.85, 'ocr_score': 0.04, 'bounding_box': [0.14, 0.46, 0.06, 0.65]}
[2023-05-09T04:46:07.200+0000] {ml_response_dag.py:37} INFO - 8
[2023-05-09T04:46:07.201+0000] {ml_response_dag.py:36} INFO - {'value': '362', 'score': 0.62, 'ocr_score': 0.51, 'bounding_box': [0.42, 0.48, 0.21, 0.45]}
[2023-05-09T04:46:07.202+0000] {ml_response_dag.py:37} INFO - 9
[2023-05-09T04:46:07.202+0000] {ml_response_dag.py:36} INFO - {'value': '288', 'score': 0.77, 'ocr_score': 0.23, 'bounding_box': [0.16, 0.03, 0.68, 0.81]}
[2023-05-09T04:46:07.205+0000] {ml_response_dag.py:37} INFO - 9
[2023-05-09T04:46:07.206+0000] {ml_response_dag.py:36} INFO - {'value': '803', 'score': 0.03, 'ocr_score': 0.42, 'bounding_box': [0.05, 0.5, 0.56, 0.95]}
[2023-05-09T04:46:07.207+0000] {ml_response_dag.py:37} INFO - 9
[2023-05-09T04:46:07.207+0000] {ml_response_dag.py:36} INFO - {'value': '750', 'score': 0.85, 'ocr_score': 0.27, 'bounding_box': [0.71, 0.07, 0.54, 0.9]}
[2023-05-09T04:46:07.209+0000] {ml_response_dag.py:37} INFO - 9
[2023-05-09T04:46:07.210+0000] {ml_response_dag.py:36} INFO - {'value': '148', 'score': 0.41, 'ocr_score': 0.97, 'bounding_box': [0.44, 0.51, 0.69, 0.67]}
[2023-05-09T04:46:07.210+0000] {ml_response_dag.py:37} INFO - 9
[2023-05-09T04:46:07.211+0000] {ml_response_dag.py:36} INFO - {'value': '161', 'score': 0.49, 'ocr_score': 0.58, 'bounding_box': [0.51, 0.51, 0.55, 0.06]}
[2023-05-09T04:46:07.211+0000] {ml_response_dag.py:37} INFO - 9
[2023-05-09T04:46:07.212+0000] {ml_response_dag.py:36} INFO - {}
[2023-05-09T04:46:07.213+0000] {ml_response_dag.py:37} INFO - 9
[2023-05-09T04:46:07.222+0000] {ml_response_dag.py:36} INFO - {}
[2023-05-09T04:46:07.222+0000] {ml_response_dag.py:37} INFO - 9
[2023-05-09T04:46:07.223+0000] {ml_response_dag.py:36} INFO - {}
[2023-05-09T04:46:07.224+0000] {ml_response_dag.py:37} INFO - 9
[2023-05-09T04:46:07.224+0000] {ml_response_dag.py:36} INFO - {'value': '842', 'score': 0.47, 'ocr_score': 0.75, 'bounding_box': [0.16, 0.91, 0.32, 0.53]}
[2023-05-09T04:46:07.225+0000] {ml_response_dag.py:37} INFO - 10
[2023-05-09T04:46:07.226+0000] {ml_response_dag.py:36} INFO - {}
[2023-05-09T04:46:07.226+0000] {ml_response_dag.py:37} INFO - 10
[2023-05-09T04:46:07.227+0000] {ml_response_dag.py:36} INFO - {}
[2023-05-09T04:46:07.228+0000] {ml_response_dag.py:37} INFO - 10
[2023-05-09T04:46:07.229+0000] {ml_response_dag.py:36} INFO - {'value': '458', 'score': 0.81, 'ocr_score': 0.31, 'bounding_box': [0.69, 0.54, 0.48, 0.39]}
[2023-05-09T04:46:07.229+0000] {ml_response_dag.py:37} INFO - 10
[2023-05-09T04:46:07.230+0000] {ml_response_dag.py:36} INFO - {'value': '776', 'score': 0.77, 'ocr_score': 0.34, 'bounding_box': [0.76, 0.85, 0.56, 0.82]}
[2023-05-09T04:46:07.234+0000] {ml_response_dag.py:37} INFO - 10
[2023-05-09T04:46:07.235+0000] {ml_response_dag.py:36} INFO - {}
[2023-05-09T04:46:07.236+0000] {ml_response_dag.py:37} INFO - 10
[2023-05-09T04:46:07.236+0000] {ml_response_dag.py:36} INFO - {'value': '51', 'score': 0.76, 'ocr_score': 0.29, 'bounding_box': [0.79, 0.88, 0.43, 0.21]}
[2023-05-09T04:46:07.238+0000] {ml_response_dag.py:37} INFO - 10
[2023-05-09T04:46:07.239+0000] {ml_response_dag.py:36} INFO - {'value': '843', 'score': 0.05, 'ocr_score': 0.96, 'bounding_box': [0.84, 0.04, 0.6, 0.52]}
[2023-05-09T04:46:07.239+0000] {ml_response_dag.py:37} INFO - 10
[2023-05-09T04:46:07.240+0000] {ml_response_dag.py:36} INFO - {'value': '517', 'score': 0.75, 'ocr_score': 0.74, 'bounding_box': [0.65, 0.92, 0.1, 0.59]}
[2023-05-09T04:46:07.240+0000] {ml_response_dag.py:37} INFO - 10
[2023-05-09T04:46:07.241+0000] {ml_response_dag.py:36} INFO - {}
[2023-05-09T04:46:07.241+0000] {ml_response_dag.py:37} INFO - 11
[2023-05-09T04:46:07.242+0000] {ml_response_dag.py:36} INFO - {}
[2023-05-09T04:46:07.242+0000] {ml_response_dag.py:37} INFO - 11
[2023-05-09T04:46:07.243+0000] {ml_response_dag.py:36} INFO - {'value': '288', 'score': 0.6, 'ocr_score': 0.29, 'bounding_box': [0.96, 0.39, 0.81, 0.96]}
[2023-05-09T04:46:07.244+0000] {ml_response_dag.py:37} INFO - 11
[2023-05-09T04:46:07.244+0000] {ml_response_dag.py:36} INFO - {'value': '878', 'score': 0.44, 'ocr_score': 0.56, 'bounding_box': [0.46, 0.03, 0.06, 0.3]}
[2023-05-09T04:46:07.245+0000] {ml_response_dag.py:37} INFO - 11
[2023-05-09T04:46:07.245+0000] {ml_response_dag.py:36} INFO - {}
[2023-05-09T04:46:07.245+0000] {ml_response_dag.py:37} INFO - 11
[2023-05-09T04:46:07.246+0000] {ml_response_dag.py:36} INFO - {}
[2023-05-09T04:46:07.247+0000] {ml_response_dag.py:37} INFO - 11
[2023-05-09T04:46:07.251+0000] {ml_response_dag.py:36} INFO - {}
[2023-05-09T04:46:07.251+0000] {ml_response_dag.py:37} INFO - 11
[2023-05-09T04:46:07.252+0000] {ml_response_dag.py:36} INFO - {'value': '650', 'score': 0.79, 'ocr_score': 0.64, 'bounding_box': [0.13, 0.78, 0.29, 0.37]}
[2023-05-09T04:46:07.252+0000] {ml_response_dag.py:37} INFO - 11
[2023-05-09T04:46:07.253+0000] {ml_response_dag.py:36} INFO - {}
[2023-05-09T04:46:07.253+0000] {ml_response_dag.py:37} INFO - 11
[2023-05-09T04:46:07.258+0000] {ml_response_dag.py:36} INFO - {'value': '643', 'score': 0.23, 'ocr_score': 0.72, 'bounding_box': [0.01, 0.39, 0.58, 0.53]}
[2023-05-09T04:46:07.259+0000] {ml_response_dag.py:37} INFO - 12
[2023-05-09T04:46:07.260+0000] {ml_response_dag.py:36} INFO - {}
[2023-05-09T04:46:07.260+0000] {ml_response_dag.py:37} INFO - 13
[2023-05-09T04:46:07.261+0000] {ml_response_dag.py:36} INFO - {}
[2023-05-09T04:46:07.261+0000] {ml_response_dag.py:37} INFO - 14
[2023-05-09T04:46:07.262+0000] {ml_response_dag.py:36} INFO - {'value': '141', 'score': 0.27, 'ocr_score': 0.93, 'bounding_box': [0.24, 0.73, 0.11, 0.89]}
[2023-05-09T04:46:07.262+0000] {ml_response_dag.py:37} INFO - 15
[2023-05-09T04:46:07.263+0000] {ml_response_dag.py:36} INFO - {'value': '59', 'score': 0.45, 'ocr_score': 0.57, 'bounding_box': [0.45, 0.64, 0.68, 0.17]}
[2023-05-09T04:46:07.263+0000] {ml_response_dag.py:37} INFO - 15
[2023-05-09T04:46:07.264+0000] {ml_response_dag.py:36} INFO - {'value': '333', 'score': 0.34, 'ocr_score': 0.85, 'bounding_box': [0.81, 0.57, 0.99, 0.77]}
[2023-05-09T04:46:07.265+0000] {ml_response_dag.py:37} INFO - 15
[2023-05-09T04:46:07.270+0000] {ml_response_dag.py:36} INFO - {'value': '257', 'score': 0.11, 'ocr_score': 0.43, 'bounding_box': [0.37, 0.55, 0.53, 0.66]}
[2023-05-09T04:46:07.270+0000] {ml_response_dag.py:37} INFO - 15
[2023-05-09T04:46:07.271+0000] {ml_response_dag.py:36} INFO - {'value': '190', 'score': 0.21, 'ocr_score': 0.83, 'bounding_box': [0.88, 0.83, 0.57, 0.11]}
[2023-05-09T04:46:07.271+0000] {ml_response_dag.py:37} INFO - 15
[2023-05-09T04:46:07.271+0000] {ml_response_dag.py:36} INFO - {}
[2023-05-09T04:46:07.272+0000] {ml_response_dag.py:37} INFO - 15
[2023-05-09T04:46:07.272+0000] {ml_response_dag.py:36} INFO - {}
[2023-05-09T04:46:07.273+0000] {ml_response_dag.py:37} INFO - 15
[2023-05-09T04:46:07.274+0000] {ml_response_dag.py:36} INFO - {}
[2023-05-09T04:46:07.274+0000] {ml_response_dag.py:37} INFO - 15
[2023-05-09T04:46:07.275+0000] {ml_response_dag.py:36} INFO - {'value': '475', 'score': 0.57, 'ocr_score': 0.49, 'bounding_box': [0.4, 0.3, 0.99, 0.32]}
[2023-05-09T04:46:07.275+0000] {ml_response_dag.py:37} INFO - 15
[2023-05-09T04:46:07.278+0000] {ml_response_dag.py:36} INFO - {'value': '745', 'score': 0.84, 'ocr_score': 0.82, 'bounding_box': [0.84, 0.57, 0.94, 0.44]}
[2023-05-09T04:46:07.280+0000] {ml_response_dag.py:37} INFO - 16
[2023-05-09T04:46:07.282+0000] {python.py:183} INFO - Done. Returned value was: None
[2023-05-09T04:46:07.353+0000] {taskinstance.py:1373} INFO - Marking task as SUCCESS. dag_id=veryfi_extract_total, task_id=extract_and_load, execution_date=20230508T003930, start_date=20230509T044606, end_date=20230509T044607
[2023-05-09T04:46:07.433+0000] {local_task_job_runner.py:232} INFO - Task exited with return code 0
[2023-05-09T04:46:07.494+0000] {taskinstance.py:2674} INFO - 0 downstream tasks scheduled from follow-on schedule check
