[2023-05-09T04:57:30.744+0000] {taskinstance.py:1125} INFO - Dependencies all met for dep_context=non-requeueable deps ti=<TaskInstance: veryfi_extract_total.extract_and_load scheduled__2023-05-08T09:50:00+00:00 [queued]>
[2023-05-09T04:57:30.779+0000] {taskinstance.py:1125} INFO - Dependencies all met for dep_context=requeueable deps ti=<TaskInstance: veryfi_extract_total.extract_and_load scheduled__2023-05-08T09:50:00+00:00 [queued]>
[2023-05-09T04:57:30.781+0000] {taskinstance.py:1331} INFO - Starting attempt 1 of 2
[2023-05-09T04:57:30.831+0000] {taskinstance.py:1350} INFO - Executing <Task(PythonOperator): extract_and_load> on 2023-05-08 09:50:00+00:00
[2023-05-09T04:57:30.848+0000] {standard_task_runner.py:57} INFO - Started process 1657 to run task
[2023-05-09T04:57:30.856+0000] {standard_task_runner.py:84} INFO - Running: ['***', 'tasks', 'run', 'veryfi_extract_total', 'extract_and_load', 'scheduled__2023-05-08T09:50:00+00:00', '--job-id', '451', '--raw', '--subdir', 'DAGS_FOLDER/ml_response_dag.py', '--cfg-path', '/tmp/tmpzdyfc_g1']
[2023-05-09T04:57:30.857+0000] {standard_task_runner.py:85} INFO - Job 451: Subtask extract_and_load
[2023-05-09T04:57:31.080+0000] {task_command.py:410} INFO - Running <TaskInstance: veryfi_extract_total.extract_and_load scheduled__2023-05-08T09:50:00+00:00 [running]> on host aa4b7d3de44b
[2023-05-09T04:57:31.300+0000] {taskinstance.py:1570} INFO - Exporting env vars: AIRFLOW_CTX_DAG_OWNER='***' AIRFLOW_CTX_DAG_ID='veryfi_extract_total' AIRFLOW_CTX_TASK_ID='extract_and_load' AIRFLOW_CTX_EXECUTION_DATE='2023-05-08T09:50:00+00:00' AIRFLOW_CTX_TRY_NUMBER='1' AIRFLOW_CTX_DAG_RUN_ID='scheduled__2023-05-08T09:50:00+00:00'
[2023-05-09T04:57:31.311+0000] {ml_response_dag.py:35} INFO - {}
[2023-05-09T04:57:31.311+0000] {ml_response_dag.py:36} INFO - 1
[2023-05-09T04:57:31.312+0000] {ml_response_dag.py:37} INFO - Inserted to db
[2023-05-09T04:57:31.313+0000] {ml_response_dag.py:35} INFO - {'value': '544', 'score': 0.22, 'ocr_score': 0.81, 'bounding_box': [0.22, 0.37, 0.38, 0.52]}
[2023-05-09T04:57:31.313+0000] {ml_response_dag.py:36} INFO - 1
[2023-05-09T04:57:31.314+0000] {ml_response_dag.py:37} INFO - Inserted to db
[2023-05-09T04:57:31.314+0000] {ml_response_dag.py:35} INFO - {}
[2023-05-09T04:57:31.314+0000] {ml_response_dag.py:36} INFO - 1
[2023-05-09T04:57:31.318+0000] {ml_response_dag.py:37} INFO - Inserted to db
[2023-05-09T04:57:31.319+0000] {ml_response_dag.py:35} INFO - {}
[2023-05-09T04:57:31.320+0000] {ml_response_dag.py:36} INFO - 1
[2023-05-09T04:57:31.321+0000] {ml_response_dag.py:37} INFO - Inserted to db
[2023-05-09T04:57:31.322+0000] {ml_response_dag.py:35} INFO - {}
[2023-05-09T04:57:31.322+0000] {ml_response_dag.py:36} INFO - 1
[2023-05-09T04:57:31.323+0000] {ml_response_dag.py:37} INFO - Inserted to db
[2023-05-09T04:57:31.324+0000] {ml_response_dag.py:35} INFO - {}
[2023-05-09T04:57:31.324+0000] {ml_response_dag.py:36} INFO - 1
[2023-05-09T04:57:31.325+0000] {ml_response_dag.py:37} INFO - Inserted to db
[2023-05-09T04:57:31.325+0000] {ml_response_dag.py:35} INFO - {'value': '660', 'score': 0.48, 'ocr_score': 0.32, 'bounding_box': [0.07, 0.82, 0.06, 0.37]}
[2023-05-09T04:57:31.326+0000] {ml_response_dag.py:36} INFO - 1
[2023-05-09T04:57:31.326+0000] {ml_response_dag.py:37} INFO - Inserted to db
[2023-05-09T04:57:31.326+0000] {ml_response_dag.py:35} INFO - {}
[2023-05-09T04:57:31.327+0000] {ml_response_dag.py:36} INFO - 1
[2023-05-09T04:57:31.327+0000] {ml_response_dag.py:37} INFO - Inserted to db
[2023-05-09T04:57:31.327+0000] {ml_response_dag.py:35} INFO - {'value': '801', 'score': 0.92, 'ocr_score': 0.28, 'bounding_box': [0.56, 0.9, 0.37, 0.79]}
[2023-05-09T04:57:31.328+0000] {ml_response_dag.py:36} INFO - 1
[2023-05-09T04:57:31.328+0000] {ml_response_dag.py:37} INFO - Inserted to db
[2023-05-09T04:57:31.329+0000] {ml_response_dag.py:35} INFO - {}
[2023-05-09T04:57:31.329+0000] {ml_response_dag.py:36} INFO - 2
[2023-05-09T04:57:31.330+0000] {ml_response_dag.py:37} INFO - Inserted to db
[2023-05-09T04:57:31.330+0000] {ml_response_dag.py:35} INFO - {}
[2023-05-09T04:57:31.332+0000] {ml_response_dag.py:36} INFO - 2
[2023-05-09T04:57:31.333+0000] {ml_response_dag.py:37} INFO - Inserted to db
[2023-05-09T04:57:31.333+0000] {ml_response_dag.py:35} INFO - {'value': '880', 'score': 0.06, 'ocr_score': 0.1, 'bounding_box': [0.76, 0.47, 0.16, 0.27]}
[2023-05-09T04:57:31.337+0000] {ml_response_dag.py:36} INFO - 2
[2023-05-09T04:57:31.338+0000] {ml_response_dag.py:37} INFO - Inserted to db
[2023-05-09T04:57:31.343+0000] {ml_response_dag.py:35} INFO - {'value': '380', 'score': 0.11, 'ocr_score': 0.36, 'bounding_box': [0.99, 0.15, 0.39, 0.03]}
[2023-05-09T04:57:31.343+0000] {ml_response_dag.py:36} INFO - 2
[2023-05-09T04:57:31.344+0000] {ml_response_dag.py:37} INFO - Inserted to db
[2023-05-09T04:57:31.345+0000] {ml_response_dag.py:35} INFO - {}
[2023-05-09T04:57:31.345+0000] {ml_response_dag.py:36} INFO - 2
[2023-05-09T04:57:31.348+0000] {ml_response_dag.py:37} INFO - Inserted to db
[2023-05-09T04:57:31.349+0000] {ml_response_dag.py:35} INFO - {'value': '770', 'score': 0.37, 'ocr_score': 0.84, 'bounding_box': [0.79, 0.15, 0.82, 0.6]}
[2023-05-09T04:57:31.351+0000] {ml_response_dag.py:36} INFO - 2
[2023-05-09T04:57:31.353+0000] {ml_response_dag.py:37} INFO - Inserted to db
[2023-05-09T04:57:31.354+0000] {ml_response_dag.py:35} INFO - {}
[2023-05-09T04:57:31.356+0000] {ml_response_dag.py:36} INFO - 2
[2023-05-09T04:57:31.357+0000] {ml_response_dag.py:37} INFO - Inserted to db
[2023-05-09T04:57:31.359+0000] {ml_response_dag.py:35} INFO - {}
[2023-05-09T04:57:31.360+0000] {ml_response_dag.py:36} INFO - 2
[2023-05-09T04:57:31.361+0000] {ml_response_dag.py:37} INFO - Inserted to db
[2023-05-09T04:57:31.366+0000] {ml_response_dag.py:35} INFO - {}
[2023-05-09T04:57:31.370+0000] {ml_response_dag.py:36} INFO - 2
[2023-05-09T04:57:31.372+0000] {ml_response_dag.py:37} INFO - Inserted to db
[2023-05-09T04:57:31.374+0000] {ml_response_dag.py:35} INFO - {}
[2023-05-09T04:57:31.375+0000] {ml_response_dag.py:36} INFO - 3
[2023-05-09T04:57:31.376+0000] {ml_response_dag.py:37} INFO - Inserted to db
[2023-05-09T04:57:31.378+0000] {ml_response_dag.py:35} INFO - {}
[2023-05-09T04:57:31.379+0000] {ml_response_dag.py:36} INFO - 4
[2023-05-09T04:57:31.380+0000] {ml_response_dag.py:37} INFO - Inserted to db
[2023-05-09T04:57:31.381+0000] {ml_response_dag.py:35} INFO - {}
[2023-05-09T04:57:31.382+0000] {ml_response_dag.py:36} INFO - 5
[2023-05-09T04:57:31.383+0000] {ml_response_dag.py:37} INFO - Inserted to db
[2023-05-09T04:57:31.384+0000] {ml_response_dag.py:35} INFO - {}
[2023-05-09T04:57:31.385+0000] {ml_response_dag.py:36} INFO - 5
[2023-05-09T04:57:31.386+0000] {ml_response_dag.py:37} INFO - Inserted to db
[2023-05-09T04:57:31.393+0000] {ml_response_dag.py:35} INFO - {'value': '418', 'score': 0.49, 'ocr_score': 0.15, 'bounding_box': [0.88, 0.92, 0.46, 0.3]}
[2023-05-09T04:57:31.394+0000] {ml_response_dag.py:36} INFO - 5
[2023-05-09T04:57:31.396+0000] {ml_response_dag.py:37} INFO - Inserted to db
[2023-05-09T04:57:31.399+0000] {ml_response_dag.py:35} INFO - {}
[2023-05-09T04:57:31.402+0000] {ml_response_dag.py:36} INFO - 5
[2023-05-09T04:57:31.408+0000] {ml_response_dag.py:37} INFO - Inserted to db
[2023-05-09T04:57:31.410+0000] {ml_response_dag.py:35} INFO - {}
[2023-05-09T04:57:31.413+0000] {ml_response_dag.py:36} INFO - 5
[2023-05-09T04:57:31.414+0000] {ml_response_dag.py:37} INFO - Inserted to db
[2023-05-09T04:57:31.415+0000] {ml_response_dag.py:35} INFO - {'value': '78', 'score': 0.03, 'ocr_score': 0.66, 'bounding_box': [0.31, 0.81, 0.43, 0.03]}
[2023-05-09T04:57:31.419+0000] {ml_response_dag.py:36} INFO - 5
[2023-05-09T04:57:31.424+0000] {ml_response_dag.py:37} INFO - Inserted to db
[2023-05-09T04:57:31.426+0000] {ml_response_dag.py:35} INFO - {}
[2023-05-09T04:57:31.426+0000] {ml_response_dag.py:36} INFO - 5
[2023-05-09T04:57:31.427+0000] {ml_response_dag.py:37} INFO - Inserted to db
[2023-05-09T04:57:31.428+0000] {ml_response_dag.py:35} INFO - {'value': '889', 'score': 0.72, 'ocr_score': 0.56, 'bounding_box': [0.38, 0.17, 0.28, 1.0]}
[2023-05-09T04:57:31.430+0000] {ml_response_dag.py:36} INFO - 5
[2023-05-09T04:57:31.430+0000] {ml_response_dag.py:37} INFO - Inserted to db
[2023-05-09T04:57:31.434+0000] {ml_response_dag.py:35} INFO - {'value': '292', 'score': 0.23, 'ocr_score': 0.39, 'bounding_box': [0.45, 0.93, 0.07, 0.2]}
[2023-05-09T04:57:31.436+0000] {ml_response_dag.py:36} INFO - 5
[2023-05-09T04:57:31.438+0000] {ml_response_dag.py:37} INFO - Inserted to db
[2023-05-09T04:57:31.439+0000] {ml_response_dag.py:35} INFO - {}
[2023-05-09T04:57:31.440+0000] {ml_response_dag.py:36} INFO - 6
[2023-05-09T04:57:31.441+0000] {ml_response_dag.py:37} INFO - Inserted to db
[2023-05-09T04:57:31.442+0000] {ml_response_dag.py:35} INFO - {'value': '542', 'score': 0.01, 'ocr_score': 0.03, 'bounding_box': [0.27, 0.53, 0.77, 0.97]}
[2023-05-09T04:57:31.442+0000] {ml_response_dag.py:36} INFO - 7
[2023-05-09T04:57:31.442+0000] {ml_response_dag.py:37} INFO - Inserted to db
[2023-05-09T04:57:31.443+0000] {ml_response_dag.py:35} INFO - {'value': '342', 'score': 0.56, 'ocr_score': 0.14, 'bounding_box': [0.77, 0.91, 0.18, 0.2]}
[2023-05-09T04:57:31.444+0000] {ml_response_dag.py:36} INFO - 7
[2023-05-09T04:57:31.444+0000] {ml_response_dag.py:37} INFO - Inserted to db
[2023-05-09T04:57:31.445+0000] {ml_response_dag.py:35} INFO - {'value': '967', 'score': 0.78, 'ocr_score': 0.39, 'bounding_box': [0.86, 0.38, 0.41, 0.36]}
[2023-05-09T04:57:31.445+0000] {ml_response_dag.py:36} INFO - 7
[2023-05-09T04:57:31.445+0000] {ml_response_dag.py:37} INFO - Inserted to db
[2023-05-09T04:57:31.446+0000] {ml_response_dag.py:35} INFO - {'value': '100', 'score': 0.68, 'ocr_score': 0.75, 'bounding_box': [0.32, 0.6, 0.97, 0.05]}
[2023-05-09T04:57:31.446+0000] {ml_response_dag.py:36} INFO - 7
[2023-05-09T04:57:31.447+0000] {ml_response_dag.py:37} INFO - Inserted to db
[2023-05-09T04:57:31.447+0000] {ml_response_dag.py:35} INFO - {}
[2023-05-09T04:57:31.447+0000] {ml_response_dag.py:36} INFO - 7
[2023-05-09T04:57:31.448+0000] {ml_response_dag.py:37} INFO - Inserted to db
[2023-05-09T04:57:31.448+0000] {ml_response_dag.py:35} INFO - {}
[2023-05-09T04:57:31.449+0000] {ml_response_dag.py:36} INFO - 7
[2023-05-09T04:57:31.450+0000] {ml_response_dag.py:37} INFO - Inserted to db
[2023-05-09T04:57:31.459+0000] {ml_response_dag.py:35} INFO - {'value': '858', 'score': 0.94, 'ocr_score': 0.64, 'bounding_box': [0.22, 0.37, 0.17, 0.07]}
[2023-05-09T04:57:31.461+0000] {ml_response_dag.py:36} INFO - 7
[2023-05-09T04:57:31.461+0000] {ml_response_dag.py:37} INFO - Inserted to db
[2023-05-09T04:57:31.462+0000] {ml_response_dag.py:35} INFO - {}
[2023-05-09T04:57:31.463+0000] {ml_response_dag.py:36} INFO - 7
[2023-05-09T04:57:31.463+0000] {ml_response_dag.py:37} INFO - Inserted to db
[2023-05-09T04:57:31.464+0000] {ml_response_dag.py:35} INFO - {'value': '633', 'score': 0.77, 'ocr_score': 0.17, 'bounding_box': [0.44, 0.56, 0.26, 0.15]}
[2023-05-09T04:57:31.465+0000] {ml_response_dag.py:36} INFO - 7
[2023-05-09T04:57:31.465+0000] {ml_response_dag.py:37} INFO - Inserted to db
[2023-05-09T04:57:31.466+0000] {ml_response_dag.py:35} INFO - {'value': '609', 'score': 0.47, 'ocr_score': 0.56, 'bounding_box': [0.3, 0.87, 0.78, 0.92]}
[2023-05-09T04:57:31.466+0000] {ml_response_dag.py:36} INFO - 8
[2023-05-09T04:57:31.467+0000] {ml_response_dag.py:37} INFO - Inserted to db
[2023-05-09T04:57:31.470+0000] {ml_response_dag.py:35} INFO - {'value': '331', 'score': 0.49, 'ocr_score': 0.99, 'bounding_box': [0.55, 0.36, 0.08, 0.43]}
[2023-05-09T04:57:31.471+0000] {ml_response_dag.py:36} INFO - 8
[2023-05-09T04:57:31.472+0000] {ml_response_dag.py:37} INFO - Inserted to db
[2023-05-09T04:57:31.472+0000] {ml_response_dag.py:35} INFO - {'value': '142', 'score': 0.0, 'ocr_score': 0.58, 'bounding_box': [0.17, 0.36, 0.83, 0.62]}
[2023-05-09T04:57:31.473+0000] {ml_response_dag.py:36} INFO - 8
[2023-05-09T04:57:31.473+0000] {ml_response_dag.py:37} INFO - Inserted to db
[2023-05-09T04:57:31.474+0000] {ml_response_dag.py:35} INFO - {}
[2023-05-09T04:57:31.475+0000] {ml_response_dag.py:36} INFO - 8
[2023-05-09T04:57:31.475+0000] {ml_response_dag.py:37} INFO - Inserted to db
[2023-05-09T04:57:31.476+0000] {ml_response_dag.py:35} INFO - {}
[2023-05-09T04:57:31.477+0000] {ml_response_dag.py:36} INFO - 8
[2023-05-09T04:57:31.477+0000] {ml_response_dag.py:37} INFO - Inserted to db
[2023-05-09T04:57:31.478+0000] {ml_response_dag.py:35} INFO - {}
[2023-05-09T04:57:31.478+0000] {ml_response_dag.py:36} INFO - 8
[2023-05-09T04:57:31.479+0000] {ml_response_dag.py:37} INFO - Inserted to db
[2023-05-09T04:57:31.479+0000] {ml_response_dag.py:35} INFO - {'value': '826', 'score': 0.74, 'ocr_score': 0.69, 'bounding_box': [0.98, 0.11, 0.14, 0.96]}
[2023-05-09T04:57:31.480+0000] {ml_response_dag.py:36} INFO - 8
[2023-05-09T04:57:31.480+0000] {ml_response_dag.py:37} INFO - Inserted to db
[2023-05-09T04:57:31.481+0000] {ml_response_dag.py:35} INFO - {}
[2023-05-09T04:57:31.481+0000] {ml_response_dag.py:36} INFO - 8
[2023-05-09T04:57:31.483+0000] {ml_response_dag.py:37} INFO - Inserted to db
[2023-05-09T04:57:31.488+0000] {ml_response_dag.py:35} INFO - {'value': '299', 'score': 0.85, 'ocr_score': 0.04, 'bounding_box': [0.14, 0.46, 0.06, 0.65]}
[2023-05-09T04:57:31.492+0000] {ml_response_dag.py:36} INFO - 8
[2023-05-09T04:57:31.494+0000] {ml_response_dag.py:37} INFO - Inserted to db
[2023-05-09T04:57:31.498+0000] {ml_response_dag.py:35} INFO - {'value': '362', 'score': 0.62, 'ocr_score': 0.51, 'bounding_box': [0.42, 0.48, 0.21, 0.45]}
[2023-05-09T04:57:31.500+0000] {ml_response_dag.py:36} INFO - 9
[2023-05-09T04:57:31.503+0000] {ml_response_dag.py:37} INFO - Inserted to db
[2023-05-09T04:57:31.519+0000] {ml_response_dag.py:35} INFO - {'value': '288', 'score': 0.77, 'ocr_score': 0.23, 'bounding_box': [0.16, 0.03, 0.68, 0.81]}
[2023-05-09T04:57:31.521+0000] {ml_response_dag.py:36} INFO - 9
[2023-05-09T04:57:31.526+0000] {ml_response_dag.py:37} INFO - Inserted to db
[2023-05-09T04:57:31.527+0000] {ml_response_dag.py:35} INFO - {'value': '803', 'score': 0.03, 'ocr_score': 0.42, 'bounding_box': [0.05, 0.5, 0.56, 0.95]}
[2023-05-09T04:57:31.529+0000] {ml_response_dag.py:36} INFO - 9
[2023-05-09T04:57:31.529+0000] {ml_response_dag.py:37} INFO - Inserted to db
[2023-05-09T04:57:31.532+0000] {ml_response_dag.py:35} INFO - {'value': '750', 'score': 0.85, 'ocr_score': 0.27, 'bounding_box': [0.71, 0.07, 0.54, 0.9]}
[2023-05-09T04:57:31.534+0000] {ml_response_dag.py:36} INFO - 9
[2023-05-09T04:57:31.536+0000] {ml_response_dag.py:37} INFO - Inserted to db
[2023-05-09T04:57:31.542+0000] {ml_response_dag.py:35} INFO - {'value': '148', 'score': 0.41, 'ocr_score': 0.97, 'bounding_box': [0.44, 0.51, 0.69, 0.67]}
[2023-05-09T04:57:31.544+0000] {ml_response_dag.py:36} INFO - 9
[2023-05-09T04:57:31.546+0000] {ml_response_dag.py:37} INFO - Inserted to db
[2023-05-09T04:57:31.549+0000] {ml_response_dag.py:35} INFO - {'value': '161', 'score': 0.49, 'ocr_score': 0.58, 'bounding_box': [0.51, 0.51, 0.55, 0.06]}
[2023-05-09T04:57:31.551+0000] {ml_response_dag.py:36} INFO - 9
[2023-05-09T04:57:31.553+0000] {ml_response_dag.py:37} INFO - Inserted to db
[2023-05-09T04:57:31.555+0000] {ml_response_dag.py:35} INFO - {}
[2023-05-09T04:57:31.558+0000] {ml_response_dag.py:36} INFO - 9
[2023-05-09T04:57:31.559+0000] {ml_response_dag.py:37} INFO - Inserted to db
[2023-05-09T04:57:31.560+0000] {ml_response_dag.py:35} INFO - {}
[2023-05-09T04:57:31.561+0000] {ml_response_dag.py:36} INFO - 9
[2023-05-09T04:57:31.562+0000] {ml_response_dag.py:37} INFO - Inserted to db
[2023-05-09T04:57:31.562+0000] {ml_response_dag.py:35} INFO - {}
[2023-05-09T04:57:31.563+0000] {ml_response_dag.py:36} INFO - 9
[2023-05-09T04:57:31.564+0000] {ml_response_dag.py:37} INFO - Inserted to db
[2023-05-09T04:57:31.565+0000] {ml_response_dag.py:35} INFO - {'value': '842', 'score': 0.47, 'ocr_score': 0.75, 'bounding_box': [0.16, 0.91, 0.32, 0.53]}
[2023-05-09T04:57:31.566+0000] {ml_response_dag.py:36} INFO - 10
[2023-05-09T04:57:31.567+0000] {ml_response_dag.py:37} INFO - Inserted to db
[2023-05-09T04:57:31.568+0000] {ml_response_dag.py:35} INFO - {}
[2023-05-09T04:57:31.568+0000] {ml_response_dag.py:36} INFO - 10
[2023-05-09T04:57:31.569+0000] {ml_response_dag.py:37} INFO - Inserted to db
[2023-05-09T04:57:31.570+0000] {ml_response_dag.py:35} INFO - {}
[2023-05-09T04:57:31.575+0000] {ml_response_dag.py:36} INFO - 10
[2023-05-09T04:57:31.576+0000] {ml_response_dag.py:37} INFO - Inserted to db
[2023-05-09T04:57:31.577+0000] {ml_response_dag.py:35} INFO - {'value': '458', 'score': 0.81, 'ocr_score': 0.31, 'bounding_box': [0.69, 0.54, 0.48, 0.39]}
[2023-05-09T04:57:31.578+0000] {ml_response_dag.py:36} INFO - 10
[2023-05-09T04:57:31.580+0000] {ml_response_dag.py:37} INFO - Inserted to db
[2023-05-09T04:57:31.581+0000] {ml_response_dag.py:35} INFO - {'value': '776', 'score': 0.77, 'ocr_score': 0.34, 'bounding_box': [0.76, 0.85, 0.56, 0.82]}
[2023-05-09T04:57:31.582+0000] {ml_response_dag.py:36} INFO - 10
[2023-05-09T04:57:31.582+0000] {ml_response_dag.py:37} INFO - Inserted to db
[2023-05-09T04:57:31.583+0000] {ml_response_dag.py:35} INFO - {}
[2023-05-09T04:57:31.584+0000] {ml_response_dag.py:36} INFO - 10
[2023-05-09T04:57:31.585+0000] {ml_response_dag.py:37} INFO - Inserted to db
[2023-05-09T04:57:31.586+0000] {ml_response_dag.py:35} INFO - {'value': '51', 'score': 0.76, 'ocr_score': 0.29, 'bounding_box': [0.79, 0.88, 0.43, 0.21]}
[2023-05-09T04:57:31.587+0000] {ml_response_dag.py:36} INFO - 10
[2023-05-09T04:57:31.588+0000] {ml_response_dag.py:37} INFO - Inserted to db
[2023-05-09T04:57:31.589+0000] {ml_response_dag.py:35} INFO - {'value': '843', 'score': 0.05, 'ocr_score': 0.96, 'bounding_box': [0.84, 0.04, 0.6, 0.52]}
[2023-05-09T04:57:31.591+0000] {ml_response_dag.py:36} INFO - 10
[2023-05-09T04:57:31.592+0000] {ml_response_dag.py:37} INFO - Inserted to db
[2023-05-09T04:57:31.593+0000] {ml_response_dag.py:35} INFO - {'value': '517', 'score': 0.75, 'ocr_score': 0.74, 'bounding_box': [0.65, 0.92, 0.1, 0.59]}
[2023-05-09T04:57:31.594+0000] {ml_response_dag.py:36} INFO - 10
[2023-05-09T04:57:31.598+0000] {ml_response_dag.py:37} INFO - Inserted to db
[2023-05-09T04:57:31.599+0000] {ml_response_dag.py:35} INFO - {}
[2023-05-09T04:57:31.601+0000] {ml_response_dag.py:36} INFO - 11
[2023-05-09T04:57:31.601+0000] {ml_response_dag.py:37} INFO - Inserted to db
[2023-05-09T04:57:31.602+0000] {ml_response_dag.py:35} INFO - {}
[2023-05-09T04:57:31.603+0000] {ml_response_dag.py:36} INFO - 11
[2023-05-09T04:57:31.603+0000] {ml_response_dag.py:37} INFO - Inserted to db
[2023-05-09T04:57:31.604+0000] {ml_response_dag.py:35} INFO - {'value': '288', 'score': 0.6, 'ocr_score': 0.29, 'bounding_box': [0.96, 0.39, 0.81, 0.96]}
[2023-05-09T04:57:31.604+0000] {ml_response_dag.py:36} INFO - 11
[2023-05-09T04:57:31.605+0000] {ml_response_dag.py:37} INFO - Inserted to db
[2023-05-09T04:57:31.605+0000] {ml_response_dag.py:35} INFO - {'value': '878', 'score': 0.44, 'ocr_score': 0.56, 'bounding_box': [0.46, 0.03, 0.06, 0.3]}
[2023-05-09T04:57:31.606+0000] {ml_response_dag.py:36} INFO - 11
[2023-05-09T04:57:31.606+0000] {ml_response_dag.py:37} INFO - Inserted to db
[2023-05-09T04:57:31.613+0000] {ml_response_dag.py:35} INFO - {}
[2023-05-09T04:57:31.614+0000] {ml_response_dag.py:36} INFO - 11
[2023-05-09T04:57:31.615+0000] {ml_response_dag.py:37} INFO - Inserted to db
[2023-05-09T04:57:31.615+0000] {ml_response_dag.py:35} INFO - {}
[2023-05-09T04:57:31.615+0000] {ml_response_dag.py:36} INFO - 11
[2023-05-09T04:57:31.616+0000] {ml_response_dag.py:37} INFO - Inserted to db
[2023-05-09T04:57:31.616+0000] {ml_response_dag.py:35} INFO - {}
[2023-05-09T04:57:31.617+0000] {ml_response_dag.py:36} INFO - 11
[2023-05-09T04:57:31.617+0000] {ml_response_dag.py:37} INFO - Inserted to db
[2023-05-09T04:57:31.617+0000] {ml_response_dag.py:35} INFO - {'value': '650', 'score': 0.79, 'ocr_score': 0.64, 'bounding_box': [0.13, 0.78, 0.29, 0.37]}
[2023-05-09T04:57:31.618+0000] {ml_response_dag.py:36} INFO - 11
[2023-05-09T04:57:31.618+0000] {ml_response_dag.py:37} INFO - Inserted to db
[2023-05-09T04:57:31.618+0000] {ml_response_dag.py:35} INFO - {}
[2023-05-09T04:57:31.619+0000] {ml_response_dag.py:36} INFO - 11
[2023-05-09T04:57:31.619+0000] {ml_response_dag.py:37} INFO - Inserted to db
[2023-05-09T04:57:31.619+0000] {ml_response_dag.py:35} INFO - {'value': '643', 'score': 0.23, 'ocr_score': 0.72, 'bounding_box': [0.01, 0.39, 0.58, 0.53]}
[2023-05-09T04:57:31.620+0000] {ml_response_dag.py:36} INFO - 12
[2023-05-09T04:57:31.620+0000] {ml_response_dag.py:37} INFO - Inserted to db
[2023-05-09T04:57:31.622+0000] {ml_response_dag.py:35} INFO - {}
[2023-05-09T04:57:31.622+0000] {ml_response_dag.py:36} INFO - 13
[2023-05-09T04:57:31.622+0000] {ml_response_dag.py:37} INFO - Inserted to db
[2023-05-09T04:57:31.623+0000] {ml_response_dag.py:35} INFO - {}
[2023-05-09T04:57:31.623+0000] {ml_response_dag.py:36} INFO - 14
[2023-05-09T04:57:31.624+0000] {ml_response_dag.py:37} INFO - Inserted to db
[2023-05-09T04:57:31.624+0000] {ml_response_dag.py:35} INFO - {'value': '141', 'score': 0.27, 'ocr_score': 0.93, 'bounding_box': [0.24, 0.73, 0.11, 0.89]}
[2023-05-09T04:57:31.624+0000] {ml_response_dag.py:36} INFO - 15
[2023-05-09T04:57:31.625+0000] {ml_response_dag.py:37} INFO - Inserted to db
[2023-05-09T04:57:31.625+0000] {ml_response_dag.py:35} INFO - {'value': '59', 'score': 0.45, 'ocr_score': 0.57, 'bounding_box': [0.45, 0.64, 0.68, 0.17]}
[2023-05-09T04:57:31.625+0000] {ml_response_dag.py:36} INFO - 15
[2023-05-09T04:57:31.626+0000] {ml_response_dag.py:37} INFO - Inserted to db
[2023-05-09T04:57:31.626+0000] {ml_response_dag.py:35} INFO - {'value': '333', 'score': 0.34, 'ocr_score': 0.85, 'bounding_box': [0.81, 0.57, 0.99, 0.77]}
[2023-05-09T04:57:31.626+0000] {ml_response_dag.py:36} INFO - 15
[2023-05-09T04:57:31.627+0000] {ml_response_dag.py:37} INFO - Inserted to db
[2023-05-09T04:57:31.627+0000] {ml_response_dag.py:35} INFO - {'value': '257', 'score': 0.11, 'ocr_score': 0.43, 'bounding_box': [0.37, 0.55, 0.53, 0.66]}
[2023-05-09T04:57:31.627+0000] {ml_response_dag.py:36} INFO - 15
[2023-05-09T04:57:31.627+0000] {ml_response_dag.py:37} INFO - Inserted to db
[2023-05-09T04:57:31.628+0000] {ml_response_dag.py:35} INFO - {'value': '190', 'score': 0.21, 'ocr_score': 0.83, 'bounding_box': [0.88, 0.83, 0.57, 0.11]}
[2023-05-09T04:57:31.628+0000] {ml_response_dag.py:36} INFO - 15
[2023-05-09T04:57:31.628+0000] {ml_response_dag.py:37} INFO - Inserted to db
[2023-05-09T04:57:31.629+0000] {ml_response_dag.py:35} INFO - {}
[2023-05-09T04:57:31.629+0000] {ml_response_dag.py:36} INFO - 15
[2023-05-09T04:57:31.629+0000] {ml_response_dag.py:37} INFO - Inserted to db
[2023-05-09T04:57:31.630+0000] {ml_response_dag.py:35} INFO - {}
[2023-05-09T04:57:31.630+0000] {ml_response_dag.py:36} INFO - 15
[2023-05-09T04:57:31.630+0000] {ml_response_dag.py:37} INFO - Inserted to db
[2023-05-09T04:57:31.631+0000] {ml_response_dag.py:35} INFO - {}
[2023-05-09T04:57:31.631+0000] {ml_response_dag.py:36} INFO - 15
[2023-05-09T04:57:31.631+0000] {ml_response_dag.py:37} INFO - Inserted to db
[2023-05-09T04:57:31.631+0000] {ml_response_dag.py:35} INFO - {'value': '475', 'score': 0.57, 'ocr_score': 0.49, 'bounding_box': [0.4, 0.3, 0.99, 0.32]}
[2023-05-09T04:57:31.632+0000] {ml_response_dag.py:36} INFO - 15
[2023-05-09T04:57:31.632+0000] {ml_response_dag.py:37} INFO - Inserted to db
[2023-05-09T04:57:31.632+0000] {ml_response_dag.py:35} INFO - {'value': '745', 'score': 0.84, 'ocr_score': 0.82, 'bounding_box': [0.84, 0.57, 0.94, 0.44]}
[2023-05-09T04:57:31.633+0000] {ml_response_dag.py:36} INFO - 16
[2023-05-09T04:57:31.633+0000] {ml_response_dag.py:37} INFO - Inserted to db
[2023-05-09T04:57:31.634+0000] {python.py:183} INFO - Done. Returned value was: None
[2023-05-09T04:57:31.663+0000] {taskinstance.py:1373} INFO - Marking task as SUCCESS. dag_id=veryfi_extract_total, task_id=extract_and_load, execution_date=20230508T095000, start_date=20230509T045730, end_date=20230509T045731
[2023-05-09T04:57:31.755+0000] {local_task_job_runner.py:232} INFO - Task exited with return code 0
[2023-05-09T04:57:31.809+0000] {taskinstance.py:2674} INFO - 0 downstream tasks scheduled from follow-on schedule check
