[2023-05-09T04:57:27.827+0000] {taskinstance.py:1125} INFO - Dependencies all met for dep_context=non-requeueable deps ti=<TaskInstance: veryfi_extract_total.extract_and_load scheduled__2023-05-08T09:10:00+00:00 [queued]>
[2023-05-09T04:57:27.862+0000] {taskinstance.py:1125} INFO - Dependencies all met for dep_context=requeueable deps ti=<TaskInstance: veryfi_extract_total.extract_and_load scheduled__2023-05-08T09:10:00+00:00 [queued]>
[2023-05-09T04:57:27.869+0000] {taskinstance.py:1331} INFO - Starting attempt 1 of 2
[2023-05-09T04:57:28.076+0000] {taskinstance.py:1350} INFO - Executing <Task(PythonOperator): extract_and_load> on 2023-05-08 09:10:00+00:00
[2023-05-09T04:57:28.144+0000] {standard_task_runner.py:57} INFO - Started process 1651 to run task
[2023-05-09T04:57:28.194+0000] {standard_task_runner.py:84} INFO - Running: ['***', 'tasks', 'run', 'veryfi_extract_total', 'extract_and_load', 'scheduled__2023-05-08T09:10:00+00:00', '--job-id', '447', '--raw', '--subdir', 'DAGS_FOLDER/ml_response_dag.py', '--cfg-path', '/tmp/tmpw_12wsw1']
[2023-05-09T04:57:28.196+0000] {standard_task_runner.py:85} INFO - Job 447: Subtask extract_and_load
[2023-05-09T04:57:28.773+0000] {task_command.py:410} INFO - Running <TaskInstance: veryfi_extract_total.extract_and_load scheduled__2023-05-08T09:10:00+00:00 [running]> on host aa4b7d3de44b
[2023-05-09T04:57:30.184+0000] {taskinstance.py:1570} INFO - Exporting env vars: AIRFLOW_CTX_DAG_OWNER='***' AIRFLOW_CTX_DAG_ID='veryfi_extract_total' AIRFLOW_CTX_TASK_ID='extract_and_load' AIRFLOW_CTX_EXECUTION_DATE='2023-05-08T09:10:00+00:00' AIRFLOW_CTX_TRY_NUMBER='1' AIRFLOW_CTX_DAG_RUN_ID='scheduled__2023-05-08T09:10:00+00:00'
[2023-05-09T04:57:30.256+0000] {ml_response_dag.py:35} INFO - {}
[2023-05-09T04:57:30.264+0000] {ml_response_dag.py:36} INFO - 1
[2023-05-09T04:57:30.265+0000] {ml_response_dag.py:37} INFO - Inserted to db
[2023-05-09T04:57:30.277+0000] {ml_response_dag.py:35} INFO - {'value': '544', 'score': 0.22, 'ocr_score': 0.81, 'bounding_box': [0.22, 0.37, 0.38, 0.52]}
[2023-05-09T04:57:30.293+0000] {ml_response_dag.py:36} INFO - 1
[2023-05-09T04:57:30.298+0000] {ml_response_dag.py:37} INFO - Inserted to db
[2023-05-09T04:57:30.300+0000] {ml_response_dag.py:35} INFO - {}
[2023-05-09T04:57:30.301+0000] {ml_response_dag.py:36} INFO - 1
[2023-05-09T04:57:30.303+0000] {ml_response_dag.py:37} INFO - Inserted to db
[2023-05-09T04:57:30.305+0000] {ml_response_dag.py:35} INFO - {}
[2023-05-09T04:57:30.306+0000] {ml_response_dag.py:36} INFO - 1
[2023-05-09T04:57:30.306+0000] {ml_response_dag.py:37} INFO - Inserted to db
[2023-05-09T04:57:30.307+0000] {ml_response_dag.py:35} INFO - {}
[2023-05-09T04:57:30.308+0000] {ml_response_dag.py:36} INFO - 1
[2023-05-09T04:57:30.308+0000] {ml_response_dag.py:37} INFO - Inserted to db
[2023-05-09T04:57:30.310+0000] {ml_response_dag.py:35} INFO - {}
[2023-05-09T04:57:30.311+0000] {ml_response_dag.py:36} INFO - 1
[2023-05-09T04:57:30.312+0000] {ml_response_dag.py:37} INFO - Inserted to db
[2023-05-09T04:57:30.314+0000] {ml_response_dag.py:35} INFO - {'value': '660', 'score': 0.48, 'ocr_score': 0.32, 'bounding_box': [0.07, 0.82, 0.06, 0.37]}
[2023-05-09T04:57:30.315+0000] {ml_response_dag.py:36} INFO - 1
[2023-05-09T04:57:30.316+0000] {ml_response_dag.py:37} INFO - Inserted to db
[2023-05-09T04:57:30.318+0000] {ml_response_dag.py:35} INFO - {}
[2023-05-09T04:57:30.321+0000] {ml_response_dag.py:36} INFO - 1
[2023-05-09T04:57:30.324+0000] {ml_response_dag.py:37} INFO - Inserted to db
[2023-05-09T04:57:30.326+0000] {ml_response_dag.py:35} INFO - {'value': '801', 'score': 0.92, 'ocr_score': 0.28, 'bounding_box': [0.56, 0.9, 0.37, 0.79]}
[2023-05-09T04:57:30.341+0000] {ml_response_dag.py:36} INFO - 1
[2023-05-09T04:57:30.344+0000] {ml_response_dag.py:37} INFO - Inserted to db
[2023-05-09T04:57:30.347+0000] {ml_response_dag.py:35} INFO - {}
[2023-05-09T04:57:30.349+0000] {ml_response_dag.py:36} INFO - 2
[2023-05-09T04:57:30.350+0000] {ml_response_dag.py:37} INFO - Inserted to db
[2023-05-09T04:57:30.351+0000] {ml_response_dag.py:35} INFO - {}
[2023-05-09T04:57:30.353+0000] {ml_response_dag.py:36} INFO - 2
[2023-05-09T04:57:30.365+0000] {ml_response_dag.py:37} INFO - Inserted to db
[2023-05-09T04:57:30.366+0000] {ml_response_dag.py:35} INFO - {'value': '880', 'score': 0.06, 'ocr_score': 0.1, 'bounding_box': [0.76, 0.47, 0.16, 0.27]}
[2023-05-09T04:57:30.366+0000] {ml_response_dag.py:36} INFO - 2
[2023-05-09T04:57:30.367+0000] {ml_response_dag.py:37} INFO - Inserted to db
[2023-05-09T04:57:30.367+0000] {ml_response_dag.py:35} INFO - {'value': '380', 'score': 0.11, 'ocr_score': 0.36, 'bounding_box': [0.99, 0.15, 0.39, 0.03]}
[2023-05-09T04:57:30.369+0000] {ml_response_dag.py:36} INFO - 2
[2023-05-09T04:57:30.370+0000] {ml_response_dag.py:37} INFO - Inserted to db
[2023-05-09T04:57:30.372+0000] {ml_response_dag.py:35} INFO - {}
[2023-05-09T04:57:30.374+0000] {ml_response_dag.py:36} INFO - 2
[2023-05-09T04:57:30.375+0000] {ml_response_dag.py:37} INFO - Inserted to db
[2023-05-09T04:57:30.378+0000] {ml_response_dag.py:35} INFO - {'value': '770', 'score': 0.37, 'ocr_score': 0.84, 'bounding_box': [0.79, 0.15, 0.82, 0.6]}
[2023-05-09T04:57:30.383+0000] {ml_response_dag.py:36} INFO - 2
[2023-05-09T04:57:30.388+0000] {ml_response_dag.py:37} INFO - Inserted to db
[2023-05-09T04:57:30.390+0000] {ml_response_dag.py:35} INFO - {}
[2023-05-09T04:57:30.391+0000] {ml_response_dag.py:36} INFO - 2
[2023-05-09T04:57:30.392+0000] {ml_response_dag.py:37} INFO - Inserted to db
[2023-05-09T04:57:30.395+0000] {ml_response_dag.py:35} INFO - {}
[2023-05-09T04:57:30.396+0000] {ml_response_dag.py:36} INFO - 2
[2023-05-09T04:57:30.397+0000] {ml_response_dag.py:37} INFO - Inserted to db
[2023-05-09T04:57:30.397+0000] {ml_response_dag.py:35} INFO - {}
[2023-05-09T04:57:30.398+0000] {ml_response_dag.py:36} INFO - 2
[2023-05-09T04:57:30.398+0000] {ml_response_dag.py:37} INFO - Inserted to db
[2023-05-09T04:57:30.399+0000] {ml_response_dag.py:35} INFO - {}
[2023-05-09T04:57:30.402+0000] {ml_response_dag.py:36} INFO - 3
[2023-05-09T04:57:30.403+0000] {ml_response_dag.py:37} INFO - Inserted to db
[2023-05-09T04:57:30.405+0000] {ml_response_dag.py:35} INFO - {}
[2023-05-09T04:57:30.407+0000] {ml_response_dag.py:36} INFO - 4
[2023-05-09T04:57:30.408+0000] {ml_response_dag.py:37} INFO - Inserted to db
[2023-05-09T04:57:30.413+0000] {ml_response_dag.py:35} INFO - {}
[2023-05-09T04:57:30.416+0000] {ml_response_dag.py:36} INFO - 5
[2023-05-09T04:57:30.419+0000] {ml_response_dag.py:37} INFO - Inserted to db
[2023-05-09T04:57:30.420+0000] {ml_response_dag.py:35} INFO - {}
[2023-05-09T04:57:30.421+0000] {ml_response_dag.py:36} INFO - 5
[2023-05-09T04:57:30.422+0000] {ml_response_dag.py:37} INFO - Inserted to db
[2023-05-09T04:57:30.430+0000] {ml_response_dag.py:35} INFO - {'value': '418', 'score': 0.49, 'ocr_score': 0.15, 'bounding_box': [0.88, 0.92, 0.46, 0.3]}
[2023-05-09T04:57:30.432+0000] {ml_response_dag.py:36} INFO - 5
[2023-05-09T04:57:30.435+0000] {ml_response_dag.py:37} INFO - Inserted to db
[2023-05-09T04:57:30.437+0000] {ml_response_dag.py:35} INFO - {}
[2023-05-09T04:57:30.437+0000] {ml_response_dag.py:36} INFO - 5
[2023-05-09T04:57:30.438+0000] {ml_response_dag.py:37} INFO - Inserted to db
[2023-05-09T04:57:30.439+0000] {ml_response_dag.py:35} INFO - {}
[2023-05-09T04:57:30.440+0000] {ml_response_dag.py:36} INFO - 5
[2023-05-09T04:57:30.440+0000] {ml_response_dag.py:37} INFO - Inserted to db
[2023-05-09T04:57:30.442+0000] {ml_response_dag.py:35} INFO - {'value': '78', 'score': 0.03, 'ocr_score': 0.66, 'bounding_box': [0.31, 0.81, 0.43, 0.03]}
[2023-05-09T04:57:30.442+0000] {ml_response_dag.py:36} INFO - 5
[2023-05-09T04:57:30.443+0000] {ml_response_dag.py:37} INFO - Inserted to db
[2023-05-09T04:57:30.443+0000] {ml_response_dag.py:35} INFO - {}
[2023-05-09T04:57:30.444+0000] {ml_response_dag.py:36} INFO - 5
[2023-05-09T04:57:30.445+0000] {ml_response_dag.py:37} INFO - Inserted to db
[2023-05-09T04:57:30.447+0000] {ml_response_dag.py:35} INFO - {'value': '889', 'score': 0.72, 'ocr_score': 0.56, 'bounding_box': [0.38, 0.17, 0.28, 1.0]}
[2023-05-09T04:57:30.449+0000] {ml_response_dag.py:36} INFO - 5
[2023-05-09T04:57:30.449+0000] {ml_response_dag.py:37} INFO - Inserted to db
[2023-05-09T04:57:30.452+0000] {ml_response_dag.py:35} INFO - {'value': '292', 'score': 0.23, 'ocr_score': 0.39, 'bounding_box': [0.45, 0.93, 0.07, 0.2]}
[2023-05-09T04:57:30.455+0000] {ml_response_dag.py:36} INFO - 5
[2023-05-09T04:57:30.457+0000] {ml_response_dag.py:37} INFO - Inserted to db
[2023-05-09T04:57:30.459+0000] {ml_response_dag.py:35} INFO - {}
[2023-05-09T04:57:30.459+0000] {ml_response_dag.py:36} INFO - 6
[2023-05-09T04:57:30.460+0000] {ml_response_dag.py:37} INFO - Inserted to db
[2023-05-09T04:57:30.461+0000] {ml_response_dag.py:35} INFO - {'value': '542', 'score': 0.01, 'ocr_score': 0.03, 'bounding_box': [0.27, 0.53, 0.77, 0.97]}
[2023-05-09T04:57:30.461+0000] {ml_response_dag.py:36} INFO - 7
[2023-05-09T04:57:30.462+0000] {ml_response_dag.py:37} INFO - Inserted to db
[2023-05-09T04:57:30.462+0000] {ml_response_dag.py:35} INFO - {'value': '342', 'score': 0.56, 'ocr_score': 0.14, 'bounding_box': [0.77, 0.91, 0.18, 0.2]}
[2023-05-09T04:57:30.463+0000] {ml_response_dag.py:36} INFO - 7
[2023-05-09T04:57:30.463+0000] {ml_response_dag.py:37} INFO - Inserted to db
[2023-05-09T04:57:30.464+0000] {ml_response_dag.py:35} INFO - {'value': '967', 'score': 0.78, 'ocr_score': 0.39, 'bounding_box': [0.86, 0.38, 0.41, 0.36]}
[2023-05-09T04:57:30.467+0000] {ml_response_dag.py:36} INFO - 7
[2023-05-09T04:57:30.482+0000] {ml_response_dag.py:37} INFO - Inserted to db
[2023-05-09T04:57:30.491+0000] {ml_response_dag.py:35} INFO - {'value': '100', 'score': 0.68, 'ocr_score': 0.75, 'bounding_box': [0.32, 0.6, 0.97, 0.05]}
[2023-05-09T04:57:30.493+0000] {ml_response_dag.py:36} INFO - 7
[2023-05-09T04:57:30.494+0000] {ml_response_dag.py:37} INFO - Inserted to db
[2023-05-09T04:57:30.501+0000] {ml_response_dag.py:35} INFO - {}
[2023-05-09T04:57:30.505+0000] {ml_response_dag.py:36} INFO - 7
[2023-05-09T04:57:30.505+0000] {ml_response_dag.py:37} INFO - Inserted to db
[2023-05-09T04:57:30.506+0000] {ml_response_dag.py:35} INFO - {}
[2023-05-09T04:57:30.509+0000] {ml_response_dag.py:36} INFO - 7
[2023-05-09T04:57:30.513+0000] {ml_response_dag.py:37} INFO - Inserted to db
[2023-05-09T04:57:30.519+0000] {ml_response_dag.py:35} INFO - {'value': '858', 'score': 0.94, 'ocr_score': 0.64, 'bounding_box': [0.22, 0.37, 0.17, 0.07]}
[2023-05-09T04:57:30.521+0000] {ml_response_dag.py:36} INFO - 7
[2023-05-09T04:57:30.522+0000] {ml_response_dag.py:37} INFO - Inserted to db
[2023-05-09T04:57:30.522+0000] {ml_response_dag.py:35} INFO - {}
[2023-05-09T04:57:30.523+0000] {ml_response_dag.py:36} INFO - 7
[2023-05-09T04:57:30.523+0000] {ml_response_dag.py:37} INFO - Inserted to db
[2023-05-09T04:57:30.524+0000] {ml_response_dag.py:35} INFO - {'value': '633', 'score': 0.77, 'ocr_score': 0.17, 'bounding_box': [0.44, 0.56, 0.26, 0.15]}
[2023-05-09T04:57:30.524+0000] {ml_response_dag.py:36} INFO - 7
[2023-05-09T04:57:30.525+0000] {ml_response_dag.py:37} INFO - Inserted to db
[2023-05-09T04:57:30.525+0000] {ml_response_dag.py:35} INFO - {'value': '609', 'score': 0.47, 'ocr_score': 0.56, 'bounding_box': [0.3, 0.87, 0.78, 0.92]}
[2023-05-09T04:57:30.526+0000] {ml_response_dag.py:36} INFO - 8
[2023-05-09T04:57:30.528+0000] {ml_response_dag.py:37} INFO - Inserted to db
[2023-05-09T04:57:30.529+0000] {ml_response_dag.py:35} INFO - {'value': '331', 'score': 0.49, 'ocr_score': 0.99, 'bounding_box': [0.55, 0.36, 0.08, 0.43]}
[2023-05-09T04:57:30.530+0000] {ml_response_dag.py:36} INFO - 8
[2023-05-09T04:57:30.530+0000] {ml_response_dag.py:37} INFO - Inserted to db
[2023-05-09T04:57:30.531+0000] {ml_response_dag.py:35} INFO - {'value': '142', 'score': 0.0, 'ocr_score': 0.58, 'bounding_box': [0.17, 0.36, 0.83, 0.62]}
[2023-05-09T04:57:30.531+0000] {ml_response_dag.py:36} INFO - 8
[2023-05-09T04:57:30.532+0000] {ml_response_dag.py:37} INFO - Inserted to db
[2023-05-09T04:57:30.532+0000] {ml_response_dag.py:35} INFO - {}
[2023-05-09T04:57:30.533+0000] {ml_response_dag.py:36} INFO - 8
[2023-05-09T04:57:30.535+0000] {ml_response_dag.py:37} INFO - Inserted to db
[2023-05-09T04:57:30.536+0000] {ml_response_dag.py:35} INFO - {}
[2023-05-09T04:57:30.538+0000] {ml_response_dag.py:36} INFO - 8
[2023-05-09T04:57:30.539+0000] {ml_response_dag.py:37} INFO - Inserted to db
[2023-05-09T04:57:30.541+0000] {ml_response_dag.py:35} INFO - {}
[2023-05-09T04:57:30.543+0000] {ml_response_dag.py:36} INFO - 8
[2023-05-09T04:57:30.543+0000] {ml_response_dag.py:37} INFO - Inserted to db
[2023-05-09T04:57:30.544+0000] {ml_response_dag.py:35} INFO - {'value': '826', 'score': 0.74, 'ocr_score': 0.69, 'bounding_box': [0.98, 0.11, 0.14, 0.96]}
[2023-05-09T04:57:30.545+0000] {ml_response_dag.py:36} INFO - 8
[2023-05-09T04:57:30.547+0000] {ml_response_dag.py:37} INFO - Inserted to db
[2023-05-09T04:57:30.550+0000] {ml_response_dag.py:35} INFO - {}
[2023-05-09T04:57:30.551+0000] {ml_response_dag.py:36} INFO - 8
[2023-05-09T04:57:30.553+0000] {ml_response_dag.py:37} INFO - Inserted to db
[2023-05-09T04:57:30.554+0000] {ml_response_dag.py:35} INFO - {'value': '299', 'score': 0.85, 'ocr_score': 0.04, 'bounding_box': [0.14, 0.46, 0.06, 0.65]}
[2023-05-09T04:57:30.555+0000] {ml_response_dag.py:36} INFO - 8
[2023-05-09T04:57:30.559+0000] {ml_response_dag.py:37} INFO - Inserted to db
[2023-05-09T04:57:30.566+0000] {ml_response_dag.py:35} INFO - {'value': '362', 'score': 0.62, 'ocr_score': 0.51, 'bounding_box': [0.42, 0.48, 0.21, 0.45]}
[2023-05-09T04:57:30.568+0000] {ml_response_dag.py:36} INFO - 9
[2023-05-09T04:57:30.569+0000] {ml_response_dag.py:37} INFO - Inserted to db
[2023-05-09T04:57:30.571+0000] {ml_response_dag.py:35} INFO - {'value': '288', 'score': 0.77, 'ocr_score': 0.23, 'bounding_box': [0.16, 0.03, 0.68, 0.81]}
[2023-05-09T04:57:30.572+0000] {ml_response_dag.py:36} INFO - 9
[2023-05-09T04:57:30.574+0000] {ml_response_dag.py:37} INFO - Inserted to db
[2023-05-09T04:57:30.576+0000] {ml_response_dag.py:35} INFO - {'value': '803', 'score': 0.03, 'ocr_score': 0.42, 'bounding_box': [0.05, 0.5, 0.56, 0.95]}
[2023-05-09T04:57:30.579+0000] {ml_response_dag.py:36} INFO - 9
[2023-05-09T04:57:30.581+0000] {ml_response_dag.py:37} INFO - Inserted to db
[2023-05-09T04:57:30.591+0000] {ml_response_dag.py:35} INFO - {'value': '750', 'score': 0.85, 'ocr_score': 0.27, 'bounding_box': [0.71, 0.07, 0.54, 0.9]}
[2023-05-09T04:57:30.592+0000] {ml_response_dag.py:36} INFO - 9
[2023-05-09T04:57:30.592+0000] {ml_response_dag.py:37} INFO - Inserted to db
[2023-05-09T04:57:30.594+0000] {ml_response_dag.py:35} INFO - {'value': '148', 'score': 0.41, 'ocr_score': 0.97, 'bounding_box': [0.44, 0.51, 0.69, 0.67]}
[2023-05-09T04:57:30.596+0000] {ml_response_dag.py:36} INFO - 9
[2023-05-09T04:57:30.597+0000] {ml_response_dag.py:37} INFO - Inserted to db
[2023-05-09T04:57:30.598+0000] {ml_response_dag.py:35} INFO - {'value': '161', 'score': 0.49, 'ocr_score': 0.58, 'bounding_box': [0.51, 0.51, 0.55, 0.06]}
[2023-05-09T04:57:30.601+0000] {ml_response_dag.py:36} INFO - 9
[2023-05-09T04:57:30.603+0000] {ml_response_dag.py:37} INFO - Inserted to db
[2023-05-09T04:57:30.605+0000] {ml_response_dag.py:35} INFO - {}
[2023-05-09T04:57:30.606+0000] {ml_response_dag.py:36} INFO - 9
[2023-05-09T04:57:30.606+0000] {ml_response_dag.py:37} INFO - Inserted to db
[2023-05-09T04:57:30.616+0000] {ml_response_dag.py:35} INFO - {}
[2023-05-09T04:57:30.619+0000] {ml_response_dag.py:36} INFO - 9
[2023-05-09T04:57:30.620+0000] {ml_response_dag.py:37} INFO - Inserted to db
[2023-05-09T04:57:30.621+0000] {ml_response_dag.py:35} INFO - {}
[2023-05-09T04:57:30.622+0000] {ml_response_dag.py:36} INFO - 9
[2023-05-09T04:57:30.622+0000] {ml_response_dag.py:37} INFO - Inserted to db
[2023-05-09T04:57:30.629+0000] {ml_response_dag.py:35} INFO - {'value': '842', 'score': 0.47, 'ocr_score': 0.75, 'bounding_box': [0.16, 0.91, 0.32, 0.53]}
[2023-05-09T04:57:30.632+0000] {ml_response_dag.py:36} INFO - 10
[2023-05-09T04:57:30.636+0000] {ml_response_dag.py:37} INFO - Inserted to db
[2023-05-09T04:57:30.637+0000] {ml_response_dag.py:35} INFO - {}
[2023-05-09T04:57:30.638+0000] {ml_response_dag.py:36} INFO - 10
[2023-05-09T04:57:30.638+0000] {ml_response_dag.py:37} INFO - Inserted to db
[2023-05-09T04:57:30.639+0000] {ml_response_dag.py:35} INFO - {}
[2023-05-09T04:57:30.641+0000] {ml_response_dag.py:36} INFO - 10
[2023-05-09T04:57:30.643+0000] {ml_response_dag.py:37} INFO - Inserted to db
[2023-05-09T04:57:30.644+0000] {ml_response_dag.py:35} INFO - {'value': '458', 'score': 0.81, 'ocr_score': 0.31, 'bounding_box': [0.69, 0.54, 0.48, 0.39]}
[2023-05-09T04:57:30.646+0000] {ml_response_dag.py:36} INFO - 10
[2023-05-09T04:57:30.647+0000] {ml_response_dag.py:37} INFO - Inserted to db
[2023-05-09T04:57:30.653+0000] {ml_response_dag.py:35} INFO - {'value': '776', 'score': 0.77, 'ocr_score': 0.34, 'bounding_box': [0.76, 0.85, 0.56, 0.82]}
[2023-05-09T04:57:30.656+0000] {ml_response_dag.py:36} INFO - 10
[2023-05-09T04:57:30.661+0000] {ml_response_dag.py:37} INFO - Inserted to db
[2023-05-09T04:57:30.663+0000] {ml_response_dag.py:35} INFO - {}
[2023-05-09T04:57:30.664+0000] {ml_response_dag.py:36} INFO - 10
[2023-05-09T04:57:30.665+0000] {ml_response_dag.py:37} INFO - Inserted to db
[2023-05-09T04:57:30.667+0000] {ml_response_dag.py:35} INFO - {'value': '51', 'score': 0.76, 'ocr_score': 0.29, 'bounding_box': [0.79, 0.88, 0.43, 0.21]}
[2023-05-09T04:57:30.668+0000] {ml_response_dag.py:36} INFO - 10
[2023-05-09T04:57:30.668+0000] {ml_response_dag.py:37} INFO - Inserted to db
[2023-05-09T04:57:30.670+0000] {ml_response_dag.py:35} INFO - {'value': '843', 'score': 0.05, 'ocr_score': 0.96, 'bounding_box': [0.84, 0.04, 0.6, 0.52]}
[2023-05-09T04:57:30.671+0000] {ml_response_dag.py:36} INFO - 10
[2023-05-09T04:57:30.672+0000] {ml_response_dag.py:37} INFO - Inserted to db
[2023-05-09T04:57:30.675+0000] {ml_response_dag.py:35} INFO - {'value': '517', 'score': 0.75, 'ocr_score': 0.74, 'bounding_box': [0.65, 0.92, 0.1, 0.59]}
[2023-05-09T04:57:30.677+0000] {ml_response_dag.py:36} INFO - 10
[2023-05-09T04:57:30.677+0000] {ml_response_dag.py:37} INFO - Inserted to db
[2023-05-09T04:57:30.679+0000] {ml_response_dag.py:35} INFO - {}
[2023-05-09T04:57:30.680+0000] {ml_response_dag.py:36} INFO - 11
[2023-05-09T04:57:30.681+0000] {ml_response_dag.py:37} INFO - Inserted to db
[2023-05-09T04:57:30.682+0000] {ml_response_dag.py:35} INFO - {}
[2023-05-09T04:57:30.683+0000] {ml_response_dag.py:36} INFO - 11
[2023-05-09T04:57:30.690+0000] {ml_response_dag.py:37} INFO - Inserted to db
[2023-05-09T04:57:30.695+0000] {ml_response_dag.py:35} INFO - {'value': '288', 'score': 0.6, 'ocr_score': 0.29, 'bounding_box': [0.96, 0.39, 0.81, 0.96]}
[2023-05-09T04:57:30.696+0000] {ml_response_dag.py:36} INFO - 11
[2023-05-09T04:57:30.697+0000] {ml_response_dag.py:37} INFO - Inserted to db
[2023-05-09T04:57:30.699+0000] {ml_response_dag.py:35} INFO - {'value': '878', 'score': 0.44, 'ocr_score': 0.56, 'bounding_box': [0.46, 0.03, 0.06, 0.3]}
[2023-05-09T04:57:30.700+0000] {ml_response_dag.py:36} INFO - 11
[2023-05-09T04:57:30.702+0000] {ml_response_dag.py:37} INFO - Inserted to db
[2023-05-09T04:57:30.704+0000] {ml_response_dag.py:35} INFO - {}
[2023-05-09T04:57:30.705+0000] {ml_response_dag.py:36} INFO - 11
[2023-05-09T04:57:30.705+0000] {ml_response_dag.py:37} INFO - Inserted to db
[2023-05-09T04:57:30.706+0000] {ml_response_dag.py:35} INFO - {}
[2023-05-09T04:57:30.707+0000] {ml_response_dag.py:36} INFO - 11
[2023-05-09T04:57:30.710+0000] {ml_response_dag.py:37} INFO - Inserted to db
[2023-05-09T04:57:30.711+0000] {ml_response_dag.py:35} INFO - {}
[2023-05-09T04:57:30.712+0000] {ml_response_dag.py:36} INFO - 11
[2023-05-09T04:57:30.720+0000] {ml_response_dag.py:37} INFO - Inserted to db
[2023-05-09T04:57:30.724+0000] {ml_response_dag.py:35} INFO - {'value': '650', 'score': 0.79, 'ocr_score': 0.64, 'bounding_box': [0.13, 0.78, 0.29, 0.37]}
[2023-05-09T04:57:30.726+0000] {ml_response_dag.py:36} INFO - 11
[2023-05-09T04:57:30.727+0000] {ml_response_dag.py:37} INFO - Inserted to db
[2023-05-09T04:57:30.729+0000] {ml_response_dag.py:35} INFO - {}
[2023-05-09T04:57:30.732+0000] {ml_response_dag.py:36} INFO - 11
[2023-05-09T04:57:30.732+0000] {ml_response_dag.py:37} INFO - Inserted to db
[2023-05-09T04:57:30.734+0000] {ml_response_dag.py:35} INFO - {'value': '643', 'score': 0.23, 'ocr_score': 0.72, 'bounding_box': [0.01, 0.39, 0.58, 0.53]}
[2023-05-09T04:57:30.737+0000] {ml_response_dag.py:36} INFO - 12
[2023-05-09T04:57:30.741+0000] {ml_response_dag.py:37} INFO - Inserted to db
[2023-05-09T04:57:30.744+0000] {ml_response_dag.py:35} INFO - {}
[2023-05-09T04:57:30.745+0000] {ml_response_dag.py:36} INFO - 13
[2023-05-09T04:57:30.746+0000] {ml_response_dag.py:37} INFO - Inserted to db
[2023-05-09T04:57:30.747+0000] {ml_response_dag.py:35} INFO - {}
[2023-05-09T04:57:30.747+0000] {ml_response_dag.py:36} INFO - 14
[2023-05-09T04:57:30.748+0000] {ml_response_dag.py:37} INFO - Inserted to db
[2023-05-09T04:57:30.750+0000] {ml_response_dag.py:35} INFO - {'value': '141', 'score': 0.27, 'ocr_score': 0.93, 'bounding_box': [0.24, 0.73, 0.11, 0.89]}
[2023-05-09T04:57:30.750+0000] {ml_response_dag.py:36} INFO - 15
[2023-05-09T04:57:30.751+0000] {ml_response_dag.py:37} INFO - Inserted to db
[2023-05-09T04:57:30.751+0000] {ml_response_dag.py:35} INFO - {'value': '59', 'score': 0.45, 'ocr_score': 0.57, 'bounding_box': [0.45, 0.64, 0.68, 0.17]}
[2023-05-09T04:57:30.752+0000] {ml_response_dag.py:36} INFO - 15
[2023-05-09T04:57:30.753+0000] {ml_response_dag.py:37} INFO - Inserted to db
[2023-05-09T04:57:30.766+0000] {ml_response_dag.py:35} INFO - {'value': '333', 'score': 0.34, 'ocr_score': 0.85, 'bounding_box': [0.81, 0.57, 0.99, 0.77]}
[2023-05-09T04:57:30.776+0000] {ml_response_dag.py:36} INFO - 15
[2023-05-09T04:57:30.781+0000] {ml_response_dag.py:37} INFO - Inserted to db
[2023-05-09T04:57:30.785+0000] {ml_response_dag.py:35} INFO - {'value': '257', 'score': 0.11, 'ocr_score': 0.43, 'bounding_box': [0.37, 0.55, 0.53, 0.66]}
[2023-05-09T04:57:30.786+0000] {ml_response_dag.py:36} INFO - 15
[2023-05-09T04:57:30.788+0000] {ml_response_dag.py:37} INFO - Inserted to db
[2023-05-09T04:57:30.789+0000] {ml_response_dag.py:35} INFO - {'value': '190', 'score': 0.21, 'ocr_score': 0.83, 'bounding_box': [0.88, 0.83, 0.57, 0.11]}
[2023-05-09T04:57:30.789+0000] {ml_response_dag.py:36} INFO - 15
[2023-05-09T04:57:30.790+0000] {ml_response_dag.py:37} INFO - Inserted to db
[2023-05-09T04:57:30.790+0000] {ml_response_dag.py:35} INFO - {}
[2023-05-09T04:57:30.791+0000] {ml_response_dag.py:36} INFO - 15
[2023-05-09T04:57:30.791+0000] {ml_response_dag.py:37} INFO - Inserted to db
[2023-05-09T04:57:30.792+0000] {ml_response_dag.py:35} INFO - {}
[2023-05-09T04:57:30.797+0000] {ml_response_dag.py:36} INFO - 15
[2023-05-09T04:57:30.800+0000] {ml_response_dag.py:37} INFO - Inserted to db
[2023-05-09T04:57:30.803+0000] {ml_response_dag.py:35} INFO - {}
[2023-05-09T04:57:30.805+0000] {ml_response_dag.py:36} INFO - 15
[2023-05-09T04:57:30.812+0000] {ml_response_dag.py:37} INFO - Inserted to db
[2023-05-09T04:57:30.814+0000] {ml_response_dag.py:35} INFO - {'value': '475', 'score': 0.57, 'ocr_score': 0.49, 'bounding_box': [0.4, 0.3, 0.99, 0.32]}
[2023-05-09T04:57:30.815+0000] {ml_response_dag.py:36} INFO - 15
[2023-05-09T04:57:30.816+0000] {ml_response_dag.py:37} INFO - Inserted to db
[2023-05-09T04:57:30.817+0000] {ml_response_dag.py:35} INFO - {'value': '745', 'score': 0.84, 'ocr_score': 0.82, 'bounding_box': [0.84, 0.57, 0.94, 0.44]}
[2023-05-09T04:57:30.823+0000] {ml_response_dag.py:36} INFO - 16
[2023-05-09T04:57:30.825+0000] {ml_response_dag.py:37} INFO - Inserted to db
[2023-05-09T04:57:30.836+0000] {python.py:183} INFO - Done. Returned value was: None
[2023-05-09T04:57:30.900+0000] {taskinstance.py:1373} INFO - Marking task as SUCCESS. dag_id=veryfi_extract_total, task_id=extract_and_load, execution_date=20230508T091000, start_date=20230509T045727, end_date=20230509T045730
[2023-05-09T04:57:30.996+0000] {local_task_job_runner.py:232} INFO - Task exited with return code 0
[2023-05-09T04:57:31.101+0000] {taskinstance.py:2674} INFO - 0 downstream tasks scheduled from follow-on schedule check
