[2023-05-09T04:57:34.633+0000] {taskinstance.py:1125} INFO - Dependencies all met for dep_context=non-requeueable deps ti=<TaskInstance: veryfi_extract_total.extract_and_load scheduled__2023-05-08T10:10:00+00:00 [queued]>
[2023-05-09T04:57:34.647+0000] {taskinstance.py:1125} INFO - Dependencies all met for dep_context=requeueable deps ti=<TaskInstance: veryfi_extract_total.extract_and_load scheduled__2023-05-08T10:10:00+00:00 [queued]>
[2023-05-09T04:57:34.653+0000] {taskinstance.py:1331} INFO - Starting attempt 1 of 2
[2023-05-09T04:57:34.693+0000] {taskinstance.py:1350} INFO - Executing <Task(PythonOperator): extract_and_load> on 2023-05-08 10:10:00+00:00
[2023-05-09T04:57:34.708+0000] {standard_task_runner.py:57} INFO - Started process 1663 to run task
[2023-05-09T04:57:34.725+0000] {standard_task_runner.py:84} INFO - Running: ['***', 'tasks', 'run', 'veryfi_extract_total', 'extract_and_load', 'scheduled__2023-05-08T10:10:00+00:00', '--job-id', '453', '--raw', '--subdir', 'DAGS_FOLDER/ml_response_dag.py', '--cfg-path', '/tmp/tmpl7spsd8h']
[2023-05-09T04:57:34.725+0000] {standard_task_runner.py:85} INFO - Job 453: Subtask extract_and_load
[2023-05-09T04:57:34.909+0000] {task_command.py:410} INFO - Running <TaskInstance: veryfi_extract_total.extract_and_load scheduled__2023-05-08T10:10:00+00:00 [running]> on host aa4b7d3de44b
[2023-05-09T04:57:35.394+0000] {taskinstance.py:1570} INFO - Exporting env vars: AIRFLOW_CTX_DAG_OWNER='***' AIRFLOW_CTX_DAG_ID='veryfi_extract_total' AIRFLOW_CTX_TASK_ID='extract_and_load' AIRFLOW_CTX_EXECUTION_DATE='2023-05-08T10:10:00+00:00' AIRFLOW_CTX_TRY_NUMBER='1' AIRFLOW_CTX_DAG_RUN_ID='scheduled__2023-05-08T10:10:00+00:00'
[2023-05-09T04:57:35.423+0000] {ml_response_dag.py:35} INFO - {}
[2023-05-09T04:57:35.423+0000] {ml_response_dag.py:36} INFO - 1
[2023-05-09T04:57:35.424+0000] {ml_response_dag.py:37} INFO - Inserted to db
[2023-05-09T04:57:35.428+0000] {ml_response_dag.py:35} INFO - {'value': '544', 'score': 0.22, 'ocr_score': 0.81, 'bounding_box': [0.22, 0.37, 0.38, 0.52]}
[2023-05-09T04:57:35.428+0000] {ml_response_dag.py:36} INFO - 1
[2023-05-09T04:57:35.428+0000] {ml_response_dag.py:37} INFO - Inserted to db
[2023-05-09T04:57:35.429+0000] {ml_response_dag.py:35} INFO - {}
[2023-05-09T04:57:35.430+0000] {ml_response_dag.py:36} INFO - 1
[2023-05-09T04:57:35.431+0000] {ml_response_dag.py:37} INFO - Inserted to db
[2023-05-09T04:57:35.434+0000] {ml_response_dag.py:35} INFO - {}
[2023-05-09T04:57:35.439+0000] {ml_response_dag.py:36} INFO - 1
[2023-05-09T04:57:35.442+0000] {ml_response_dag.py:37} INFO - Inserted to db
[2023-05-09T04:57:35.445+0000] {ml_response_dag.py:35} INFO - {}
[2023-05-09T04:57:35.446+0000] {ml_response_dag.py:36} INFO - 1
[2023-05-09T04:57:35.449+0000] {ml_response_dag.py:37} INFO - Inserted to db
[2023-05-09T04:57:35.453+0000] {ml_response_dag.py:35} INFO - {}
[2023-05-09T04:57:35.455+0000] {ml_response_dag.py:36} INFO - 1
[2023-05-09T04:57:35.455+0000] {ml_response_dag.py:37} INFO - Inserted to db
[2023-05-09T04:57:35.456+0000] {ml_response_dag.py:35} INFO - {'value': '660', 'score': 0.48, 'ocr_score': 0.32, 'bounding_box': [0.07, 0.82, 0.06, 0.37]}
[2023-05-09T04:57:35.457+0000] {ml_response_dag.py:36} INFO - 1
[2023-05-09T04:57:35.459+0000] {ml_response_dag.py:37} INFO - Inserted to db
[2023-05-09T04:57:35.460+0000] {ml_response_dag.py:35} INFO - {}
[2023-05-09T04:57:35.461+0000] {ml_response_dag.py:36} INFO - 1
[2023-05-09T04:57:35.462+0000] {ml_response_dag.py:37} INFO - Inserted to db
[2023-05-09T04:57:35.464+0000] {ml_response_dag.py:35} INFO - {'value': '801', 'score': 0.92, 'ocr_score': 0.28, 'bounding_box': [0.56, 0.9, 0.37, 0.79]}
[2023-05-09T04:57:35.464+0000] {ml_response_dag.py:36} INFO - 1
[2023-05-09T04:57:35.465+0000] {ml_response_dag.py:37} INFO - Inserted to db
[2023-05-09T04:57:35.467+0000] {ml_response_dag.py:35} INFO - {}
[2023-05-09T04:57:35.468+0000] {ml_response_dag.py:36} INFO - 2
[2023-05-09T04:57:35.469+0000] {ml_response_dag.py:37} INFO - Inserted to db
[2023-05-09T04:57:35.475+0000] {ml_response_dag.py:35} INFO - {}
[2023-05-09T04:57:35.476+0000] {ml_response_dag.py:36} INFO - 2
[2023-05-09T04:57:35.480+0000] {ml_response_dag.py:37} INFO - Inserted to db
[2023-05-09T04:57:35.486+0000] {ml_response_dag.py:35} INFO - {'value': '880', 'score': 0.06, 'ocr_score': 0.1, 'bounding_box': [0.76, 0.47, 0.16, 0.27]}
[2023-05-09T04:57:35.488+0000] {ml_response_dag.py:36} INFO - 2
[2023-05-09T04:57:35.489+0000] {ml_response_dag.py:37} INFO - Inserted to db
[2023-05-09T04:57:35.491+0000] {ml_response_dag.py:35} INFO - {'value': '380', 'score': 0.11, 'ocr_score': 0.36, 'bounding_box': [0.99, 0.15, 0.39, 0.03]}
[2023-05-09T04:57:35.492+0000] {ml_response_dag.py:36} INFO - 2
[2023-05-09T04:57:35.493+0000] {ml_response_dag.py:37} INFO - Inserted to db
[2023-05-09T04:57:35.496+0000] {ml_response_dag.py:35} INFO - {}
[2023-05-09T04:57:35.496+0000] {ml_response_dag.py:36} INFO - 2
[2023-05-09T04:57:35.496+0000] {ml_response_dag.py:37} INFO - Inserted to db
[2023-05-09T04:57:35.497+0000] {ml_response_dag.py:35} INFO - {'value': '770', 'score': 0.37, 'ocr_score': 0.84, 'bounding_box': [0.79, 0.15, 0.82, 0.6]}
[2023-05-09T04:57:35.498+0000] {ml_response_dag.py:36} INFO - 2
[2023-05-09T04:57:35.502+0000] {ml_response_dag.py:37} INFO - Inserted to db
[2023-05-09T04:57:35.505+0000] {ml_response_dag.py:35} INFO - {}
[2023-05-09T04:57:35.506+0000] {ml_response_dag.py:36} INFO - 2
[2023-05-09T04:57:35.506+0000] {ml_response_dag.py:37} INFO - Inserted to db
[2023-05-09T04:57:35.507+0000] {ml_response_dag.py:35} INFO - {}
[2023-05-09T04:57:35.507+0000] {ml_response_dag.py:36} INFO - 2
[2023-05-09T04:57:35.509+0000] {ml_response_dag.py:37} INFO - Inserted to db
[2023-05-09T04:57:35.510+0000] {ml_response_dag.py:35} INFO - {}
[2023-05-09T04:57:35.512+0000] {ml_response_dag.py:36} INFO - 2
[2023-05-09T04:57:35.513+0000] {ml_response_dag.py:37} INFO - Inserted to db
[2023-05-09T04:57:35.513+0000] {ml_response_dag.py:35} INFO - {}
[2023-05-09T04:57:35.514+0000] {ml_response_dag.py:36} INFO - 3
[2023-05-09T04:57:35.515+0000] {ml_response_dag.py:37} INFO - Inserted to db
[2023-05-09T04:57:35.516+0000] {ml_response_dag.py:35} INFO - {}
[2023-05-09T04:57:35.516+0000] {ml_response_dag.py:36} INFO - 4
[2023-05-09T04:57:35.516+0000] {ml_response_dag.py:37} INFO - Inserted to db
[2023-05-09T04:57:35.518+0000] {ml_response_dag.py:35} INFO - {}
[2023-05-09T04:57:35.519+0000] {ml_response_dag.py:36} INFO - 5
[2023-05-09T04:57:35.519+0000] {ml_response_dag.py:37} INFO - Inserted to db
[2023-05-09T04:57:35.520+0000] {ml_response_dag.py:35} INFO - {}
[2023-05-09T04:57:35.522+0000] {ml_response_dag.py:36} INFO - 5
[2023-05-09T04:57:35.523+0000] {ml_response_dag.py:37} INFO - Inserted to db
[2023-05-09T04:57:35.524+0000] {ml_response_dag.py:35} INFO - {'value': '418', 'score': 0.49, 'ocr_score': 0.15, 'bounding_box': [0.88, 0.92, 0.46, 0.3]}
[2023-05-09T04:57:35.524+0000] {ml_response_dag.py:36} INFO - 5
[2023-05-09T04:57:35.525+0000] {ml_response_dag.py:37} INFO - Inserted to db
[2023-05-09T04:57:35.527+0000] {ml_response_dag.py:35} INFO - {}
[2023-05-09T04:57:35.531+0000] {ml_response_dag.py:36} INFO - 5
[2023-05-09T04:57:35.532+0000] {ml_response_dag.py:37} INFO - Inserted to db
[2023-05-09T04:57:35.536+0000] {ml_response_dag.py:35} INFO - {}
[2023-05-09T04:57:35.536+0000] {ml_response_dag.py:36} INFO - 5
[2023-05-09T04:57:35.537+0000] {ml_response_dag.py:37} INFO - Inserted to db
[2023-05-09T04:57:35.539+0000] {ml_response_dag.py:35} INFO - {'value': '78', 'score': 0.03, 'ocr_score': 0.66, 'bounding_box': [0.31, 0.81, 0.43, 0.03]}
[2023-05-09T04:57:35.540+0000] {ml_response_dag.py:36} INFO - 5
[2023-05-09T04:57:35.540+0000] {ml_response_dag.py:37} INFO - Inserted to db
[2023-05-09T04:57:35.541+0000] {ml_response_dag.py:35} INFO - {}
[2023-05-09T04:57:35.541+0000] {ml_response_dag.py:36} INFO - 5
[2023-05-09T04:57:35.542+0000] {ml_response_dag.py:37} INFO - Inserted to db
[2023-05-09T04:57:35.543+0000] {ml_response_dag.py:35} INFO - {'value': '889', 'score': 0.72, 'ocr_score': 0.56, 'bounding_box': [0.38, 0.17, 0.28, 1.0]}
[2023-05-09T04:57:35.544+0000] {ml_response_dag.py:36} INFO - 5
[2023-05-09T04:57:35.545+0000] {ml_response_dag.py:37} INFO - Inserted to db
[2023-05-09T04:57:35.547+0000] {ml_response_dag.py:35} INFO - {'value': '292', 'score': 0.23, 'ocr_score': 0.39, 'bounding_box': [0.45, 0.93, 0.07, 0.2]}
[2023-05-09T04:57:35.548+0000] {ml_response_dag.py:36} INFO - 5
[2023-05-09T04:57:35.550+0000] {ml_response_dag.py:37} INFO - Inserted to db
[2023-05-09T04:57:35.553+0000] {ml_response_dag.py:35} INFO - {}
[2023-05-09T04:57:35.557+0000] {ml_response_dag.py:36} INFO - 6
[2023-05-09T04:57:35.558+0000] {ml_response_dag.py:37} INFO - Inserted to db
[2023-05-09T04:57:35.564+0000] {ml_response_dag.py:35} INFO - {'value': '542', 'score': 0.01, 'ocr_score': 0.03, 'bounding_box': [0.27, 0.53, 0.77, 0.97]}
[2023-05-09T04:57:35.565+0000] {ml_response_dag.py:36} INFO - 7
[2023-05-09T04:57:35.566+0000] {ml_response_dag.py:37} INFO - Inserted to db
[2023-05-09T04:57:35.569+0000] {ml_response_dag.py:35} INFO - {'value': '342', 'score': 0.56, 'ocr_score': 0.14, 'bounding_box': [0.77, 0.91, 0.18, 0.2]}
[2023-05-09T04:57:35.570+0000] {ml_response_dag.py:36} INFO - 7
[2023-05-09T04:57:35.570+0000] {ml_response_dag.py:37} INFO - Inserted to db
[2023-05-09T04:57:35.571+0000] {ml_response_dag.py:35} INFO - {'value': '967', 'score': 0.78, 'ocr_score': 0.39, 'bounding_box': [0.86, 0.38, 0.41, 0.36]}
[2023-05-09T04:57:35.571+0000] {ml_response_dag.py:36} INFO - 7
[2023-05-09T04:57:35.572+0000] {ml_response_dag.py:37} INFO - Inserted to db
[2023-05-09T04:57:35.572+0000] {ml_response_dag.py:35} INFO - {'value': '100', 'score': 0.68, 'ocr_score': 0.75, 'bounding_box': [0.32, 0.6, 0.97, 0.05]}
[2023-05-09T04:57:35.573+0000] {ml_response_dag.py:36} INFO - 7
[2023-05-09T04:57:35.573+0000] {ml_response_dag.py:37} INFO - Inserted to db
[2023-05-09T04:57:35.574+0000] {ml_response_dag.py:35} INFO - {}
[2023-05-09T04:57:35.574+0000] {ml_response_dag.py:36} INFO - 7
[2023-05-09T04:57:35.575+0000] {ml_response_dag.py:37} INFO - Inserted to db
[2023-05-09T04:57:35.575+0000] {ml_response_dag.py:35} INFO - {}
[2023-05-09T04:57:35.576+0000] {ml_response_dag.py:36} INFO - 7
[2023-05-09T04:57:35.577+0000] {ml_response_dag.py:37} INFO - Inserted to db
[2023-05-09T04:57:35.577+0000] {ml_response_dag.py:35} INFO - {'value': '858', 'score': 0.94, 'ocr_score': 0.64, 'bounding_box': [0.22, 0.37, 0.17, 0.07]}
[2023-05-09T04:57:35.577+0000] {ml_response_dag.py:36} INFO - 7
[2023-05-09T04:57:35.578+0000] {ml_response_dag.py:37} INFO - Inserted to db
[2023-05-09T04:57:35.580+0000] {ml_response_dag.py:35} INFO - {}
[2023-05-09T04:57:35.581+0000] {ml_response_dag.py:36} INFO - 7
[2023-05-09T04:57:35.589+0000] {ml_response_dag.py:37} INFO - Inserted to db
[2023-05-09T04:57:35.602+0000] {ml_response_dag.py:35} INFO - {'value': '633', 'score': 0.77, 'ocr_score': 0.17, 'bounding_box': [0.44, 0.56, 0.26, 0.15]}
[2023-05-09T04:57:35.606+0000] {ml_response_dag.py:36} INFO - 7
[2023-05-09T04:57:35.609+0000] {ml_response_dag.py:37} INFO - Inserted to db
[2023-05-09T04:57:35.618+0000] {ml_response_dag.py:35} INFO - {'value': '609', 'score': 0.47, 'ocr_score': 0.56, 'bounding_box': [0.3, 0.87, 0.78, 0.92]}
[2023-05-09T04:57:35.619+0000] {ml_response_dag.py:36} INFO - 8
[2023-05-09T04:57:35.621+0000] {ml_response_dag.py:37} INFO - Inserted to db
[2023-05-09T04:57:35.628+0000] {ml_response_dag.py:35} INFO - {'value': '331', 'score': 0.49, 'ocr_score': 0.99, 'bounding_box': [0.55, 0.36, 0.08, 0.43]}
[2023-05-09T04:57:35.632+0000] {ml_response_dag.py:36} INFO - 8
[2023-05-09T04:57:35.632+0000] {ml_response_dag.py:37} INFO - Inserted to db
[2023-05-09T04:57:35.634+0000] {ml_response_dag.py:35} INFO - {'value': '142', 'score': 0.0, 'ocr_score': 0.58, 'bounding_box': [0.17, 0.36, 0.83, 0.62]}
[2023-05-09T04:57:35.635+0000] {ml_response_dag.py:36} INFO - 8
[2023-05-09T04:57:35.636+0000] {ml_response_dag.py:37} INFO - Inserted to db
[2023-05-09T04:57:35.641+0000] {ml_response_dag.py:35} INFO - {}
[2023-05-09T04:57:35.641+0000] {ml_response_dag.py:36} INFO - 8
[2023-05-09T04:57:35.643+0000] {ml_response_dag.py:37} INFO - Inserted to db
[2023-05-09T04:57:35.645+0000] {ml_response_dag.py:35} INFO - {}
[2023-05-09T04:57:35.648+0000] {ml_response_dag.py:36} INFO - 8
[2023-05-09T04:57:35.664+0000] {ml_response_dag.py:37} INFO - Inserted to db
[2023-05-09T04:57:35.671+0000] {ml_response_dag.py:35} INFO - {}
[2023-05-09T04:57:35.679+0000] {ml_response_dag.py:36} INFO - 8
[2023-05-09T04:57:35.682+0000] {ml_response_dag.py:37} INFO - Inserted to db
[2023-05-09T04:57:35.684+0000] {ml_response_dag.py:35} INFO - {'value': '826', 'score': 0.74, 'ocr_score': 0.69, 'bounding_box': [0.98, 0.11, 0.14, 0.96]}
[2023-05-09T04:57:35.686+0000] {ml_response_dag.py:36} INFO - 8
[2023-05-09T04:57:35.689+0000] {ml_response_dag.py:37} INFO - Inserted to db
[2023-05-09T04:57:35.694+0000] {ml_response_dag.py:35} INFO - {}
[2023-05-09T04:57:35.696+0000] {ml_response_dag.py:36} INFO - 8
[2023-05-09T04:57:35.697+0000] {ml_response_dag.py:37} INFO - Inserted to db
[2023-05-09T04:57:35.700+0000] {ml_response_dag.py:35} INFO - {'value': '299', 'score': 0.85, 'ocr_score': 0.04, 'bounding_box': [0.14, 0.46, 0.06, 0.65]}
[2023-05-09T04:57:35.720+0000] {ml_response_dag.py:36} INFO - 8
[2023-05-09T04:57:35.736+0000] {ml_response_dag.py:37} INFO - Inserted to db
[2023-05-09T04:57:35.744+0000] {ml_response_dag.py:35} INFO - {'value': '362', 'score': 0.62, 'ocr_score': 0.51, 'bounding_box': [0.42, 0.48, 0.21, 0.45]}
[2023-05-09T04:57:35.756+0000] {ml_response_dag.py:36} INFO - 9
[2023-05-09T04:57:35.764+0000] {ml_response_dag.py:37} INFO - Inserted to db
[2023-05-09T04:57:35.773+0000] {ml_response_dag.py:35} INFO - {'value': '288', 'score': 0.77, 'ocr_score': 0.23, 'bounding_box': [0.16, 0.03, 0.68, 0.81]}
[2023-05-09T04:57:35.774+0000] {ml_response_dag.py:36} INFO - 9
[2023-05-09T04:57:35.775+0000] {ml_response_dag.py:37} INFO - Inserted to db
[2023-05-09T04:57:35.779+0000] {ml_response_dag.py:35} INFO - {'value': '803', 'score': 0.03, 'ocr_score': 0.42, 'bounding_box': [0.05, 0.5, 0.56, 0.95]}
[2023-05-09T04:57:35.781+0000] {ml_response_dag.py:36} INFO - 9
[2023-05-09T04:57:35.786+0000] {ml_response_dag.py:37} INFO - Inserted to db
[2023-05-09T04:57:35.788+0000] {ml_response_dag.py:35} INFO - {'value': '750', 'score': 0.85, 'ocr_score': 0.27, 'bounding_box': [0.71, 0.07, 0.54, 0.9]}
[2023-05-09T04:57:35.790+0000] {ml_response_dag.py:36} INFO - 9
[2023-05-09T04:57:35.792+0000] {ml_response_dag.py:37} INFO - Inserted to db
[2023-05-09T04:57:35.795+0000] {ml_response_dag.py:35} INFO - {'value': '148', 'score': 0.41, 'ocr_score': 0.97, 'bounding_box': [0.44, 0.51, 0.69, 0.67]}
[2023-05-09T04:57:35.797+0000] {ml_response_dag.py:36} INFO - 9
[2023-05-09T04:57:35.798+0000] {ml_response_dag.py:37} INFO - Inserted to db
[2023-05-09T04:57:35.800+0000] {ml_response_dag.py:35} INFO - {'value': '161', 'score': 0.49, 'ocr_score': 0.58, 'bounding_box': [0.51, 0.51, 0.55, 0.06]}
[2023-05-09T04:57:35.801+0000] {ml_response_dag.py:36} INFO - 9
[2023-05-09T04:57:35.803+0000] {ml_response_dag.py:37} INFO - Inserted to db
[2023-05-09T04:57:35.803+0000] {ml_response_dag.py:35} INFO - {}
[2023-05-09T04:57:35.804+0000] {ml_response_dag.py:36} INFO - 9
[2023-05-09T04:57:35.805+0000] {ml_response_dag.py:37} INFO - Inserted to db
[2023-05-09T04:57:35.806+0000] {ml_response_dag.py:35} INFO - {}
[2023-05-09T04:57:35.807+0000] {ml_response_dag.py:36} INFO - 9
[2023-05-09T04:57:35.807+0000] {ml_response_dag.py:37} INFO - Inserted to db
[2023-05-09T04:57:35.808+0000] {ml_response_dag.py:35} INFO - {}
[2023-05-09T04:57:35.818+0000] {ml_response_dag.py:36} INFO - 9
[2023-05-09T04:57:35.819+0000] {ml_response_dag.py:37} INFO - Inserted to db
[2023-05-09T04:57:35.821+0000] {ml_response_dag.py:35} INFO - {'value': '842', 'score': 0.47, 'ocr_score': 0.75, 'bounding_box': [0.16, 0.91, 0.32, 0.53]}
[2023-05-09T04:57:35.822+0000] {ml_response_dag.py:36} INFO - 10
[2023-05-09T04:57:35.828+0000] {ml_response_dag.py:37} INFO - Inserted to db
[2023-05-09T04:57:35.839+0000] {ml_response_dag.py:35} INFO - {}
[2023-05-09T04:57:35.846+0000] {ml_response_dag.py:36} INFO - 10
[2023-05-09T04:57:35.850+0000] {ml_response_dag.py:37} INFO - Inserted to db
[2023-05-09T04:57:35.852+0000] {ml_response_dag.py:35} INFO - {}
[2023-05-09T04:57:35.856+0000] {ml_response_dag.py:36} INFO - 10
[2023-05-09T04:57:35.863+0000] {ml_response_dag.py:37} INFO - Inserted to db
[2023-05-09T04:57:35.867+0000] {ml_response_dag.py:35} INFO - {'value': '458', 'score': 0.81, 'ocr_score': 0.31, 'bounding_box': [0.69, 0.54, 0.48, 0.39]}
[2023-05-09T04:57:35.872+0000] {ml_response_dag.py:36} INFO - 10
[2023-05-09T04:57:35.873+0000] {ml_response_dag.py:37} INFO - Inserted to db
[2023-05-09T04:57:35.875+0000] {ml_response_dag.py:35} INFO - {'value': '776', 'score': 0.77, 'ocr_score': 0.34, 'bounding_box': [0.76, 0.85, 0.56, 0.82]}
[2023-05-09T04:57:35.876+0000] {ml_response_dag.py:36} INFO - 10
[2023-05-09T04:57:35.876+0000] {ml_response_dag.py:37} INFO - Inserted to db
[2023-05-09T04:57:35.882+0000] {ml_response_dag.py:35} INFO - {}
[2023-05-09T04:57:35.883+0000] {ml_response_dag.py:36} INFO - 10
[2023-05-09T04:57:35.884+0000] {ml_response_dag.py:37} INFO - Inserted to db
[2023-05-09T04:57:35.885+0000] {ml_response_dag.py:35} INFO - {'value': '51', 'score': 0.76, 'ocr_score': 0.29, 'bounding_box': [0.79, 0.88, 0.43, 0.21]}
[2023-05-09T04:57:35.886+0000] {ml_response_dag.py:36} INFO - 10
[2023-05-09T04:57:35.887+0000] {ml_response_dag.py:37} INFO - Inserted to db
[2023-05-09T04:57:35.889+0000] {ml_response_dag.py:35} INFO - {'value': '843', 'score': 0.05, 'ocr_score': 0.96, 'bounding_box': [0.84, 0.04, 0.6, 0.52]}
[2023-05-09T04:57:35.889+0000] {ml_response_dag.py:36} INFO - 10
[2023-05-09T04:57:35.890+0000] {ml_response_dag.py:37} INFO - Inserted to db
[2023-05-09T04:57:35.891+0000] {ml_response_dag.py:35} INFO - {'value': '517', 'score': 0.75, 'ocr_score': 0.74, 'bounding_box': [0.65, 0.92, 0.1, 0.59]}
[2023-05-09T04:57:35.892+0000] {ml_response_dag.py:36} INFO - 10
[2023-05-09T04:57:35.893+0000] {ml_response_dag.py:37} INFO - Inserted to db
[2023-05-09T04:57:35.896+0000] {ml_response_dag.py:35} INFO - {}
[2023-05-09T04:57:35.900+0000] {ml_response_dag.py:36} INFO - 11
[2023-05-09T04:57:35.902+0000] {ml_response_dag.py:37} INFO - Inserted to db
[2023-05-09T04:57:35.907+0000] {ml_response_dag.py:35} INFO - {}
[2023-05-09T04:57:35.912+0000] {ml_response_dag.py:36} INFO - 11
[2023-05-09T04:57:35.914+0000] {ml_response_dag.py:37} INFO - Inserted to db
[2023-05-09T04:57:35.916+0000] {ml_response_dag.py:35} INFO - {'value': '288', 'score': 0.6, 'ocr_score': 0.29, 'bounding_box': [0.96, 0.39, 0.81, 0.96]}
[2023-05-09T04:57:35.920+0000] {ml_response_dag.py:36} INFO - 11
[2023-05-09T04:57:35.924+0000] {ml_response_dag.py:37} INFO - Inserted to db
[2023-05-09T04:57:35.925+0000] {ml_response_dag.py:35} INFO - {'value': '878', 'score': 0.44, 'ocr_score': 0.56, 'bounding_box': [0.46, 0.03, 0.06, 0.3]}
[2023-05-09T04:57:35.925+0000] {ml_response_dag.py:36} INFO - 11
[2023-05-09T04:57:35.926+0000] {ml_response_dag.py:37} INFO - Inserted to db
[2023-05-09T04:57:35.933+0000] {ml_response_dag.py:35} INFO - {}
[2023-05-09T04:57:35.938+0000] {ml_response_dag.py:36} INFO - 11
[2023-05-09T04:57:35.939+0000] {ml_response_dag.py:37} INFO - Inserted to db
[2023-05-09T04:57:35.945+0000] {ml_response_dag.py:35} INFO - {}
[2023-05-09T04:57:35.953+0000] {ml_response_dag.py:36} INFO - 11
[2023-05-09T04:57:35.958+0000] {ml_response_dag.py:37} INFO - Inserted to db
[2023-05-09T04:57:35.962+0000] {ml_response_dag.py:35} INFO - {}
[2023-05-09T04:57:35.965+0000] {ml_response_dag.py:36} INFO - 11
[2023-05-09T04:57:35.967+0000] {ml_response_dag.py:37} INFO - Inserted to db
[2023-05-09T04:57:35.969+0000] {ml_response_dag.py:35} INFO - {'value': '650', 'score': 0.79, 'ocr_score': 0.64, 'bounding_box': [0.13, 0.78, 0.29, 0.37]}
[2023-05-09T04:57:35.971+0000] {ml_response_dag.py:36} INFO - 11
[2023-05-09T04:57:35.971+0000] {ml_response_dag.py:37} INFO - Inserted to db
[2023-05-09T04:57:35.972+0000] {ml_response_dag.py:35} INFO - {}
[2023-05-09T04:57:35.973+0000] {ml_response_dag.py:36} INFO - 11
[2023-05-09T04:57:35.977+0000] {ml_response_dag.py:37} INFO - Inserted to db
[2023-05-09T04:57:35.981+0000] {ml_response_dag.py:35} INFO - {'value': '643', 'score': 0.23, 'ocr_score': 0.72, 'bounding_box': [0.01, 0.39, 0.58, 0.53]}
[2023-05-09T04:57:35.984+0000] {ml_response_dag.py:36} INFO - 12
[2023-05-09T04:57:35.984+0000] {ml_response_dag.py:37} INFO - Inserted to db
[2023-05-09T04:57:35.985+0000] {ml_response_dag.py:35} INFO - {}
[2023-05-09T04:57:35.986+0000] {ml_response_dag.py:36} INFO - 13
[2023-05-09T04:57:35.987+0000] {ml_response_dag.py:37} INFO - Inserted to db
[2023-05-09T04:57:35.987+0000] {ml_response_dag.py:35} INFO - {}
[2023-05-09T04:57:35.988+0000] {ml_response_dag.py:36} INFO - 14
[2023-05-09T04:57:35.988+0000] {ml_response_dag.py:37} INFO - Inserted to db
[2023-05-09T04:57:35.989+0000] {ml_response_dag.py:35} INFO - {'value': '141', 'score': 0.27, 'ocr_score': 0.93, 'bounding_box': [0.24, 0.73, 0.11, 0.89]}
[2023-05-09T04:57:35.989+0000] {ml_response_dag.py:36} INFO - 15
[2023-05-09T04:57:35.990+0000] {ml_response_dag.py:37} INFO - Inserted to db
[2023-05-09T04:57:35.993+0000] {ml_response_dag.py:35} INFO - {'value': '59', 'score': 0.45, 'ocr_score': 0.57, 'bounding_box': [0.45, 0.64, 0.68, 0.17]}
[2023-05-09T04:57:35.994+0000] {ml_response_dag.py:36} INFO - 15
[2023-05-09T04:57:35.994+0000] {ml_response_dag.py:37} INFO - Inserted to db
[2023-05-09T04:57:35.996+0000] {ml_response_dag.py:35} INFO - {'value': '333', 'score': 0.34, 'ocr_score': 0.85, 'bounding_box': [0.81, 0.57, 0.99, 0.77]}
[2023-05-09T04:57:35.996+0000] {ml_response_dag.py:36} INFO - 15
[2023-05-09T04:57:35.997+0000] {ml_response_dag.py:37} INFO - Inserted to db
[2023-05-09T04:57:35.998+0000] {ml_response_dag.py:35} INFO - {'value': '257', 'score': 0.11, 'ocr_score': 0.43, 'bounding_box': [0.37, 0.55, 0.53, 0.66]}
[2023-05-09T04:57:35.998+0000] {ml_response_dag.py:36} INFO - 15
[2023-05-09T04:57:35.998+0000] {ml_response_dag.py:37} INFO - Inserted to db
[2023-05-09T04:57:35.999+0000] {ml_response_dag.py:35} INFO - {'value': '190', 'score': 0.21, 'ocr_score': 0.83, 'bounding_box': [0.88, 0.83, 0.57, 0.11]}
[2023-05-09T04:57:36.001+0000] {ml_response_dag.py:36} INFO - 15
[2023-05-09T04:57:36.002+0000] {ml_response_dag.py:37} INFO - Inserted to db
[2023-05-09T04:57:36.004+0000] {ml_response_dag.py:35} INFO - {}
[2023-05-09T04:57:36.004+0000] {ml_response_dag.py:36} INFO - 15
[2023-05-09T04:57:36.007+0000] {ml_response_dag.py:37} INFO - Inserted to db
[2023-05-09T04:57:36.008+0000] {ml_response_dag.py:35} INFO - {}
[2023-05-09T04:57:36.009+0000] {ml_response_dag.py:36} INFO - 15
[2023-05-09T04:57:36.010+0000] {ml_response_dag.py:37} INFO - Inserted to db
[2023-05-09T04:57:36.012+0000] {ml_response_dag.py:35} INFO - {}
[2023-05-09T04:57:36.015+0000] {ml_response_dag.py:36} INFO - 15
[2023-05-09T04:57:36.016+0000] {ml_response_dag.py:37} INFO - Inserted to db
[2023-05-09T04:57:36.019+0000] {ml_response_dag.py:35} INFO - {'value': '475', 'score': 0.57, 'ocr_score': 0.49, 'bounding_box': [0.4, 0.3, 0.99, 0.32]}
[2023-05-09T04:57:36.021+0000] {ml_response_dag.py:36} INFO - 15
[2023-05-09T04:57:36.021+0000] {ml_response_dag.py:37} INFO - Inserted to db
[2023-05-09T04:57:36.026+0000] {ml_response_dag.py:35} INFO - {'value': '745', 'score': 0.84, 'ocr_score': 0.82, 'bounding_box': [0.84, 0.57, 0.94, 0.44]}
[2023-05-09T04:57:36.028+0000] {ml_response_dag.py:36} INFO - 16
[2023-05-09T04:57:36.028+0000] {ml_response_dag.py:37} INFO - Inserted to db
[2023-05-09T04:57:36.044+0000] {python.py:183} INFO - Done. Returned value was: None
[2023-05-09T04:57:36.135+0000] {taskinstance.py:1373} INFO - Marking task as SUCCESS. dag_id=veryfi_extract_total, task_id=extract_and_load, execution_date=20230508T101000, start_date=20230509T045734, end_date=20230509T045736
[2023-05-09T04:57:36.251+0000] {local_task_job_runner.py:232} INFO - Task exited with return code 0
[2023-05-09T04:57:36.500+0000] {taskinstance.py:2674} INFO - 0 downstream tasks scheduled from follow-on schedule check
