[2023-05-08T23:15:16.602+0000] {taskinstance.py:1125} INFO - Dependencies all met for dep_context=non-requeueable deps ti=<TaskInstance: veryfi_extract_total.extract_and_load scheduled__2023-05-08T00:00:30+00:00 [queued]>
[2023-05-08T23:15:16.630+0000] {taskinstance.py:1125} INFO - Dependencies all met for dep_context=requeueable deps ti=<TaskInstance: veryfi_extract_total.extract_and_load scheduled__2023-05-08T00:00:30+00:00 [queued]>
[2023-05-08T23:15:16.631+0000] {taskinstance.py:1331} INFO - Starting attempt 1 of 2
[2023-05-08T23:15:16.668+0000] {taskinstance.py:1350} INFO - Executing <Task(PythonOperator): extract_and_load> on 2023-05-08 00:00:30+00:00
[2023-05-08T23:15:16.676+0000] {standard_task_runner.py:57} INFO - Started process 410 to run task
[2023-05-08T23:15:16.692+0000] {standard_task_runner.py:84} INFO - Running: ['***', 'tasks', 'run', 'veryfi_extract_total', 'extract_and_load', 'scheduled__2023-05-08T00:00:30+00:00', '--job-id', '80', '--raw', '--subdir', 'DAGS_FOLDER/ml_response_dag.py', '--cfg-path', '/tmp/tmppvkaeadr']
[2023-05-08T23:15:16.695+0000] {standard_task_runner.py:85} INFO - Job 80: Subtask extract_and_load
[2023-05-08T23:15:16.828+0000] {task_command.py:410} INFO - Running <TaskInstance: veryfi_extract_total.extract_and_load scheduled__2023-05-08T00:00:30+00:00 [running]> on host 916d3785c91c
[2023-05-08T23:15:17.237+0000] {taskinstance.py:1570} INFO - Exporting env vars: AIRFLOW_CTX_DAG_OWNER='***' AIRFLOW_CTX_DAG_ID='veryfi_extract_total' AIRFLOW_CTX_TASK_ID='extract_and_load' AIRFLOW_CTX_EXECUTION_DATE='2023-05-08T00:00:30+00:00' AIRFLOW_CTX_TRY_NUMBER='1' AIRFLOW_CTX_DAG_RUN_ID='scheduled__2023-05-08T00:00:30+00:00'
[2023-05-08T23:15:17.331+0000] {taskinstance.py:1847} ERROR - Task failed with exception
Traceback (most recent call last):
  File "/home/airflow/.local/lib/python3.7/site-packages/airflow/operators/python.py", line 181, in execute
    return_value = self.execute_callable()
  File "/home/airflow/.local/lib/python3.7/site-packages/airflow/operators/python.py", line 198, in execute_callable
    return self.python_callable(*self.op_args, **self.op_kwargs)
  File "/opt/airflow/dags/ml_response_dag.py", line 31, in extract_total
    cur.execute("INSERT INTO parsed_total (total) VALUES (%s)", (total,))
psycopg2.ProgrammingError: can't adapt type 'dict'
[2023-05-08T23:15:17.381+0000] {taskinstance.py:1373} INFO - Marking task as UP_FOR_RETRY. dag_id=veryfi_extract_total, task_id=extract_and_load, execution_date=20230508T000030, start_date=20230508T231516, end_date=20230508T231517
[2023-05-08T23:15:17.459+0000] {standard_task_runner.py:109} ERROR - Failed to execute job 80 for task extract_and_load (can't adapt type 'dict'; 410)
[2023-05-08T23:15:17.527+0000] {local_task_job_runner.py:232} INFO - Task exited with return code 1
[2023-05-08T23:15:17.634+0000] {taskinstance.py:2674} INFO - 0 downstream tasks scheduled from follow-on schedule check
[2023-05-09T04:45:14.941+0000] {taskinstance.py:1125} INFO - Dependencies all met for dep_context=non-requeueable deps ti=<TaskInstance: veryfi_extract_total.extract_and_load scheduled__2023-05-08T00:00:30+00:00 [queued]>
[2023-05-09T04:45:14.948+0000] {taskinstance.py:1125} INFO - Dependencies all met for dep_context=requeueable deps ti=<TaskInstance: veryfi_extract_total.extract_and_load scheduled__2023-05-08T00:00:30+00:00 [queued]>
[2023-05-09T04:45:14.949+0000] {taskinstance.py:1331} INFO - Starting attempt 1 of 2
[2023-05-09T04:45:14.963+0000] {taskinstance.py:1350} INFO - Executing <Task(PythonOperator): extract_and_load> on 2023-05-08 00:00:30+00:00
[2023-05-09T04:45:14.968+0000] {standard_task_runner.py:57} INFO - Started process 821 to run task
[2023-05-09T04:45:14.984+0000] {standard_task_runner.py:84} INFO - Running: ['***', 'tasks', 'run', 'veryfi_extract_total', 'extract_and_load', 'scheduled__2023-05-08T00:00:30+00:00', '--job-id', '136', '--raw', '--subdir', 'DAGS_FOLDER/ml_response_dag.py', '--cfg-path', '/tmp/tmpaowggu8b']
[2023-05-09T04:45:14.986+0000] {standard_task_runner.py:85} INFO - Job 136: Subtask extract_and_load
[2023-05-09T04:45:15.151+0000] {task_command.py:410} INFO - Running <TaskInstance: veryfi_extract_total.extract_and_load scheduled__2023-05-08T00:00:30+00:00 [running]> on host aa4b7d3de44b
[2023-05-09T04:45:15.453+0000] {taskinstance.py:1570} INFO - Exporting env vars: AIRFLOW_CTX_DAG_OWNER='***' AIRFLOW_CTX_DAG_ID='veryfi_extract_total' AIRFLOW_CTX_TASK_ID='extract_and_load' AIRFLOW_CTX_EXECUTION_DATE='2023-05-08T00:00:30+00:00' AIRFLOW_CTX_TRY_NUMBER='1' AIRFLOW_CTX_DAG_RUN_ID='scheduled__2023-05-08T00:00:30+00:00'
[2023-05-09T04:45:15.487+0000] {ml_response_dag.py:36} INFO - {}
[2023-05-09T04:45:15.489+0000] {ml_response_dag.py:37} INFO - 1
[2023-05-09T04:45:15.490+0000] {ml_response_dag.py:36} INFO - {'value': '544', 'score': 0.22, 'ocr_score': 0.81, 'bounding_box': [0.22, 0.37, 0.38, 0.52]}
[2023-05-09T04:45:15.491+0000] {ml_response_dag.py:37} INFO - 1
[2023-05-09T04:45:15.495+0000] {ml_response_dag.py:36} INFO - {}
[2023-05-09T04:45:15.496+0000] {ml_response_dag.py:37} INFO - 1
[2023-05-09T04:45:15.497+0000] {ml_response_dag.py:36} INFO - {}
[2023-05-09T04:45:15.497+0000] {ml_response_dag.py:37} INFO - 1
[2023-05-09T04:45:15.498+0000] {ml_response_dag.py:36} INFO - {}
[2023-05-09T04:45:15.499+0000] {ml_response_dag.py:37} INFO - 1
[2023-05-09T04:45:15.499+0000] {ml_response_dag.py:36} INFO - {}
[2023-05-09T04:45:15.500+0000] {ml_response_dag.py:37} INFO - 1
[2023-05-09T04:45:15.500+0000] {ml_response_dag.py:36} INFO - {'value': '660', 'score': 0.48, 'ocr_score': 0.32, 'bounding_box': [0.07, 0.82, 0.06, 0.37]}
[2023-05-09T04:45:15.501+0000] {ml_response_dag.py:37} INFO - 1
[2023-05-09T04:45:15.501+0000] {ml_response_dag.py:36} INFO - {}
[2023-05-09T04:45:15.502+0000] {ml_response_dag.py:37} INFO - 1
[2023-05-09T04:45:15.502+0000] {ml_response_dag.py:36} INFO - {'value': '801', 'score': 0.92, 'ocr_score': 0.28, 'bounding_box': [0.56, 0.9, 0.37, 0.79]}
[2023-05-09T04:45:15.503+0000] {ml_response_dag.py:37} INFO - 1
[2023-05-09T04:45:15.503+0000] {ml_response_dag.py:36} INFO - {}
[2023-05-09T04:45:15.504+0000] {ml_response_dag.py:37} INFO - 2
[2023-05-09T04:45:15.505+0000] {ml_response_dag.py:36} INFO - {}
[2023-05-09T04:45:15.505+0000] {ml_response_dag.py:37} INFO - 2
[2023-05-09T04:45:15.506+0000] {ml_response_dag.py:36} INFO - {'value': '880', 'score': 0.06, 'ocr_score': 0.1, 'bounding_box': [0.76, 0.47, 0.16, 0.27]}
[2023-05-09T04:45:15.506+0000] {ml_response_dag.py:37} INFO - 2
[2023-05-09T04:45:15.509+0000] {ml_response_dag.py:36} INFO - {'value': '380', 'score': 0.11, 'ocr_score': 0.36, 'bounding_box': [0.99, 0.15, 0.39, 0.03]}
[2023-05-09T04:45:15.511+0000] {ml_response_dag.py:37} INFO - 2
[2023-05-09T04:45:15.512+0000] {ml_response_dag.py:36} INFO - {}
[2023-05-09T04:45:15.513+0000] {ml_response_dag.py:37} INFO - 2
[2023-05-09T04:45:15.515+0000] {ml_response_dag.py:36} INFO - {'value': '770', 'score': 0.37, 'ocr_score': 0.84, 'bounding_box': [0.79, 0.15, 0.82, 0.6]}
[2023-05-09T04:45:15.515+0000] {ml_response_dag.py:37} INFO - 2
[2023-05-09T04:45:15.516+0000] {ml_response_dag.py:36} INFO - {}
[2023-05-09T04:45:15.516+0000] {ml_response_dag.py:37} INFO - 2
[2023-05-09T04:45:15.516+0000] {ml_response_dag.py:36} INFO - {}
[2023-05-09T04:45:15.517+0000] {ml_response_dag.py:37} INFO - 2
[2023-05-09T04:45:15.517+0000] {ml_response_dag.py:36} INFO - {}
[2023-05-09T04:45:15.518+0000] {ml_response_dag.py:37} INFO - 2
[2023-05-09T04:45:15.518+0000] {ml_response_dag.py:36} INFO - {}
[2023-05-09T04:45:15.519+0000] {ml_response_dag.py:37} INFO - 3
[2023-05-09T04:45:15.519+0000] {ml_response_dag.py:36} INFO - {}
[2023-05-09T04:45:15.522+0000] {ml_response_dag.py:37} INFO - 4
[2023-05-09T04:45:15.523+0000] {ml_response_dag.py:36} INFO - {}
[2023-05-09T04:45:15.524+0000] {ml_response_dag.py:37} INFO - 5
[2023-05-09T04:45:15.525+0000] {ml_response_dag.py:36} INFO - {}
[2023-05-09T04:45:15.525+0000] {ml_response_dag.py:37} INFO - 5
[2023-05-09T04:45:15.525+0000] {ml_response_dag.py:36} INFO - {'value': '418', 'score': 0.49, 'ocr_score': 0.15, 'bounding_box': [0.88, 0.92, 0.46, 0.3]}
[2023-05-09T04:45:15.526+0000] {ml_response_dag.py:37} INFO - 5
[2023-05-09T04:45:15.527+0000] {ml_response_dag.py:36} INFO - {}
[2023-05-09T04:45:15.528+0000] {ml_response_dag.py:37} INFO - 5
[2023-05-09T04:45:15.528+0000] {ml_response_dag.py:36} INFO - {}
[2023-05-09T04:45:15.529+0000] {ml_response_dag.py:37} INFO - 5
[2023-05-09T04:45:15.529+0000] {ml_response_dag.py:36} INFO - {'value': '78', 'score': 0.03, 'ocr_score': 0.66, 'bounding_box': [0.31, 0.81, 0.43, 0.03]}
[2023-05-09T04:45:15.529+0000] {ml_response_dag.py:37} INFO - 5
[2023-05-09T04:45:15.530+0000] {ml_response_dag.py:36} INFO - {}
[2023-05-09T04:45:15.530+0000] {ml_response_dag.py:37} INFO - 5
[2023-05-09T04:45:15.533+0000] {ml_response_dag.py:36} INFO - {'value': '889', 'score': 0.72, 'ocr_score': 0.56, 'bounding_box': [0.38, 0.17, 0.28, 1.0]}
[2023-05-09T04:45:15.533+0000] {ml_response_dag.py:37} INFO - 5
[2023-05-09T04:45:15.534+0000] {ml_response_dag.py:36} INFO - {'value': '292', 'score': 0.23, 'ocr_score': 0.39, 'bounding_box': [0.45, 0.93, 0.07, 0.2]}
[2023-05-09T04:45:15.541+0000] {ml_response_dag.py:37} INFO - 5
[2023-05-09T04:45:15.550+0000] {ml_response_dag.py:36} INFO - {}
[2023-05-09T04:45:15.555+0000] {ml_response_dag.py:37} INFO - 6
[2023-05-09T04:45:15.560+0000] {ml_response_dag.py:36} INFO - {'value': '542', 'score': 0.01, 'ocr_score': 0.03, 'bounding_box': [0.27, 0.53, 0.77, 0.97]}
[2023-05-09T04:45:15.561+0000] {ml_response_dag.py:37} INFO - 7
[2023-05-09T04:45:15.562+0000] {ml_response_dag.py:36} INFO - {'value': '342', 'score': 0.56, 'ocr_score': 0.14, 'bounding_box': [0.77, 0.91, 0.18, 0.2]}
[2023-05-09T04:45:15.569+0000] {ml_response_dag.py:37} INFO - 7
[2023-05-09T04:45:15.575+0000] {ml_response_dag.py:36} INFO - {'value': '967', 'score': 0.78, 'ocr_score': 0.39, 'bounding_box': [0.86, 0.38, 0.41, 0.36]}
[2023-05-09T04:45:15.576+0000] {ml_response_dag.py:37} INFO - 7
[2023-05-09T04:45:15.576+0000] {ml_response_dag.py:36} INFO - {'value': '100', 'score': 0.68, 'ocr_score': 0.75, 'bounding_box': [0.32, 0.6, 0.97, 0.05]}
[2023-05-09T04:45:15.578+0000] {ml_response_dag.py:37} INFO - 7
[2023-05-09T04:45:15.578+0000] {ml_response_dag.py:36} INFO - {}
[2023-05-09T04:45:15.580+0000] {ml_response_dag.py:37} INFO - 7
[2023-05-09T04:45:15.580+0000] {ml_response_dag.py:36} INFO - {}
[2023-05-09T04:45:15.581+0000] {ml_response_dag.py:37} INFO - 7
[2023-05-09T04:45:15.581+0000] {ml_response_dag.py:36} INFO - {'value': '858', 'score': 0.94, 'ocr_score': 0.64, 'bounding_box': [0.22, 0.37, 0.17, 0.07]}
[2023-05-09T04:45:15.582+0000] {ml_response_dag.py:37} INFO - 7
[2023-05-09T04:45:15.582+0000] {ml_response_dag.py:36} INFO - {}
[2023-05-09T04:45:15.583+0000] {ml_response_dag.py:37} INFO - 7
[2023-05-09T04:45:15.583+0000] {ml_response_dag.py:36} INFO - {'value': '633', 'score': 0.77, 'ocr_score': 0.17, 'bounding_box': [0.44, 0.56, 0.26, 0.15]}
[2023-05-09T04:45:15.583+0000] {ml_response_dag.py:37} INFO - 7
[2023-05-09T04:45:15.601+0000] {ml_response_dag.py:36} INFO - {'value': '609', 'score': 0.47, 'ocr_score': 0.56, 'bounding_box': [0.3, 0.87, 0.78, 0.92]}
[2023-05-09T04:45:15.607+0000] {ml_response_dag.py:37} INFO - 8
[2023-05-09T04:45:15.609+0000] {ml_response_dag.py:36} INFO - {'value': '331', 'score': 0.49, 'ocr_score': 0.99, 'bounding_box': [0.55, 0.36, 0.08, 0.43]}
[2023-05-09T04:45:15.611+0000] {ml_response_dag.py:37} INFO - 8
[2023-05-09T04:45:15.613+0000] {ml_response_dag.py:36} INFO - {'value': '142', 'score': 0.0, 'ocr_score': 0.58, 'bounding_box': [0.17, 0.36, 0.83, 0.62]}
[2023-05-09T04:45:15.618+0000] {ml_response_dag.py:37} INFO - 8
[2023-05-09T04:45:15.620+0000] {ml_response_dag.py:36} INFO - {}
[2023-05-09T04:45:15.621+0000] {ml_response_dag.py:37} INFO - 8
[2023-05-09T04:45:15.621+0000] {ml_response_dag.py:36} INFO - {}
[2023-05-09T04:45:15.622+0000] {ml_response_dag.py:37} INFO - 8
[2023-05-09T04:45:15.622+0000] {ml_response_dag.py:36} INFO - {}
[2023-05-09T04:45:15.624+0000] {ml_response_dag.py:37} INFO - 8
[2023-05-09T04:45:15.639+0000] {ml_response_dag.py:36} INFO - {'value': '826', 'score': 0.74, 'ocr_score': 0.69, 'bounding_box': [0.98, 0.11, 0.14, 0.96]}
[2023-05-09T04:45:15.641+0000] {ml_response_dag.py:37} INFO - 8
[2023-05-09T04:45:15.651+0000] {ml_response_dag.py:36} INFO - {}
[2023-05-09T04:45:15.661+0000] {ml_response_dag.py:37} INFO - 8
[2023-05-09T04:45:15.663+0000] {ml_response_dag.py:36} INFO - {'value': '299', 'score': 0.85, 'ocr_score': 0.04, 'bounding_box': [0.14, 0.46, 0.06, 0.65]}
[2023-05-09T04:45:15.663+0000] {ml_response_dag.py:37} INFO - 8
[2023-05-09T04:45:15.664+0000] {ml_response_dag.py:36} INFO - {'value': '362', 'score': 0.62, 'ocr_score': 0.51, 'bounding_box': [0.42, 0.48, 0.21, 0.45]}
[2023-05-09T04:45:15.665+0000] {ml_response_dag.py:37} INFO - 9
[2023-05-09T04:45:15.665+0000] {ml_response_dag.py:36} INFO - {'value': '288', 'score': 0.77, 'ocr_score': 0.23, 'bounding_box': [0.16, 0.03, 0.68, 0.81]}
[2023-05-09T04:45:15.666+0000] {ml_response_dag.py:37} INFO - 9
[2023-05-09T04:45:15.667+0000] {ml_response_dag.py:36} INFO - {'value': '803', 'score': 0.03, 'ocr_score': 0.42, 'bounding_box': [0.05, 0.5, 0.56, 0.95]}
[2023-05-09T04:45:15.668+0000] {ml_response_dag.py:37} INFO - 9
[2023-05-09T04:45:15.668+0000] {ml_response_dag.py:36} INFO - {'value': '750', 'score': 0.85, 'ocr_score': 0.27, 'bounding_box': [0.71, 0.07, 0.54, 0.9]}
[2023-05-09T04:45:15.669+0000] {ml_response_dag.py:37} INFO - 9
[2023-05-09T04:45:15.671+0000] {ml_response_dag.py:36} INFO - {'value': '148', 'score': 0.41, 'ocr_score': 0.97, 'bounding_box': [0.44, 0.51, 0.69, 0.67]}
[2023-05-09T04:45:15.672+0000] {ml_response_dag.py:37} INFO - 9
[2023-05-09T04:45:15.673+0000] {ml_response_dag.py:36} INFO - {'value': '161', 'score': 0.49, 'ocr_score': 0.58, 'bounding_box': [0.51, 0.51, 0.55, 0.06]}
[2023-05-09T04:45:15.674+0000] {ml_response_dag.py:37} INFO - 9
[2023-05-09T04:45:15.675+0000] {ml_response_dag.py:36} INFO - {}
[2023-05-09T04:45:15.675+0000] {ml_response_dag.py:37} INFO - 9
[2023-05-09T04:45:15.676+0000] {ml_response_dag.py:36} INFO - {}
[2023-05-09T04:45:15.677+0000] {ml_response_dag.py:37} INFO - 9
[2023-05-09T04:45:15.678+0000] {ml_response_dag.py:36} INFO - {}
[2023-05-09T04:45:15.678+0000] {ml_response_dag.py:37} INFO - 9
[2023-05-09T04:45:15.679+0000] {ml_response_dag.py:36} INFO - {'value': '842', 'score': 0.47, 'ocr_score': 0.75, 'bounding_box': [0.16, 0.91, 0.32, 0.53]}
[2023-05-09T04:45:15.679+0000] {ml_response_dag.py:37} INFO - 10
[2023-05-09T04:45:15.680+0000] {ml_response_dag.py:36} INFO - {}
[2023-05-09T04:45:15.680+0000] {ml_response_dag.py:37} INFO - 10
[2023-05-09T04:45:15.680+0000] {ml_response_dag.py:36} INFO - {}
[2023-05-09T04:45:15.681+0000] {ml_response_dag.py:37} INFO - 10
[2023-05-09T04:45:15.681+0000] {ml_response_dag.py:36} INFO - {'value': '458', 'score': 0.81, 'ocr_score': 0.31, 'bounding_box': [0.69, 0.54, 0.48, 0.39]}
[2023-05-09T04:45:15.682+0000] {ml_response_dag.py:37} INFO - 10
[2023-05-09T04:45:15.683+0000] {ml_response_dag.py:36} INFO - {'value': '776', 'score': 0.77, 'ocr_score': 0.34, 'bounding_box': [0.76, 0.85, 0.56, 0.82]}
[2023-05-09T04:45:15.683+0000] {ml_response_dag.py:37} INFO - 10
[2023-05-09T04:45:15.684+0000] {ml_response_dag.py:36} INFO - {}
[2023-05-09T04:45:15.685+0000] {ml_response_dag.py:37} INFO - 10
[2023-05-09T04:45:15.686+0000] {ml_response_dag.py:36} INFO - {'value': '51', 'score': 0.76, 'ocr_score': 0.29, 'bounding_box': [0.79, 0.88, 0.43, 0.21]}
[2023-05-09T04:45:15.686+0000] {ml_response_dag.py:37} INFO - 10
[2023-05-09T04:45:15.686+0000] {ml_response_dag.py:36} INFO - {'value': '843', 'score': 0.05, 'ocr_score': 0.96, 'bounding_box': [0.84, 0.04, 0.6, 0.52]}
[2023-05-09T04:45:15.687+0000] {ml_response_dag.py:37} INFO - 10
[2023-05-09T04:45:15.687+0000] {ml_response_dag.py:36} INFO - {'value': '517', 'score': 0.75, 'ocr_score': 0.74, 'bounding_box': [0.65, 0.92, 0.1, 0.59]}
[2023-05-09T04:45:15.690+0000] {ml_response_dag.py:37} INFO - 10
[2023-05-09T04:45:15.691+0000] {ml_response_dag.py:36} INFO - {}
[2023-05-09T04:45:15.692+0000] {ml_response_dag.py:37} INFO - 11
[2023-05-09T04:45:15.692+0000] {ml_response_dag.py:36} INFO - {}
[2023-05-09T04:45:15.693+0000] {ml_response_dag.py:37} INFO - 11
[2023-05-09T04:45:15.694+0000] {ml_response_dag.py:36} INFO - {'value': '288', 'score': 0.6, 'ocr_score': 0.29, 'bounding_box': [0.96, 0.39, 0.81, 0.96]}
[2023-05-09T04:45:15.695+0000] {ml_response_dag.py:37} INFO - 11
[2023-05-09T04:45:15.695+0000] {ml_response_dag.py:36} INFO - {'value': '878', 'score': 0.44, 'ocr_score': 0.56, 'bounding_box': [0.46, 0.03, 0.06, 0.3]}
[2023-05-09T04:45:15.696+0000] {ml_response_dag.py:37} INFO - 11
[2023-05-09T04:45:15.696+0000] {ml_response_dag.py:36} INFO - {}
[2023-05-09T04:45:15.697+0000] {ml_response_dag.py:37} INFO - 11
[2023-05-09T04:45:15.698+0000] {ml_response_dag.py:36} INFO - {}
[2023-05-09T04:45:15.700+0000] {ml_response_dag.py:37} INFO - 11
[2023-05-09T04:45:15.701+0000] {ml_response_dag.py:36} INFO - {}
[2023-05-09T04:45:15.702+0000] {ml_response_dag.py:37} INFO - 11
[2023-05-09T04:45:15.703+0000] {ml_response_dag.py:36} INFO - {'value': '650', 'score': 0.79, 'ocr_score': 0.64, 'bounding_box': [0.13, 0.78, 0.29, 0.37]}
[2023-05-09T04:45:15.721+0000] {ml_response_dag.py:37} INFO - 11
[2023-05-09T04:45:15.723+0000] {ml_response_dag.py:36} INFO - {}
[2023-05-09T04:45:15.724+0000] {ml_response_dag.py:37} INFO - 11
[2023-05-09T04:45:15.724+0000] {ml_response_dag.py:36} INFO - {'value': '643', 'score': 0.23, 'ocr_score': 0.72, 'bounding_box': [0.01, 0.39, 0.58, 0.53]}
[2023-05-09T04:45:15.724+0000] {ml_response_dag.py:37} INFO - 12
[2023-05-09T04:45:15.725+0000] {ml_response_dag.py:36} INFO - {}
[2023-05-09T04:45:15.726+0000] {ml_response_dag.py:37} INFO - 13
[2023-05-09T04:45:15.727+0000] {ml_response_dag.py:36} INFO - {}
[2023-05-09T04:45:15.727+0000] {ml_response_dag.py:37} INFO - 14
[2023-05-09T04:45:15.728+0000] {ml_response_dag.py:36} INFO - {'value': '141', 'score': 0.27, 'ocr_score': 0.93, 'bounding_box': [0.24, 0.73, 0.11, 0.89]}
[2023-05-09T04:45:15.728+0000] {ml_response_dag.py:37} INFO - 15
[2023-05-09T04:45:15.729+0000] {ml_response_dag.py:36} INFO - {'value': '59', 'score': 0.45, 'ocr_score': 0.57, 'bounding_box': [0.45, 0.64, 0.68, 0.17]}
[2023-05-09T04:45:15.729+0000] {ml_response_dag.py:37} INFO - 15
[2023-05-09T04:45:15.730+0000] {ml_response_dag.py:36} INFO - {'value': '333', 'score': 0.34, 'ocr_score': 0.85, 'bounding_box': [0.81, 0.57, 0.99, 0.77]}
[2023-05-09T04:45:15.730+0000] {ml_response_dag.py:37} INFO - 15
[2023-05-09T04:45:15.731+0000] {ml_response_dag.py:36} INFO - {'value': '257', 'score': 0.11, 'ocr_score': 0.43, 'bounding_box': [0.37, 0.55, 0.53, 0.66]}
[2023-05-09T04:45:15.731+0000] {ml_response_dag.py:37} INFO - 15
[2023-05-09T04:45:15.732+0000] {ml_response_dag.py:36} INFO - {'value': '190', 'score': 0.21, 'ocr_score': 0.83, 'bounding_box': [0.88, 0.83, 0.57, 0.11]}
[2023-05-09T04:45:15.732+0000] {ml_response_dag.py:37} INFO - 15
[2023-05-09T04:45:15.732+0000] {ml_response_dag.py:36} INFO - {}
[2023-05-09T04:45:15.733+0000] {ml_response_dag.py:37} INFO - 15
[2023-05-09T04:45:15.733+0000] {ml_response_dag.py:36} INFO - {}
[2023-05-09T04:45:15.733+0000] {ml_response_dag.py:37} INFO - 15
[2023-05-09T04:45:15.734+0000] {ml_response_dag.py:36} INFO - {}
[2023-05-09T04:45:15.735+0000] {ml_response_dag.py:37} INFO - 15
[2023-05-09T04:45:15.736+0000] {ml_response_dag.py:36} INFO - {'value': '475', 'score': 0.57, 'ocr_score': 0.49, 'bounding_box': [0.4, 0.3, 0.99, 0.32]}
[2023-05-09T04:45:15.737+0000] {ml_response_dag.py:37} INFO - 15
[2023-05-09T04:45:15.738+0000] {ml_response_dag.py:36} INFO - {'value': '745', 'score': 0.84, 'ocr_score': 0.82, 'bounding_box': [0.84, 0.57, 0.94, 0.44]}
[2023-05-09T04:45:15.739+0000] {ml_response_dag.py:37} INFO - 16
[2023-05-09T04:45:15.741+0000] {python.py:183} INFO - Done. Returned value was: None
[2023-05-09T04:45:15.802+0000] {taskinstance.py:1373} INFO - Marking task as SUCCESS. dag_id=veryfi_extract_total, task_id=extract_and_load, execution_date=20230508T000030, start_date=20230509T044514, end_date=20230509T044515
[2023-05-09T04:45:16.007+0000] {local_task_job_runner.py:232} INFO - Task exited with return code 0
[2023-05-09T04:45:16.108+0000] {taskinstance.py:2674} INFO - 0 downstream tasks scheduled from follow-on schedule check
[2023-05-09T08:08:14.433+0000] {taskinstance.py:1125} INFO - Dependencies all met for dep_context=non-requeueable deps ti=<TaskInstance: veryfi_extract_total.extract_and_load scheduled__2023-05-08T00:00:30+00:00 [queued]>
[2023-05-09T08:08:14.519+0000] {taskinstance.py:1125} INFO - Dependencies all met for dep_context=requeueable deps ti=<TaskInstance: veryfi_extract_total.extract_and_load scheduled__2023-05-08T00:00:30+00:00 [queued]>
[2023-05-09T08:08:14.532+0000] {taskinstance.py:1331} INFO - Starting attempt 1 of 2
[2023-05-09T08:08:14.682+0000] {taskinstance.py:1350} INFO - Executing <Task(PythonOperator): extract_and_load> on 2023-05-08 00:00:30+00:00
[2023-05-09T08:08:14.706+0000] {standard_task_runner.py:57} INFO - Started process 80 to run task
[2023-05-09T08:08:14.815+0000] {standard_task_runner.py:84} INFO - Running: ['***', 'tasks', 'run', 'veryfi_extract_total', 'extract_and_load', 'scheduled__2023-05-08T00:00:30+00:00', '--job-id', '6', '--raw', '--subdir', 'DAGS_FOLDER/ml_response_dag.py', '--cfg-path', '/tmp/tmpjeoz8vlt']
[2023-05-09T08:08:14.848+0000] {standard_task_runner.py:85} INFO - Job 6: Subtask extract_and_load
[2023-05-09T08:08:15.676+0000] {task_command.py:410} INFO - Running <TaskInstance: veryfi_extract_total.extract_and_load scheduled__2023-05-08T00:00:30+00:00 [running]> on host eee4d3871c86
[2023-05-09T08:08:16.682+0000] {taskinstance.py:1570} INFO - Exporting env vars: AIRFLOW_CTX_DAG_OWNER='***' AIRFLOW_CTX_DAG_ID='veryfi_extract_total' AIRFLOW_CTX_TASK_ID='extract_and_load' AIRFLOW_CTX_EXECUTION_DATE='2023-05-08T00:00:30+00:00' AIRFLOW_CTX_TRY_NUMBER='1' AIRFLOW_CTX_DAG_RUN_ID='scheduled__2023-05-08T00:00:30+00:00'
[2023-05-09T08:08:16.801+0000] {taskinstance.py:1847} ERROR - Task failed with exception
Traceback (most recent call last):
  File "/home/airflow/.local/lib/python3.7/site-packages/airflow/operators/python.py", line 181, in execute
    return_value = self.execute_callable()
  File "/home/airflow/.local/lib/python3.7/site-packages/airflow/operators/python.py", line 198, in execute_callable
    return self.python_callable(*self.op_args, **self.op_kwargs)
  File "/opt/airflow/dags/ml_response_dag.py", line 30, in extract_total
    """)
psycopg2.errors.UndefinedTable: relation "documents" does not exist
LINE 3:     FROM documents
                 ^

[2023-05-09T08:08:16.916+0000] {taskinstance.py:1373} INFO - Marking task as UP_FOR_RETRY. dag_id=veryfi_extract_total, task_id=extract_and_load, execution_date=20230508T000030, start_date=20230509T080814, end_date=20230509T080816
[2023-05-09T08:08:16.969+0000] {standard_task_runner.py:109} ERROR - Failed to execute job 6 for task extract_and_load (relation "documents" does not exist
LINE 3:     FROM documents
                 ^
; 80)
[2023-05-09T08:08:17.077+0000] {local_task_job_runner.py:232} INFO - Task exited with return code 1
[2023-05-09T08:08:17.333+0000] {taskinstance.py:2674} INFO - 0 downstream tasks scheduled from follow-on schedule check
