[2023-05-09T04:57:54.193+0000] {taskinstance.py:1125} INFO - Dependencies all met for dep_context=non-requeueable deps ti=<TaskInstance: veryfi_extract_total.extract_and_load scheduled__2023-05-08T16:30:00+00:00 [queued]>
[2023-05-09T04:57:54.276+0000] {taskinstance.py:1125} INFO - Dependencies all met for dep_context=requeueable deps ti=<TaskInstance: veryfi_extract_total.extract_and_load scheduled__2023-05-08T16:30:00+00:00 [queued]>
[2023-05-09T04:57:54.278+0000] {taskinstance.py:1331} INFO - Starting attempt 1 of 2
[2023-05-09T04:57:54.367+0000] {taskinstance.py:1350} INFO - Executing <Task(PythonOperator): extract_and_load> on 2023-05-08 16:30:00+00:00
[2023-05-09T04:57:54.421+0000] {standard_task_runner.py:57} INFO - Started process 1749 to run task
[2023-05-09T04:57:54.468+0000] {standard_task_runner.py:84} INFO - Running: ['***', 'tasks', 'run', 'veryfi_extract_total', 'extract_and_load', 'scheduled__2023-05-08T16:30:00+00:00', '--job-id', '490', '--raw', '--subdir', 'DAGS_FOLDER/ml_response_dag.py', '--cfg-path', '/tmp/tmpsf9z_uah']
[2023-05-09T04:57:54.475+0000] {standard_task_runner.py:85} INFO - Job 490: Subtask extract_and_load
[2023-05-09T04:57:54.829+0000] {task_command.py:410} INFO - Running <TaskInstance: veryfi_extract_total.extract_and_load scheduled__2023-05-08T16:30:00+00:00 [running]> on host aa4b7d3de44b
[2023-05-09T04:57:55.368+0000] {taskinstance.py:1570} INFO - Exporting env vars: AIRFLOW_CTX_DAG_OWNER='***' AIRFLOW_CTX_DAG_ID='veryfi_extract_total' AIRFLOW_CTX_TASK_ID='extract_and_load' AIRFLOW_CTX_EXECUTION_DATE='2023-05-08T16:30:00+00:00' AIRFLOW_CTX_TRY_NUMBER='1' AIRFLOW_CTX_DAG_RUN_ID='scheduled__2023-05-08T16:30:00+00:00'
[2023-05-09T04:57:55.415+0000] {ml_response_dag.py:35} INFO - {}
[2023-05-09T04:57:55.416+0000] {ml_response_dag.py:36} INFO - 1
[2023-05-09T04:57:55.416+0000] {ml_response_dag.py:37} INFO - Inserted to db
[2023-05-09T04:57:55.421+0000] {ml_response_dag.py:35} INFO - {'value': '544', 'score': 0.22, 'ocr_score': 0.81, 'bounding_box': [0.22, 0.37, 0.38, 0.52]}
[2023-05-09T04:57:55.421+0000] {ml_response_dag.py:36} INFO - 1
[2023-05-09T04:57:55.421+0000] {ml_response_dag.py:37} INFO - Inserted to db
[2023-05-09T04:57:55.423+0000] {ml_response_dag.py:35} INFO - {}
[2023-05-09T04:57:55.424+0000] {ml_response_dag.py:36} INFO - 1
[2023-05-09T04:57:55.424+0000] {ml_response_dag.py:37} INFO - Inserted to db
[2023-05-09T04:57:55.426+0000] {ml_response_dag.py:35} INFO - {}
[2023-05-09T04:57:55.426+0000] {ml_response_dag.py:36} INFO - 1
[2023-05-09T04:57:55.427+0000] {ml_response_dag.py:37} INFO - Inserted to db
[2023-05-09T04:57:55.430+0000] {ml_response_dag.py:35} INFO - {}
[2023-05-09T04:57:55.431+0000] {ml_response_dag.py:36} INFO - 1
[2023-05-09T04:57:55.431+0000] {ml_response_dag.py:37} INFO - Inserted to db
[2023-05-09T04:57:55.432+0000] {ml_response_dag.py:35} INFO - {}
[2023-05-09T04:57:55.433+0000] {ml_response_dag.py:36} INFO - 1
[2023-05-09T04:57:55.433+0000] {ml_response_dag.py:37} INFO - Inserted to db
[2023-05-09T04:57:55.435+0000] {ml_response_dag.py:35} INFO - {'value': '660', 'score': 0.48, 'ocr_score': 0.32, 'bounding_box': [0.07, 0.82, 0.06, 0.37]}
[2023-05-09T04:57:55.435+0000] {ml_response_dag.py:36} INFO - 1
[2023-05-09T04:57:55.452+0000] {ml_response_dag.py:37} INFO - Inserted to db
[2023-05-09T04:57:55.468+0000] {ml_response_dag.py:35} INFO - {}
[2023-05-09T04:57:55.470+0000] {ml_response_dag.py:36} INFO - 1
[2023-05-09T04:57:55.470+0000] {ml_response_dag.py:37} INFO - Inserted to db
[2023-05-09T04:57:55.473+0000] {ml_response_dag.py:35} INFO - {'value': '801', 'score': 0.92, 'ocr_score': 0.28, 'bounding_box': [0.56, 0.9, 0.37, 0.79]}
[2023-05-09T04:57:55.473+0000] {ml_response_dag.py:36} INFO - 1
[2023-05-09T04:57:55.474+0000] {ml_response_dag.py:37} INFO - Inserted to db
[2023-05-09T04:57:55.475+0000] {ml_response_dag.py:35} INFO - {}
[2023-05-09T04:57:55.477+0000] {ml_response_dag.py:36} INFO - 2
[2023-05-09T04:57:55.477+0000] {ml_response_dag.py:37} INFO - Inserted to db
[2023-05-09T04:57:55.478+0000] {ml_response_dag.py:35} INFO - {}
[2023-05-09T04:57:55.478+0000] {ml_response_dag.py:36} INFO - 2
[2023-05-09T04:57:55.480+0000] {ml_response_dag.py:37} INFO - Inserted to db
[2023-05-09T04:57:55.483+0000] {ml_response_dag.py:35} INFO - {'value': '880', 'score': 0.06, 'ocr_score': 0.1, 'bounding_box': [0.76, 0.47, 0.16, 0.27]}
[2023-05-09T04:57:55.484+0000] {ml_response_dag.py:36} INFO - 2
[2023-05-09T04:57:55.485+0000] {ml_response_dag.py:37} INFO - Inserted to db
[2023-05-09T04:57:55.488+0000] {ml_response_dag.py:35} INFO - {'value': '380', 'score': 0.11, 'ocr_score': 0.36, 'bounding_box': [0.99, 0.15, 0.39, 0.03]}
[2023-05-09T04:57:55.488+0000] {ml_response_dag.py:36} INFO - 2
[2023-05-09T04:57:55.494+0000] {ml_response_dag.py:37} INFO - Inserted to db
[2023-05-09T04:57:55.501+0000] {ml_response_dag.py:35} INFO - {}
[2023-05-09T04:57:55.506+0000] {ml_response_dag.py:36} INFO - 2
[2023-05-09T04:57:55.510+0000] {ml_response_dag.py:37} INFO - Inserted to db
[2023-05-09T04:57:55.515+0000] {ml_response_dag.py:35} INFO - {'value': '770', 'score': 0.37, 'ocr_score': 0.84, 'bounding_box': [0.79, 0.15, 0.82, 0.6]}
[2023-05-09T04:57:55.518+0000] {ml_response_dag.py:36} INFO - 2
[2023-05-09T04:57:55.519+0000] {ml_response_dag.py:37} INFO - Inserted to db
[2023-05-09T04:57:55.527+0000] {ml_response_dag.py:35} INFO - {}
[2023-05-09T04:57:55.534+0000] {ml_response_dag.py:36} INFO - 2
[2023-05-09T04:57:55.534+0000] {ml_response_dag.py:37} INFO - Inserted to db
[2023-05-09T04:57:55.537+0000] {ml_response_dag.py:35} INFO - {}
[2023-05-09T04:57:55.538+0000] {ml_response_dag.py:36} INFO - 2
[2023-05-09T04:57:55.538+0000] {ml_response_dag.py:37} INFO - Inserted to db
[2023-05-09T04:57:55.539+0000] {ml_response_dag.py:35} INFO - {}
[2023-05-09T04:57:55.543+0000] {ml_response_dag.py:36} INFO - 2
[2023-05-09T04:57:55.547+0000] {ml_response_dag.py:37} INFO - Inserted to db
[2023-05-09T04:57:55.553+0000] {ml_response_dag.py:35} INFO - {}
[2023-05-09T04:57:55.556+0000] {ml_response_dag.py:36} INFO - 3
[2023-05-09T04:57:55.557+0000] {ml_response_dag.py:37} INFO - Inserted to db
[2023-05-09T04:57:55.560+0000] {ml_response_dag.py:35} INFO - {}
[2023-05-09T04:57:55.561+0000] {ml_response_dag.py:36} INFO - 4
[2023-05-09T04:57:55.562+0000] {ml_response_dag.py:37} INFO - Inserted to db
[2023-05-09T04:57:55.566+0000] {ml_response_dag.py:35} INFO - {}
[2023-05-09T04:57:55.567+0000] {ml_response_dag.py:36} INFO - 5
[2023-05-09T04:57:55.569+0000] {ml_response_dag.py:37} INFO - Inserted to db
[2023-05-09T04:57:55.572+0000] {ml_response_dag.py:35} INFO - {}
[2023-05-09T04:57:55.578+0000] {ml_response_dag.py:36} INFO - 5
[2023-05-09T04:57:55.581+0000] {ml_response_dag.py:37} INFO - Inserted to db
[2023-05-09T04:57:55.584+0000] {ml_response_dag.py:35} INFO - {'value': '418', 'score': 0.49, 'ocr_score': 0.15, 'bounding_box': [0.88, 0.92, 0.46, 0.3]}
[2023-05-09T04:57:55.588+0000] {ml_response_dag.py:36} INFO - 5
[2023-05-09T04:57:55.589+0000] {ml_response_dag.py:37} INFO - Inserted to db
[2023-05-09T04:57:55.591+0000] {ml_response_dag.py:35} INFO - {}
[2023-05-09T04:57:55.592+0000] {ml_response_dag.py:36} INFO - 5
[2023-05-09T04:57:55.593+0000] {ml_response_dag.py:37} INFO - Inserted to db
[2023-05-09T04:57:55.595+0000] {ml_response_dag.py:35} INFO - {}
[2023-05-09T04:57:55.596+0000] {ml_response_dag.py:36} INFO - 5
[2023-05-09T04:57:55.599+0000] {ml_response_dag.py:37} INFO - Inserted to db
[2023-05-09T04:57:55.617+0000] {ml_response_dag.py:35} INFO - {'value': '78', 'score': 0.03, 'ocr_score': 0.66, 'bounding_box': [0.31, 0.81, 0.43, 0.03]}
[2023-05-09T04:57:55.625+0000] {ml_response_dag.py:36} INFO - 5
[2023-05-09T04:57:55.626+0000] {ml_response_dag.py:37} INFO - Inserted to db
[2023-05-09T04:57:55.648+0000] {ml_response_dag.py:35} INFO - {}
[2023-05-09T04:57:55.649+0000] {ml_response_dag.py:36} INFO - 5
[2023-05-09T04:57:55.649+0000] {ml_response_dag.py:37} INFO - Inserted to db
[2023-05-09T04:57:55.652+0000] {ml_response_dag.py:35} INFO - {'value': '889', 'score': 0.72, 'ocr_score': 0.56, 'bounding_box': [0.38, 0.17, 0.28, 1.0]}
[2023-05-09T04:57:55.655+0000] {ml_response_dag.py:36} INFO - 5
[2023-05-09T04:57:55.656+0000] {ml_response_dag.py:37} INFO - Inserted to db
[2023-05-09T04:57:55.660+0000] {ml_response_dag.py:35} INFO - {'value': '292', 'score': 0.23, 'ocr_score': 0.39, 'bounding_box': [0.45, 0.93, 0.07, 0.2]}
[2023-05-09T04:57:55.661+0000] {ml_response_dag.py:36} INFO - 5
[2023-05-09T04:57:55.661+0000] {ml_response_dag.py:37} INFO - Inserted to db
[2023-05-09T04:57:55.662+0000] {ml_response_dag.py:35} INFO - {}
[2023-05-09T04:57:55.663+0000] {ml_response_dag.py:36} INFO - 6
[2023-05-09T04:57:55.665+0000] {ml_response_dag.py:37} INFO - Inserted to db
[2023-05-09T04:57:55.668+0000] {ml_response_dag.py:35} INFO - {'value': '542', 'score': 0.01, 'ocr_score': 0.03, 'bounding_box': [0.27, 0.53, 0.77, 0.97]}
[2023-05-09T04:57:55.668+0000] {ml_response_dag.py:36} INFO - 7
[2023-05-09T04:57:55.670+0000] {ml_response_dag.py:37} INFO - Inserted to db
[2023-05-09T04:57:55.673+0000] {ml_response_dag.py:35} INFO - {'value': '342', 'score': 0.56, 'ocr_score': 0.14, 'bounding_box': [0.77, 0.91, 0.18, 0.2]}
[2023-05-09T04:57:55.674+0000] {ml_response_dag.py:36} INFO - 7
[2023-05-09T04:57:55.674+0000] {ml_response_dag.py:37} INFO - Inserted to db
[2023-05-09T04:57:55.675+0000] {ml_response_dag.py:35} INFO - {'value': '967', 'score': 0.78, 'ocr_score': 0.39, 'bounding_box': [0.86, 0.38, 0.41, 0.36]}
[2023-05-09T04:57:55.676+0000] {ml_response_dag.py:36} INFO - 7
[2023-05-09T04:57:55.677+0000] {ml_response_dag.py:37} INFO - Inserted to db
[2023-05-09T04:57:55.678+0000] {ml_response_dag.py:35} INFO - {'value': '100', 'score': 0.68, 'ocr_score': 0.75, 'bounding_box': [0.32, 0.6, 0.97, 0.05]}
[2023-05-09T04:57:55.678+0000] {ml_response_dag.py:36} INFO - 7
[2023-05-09T04:57:55.679+0000] {ml_response_dag.py:37} INFO - Inserted to db
[2023-05-09T04:57:55.680+0000] {ml_response_dag.py:35} INFO - {}
[2023-05-09T04:57:55.683+0000] {ml_response_dag.py:36} INFO - 7
[2023-05-09T04:57:55.684+0000] {ml_response_dag.py:37} INFO - Inserted to db
[2023-05-09T04:57:55.690+0000] {ml_response_dag.py:35} INFO - {}
[2023-05-09T04:57:55.691+0000] {ml_response_dag.py:36} INFO - 7
[2023-05-09T04:57:55.693+0000] {ml_response_dag.py:37} INFO - Inserted to db
[2023-05-09T04:57:55.695+0000] {ml_response_dag.py:35} INFO - {'value': '858', 'score': 0.94, 'ocr_score': 0.64, 'bounding_box': [0.22, 0.37, 0.17, 0.07]}
[2023-05-09T04:57:55.696+0000] {ml_response_dag.py:36} INFO - 7
[2023-05-09T04:57:55.698+0000] {ml_response_dag.py:37} INFO - Inserted to db
[2023-05-09T04:57:55.699+0000] {ml_response_dag.py:35} INFO - {}
[2023-05-09T04:57:55.702+0000] {ml_response_dag.py:36} INFO - 7
[2023-05-09T04:57:55.702+0000] {ml_response_dag.py:37} INFO - Inserted to db
[2023-05-09T04:57:55.708+0000] {ml_response_dag.py:35} INFO - {'value': '633', 'score': 0.77, 'ocr_score': 0.17, 'bounding_box': [0.44, 0.56, 0.26, 0.15]}
[2023-05-09T04:57:55.709+0000] {ml_response_dag.py:36} INFO - 7
[2023-05-09T04:57:55.719+0000] {ml_response_dag.py:37} INFO - Inserted to db
[2023-05-09T04:57:55.724+0000] {ml_response_dag.py:35} INFO - {'value': '609', 'score': 0.47, 'ocr_score': 0.56, 'bounding_box': [0.3, 0.87, 0.78, 0.92]}
[2023-05-09T04:57:55.726+0000] {ml_response_dag.py:36} INFO - 8
[2023-05-09T04:57:55.727+0000] {ml_response_dag.py:37} INFO - Inserted to db
[2023-05-09T04:57:55.731+0000] {ml_response_dag.py:35} INFO - {'value': '331', 'score': 0.49, 'ocr_score': 0.99, 'bounding_box': [0.55, 0.36, 0.08, 0.43]}
[2023-05-09T04:57:55.731+0000] {ml_response_dag.py:36} INFO - 8
[2023-05-09T04:57:55.732+0000] {ml_response_dag.py:37} INFO - Inserted to db
[2023-05-09T04:57:55.733+0000] {ml_response_dag.py:35} INFO - {'value': '142', 'score': 0.0, 'ocr_score': 0.58, 'bounding_box': [0.17, 0.36, 0.83, 0.62]}
[2023-05-09T04:57:55.733+0000] {ml_response_dag.py:36} INFO - 8
[2023-05-09T04:57:55.734+0000] {ml_response_dag.py:37} INFO - Inserted to db
[2023-05-09T04:57:55.735+0000] {ml_response_dag.py:35} INFO - {}
[2023-05-09T04:57:55.737+0000] {ml_response_dag.py:36} INFO - 8
[2023-05-09T04:57:55.737+0000] {ml_response_dag.py:37} INFO - Inserted to db
[2023-05-09T04:57:55.740+0000] {ml_response_dag.py:35} INFO - {}
[2023-05-09T04:57:55.743+0000] {ml_response_dag.py:36} INFO - 8
[2023-05-09T04:57:55.744+0000] {ml_response_dag.py:37} INFO - Inserted to db
[2023-05-09T04:57:55.745+0000] {ml_response_dag.py:35} INFO - {}
[2023-05-09T04:57:55.746+0000] {ml_response_dag.py:36} INFO - 8
[2023-05-09T04:57:55.752+0000] {ml_response_dag.py:37} INFO - Inserted to db
[2023-05-09T04:57:55.756+0000] {ml_response_dag.py:35} INFO - {'value': '826', 'score': 0.74, 'ocr_score': 0.69, 'bounding_box': [0.98, 0.11, 0.14, 0.96]}
[2023-05-09T04:57:55.764+0000] {ml_response_dag.py:36} INFO - 8
[2023-05-09T04:57:55.769+0000] {ml_response_dag.py:37} INFO - Inserted to db
[2023-05-09T04:57:55.772+0000] {ml_response_dag.py:35} INFO - {}
[2023-05-09T04:57:55.774+0000] {ml_response_dag.py:36} INFO - 8
[2023-05-09T04:57:55.778+0000] {ml_response_dag.py:37} INFO - Inserted to db
[2023-05-09T04:57:55.781+0000] {ml_response_dag.py:35} INFO - {'value': '299', 'score': 0.85, 'ocr_score': 0.04, 'bounding_box': [0.14, 0.46, 0.06, 0.65]}
[2023-05-09T04:57:55.783+0000] {ml_response_dag.py:36} INFO - 8
[2023-05-09T04:57:55.785+0000] {ml_response_dag.py:37} INFO - Inserted to db
[2023-05-09T04:57:55.792+0000] {ml_response_dag.py:35} INFO - {'value': '362', 'score': 0.62, 'ocr_score': 0.51, 'bounding_box': [0.42, 0.48, 0.21, 0.45]}
[2023-05-09T04:57:55.793+0000] {ml_response_dag.py:36} INFO - 9
[2023-05-09T04:57:55.797+0000] {ml_response_dag.py:37} INFO - Inserted to db
[2023-05-09T04:57:55.801+0000] {ml_response_dag.py:35} INFO - {'value': '288', 'score': 0.77, 'ocr_score': 0.23, 'bounding_box': [0.16, 0.03, 0.68, 0.81]}
[2023-05-09T04:57:55.802+0000] {ml_response_dag.py:36} INFO - 9
[2023-05-09T04:57:55.803+0000] {ml_response_dag.py:37} INFO - Inserted to db
[2023-05-09T04:57:55.803+0000] {ml_response_dag.py:35} INFO - {'value': '803', 'score': 0.03, 'ocr_score': 0.42, 'bounding_box': [0.05, 0.5, 0.56, 0.95]}
[2023-05-09T04:57:55.808+0000] {ml_response_dag.py:36} INFO - 9
[2023-05-09T04:57:55.810+0000] {ml_response_dag.py:37} INFO - Inserted to db
[2023-05-09T04:57:55.811+0000] {ml_response_dag.py:35} INFO - {'value': '750', 'score': 0.85, 'ocr_score': 0.27, 'bounding_box': [0.71, 0.07, 0.54, 0.9]}
[2023-05-09T04:57:55.812+0000] {ml_response_dag.py:36} INFO - 9
[2023-05-09T04:57:55.812+0000] {ml_response_dag.py:37} INFO - Inserted to db
[2023-05-09T04:57:55.813+0000] {ml_response_dag.py:35} INFO - {'value': '148', 'score': 0.41, 'ocr_score': 0.97, 'bounding_box': [0.44, 0.51, 0.69, 0.67]}
[2023-05-09T04:57:55.814+0000] {ml_response_dag.py:36} INFO - 9
[2023-05-09T04:57:55.814+0000] {ml_response_dag.py:37} INFO - Inserted to db
[2023-05-09T04:57:55.816+0000] {ml_response_dag.py:35} INFO - {'value': '161', 'score': 0.49, 'ocr_score': 0.58, 'bounding_box': [0.51, 0.51, 0.55, 0.06]}
[2023-05-09T04:57:55.817+0000] {ml_response_dag.py:36} INFO - 9
[2023-05-09T04:57:55.817+0000] {ml_response_dag.py:37} INFO - Inserted to db
[2023-05-09T04:57:55.818+0000] {ml_response_dag.py:35} INFO - {}
[2023-05-09T04:57:55.818+0000] {ml_response_dag.py:36} INFO - 9
[2023-05-09T04:57:55.818+0000] {ml_response_dag.py:37} INFO - Inserted to db
[2023-05-09T04:57:55.819+0000] {ml_response_dag.py:35} INFO - {}
[2023-05-09T04:57:55.819+0000] {ml_response_dag.py:36} INFO - 9
[2023-05-09T04:57:55.820+0000] {ml_response_dag.py:37} INFO - Inserted to db
[2023-05-09T04:57:55.821+0000] {ml_response_dag.py:35} INFO - {}
[2023-05-09T04:57:55.822+0000] {ml_response_dag.py:36} INFO - 9
[2023-05-09T04:57:55.822+0000] {ml_response_dag.py:37} INFO - Inserted to db
[2023-05-09T04:57:55.823+0000] {ml_response_dag.py:35} INFO - {'value': '842', 'score': 0.47, 'ocr_score': 0.75, 'bounding_box': [0.16, 0.91, 0.32, 0.53]}
[2023-05-09T04:57:55.823+0000] {ml_response_dag.py:36} INFO - 10
[2023-05-09T04:57:55.824+0000] {ml_response_dag.py:37} INFO - Inserted to db
[2023-05-09T04:57:55.825+0000] {ml_response_dag.py:35} INFO - {}
[2023-05-09T04:57:55.826+0000] {ml_response_dag.py:36} INFO - 10
[2023-05-09T04:57:55.826+0000] {ml_response_dag.py:37} INFO - Inserted to db
[2023-05-09T04:57:55.826+0000] {ml_response_dag.py:35} INFO - {}
[2023-05-09T04:57:55.827+0000] {ml_response_dag.py:36} INFO - 10
[2023-05-09T04:57:55.827+0000] {ml_response_dag.py:37} INFO - Inserted to db
[2023-05-09T04:57:55.828+0000] {ml_response_dag.py:35} INFO - {'value': '458', 'score': 0.81, 'ocr_score': 0.31, 'bounding_box': [0.69, 0.54, 0.48, 0.39]}
[2023-05-09T04:57:55.828+0000] {ml_response_dag.py:36} INFO - 10
[2023-05-09T04:57:55.828+0000] {ml_response_dag.py:37} INFO - Inserted to db
[2023-05-09T04:57:55.829+0000] {ml_response_dag.py:35} INFO - {'value': '776', 'score': 0.77, 'ocr_score': 0.34, 'bounding_box': [0.76, 0.85, 0.56, 0.82]}
[2023-05-09T04:57:55.829+0000] {ml_response_dag.py:36} INFO - 10
[2023-05-09T04:57:55.829+0000] {ml_response_dag.py:37} INFO - Inserted to db
[2023-05-09T04:57:55.830+0000] {ml_response_dag.py:35} INFO - {}
[2023-05-09T04:57:55.830+0000] {ml_response_dag.py:36} INFO - 10
[2023-05-09T04:57:55.831+0000] {ml_response_dag.py:37} INFO - Inserted to db
[2023-05-09T04:57:55.832+0000] {ml_response_dag.py:35} INFO - {'value': '51', 'score': 0.76, 'ocr_score': 0.29, 'bounding_box': [0.79, 0.88, 0.43, 0.21]}
[2023-05-09T04:57:55.833+0000] {ml_response_dag.py:36} INFO - 10
[2023-05-09T04:57:55.833+0000] {ml_response_dag.py:37} INFO - Inserted to db
[2023-05-09T04:57:55.835+0000] {ml_response_dag.py:35} INFO - {'value': '843', 'score': 0.05, 'ocr_score': 0.96, 'bounding_box': [0.84, 0.04, 0.6, 0.52]}
[2023-05-09T04:57:55.837+0000] {ml_response_dag.py:36} INFO - 10
[2023-05-09T04:57:55.838+0000] {ml_response_dag.py:37} INFO - Inserted to db
[2023-05-09T04:57:55.838+0000] {ml_response_dag.py:35} INFO - {'value': '517', 'score': 0.75, 'ocr_score': 0.74, 'bounding_box': [0.65, 0.92, 0.1, 0.59]}
[2023-05-09T04:57:55.839+0000] {ml_response_dag.py:36} INFO - 10
[2023-05-09T04:57:55.842+0000] {ml_response_dag.py:37} INFO - Inserted to db
[2023-05-09T04:57:55.844+0000] {ml_response_dag.py:35} INFO - {}
[2023-05-09T04:57:55.845+0000] {ml_response_dag.py:36} INFO - 11
[2023-05-09T04:57:55.849+0000] {ml_response_dag.py:37} INFO - Inserted to db
[2023-05-09T04:57:55.849+0000] {ml_response_dag.py:35} INFO - {}
[2023-05-09T04:57:55.851+0000] {ml_response_dag.py:36} INFO - 11
[2023-05-09T04:57:55.852+0000] {ml_response_dag.py:37} INFO - Inserted to db
[2023-05-09T04:57:55.853+0000] {ml_response_dag.py:35} INFO - {'value': '288', 'score': 0.6, 'ocr_score': 0.29, 'bounding_box': [0.96, 0.39, 0.81, 0.96]}
[2023-05-09T04:57:55.854+0000] {ml_response_dag.py:36} INFO - 11
[2023-05-09T04:57:55.855+0000] {ml_response_dag.py:37} INFO - Inserted to db
[2023-05-09T04:57:55.864+0000] {ml_response_dag.py:35} INFO - {'value': '878', 'score': 0.44, 'ocr_score': 0.56, 'bounding_box': [0.46, 0.03, 0.06, 0.3]}
[2023-05-09T04:57:55.865+0000] {ml_response_dag.py:36} INFO - 11
[2023-05-09T04:57:55.866+0000] {ml_response_dag.py:37} INFO - Inserted to db
[2023-05-09T04:57:55.871+0000] {ml_response_dag.py:35} INFO - {}
[2023-05-09T04:57:55.873+0000] {ml_response_dag.py:36} INFO - 11
[2023-05-09T04:57:55.874+0000] {ml_response_dag.py:37} INFO - Inserted to db
[2023-05-09T04:57:55.876+0000] {ml_response_dag.py:35} INFO - {}
[2023-05-09T04:57:55.877+0000] {ml_response_dag.py:36} INFO - 11
[2023-05-09T04:57:55.878+0000] {ml_response_dag.py:37} INFO - Inserted to db
[2023-05-09T04:57:55.880+0000] {ml_response_dag.py:35} INFO - {}
[2023-05-09T04:57:55.881+0000] {ml_response_dag.py:36} INFO - 11
[2023-05-09T04:57:55.883+0000] {ml_response_dag.py:37} INFO - Inserted to db
[2023-05-09T04:57:55.883+0000] {ml_response_dag.py:35} INFO - {'value': '650', 'score': 0.79, 'ocr_score': 0.64, 'bounding_box': [0.13, 0.78, 0.29, 0.37]}
[2023-05-09T04:57:55.884+0000] {ml_response_dag.py:36} INFO - 11
[2023-05-09T04:57:55.886+0000] {ml_response_dag.py:37} INFO - Inserted to db
[2023-05-09T04:57:55.891+0000] {ml_response_dag.py:35} INFO - {}
[2023-05-09T04:57:55.891+0000] {ml_response_dag.py:36} INFO - 11
[2023-05-09T04:57:55.892+0000] {ml_response_dag.py:37} INFO - Inserted to db
[2023-05-09T04:57:55.895+0000] {ml_response_dag.py:35} INFO - {'value': '643', 'score': 0.23, 'ocr_score': 0.72, 'bounding_box': [0.01, 0.39, 0.58, 0.53]}
[2023-05-09T04:57:55.897+0000] {ml_response_dag.py:36} INFO - 12
[2023-05-09T04:57:55.897+0000] {ml_response_dag.py:37} INFO - Inserted to db
[2023-05-09T04:57:55.902+0000] {ml_response_dag.py:35} INFO - {}
[2023-05-09T04:57:55.902+0000] {ml_response_dag.py:36} INFO - 13
[2023-05-09T04:57:55.905+0000] {ml_response_dag.py:37} INFO - Inserted to db
[2023-05-09T04:57:55.906+0000] {ml_response_dag.py:35} INFO - {}
[2023-05-09T04:57:55.907+0000] {ml_response_dag.py:36} INFO - 14
[2023-05-09T04:57:55.910+0000] {ml_response_dag.py:37} INFO - Inserted to db
[2023-05-09T04:57:55.910+0000] {ml_response_dag.py:35} INFO - {'value': '141', 'score': 0.27, 'ocr_score': 0.93, 'bounding_box': [0.24, 0.73, 0.11, 0.89]}
[2023-05-09T04:57:55.911+0000] {ml_response_dag.py:36} INFO - 15
[2023-05-09T04:57:55.912+0000] {ml_response_dag.py:37} INFO - Inserted to db
[2023-05-09T04:57:55.918+0000] {ml_response_dag.py:35} INFO - {'value': '59', 'score': 0.45, 'ocr_score': 0.57, 'bounding_box': [0.45, 0.64, 0.68, 0.17]}
[2023-05-09T04:57:55.921+0000] {ml_response_dag.py:36} INFO - 15
[2023-05-09T04:57:55.922+0000] {ml_response_dag.py:37} INFO - Inserted to db
[2023-05-09T04:57:55.923+0000] {ml_response_dag.py:35} INFO - {'value': '333', 'score': 0.34, 'ocr_score': 0.85, 'bounding_box': [0.81, 0.57, 0.99, 0.77]}
[2023-05-09T04:57:55.923+0000] {ml_response_dag.py:36} INFO - 15
[2023-05-09T04:57:55.924+0000] {ml_response_dag.py:37} INFO - Inserted to db
[2023-05-09T04:57:55.928+0000] {ml_response_dag.py:35} INFO - {'value': '257', 'score': 0.11, 'ocr_score': 0.43, 'bounding_box': [0.37, 0.55, 0.53, 0.66]}
[2023-05-09T04:57:55.935+0000] {ml_response_dag.py:36} INFO - 15
[2023-05-09T04:57:55.938+0000] {ml_response_dag.py:37} INFO - Inserted to db
[2023-05-09T04:57:55.939+0000] {ml_response_dag.py:35} INFO - {'value': '190', 'score': 0.21, 'ocr_score': 0.83, 'bounding_box': [0.88, 0.83, 0.57, 0.11]}
[2023-05-09T04:57:55.940+0000] {ml_response_dag.py:36} INFO - 15
[2023-05-09T04:57:55.942+0000] {ml_response_dag.py:37} INFO - Inserted to db
[2023-05-09T04:57:55.943+0000] {ml_response_dag.py:35} INFO - {}
[2023-05-09T04:57:55.944+0000] {ml_response_dag.py:36} INFO - 15
[2023-05-09T04:57:55.950+0000] {ml_response_dag.py:37} INFO - Inserted to db
[2023-05-09T04:57:55.956+0000] {ml_response_dag.py:35} INFO - {}
[2023-05-09T04:57:55.956+0000] {ml_response_dag.py:36} INFO - 15
[2023-05-09T04:57:55.957+0000] {ml_response_dag.py:37} INFO - Inserted to db
[2023-05-09T04:57:55.960+0000] {ml_response_dag.py:35} INFO - {}
[2023-05-09T04:57:55.960+0000] {ml_response_dag.py:36} INFO - 15
[2023-05-09T04:57:55.962+0000] {ml_response_dag.py:37} INFO - Inserted to db
[2023-05-09T04:57:55.963+0000] {ml_response_dag.py:35} INFO - {'value': '475', 'score': 0.57, 'ocr_score': 0.49, 'bounding_box': [0.4, 0.3, 0.99, 0.32]}
[2023-05-09T04:57:55.966+0000] {ml_response_dag.py:36} INFO - 15
[2023-05-09T04:57:55.967+0000] {ml_response_dag.py:37} INFO - Inserted to db
[2023-05-09T04:57:55.969+0000] {ml_response_dag.py:35} INFO - {'value': '745', 'score': 0.84, 'ocr_score': 0.82, 'bounding_box': [0.84, 0.57, 0.94, 0.44]}
[2023-05-09T04:57:55.969+0000] {ml_response_dag.py:36} INFO - 16
[2023-05-09T04:57:55.970+0000] {ml_response_dag.py:37} INFO - Inserted to db
[2023-05-09T04:57:55.972+0000] {python.py:183} INFO - Done. Returned value was: None
[2023-05-09T04:57:56.003+0000] {taskinstance.py:1373} INFO - Marking task as SUCCESS. dag_id=veryfi_extract_total, task_id=extract_and_load, execution_date=20230508T163000, start_date=20230509T045754, end_date=20230509T045756
[2023-05-09T04:57:56.085+0000] {local_task_job_runner.py:232} INFO - Task exited with return code 0
[2023-05-09T04:57:56.162+0000] {taskinstance.py:2674} INFO - 0 downstream tasks scheduled from follow-on schedule check
