[2023-05-08T22:42:21.907+0000] {taskinstance.py:1125} INFO - Dependencies all met for dep_context=non-requeueable deps ti=<TaskInstance: veryfi_extract_total.extract_and_load scheduled__2023-05-08T00:09:30+00:00 [queued]>
[2023-05-08T22:42:21.982+0000] {taskinstance.py:1125} INFO - Dependencies all met for dep_context=requeueable deps ti=<TaskInstance: veryfi_extract_total.extract_and_load scheduled__2023-05-08T00:09:30+00:00 [queued]>
[2023-05-08T22:42:21.983+0000] {taskinstance.py:1331} INFO - Starting attempt 1 of 2
[2023-05-08T22:42:22.024+0000] {taskinstance.py:1350} INFO - Executing <Task(PythonOperator): extract_and_load> on 2023-05-08 00:09:30+00:00
[2023-05-08T22:42:22.039+0000] {standard_task_runner.py:57} INFO - Started process 243 to run task
[2023-05-08T22:42:22.075+0000] {standard_task_runner.py:84} INFO - Running: ['***', 'tasks', 'run', 'veryfi_extract_total', 'extract_and_load', 'scheduled__2023-05-08T00:09:30+00:00', '--job-id', '48', '--raw', '--subdir', 'DAGS_FOLDER/ml_response_dag.py', '--cfg-path', '/tmp/tmpzegm3iek']
[2023-05-08T22:42:22.083+0000] {standard_task_runner.py:85} INFO - Job 48: Subtask extract_and_load
[2023-05-08T22:42:22.283+0000] {task_command.py:410} INFO - Running <TaskInstance: veryfi_extract_total.extract_and_load scheduled__2023-05-08T00:09:30+00:00 [running]> on host 916d3785c91c
[2023-05-08T22:42:22.862+0000] {taskinstance.py:1570} INFO - Exporting env vars: AIRFLOW_CTX_DAG_OWNER='***' AIRFLOW_CTX_DAG_ID='veryfi_extract_total' AIRFLOW_CTX_TASK_ID='extract_and_load' AIRFLOW_CTX_EXECUTION_DATE='2023-05-08T00:09:30+00:00' AIRFLOW_CTX_TRY_NUMBER='1' AIRFLOW_CTX_DAG_RUN_ID='scheduled__2023-05-08T00:09:30+00:00'
[2023-05-08T22:42:22.872+0000] {taskinstance.py:1847} ERROR - Task failed with exception
Traceback (most recent call last):
  File "/home/airflow/.local/lib/python3.7/site-packages/airflow/operators/python.py", line 181, in execute
    return_value = self.execute_callable()
  File "/home/airflow/.local/lib/python3.7/site-packages/airflow/operators/python.py", line 198, in execute_callable
    return self.python_callable(*self.op_args, **self.op_kwargs)
  File "/opt/airflow/dags/ml_response_dag.py", line 22, in extract_total
    password="airflow"
  File "/home/airflow/.local/lib/python3.7/site-packages/psycopg2/__init__.py", line 122, in connect
    conn = _connect(dsn, connection_factory=connection_factory, **kwasync)
psycopg2.OperationalError: connection to server at "localhost" (127.0.0.1), port 5432 failed: Connection refused
	Is the server running on that host and accepting TCP/IP connections?
connection to server at "localhost" (::1), port 5432 failed: Cannot assign requested address
	Is the server running on that host and accepting TCP/IP connections?

[2023-05-08T22:42:36.722+0000] {taskinstance.py:1373} INFO - Marking task as UP_FOR_RETRY. dag_id=veryfi_extract_total, task_id=extract_and_load, execution_date=20230508T000930, start_date=20230508T224221, end_date=20230508T224236
[2023-05-08T22:42:36.996+0000] {standard_task_runner.py:109} ERROR - Failed to execute job 48 for task extract_and_load (connection to server at "localhost" (127.0.0.1), port 5432 failed: Connection refused
	Is the server running on that host and accepting TCP/IP connections?
connection to server at "localhost" (::1), port 5432 failed: Cannot assign requested address
	Is the server running on that host and accepting TCP/IP connections?
; 243)
[2023-05-08T22:42:37.099+0000] {local_task_job_runner.py:232} INFO - Task exited with return code 1
[2023-05-08T22:42:37.158+0000] {taskinstance.py:2674} INFO - 0 downstream tasks scheduled from follow-on schedule check
[2023-05-09T04:45:28.201+0000] {taskinstance.py:1125} INFO - Dependencies all met for dep_context=non-requeueable deps ti=<TaskInstance: veryfi_extract_total.extract_and_load scheduled__2023-05-08T00:09:30+00:00 [queued]>
[2023-05-09T04:45:28.288+0000] {taskinstance.py:1125} INFO - Dependencies all met for dep_context=requeueable deps ti=<TaskInstance: veryfi_extract_total.extract_and_load scheduled__2023-05-08T00:09:30+00:00 [queued]>
[2023-05-09T04:45:28.304+0000] {taskinstance.py:1331} INFO - Starting attempt 1 of 2
[2023-05-09T04:45:28.428+0000] {taskinstance.py:1350} INFO - Executing <Task(PythonOperator): extract_and_load> on 2023-05-08 00:09:30+00:00
[2023-05-09T04:45:28.436+0000] {standard_task_runner.py:57} INFO - Started process 865 to run task
[2023-05-09T04:45:28.458+0000] {standard_task_runner.py:84} INFO - Running: ['***', 'tasks', 'run', 'veryfi_extract_total', 'extract_and_load', 'scheduled__2023-05-08T00:09:30+00:00', '--job-id', '154', '--raw', '--subdir', 'DAGS_FOLDER/ml_response_dag.py', '--cfg-path', '/tmp/tmp_trc7b3h']
[2023-05-09T04:45:28.459+0000] {standard_task_runner.py:85} INFO - Job 154: Subtask extract_and_load
[2023-05-09T04:45:29.184+0000] {task_command.py:410} INFO - Running <TaskInstance: veryfi_extract_total.extract_and_load scheduled__2023-05-08T00:09:30+00:00 [running]> on host aa4b7d3de44b
[2023-05-09T04:45:29.783+0000] {taskinstance.py:1570} INFO - Exporting env vars: AIRFLOW_CTX_DAG_OWNER='***' AIRFLOW_CTX_DAG_ID='veryfi_extract_total' AIRFLOW_CTX_TASK_ID='extract_and_load' AIRFLOW_CTX_EXECUTION_DATE='2023-05-08T00:09:30+00:00' AIRFLOW_CTX_TRY_NUMBER='1' AIRFLOW_CTX_DAG_RUN_ID='scheduled__2023-05-08T00:09:30+00:00'
[2023-05-09T04:45:29.824+0000] {ml_response_dag.py:36} INFO - {}
[2023-05-09T04:45:29.828+0000] {ml_response_dag.py:37} INFO - 1
[2023-05-09T04:45:29.828+0000] {ml_response_dag.py:36} INFO - {'value': '544', 'score': 0.22, 'ocr_score': 0.81, 'bounding_box': [0.22, 0.37, 0.38, 0.52]}
[2023-05-09T04:45:29.829+0000] {ml_response_dag.py:37} INFO - 1
[2023-05-09T04:45:29.830+0000] {ml_response_dag.py:36} INFO - {}
[2023-05-09T04:45:29.831+0000] {ml_response_dag.py:37} INFO - 1
[2023-05-09T04:45:29.832+0000] {ml_response_dag.py:36} INFO - {}
[2023-05-09T04:45:29.832+0000] {ml_response_dag.py:37} INFO - 1
[2023-05-09T04:45:29.833+0000] {ml_response_dag.py:36} INFO - {}
[2023-05-09T04:45:29.833+0000] {ml_response_dag.py:37} INFO - 1
[2023-05-09T04:45:29.834+0000] {ml_response_dag.py:36} INFO - {}
[2023-05-09T04:45:29.834+0000] {ml_response_dag.py:37} INFO - 1
[2023-05-09T04:45:29.834+0000] {ml_response_dag.py:36} INFO - {'value': '660', 'score': 0.48, 'ocr_score': 0.32, 'bounding_box': [0.07, 0.82, 0.06, 0.37]}
[2023-05-09T04:45:29.834+0000] {ml_response_dag.py:37} INFO - 1
[2023-05-09T04:45:29.835+0000] {ml_response_dag.py:36} INFO - {}
[2023-05-09T04:45:29.836+0000] {ml_response_dag.py:37} INFO - 1
[2023-05-09T04:45:29.836+0000] {ml_response_dag.py:36} INFO - {'value': '801', 'score': 0.92, 'ocr_score': 0.28, 'bounding_box': [0.56, 0.9, 0.37, 0.79]}
[2023-05-09T04:45:29.836+0000] {ml_response_dag.py:37} INFO - 1
[2023-05-09T04:45:29.837+0000] {ml_response_dag.py:36} INFO - {}
[2023-05-09T04:45:29.838+0000] {ml_response_dag.py:37} INFO - 2
[2023-05-09T04:45:29.838+0000] {ml_response_dag.py:36} INFO - {}
[2023-05-09T04:45:29.840+0000] {ml_response_dag.py:37} INFO - 2
[2023-05-09T04:45:29.843+0000] {ml_response_dag.py:36} INFO - {'value': '880', 'score': 0.06, 'ocr_score': 0.1, 'bounding_box': [0.76, 0.47, 0.16, 0.27]}
[2023-05-09T04:45:29.844+0000] {ml_response_dag.py:37} INFO - 2
[2023-05-09T04:45:29.845+0000] {ml_response_dag.py:36} INFO - {'value': '380', 'score': 0.11, 'ocr_score': 0.36, 'bounding_box': [0.99, 0.15, 0.39, 0.03]}
[2023-05-09T04:45:29.850+0000] {ml_response_dag.py:37} INFO - 2
[2023-05-09T04:45:29.853+0000] {ml_response_dag.py:36} INFO - {}
[2023-05-09T04:45:29.855+0000] {ml_response_dag.py:37} INFO - 2
[2023-05-09T04:45:29.857+0000] {ml_response_dag.py:36} INFO - {'value': '770', 'score': 0.37, 'ocr_score': 0.84, 'bounding_box': [0.79, 0.15, 0.82, 0.6]}
[2023-05-09T04:45:29.861+0000] {ml_response_dag.py:37} INFO - 2
[2023-05-09T04:45:29.864+0000] {ml_response_dag.py:36} INFO - {}
[2023-05-09T04:45:29.868+0000] {ml_response_dag.py:37} INFO - 2
[2023-05-09T04:45:29.869+0000] {ml_response_dag.py:36} INFO - {}
[2023-05-09T04:45:29.870+0000] {ml_response_dag.py:37} INFO - 2
[2023-05-09T04:45:29.871+0000] {ml_response_dag.py:36} INFO - {}
[2023-05-09T04:45:29.872+0000] {ml_response_dag.py:37} INFO - 2
[2023-05-09T04:45:29.873+0000] {ml_response_dag.py:36} INFO - {}
[2023-05-09T04:45:29.875+0000] {ml_response_dag.py:37} INFO - 3
[2023-05-09T04:45:29.876+0000] {ml_response_dag.py:36} INFO - {}
[2023-05-09T04:45:29.877+0000] {ml_response_dag.py:37} INFO - 4
[2023-05-09T04:45:29.877+0000] {ml_response_dag.py:36} INFO - {}
[2023-05-09T04:45:29.877+0000] {ml_response_dag.py:37} INFO - 5
[2023-05-09T04:45:29.878+0000] {ml_response_dag.py:36} INFO - {}
[2023-05-09T04:45:29.879+0000] {ml_response_dag.py:37} INFO - 5
[2023-05-09T04:45:29.882+0000] {ml_response_dag.py:36} INFO - {'value': '418', 'score': 0.49, 'ocr_score': 0.15, 'bounding_box': [0.88, 0.92, 0.46, 0.3]}
[2023-05-09T04:45:29.883+0000] {ml_response_dag.py:37} INFO - 5
[2023-05-09T04:45:29.883+0000] {ml_response_dag.py:36} INFO - {}
[2023-05-09T04:45:29.884+0000] {ml_response_dag.py:37} INFO - 5
[2023-05-09T04:45:29.884+0000] {ml_response_dag.py:36} INFO - {}
[2023-05-09T04:45:29.887+0000] {ml_response_dag.py:37} INFO - 5
[2023-05-09T04:45:29.887+0000] {ml_response_dag.py:36} INFO - {'value': '78', 'score': 0.03, 'ocr_score': 0.66, 'bounding_box': [0.31, 0.81, 0.43, 0.03]}
[2023-05-09T04:45:29.888+0000] {ml_response_dag.py:37} INFO - 5
[2023-05-09T04:45:29.889+0000] {ml_response_dag.py:36} INFO - {}
[2023-05-09T04:45:29.889+0000] {ml_response_dag.py:37} INFO - 5
[2023-05-09T04:45:29.890+0000] {ml_response_dag.py:36} INFO - {'value': '889', 'score': 0.72, 'ocr_score': 0.56, 'bounding_box': [0.38, 0.17, 0.28, 1.0]}
[2023-05-09T04:45:29.890+0000] {ml_response_dag.py:37} INFO - 5
[2023-05-09T04:45:29.891+0000] {ml_response_dag.py:36} INFO - {'value': '292', 'score': 0.23, 'ocr_score': 0.39, 'bounding_box': [0.45, 0.93, 0.07, 0.2]}
[2023-05-09T04:45:29.891+0000] {ml_response_dag.py:37} INFO - 5
[2023-05-09T04:45:29.892+0000] {ml_response_dag.py:36} INFO - {}
[2023-05-09T04:45:29.893+0000] {ml_response_dag.py:37} INFO - 6
[2023-05-09T04:45:29.894+0000] {ml_response_dag.py:36} INFO - {'value': '542', 'score': 0.01, 'ocr_score': 0.03, 'bounding_box': [0.27, 0.53, 0.77, 0.97]}
[2023-05-09T04:45:29.895+0000] {ml_response_dag.py:37} INFO - 7
[2023-05-09T04:45:29.897+0000] {ml_response_dag.py:36} INFO - {'value': '342', 'score': 0.56, 'ocr_score': 0.14, 'bounding_box': [0.77, 0.91, 0.18, 0.2]}
[2023-05-09T04:45:29.898+0000] {ml_response_dag.py:37} INFO - 7
[2023-05-09T04:45:29.899+0000] {ml_response_dag.py:36} INFO - {'value': '967', 'score': 0.78, 'ocr_score': 0.39, 'bounding_box': [0.86, 0.38, 0.41, 0.36]}
[2023-05-09T04:45:29.913+0000] {ml_response_dag.py:37} INFO - 7
[2023-05-09T04:45:29.914+0000] {ml_response_dag.py:36} INFO - {'value': '100', 'score': 0.68, 'ocr_score': 0.75, 'bounding_box': [0.32, 0.6, 0.97, 0.05]}
[2023-05-09T04:45:29.915+0000] {ml_response_dag.py:37} INFO - 7
[2023-05-09T04:45:29.916+0000] {ml_response_dag.py:36} INFO - {}
[2023-05-09T04:45:29.917+0000] {ml_response_dag.py:37} INFO - 7
[2023-05-09T04:45:29.918+0000] {ml_response_dag.py:36} INFO - {}
[2023-05-09T04:45:29.920+0000] {ml_response_dag.py:37} INFO - 7
[2023-05-09T04:45:29.922+0000] {ml_response_dag.py:36} INFO - {'value': '858', 'score': 0.94, 'ocr_score': 0.64, 'bounding_box': [0.22, 0.37, 0.17, 0.07]}
[2023-05-09T04:45:29.922+0000] {ml_response_dag.py:37} INFO - 7
[2023-05-09T04:45:29.924+0000] {ml_response_dag.py:36} INFO - {}
[2023-05-09T04:45:29.924+0000] {ml_response_dag.py:37} INFO - 7
[2023-05-09T04:45:29.924+0000] {ml_response_dag.py:36} INFO - {'value': '633', 'score': 0.77, 'ocr_score': 0.17, 'bounding_box': [0.44, 0.56, 0.26, 0.15]}
[2023-05-09T04:45:29.925+0000] {ml_response_dag.py:37} INFO - 7
[2023-05-09T04:45:29.926+0000] {ml_response_dag.py:36} INFO - {'value': '609', 'score': 0.47, 'ocr_score': 0.56, 'bounding_box': [0.3, 0.87, 0.78, 0.92]}
[2023-05-09T04:45:29.927+0000] {ml_response_dag.py:37} INFO - 8
[2023-05-09T04:45:29.928+0000] {ml_response_dag.py:36} INFO - {'value': '331', 'score': 0.49, 'ocr_score': 0.99, 'bounding_box': [0.55, 0.36, 0.08, 0.43]}
[2023-05-09T04:45:29.943+0000] {ml_response_dag.py:37} INFO - 8
[2023-05-09T04:45:29.944+0000] {ml_response_dag.py:36} INFO - {'value': '142', 'score': 0.0, 'ocr_score': 0.58, 'bounding_box': [0.17, 0.36, 0.83, 0.62]}
[2023-05-09T04:45:29.947+0000] {ml_response_dag.py:37} INFO - 8
[2023-05-09T04:45:29.949+0000] {ml_response_dag.py:36} INFO - {}
[2023-05-09T04:45:29.950+0000] {ml_response_dag.py:37} INFO - 8
[2023-05-09T04:45:29.950+0000] {ml_response_dag.py:36} INFO - {}
[2023-05-09T04:45:29.951+0000] {ml_response_dag.py:37} INFO - 8
[2023-05-09T04:45:29.951+0000] {ml_response_dag.py:36} INFO - {}
[2023-05-09T04:45:29.952+0000] {ml_response_dag.py:37} INFO - 8
[2023-05-09T04:45:29.952+0000] {ml_response_dag.py:36} INFO - {'value': '826', 'score': 0.74, 'ocr_score': 0.69, 'bounding_box': [0.98, 0.11, 0.14, 0.96]}
[2023-05-09T04:45:29.953+0000] {ml_response_dag.py:37} INFO - 8
[2023-05-09T04:45:29.954+0000] {ml_response_dag.py:36} INFO - {}
[2023-05-09T04:45:29.954+0000] {ml_response_dag.py:37} INFO - 8
[2023-05-09T04:45:29.955+0000] {ml_response_dag.py:36} INFO - {'value': '299', 'score': 0.85, 'ocr_score': 0.04, 'bounding_box': [0.14, 0.46, 0.06, 0.65]}
[2023-05-09T04:45:29.958+0000] {ml_response_dag.py:37} INFO - 8
[2023-05-09T04:45:29.959+0000] {ml_response_dag.py:36} INFO - {'value': '362', 'score': 0.62, 'ocr_score': 0.51, 'bounding_box': [0.42, 0.48, 0.21, 0.45]}
[2023-05-09T04:45:29.959+0000] {ml_response_dag.py:37} INFO - 9
[2023-05-09T04:45:29.960+0000] {ml_response_dag.py:36} INFO - {'value': '288', 'score': 0.77, 'ocr_score': 0.23, 'bounding_box': [0.16, 0.03, 0.68, 0.81]}
[2023-05-09T04:45:29.961+0000] {ml_response_dag.py:37} INFO - 9
[2023-05-09T04:45:29.961+0000] {ml_response_dag.py:36} INFO - {'value': '803', 'score': 0.03, 'ocr_score': 0.42, 'bounding_box': [0.05, 0.5, 0.56, 0.95]}
[2023-05-09T04:45:29.962+0000] {ml_response_dag.py:37} INFO - 9
[2023-05-09T04:45:29.963+0000] {ml_response_dag.py:36} INFO - {'value': '750', 'score': 0.85, 'ocr_score': 0.27, 'bounding_box': [0.71, 0.07, 0.54, 0.9]}
[2023-05-09T04:45:29.964+0000] {ml_response_dag.py:37} INFO - 9
[2023-05-09T04:45:29.965+0000] {ml_response_dag.py:36} INFO - {'value': '148', 'score': 0.41, 'ocr_score': 0.97, 'bounding_box': [0.44, 0.51, 0.69, 0.67]}
[2023-05-09T04:45:29.967+0000] {ml_response_dag.py:37} INFO - 9
[2023-05-09T04:45:29.969+0000] {ml_response_dag.py:36} INFO - {'value': '161', 'score': 0.49, 'ocr_score': 0.58, 'bounding_box': [0.51, 0.51, 0.55, 0.06]}
[2023-05-09T04:45:29.970+0000] {ml_response_dag.py:37} INFO - 9
[2023-05-09T04:45:29.971+0000] {ml_response_dag.py:36} INFO - {}
[2023-05-09T04:45:29.974+0000] {ml_response_dag.py:37} INFO - 9
[2023-05-09T04:45:29.975+0000] {ml_response_dag.py:36} INFO - {}
[2023-05-09T04:45:29.976+0000] {ml_response_dag.py:37} INFO - 9
[2023-05-09T04:45:29.977+0000] {ml_response_dag.py:36} INFO - {}
[2023-05-09T04:45:29.977+0000] {ml_response_dag.py:37} INFO - 9
[2023-05-09T04:45:29.978+0000] {ml_response_dag.py:36} INFO - {'value': '842', 'score': 0.47, 'ocr_score': 0.75, 'bounding_box': [0.16, 0.91, 0.32, 0.53]}
[2023-05-09T04:45:29.979+0000] {ml_response_dag.py:37} INFO - 10
[2023-05-09T04:45:29.980+0000] {ml_response_dag.py:36} INFO - {}
[2023-05-09T04:45:29.980+0000] {ml_response_dag.py:37} INFO - 10
[2023-05-09T04:45:29.982+0000] {ml_response_dag.py:36} INFO - {}
[2023-05-09T04:45:29.983+0000] {ml_response_dag.py:37} INFO - 10
[2023-05-09T04:45:29.984+0000] {ml_response_dag.py:36} INFO - {'value': '458', 'score': 0.81, 'ocr_score': 0.31, 'bounding_box': [0.69, 0.54, 0.48, 0.39]}
[2023-05-09T04:45:29.985+0000] {ml_response_dag.py:37} INFO - 10
[2023-05-09T04:45:29.986+0000] {ml_response_dag.py:36} INFO - {'value': '776', 'score': 0.77, 'ocr_score': 0.34, 'bounding_box': [0.76, 0.85, 0.56, 0.82]}
[2023-05-09T04:45:29.987+0000] {ml_response_dag.py:37} INFO - 10
[2023-05-09T04:45:29.988+0000] {ml_response_dag.py:36} INFO - {}
[2023-05-09T04:45:29.990+0000] {ml_response_dag.py:37} INFO - 10
[2023-05-09T04:45:29.991+0000] {ml_response_dag.py:36} INFO - {'value': '51', 'score': 0.76, 'ocr_score': 0.29, 'bounding_box': [0.79, 0.88, 0.43, 0.21]}
[2023-05-09T04:45:29.994+0000] {ml_response_dag.py:37} INFO - 10
[2023-05-09T04:45:29.995+0000] {ml_response_dag.py:36} INFO - {'value': '843', 'score': 0.05, 'ocr_score': 0.96, 'bounding_box': [0.84, 0.04, 0.6, 0.52]}
[2023-05-09T04:45:29.996+0000] {ml_response_dag.py:37} INFO - 10
[2023-05-09T04:45:29.996+0000] {ml_response_dag.py:36} INFO - {'value': '517', 'score': 0.75, 'ocr_score': 0.74, 'bounding_box': [0.65, 0.92, 0.1, 0.59]}
[2023-05-09T04:45:29.997+0000] {ml_response_dag.py:37} INFO - 10
[2023-05-09T04:45:29.998+0000] {ml_response_dag.py:36} INFO - {}
[2023-05-09T04:45:29.999+0000] {ml_response_dag.py:37} INFO - 11
[2023-05-09T04:45:30.000+0000] {ml_response_dag.py:36} INFO - {}
[2023-05-09T04:45:30.000+0000] {ml_response_dag.py:37} INFO - 11
[2023-05-09T04:45:30.001+0000] {ml_response_dag.py:36} INFO - {'value': '288', 'score': 0.6, 'ocr_score': 0.29, 'bounding_box': [0.96, 0.39, 0.81, 0.96]}
[2023-05-09T04:45:30.001+0000] {ml_response_dag.py:37} INFO - 11
[2023-05-09T04:45:30.016+0000] {ml_response_dag.py:36} INFO - {'value': '878', 'score': 0.44, 'ocr_score': 0.56, 'bounding_box': [0.46, 0.03, 0.06, 0.3]}
[2023-05-09T04:45:30.016+0000] {ml_response_dag.py:37} INFO - 11
[2023-05-09T04:45:30.017+0000] {ml_response_dag.py:36} INFO - {}
[2023-05-09T04:45:30.017+0000] {ml_response_dag.py:37} INFO - 11
[2023-05-09T04:45:30.018+0000] {ml_response_dag.py:36} INFO - {}
[2023-05-09T04:45:30.018+0000] {ml_response_dag.py:37} INFO - 11
[2023-05-09T04:45:30.019+0000] {ml_response_dag.py:36} INFO - {}
[2023-05-09T04:45:30.019+0000] {ml_response_dag.py:37} INFO - 11
[2023-05-09T04:45:30.019+0000] {ml_response_dag.py:36} INFO - {'value': '650', 'score': 0.79, 'ocr_score': 0.64, 'bounding_box': [0.13, 0.78, 0.29, 0.37]}
[2023-05-09T04:45:30.020+0000] {ml_response_dag.py:37} INFO - 11
[2023-05-09T04:45:30.023+0000] {ml_response_dag.py:36} INFO - {}
[2023-05-09T04:45:30.025+0000] {ml_response_dag.py:37} INFO - 11
[2023-05-09T04:45:30.026+0000] {ml_response_dag.py:36} INFO - {'value': '643', 'score': 0.23, 'ocr_score': 0.72, 'bounding_box': [0.01, 0.39, 0.58, 0.53]}
[2023-05-09T04:45:30.029+0000] {ml_response_dag.py:37} INFO - 12
[2023-05-09T04:45:30.029+0000] {ml_response_dag.py:36} INFO - {}
[2023-05-09T04:45:30.030+0000] {ml_response_dag.py:37} INFO - 13
[2023-05-09T04:45:30.031+0000] {ml_response_dag.py:36} INFO - {}
[2023-05-09T04:45:30.032+0000] {ml_response_dag.py:37} INFO - 14
[2023-05-09T04:45:30.033+0000] {ml_response_dag.py:36} INFO - {'value': '141', 'score': 0.27, 'ocr_score': 0.93, 'bounding_box': [0.24, 0.73, 0.11, 0.89]}
[2023-05-09T04:45:30.035+0000] {ml_response_dag.py:37} INFO - 15
[2023-05-09T04:45:30.036+0000] {ml_response_dag.py:36} INFO - {'value': '59', 'score': 0.45, 'ocr_score': 0.57, 'bounding_box': [0.45, 0.64, 0.68, 0.17]}
[2023-05-09T04:45:30.036+0000] {ml_response_dag.py:37} INFO - 15
[2023-05-09T04:45:30.037+0000] {ml_response_dag.py:36} INFO - {'value': '333', 'score': 0.34, 'ocr_score': 0.85, 'bounding_box': [0.81, 0.57, 0.99, 0.77]}
[2023-05-09T04:45:30.038+0000] {ml_response_dag.py:37} INFO - 15
[2023-05-09T04:45:30.038+0000] {ml_response_dag.py:36} INFO - {'value': '257', 'score': 0.11, 'ocr_score': 0.43, 'bounding_box': [0.37, 0.55, 0.53, 0.66]}
[2023-05-09T04:45:30.043+0000] {ml_response_dag.py:37} INFO - 15
[2023-05-09T04:45:30.045+0000] {ml_response_dag.py:36} INFO - {'value': '190', 'score': 0.21, 'ocr_score': 0.83, 'bounding_box': [0.88, 0.83, 0.57, 0.11]}
[2023-05-09T04:45:30.045+0000] {ml_response_dag.py:37} INFO - 15
[2023-05-09T04:45:30.046+0000] {ml_response_dag.py:36} INFO - {}
[2023-05-09T04:45:30.047+0000] {ml_response_dag.py:37} INFO - 15
[2023-05-09T04:45:30.048+0000] {ml_response_dag.py:36} INFO - {}
[2023-05-09T04:45:30.049+0000] {ml_response_dag.py:37} INFO - 15
[2023-05-09T04:45:30.050+0000] {ml_response_dag.py:36} INFO - {}
[2023-05-09T04:45:30.051+0000] {ml_response_dag.py:37} INFO - 15
[2023-05-09T04:45:30.052+0000] {ml_response_dag.py:36} INFO - {'value': '475', 'score': 0.57, 'ocr_score': 0.49, 'bounding_box': [0.4, 0.3, 0.99, 0.32]}
[2023-05-09T04:45:30.054+0000] {ml_response_dag.py:37} INFO - 15
[2023-05-09T04:45:30.055+0000] {ml_response_dag.py:36} INFO - {'value': '745', 'score': 0.84, 'ocr_score': 0.82, 'bounding_box': [0.84, 0.57, 0.94, 0.44]}
[2023-05-09T04:45:30.057+0000] {ml_response_dag.py:37} INFO - 16
[2023-05-09T04:45:30.059+0000] {python.py:183} INFO - Done. Returned value was: None
[2023-05-09T04:45:30.164+0000] {taskinstance.py:1373} INFO - Marking task as SUCCESS. dag_id=veryfi_extract_total, task_id=extract_and_load, execution_date=20230508T000930, start_date=20230509T044528, end_date=20230509T044530
[2023-05-09T04:45:30.346+0000] {local_task_job_runner.py:232} INFO - Task exited with return code 0
[2023-05-09T04:45:30.419+0000] {taskinstance.py:2674} INFO - 0 downstream tasks scheduled from follow-on schedule check
