[2023-05-09T04:57:16.299+0000] {taskinstance.py:1125} INFO - Dependencies all met for dep_context=non-requeueable deps ti=<TaskInstance: veryfi_extract_total.extract_and_load scheduled__2023-05-08T06:50:00+00:00 [queued]>
[2023-05-09T04:57:16.321+0000] {taskinstance.py:1125} INFO - Dependencies all met for dep_context=requeueable deps ti=<TaskInstance: veryfi_extract_total.extract_and_load scheduled__2023-05-08T06:50:00+00:00 [queued]>
[2023-05-09T04:57:16.322+0000] {taskinstance.py:1331} INFO - Starting attempt 1 of 2
[2023-05-09T04:57:16.360+0000] {taskinstance.py:1350} INFO - Executing <Task(PythonOperator): extract_and_load> on 2023-05-08 06:50:00+00:00
[2023-05-09T04:57:16.371+0000] {standard_task_runner.py:57} INFO - Started process 1622 to run task
[2023-05-09T04:57:16.401+0000] {standard_task_runner.py:84} INFO - Running: ['***', 'tasks', 'run', 'veryfi_extract_total', 'extract_and_load', 'scheduled__2023-05-08T06:50:00+00:00', '--job-id', '433', '--raw', '--subdir', 'DAGS_FOLDER/ml_response_dag.py', '--cfg-path', '/tmp/tmpcsua_itk']
[2023-05-09T04:57:16.408+0000] {standard_task_runner.py:85} INFO - Job 433: Subtask extract_and_load
[2023-05-09T04:57:16.587+0000] {task_command.py:410} INFO - Running <TaskInstance: veryfi_extract_total.extract_and_load scheduled__2023-05-08T06:50:00+00:00 [running]> on host aa4b7d3de44b
[2023-05-09T04:57:16.952+0000] {taskinstance.py:1570} INFO - Exporting env vars: AIRFLOW_CTX_DAG_OWNER='***' AIRFLOW_CTX_DAG_ID='veryfi_extract_total' AIRFLOW_CTX_TASK_ID='extract_and_load' AIRFLOW_CTX_EXECUTION_DATE='2023-05-08T06:50:00+00:00' AIRFLOW_CTX_TRY_NUMBER='1' AIRFLOW_CTX_DAG_RUN_ID='scheduled__2023-05-08T06:50:00+00:00'
[2023-05-09T04:57:16.988+0000] {ml_response_dag.py:35} INFO - {}
[2023-05-09T04:57:16.990+0000] {ml_response_dag.py:36} INFO - 1
[2023-05-09T04:57:16.990+0000] {ml_response_dag.py:37} INFO - Inserted to db
[2023-05-09T04:57:16.993+0000] {ml_response_dag.py:35} INFO - {'value': '544', 'score': 0.22, 'ocr_score': 0.81, 'bounding_box': [0.22, 0.37, 0.38, 0.52]}
[2023-05-09T04:57:16.994+0000] {ml_response_dag.py:36} INFO - 1
[2023-05-09T04:57:16.994+0000] {ml_response_dag.py:37} INFO - Inserted to db
[2023-05-09T04:57:16.995+0000] {ml_response_dag.py:35} INFO - {}
[2023-05-09T04:57:16.996+0000] {ml_response_dag.py:36} INFO - 1
[2023-05-09T04:57:16.996+0000] {ml_response_dag.py:37} INFO - Inserted to db
[2023-05-09T04:57:16.997+0000] {ml_response_dag.py:35} INFO - {}
[2023-05-09T04:57:16.998+0000] {ml_response_dag.py:36} INFO - 1
[2023-05-09T04:57:17.004+0000] {ml_response_dag.py:37} INFO - Inserted to db
[2023-05-09T04:57:17.009+0000] {ml_response_dag.py:35} INFO - {}
[2023-05-09T04:57:17.012+0000] {ml_response_dag.py:36} INFO - 1
[2023-05-09T04:57:17.017+0000] {ml_response_dag.py:37} INFO - Inserted to db
[2023-05-09T04:57:17.026+0000] {ml_response_dag.py:35} INFO - {}
[2023-05-09T04:57:17.037+0000] {ml_response_dag.py:36} INFO - 1
[2023-05-09T04:57:17.038+0000] {ml_response_dag.py:37} INFO - Inserted to db
[2023-05-09T04:57:17.040+0000] {ml_response_dag.py:35} INFO - {'value': '660', 'score': 0.48, 'ocr_score': 0.32, 'bounding_box': [0.07, 0.82, 0.06, 0.37]}
[2023-05-09T04:57:17.041+0000] {ml_response_dag.py:36} INFO - 1
[2023-05-09T04:57:17.041+0000] {ml_response_dag.py:37} INFO - Inserted to db
[2023-05-09T04:57:17.042+0000] {ml_response_dag.py:35} INFO - {}
[2023-05-09T04:57:17.042+0000] {ml_response_dag.py:36} INFO - 1
[2023-05-09T04:57:17.043+0000] {ml_response_dag.py:37} INFO - Inserted to db
[2023-05-09T04:57:17.044+0000] {ml_response_dag.py:35} INFO - {'value': '801', 'score': 0.92, 'ocr_score': 0.28, 'bounding_box': [0.56, 0.9, 0.37, 0.79]}
[2023-05-09T04:57:17.045+0000] {ml_response_dag.py:36} INFO - 1
[2023-05-09T04:57:17.046+0000] {ml_response_dag.py:37} INFO - Inserted to db
[2023-05-09T04:57:17.047+0000] {ml_response_dag.py:35} INFO - {}
[2023-05-09T04:57:17.047+0000] {ml_response_dag.py:36} INFO - 2
[2023-05-09T04:57:17.047+0000] {ml_response_dag.py:37} INFO - Inserted to db
[2023-05-09T04:57:17.048+0000] {ml_response_dag.py:35} INFO - {}
[2023-05-09T04:57:17.049+0000] {ml_response_dag.py:36} INFO - 2
[2023-05-09T04:57:17.052+0000] {ml_response_dag.py:37} INFO - Inserted to db
[2023-05-09T04:57:17.053+0000] {ml_response_dag.py:35} INFO - {'value': '880', 'score': 0.06, 'ocr_score': 0.1, 'bounding_box': [0.76, 0.47, 0.16, 0.27]}
[2023-05-09T04:57:17.053+0000] {ml_response_dag.py:36} INFO - 2
[2023-05-09T04:57:17.054+0000] {ml_response_dag.py:37} INFO - Inserted to db
[2023-05-09T04:57:17.054+0000] {ml_response_dag.py:35} INFO - {'value': '380', 'score': 0.11, 'ocr_score': 0.36, 'bounding_box': [0.99, 0.15, 0.39, 0.03]}
[2023-05-09T04:57:17.056+0000] {ml_response_dag.py:36} INFO - 2
[2023-05-09T04:57:17.057+0000] {ml_response_dag.py:37} INFO - Inserted to db
[2023-05-09T04:57:17.058+0000] {ml_response_dag.py:35} INFO - {}
[2023-05-09T04:57:17.058+0000] {ml_response_dag.py:36} INFO - 2
[2023-05-09T04:57:17.058+0000] {ml_response_dag.py:37} INFO - Inserted to db
[2023-05-09T04:57:17.060+0000] {ml_response_dag.py:35} INFO - {'value': '770', 'score': 0.37, 'ocr_score': 0.84, 'bounding_box': [0.79, 0.15, 0.82, 0.6]}
[2023-05-09T04:57:17.060+0000] {ml_response_dag.py:36} INFO - 2
[2023-05-09T04:57:17.061+0000] {ml_response_dag.py:37} INFO - Inserted to db
[2023-05-09T04:57:17.062+0000] {ml_response_dag.py:35} INFO - {}
[2023-05-09T04:57:17.062+0000] {ml_response_dag.py:36} INFO - 2
[2023-05-09T04:57:17.062+0000] {ml_response_dag.py:37} INFO - Inserted to db
[2023-05-09T04:57:17.063+0000] {ml_response_dag.py:35} INFO - {}
[2023-05-09T04:57:17.064+0000] {ml_response_dag.py:36} INFO - 2
[2023-05-09T04:57:17.064+0000] {ml_response_dag.py:37} INFO - Inserted to db
[2023-05-09T04:57:17.075+0000] {ml_response_dag.py:35} INFO - {}
[2023-05-09T04:57:17.080+0000] {ml_response_dag.py:36} INFO - 2
[2023-05-09T04:57:17.083+0000] {ml_response_dag.py:37} INFO - Inserted to db
[2023-05-09T04:57:17.084+0000] {ml_response_dag.py:35} INFO - {}
[2023-05-09T04:57:17.084+0000] {ml_response_dag.py:36} INFO - 3
[2023-05-09T04:57:17.085+0000] {ml_response_dag.py:37} INFO - Inserted to db
[2023-05-09T04:57:17.087+0000] {ml_response_dag.py:35} INFO - {}
[2023-05-09T04:57:17.090+0000] {ml_response_dag.py:36} INFO - 4
[2023-05-09T04:57:17.092+0000] {ml_response_dag.py:37} INFO - Inserted to db
[2023-05-09T04:57:17.093+0000] {ml_response_dag.py:35} INFO - {}
[2023-05-09T04:57:17.093+0000] {ml_response_dag.py:36} INFO - 5
[2023-05-09T04:57:17.093+0000] {ml_response_dag.py:37} INFO - Inserted to db
[2023-05-09T04:57:17.095+0000] {ml_response_dag.py:35} INFO - {}
[2023-05-09T04:57:17.095+0000] {ml_response_dag.py:36} INFO - 5
[2023-05-09T04:57:17.095+0000] {ml_response_dag.py:37} INFO - Inserted to db
[2023-05-09T04:57:17.096+0000] {ml_response_dag.py:35} INFO - {'value': '418', 'score': 0.49, 'ocr_score': 0.15, 'bounding_box': [0.88, 0.92, 0.46, 0.3]}
[2023-05-09T04:57:17.097+0000] {ml_response_dag.py:36} INFO - 5
[2023-05-09T04:57:17.098+0000] {ml_response_dag.py:37} INFO - Inserted to db
[2023-05-09T04:57:17.098+0000] {ml_response_dag.py:35} INFO - {}
[2023-05-09T04:57:17.099+0000] {ml_response_dag.py:36} INFO - 5
[2023-05-09T04:57:17.099+0000] {ml_response_dag.py:37} INFO - Inserted to db
[2023-05-09T04:57:17.106+0000] {ml_response_dag.py:35} INFO - {}
[2023-05-09T04:57:17.108+0000] {ml_response_dag.py:36} INFO - 5
[2023-05-09T04:57:17.108+0000] {ml_response_dag.py:37} INFO - Inserted to db
[2023-05-09T04:57:17.109+0000] {ml_response_dag.py:35} INFO - {'value': '78', 'score': 0.03, 'ocr_score': 0.66, 'bounding_box': [0.31, 0.81, 0.43, 0.03]}
[2023-05-09T04:57:17.109+0000] {ml_response_dag.py:36} INFO - 5
[2023-05-09T04:57:17.109+0000] {ml_response_dag.py:37} INFO - Inserted to db
[2023-05-09T04:57:17.110+0000] {ml_response_dag.py:35} INFO - {}
[2023-05-09T04:57:17.111+0000] {ml_response_dag.py:36} INFO - 5
[2023-05-09T04:57:17.111+0000] {ml_response_dag.py:37} INFO - Inserted to db
[2023-05-09T04:57:17.114+0000] {ml_response_dag.py:35} INFO - {'value': '889', 'score': 0.72, 'ocr_score': 0.56, 'bounding_box': [0.38, 0.17, 0.28, 1.0]}
[2023-05-09T04:57:17.114+0000] {ml_response_dag.py:36} INFO - 5
[2023-05-09T04:57:17.115+0000] {ml_response_dag.py:37} INFO - Inserted to db
[2023-05-09T04:57:17.116+0000] {ml_response_dag.py:35} INFO - {'value': '292', 'score': 0.23, 'ocr_score': 0.39, 'bounding_box': [0.45, 0.93, 0.07, 0.2]}
[2023-05-09T04:57:17.116+0000] {ml_response_dag.py:36} INFO - 5
[2023-05-09T04:57:17.117+0000] {ml_response_dag.py:37} INFO - Inserted to db
[2023-05-09T04:57:17.117+0000] {ml_response_dag.py:35} INFO - {}
[2023-05-09T04:57:17.118+0000] {ml_response_dag.py:36} INFO - 6
[2023-05-09T04:57:17.118+0000] {ml_response_dag.py:37} INFO - Inserted to db
[2023-05-09T04:57:17.120+0000] {ml_response_dag.py:35} INFO - {'value': '542', 'score': 0.01, 'ocr_score': 0.03, 'bounding_box': [0.27, 0.53, 0.77, 0.97]}
[2023-05-09T04:57:17.121+0000] {ml_response_dag.py:36} INFO - 7
[2023-05-09T04:57:17.123+0000] {ml_response_dag.py:37} INFO - Inserted to db
[2023-05-09T04:57:17.127+0000] {ml_response_dag.py:35} INFO - {'value': '342', 'score': 0.56, 'ocr_score': 0.14, 'bounding_box': [0.77, 0.91, 0.18, 0.2]}
[2023-05-09T04:57:17.130+0000] {ml_response_dag.py:36} INFO - 7
[2023-05-09T04:57:17.130+0000] {ml_response_dag.py:37} INFO - Inserted to db
[2023-05-09T04:57:17.132+0000] {ml_response_dag.py:35} INFO - {'value': '967', 'score': 0.78, 'ocr_score': 0.39, 'bounding_box': [0.86, 0.38, 0.41, 0.36]}
[2023-05-09T04:57:17.133+0000] {ml_response_dag.py:36} INFO - 7
[2023-05-09T04:57:17.134+0000] {ml_response_dag.py:37} INFO - Inserted to db
[2023-05-09T04:57:17.135+0000] {ml_response_dag.py:35} INFO - {'value': '100', 'score': 0.68, 'ocr_score': 0.75, 'bounding_box': [0.32, 0.6, 0.97, 0.05]}
[2023-05-09T04:57:17.136+0000] {ml_response_dag.py:36} INFO - 7
[2023-05-09T04:57:17.136+0000] {ml_response_dag.py:37} INFO - Inserted to db
[2023-05-09T04:57:17.139+0000] {ml_response_dag.py:35} INFO - {}
[2023-05-09T04:57:17.140+0000] {ml_response_dag.py:36} INFO - 7
[2023-05-09T04:57:17.141+0000] {ml_response_dag.py:37} INFO - Inserted to db
[2023-05-09T04:57:17.142+0000] {ml_response_dag.py:35} INFO - {}
[2023-05-09T04:57:17.145+0000] {ml_response_dag.py:36} INFO - 7
[2023-05-09T04:57:17.146+0000] {ml_response_dag.py:37} INFO - Inserted to db
[2023-05-09T04:57:17.147+0000] {ml_response_dag.py:35} INFO - {'value': '858', 'score': 0.94, 'ocr_score': 0.64, 'bounding_box': [0.22, 0.37, 0.17, 0.07]}
[2023-05-09T04:57:17.147+0000] {ml_response_dag.py:36} INFO - 7
[2023-05-09T04:57:17.148+0000] {ml_response_dag.py:37} INFO - Inserted to db
[2023-05-09T04:57:17.149+0000] {ml_response_dag.py:35} INFO - {}
[2023-05-09T04:57:17.150+0000] {ml_response_dag.py:36} INFO - 7
[2023-05-09T04:57:17.150+0000] {ml_response_dag.py:37} INFO - Inserted to db
[2023-05-09T04:57:17.151+0000] {ml_response_dag.py:35} INFO - {'value': '633', 'score': 0.77, 'ocr_score': 0.17, 'bounding_box': [0.44, 0.56, 0.26, 0.15]}
[2023-05-09T04:57:17.151+0000] {ml_response_dag.py:36} INFO - 7
[2023-05-09T04:57:17.152+0000] {ml_response_dag.py:37} INFO - Inserted to db
[2023-05-09T04:57:17.153+0000] {ml_response_dag.py:35} INFO - {'value': '609', 'score': 0.47, 'ocr_score': 0.56, 'bounding_box': [0.3, 0.87, 0.78, 0.92]}
[2023-05-09T04:57:17.153+0000] {ml_response_dag.py:36} INFO - 8
[2023-05-09T04:57:17.155+0000] {ml_response_dag.py:37} INFO - Inserted to db
[2023-05-09T04:57:17.155+0000] {ml_response_dag.py:35} INFO - {'value': '331', 'score': 0.49, 'ocr_score': 0.99, 'bounding_box': [0.55, 0.36, 0.08, 0.43]}
[2023-05-09T04:57:17.156+0000] {ml_response_dag.py:36} INFO - 8
[2023-05-09T04:57:17.156+0000] {ml_response_dag.py:37} INFO - Inserted to db
[2023-05-09T04:57:17.157+0000] {ml_response_dag.py:35} INFO - {'value': '142', 'score': 0.0, 'ocr_score': 0.58, 'bounding_box': [0.17, 0.36, 0.83, 0.62]}
[2023-05-09T04:57:17.157+0000] {ml_response_dag.py:36} INFO - 8
[2023-05-09T04:57:17.158+0000] {ml_response_dag.py:37} INFO - Inserted to db
[2023-05-09T04:57:17.159+0000] {ml_response_dag.py:35} INFO - {}
[2023-05-09T04:57:17.159+0000] {ml_response_dag.py:36} INFO - 8
[2023-05-09T04:57:17.160+0000] {ml_response_dag.py:37} INFO - Inserted to db
[2023-05-09T04:57:17.160+0000] {ml_response_dag.py:35} INFO - {}
[2023-05-09T04:57:17.161+0000] {ml_response_dag.py:36} INFO - 8
[2023-05-09T04:57:17.161+0000] {ml_response_dag.py:37} INFO - Inserted to db
[2023-05-09T04:57:17.162+0000] {ml_response_dag.py:35} INFO - {}
[2023-05-09T04:57:17.162+0000] {ml_response_dag.py:36} INFO - 8
[2023-05-09T04:57:17.163+0000] {ml_response_dag.py:37} INFO - Inserted to db
[2023-05-09T04:57:17.164+0000] {ml_response_dag.py:35} INFO - {'value': '826', 'score': 0.74, 'ocr_score': 0.69, 'bounding_box': [0.98, 0.11, 0.14, 0.96]}
[2023-05-09T04:57:17.165+0000] {ml_response_dag.py:36} INFO - 8
[2023-05-09T04:57:17.165+0000] {ml_response_dag.py:37} INFO - Inserted to db
[2023-05-09T04:57:17.171+0000] {ml_response_dag.py:35} INFO - {}
[2023-05-09T04:57:17.172+0000] {ml_response_dag.py:36} INFO - 8
[2023-05-09T04:57:17.172+0000] {ml_response_dag.py:37} INFO - Inserted to db
[2023-05-09T04:57:17.174+0000] {ml_response_dag.py:35} INFO - {'value': '299', 'score': 0.85, 'ocr_score': 0.04, 'bounding_box': [0.14, 0.46, 0.06, 0.65]}
[2023-05-09T04:57:17.174+0000] {ml_response_dag.py:36} INFO - 8
[2023-05-09T04:57:17.174+0000] {ml_response_dag.py:37} INFO - Inserted to db
[2023-05-09T04:57:17.176+0000] {ml_response_dag.py:35} INFO - {'value': '362', 'score': 0.62, 'ocr_score': 0.51, 'bounding_box': [0.42, 0.48, 0.21, 0.45]}
[2023-05-09T04:57:17.183+0000] {ml_response_dag.py:36} INFO - 9
[2023-05-09T04:57:17.185+0000] {ml_response_dag.py:37} INFO - Inserted to db
[2023-05-09T04:57:17.189+0000] {ml_response_dag.py:35} INFO - {'value': '288', 'score': 0.77, 'ocr_score': 0.23, 'bounding_box': [0.16, 0.03, 0.68, 0.81]}
[2023-05-09T04:57:17.189+0000] {ml_response_dag.py:36} INFO - 9
[2023-05-09T04:57:17.189+0000] {ml_response_dag.py:37} INFO - Inserted to db
[2023-05-09T04:57:17.193+0000] {ml_response_dag.py:35} INFO - {'value': '803', 'score': 0.03, 'ocr_score': 0.42, 'bounding_box': [0.05, 0.5, 0.56, 0.95]}
[2023-05-09T04:57:17.193+0000] {ml_response_dag.py:36} INFO - 9
[2023-05-09T04:57:17.194+0000] {ml_response_dag.py:37} INFO - Inserted to db
[2023-05-09T04:57:17.195+0000] {ml_response_dag.py:35} INFO - {'value': '750', 'score': 0.85, 'ocr_score': 0.27, 'bounding_box': [0.71, 0.07, 0.54, 0.9]}
[2023-05-09T04:57:17.196+0000] {ml_response_dag.py:36} INFO - 9
[2023-05-09T04:57:17.196+0000] {ml_response_dag.py:37} INFO - Inserted to db
[2023-05-09T04:57:17.204+0000] {ml_response_dag.py:35} INFO - {'value': '148', 'score': 0.41, 'ocr_score': 0.97, 'bounding_box': [0.44, 0.51, 0.69, 0.67]}
[2023-05-09T04:57:17.205+0000] {ml_response_dag.py:36} INFO - 9
[2023-05-09T04:57:17.206+0000] {ml_response_dag.py:37} INFO - Inserted to db
[2023-05-09T04:57:17.206+0000] {ml_response_dag.py:35} INFO - {'value': '161', 'score': 0.49, 'ocr_score': 0.58, 'bounding_box': [0.51, 0.51, 0.55, 0.06]}
[2023-05-09T04:57:17.206+0000] {ml_response_dag.py:36} INFO - 9
[2023-05-09T04:57:17.207+0000] {ml_response_dag.py:37} INFO - Inserted to db
[2023-05-09T04:57:17.207+0000] {ml_response_dag.py:35} INFO - {}
[2023-05-09T04:57:17.208+0000] {ml_response_dag.py:36} INFO - 9
[2023-05-09T04:57:17.208+0000] {ml_response_dag.py:37} INFO - Inserted to db
[2023-05-09T04:57:17.212+0000] {ml_response_dag.py:35} INFO - {}
[2023-05-09T04:57:17.213+0000] {ml_response_dag.py:36} INFO - 9
[2023-05-09T04:57:17.215+0000] {ml_response_dag.py:37} INFO - Inserted to db
[2023-05-09T04:57:17.217+0000] {ml_response_dag.py:35} INFO - {}
[2023-05-09T04:57:17.218+0000] {ml_response_dag.py:36} INFO - 9
[2023-05-09T04:57:17.219+0000] {ml_response_dag.py:37} INFO - Inserted to db
[2023-05-09T04:57:17.223+0000] {ml_response_dag.py:35} INFO - {'value': '842', 'score': 0.47, 'ocr_score': 0.75, 'bounding_box': [0.16, 0.91, 0.32, 0.53]}
[2023-05-09T04:57:17.225+0000] {ml_response_dag.py:36} INFO - 10
[2023-05-09T04:57:17.226+0000] {ml_response_dag.py:37} INFO - Inserted to db
[2023-05-09T04:57:17.229+0000] {ml_response_dag.py:35} INFO - {}
[2023-05-09T04:57:17.231+0000] {ml_response_dag.py:36} INFO - 10
[2023-05-09T04:57:17.232+0000] {ml_response_dag.py:37} INFO - Inserted to db
[2023-05-09T04:57:17.233+0000] {ml_response_dag.py:35} INFO - {}
[2023-05-09T04:57:17.233+0000] {ml_response_dag.py:36} INFO - 10
[2023-05-09T04:57:17.234+0000] {ml_response_dag.py:37} INFO - Inserted to db
[2023-05-09T04:57:17.235+0000] {ml_response_dag.py:35} INFO - {'value': '458', 'score': 0.81, 'ocr_score': 0.31, 'bounding_box': [0.69, 0.54, 0.48, 0.39]}
[2023-05-09T04:57:17.236+0000] {ml_response_dag.py:36} INFO - 10
[2023-05-09T04:57:17.240+0000] {ml_response_dag.py:37} INFO - Inserted to db
[2023-05-09T04:57:17.243+0000] {ml_response_dag.py:35} INFO - {'value': '776', 'score': 0.77, 'ocr_score': 0.34, 'bounding_box': [0.76, 0.85, 0.56, 0.82]}
[2023-05-09T04:57:17.243+0000] {ml_response_dag.py:36} INFO - 10
[2023-05-09T04:57:17.244+0000] {ml_response_dag.py:37} INFO - Inserted to db
[2023-05-09T04:57:17.245+0000] {ml_response_dag.py:35} INFO - {}
[2023-05-09T04:57:17.245+0000] {ml_response_dag.py:36} INFO - 10
[2023-05-09T04:57:17.246+0000] {ml_response_dag.py:37} INFO - Inserted to db
[2023-05-09T04:57:17.247+0000] {ml_response_dag.py:35} INFO - {'value': '51', 'score': 0.76, 'ocr_score': 0.29, 'bounding_box': [0.79, 0.88, 0.43, 0.21]}
[2023-05-09T04:57:17.252+0000] {ml_response_dag.py:36} INFO - 10
[2023-05-09T04:57:17.256+0000] {ml_response_dag.py:37} INFO - Inserted to db
[2023-05-09T04:57:17.261+0000] {ml_response_dag.py:35} INFO - {'value': '843', 'score': 0.05, 'ocr_score': 0.96, 'bounding_box': [0.84, 0.04, 0.6, 0.52]}
[2023-05-09T04:57:17.263+0000] {ml_response_dag.py:36} INFO - 10
[2023-05-09T04:57:17.263+0000] {ml_response_dag.py:37} INFO - Inserted to db
[2023-05-09T04:57:17.264+0000] {ml_response_dag.py:35} INFO - {'value': '517', 'score': 0.75, 'ocr_score': 0.74, 'bounding_box': [0.65, 0.92, 0.1, 0.59]}
[2023-05-09T04:57:17.265+0000] {ml_response_dag.py:36} INFO - 10
[2023-05-09T04:57:17.266+0000] {ml_response_dag.py:37} INFO - Inserted to db
[2023-05-09T04:57:17.267+0000] {ml_response_dag.py:35} INFO - {}
[2023-05-09T04:57:17.268+0000] {ml_response_dag.py:36} INFO - 11
[2023-05-09T04:57:17.268+0000] {ml_response_dag.py:37} INFO - Inserted to db
[2023-05-09T04:57:17.271+0000] {ml_response_dag.py:35} INFO - {}
[2023-05-09T04:57:17.271+0000] {ml_response_dag.py:36} INFO - 11
[2023-05-09T04:57:17.272+0000] {ml_response_dag.py:37} INFO - Inserted to db
[2023-05-09T04:57:17.273+0000] {ml_response_dag.py:35} INFO - {'value': '288', 'score': 0.6, 'ocr_score': 0.29, 'bounding_box': [0.96, 0.39, 0.81, 0.96]}
[2023-05-09T04:57:17.273+0000] {ml_response_dag.py:36} INFO - 11
[2023-05-09T04:57:17.274+0000] {ml_response_dag.py:37} INFO - Inserted to db
[2023-05-09T04:57:17.286+0000] {ml_response_dag.py:35} INFO - {'value': '878', 'score': 0.44, 'ocr_score': 0.56, 'bounding_box': [0.46, 0.03, 0.06, 0.3]}
[2023-05-09T04:57:17.289+0000] {ml_response_dag.py:36} INFO - 11
[2023-05-09T04:57:17.289+0000] {ml_response_dag.py:37} INFO - Inserted to db
[2023-05-09T04:57:17.291+0000] {ml_response_dag.py:35} INFO - {}
[2023-05-09T04:57:17.294+0000] {ml_response_dag.py:36} INFO - 11
[2023-05-09T04:57:17.295+0000] {ml_response_dag.py:37} INFO - Inserted to db
[2023-05-09T04:57:17.302+0000] {ml_response_dag.py:35} INFO - {}
[2023-05-09T04:57:17.304+0000] {ml_response_dag.py:36} INFO - 11
[2023-05-09T04:57:17.305+0000] {ml_response_dag.py:37} INFO - Inserted to db
[2023-05-09T04:57:17.311+0000] {ml_response_dag.py:35} INFO - {}
[2023-05-09T04:57:17.316+0000] {ml_response_dag.py:36} INFO - 11
[2023-05-09T04:57:17.317+0000] {ml_response_dag.py:37} INFO - Inserted to db
[2023-05-09T04:57:17.317+0000] {ml_response_dag.py:35} INFO - {'value': '650', 'score': 0.79, 'ocr_score': 0.64, 'bounding_box': [0.13, 0.78, 0.29, 0.37]}
[2023-05-09T04:57:17.320+0000] {ml_response_dag.py:36} INFO - 11
[2023-05-09T04:57:17.320+0000] {ml_response_dag.py:37} INFO - Inserted to db
[2023-05-09T04:57:17.322+0000] {ml_response_dag.py:35} INFO - {}
[2023-05-09T04:57:17.323+0000] {ml_response_dag.py:36} INFO - 11
[2023-05-09T04:57:17.323+0000] {ml_response_dag.py:37} INFO - Inserted to db
[2023-05-09T04:57:17.325+0000] {ml_response_dag.py:35} INFO - {'value': '643', 'score': 0.23, 'ocr_score': 0.72, 'bounding_box': [0.01, 0.39, 0.58, 0.53]}
[2023-05-09T04:57:17.329+0000] {ml_response_dag.py:36} INFO - 12
[2023-05-09T04:57:17.341+0000] {ml_response_dag.py:37} INFO - Inserted to db
[2023-05-09T04:57:17.360+0000] {ml_response_dag.py:35} INFO - {}
[2023-05-09T04:57:17.362+0000] {ml_response_dag.py:36} INFO - 13
[2023-05-09T04:57:17.362+0000] {ml_response_dag.py:37} INFO - Inserted to db
[2023-05-09T04:57:17.366+0000] {ml_response_dag.py:35} INFO - {}
[2023-05-09T04:57:17.366+0000] {ml_response_dag.py:36} INFO - 14
[2023-05-09T04:57:17.368+0000] {ml_response_dag.py:37} INFO - Inserted to db
[2023-05-09T04:57:17.372+0000] {ml_response_dag.py:35} INFO - {'value': '141', 'score': 0.27, 'ocr_score': 0.93, 'bounding_box': [0.24, 0.73, 0.11, 0.89]}
[2023-05-09T04:57:17.372+0000] {ml_response_dag.py:36} INFO - 15
[2023-05-09T04:57:17.373+0000] {ml_response_dag.py:37} INFO - Inserted to db
[2023-05-09T04:57:17.374+0000] {ml_response_dag.py:35} INFO - {'value': '59', 'score': 0.45, 'ocr_score': 0.57, 'bounding_box': [0.45, 0.64, 0.68, 0.17]}
[2023-05-09T04:57:17.377+0000] {ml_response_dag.py:36} INFO - 15
[2023-05-09T04:57:17.378+0000] {ml_response_dag.py:37} INFO - Inserted to db
[2023-05-09T04:57:17.379+0000] {ml_response_dag.py:35} INFO - {'value': '333', 'score': 0.34, 'ocr_score': 0.85, 'bounding_box': [0.81, 0.57, 0.99, 0.77]}
[2023-05-09T04:57:17.381+0000] {ml_response_dag.py:36} INFO - 15
[2023-05-09T04:57:17.382+0000] {ml_response_dag.py:37} INFO - Inserted to db
[2023-05-09T04:57:17.383+0000] {ml_response_dag.py:35} INFO - {'value': '257', 'score': 0.11, 'ocr_score': 0.43, 'bounding_box': [0.37, 0.55, 0.53, 0.66]}
[2023-05-09T04:57:17.384+0000] {ml_response_dag.py:36} INFO - 15
[2023-05-09T04:57:17.384+0000] {ml_response_dag.py:37} INFO - Inserted to db
[2023-05-09T04:57:17.385+0000] {ml_response_dag.py:35} INFO - {'value': '190', 'score': 0.21, 'ocr_score': 0.83, 'bounding_box': [0.88, 0.83, 0.57, 0.11]}
[2023-05-09T04:57:17.386+0000] {ml_response_dag.py:36} INFO - 15
[2023-05-09T04:57:17.386+0000] {ml_response_dag.py:37} INFO - Inserted to db
[2023-05-09T04:57:17.387+0000] {ml_response_dag.py:35} INFO - {}
[2023-05-09T04:57:17.388+0000] {ml_response_dag.py:36} INFO - 15
[2023-05-09T04:57:17.389+0000] {ml_response_dag.py:37} INFO - Inserted to db
[2023-05-09T04:57:17.390+0000] {ml_response_dag.py:35} INFO - {}
[2023-05-09T04:57:17.391+0000] {ml_response_dag.py:36} INFO - 15
[2023-05-09T04:57:17.391+0000] {ml_response_dag.py:37} INFO - Inserted to db
[2023-05-09T04:57:17.393+0000] {ml_response_dag.py:35} INFO - {}
[2023-05-09T04:57:17.394+0000] {ml_response_dag.py:36} INFO - 15
[2023-05-09T04:57:17.395+0000] {ml_response_dag.py:37} INFO - Inserted to db
[2023-05-09T04:57:17.401+0000] {ml_response_dag.py:35} INFO - {'value': '475', 'score': 0.57, 'ocr_score': 0.49, 'bounding_box': [0.4, 0.3, 0.99, 0.32]}
[2023-05-09T04:57:17.403+0000] {ml_response_dag.py:36} INFO - 15
[2023-05-09T04:57:17.404+0000] {ml_response_dag.py:37} INFO - Inserted to db
[2023-05-09T04:57:17.407+0000] {ml_response_dag.py:35} INFO - {'value': '745', 'score': 0.84, 'ocr_score': 0.82, 'bounding_box': [0.84, 0.57, 0.94, 0.44]}
[2023-05-09T04:57:17.409+0000] {ml_response_dag.py:36} INFO - 16
[2023-05-09T04:57:17.412+0000] {ml_response_dag.py:37} INFO - Inserted to db
[2023-05-09T04:57:17.424+0000] {python.py:183} INFO - Done. Returned value was: None
[2023-05-09T04:57:17.613+0000] {taskinstance.py:1373} INFO - Marking task as SUCCESS. dag_id=veryfi_extract_total, task_id=extract_and_load, execution_date=20230508T065000, start_date=20230509T045716, end_date=20230509T045717
[2023-05-09T04:57:18.047+0000] {local_task_job_runner.py:232} INFO - Task exited with return code 0
[2023-05-09T04:57:18.234+0000] {taskinstance.py:2674} INFO - 0 downstream tasks scheduled from follow-on schedule check
