[2023-05-09T04:57:34.781+0000] {taskinstance.py:1125} INFO - Dependencies all met for dep_context=non-requeueable deps ti=<TaskInstance: veryfi_extract_total.extract_and_load scheduled__2023-05-08T10:20:00+00:00 [queued]>
[2023-05-09T04:57:34.801+0000] {taskinstance.py:1125} INFO - Dependencies all met for dep_context=requeueable deps ti=<TaskInstance: veryfi_extract_total.extract_and_load scheduled__2023-05-08T10:20:00+00:00 [queued]>
[2023-05-09T04:57:34.802+0000] {taskinstance.py:1331} INFO - Starting attempt 1 of 2
[2023-05-09T04:57:34.841+0000] {taskinstance.py:1350} INFO - Executing <Task(PythonOperator): extract_and_load> on 2023-05-08 10:20:00+00:00
[2023-05-09T04:57:34.850+0000] {standard_task_runner.py:57} INFO - Started process 1665 to run task
[2023-05-09T04:57:34.876+0000] {standard_task_runner.py:84} INFO - Running: ['***', 'tasks', 'run', 'veryfi_extract_total', 'extract_and_load', 'scheduled__2023-05-08T10:20:00+00:00', '--job-id', '454', '--raw', '--subdir', 'DAGS_FOLDER/ml_response_dag.py', '--cfg-path', '/tmp/tmp27ukethg']
[2023-05-09T04:57:34.888+0000] {standard_task_runner.py:85} INFO - Job 454: Subtask extract_and_load
[2023-05-09T04:57:35.172+0000] {task_command.py:410} INFO - Running <TaskInstance: veryfi_extract_total.extract_and_load scheduled__2023-05-08T10:20:00+00:00 [running]> on host aa4b7d3de44b
[2023-05-09T04:57:35.787+0000] {taskinstance.py:1570} INFO - Exporting env vars: AIRFLOW_CTX_DAG_OWNER='***' AIRFLOW_CTX_DAG_ID='veryfi_extract_total' AIRFLOW_CTX_TASK_ID='extract_and_load' AIRFLOW_CTX_EXECUTION_DATE='2023-05-08T10:20:00+00:00' AIRFLOW_CTX_TRY_NUMBER='1' AIRFLOW_CTX_DAG_RUN_ID='scheduled__2023-05-08T10:20:00+00:00'
[2023-05-09T04:57:35.870+0000] {ml_response_dag.py:35} INFO - {}
[2023-05-09T04:57:35.871+0000] {ml_response_dag.py:36} INFO - 1
[2023-05-09T04:57:35.871+0000] {ml_response_dag.py:37} INFO - Inserted to db
[2023-05-09T04:57:35.873+0000] {ml_response_dag.py:35} INFO - {'value': '544', 'score': 0.22, 'ocr_score': 0.81, 'bounding_box': [0.22, 0.37, 0.38, 0.52]}
[2023-05-09T04:57:35.874+0000] {ml_response_dag.py:36} INFO - 1
[2023-05-09T04:57:35.875+0000] {ml_response_dag.py:37} INFO - Inserted to db
[2023-05-09T04:57:35.876+0000] {ml_response_dag.py:35} INFO - {}
[2023-05-09T04:57:35.876+0000] {ml_response_dag.py:36} INFO - 1
[2023-05-09T04:57:35.881+0000] {ml_response_dag.py:37} INFO - Inserted to db
[2023-05-09T04:57:35.882+0000] {ml_response_dag.py:35} INFO - {}
[2023-05-09T04:57:35.882+0000] {ml_response_dag.py:36} INFO - 1
[2023-05-09T04:57:35.883+0000] {ml_response_dag.py:37} INFO - Inserted to db
[2023-05-09T04:57:35.883+0000] {ml_response_dag.py:35} INFO - {}
[2023-05-09T04:57:35.884+0000] {ml_response_dag.py:36} INFO - 1
[2023-05-09T04:57:35.885+0000] {ml_response_dag.py:37} INFO - Inserted to db
[2023-05-09T04:57:35.886+0000] {ml_response_dag.py:35} INFO - {}
[2023-05-09T04:57:35.887+0000] {ml_response_dag.py:36} INFO - 1
[2023-05-09T04:57:35.887+0000] {ml_response_dag.py:37} INFO - Inserted to db
[2023-05-09T04:57:35.889+0000] {ml_response_dag.py:35} INFO - {'value': '660', 'score': 0.48, 'ocr_score': 0.32, 'bounding_box': [0.07, 0.82, 0.06, 0.37]}
[2023-05-09T04:57:35.889+0000] {ml_response_dag.py:36} INFO - 1
[2023-05-09T04:57:35.890+0000] {ml_response_dag.py:37} INFO - Inserted to db
[2023-05-09T04:57:35.891+0000] {ml_response_dag.py:35} INFO - {}
[2023-05-09T04:57:35.891+0000] {ml_response_dag.py:36} INFO - 1
[2023-05-09T04:57:35.891+0000] {ml_response_dag.py:37} INFO - Inserted to db
[2023-05-09T04:57:35.896+0000] {ml_response_dag.py:35} INFO - {'value': '801', 'score': 0.92, 'ocr_score': 0.28, 'bounding_box': [0.56, 0.9, 0.37, 0.79]}
[2023-05-09T04:57:35.901+0000] {ml_response_dag.py:36} INFO - 1
[2023-05-09T04:57:35.903+0000] {ml_response_dag.py:37} INFO - Inserted to db
[2023-05-09T04:57:35.910+0000] {ml_response_dag.py:35} INFO - {}
[2023-05-09T04:57:35.912+0000] {ml_response_dag.py:36} INFO - 2
[2023-05-09T04:57:35.914+0000] {ml_response_dag.py:37} INFO - Inserted to db
[2023-05-09T04:57:35.918+0000] {ml_response_dag.py:35} INFO - {}
[2023-05-09T04:57:35.925+0000] {ml_response_dag.py:36} INFO - 2
[2023-05-09T04:57:35.935+0000] {ml_response_dag.py:37} INFO - Inserted to db
[2023-05-09T04:57:35.938+0000] {ml_response_dag.py:35} INFO - {'value': '880', 'score': 0.06, 'ocr_score': 0.1, 'bounding_box': [0.76, 0.47, 0.16, 0.27]}
[2023-05-09T04:57:35.939+0000] {ml_response_dag.py:36} INFO - 2
[2023-05-09T04:57:35.941+0000] {ml_response_dag.py:37} INFO - Inserted to db
[2023-05-09T04:57:35.951+0000] {ml_response_dag.py:35} INFO - {'value': '380', 'score': 0.11, 'ocr_score': 0.36, 'bounding_box': [0.99, 0.15, 0.39, 0.03]}
[2023-05-09T04:57:35.958+0000] {ml_response_dag.py:36} INFO - 2
[2023-05-09T04:57:35.960+0000] {ml_response_dag.py:37} INFO - Inserted to db
[2023-05-09T04:57:35.965+0000] {ml_response_dag.py:35} INFO - {}
[2023-05-09T04:57:35.968+0000] {ml_response_dag.py:36} INFO - 2
[2023-05-09T04:57:35.969+0000] {ml_response_dag.py:37} INFO - Inserted to db
[2023-05-09T04:57:35.970+0000] {ml_response_dag.py:35} INFO - {'value': '770', 'score': 0.37, 'ocr_score': 0.84, 'bounding_box': [0.79, 0.15, 0.82, 0.6]}
[2023-05-09T04:57:35.971+0000] {ml_response_dag.py:36} INFO - 2
[2023-05-09T04:57:35.972+0000] {ml_response_dag.py:37} INFO - Inserted to db
[2023-05-09T04:57:35.973+0000] {ml_response_dag.py:35} INFO - {}
[2023-05-09T04:57:35.976+0000] {ml_response_dag.py:36} INFO - 2
[2023-05-09T04:57:35.976+0000] {ml_response_dag.py:37} INFO - Inserted to db
[2023-05-09T04:57:35.977+0000] {ml_response_dag.py:35} INFO - {}
[2023-05-09T04:57:35.978+0000] {ml_response_dag.py:36} INFO - 2
[2023-05-09T04:57:35.978+0000] {ml_response_dag.py:37} INFO - Inserted to db
[2023-05-09T04:57:35.983+0000] {ml_response_dag.py:35} INFO - {}
[2023-05-09T04:57:35.984+0000] {ml_response_dag.py:36} INFO - 2
[2023-05-09T04:57:35.984+0000] {ml_response_dag.py:37} INFO - Inserted to db
[2023-05-09T04:57:35.985+0000] {ml_response_dag.py:35} INFO - {}
[2023-05-09T04:57:35.986+0000] {ml_response_dag.py:36} INFO - 3
[2023-05-09T04:57:35.986+0000] {ml_response_dag.py:37} INFO - Inserted to db
[2023-05-09T04:57:35.987+0000] {ml_response_dag.py:35} INFO - {}
[2023-05-09T04:57:35.987+0000] {ml_response_dag.py:36} INFO - 4
[2023-05-09T04:57:35.987+0000] {ml_response_dag.py:37} INFO - Inserted to db
[2023-05-09T04:57:35.988+0000] {ml_response_dag.py:35} INFO - {}
[2023-05-09T04:57:35.989+0000] {ml_response_dag.py:36} INFO - 5
[2023-05-09T04:57:35.989+0000] {ml_response_dag.py:37} INFO - Inserted to db
[2023-05-09T04:57:35.990+0000] {ml_response_dag.py:35} INFO - {}
[2023-05-09T04:57:35.990+0000] {ml_response_dag.py:36} INFO - 5
[2023-05-09T04:57:35.993+0000] {ml_response_dag.py:37} INFO - Inserted to db
[2023-05-09T04:57:35.993+0000] {ml_response_dag.py:35} INFO - {'value': '418', 'score': 0.49, 'ocr_score': 0.15, 'bounding_box': [0.88, 0.92, 0.46, 0.3]}
[2023-05-09T04:57:35.994+0000] {ml_response_dag.py:36} INFO - 5
[2023-05-09T04:57:35.994+0000] {ml_response_dag.py:37} INFO - Inserted to db
[2023-05-09T04:57:35.996+0000] {ml_response_dag.py:35} INFO - {}
[2023-05-09T04:57:35.996+0000] {ml_response_dag.py:36} INFO - 5
[2023-05-09T04:57:35.996+0000] {ml_response_dag.py:37} INFO - Inserted to db
[2023-05-09T04:57:35.997+0000] {ml_response_dag.py:35} INFO - {}
[2023-05-09T04:57:35.997+0000] {ml_response_dag.py:36} INFO - 5
[2023-05-09T04:57:35.998+0000] {ml_response_dag.py:37} INFO - Inserted to db
[2023-05-09T04:57:35.998+0000] {ml_response_dag.py:35} INFO - {'value': '78', 'score': 0.03, 'ocr_score': 0.66, 'bounding_box': [0.31, 0.81, 0.43, 0.03]}
[2023-05-09T04:57:35.999+0000] {ml_response_dag.py:36} INFO - 5
[2023-05-09T04:57:35.999+0000] {ml_response_dag.py:37} INFO - Inserted to db
[2023-05-09T04:57:36.004+0000] {ml_response_dag.py:35} INFO - {}
[2023-05-09T04:57:36.004+0000] {ml_response_dag.py:36} INFO - 5
[2023-05-09T04:57:36.005+0000] {ml_response_dag.py:37} INFO - Inserted to db
[2023-05-09T04:57:36.005+0000] {ml_response_dag.py:35} INFO - {'value': '889', 'score': 0.72, 'ocr_score': 0.56, 'bounding_box': [0.38, 0.17, 0.28, 1.0]}
[2023-05-09T04:57:36.006+0000] {ml_response_dag.py:36} INFO - 5
[2023-05-09T04:57:36.006+0000] {ml_response_dag.py:37} INFO - Inserted to db
[2023-05-09T04:57:36.009+0000] {ml_response_dag.py:35} INFO - {'value': '292', 'score': 0.23, 'ocr_score': 0.39, 'bounding_box': [0.45, 0.93, 0.07, 0.2]}
[2023-05-09T04:57:36.009+0000] {ml_response_dag.py:36} INFO - 5
[2023-05-09T04:57:36.010+0000] {ml_response_dag.py:37} INFO - Inserted to db
[2023-05-09T04:57:36.011+0000] {ml_response_dag.py:35} INFO - {}
[2023-05-09T04:57:36.013+0000] {ml_response_dag.py:36} INFO - 6
[2023-05-09T04:57:36.015+0000] {ml_response_dag.py:37} INFO - Inserted to db
[2023-05-09T04:57:36.017+0000] {ml_response_dag.py:35} INFO - {'value': '542', 'score': 0.01, 'ocr_score': 0.03, 'bounding_box': [0.27, 0.53, 0.77, 0.97]}
[2023-05-09T04:57:36.019+0000] {ml_response_dag.py:36} INFO - 7
[2023-05-09T04:57:36.019+0000] {ml_response_dag.py:37} INFO - Inserted to db
[2023-05-09T04:57:36.020+0000] {ml_response_dag.py:35} INFO - {'value': '342', 'score': 0.56, 'ocr_score': 0.14, 'bounding_box': [0.77, 0.91, 0.18, 0.2]}
[2023-05-09T04:57:36.021+0000] {ml_response_dag.py:36} INFO - 7
[2023-05-09T04:57:36.025+0000] {ml_response_dag.py:37} INFO - Inserted to db
[2023-05-09T04:57:36.027+0000] {ml_response_dag.py:35} INFO - {'value': '967', 'score': 0.78, 'ocr_score': 0.39, 'bounding_box': [0.86, 0.38, 0.41, 0.36]}
[2023-05-09T04:57:36.028+0000] {ml_response_dag.py:36} INFO - 7
[2023-05-09T04:57:36.029+0000] {ml_response_dag.py:37} INFO - Inserted to db
[2023-05-09T04:57:36.030+0000] {ml_response_dag.py:35} INFO - {'value': '100', 'score': 0.68, 'ocr_score': 0.75, 'bounding_box': [0.32, 0.6, 0.97, 0.05]}
[2023-05-09T04:57:36.030+0000] {ml_response_dag.py:36} INFO - 7
[2023-05-09T04:57:36.031+0000] {ml_response_dag.py:37} INFO - Inserted to db
[2023-05-09T04:57:36.045+0000] {ml_response_dag.py:35} INFO - {}
[2023-05-09T04:57:36.046+0000] {ml_response_dag.py:36} INFO - 7
[2023-05-09T04:57:36.047+0000] {ml_response_dag.py:37} INFO - Inserted to db
[2023-05-09T04:57:36.049+0000] {ml_response_dag.py:35} INFO - {}
[2023-05-09T04:57:36.050+0000] {ml_response_dag.py:36} INFO - 7
[2023-05-09T04:57:36.051+0000] {ml_response_dag.py:37} INFO - Inserted to db
[2023-05-09T04:57:36.058+0000] {ml_response_dag.py:35} INFO - {'value': '858', 'score': 0.94, 'ocr_score': 0.64, 'bounding_box': [0.22, 0.37, 0.17, 0.07]}
[2023-05-09T04:57:36.062+0000] {ml_response_dag.py:36} INFO - 7
[2023-05-09T04:57:36.062+0000] {ml_response_dag.py:37} INFO - Inserted to db
[2023-05-09T04:57:36.063+0000] {ml_response_dag.py:35} INFO - {}
[2023-05-09T04:57:36.064+0000] {ml_response_dag.py:36} INFO - 7
[2023-05-09T04:57:36.064+0000] {ml_response_dag.py:37} INFO - Inserted to db
[2023-05-09T04:57:36.065+0000] {ml_response_dag.py:35} INFO - {'value': '633', 'score': 0.77, 'ocr_score': 0.17, 'bounding_box': [0.44, 0.56, 0.26, 0.15]}
[2023-05-09T04:57:36.065+0000] {ml_response_dag.py:36} INFO - 7
[2023-05-09T04:57:36.066+0000] {ml_response_dag.py:37} INFO - Inserted to db
[2023-05-09T04:57:36.067+0000] {ml_response_dag.py:35} INFO - {'value': '609', 'score': 0.47, 'ocr_score': 0.56, 'bounding_box': [0.3, 0.87, 0.78, 0.92]}
[2023-05-09T04:57:36.067+0000] {ml_response_dag.py:36} INFO - 8
[2023-05-09T04:57:36.067+0000] {ml_response_dag.py:37} INFO - Inserted to db
[2023-05-09T04:57:36.068+0000] {ml_response_dag.py:35} INFO - {'value': '331', 'score': 0.49, 'ocr_score': 0.99, 'bounding_box': [0.55, 0.36, 0.08, 0.43]}
[2023-05-09T04:57:36.068+0000] {ml_response_dag.py:36} INFO - 8
[2023-05-09T04:57:36.069+0000] {ml_response_dag.py:37} INFO - Inserted to db
[2023-05-09T04:57:36.070+0000] {ml_response_dag.py:35} INFO - {'value': '142', 'score': 0.0, 'ocr_score': 0.58, 'bounding_box': [0.17, 0.36, 0.83, 0.62]}
[2023-05-09T04:57:36.071+0000] {ml_response_dag.py:36} INFO - 8
[2023-05-09T04:57:36.072+0000] {ml_response_dag.py:37} INFO - Inserted to db
[2023-05-09T04:57:36.073+0000] {ml_response_dag.py:35} INFO - {}
[2023-05-09T04:57:36.073+0000] {ml_response_dag.py:36} INFO - 8
[2023-05-09T04:57:36.074+0000] {ml_response_dag.py:37} INFO - Inserted to db
[2023-05-09T04:57:36.075+0000] {ml_response_dag.py:35} INFO - {}
[2023-05-09T04:57:36.076+0000] {ml_response_dag.py:36} INFO - 8
[2023-05-09T04:57:36.077+0000] {ml_response_dag.py:37} INFO - Inserted to db
[2023-05-09T04:57:36.078+0000] {ml_response_dag.py:35} INFO - {}
[2023-05-09T04:57:36.082+0000] {ml_response_dag.py:36} INFO - 8
[2023-05-09T04:57:36.085+0000] {ml_response_dag.py:37} INFO - Inserted to db
[2023-05-09T04:57:36.088+0000] {ml_response_dag.py:35} INFO - {'value': '826', 'score': 0.74, 'ocr_score': 0.69, 'bounding_box': [0.98, 0.11, 0.14, 0.96]}
[2023-05-09T04:57:36.088+0000] {ml_response_dag.py:36} INFO - 8
[2023-05-09T04:57:36.089+0000] {ml_response_dag.py:37} INFO - Inserted to db
[2023-05-09T04:57:36.089+0000] {ml_response_dag.py:35} INFO - {}
[2023-05-09T04:57:36.090+0000] {ml_response_dag.py:36} INFO - 8
[2023-05-09T04:57:36.090+0000] {ml_response_dag.py:37} INFO - Inserted to db
[2023-05-09T04:57:36.091+0000] {ml_response_dag.py:35} INFO - {'value': '299', 'score': 0.85, 'ocr_score': 0.04, 'bounding_box': [0.14, 0.46, 0.06, 0.65]}
[2023-05-09T04:57:36.091+0000] {ml_response_dag.py:36} INFO - 8
[2023-05-09T04:57:36.091+0000] {ml_response_dag.py:37} INFO - Inserted to db
[2023-05-09T04:57:36.093+0000] {ml_response_dag.py:35} INFO - {'value': '362', 'score': 0.62, 'ocr_score': 0.51, 'bounding_box': [0.42, 0.48, 0.21, 0.45]}
[2023-05-09T04:57:36.094+0000] {ml_response_dag.py:36} INFO - 9
[2023-05-09T04:57:36.096+0000] {ml_response_dag.py:37} INFO - Inserted to db
[2023-05-09T04:57:36.098+0000] {ml_response_dag.py:35} INFO - {'value': '288', 'score': 0.77, 'ocr_score': 0.23, 'bounding_box': [0.16, 0.03, 0.68, 0.81]}
[2023-05-09T04:57:36.098+0000] {ml_response_dag.py:36} INFO - 9
[2023-05-09T04:57:36.099+0000] {ml_response_dag.py:37} INFO - Inserted to db
[2023-05-09T04:57:36.099+0000] {ml_response_dag.py:35} INFO - {'value': '803', 'score': 0.03, 'ocr_score': 0.42, 'bounding_box': [0.05, 0.5, 0.56, 0.95]}
[2023-05-09T04:57:36.100+0000] {ml_response_dag.py:36} INFO - 9
[2023-05-09T04:57:36.101+0000] {ml_response_dag.py:37} INFO - Inserted to db
[2023-05-09T04:57:36.102+0000] {ml_response_dag.py:35} INFO - {'value': '750', 'score': 0.85, 'ocr_score': 0.27, 'bounding_box': [0.71, 0.07, 0.54, 0.9]}
[2023-05-09T04:57:36.103+0000] {ml_response_dag.py:36} INFO - 9
[2023-05-09T04:57:36.104+0000] {ml_response_dag.py:37} INFO - Inserted to db
[2023-05-09T04:57:36.105+0000] {ml_response_dag.py:35} INFO - {'value': '148', 'score': 0.41, 'ocr_score': 0.97, 'bounding_box': [0.44, 0.51, 0.69, 0.67]}
[2023-05-09T04:57:36.107+0000] {ml_response_dag.py:36} INFO - 9
[2023-05-09T04:57:36.109+0000] {ml_response_dag.py:37} INFO - Inserted to db
[2023-05-09T04:57:36.113+0000] {ml_response_dag.py:35} INFO - {'value': '161', 'score': 0.49, 'ocr_score': 0.58, 'bounding_box': [0.51, 0.51, 0.55, 0.06]}
[2023-05-09T04:57:36.119+0000] {ml_response_dag.py:36} INFO - 9
[2023-05-09T04:57:36.124+0000] {ml_response_dag.py:37} INFO - Inserted to db
[2023-05-09T04:57:36.132+0000] {ml_response_dag.py:35} INFO - {}
[2023-05-09T04:57:36.134+0000] {ml_response_dag.py:36} INFO - 9
[2023-05-09T04:57:36.135+0000] {ml_response_dag.py:37} INFO - Inserted to db
[2023-05-09T04:57:36.136+0000] {ml_response_dag.py:35} INFO - {}
[2023-05-09T04:57:36.137+0000] {ml_response_dag.py:36} INFO - 9
[2023-05-09T04:57:36.138+0000] {ml_response_dag.py:37} INFO - Inserted to db
[2023-05-09T04:57:36.141+0000] {ml_response_dag.py:35} INFO - {}
[2023-05-09T04:57:36.148+0000] {ml_response_dag.py:36} INFO - 9
[2023-05-09T04:57:36.149+0000] {ml_response_dag.py:37} INFO - Inserted to db
[2023-05-09T04:57:36.152+0000] {ml_response_dag.py:35} INFO - {'value': '842', 'score': 0.47, 'ocr_score': 0.75, 'bounding_box': [0.16, 0.91, 0.32, 0.53]}
[2023-05-09T04:57:36.153+0000] {ml_response_dag.py:36} INFO - 10
[2023-05-09T04:57:36.167+0000] {ml_response_dag.py:37} INFO - Inserted to db
[2023-05-09T04:57:36.172+0000] {ml_response_dag.py:35} INFO - {}
[2023-05-09T04:57:36.174+0000] {ml_response_dag.py:36} INFO - 10
[2023-05-09T04:57:36.177+0000] {ml_response_dag.py:37} INFO - Inserted to db
[2023-05-09T04:57:36.186+0000] {ml_response_dag.py:35} INFO - {}
[2023-05-09T04:57:36.190+0000] {ml_response_dag.py:36} INFO - 10
[2023-05-09T04:57:36.192+0000] {ml_response_dag.py:37} INFO - Inserted to db
[2023-05-09T04:57:36.199+0000] {ml_response_dag.py:35} INFO - {'value': '458', 'score': 0.81, 'ocr_score': 0.31, 'bounding_box': [0.69, 0.54, 0.48, 0.39]}
[2023-05-09T04:57:36.212+0000] {ml_response_dag.py:36} INFO - 10
[2023-05-09T04:57:36.213+0000] {ml_response_dag.py:37} INFO - Inserted to db
[2023-05-09T04:57:36.217+0000] {ml_response_dag.py:35} INFO - {'value': '776', 'score': 0.77, 'ocr_score': 0.34, 'bounding_box': [0.76, 0.85, 0.56, 0.82]}
[2023-05-09T04:57:36.218+0000] {ml_response_dag.py:36} INFO - 10
[2023-05-09T04:57:36.219+0000] {ml_response_dag.py:37} INFO - Inserted to db
[2023-05-09T04:57:36.222+0000] {ml_response_dag.py:35} INFO - {}
[2023-05-09T04:57:36.224+0000] {ml_response_dag.py:36} INFO - 10
[2023-05-09T04:57:36.224+0000] {ml_response_dag.py:37} INFO - Inserted to db
[2023-05-09T04:57:36.228+0000] {ml_response_dag.py:35} INFO - {'value': '51', 'score': 0.76, 'ocr_score': 0.29, 'bounding_box': [0.79, 0.88, 0.43, 0.21]}
[2023-05-09T04:57:36.236+0000] {ml_response_dag.py:36} INFO - 10
[2023-05-09T04:57:36.236+0000] {ml_response_dag.py:37} INFO - Inserted to db
[2023-05-09T04:57:36.252+0000] {ml_response_dag.py:35} INFO - {'value': '843', 'score': 0.05, 'ocr_score': 0.96, 'bounding_box': [0.84, 0.04, 0.6, 0.52]}
[2023-05-09T04:57:36.253+0000] {ml_response_dag.py:36} INFO - 10
[2023-05-09T04:57:36.254+0000] {ml_response_dag.py:37} INFO - Inserted to db
[2023-05-09T04:57:36.255+0000] {ml_response_dag.py:35} INFO - {'value': '517', 'score': 0.75, 'ocr_score': 0.74, 'bounding_box': [0.65, 0.92, 0.1, 0.59]}
[2023-05-09T04:57:36.256+0000] {ml_response_dag.py:36} INFO - 10
[2023-05-09T04:57:36.257+0000] {ml_response_dag.py:37} INFO - Inserted to db
[2023-05-09T04:57:36.259+0000] {ml_response_dag.py:35} INFO - {}
[2023-05-09T04:57:36.259+0000] {ml_response_dag.py:36} INFO - 11
[2023-05-09T04:57:36.260+0000] {ml_response_dag.py:37} INFO - Inserted to db
[2023-05-09T04:57:36.261+0000] {ml_response_dag.py:35} INFO - {}
[2023-05-09T04:57:36.261+0000] {ml_response_dag.py:36} INFO - 11
[2023-05-09T04:57:36.263+0000] {ml_response_dag.py:37} INFO - Inserted to db
[2023-05-09T04:57:36.267+0000] {ml_response_dag.py:35} INFO - {'value': '288', 'score': 0.6, 'ocr_score': 0.29, 'bounding_box': [0.96, 0.39, 0.81, 0.96]}
[2023-05-09T04:57:36.269+0000] {ml_response_dag.py:36} INFO - 11
[2023-05-09T04:57:36.270+0000] {ml_response_dag.py:37} INFO - Inserted to db
[2023-05-09T04:57:36.271+0000] {ml_response_dag.py:35} INFO - {'value': '878', 'score': 0.44, 'ocr_score': 0.56, 'bounding_box': [0.46, 0.03, 0.06, 0.3]}
[2023-05-09T04:57:36.272+0000] {ml_response_dag.py:36} INFO - 11
[2023-05-09T04:57:36.272+0000] {ml_response_dag.py:37} INFO - Inserted to db
[2023-05-09T04:57:36.273+0000] {ml_response_dag.py:35} INFO - {}
[2023-05-09T04:57:36.281+0000] {ml_response_dag.py:36} INFO - 11
[2023-05-09T04:57:36.282+0000] {ml_response_dag.py:37} INFO - Inserted to db
[2023-05-09T04:57:36.285+0000] {ml_response_dag.py:35} INFO - {}
[2023-05-09T04:57:36.294+0000] {ml_response_dag.py:36} INFO - 11
[2023-05-09T04:57:36.296+0000] {ml_response_dag.py:37} INFO - Inserted to db
[2023-05-09T04:57:36.298+0000] {ml_response_dag.py:35} INFO - {}
[2023-05-09T04:57:36.299+0000] {ml_response_dag.py:36} INFO - 11
[2023-05-09T04:57:36.307+0000] {ml_response_dag.py:37} INFO - Inserted to db
[2023-05-09T04:57:36.341+0000] {ml_response_dag.py:35} INFO - {'value': '650', 'score': 0.79, 'ocr_score': 0.64, 'bounding_box': [0.13, 0.78, 0.29, 0.37]}
[2023-05-09T04:57:36.347+0000] {ml_response_dag.py:36} INFO - 11
[2023-05-09T04:57:36.354+0000] {ml_response_dag.py:37} INFO - Inserted to db
[2023-05-09T04:57:36.360+0000] {ml_response_dag.py:35} INFO - {}
[2023-05-09T04:57:36.362+0000] {ml_response_dag.py:36} INFO - 11
[2023-05-09T04:57:36.368+0000] {ml_response_dag.py:37} INFO - Inserted to db
[2023-05-09T04:57:36.377+0000] {ml_response_dag.py:35} INFO - {'value': '643', 'score': 0.23, 'ocr_score': 0.72, 'bounding_box': [0.01, 0.39, 0.58, 0.53]}
[2023-05-09T04:57:36.394+0000] {ml_response_dag.py:36} INFO - 12
[2023-05-09T04:57:36.398+0000] {ml_response_dag.py:37} INFO - Inserted to db
[2023-05-09T04:57:36.407+0000] {ml_response_dag.py:35} INFO - {}
[2023-05-09T04:57:36.408+0000] {ml_response_dag.py:36} INFO - 13
[2023-05-09T04:57:36.409+0000] {ml_response_dag.py:37} INFO - Inserted to db
[2023-05-09T04:57:36.411+0000] {ml_response_dag.py:35} INFO - {}
[2023-05-09T04:57:36.412+0000] {ml_response_dag.py:36} INFO - 14
[2023-05-09T04:57:36.413+0000] {ml_response_dag.py:37} INFO - Inserted to db
[2023-05-09T04:57:36.416+0000] {ml_response_dag.py:35} INFO - {'value': '141', 'score': 0.27, 'ocr_score': 0.93, 'bounding_box': [0.24, 0.73, 0.11, 0.89]}
[2023-05-09T04:57:36.417+0000] {ml_response_dag.py:36} INFO - 15
[2023-05-09T04:57:36.417+0000] {ml_response_dag.py:37} INFO - Inserted to db
[2023-05-09T04:57:36.418+0000] {ml_response_dag.py:35} INFO - {'value': '59', 'score': 0.45, 'ocr_score': 0.57, 'bounding_box': [0.45, 0.64, 0.68, 0.17]}
[2023-05-09T04:57:36.420+0000] {ml_response_dag.py:36} INFO - 15
[2023-05-09T04:57:36.421+0000] {ml_response_dag.py:37} INFO - Inserted to db
[2023-05-09T04:57:36.422+0000] {ml_response_dag.py:35} INFO - {'value': '333', 'score': 0.34, 'ocr_score': 0.85, 'bounding_box': [0.81, 0.57, 0.99, 0.77]}
[2023-05-09T04:57:36.422+0000] {ml_response_dag.py:36} INFO - 15
[2023-05-09T04:57:36.427+0000] {ml_response_dag.py:37} INFO - Inserted to db
[2023-05-09T04:57:36.428+0000] {ml_response_dag.py:35} INFO - {'value': '257', 'score': 0.11, 'ocr_score': 0.43, 'bounding_box': [0.37, 0.55, 0.53, 0.66]}
[2023-05-09T04:57:36.429+0000] {ml_response_dag.py:36} INFO - 15
[2023-05-09T04:57:36.429+0000] {ml_response_dag.py:37} INFO - Inserted to db
[2023-05-09T04:57:36.431+0000] {ml_response_dag.py:35} INFO - {'value': '190', 'score': 0.21, 'ocr_score': 0.83, 'bounding_box': [0.88, 0.83, 0.57, 0.11]}
[2023-05-09T04:57:36.432+0000] {ml_response_dag.py:36} INFO - 15
[2023-05-09T04:57:36.432+0000] {ml_response_dag.py:37} INFO - Inserted to db
[2023-05-09T04:57:36.433+0000] {ml_response_dag.py:35} INFO - {}
[2023-05-09T04:57:36.433+0000] {ml_response_dag.py:36} INFO - 15
[2023-05-09T04:57:36.433+0000] {ml_response_dag.py:37} INFO - Inserted to db
[2023-05-09T04:57:36.434+0000] {ml_response_dag.py:35} INFO - {}
[2023-05-09T04:57:36.434+0000] {ml_response_dag.py:36} INFO - 15
[2023-05-09T04:57:36.435+0000] {ml_response_dag.py:37} INFO - Inserted to db
[2023-05-09T04:57:36.435+0000] {ml_response_dag.py:35} INFO - {}
[2023-05-09T04:57:36.435+0000] {ml_response_dag.py:36} INFO - 15
[2023-05-09T04:57:36.436+0000] {ml_response_dag.py:37} INFO - Inserted to db
[2023-05-09T04:57:36.436+0000] {ml_response_dag.py:35} INFO - {'value': '475', 'score': 0.57, 'ocr_score': 0.49, 'bounding_box': [0.4, 0.3, 0.99, 0.32]}
[2023-05-09T04:57:36.437+0000] {ml_response_dag.py:36} INFO - 15
[2023-05-09T04:57:36.437+0000] {ml_response_dag.py:37} INFO - Inserted to db
[2023-05-09T04:57:36.438+0000] {ml_response_dag.py:35} INFO - {'value': '745', 'score': 0.84, 'ocr_score': 0.82, 'bounding_box': [0.84, 0.57, 0.94, 0.44]}
[2023-05-09T04:57:36.438+0000] {ml_response_dag.py:36} INFO - 16
[2023-05-09T04:57:36.439+0000] {ml_response_dag.py:37} INFO - Inserted to db
[2023-05-09T04:57:36.451+0000] {python.py:183} INFO - Done. Returned value was: None
[2023-05-09T04:57:36.578+0000] {taskinstance.py:1373} INFO - Marking task as SUCCESS. dag_id=veryfi_extract_total, task_id=extract_and_load, execution_date=20230508T102000, start_date=20230509T045734, end_date=20230509T045736
[2023-05-09T04:57:36.713+0000] {local_task_job_runner.py:232} INFO - Task exited with return code 0
[2023-05-09T04:57:36.954+0000] {taskinstance.py:2674} INFO - 0 downstream tasks scheduled from follow-on schedule check
