[2023-05-08T22:42:22.064+0000] {taskinstance.py:1125} INFO - Dependencies all met for dep_context=non-requeueable deps ti=<TaskInstance: veryfi_extract_total.extract_and_load scheduled__2023-05-08T00:10:00+00:00 [queued]>
[2023-05-08T22:42:22.092+0000] {taskinstance.py:1125} INFO - Dependencies all met for dep_context=requeueable deps ti=<TaskInstance: veryfi_extract_total.extract_and_load scheduled__2023-05-08T00:10:00+00:00 [queued]>
[2023-05-08T22:42:22.092+0000] {taskinstance.py:1331} INFO - Starting attempt 1 of 2
[2023-05-08T22:42:22.152+0000] {taskinstance.py:1350} INFO - Executing <Task(PythonOperator): extract_and_load> on 2023-05-08 00:10:00+00:00
[2023-05-08T22:42:22.177+0000] {standard_task_runner.py:57} INFO - Started process 244 to run task
[2023-05-08T22:42:22.199+0000] {standard_task_runner.py:84} INFO - Running: ['***', 'tasks', 'run', 'veryfi_extract_total', 'extract_and_load', 'scheduled__2023-05-08T00:10:00+00:00', '--job-id', '49', '--raw', '--subdir', 'DAGS_FOLDER/ml_response_dag.py', '--cfg-path', '/tmp/tmpre0wo3ts']
[2023-05-08T22:42:22.200+0000] {standard_task_runner.py:85} INFO - Job 49: Subtask extract_and_load
[2023-05-08T22:42:22.426+0000] {task_command.py:410} INFO - Running <TaskInstance: veryfi_extract_total.extract_and_load scheduled__2023-05-08T00:10:00+00:00 [running]> on host 916d3785c91c
[2023-05-08T22:42:36.367+0000] {taskinstance.py:1847} ERROR - Task failed with exception
Traceback (most recent call last):
  File "/home/airflow/.local/lib/python3.7/site-packages/sqlalchemy/engine/base.py", line 3361, in _wrap_pool_connect
    return fn()
  File "/home/airflow/.local/lib/python3.7/site-packages/sqlalchemy/pool/base.py", line 327, in connect
    return _ConnectionFairy._checkout(self)
  File "/home/airflow/.local/lib/python3.7/site-packages/sqlalchemy/pool/base.py", line 894, in _checkout
    fairy = _ConnectionRecord.checkout(pool)
  File "/home/airflow/.local/lib/python3.7/site-packages/sqlalchemy/pool/base.py", line 493, in checkout
    rec = pool._do_get()
  File "/home/airflow/.local/lib/python3.7/site-packages/sqlalchemy/pool/impl.py", line 256, in _do_get
    return self._create_connection()
  File "/home/airflow/.local/lib/python3.7/site-packages/sqlalchemy/pool/base.py", line 273, in _create_connection
    return _ConnectionRecord(self)
  File "/home/airflow/.local/lib/python3.7/site-packages/sqlalchemy/pool/base.py", line 388, in __init__
    self.__connect()
  File "/home/airflow/.local/lib/python3.7/site-packages/sqlalchemy/pool/base.py", line 691, in __connect
    pool.logger.debug("Error on connect(): %s", e)
  File "/home/airflow/.local/lib/python3.7/site-packages/sqlalchemy/util/langhelpers.py", line 72, in __exit__
    with_traceback=exc_tb,
  File "/home/airflow/.local/lib/python3.7/site-packages/sqlalchemy/util/compat.py", line 211, in raise_
    raise exception
  File "/home/airflow/.local/lib/python3.7/site-packages/sqlalchemy/pool/base.py", line 686, in __connect
    self.dbapi_connection = connection = pool._invoke_creator(self)
  File "/home/airflow/.local/lib/python3.7/site-packages/sqlalchemy/engine/create.py", line 574, in connect
    return dialect.connect(*cargs, **cparams)
  File "/home/airflow/.local/lib/python3.7/site-packages/sqlalchemy/engine/default.py", line 598, in connect
    return self.dbapi.connect(*cargs, **cparams)
  File "/home/airflow/.local/lib/python3.7/site-packages/psycopg2/__init__.py", line 122, in connect
    conn = _connect(dsn, connection_factory=connection_factory, **kwasync)
psycopg2.OperationalError: could not translate host name "postgres" to address: Temporary failure in name resolution


The above exception was the direct cause of the following exception:

Traceback (most recent call last):
  File "/home/airflow/.local/lib/python3.7/site-packages/airflow/models/taskinstance.py", line 1430, in _run_raw_task
    self._execute_task_with_callbacks(context, test_mode)
  File "/home/airflow/.local/lib/python3.7/site-packages/airflow/models/taskinstance.py", line 1557, in _execute_task_with_callbacks
    RenderedTaskInstanceFields.write(rtif)
  File "/home/airflow/.local/lib/python3.7/site-packages/airflow/utils/session.py", line 76, in wrapper
    return func(*args, session=session, **kwargs)
  File "/home/airflow/.local/lib/python3.7/site-packages/airflow/models/renderedtifields.py", line 183, in write
    session.merge(self)
  File "/home/airflow/.local/lib/python3.7/site-packages/sqlalchemy/orm/session.py", line 3059, in merge
    _resolve_conflict_map=_resolve_conflict_map,
  File "/home/airflow/.local/lib/python3.7/site-packages/sqlalchemy/orm/session.py", line 3137, in _merge
    options=options,
  File "/home/airflow/.local/lib/python3.7/site-packages/sqlalchemy/orm/session.py", line 2858, in get
    execution_options=execution_options,
  File "/home/airflow/.local/lib/python3.7/site-packages/sqlalchemy/orm/session.py", line 2976, in _get_impl
    load_options=load_options,
  File "/home/airflow/.local/lib/python3.7/site-packages/sqlalchemy/orm/loading.py", line 534, in load_on_pk_identity
    bind_arguments=bind_arguments,
  File "/home/airflow/.local/lib/python3.7/site-packages/sqlalchemy/orm/session.py", line 1713, in execute
    conn = self._connection_for_bind(bind)
  File "/home/airflow/.local/lib/python3.7/site-packages/sqlalchemy/orm/session.py", line 1553, in _connection_for_bind
    engine, execution_options
  File "/home/airflow/.local/lib/python3.7/site-packages/sqlalchemy/orm/session.py", line 747, in _connection_for_bind
    conn = bind.connect()
  File "/home/airflow/.local/lib/python3.7/site-packages/sqlalchemy/engine/base.py", line 3315, in connect
    return self._connection_cls(self, close_with_result=close_with_result)
  File "/home/airflow/.local/lib/python3.7/site-packages/sqlalchemy/engine/base.py", line 96, in __init__
    else engine.raw_connection()
  File "/home/airflow/.local/lib/python3.7/site-packages/sqlalchemy/engine/base.py", line 3394, in raw_connection
    return self._wrap_pool_connect(self.pool.connect, _connection)
  File "/home/airflow/.local/lib/python3.7/site-packages/sqlalchemy/engine/base.py", line 3365, in _wrap_pool_connect
    e, dialect, self
  File "/home/airflow/.local/lib/python3.7/site-packages/sqlalchemy/engine/base.py", line 2199, in _handle_dbapi_exception_noconnection
    sqlalchemy_exception, with_traceback=exc_info[2], from_=e
  File "/home/airflow/.local/lib/python3.7/site-packages/sqlalchemy/util/compat.py", line 211, in raise_
    raise exception
  File "/home/airflow/.local/lib/python3.7/site-packages/sqlalchemy/engine/base.py", line 3361, in _wrap_pool_connect
    return fn()
  File "/home/airflow/.local/lib/python3.7/site-packages/sqlalchemy/pool/base.py", line 327, in connect
    return _ConnectionFairy._checkout(self)
  File "/home/airflow/.local/lib/python3.7/site-packages/sqlalchemy/pool/base.py", line 894, in _checkout
    fairy = _ConnectionRecord.checkout(pool)
  File "/home/airflow/.local/lib/python3.7/site-packages/sqlalchemy/pool/base.py", line 493, in checkout
    rec = pool._do_get()
  File "/home/airflow/.local/lib/python3.7/site-packages/sqlalchemy/pool/impl.py", line 256, in _do_get
    return self._create_connection()
  File "/home/airflow/.local/lib/python3.7/site-packages/sqlalchemy/pool/base.py", line 273, in _create_connection
    return _ConnectionRecord(self)
  File "/home/airflow/.local/lib/python3.7/site-packages/sqlalchemy/pool/base.py", line 388, in __init__
    self.__connect()
  File "/home/airflow/.local/lib/python3.7/site-packages/sqlalchemy/pool/base.py", line 691, in __connect
    pool.logger.debug("Error on connect(): %s", e)
  File "/home/airflow/.local/lib/python3.7/site-packages/sqlalchemy/util/langhelpers.py", line 72, in __exit__
    with_traceback=exc_tb,
  File "/home/airflow/.local/lib/python3.7/site-packages/sqlalchemy/util/compat.py", line 211, in raise_
    raise exception
  File "/home/airflow/.local/lib/python3.7/site-packages/sqlalchemy/pool/base.py", line 686, in __connect
    self.dbapi_connection = connection = pool._invoke_creator(self)
  File "/home/airflow/.local/lib/python3.7/site-packages/sqlalchemy/engine/create.py", line 574, in connect
    return dialect.connect(*cargs, **cparams)
  File "/home/airflow/.local/lib/python3.7/site-packages/sqlalchemy/engine/default.py", line 598, in connect
    return self.dbapi.connect(*cargs, **cparams)
  File "/home/airflow/.local/lib/python3.7/site-packages/psycopg2/__init__.py", line 122, in connect
    conn = _connect(dsn, connection_factory=connection_factory, **kwasync)
sqlalchemy.exc.OperationalError: (psycopg2.OperationalError) could not translate host name "postgres" to address: Temporary failure in name resolution

(Background on this error at: https://sqlalche.me/e/14/e3q8)
[2023-05-08T22:42:36.720+0000] {taskinstance.py:1373} INFO - Marking task as UP_FOR_RETRY. dag_id=veryfi_extract_total, task_id=extract_and_load, execution_date=20230508T001000, start_date=20230508T224222, end_date=20230508T224236
[2023-05-08T22:42:37.011+0000] {standard_task_runner.py:109} ERROR - Failed to execute job 49 for task extract_and_load ((psycopg2.OperationalError) could not translate host name "postgres" to address: Temporary failure in name resolution

(Background on this error at: https://sqlalche.me/e/14/e3q8); 244)
[2023-05-08T22:42:37.097+0000] {local_task_job_runner.py:232} INFO - Task exited with return code 1
[2023-05-08T22:42:37.169+0000] {taskinstance.py:2674} INFO - 0 downstream tasks scheduled from follow-on schedule check
[2023-05-09T04:45:27.231+0000] {taskinstance.py:1125} INFO - Dependencies all met for dep_context=non-requeueable deps ti=<TaskInstance: veryfi_extract_total.extract_and_load scheduled__2023-05-08T00:10:00+00:00 [queued]>
[2023-05-09T04:45:27.272+0000] {taskinstance.py:1125} INFO - Dependencies all met for dep_context=requeueable deps ti=<TaskInstance: veryfi_extract_total.extract_and_load scheduled__2023-05-08T00:10:00+00:00 [queued]>
[2023-05-09T04:45:27.274+0000] {taskinstance.py:1331} INFO - Starting attempt 1 of 2
[2023-05-09T04:45:27.463+0000] {taskinstance.py:1350} INFO - Executing <Task(PythonOperator): extract_and_load> on 2023-05-08 00:10:00+00:00
[2023-05-09T04:45:27.478+0000] {standard_task_runner.py:57} INFO - Started process 863 to run task
[2023-05-09T04:45:27.590+0000] {standard_task_runner.py:84} INFO - Running: ['***', 'tasks', 'run', 'veryfi_extract_total', 'extract_and_load', 'scheduled__2023-05-08T00:10:00+00:00', '--job-id', '152', '--raw', '--subdir', 'DAGS_FOLDER/ml_response_dag.py', '--cfg-path', '/tmp/tmphm80956m']
[2023-05-09T04:45:27.595+0000] {standard_task_runner.py:85} INFO - Job 152: Subtask extract_and_load
[2023-05-09T04:45:28.343+0000] {task_command.py:410} INFO - Running <TaskInstance: veryfi_extract_total.extract_and_load scheduled__2023-05-08T00:10:00+00:00 [running]> on host aa4b7d3de44b
[2023-05-09T04:45:29.387+0000] {taskinstance.py:1570} INFO - Exporting env vars: AIRFLOW_CTX_DAG_OWNER='***' AIRFLOW_CTX_DAG_ID='veryfi_extract_total' AIRFLOW_CTX_TASK_ID='extract_and_load' AIRFLOW_CTX_EXECUTION_DATE='2023-05-08T00:10:00+00:00' AIRFLOW_CTX_TRY_NUMBER='1' AIRFLOW_CTX_DAG_RUN_ID='scheduled__2023-05-08T00:10:00+00:00'
[2023-05-09T04:45:29.418+0000] {ml_response_dag.py:36} INFO - {}
[2023-05-09T04:45:29.420+0000] {ml_response_dag.py:37} INFO - 1
[2023-05-09T04:45:29.421+0000] {ml_response_dag.py:36} INFO - {'value': '544', 'score': 0.22, 'ocr_score': 0.81, 'bounding_box': [0.22, 0.37, 0.38, 0.52]}
[2023-05-09T04:45:29.423+0000] {ml_response_dag.py:37} INFO - 1
[2023-05-09T04:45:29.425+0000] {ml_response_dag.py:36} INFO - {}
[2023-05-09T04:45:29.427+0000] {ml_response_dag.py:37} INFO - 1
[2023-05-09T04:45:29.428+0000] {ml_response_dag.py:36} INFO - {}
[2023-05-09T04:45:29.429+0000] {ml_response_dag.py:37} INFO - 1
[2023-05-09T04:45:29.431+0000] {ml_response_dag.py:36} INFO - {}
[2023-05-09T04:45:29.433+0000] {ml_response_dag.py:37} INFO - 1
[2023-05-09T04:45:29.433+0000] {ml_response_dag.py:36} INFO - {}
[2023-05-09T04:45:29.434+0000] {ml_response_dag.py:37} INFO - 1
[2023-05-09T04:45:29.434+0000] {ml_response_dag.py:36} INFO - {'value': '660', 'score': 0.48, 'ocr_score': 0.32, 'bounding_box': [0.07, 0.82, 0.06, 0.37]}
[2023-05-09T04:45:29.435+0000] {ml_response_dag.py:37} INFO - 1
[2023-05-09T04:45:29.435+0000] {ml_response_dag.py:36} INFO - {}
[2023-05-09T04:45:29.436+0000] {ml_response_dag.py:37} INFO - 1
[2023-05-09T04:45:29.436+0000] {ml_response_dag.py:36} INFO - {'value': '801', 'score': 0.92, 'ocr_score': 0.28, 'bounding_box': [0.56, 0.9, 0.37, 0.79]}
[2023-05-09T04:45:29.436+0000] {ml_response_dag.py:37} INFO - 1
[2023-05-09T04:45:29.437+0000] {ml_response_dag.py:36} INFO - {}
[2023-05-09T04:45:29.437+0000] {ml_response_dag.py:37} INFO - 2
[2023-05-09T04:45:29.437+0000] {ml_response_dag.py:36} INFO - {}
[2023-05-09T04:45:29.438+0000] {ml_response_dag.py:37} INFO - 2
[2023-05-09T04:45:29.439+0000] {ml_response_dag.py:36} INFO - {'value': '880', 'score': 0.06, 'ocr_score': 0.1, 'bounding_box': [0.76, 0.47, 0.16, 0.27]}
[2023-05-09T04:45:29.439+0000] {ml_response_dag.py:37} INFO - 2
[2023-05-09T04:45:29.440+0000] {ml_response_dag.py:36} INFO - {'value': '380', 'score': 0.11, 'ocr_score': 0.36, 'bounding_box': [0.99, 0.15, 0.39, 0.03]}
[2023-05-09T04:45:29.440+0000] {ml_response_dag.py:37} INFO - 2
[2023-05-09T04:45:29.440+0000] {ml_response_dag.py:36} INFO - {}
[2023-05-09T04:45:29.441+0000] {ml_response_dag.py:37} INFO - 2
[2023-05-09T04:45:29.441+0000] {ml_response_dag.py:36} INFO - {'value': '770', 'score': 0.37, 'ocr_score': 0.84, 'bounding_box': [0.79, 0.15, 0.82, 0.6]}
[2023-05-09T04:45:29.442+0000] {ml_response_dag.py:37} INFO - 2
[2023-05-09T04:45:29.443+0000] {ml_response_dag.py:36} INFO - {}
[2023-05-09T04:45:29.443+0000] {ml_response_dag.py:37} INFO - 2
[2023-05-09T04:45:29.444+0000] {ml_response_dag.py:36} INFO - {}
[2023-05-09T04:45:29.444+0000] {ml_response_dag.py:37} INFO - 2
[2023-05-09T04:45:29.444+0000] {ml_response_dag.py:36} INFO - {}
[2023-05-09T04:45:29.445+0000] {ml_response_dag.py:37} INFO - 2
[2023-05-09T04:45:29.445+0000] {ml_response_dag.py:36} INFO - {}
[2023-05-09T04:45:29.446+0000] {ml_response_dag.py:37} INFO - 3
[2023-05-09T04:45:29.446+0000] {ml_response_dag.py:36} INFO - {}
[2023-05-09T04:45:29.447+0000] {ml_response_dag.py:37} INFO - 4
[2023-05-09T04:45:29.448+0000] {ml_response_dag.py:36} INFO - {}
[2023-05-09T04:45:29.448+0000] {ml_response_dag.py:37} INFO - 5
[2023-05-09T04:45:29.452+0000] {ml_response_dag.py:36} INFO - {}
[2023-05-09T04:45:29.457+0000] {ml_response_dag.py:37} INFO - 5
[2023-05-09T04:45:29.463+0000] {ml_response_dag.py:36} INFO - {'value': '418', 'score': 0.49, 'ocr_score': 0.15, 'bounding_box': [0.88, 0.92, 0.46, 0.3]}
[2023-05-09T04:45:29.464+0000] {ml_response_dag.py:37} INFO - 5
[2023-05-09T04:45:29.465+0000] {ml_response_dag.py:36} INFO - {}
[2023-05-09T04:45:29.466+0000] {ml_response_dag.py:37} INFO - 5
[2023-05-09T04:45:29.467+0000] {ml_response_dag.py:36} INFO - {}
[2023-05-09T04:45:29.479+0000] {ml_response_dag.py:37} INFO - 5
[2023-05-09T04:45:29.480+0000] {ml_response_dag.py:36} INFO - {'value': '78', 'score': 0.03, 'ocr_score': 0.66, 'bounding_box': [0.31, 0.81, 0.43, 0.03]}
[2023-05-09T04:45:29.482+0000] {ml_response_dag.py:37} INFO - 5
[2023-05-09T04:45:29.485+0000] {ml_response_dag.py:36} INFO - {}
[2023-05-09T04:45:29.486+0000] {ml_response_dag.py:37} INFO - 5
[2023-05-09T04:45:29.486+0000] {ml_response_dag.py:36} INFO - {'value': '889', 'score': 0.72, 'ocr_score': 0.56, 'bounding_box': [0.38, 0.17, 0.28, 1.0]}
[2023-05-09T04:45:29.488+0000] {ml_response_dag.py:37} INFO - 5
[2023-05-09T04:45:29.489+0000] {ml_response_dag.py:36} INFO - {'value': '292', 'score': 0.23, 'ocr_score': 0.39, 'bounding_box': [0.45, 0.93, 0.07, 0.2]}
[2023-05-09T04:45:29.489+0000] {ml_response_dag.py:37} INFO - 5
[2023-05-09T04:45:29.490+0000] {ml_response_dag.py:36} INFO - {}
[2023-05-09T04:45:29.491+0000] {ml_response_dag.py:37} INFO - 6
[2023-05-09T04:45:29.492+0000] {ml_response_dag.py:36} INFO - {'value': '542', 'score': 0.01, 'ocr_score': 0.03, 'bounding_box': [0.27, 0.53, 0.77, 0.97]}
[2023-05-09T04:45:29.492+0000] {ml_response_dag.py:37} INFO - 7
[2023-05-09T04:45:29.494+0000] {ml_response_dag.py:36} INFO - {'value': '342', 'score': 0.56, 'ocr_score': 0.14, 'bounding_box': [0.77, 0.91, 0.18, 0.2]}
[2023-05-09T04:45:29.495+0000] {ml_response_dag.py:37} INFO - 7
[2023-05-09T04:45:29.498+0000] {ml_response_dag.py:36} INFO - {'value': '967', 'score': 0.78, 'ocr_score': 0.39, 'bounding_box': [0.86, 0.38, 0.41, 0.36]}
[2023-05-09T04:45:29.498+0000] {ml_response_dag.py:37} INFO - 7
[2023-05-09T04:45:29.500+0000] {ml_response_dag.py:36} INFO - {'value': '100', 'score': 0.68, 'ocr_score': 0.75, 'bounding_box': [0.32, 0.6, 0.97, 0.05]}
[2023-05-09T04:45:29.502+0000] {ml_response_dag.py:37} INFO - 7
[2023-05-09T04:45:29.503+0000] {ml_response_dag.py:36} INFO - {}
[2023-05-09T04:45:29.504+0000] {ml_response_dag.py:37} INFO - 7
[2023-05-09T04:45:29.511+0000] {ml_response_dag.py:36} INFO - {}
[2023-05-09T04:45:29.512+0000] {ml_response_dag.py:37} INFO - 7
[2023-05-09T04:45:29.514+0000] {ml_response_dag.py:36} INFO - {'value': '858', 'score': 0.94, 'ocr_score': 0.64, 'bounding_box': [0.22, 0.37, 0.17, 0.07]}
[2023-05-09T04:45:29.516+0000] {ml_response_dag.py:37} INFO - 7
[2023-05-09T04:45:29.518+0000] {ml_response_dag.py:36} INFO - {}
[2023-05-09T04:45:29.525+0000] {ml_response_dag.py:37} INFO - 7
[2023-05-09T04:45:29.529+0000] {ml_response_dag.py:36} INFO - {'value': '633', 'score': 0.77, 'ocr_score': 0.17, 'bounding_box': [0.44, 0.56, 0.26, 0.15]}
[2023-05-09T04:45:29.530+0000] {ml_response_dag.py:37} INFO - 7
[2023-05-09T04:45:29.531+0000] {ml_response_dag.py:36} INFO - {'value': '609', 'score': 0.47, 'ocr_score': 0.56, 'bounding_box': [0.3, 0.87, 0.78, 0.92]}
[2023-05-09T04:45:29.540+0000] {ml_response_dag.py:37} INFO - 8
[2023-05-09T04:45:29.542+0000] {ml_response_dag.py:36} INFO - {'value': '331', 'score': 0.49, 'ocr_score': 0.99, 'bounding_box': [0.55, 0.36, 0.08, 0.43]}
[2023-05-09T04:45:29.549+0000] {ml_response_dag.py:37} INFO - 8
[2023-05-09T04:45:29.555+0000] {ml_response_dag.py:36} INFO - {'value': '142', 'score': 0.0, 'ocr_score': 0.58, 'bounding_box': [0.17, 0.36, 0.83, 0.62]}
[2023-05-09T04:45:29.560+0000] {ml_response_dag.py:37} INFO - 8
[2023-05-09T04:45:29.563+0000] {ml_response_dag.py:36} INFO - {}
[2023-05-09T04:45:29.591+0000] {ml_response_dag.py:37} INFO - 8
[2023-05-09T04:45:29.592+0000] {ml_response_dag.py:36} INFO - {}
[2023-05-09T04:45:29.593+0000] {ml_response_dag.py:37} INFO - 8
[2023-05-09T04:45:29.595+0000] {ml_response_dag.py:36} INFO - {}
[2023-05-09T04:45:29.596+0000] {ml_response_dag.py:37} INFO - 8
[2023-05-09T04:45:29.601+0000] {ml_response_dag.py:36} INFO - {'value': '826', 'score': 0.74, 'ocr_score': 0.69, 'bounding_box': [0.98, 0.11, 0.14, 0.96]}
[2023-05-09T04:45:29.603+0000] {ml_response_dag.py:37} INFO - 8
[2023-05-09T04:45:29.604+0000] {ml_response_dag.py:36} INFO - {}
[2023-05-09T04:45:29.605+0000] {ml_response_dag.py:37} INFO - 8
[2023-05-09T04:45:29.607+0000] {ml_response_dag.py:36} INFO - {'value': '299', 'score': 0.85, 'ocr_score': 0.04, 'bounding_box': [0.14, 0.46, 0.06, 0.65]}
[2023-05-09T04:45:29.608+0000] {ml_response_dag.py:37} INFO - 8
[2023-05-09T04:45:29.610+0000] {ml_response_dag.py:36} INFO - {'value': '362', 'score': 0.62, 'ocr_score': 0.51, 'bounding_box': [0.42, 0.48, 0.21, 0.45]}
[2023-05-09T04:45:29.611+0000] {ml_response_dag.py:37} INFO - 9
[2023-05-09T04:45:29.612+0000] {ml_response_dag.py:36} INFO - {'value': '288', 'score': 0.77, 'ocr_score': 0.23, 'bounding_box': [0.16, 0.03, 0.68, 0.81]}
[2023-05-09T04:45:29.615+0000] {ml_response_dag.py:37} INFO - 9
[2023-05-09T04:45:29.616+0000] {ml_response_dag.py:36} INFO - {'value': '803', 'score': 0.03, 'ocr_score': 0.42, 'bounding_box': [0.05, 0.5, 0.56, 0.95]}
[2023-05-09T04:45:29.619+0000] {ml_response_dag.py:37} INFO - 9
[2023-05-09T04:45:29.620+0000] {ml_response_dag.py:36} INFO - {'value': '750', 'score': 0.85, 'ocr_score': 0.27, 'bounding_box': [0.71, 0.07, 0.54, 0.9]}
[2023-05-09T04:45:29.621+0000] {ml_response_dag.py:37} INFO - 9
[2023-05-09T04:45:29.621+0000] {ml_response_dag.py:36} INFO - {'value': '148', 'score': 0.41, 'ocr_score': 0.97, 'bounding_box': [0.44, 0.51, 0.69, 0.67]}
[2023-05-09T04:45:29.622+0000] {ml_response_dag.py:37} INFO - 9
[2023-05-09T04:45:29.622+0000] {ml_response_dag.py:36} INFO - {'value': '161', 'score': 0.49, 'ocr_score': 0.58, 'bounding_box': [0.51, 0.51, 0.55, 0.06]}
[2023-05-09T04:45:29.623+0000] {ml_response_dag.py:37} INFO - 9
[2023-05-09T04:45:29.624+0000] {ml_response_dag.py:36} INFO - {}
[2023-05-09T04:45:29.625+0000] {ml_response_dag.py:37} INFO - 9
[2023-05-09T04:45:29.625+0000] {ml_response_dag.py:36} INFO - {}
[2023-05-09T04:45:29.626+0000] {ml_response_dag.py:37} INFO - 9
[2023-05-09T04:45:29.626+0000] {ml_response_dag.py:36} INFO - {}
[2023-05-09T04:45:29.627+0000] {ml_response_dag.py:37} INFO - 9
[2023-05-09T04:45:29.627+0000] {ml_response_dag.py:36} INFO - {'value': '842', 'score': 0.47, 'ocr_score': 0.75, 'bounding_box': [0.16, 0.91, 0.32, 0.53]}
[2023-05-09T04:45:29.628+0000] {ml_response_dag.py:37} INFO - 10
[2023-05-09T04:45:29.628+0000] {ml_response_dag.py:36} INFO - {}
[2023-05-09T04:45:29.629+0000] {ml_response_dag.py:37} INFO - 10
[2023-05-09T04:45:29.629+0000] {ml_response_dag.py:36} INFO - {}
[2023-05-09T04:45:29.630+0000] {ml_response_dag.py:37} INFO - 10
[2023-05-09T04:45:29.630+0000] {ml_response_dag.py:36} INFO - {'value': '458', 'score': 0.81, 'ocr_score': 0.31, 'bounding_box': [0.69, 0.54, 0.48, 0.39]}
[2023-05-09T04:45:29.632+0000] {ml_response_dag.py:37} INFO - 10
[2023-05-09T04:45:29.632+0000] {ml_response_dag.py:36} INFO - {'value': '776', 'score': 0.77, 'ocr_score': 0.34, 'bounding_box': [0.76, 0.85, 0.56, 0.82]}
[2023-05-09T04:45:29.633+0000] {ml_response_dag.py:37} INFO - 10
[2023-05-09T04:45:29.635+0000] {ml_response_dag.py:36} INFO - {}
[2023-05-09T04:45:29.635+0000] {ml_response_dag.py:37} INFO - 10
[2023-05-09T04:45:29.636+0000] {ml_response_dag.py:36} INFO - {'value': '51', 'score': 0.76, 'ocr_score': 0.29, 'bounding_box': [0.79, 0.88, 0.43, 0.21]}
[2023-05-09T04:45:29.636+0000] {ml_response_dag.py:37} INFO - 10
[2023-05-09T04:45:29.637+0000] {ml_response_dag.py:36} INFO - {'value': '843', 'score': 0.05, 'ocr_score': 0.96, 'bounding_box': [0.84, 0.04, 0.6, 0.52]}
[2023-05-09T04:45:29.637+0000] {ml_response_dag.py:37} INFO - 10
[2023-05-09T04:45:29.638+0000] {ml_response_dag.py:36} INFO - {'value': '517', 'score': 0.75, 'ocr_score': 0.74, 'bounding_box': [0.65, 0.92, 0.1, 0.59]}
[2023-05-09T04:45:29.638+0000] {ml_response_dag.py:37} INFO - 10
[2023-05-09T04:45:29.639+0000] {ml_response_dag.py:36} INFO - {}
[2023-05-09T04:45:29.639+0000] {ml_response_dag.py:37} INFO - 11
[2023-05-09T04:45:29.640+0000] {ml_response_dag.py:36} INFO - {}
[2023-05-09T04:45:29.640+0000] {ml_response_dag.py:37} INFO - 11
[2023-05-09T04:45:29.643+0000] {ml_response_dag.py:36} INFO - {'value': '288', 'score': 0.6, 'ocr_score': 0.29, 'bounding_box': [0.96, 0.39, 0.81, 0.96]}
[2023-05-09T04:45:29.644+0000] {ml_response_dag.py:37} INFO - 11
[2023-05-09T04:45:29.644+0000] {ml_response_dag.py:36} INFO - {'value': '878', 'score': 0.44, 'ocr_score': 0.56, 'bounding_box': [0.46, 0.03, 0.06, 0.3]}
[2023-05-09T04:45:29.645+0000] {ml_response_dag.py:37} INFO - 11
[2023-05-09T04:45:29.645+0000] {ml_response_dag.py:36} INFO - {}
[2023-05-09T04:45:29.646+0000] {ml_response_dag.py:37} INFO - 11
[2023-05-09T04:45:29.649+0000] {ml_response_dag.py:36} INFO - {}
[2023-05-09T04:45:29.650+0000] {ml_response_dag.py:37} INFO - 11
[2023-05-09T04:45:29.650+0000] {ml_response_dag.py:36} INFO - {}
[2023-05-09T04:45:29.653+0000] {ml_response_dag.py:37} INFO - 11
[2023-05-09T04:45:29.656+0000] {ml_response_dag.py:36} INFO - {'value': '650', 'score': 0.79, 'ocr_score': 0.64, 'bounding_box': [0.13, 0.78, 0.29, 0.37]}
[2023-05-09T04:45:29.657+0000] {ml_response_dag.py:37} INFO - 11
[2023-05-09T04:45:29.657+0000] {ml_response_dag.py:36} INFO - {}
[2023-05-09T04:45:29.658+0000] {ml_response_dag.py:37} INFO - 11
[2023-05-09T04:45:29.659+0000] {ml_response_dag.py:36} INFO - {'value': '643', 'score': 0.23, 'ocr_score': 0.72, 'bounding_box': [0.01, 0.39, 0.58, 0.53]}
[2023-05-09T04:45:29.660+0000] {ml_response_dag.py:37} INFO - 12
[2023-05-09T04:45:29.661+0000] {ml_response_dag.py:36} INFO - {}
[2023-05-09T04:45:29.666+0000] {ml_response_dag.py:37} INFO - 13
[2023-05-09T04:45:29.667+0000] {ml_response_dag.py:36} INFO - {}
[2023-05-09T04:45:29.671+0000] {ml_response_dag.py:37} INFO - 14
[2023-05-09T04:45:29.673+0000] {ml_response_dag.py:36} INFO - {'value': '141', 'score': 0.27, 'ocr_score': 0.93, 'bounding_box': [0.24, 0.73, 0.11, 0.89]}
[2023-05-09T04:45:29.673+0000] {ml_response_dag.py:37} INFO - 15
[2023-05-09T04:45:29.674+0000] {ml_response_dag.py:36} INFO - {'value': '59', 'score': 0.45, 'ocr_score': 0.57, 'bounding_box': [0.45, 0.64, 0.68, 0.17]}
[2023-05-09T04:45:29.675+0000] {ml_response_dag.py:37} INFO - 15
[2023-05-09T04:45:29.675+0000] {ml_response_dag.py:36} INFO - {'value': '333', 'score': 0.34, 'ocr_score': 0.85, 'bounding_box': [0.81, 0.57, 0.99, 0.77]}
[2023-05-09T04:45:29.676+0000] {ml_response_dag.py:37} INFO - 15
[2023-05-09T04:45:29.676+0000] {ml_response_dag.py:36} INFO - {'value': '257', 'score': 0.11, 'ocr_score': 0.43, 'bounding_box': [0.37, 0.55, 0.53, 0.66]}
[2023-05-09T04:45:29.687+0000] {ml_response_dag.py:37} INFO - 15
[2023-05-09T04:45:29.688+0000] {ml_response_dag.py:36} INFO - {'value': '190', 'score': 0.21, 'ocr_score': 0.83, 'bounding_box': [0.88, 0.83, 0.57, 0.11]}
[2023-05-09T04:45:29.691+0000] {ml_response_dag.py:37} INFO - 15
[2023-05-09T04:45:29.692+0000] {ml_response_dag.py:36} INFO - {}
[2023-05-09T04:45:29.693+0000] {ml_response_dag.py:37} INFO - 15
[2023-05-09T04:45:29.693+0000] {ml_response_dag.py:36} INFO - {}
[2023-05-09T04:45:29.694+0000] {ml_response_dag.py:37} INFO - 15
[2023-05-09T04:45:29.695+0000] {ml_response_dag.py:36} INFO - {}
[2023-05-09T04:45:29.696+0000] {ml_response_dag.py:37} INFO - 15
[2023-05-09T04:45:29.697+0000] {ml_response_dag.py:36} INFO - {'value': '475', 'score': 0.57, 'ocr_score': 0.49, 'bounding_box': [0.4, 0.3, 0.99, 0.32]}
[2023-05-09T04:45:29.698+0000] {ml_response_dag.py:37} INFO - 15
[2023-05-09T04:45:29.699+0000] {ml_response_dag.py:36} INFO - {'value': '745', 'score': 0.84, 'ocr_score': 0.82, 'bounding_box': [0.84, 0.57, 0.94, 0.44]}
[2023-05-09T04:45:29.700+0000] {ml_response_dag.py:37} INFO - 16
[2023-05-09T04:45:29.707+0000] {python.py:183} INFO - Done. Returned value was: None
[2023-05-09T04:45:29.821+0000] {taskinstance.py:1373} INFO - Marking task as SUCCESS. dag_id=veryfi_extract_total, task_id=extract_and_load, execution_date=20230508T001000, start_date=20230509T044527, end_date=20230509T044529
[2023-05-09T04:45:30.036+0000] {local_task_job_runner.py:232} INFO - Task exited with return code 0
[2023-05-09T04:45:30.191+0000] {taskinstance.py:2674} INFO - 0 downstream tasks scheduled from follow-on schedule check
[2023-05-09T04:56:38.535+0000] {taskinstance.py:1125} INFO - Dependencies all met for dep_context=non-requeueable deps ti=<TaskInstance: veryfi_extract_total.extract_and_load scheduled__2023-05-08T00:10:00+00:00 [queued]>
[2023-05-09T04:56:38.550+0000] {taskinstance.py:1125} INFO - Dependencies all met for dep_context=requeueable deps ti=<TaskInstance: veryfi_extract_total.extract_and_load scheduled__2023-05-08T00:10:00+00:00 [queued]>
[2023-05-09T04:56:38.563+0000] {taskinstance.py:1331} INFO - Starting attempt 1 of 2
[2023-05-09T04:56:38.607+0000] {taskinstance.py:1350} INFO - Executing <Task(PythonOperator): extract_and_load> on 2023-05-08 00:10:00+00:00
[2023-05-09T04:56:38.617+0000] {standard_task_runner.py:57} INFO - Started process 1534 to run task
[2023-05-09T04:56:38.626+0000] {standard_task_runner.py:84} INFO - Running: ['***', 'tasks', 'run', 'veryfi_extract_total', 'extract_and_load', 'scheduled__2023-05-08T00:10:00+00:00', '--job-id', '393', '--raw', '--subdir', 'DAGS_FOLDER/ml_response_dag.py', '--cfg-path', '/tmp/tmpd5qok_4f']
[2023-05-09T04:56:38.627+0000] {standard_task_runner.py:85} INFO - Job 393: Subtask extract_and_load
[2023-05-09T04:56:45.146+0000] {task_command.py:410} INFO - Running <TaskInstance: veryfi_extract_total.extract_and_load scheduled__2023-05-08T00:10:00+00:00 [running]> on host aa4b7d3de44b
[2023-05-09T04:56:45.912+0000] {taskinstance.py:1570} INFO - Exporting env vars: AIRFLOW_CTX_DAG_OWNER='***' AIRFLOW_CTX_DAG_ID='veryfi_extract_total' AIRFLOW_CTX_TASK_ID='extract_and_load' AIRFLOW_CTX_EXECUTION_DATE='2023-05-08T00:10:00+00:00' AIRFLOW_CTX_TRY_NUMBER='1' AIRFLOW_CTX_DAG_RUN_ID='scheduled__2023-05-08T00:10:00+00:00'
[2023-05-09T04:56:45.960+0000] {ml_response_dag.py:35} INFO - {}
[2023-05-09T04:56:45.960+0000] {ml_response_dag.py:36} INFO - 1
[2023-05-09T04:56:45.961+0000] {ml_response_dag.py:37} INFO - Inserted to db
[2023-05-09T04:56:45.965+0000] {ml_response_dag.py:35} INFO - {'value': '544', 'score': 0.22, 'ocr_score': 0.81, 'bounding_box': [0.22, 0.37, 0.38, 0.52]}
[2023-05-09T04:56:45.967+0000] {ml_response_dag.py:36} INFO - 1
[2023-05-09T04:56:45.967+0000] {ml_response_dag.py:37} INFO - Inserted to db
[2023-05-09T04:56:45.968+0000] {ml_response_dag.py:35} INFO - {}
[2023-05-09T04:56:45.969+0000] {ml_response_dag.py:36} INFO - 1
[2023-05-09T04:56:45.970+0000] {ml_response_dag.py:37} INFO - Inserted to db
[2023-05-09T04:56:45.972+0000] {ml_response_dag.py:35} INFO - {}
[2023-05-09T04:56:45.972+0000] {ml_response_dag.py:36} INFO - 1
[2023-05-09T04:56:45.973+0000] {ml_response_dag.py:37} INFO - Inserted to db
[2023-05-09T04:56:45.973+0000] {ml_response_dag.py:35} INFO - {}
[2023-05-09T04:56:45.973+0000] {ml_response_dag.py:36} INFO - 1
[2023-05-09T04:56:45.974+0000] {ml_response_dag.py:37} INFO - Inserted to db
[2023-05-09T04:56:45.974+0000] {ml_response_dag.py:35} INFO - {}
[2023-05-09T04:56:45.975+0000] {ml_response_dag.py:36} INFO - 1
[2023-05-09T04:56:45.975+0000] {ml_response_dag.py:37} INFO - Inserted to db
[2023-05-09T04:56:45.976+0000] {ml_response_dag.py:35} INFO - {'value': '660', 'score': 0.48, 'ocr_score': 0.32, 'bounding_box': [0.07, 0.82, 0.06, 0.37]}
[2023-05-09T04:56:45.976+0000] {ml_response_dag.py:36} INFO - 1
[2023-05-09T04:56:45.976+0000] {ml_response_dag.py:37} INFO - Inserted to db
[2023-05-09T04:56:45.977+0000] {ml_response_dag.py:35} INFO - {}
[2023-05-09T04:56:45.978+0000] {ml_response_dag.py:36} INFO - 1
[2023-05-09T04:56:45.978+0000] {ml_response_dag.py:37} INFO - Inserted to db
[2023-05-09T04:56:45.979+0000] {ml_response_dag.py:35} INFO - {'value': '801', 'score': 0.92, 'ocr_score': 0.28, 'bounding_box': [0.56, 0.9, 0.37, 0.79]}
[2023-05-09T04:56:45.979+0000] {ml_response_dag.py:36} INFO - 1
[2023-05-09T04:56:45.980+0000] {ml_response_dag.py:37} INFO - Inserted to db
[2023-05-09T04:56:45.980+0000] {ml_response_dag.py:35} INFO - {}
[2023-05-09T04:56:45.980+0000] {ml_response_dag.py:36} INFO - 2
[2023-05-09T04:56:45.981+0000] {ml_response_dag.py:37} INFO - Inserted to db
[2023-05-09T04:56:45.982+0000] {ml_response_dag.py:35} INFO - {}
[2023-05-09T04:56:45.982+0000] {ml_response_dag.py:36} INFO - 2
[2023-05-09T04:56:45.982+0000] {ml_response_dag.py:37} INFO - Inserted to db
[2023-05-09T04:56:45.983+0000] {ml_response_dag.py:35} INFO - {'value': '880', 'score': 0.06, 'ocr_score': 0.1, 'bounding_box': [0.76, 0.47, 0.16, 0.27]}
[2023-05-09T04:56:45.983+0000] {ml_response_dag.py:36} INFO - 2
[2023-05-09T04:56:45.984+0000] {ml_response_dag.py:37} INFO - Inserted to db
[2023-05-09T04:56:45.988+0000] {ml_response_dag.py:35} INFO - {'value': '380', 'score': 0.11, 'ocr_score': 0.36, 'bounding_box': [0.99, 0.15, 0.39, 0.03]}
[2023-05-09T04:56:45.988+0000] {ml_response_dag.py:36} INFO - 2
[2023-05-09T04:56:45.989+0000] {ml_response_dag.py:37} INFO - Inserted to db
[2023-05-09T04:56:45.990+0000] {ml_response_dag.py:35} INFO - {}
[2023-05-09T04:56:45.990+0000] {ml_response_dag.py:36} INFO - 2
[2023-05-09T04:56:45.991+0000] {ml_response_dag.py:37} INFO - Inserted to db
[2023-05-09T04:56:45.994+0000] {ml_response_dag.py:35} INFO - {'value': '770', 'score': 0.37, 'ocr_score': 0.84, 'bounding_box': [0.79, 0.15, 0.82, 0.6]}
[2023-05-09T04:56:45.995+0000] {ml_response_dag.py:36} INFO - 2
[2023-05-09T04:56:45.995+0000] {ml_response_dag.py:37} INFO - Inserted to db
[2023-05-09T04:56:45.996+0000] {ml_response_dag.py:35} INFO - {}
[2023-05-09T04:56:46.000+0000] {ml_response_dag.py:36} INFO - 2
[2023-05-09T04:56:46.004+0000] {ml_response_dag.py:37} INFO - Inserted to db
[2023-05-09T04:56:46.014+0000] {ml_response_dag.py:35} INFO - {}
[2023-05-09T04:56:46.019+0000] {ml_response_dag.py:36} INFO - 2
[2023-05-09T04:56:46.021+0000] {ml_response_dag.py:37} INFO - Inserted to db
[2023-05-09T04:56:46.030+0000] {ml_response_dag.py:35} INFO - {}
[2023-05-09T04:56:46.032+0000] {ml_response_dag.py:36} INFO - 2
[2023-05-09T04:56:46.041+0000] {ml_response_dag.py:37} INFO - Inserted to db
[2023-05-09T04:56:46.058+0000] {ml_response_dag.py:35} INFO - {}
[2023-05-09T04:56:46.058+0000] {ml_response_dag.py:36} INFO - 3
[2023-05-09T04:56:46.059+0000] {ml_response_dag.py:37} INFO - Inserted to db
[2023-05-09T04:56:46.070+0000] {ml_response_dag.py:35} INFO - {}
[2023-05-09T04:56:46.070+0000] {ml_response_dag.py:36} INFO - 4
[2023-05-09T04:56:46.071+0000] {ml_response_dag.py:37} INFO - Inserted to db
[2023-05-09T04:56:46.071+0000] {ml_response_dag.py:35} INFO - {}
[2023-05-09T04:56:46.072+0000] {ml_response_dag.py:36} INFO - 5
[2023-05-09T04:56:46.073+0000] {ml_response_dag.py:37} INFO - Inserted to db
[2023-05-09T04:56:46.095+0000] {ml_response_dag.py:35} INFO - {}
[2023-05-09T04:56:46.107+0000] {ml_response_dag.py:36} INFO - 5
[2023-05-09T04:56:46.108+0000] {ml_response_dag.py:37} INFO - Inserted to db
[2023-05-09T04:56:46.111+0000] {ml_response_dag.py:35} INFO - {'value': '418', 'score': 0.49, 'ocr_score': 0.15, 'bounding_box': [0.88, 0.92, 0.46, 0.3]}
[2023-05-09T04:56:46.114+0000] {ml_response_dag.py:36} INFO - 5
[2023-05-09T04:56:46.114+0000] {ml_response_dag.py:37} INFO - Inserted to db
[2023-05-09T04:56:46.115+0000] {ml_response_dag.py:35} INFO - {}
[2023-05-09T04:56:46.117+0000] {ml_response_dag.py:36} INFO - 5
[2023-05-09T04:56:46.119+0000] {ml_response_dag.py:37} INFO - Inserted to db
[2023-05-09T04:56:46.123+0000] {ml_response_dag.py:35} INFO - {}
[2023-05-09T04:56:46.125+0000] {ml_response_dag.py:36} INFO - 5
[2023-05-09T04:56:46.127+0000] {ml_response_dag.py:37} INFO - Inserted to db
[2023-05-09T04:56:46.128+0000] {ml_response_dag.py:35} INFO - {'value': '78', 'score': 0.03, 'ocr_score': 0.66, 'bounding_box': [0.31, 0.81, 0.43, 0.03]}
[2023-05-09T04:56:46.131+0000] {ml_response_dag.py:36} INFO - 5
[2023-05-09T04:56:46.140+0000] {ml_response_dag.py:37} INFO - Inserted to db
[2023-05-09T04:56:46.140+0000] {ml_response_dag.py:35} INFO - {}
[2023-05-09T04:56:46.141+0000] {ml_response_dag.py:36} INFO - 5
[2023-05-09T04:56:46.147+0000] {ml_response_dag.py:37} INFO - Inserted to db
[2023-05-09T04:56:46.150+0000] {ml_response_dag.py:35} INFO - {'value': '889', 'score': 0.72, 'ocr_score': 0.56, 'bounding_box': [0.38, 0.17, 0.28, 1.0]}
[2023-05-09T04:56:46.152+0000] {ml_response_dag.py:36} INFO - 5
[2023-05-09T04:56:46.153+0000] {ml_response_dag.py:37} INFO - Inserted to db
[2023-05-09T04:56:46.154+0000] {ml_response_dag.py:35} INFO - {'value': '292', 'score': 0.23, 'ocr_score': 0.39, 'bounding_box': [0.45, 0.93, 0.07, 0.2]}
[2023-05-09T04:56:46.155+0000] {ml_response_dag.py:36} INFO - 5
[2023-05-09T04:56:46.156+0000] {ml_response_dag.py:37} INFO - Inserted to db
[2023-05-09T04:56:46.157+0000] {ml_response_dag.py:35} INFO - {}
[2023-05-09T04:56:46.158+0000] {ml_response_dag.py:36} INFO - 6
[2023-05-09T04:56:46.162+0000] {ml_response_dag.py:37} INFO - Inserted to db
[2023-05-09T04:56:46.164+0000] {ml_response_dag.py:35} INFO - {'value': '542', 'score': 0.01, 'ocr_score': 0.03, 'bounding_box': [0.27, 0.53, 0.77, 0.97]}
[2023-05-09T04:56:46.170+0000] {ml_response_dag.py:36} INFO - 7
[2023-05-09T04:56:46.171+0000] {ml_response_dag.py:37} INFO - Inserted to db
[2023-05-09T04:56:46.183+0000] {ml_response_dag.py:35} INFO - {'value': '342', 'score': 0.56, 'ocr_score': 0.14, 'bounding_box': [0.77, 0.91, 0.18, 0.2]}
[2023-05-09T04:56:46.185+0000] {ml_response_dag.py:36} INFO - 7
[2023-05-09T04:56:46.186+0000] {ml_response_dag.py:37} INFO - Inserted to db
[2023-05-09T04:56:46.190+0000] {ml_response_dag.py:35} INFO - {'value': '967', 'score': 0.78, 'ocr_score': 0.39, 'bounding_box': [0.86, 0.38, 0.41, 0.36]}
[2023-05-09T04:56:46.191+0000] {ml_response_dag.py:36} INFO - 7
[2023-05-09T04:56:46.193+0000] {ml_response_dag.py:37} INFO - Inserted to db
[2023-05-09T04:56:46.195+0000] {ml_response_dag.py:35} INFO - {'value': '100', 'score': 0.68, 'ocr_score': 0.75, 'bounding_box': [0.32, 0.6, 0.97, 0.05]}
[2023-05-09T04:56:46.196+0000] {ml_response_dag.py:36} INFO - 7
[2023-05-09T04:56:46.197+0000] {ml_response_dag.py:37} INFO - Inserted to db
[2023-05-09T04:56:46.197+0000] {ml_response_dag.py:35} INFO - {}
[2023-05-09T04:56:46.198+0000] {ml_response_dag.py:36} INFO - 7
[2023-05-09T04:56:46.199+0000] {ml_response_dag.py:37} INFO - Inserted to db
[2023-05-09T04:56:46.205+0000] {ml_response_dag.py:35} INFO - {}
[2023-05-09T04:56:46.213+0000] {ml_response_dag.py:36} INFO - 7
[2023-05-09T04:56:46.214+0000] {ml_response_dag.py:37} INFO - Inserted to db
[2023-05-09T04:56:46.216+0000] {ml_response_dag.py:35} INFO - {'value': '858', 'score': 0.94, 'ocr_score': 0.64, 'bounding_box': [0.22, 0.37, 0.17, 0.07]}
[2023-05-09T04:56:46.217+0000] {ml_response_dag.py:36} INFO - 7
[2023-05-09T04:56:46.219+0000] {ml_response_dag.py:37} INFO - Inserted to db
[2023-05-09T04:56:46.221+0000] {ml_response_dag.py:35} INFO - {}
[2023-05-09T04:56:46.222+0000] {ml_response_dag.py:36} INFO - 7
[2023-05-09T04:56:46.222+0000] {ml_response_dag.py:37} INFO - Inserted to db
[2023-05-09T04:56:46.224+0000] {ml_response_dag.py:35} INFO - {'value': '633', 'score': 0.77, 'ocr_score': 0.17, 'bounding_box': [0.44, 0.56, 0.26, 0.15]}
[2023-05-09T04:56:46.225+0000] {ml_response_dag.py:36} INFO - 7
[2023-05-09T04:56:46.225+0000] {ml_response_dag.py:37} INFO - Inserted to db
[2023-05-09T04:56:46.227+0000] {ml_response_dag.py:35} INFO - {'value': '609', 'score': 0.47, 'ocr_score': 0.56, 'bounding_box': [0.3, 0.87, 0.78, 0.92]}
[2023-05-09T04:56:46.228+0000] {ml_response_dag.py:36} INFO - 8
[2023-05-09T04:56:46.229+0000] {ml_response_dag.py:37} INFO - Inserted to db
[2023-05-09T04:56:46.230+0000] {ml_response_dag.py:35} INFO - {'value': '331', 'score': 0.49, 'ocr_score': 0.99, 'bounding_box': [0.55, 0.36, 0.08, 0.43]}
[2023-05-09T04:56:46.231+0000] {ml_response_dag.py:36} INFO - 8
[2023-05-09T04:56:46.232+0000] {ml_response_dag.py:37} INFO - Inserted to db
[2023-05-09T04:56:46.233+0000] {ml_response_dag.py:35} INFO - {'value': '142', 'score': 0.0, 'ocr_score': 0.58, 'bounding_box': [0.17, 0.36, 0.83, 0.62]}
[2023-05-09T04:56:46.235+0000] {ml_response_dag.py:36} INFO - 8
[2023-05-09T04:56:46.236+0000] {ml_response_dag.py:37} INFO - Inserted to db
[2023-05-09T04:56:46.238+0000] {ml_response_dag.py:35} INFO - {}
[2023-05-09T04:56:46.239+0000] {ml_response_dag.py:36} INFO - 8
[2023-05-09T04:56:46.246+0000] {ml_response_dag.py:37} INFO - Inserted to db
[2023-05-09T04:56:46.247+0000] {ml_response_dag.py:35} INFO - {}
[2023-05-09T04:56:46.251+0000] {ml_response_dag.py:36} INFO - 8
[2023-05-09T04:56:46.252+0000] {ml_response_dag.py:37} INFO - Inserted to db
[2023-05-09T04:56:46.253+0000] {ml_response_dag.py:35} INFO - {}
[2023-05-09T04:56:46.253+0000] {ml_response_dag.py:36} INFO - 8
[2023-05-09T04:56:46.253+0000] {ml_response_dag.py:37} INFO - Inserted to db
[2023-05-09T04:56:46.254+0000] {ml_response_dag.py:35} INFO - {'value': '826', 'score': 0.74, 'ocr_score': 0.69, 'bounding_box': [0.98, 0.11, 0.14, 0.96]}
[2023-05-09T04:56:46.254+0000] {ml_response_dag.py:36} INFO - 8
[2023-05-09T04:56:46.255+0000] {ml_response_dag.py:37} INFO - Inserted to db
[2023-05-09T04:56:46.256+0000] {ml_response_dag.py:35} INFO - {}
[2023-05-09T04:56:46.256+0000] {ml_response_dag.py:36} INFO - 8
[2023-05-09T04:56:46.256+0000] {ml_response_dag.py:37} INFO - Inserted to db
[2023-05-09T04:56:46.257+0000] {ml_response_dag.py:35} INFO - {'value': '299', 'score': 0.85, 'ocr_score': 0.04, 'bounding_box': [0.14, 0.46, 0.06, 0.65]}
[2023-05-09T04:56:46.258+0000] {ml_response_dag.py:36} INFO - 8
[2023-05-09T04:56:46.258+0000] {ml_response_dag.py:37} INFO - Inserted to db
[2023-05-09T04:56:46.259+0000] {ml_response_dag.py:35} INFO - {'value': '362', 'score': 0.62, 'ocr_score': 0.51, 'bounding_box': [0.42, 0.48, 0.21, 0.45]}
[2023-05-09T04:56:46.259+0000] {ml_response_dag.py:36} INFO - 9
[2023-05-09T04:56:46.260+0000] {ml_response_dag.py:37} INFO - Inserted to db
[2023-05-09T04:56:46.260+0000] {ml_response_dag.py:35} INFO - {'value': '288', 'score': 0.77, 'ocr_score': 0.23, 'bounding_box': [0.16, 0.03, 0.68, 0.81]}
[2023-05-09T04:56:46.262+0000] {ml_response_dag.py:36} INFO - 9
[2023-05-09T04:56:46.262+0000] {ml_response_dag.py:37} INFO - Inserted to db
[2023-05-09T04:56:46.263+0000] {ml_response_dag.py:35} INFO - {'value': '803', 'score': 0.03, 'ocr_score': 0.42, 'bounding_box': [0.05, 0.5, 0.56, 0.95]}
[2023-05-09T04:56:46.263+0000] {ml_response_dag.py:36} INFO - 9
[2023-05-09T04:56:46.264+0000] {ml_response_dag.py:37} INFO - Inserted to db
[2023-05-09T04:56:46.265+0000] {ml_response_dag.py:35} INFO - {'value': '750', 'score': 0.85, 'ocr_score': 0.27, 'bounding_box': [0.71, 0.07, 0.54, 0.9]}
[2023-05-09T04:56:46.265+0000] {ml_response_dag.py:36} INFO - 9
[2023-05-09T04:56:46.265+0000] {ml_response_dag.py:37} INFO - Inserted to db
[2023-05-09T04:56:46.266+0000] {ml_response_dag.py:35} INFO - {'value': '148', 'score': 0.41, 'ocr_score': 0.97, 'bounding_box': [0.44, 0.51, 0.69, 0.67]}
[2023-05-09T04:56:46.266+0000] {ml_response_dag.py:36} INFO - 9
[2023-05-09T04:56:46.267+0000] {ml_response_dag.py:37} INFO - Inserted to db
[2023-05-09T04:56:46.267+0000] {ml_response_dag.py:35} INFO - {'value': '161', 'score': 0.49, 'ocr_score': 0.58, 'bounding_box': [0.51, 0.51, 0.55, 0.06]}
[2023-05-09T04:56:46.268+0000] {ml_response_dag.py:36} INFO - 9
[2023-05-09T04:56:46.268+0000] {ml_response_dag.py:37} INFO - Inserted to db
[2023-05-09T04:56:46.269+0000] {ml_response_dag.py:35} INFO - {}
[2023-05-09T04:56:46.269+0000] {ml_response_dag.py:36} INFO - 9
[2023-05-09T04:56:46.269+0000] {ml_response_dag.py:37} INFO - Inserted to db
[2023-05-09T04:56:46.271+0000] {ml_response_dag.py:35} INFO - {}
[2023-05-09T04:56:46.272+0000] {ml_response_dag.py:36} INFO - 9
[2023-05-09T04:56:46.272+0000] {ml_response_dag.py:37} INFO - Inserted to db
[2023-05-09T04:56:46.272+0000] {ml_response_dag.py:35} INFO - {}
[2023-05-09T04:56:46.274+0000] {ml_response_dag.py:36} INFO - 9
[2023-05-09T04:56:46.280+0000] {ml_response_dag.py:37} INFO - Inserted to db
[2023-05-09T04:56:46.306+0000] {ml_response_dag.py:35} INFO - {'value': '842', 'score': 0.47, 'ocr_score': 0.75, 'bounding_box': [0.16, 0.91, 0.32, 0.53]}
[2023-05-09T04:56:46.306+0000] {ml_response_dag.py:36} INFO - 10
[2023-05-09T04:56:46.323+0000] {ml_response_dag.py:37} INFO - Inserted to db
[2023-05-09T04:56:46.325+0000] {ml_response_dag.py:35} INFO - {}
[2023-05-09T04:56:46.330+0000] {ml_response_dag.py:36} INFO - 10
[2023-05-09T04:56:46.333+0000] {ml_response_dag.py:37} INFO - Inserted to db
[2023-05-09T04:56:46.335+0000] {ml_response_dag.py:35} INFO - {}
[2023-05-09T04:56:46.337+0000] {ml_response_dag.py:36} INFO - 10
[2023-05-09T04:56:46.337+0000] {ml_response_dag.py:37} INFO - Inserted to db
[2023-05-09T04:56:46.339+0000] {ml_response_dag.py:35} INFO - {'value': '458', 'score': 0.81, 'ocr_score': 0.31, 'bounding_box': [0.69, 0.54, 0.48, 0.39]}
[2023-05-09T04:56:46.340+0000] {ml_response_dag.py:36} INFO - 10
[2023-05-09T04:56:46.341+0000] {ml_response_dag.py:37} INFO - Inserted to db
[2023-05-09T04:56:46.342+0000] {ml_response_dag.py:35} INFO - {'value': '776', 'score': 0.77, 'ocr_score': 0.34, 'bounding_box': [0.76, 0.85, 0.56, 0.82]}
[2023-05-09T04:56:46.343+0000] {ml_response_dag.py:36} INFO - 10
[2023-05-09T04:56:46.346+0000] {ml_response_dag.py:37} INFO - Inserted to db
[2023-05-09T04:56:46.348+0000] {ml_response_dag.py:35} INFO - {}
[2023-05-09T04:56:46.349+0000] {ml_response_dag.py:36} INFO - 10
[2023-05-09T04:56:46.350+0000] {ml_response_dag.py:37} INFO - Inserted to db
[2023-05-09T04:56:46.351+0000] {ml_response_dag.py:35} INFO - {'value': '51', 'score': 0.76, 'ocr_score': 0.29, 'bounding_box': [0.79, 0.88, 0.43, 0.21]}
[2023-05-09T04:56:46.352+0000] {ml_response_dag.py:36} INFO - 10
[2023-05-09T04:56:46.352+0000] {ml_response_dag.py:37} INFO - Inserted to db
[2023-05-09T04:56:46.352+0000] {ml_response_dag.py:35} INFO - {'value': '843', 'score': 0.05, 'ocr_score': 0.96, 'bounding_box': [0.84, 0.04, 0.6, 0.52]}
[2023-05-09T04:56:46.353+0000] {ml_response_dag.py:36} INFO - 10
[2023-05-09T04:56:46.353+0000] {ml_response_dag.py:37} INFO - Inserted to db
[2023-05-09T04:56:46.353+0000] {ml_response_dag.py:35} INFO - {'value': '517', 'score': 0.75, 'ocr_score': 0.74, 'bounding_box': [0.65, 0.92, 0.1, 0.59]}
[2023-05-09T04:56:46.354+0000] {ml_response_dag.py:36} INFO - 10
[2023-05-09T04:56:46.354+0000] {ml_response_dag.py:37} INFO - Inserted to db
[2023-05-09T04:56:46.355+0000] {ml_response_dag.py:35} INFO - {}
[2023-05-09T04:56:46.355+0000] {ml_response_dag.py:36} INFO - 11
[2023-05-09T04:56:46.355+0000] {ml_response_dag.py:37} INFO - Inserted to db
[2023-05-09T04:56:46.356+0000] {ml_response_dag.py:35} INFO - {}
[2023-05-09T04:56:46.356+0000] {ml_response_dag.py:36} INFO - 11
[2023-05-09T04:56:46.356+0000] {ml_response_dag.py:37} INFO - Inserted to db
[2023-05-09T04:56:46.357+0000] {ml_response_dag.py:35} INFO - {'value': '288', 'score': 0.6, 'ocr_score': 0.29, 'bounding_box': [0.96, 0.39, 0.81, 0.96]}
[2023-05-09T04:56:46.357+0000] {ml_response_dag.py:36} INFO - 11
[2023-05-09T04:56:46.357+0000] {ml_response_dag.py:37} INFO - Inserted to db
[2023-05-09T04:56:46.358+0000] {ml_response_dag.py:35} INFO - {'value': '878', 'score': 0.44, 'ocr_score': 0.56, 'bounding_box': [0.46, 0.03, 0.06, 0.3]}
[2023-05-09T04:56:46.359+0000] {ml_response_dag.py:36} INFO - 11
[2023-05-09T04:56:46.361+0000] {ml_response_dag.py:37} INFO - Inserted to db
[2023-05-09T04:56:46.361+0000] {ml_response_dag.py:35} INFO - {}
[2023-05-09T04:56:46.362+0000] {ml_response_dag.py:36} INFO - 11
[2023-05-09T04:56:46.362+0000] {ml_response_dag.py:37} INFO - Inserted to db
[2023-05-09T04:56:46.363+0000] {ml_response_dag.py:35} INFO - {}
[2023-05-09T04:56:46.371+0000] {ml_response_dag.py:36} INFO - 11
[2023-05-09T04:56:46.379+0000] {ml_response_dag.py:37} INFO - Inserted to db
[2023-05-09T04:56:46.382+0000] {ml_response_dag.py:35} INFO - {}
[2023-05-09T04:56:46.383+0000] {ml_response_dag.py:36} INFO - 11
[2023-05-09T04:56:46.383+0000] {ml_response_dag.py:37} INFO - Inserted to db
[2023-05-09T04:56:46.387+0000] {ml_response_dag.py:35} INFO - {'value': '650', 'score': 0.79, 'ocr_score': 0.64, 'bounding_box': [0.13, 0.78, 0.29, 0.37]}
[2023-05-09T04:56:46.388+0000] {ml_response_dag.py:36} INFO - 11
[2023-05-09T04:56:46.389+0000] {ml_response_dag.py:37} INFO - Inserted to db
[2023-05-09T04:56:46.393+0000] {ml_response_dag.py:35} INFO - {}
[2023-05-09T04:56:46.394+0000] {ml_response_dag.py:36} INFO - 11
[2023-05-09T04:56:46.395+0000] {ml_response_dag.py:37} INFO - Inserted to db
[2023-05-09T04:56:46.398+0000] {ml_response_dag.py:35} INFO - {'value': '643', 'score': 0.23, 'ocr_score': 0.72, 'bounding_box': [0.01, 0.39, 0.58, 0.53]}
[2023-05-09T04:56:46.399+0000] {ml_response_dag.py:36} INFO - 12
[2023-05-09T04:56:46.401+0000] {ml_response_dag.py:37} INFO - Inserted to db
[2023-05-09T04:56:46.405+0000] {ml_response_dag.py:35} INFO - {}
[2023-05-09T04:56:46.407+0000] {ml_response_dag.py:36} INFO - 13
[2023-05-09T04:56:46.407+0000] {ml_response_dag.py:37} INFO - Inserted to db
[2023-05-09T04:56:46.410+0000] {ml_response_dag.py:35} INFO - {}
[2023-05-09T04:56:46.411+0000] {ml_response_dag.py:36} INFO - 14
[2023-05-09T04:56:46.414+0000] {ml_response_dag.py:37} INFO - Inserted to db
[2023-05-09T04:56:46.417+0000] {ml_response_dag.py:35} INFO - {'value': '141', 'score': 0.27, 'ocr_score': 0.93, 'bounding_box': [0.24, 0.73, 0.11, 0.89]}
[2023-05-09T04:56:46.424+0000] {ml_response_dag.py:36} INFO - 15
[2023-05-09T04:56:46.433+0000] {ml_response_dag.py:37} INFO - Inserted to db
[2023-05-09T04:56:46.434+0000] {ml_response_dag.py:35} INFO - {'value': '59', 'score': 0.45, 'ocr_score': 0.57, 'bounding_box': [0.45, 0.64, 0.68, 0.17]}
[2023-05-09T04:56:46.435+0000] {ml_response_dag.py:36} INFO - 15
[2023-05-09T04:56:46.444+0000] {ml_response_dag.py:37} INFO - Inserted to db
[2023-05-09T04:56:46.457+0000] {ml_response_dag.py:35} INFO - {'value': '333', 'score': 0.34, 'ocr_score': 0.85, 'bounding_box': [0.81, 0.57, 0.99, 0.77]}
[2023-05-09T04:56:46.475+0000] {ml_response_dag.py:36} INFO - 15
[2023-05-09T04:56:46.477+0000] {ml_response_dag.py:37} INFO - Inserted to db
[2023-05-09T04:56:46.479+0000] {ml_response_dag.py:35} INFO - {'value': '257', 'score': 0.11, 'ocr_score': 0.43, 'bounding_box': [0.37, 0.55, 0.53, 0.66]}
[2023-05-09T04:56:46.480+0000] {ml_response_dag.py:36} INFO - 15
[2023-05-09T04:56:46.480+0000] {ml_response_dag.py:37} INFO - Inserted to db
[2023-05-09T04:56:46.482+0000] {ml_response_dag.py:35} INFO - {'value': '190', 'score': 0.21, 'ocr_score': 0.83, 'bounding_box': [0.88, 0.83, 0.57, 0.11]}
[2023-05-09T04:56:46.483+0000] {ml_response_dag.py:36} INFO - 15
[2023-05-09T04:56:46.485+0000] {ml_response_dag.py:37} INFO - Inserted to db
[2023-05-09T04:56:46.486+0000] {ml_response_dag.py:35} INFO - {}
[2023-05-09T04:56:46.486+0000] {ml_response_dag.py:36} INFO - 15
[2023-05-09T04:56:46.488+0000] {ml_response_dag.py:37} INFO - Inserted to db
[2023-05-09T04:56:46.490+0000] {ml_response_dag.py:35} INFO - {}
[2023-05-09T04:56:46.490+0000] {ml_response_dag.py:36} INFO - 15
[2023-05-09T04:56:46.491+0000] {ml_response_dag.py:37} INFO - Inserted to db
[2023-05-09T04:56:46.493+0000] {ml_response_dag.py:35} INFO - {}
[2023-05-09T04:56:46.494+0000] {ml_response_dag.py:36} INFO - 15
[2023-05-09T04:56:46.494+0000] {ml_response_dag.py:37} INFO - Inserted to db
[2023-05-09T04:56:46.501+0000] {ml_response_dag.py:35} INFO - {'value': '475', 'score': 0.57, 'ocr_score': 0.49, 'bounding_box': [0.4, 0.3, 0.99, 0.32]}
[2023-05-09T04:56:46.502+0000] {ml_response_dag.py:36} INFO - 15
[2023-05-09T04:56:46.503+0000] {ml_response_dag.py:37} INFO - Inserted to db
[2023-05-09T04:56:46.504+0000] {ml_response_dag.py:35} INFO - {'value': '745', 'score': 0.84, 'ocr_score': 0.82, 'bounding_box': [0.84, 0.57, 0.94, 0.44]}
[2023-05-09T04:56:46.504+0000] {ml_response_dag.py:36} INFO - 16
[2023-05-09T04:56:46.505+0000] {ml_response_dag.py:37} INFO - Inserted to db
[2023-05-09T04:56:46.510+0000] {python.py:183} INFO - Done. Returned value was: None
[2023-05-09T04:56:46.719+0000] {taskinstance.py:1373} INFO - Marking task as SUCCESS. dag_id=veryfi_extract_total, task_id=extract_and_load, execution_date=20230508T001000, start_date=20230509T045638, end_date=20230509T045646
[2023-05-09T04:56:46.982+0000] {local_task_job_runner.py:232} INFO - Task exited with return code 0
[2023-05-09T04:56:47.084+0000] {taskinstance.py:2674} INFO - 0 downstream tasks scheduled from follow-on schedule check
