[2023-05-09T04:57:05.894+0000] {taskinstance.py:1125} INFO - Dependencies all met for dep_context=non-requeueable deps ti=<TaskInstance: veryfi_extract_total.extract_and_load scheduled__2023-05-08T04:40:00+00:00 [queued]>
[2023-05-09T04:57:05.986+0000] {taskinstance.py:1125} INFO - Dependencies all met for dep_context=requeueable deps ti=<TaskInstance: veryfi_extract_total.extract_and_load scheduled__2023-05-08T04:40:00+00:00 [queued]>
[2023-05-09T04:57:05.987+0000] {taskinstance.py:1331} INFO - Starting attempt 1 of 2
[2023-05-09T04:57:06.187+0000] {taskinstance.py:1350} INFO - Executing <Task(PythonOperator): extract_and_load> on 2023-05-08 04:40:00+00:00
[2023-05-09T04:57:06.223+0000] {standard_task_runner.py:57} INFO - Started process 1589 to run task
[2023-05-09T04:57:06.226+0000] {standard_task_runner.py:84} INFO - Running: ['***', 'tasks', 'run', 'veryfi_extract_total', 'extract_and_load', 'scheduled__2023-05-08T04:40:00+00:00', '--job-id', '420', '--raw', '--subdir', 'DAGS_FOLDER/ml_response_dag.py', '--cfg-path', '/tmp/tmprejstz3k']
[2023-05-09T04:57:06.228+0000] {standard_task_runner.py:85} INFO - Job 420: Subtask extract_and_load
[2023-05-09T04:57:06.618+0000] {task_command.py:410} INFO - Running <TaskInstance: veryfi_extract_total.extract_and_load scheduled__2023-05-08T04:40:00+00:00 [running]> on host aa4b7d3de44b
[2023-05-09T04:57:06.963+0000] {taskinstance.py:1570} INFO - Exporting env vars: AIRFLOW_CTX_DAG_OWNER='***' AIRFLOW_CTX_DAG_ID='veryfi_extract_total' AIRFLOW_CTX_TASK_ID='extract_and_load' AIRFLOW_CTX_EXECUTION_DATE='2023-05-08T04:40:00+00:00' AIRFLOW_CTX_TRY_NUMBER='1' AIRFLOW_CTX_DAG_RUN_ID='scheduled__2023-05-08T04:40:00+00:00'
[2023-05-09T04:57:07.001+0000] {ml_response_dag.py:35} INFO - {}
[2023-05-09T04:57:07.001+0000] {ml_response_dag.py:36} INFO - 1
[2023-05-09T04:57:07.002+0000] {ml_response_dag.py:37} INFO - Inserted to db
[2023-05-09T04:57:07.003+0000] {ml_response_dag.py:35} INFO - {'value': '544', 'score': 0.22, 'ocr_score': 0.81, 'bounding_box': [0.22, 0.37, 0.38, 0.52]}
[2023-05-09T04:57:07.004+0000] {ml_response_dag.py:36} INFO - 1
[2023-05-09T04:57:07.004+0000] {ml_response_dag.py:37} INFO - Inserted to db
[2023-05-09T04:57:07.005+0000] {ml_response_dag.py:35} INFO - {}
[2023-05-09T04:57:07.006+0000] {ml_response_dag.py:36} INFO - 1
[2023-05-09T04:57:07.006+0000] {ml_response_dag.py:37} INFO - Inserted to db
[2023-05-09T04:57:07.006+0000] {ml_response_dag.py:35} INFO - {}
[2023-05-09T04:57:07.010+0000] {ml_response_dag.py:36} INFO - 1
[2023-05-09T04:57:07.013+0000] {ml_response_dag.py:37} INFO - Inserted to db
[2023-05-09T04:57:07.016+0000] {ml_response_dag.py:35} INFO - {}
[2023-05-09T04:57:07.018+0000] {ml_response_dag.py:36} INFO - 1
[2023-05-09T04:57:07.018+0000] {ml_response_dag.py:37} INFO - Inserted to db
[2023-05-09T04:57:07.019+0000] {ml_response_dag.py:35} INFO - {}
[2023-05-09T04:57:07.020+0000] {ml_response_dag.py:36} INFO - 1
[2023-05-09T04:57:07.020+0000] {ml_response_dag.py:37} INFO - Inserted to db
[2023-05-09T04:57:07.021+0000] {ml_response_dag.py:35} INFO - {'value': '660', 'score': 0.48, 'ocr_score': 0.32, 'bounding_box': [0.07, 0.82, 0.06, 0.37]}
[2023-05-09T04:57:07.022+0000] {ml_response_dag.py:36} INFO - 1
[2023-05-09T04:57:07.023+0000] {ml_response_dag.py:37} INFO - Inserted to db
[2023-05-09T04:57:07.024+0000] {ml_response_dag.py:35} INFO - {}
[2023-05-09T04:57:07.025+0000] {ml_response_dag.py:36} INFO - 1
[2023-05-09T04:57:07.026+0000] {ml_response_dag.py:37} INFO - Inserted to db
[2023-05-09T04:57:07.027+0000] {ml_response_dag.py:35} INFO - {'value': '801', 'score': 0.92, 'ocr_score': 0.28, 'bounding_box': [0.56, 0.9, 0.37, 0.79]}
[2023-05-09T04:57:07.028+0000] {ml_response_dag.py:36} INFO - 1
[2023-05-09T04:57:07.031+0000] {ml_response_dag.py:37} INFO - Inserted to db
[2023-05-09T04:57:07.035+0000] {ml_response_dag.py:35} INFO - {}
[2023-05-09T04:57:07.039+0000] {ml_response_dag.py:36} INFO - 2
[2023-05-09T04:57:07.039+0000] {ml_response_dag.py:37} INFO - Inserted to db
[2023-05-09T04:57:07.041+0000] {ml_response_dag.py:35} INFO - {}
[2023-05-09T04:57:07.042+0000] {ml_response_dag.py:36} INFO - 2
[2023-05-09T04:57:07.043+0000] {ml_response_dag.py:37} INFO - Inserted to db
[2023-05-09T04:57:07.043+0000] {ml_response_dag.py:35} INFO - {'value': '880', 'score': 0.06, 'ocr_score': 0.1, 'bounding_box': [0.76, 0.47, 0.16, 0.27]}
[2023-05-09T04:57:07.044+0000] {ml_response_dag.py:36} INFO - 2
[2023-05-09T04:57:07.048+0000] {ml_response_dag.py:37} INFO - Inserted to db
[2023-05-09T04:57:07.049+0000] {ml_response_dag.py:35} INFO - {'value': '380', 'score': 0.11, 'ocr_score': 0.36, 'bounding_box': [0.99, 0.15, 0.39, 0.03]}
[2023-05-09T04:57:07.049+0000] {ml_response_dag.py:36} INFO - 2
[2023-05-09T04:57:07.050+0000] {ml_response_dag.py:37} INFO - Inserted to db
[2023-05-09T04:57:07.052+0000] {ml_response_dag.py:35} INFO - {}
[2023-05-09T04:57:07.054+0000] {ml_response_dag.py:36} INFO - 2
[2023-05-09T04:57:07.055+0000] {ml_response_dag.py:37} INFO - Inserted to db
[2023-05-09T04:57:07.056+0000] {ml_response_dag.py:35} INFO - {'value': '770', 'score': 0.37, 'ocr_score': 0.84, 'bounding_box': [0.79, 0.15, 0.82, 0.6]}
[2023-05-09T04:57:07.057+0000] {ml_response_dag.py:36} INFO - 2
[2023-05-09T04:57:07.058+0000] {ml_response_dag.py:37} INFO - Inserted to db
[2023-05-09T04:57:07.060+0000] {ml_response_dag.py:35} INFO - {}
[2023-05-09T04:57:07.060+0000] {ml_response_dag.py:36} INFO - 2
[2023-05-09T04:57:07.061+0000] {ml_response_dag.py:37} INFO - Inserted to db
[2023-05-09T04:57:07.062+0000] {ml_response_dag.py:35} INFO - {}
[2023-05-09T04:57:07.063+0000] {ml_response_dag.py:36} INFO - 2
[2023-05-09T04:57:07.065+0000] {ml_response_dag.py:37} INFO - Inserted to db
[2023-05-09T04:57:07.068+0000] {ml_response_dag.py:35} INFO - {}
[2023-05-09T04:57:07.069+0000] {ml_response_dag.py:36} INFO - 2
[2023-05-09T04:57:07.071+0000] {ml_response_dag.py:37} INFO - Inserted to db
[2023-05-09T04:57:07.073+0000] {ml_response_dag.py:35} INFO - {}
[2023-05-09T04:57:07.074+0000] {ml_response_dag.py:36} INFO - 3
[2023-05-09T04:57:07.075+0000] {ml_response_dag.py:37} INFO - Inserted to db
[2023-05-09T04:57:07.079+0000] {ml_response_dag.py:35} INFO - {}
[2023-05-09T04:57:07.080+0000] {ml_response_dag.py:36} INFO - 4
[2023-05-09T04:57:07.080+0000] {ml_response_dag.py:37} INFO - Inserted to db
[2023-05-09T04:57:07.081+0000] {ml_response_dag.py:35} INFO - {}
[2023-05-09T04:57:07.081+0000] {ml_response_dag.py:36} INFO - 5
[2023-05-09T04:57:07.082+0000] {ml_response_dag.py:37} INFO - Inserted to db
[2023-05-09T04:57:07.082+0000] {ml_response_dag.py:35} INFO - {}
[2023-05-09T04:57:07.083+0000] {ml_response_dag.py:36} INFO - 5
[2023-05-09T04:57:07.083+0000] {ml_response_dag.py:37} INFO - Inserted to db
[2023-05-09T04:57:07.084+0000] {ml_response_dag.py:35} INFO - {'value': '418', 'score': 0.49, 'ocr_score': 0.15, 'bounding_box': [0.88, 0.92, 0.46, 0.3]}
[2023-05-09T04:57:07.085+0000] {ml_response_dag.py:36} INFO - 5
[2023-05-09T04:57:07.088+0000] {ml_response_dag.py:37} INFO - Inserted to db
[2023-05-09T04:57:07.092+0000] {ml_response_dag.py:35} INFO - {}
[2023-05-09T04:57:07.095+0000] {ml_response_dag.py:36} INFO - 5
[2023-05-09T04:57:07.096+0000] {ml_response_dag.py:37} INFO - Inserted to db
[2023-05-09T04:57:07.098+0000] {ml_response_dag.py:35} INFO - {}
[2023-05-09T04:57:07.099+0000] {ml_response_dag.py:36} INFO - 5
[2023-05-09T04:57:07.100+0000] {ml_response_dag.py:37} INFO - Inserted to db
[2023-05-09T04:57:07.104+0000] {ml_response_dag.py:35} INFO - {'value': '78', 'score': 0.03, 'ocr_score': 0.66, 'bounding_box': [0.31, 0.81, 0.43, 0.03]}
[2023-05-09T04:57:07.105+0000] {ml_response_dag.py:36} INFO - 5
[2023-05-09T04:57:07.108+0000] {ml_response_dag.py:37} INFO - Inserted to db
[2023-05-09T04:57:07.109+0000] {ml_response_dag.py:35} INFO - {}
[2023-05-09T04:57:07.109+0000] {ml_response_dag.py:36} INFO - 5
[2023-05-09T04:57:07.110+0000] {ml_response_dag.py:37} INFO - Inserted to db
[2023-05-09T04:57:07.111+0000] {ml_response_dag.py:35} INFO - {'value': '889', 'score': 0.72, 'ocr_score': 0.56, 'bounding_box': [0.38, 0.17, 0.28, 1.0]}
[2023-05-09T04:57:07.112+0000] {ml_response_dag.py:36} INFO - 5
[2023-05-09T04:57:07.115+0000] {ml_response_dag.py:37} INFO - Inserted to db
[2023-05-09T04:57:07.117+0000] {ml_response_dag.py:35} INFO - {'value': '292', 'score': 0.23, 'ocr_score': 0.39, 'bounding_box': [0.45, 0.93, 0.07, 0.2]}
[2023-05-09T04:57:07.119+0000] {ml_response_dag.py:36} INFO - 5
[2023-05-09T04:57:07.126+0000] {ml_response_dag.py:37} INFO - Inserted to db
[2023-05-09T04:57:07.132+0000] {ml_response_dag.py:35} INFO - {}
[2023-05-09T04:57:07.134+0000] {ml_response_dag.py:36} INFO - 6
[2023-05-09T04:57:07.137+0000] {ml_response_dag.py:37} INFO - Inserted to db
[2023-05-09T04:57:07.138+0000] {ml_response_dag.py:35} INFO - {'value': '542', 'score': 0.01, 'ocr_score': 0.03, 'bounding_box': [0.27, 0.53, 0.77, 0.97]}
[2023-05-09T04:57:07.140+0000] {ml_response_dag.py:36} INFO - 7
[2023-05-09T04:57:07.142+0000] {ml_response_dag.py:37} INFO - Inserted to db
[2023-05-09T04:57:07.144+0000] {ml_response_dag.py:35} INFO - {'value': '342', 'score': 0.56, 'ocr_score': 0.14, 'bounding_box': [0.77, 0.91, 0.18, 0.2]}
[2023-05-09T04:57:07.145+0000] {ml_response_dag.py:36} INFO - 7
[2023-05-09T04:57:07.145+0000] {ml_response_dag.py:37} INFO - Inserted to db
[2023-05-09T04:57:07.147+0000] {ml_response_dag.py:35} INFO - {'value': '967', 'score': 0.78, 'ocr_score': 0.39, 'bounding_box': [0.86, 0.38, 0.41, 0.36]}
[2023-05-09T04:57:07.147+0000] {ml_response_dag.py:36} INFO - 7
[2023-05-09T04:57:07.148+0000] {ml_response_dag.py:37} INFO - Inserted to db
[2023-05-09T04:57:07.148+0000] {ml_response_dag.py:35} INFO - {'value': '100', 'score': 0.68, 'ocr_score': 0.75, 'bounding_box': [0.32, 0.6, 0.97, 0.05]}
[2023-05-09T04:57:07.149+0000] {ml_response_dag.py:36} INFO - 7
[2023-05-09T04:57:07.151+0000] {ml_response_dag.py:37} INFO - Inserted to db
[2023-05-09T04:57:07.151+0000] {ml_response_dag.py:35} INFO - {}
[2023-05-09T04:57:07.152+0000] {ml_response_dag.py:36} INFO - 7
[2023-05-09T04:57:07.152+0000] {ml_response_dag.py:37} INFO - Inserted to db
[2023-05-09T04:57:07.153+0000] {ml_response_dag.py:35} INFO - {}
[2023-05-09T04:57:07.154+0000] {ml_response_dag.py:36} INFO - 7
[2023-05-09T04:57:07.155+0000] {ml_response_dag.py:37} INFO - Inserted to db
[2023-05-09T04:57:07.156+0000] {ml_response_dag.py:35} INFO - {'value': '858', 'score': 0.94, 'ocr_score': 0.64, 'bounding_box': [0.22, 0.37, 0.17, 0.07]}
[2023-05-09T04:57:07.159+0000] {ml_response_dag.py:36} INFO - 7
[2023-05-09T04:57:07.159+0000] {ml_response_dag.py:37} INFO - Inserted to db
[2023-05-09T04:57:07.162+0000] {ml_response_dag.py:35} INFO - {}
[2023-05-09T04:57:07.162+0000] {ml_response_dag.py:36} INFO - 7
[2023-05-09T04:57:07.163+0000] {ml_response_dag.py:37} INFO - Inserted to db
[2023-05-09T04:57:07.164+0000] {ml_response_dag.py:35} INFO - {'value': '633', 'score': 0.77, 'ocr_score': 0.17, 'bounding_box': [0.44, 0.56, 0.26, 0.15]}
[2023-05-09T04:57:07.166+0000] {ml_response_dag.py:36} INFO - 7
[2023-05-09T04:57:07.167+0000] {ml_response_dag.py:37} INFO - Inserted to db
[2023-05-09T04:57:07.168+0000] {ml_response_dag.py:35} INFO - {'value': '609', 'score': 0.47, 'ocr_score': 0.56, 'bounding_box': [0.3, 0.87, 0.78, 0.92]}
[2023-05-09T04:57:07.168+0000] {ml_response_dag.py:36} INFO - 8
[2023-05-09T04:57:07.169+0000] {ml_response_dag.py:37} INFO - Inserted to db
[2023-05-09T04:57:07.171+0000] {ml_response_dag.py:35} INFO - {'value': '331', 'score': 0.49, 'ocr_score': 0.99, 'bounding_box': [0.55, 0.36, 0.08, 0.43]}
[2023-05-09T04:57:07.171+0000] {ml_response_dag.py:36} INFO - 8
[2023-05-09T04:57:07.172+0000] {ml_response_dag.py:37} INFO - Inserted to db
[2023-05-09T04:57:07.172+0000] {ml_response_dag.py:35} INFO - {'value': '142', 'score': 0.0, 'ocr_score': 0.58, 'bounding_box': [0.17, 0.36, 0.83, 0.62]}
[2023-05-09T04:57:07.173+0000] {ml_response_dag.py:36} INFO - 8
[2023-05-09T04:57:07.174+0000] {ml_response_dag.py:37} INFO - Inserted to db
[2023-05-09T04:57:07.175+0000] {ml_response_dag.py:35} INFO - {}
[2023-05-09T04:57:07.175+0000] {ml_response_dag.py:36} INFO - 8
[2023-05-09T04:57:07.175+0000] {ml_response_dag.py:37} INFO - Inserted to db
[2023-05-09T04:57:07.176+0000] {ml_response_dag.py:35} INFO - {}
[2023-05-09T04:57:07.181+0000] {ml_response_dag.py:36} INFO - 8
[2023-05-09T04:57:07.182+0000] {ml_response_dag.py:37} INFO - Inserted to db
[2023-05-09T04:57:07.183+0000] {ml_response_dag.py:35} INFO - {}
[2023-05-09T04:57:07.183+0000] {ml_response_dag.py:36} INFO - 8
[2023-05-09T04:57:07.184+0000] {ml_response_dag.py:37} INFO - Inserted to db
[2023-05-09T04:57:07.184+0000] {ml_response_dag.py:35} INFO - {'value': '826', 'score': 0.74, 'ocr_score': 0.69, 'bounding_box': [0.98, 0.11, 0.14, 0.96]}
[2023-05-09T04:57:07.185+0000] {ml_response_dag.py:36} INFO - 8
[2023-05-09T04:57:07.187+0000] {ml_response_dag.py:37} INFO - Inserted to db
[2023-05-09T04:57:07.189+0000] {ml_response_dag.py:35} INFO - {}
[2023-05-09T04:57:07.191+0000] {ml_response_dag.py:36} INFO - 8
[2023-05-09T04:57:07.191+0000] {ml_response_dag.py:37} INFO - Inserted to db
[2023-05-09T04:57:07.192+0000] {ml_response_dag.py:35} INFO - {'value': '299', 'score': 0.85, 'ocr_score': 0.04, 'bounding_box': [0.14, 0.46, 0.06, 0.65]}
[2023-05-09T04:57:07.193+0000] {ml_response_dag.py:36} INFO - 8
[2023-05-09T04:57:07.193+0000] {ml_response_dag.py:37} INFO - Inserted to db
[2023-05-09T04:57:07.195+0000] {ml_response_dag.py:35} INFO - {'value': '362', 'score': 0.62, 'ocr_score': 0.51, 'bounding_box': [0.42, 0.48, 0.21, 0.45]}
[2023-05-09T04:57:07.195+0000] {ml_response_dag.py:36} INFO - 9
[2023-05-09T04:57:07.197+0000] {ml_response_dag.py:37} INFO - Inserted to db
[2023-05-09T04:57:07.197+0000] {ml_response_dag.py:35} INFO - {'value': '288', 'score': 0.77, 'ocr_score': 0.23, 'bounding_box': [0.16, 0.03, 0.68, 0.81]}
[2023-05-09T04:57:07.198+0000] {ml_response_dag.py:36} INFO - 9
[2023-05-09T04:57:07.198+0000] {ml_response_dag.py:37} INFO - Inserted to db
[2023-05-09T04:57:07.200+0000] {ml_response_dag.py:35} INFO - {'value': '803', 'score': 0.03, 'ocr_score': 0.42, 'bounding_box': [0.05, 0.5, 0.56, 0.95]}
[2023-05-09T04:57:07.200+0000] {ml_response_dag.py:36} INFO - 9
[2023-05-09T04:57:07.205+0000] {ml_response_dag.py:37} INFO - Inserted to db
[2023-05-09T04:57:07.208+0000] {ml_response_dag.py:35} INFO - {'value': '750', 'score': 0.85, 'ocr_score': 0.27, 'bounding_box': [0.71, 0.07, 0.54, 0.9]}
[2023-05-09T04:57:07.209+0000] {ml_response_dag.py:36} INFO - 9
[2023-05-09T04:57:07.210+0000] {ml_response_dag.py:37} INFO - Inserted to db
[2023-05-09T04:57:07.213+0000] {ml_response_dag.py:35} INFO - {'value': '148', 'score': 0.41, 'ocr_score': 0.97, 'bounding_box': [0.44, 0.51, 0.69, 0.67]}
[2023-05-09T04:57:07.214+0000] {ml_response_dag.py:36} INFO - 9
[2023-05-09T04:57:07.214+0000] {ml_response_dag.py:37} INFO - Inserted to db
[2023-05-09T04:57:07.216+0000] {ml_response_dag.py:35} INFO - {'value': '161', 'score': 0.49, 'ocr_score': 0.58, 'bounding_box': [0.51, 0.51, 0.55, 0.06]}
[2023-05-09T04:57:07.218+0000] {ml_response_dag.py:36} INFO - 9
[2023-05-09T04:57:07.218+0000] {ml_response_dag.py:37} INFO - Inserted to db
[2023-05-09T04:57:07.220+0000] {ml_response_dag.py:35} INFO - {}
[2023-05-09T04:57:07.223+0000] {ml_response_dag.py:36} INFO - 9
[2023-05-09T04:57:07.223+0000] {ml_response_dag.py:37} INFO - Inserted to db
[2023-05-09T04:57:07.225+0000] {ml_response_dag.py:35} INFO - {}
[2023-05-09T04:57:07.225+0000] {ml_response_dag.py:36} INFO - 9
[2023-05-09T04:57:07.227+0000] {ml_response_dag.py:37} INFO - Inserted to db
[2023-05-09T04:57:07.229+0000] {ml_response_dag.py:35} INFO - {}
[2023-05-09T04:57:07.229+0000] {ml_response_dag.py:36} INFO - 9
[2023-05-09T04:57:07.230+0000] {ml_response_dag.py:37} INFO - Inserted to db
[2023-05-09T04:57:07.230+0000] {ml_response_dag.py:35} INFO - {'value': '842', 'score': 0.47, 'ocr_score': 0.75, 'bounding_box': [0.16, 0.91, 0.32, 0.53]}
[2023-05-09T04:57:07.231+0000] {ml_response_dag.py:36} INFO - 10
[2023-05-09T04:57:07.231+0000] {ml_response_dag.py:37} INFO - Inserted to db
[2023-05-09T04:57:07.232+0000] {ml_response_dag.py:35} INFO - {}
[2023-05-09T04:57:07.235+0000] {ml_response_dag.py:36} INFO - 10
[2023-05-09T04:57:07.236+0000] {ml_response_dag.py:37} INFO - Inserted to db
[2023-05-09T04:57:07.237+0000] {ml_response_dag.py:35} INFO - {}
[2023-05-09T04:57:07.238+0000] {ml_response_dag.py:36} INFO - 10
[2023-05-09T04:57:07.238+0000] {ml_response_dag.py:37} INFO - Inserted to db
[2023-05-09T04:57:07.239+0000] {ml_response_dag.py:35} INFO - {'value': '458', 'score': 0.81, 'ocr_score': 0.31, 'bounding_box': [0.69, 0.54, 0.48, 0.39]}
[2023-05-09T04:57:07.239+0000] {ml_response_dag.py:36} INFO - 10
[2023-05-09T04:57:07.240+0000] {ml_response_dag.py:37} INFO - Inserted to db
[2023-05-09T04:57:07.241+0000] {ml_response_dag.py:35} INFO - {'value': '776', 'score': 0.77, 'ocr_score': 0.34, 'bounding_box': [0.76, 0.85, 0.56, 0.82]}
[2023-05-09T04:57:07.241+0000] {ml_response_dag.py:36} INFO - 10
[2023-05-09T04:57:07.241+0000] {ml_response_dag.py:37} INFO - Inserted to db
[2023-05-09T04:57:07.242+0000] {ml_response_dag.py:35} INFO - {}
[2023-05-09T04:57:07.242+0000] {ml_response_dag.py:36} INFO - 10
[2023-05-09T04:57:07.243+0000] {ml_response_dag.py:37} INFO - Inserted to db
[2023-05-09T04:57:07.244+0000] {ml_response_dag.py:35} INFO - {'value': '51', 'score': 0.76, 'ocr_score': 0.29, 'bounding_box': [0.79, 0.88, 0.43, 0.21]}
[2023-05-09T04:57:07.245+0000] {ml_response_dag.py:36} INFO - 10
[2023-05-09T04:57:07.247+0000] {ml_response_dag.py:37} INFO - Inserted to db
[2023-05-09T04:57:07.248+0000] {ml_response_dag.py:35} INFO - {'value': '843', 'score': 0.05, 'ocr_score': 0.96, 'bounding_box': [0.84, 0.04, 0.6, 0.52]}
[2023-05-09T04:57:07.253+0000] {ml_response_dag.py:36} INFO - 10
[2023-05-09T04:57:07.255+0000] {ml_response_dag.py:37} INFO - Inserted to db
[2023-05-09T04:57:07.256+0000] {ml_response_dag.py:35} INFO - {'value': '517', 'score': 0.75, 'ocr_score': 0.74, 'bounding_box': [0.65, 0.92, 0.1, 0.59]}
[2023-05-09T04:57:07.257+0000] {ml_response_dag.py:36} INFO - 10
[2023-05-09T04:57:07.257+0000] {ml_response_dag.py:37} INFO - Inserted to db
[2023-05-09T04:57:07.258+0000] {ml_response_dag.py:35} INFO - {}
[2023-05-09T04:57:07.258+0000] {ml_response_dag.py:36} INFO - 11
[2023-05-09T04:57:07.267+0000] {ml_response_dag.py:37} INFO - Inserted to db
[2023-05-09T04:57:07.268+0000] {ml_response_dag.py:35} INFO - {}
[2023-05-09T04:57:07.269+0000] {ml_response_dag.py:36} INFO - 11
[2023-05-09T04:57:07.270+0000] {ml_response_dag.py:37} INFO - Inserted to db
[2023-05-09T04:57:07.271+0000] {ml_response_dag.py:35} INFO - {'value': '288', 'score': 0.6, 'ocr_score': 0.29, 'bounding_box': [0.96, 0.39, 0.81, 0.96]}
[2023-05-09T04:57:07.272+0000] {ml_response_dag.py:36} INFO - 11
[2023-05-09T04:57:07.272+0000] {ml_response_dag.py:37} INFO - Inserted to db
[2023-05-09T04:57:07.273+0000] {ml_response_dag.py:35} INFO - {'value': '878', 'score': 0.44, 'ocr_score': 0.56, 'bounding_box': [0.46, 0.03, 0.06, 0.3]}
[2023-05-09T04:57:07.275+0000] {ml_response_dag.py:36} INFO - 11
[2023-05-09T04:57:07.277+0000] {ml_response_dag.py:37} INFO - Inserted to db
[2023-05-09T04:57:07.285+0000] {ml_response_dag.py:35} INFO - {}
[2023-05-09T04:57:07.286+0000] {ml_response_dag.py:36} INFO - 11
[2023-05-09T04:57:07.287+0000] {ml_response_dag.py:37} INFO - Inserted to db
[2023-05-09T04:57:07.288+0000] {ml_response_dag.py:35} INFO - {}
[2023-05-09T04:57:07.289+0000] {ml_response_dag.py:36} INFO - 11
[2023-05-09T04:57:07.291+0000] {ml_response_dag.py:37} INFO - Inserted to db
[2023-05-09T04:57:07.293+0000] {ml_response_dag.py:35} INFO - {}
[2023-05-09T04:57:07.294+0000] {ml_response_dag.py:36} INFO - 11
[2023-05-09T04:57:07.295+0000] {ml_response_dag.py:37} INFO - Inserted to db
[2023-05-09T04:57:07.299+0000] {ml_response_dag.py:35} INFO - {'value': '650', 'score': 0.79, 'ocr_score': 0.64, 'bounding_box': [0.13, 0.78, 0.29, 0.37]}
[2023-05-09T04:57:07.300+0000] {ml_response_dag.py:36} INFO - 11
[2023-05-09T04:57:07.305+0000] {ml_response_dag.py:37} INFO - Inserted to db
[2023-05-09T04:57:07.310+0000] {ml_response_dag.py:35} INFO - {}
[2023-05-09T04:57:07.311+0000] {ml_response_dag.py:36} INFO - 11
[2023-05-09T04:57:07.314+0000] {ml_response_dag.py:37} INFO - Inserted to db
[2023-05-09T04:57:07.317+0000] {ml_response_dag.py:35} INFO - {'value': '643', 'score': 0.23, 'ocr_score': 0.72, 'bounding_box': [0.01, 0.39, 0.58, 0.53]}
[2023-05-09T04:57:07.318+0000] {ml_response_dag.py:36} INFO - 12
[2023-05-09T04:57:07.318+0000] {ml_response_dag.py:37} INFO - Inserted to db
[2023-05-09T04:57:07.319+0000] {ml_response_dag.py:35} INFO - {}
[2023-05-09T04:57:07.319+0000] {ml_response_dag.py:36} INFO - 13
[2023-05-09T04:57:07.323+0000] {ml_response_dag.py:37} INFO - Inserted to db
[2023-05-09T04:57:07.325+0000] {ml_response_dag.py:35} INFO - {}
[2023-05-09T04:57:07.326+0000] {ml_response_dag.py:36} INFO - 14
[2023-05-09T04:57:07.326+0000] {ml_response_dag.py:37} INFO - Inserted to db
[2023-05-09T04:57:07.327+0000] {ml_response_dag.py:35} INFO - {'value': '141', 'score': 0.27, 'ocr_score': 0.93, 'bounding_box': [0.24, 0.73, 0.11, 0.89]}
[2023-05-09T04:57:07.328+0000] {ml_response_dag.py:36} INFO - 15
[2023-05-09T04:57:07.328+0000] {ml_response_dag.py:37} INFO - Inserted to db
[2023-05-09T04:57:07.330+0000] {ml_response_dag.py:35} INFO - {'value': '59', 'score': 0.45, 'ocr_score': 0.57, 'bounding_box': [0.45, 0.64, 0.68, 0.17]}
[2023-05-09T04:57:07.331+0000] {ml_response_dag.py:36} INFO - 15
[2023-05-09T04:57:07.331+0000] {ml_response_dag.py:37} INFO - Inserted to db
[2023-05-09T04:57:07.332+0000] {ml_response_dag.py:35} INFO - {'value': '333', 'score': 0.34, 'ocr_score': 0.85, 'bounding_box': [0.81, 0.57, 0.99, 0.77]}
[2023-05-09T04:57:07.333+0000] {ml_response_dag.py:36} INFO - 15
[2023-05-09T04:57:07.333+0000] {ml_response_dag.py:37} INFO - Inserted to db
[2023-05-09T04:57:07.334+0000] {ml_response_dag.py:35} INFO - {'value': '257', 'score': 0.11, 'ocr_score': 0.43, 'bounding_box': [0.37, 0.55, 0.53, 0.66]}
[2023-05-09T04:57:07.334+0000] {ml_response_dag.py:36} INFO - 15
[2023-05-09T04:57:07.335+0000] {ml_response_dag.py:37} INFO - Inserted to db
[2023-05-09T04:57:07.336+0000] {ml_response_dag.py:35} INFO - {'value': '190', 'score': 0.21, 'ocr_score': 0.83, 'bounding_box': [0.88, 0.83, 0.57, 0.11]}
[2023-05-09T04:57:07.337+0000] {ml_response_dag.py:36} INFO - 15
[2023-05-09T04:57:07.341+0000] {ml_response_dag.py:37} INFO - Inserted to db
[2023-05-09T04:57:07.357+0000] {ml_response_dag.py:35} INFO - {}
[2023-05-09T04:57:07.376+0000] {ml_response_dag.py:36} INFO - 15
[2023-05-09T04:57:07.384+0000] {ml_response_dag.py:37} INFO - Inserted to db
[2023-05-09T04:57:07.392+0000] {ml_response_dag.py:35} INFO - {}
[2023-05-09T04:57:07.394+0000] {ml_response_dag.py:36} INFO - 15
[2023-05-09T04:57:07.395+0000] {ml_response_dag.py:37} INFO - Inserted to db
[2023-05-09T04:57:07.398+0000] {ml_response_dag.py:35} INFO - {}
[2023-05-09T04:57:07.399+0000] {ml_response_dag.py:36} INFO - 15
[2023-05-09T04:57:07.403+0000] {ml_response_dag.py:37} INFO - Inserted to db
[2023-05-09T04:57:07.404+0000] {ml_response_dag.py:35} INFO - {'value': '475', 'score': 0.57, 'ocr_score': 0.49, 'bounding_box': [0.4, 0.3, 0.99, 0.32]}
[2023-05-09T04:57:07.407+0000] {ml_response_dag.py:36} INFO - 15
[2023-05-09T04:57:07.408+0000] {ml_response_dag.py:37} INFO - Inserted to db
[2023-05-09T04:57:07.410+0000] {ml_response_dag.py:35} INFO - {'value': '745', 'score': 0.84, 'ocr_score': 0.82, 'bounding_box': [0.84, 0.57, 0.94, 0.44]}
[2023-05-09T04:57:07.411+0000] {ml_response_dag.py:36} INFO - 16
[2023-05-09T04:57:07.411+0000] {ml_response_dag.py:37} INFO - Inserted to db
[2023-05-09T04:57:07.419+0000] {python.py:183} INFO - Done. Returned value was: None
[2023-05-09T04:57:07.558+0000] {taskinstance.py:1373} INFO - Marking task as SUCCESS. dag_id=veryfi_extract_total, task_id=extract_and_load, execution_date=20230508T044000, start_date=20230509T045705, end_date=20230509T045707
[2023-05-09T04:57:07.682+0000] {local_task_job_runner.py:232} INFO - Task exited with return code 0
[2023-05-09T04:57:07.779+0000] {taskinstance.py:2674} INFO - 0 downstream tasks scheduled from follow-on schedule check
