[2023-05-09T04:57:40.307+0000] {taskinstance.py:1125} INFO - Dependencies all met for dep_context=non-requeueable deps ti=<TaskInstance: veryfi_extract_total.extract_and_load scheduled__2023-05-08T12:20:00+00:00 [queued]>
[2023-05-09T04:57:40.352+0000] {taskinstance.py:1125} INFO - Dependencies all met for dep_context=requeueable deps ti=<TaskInstance: veryfi_extract_total.extract_and_load scheduled__2023-05-08T12:20:00+00:00 [queued]>
[2023-05-09T04:57:40.354+0000] {taskinstance.py:1331} INFO - Starting attempt 1 of 2
[2023-05-09T04:57:40.404+0000] {taskinstance.py:1350} INFO - Executing <Task(PythonOperator): extract_and_load> on 2023-05-08 12:20:00+00:00
[2023-05-09T04:57:40.419+0000] {standard_task_runner.py:57} INFO - Started process 1698 to run task
[2023-05-09T04:57:40.453+0000] {standard_task_runner.py:84} INFO - Running: ['***', 'tasks', 'run', 'veryfi_extract_total', 'extract_and_load', 'scheduled__2023-05-08T12:20:00+00:00', '--job-id', '466', '--raw', '--subdir', 'DAGS_FOLDER/ml_response_dag.py', '--cfg-path', '/tmp/tmp43aw41gq']
[2023-05-09T04:57:40.460+0000] {standard_task_runner.py:85} INFO - Job 466: Subtask extract_and_load
[2023-05-09T04:57:40.722+0000] {task_command.py:410} INFO - Running <TaskInstance: veryfi_extract_total.extract_and_load scheduled__2023-05-08T12:20:00+00:00 [running]> on host aa4b7d3de44b
[2023-05-09T04:57:41.152+0000] {taskinstance.py:1570} INFO - Exporting env vars: AIRFLOW_CTX_DAG_OWNER='***' AIRFLOW_CTX_DAG_ID='veryfi_extract_total' AIRFLOW_CTX_TASK_ID='extract_and_load' AIRFLOW_CTX_EXECUTION_DATE='2023-05-08T12:20:00+00:00' AIRFLOW_CTX_TRY_NUMBER='1' AIRFLOW_CTX_DAG_RUN_ID='scheduled__2023-05-08T12:20:00+00:00'
[2023-05-09T04:57:41.173+0000] {ml_response_dag.py:35} INFO - {}
[2023-05-09T04:57:41.175+0000] {ml_response_dag.py:36} INFO - 1
[2023-05-09T04:57:41.177+0000] {ml_response_dag.py:37} INFO - Inserted to db
[2023-05-09T04:57:41.180+0000] {ml_response_dag.py:35} INFO - {'value': '544', 'score': 0.22, 'ocr_score': 0.81, 'bounding_box': [0.22, 0.37, 0.38, 0.52]}
[2023-05-09T04:57:41.184+0000] {ml_response_dag.py:36} INFO - 1
[2023-05-09T04:57:41.188+0000] {ml_response_dag.py:37} INFO - Inserted to db
[2023-05-09T04:57:41.194+0000] {ml_response_dag.py:35} INFO - {}
[2023-05-09T04:57:41.211+0000] {ml_response_dag.py:36} INFO - 1
[2023-05-09T04:57:41.216+0000] {ml_response_dag.py:37} INFO - Inserted to db
[2023-05-09T04:57:41.217+0000] {ml_response_dag.py:35} INFO - {}
[2023-05-09T04:57:41.220+0000] {ml_response_dag.py:36} INFO - 1
[2023-05-09T04:57:41.222+0000] {ml_response_dag.py:37} INFO - Inserted to db
[2023-05-09T04:57:41.225+0000] {ml_response_dag.py:35} INFO - {}
[2023-05-09T04:57:41.226+0000] {ml_response_dag.py:36} INFO - 1
[2023-05-09T04:57:41.226+0000] {ml_response_dag.py:37} INFO - Inserted to db
[2023-05-09T04:57:41.227+0000] {ml_response_dag.py:35} INFO - {}
[2023-05-09T04:57:41.227+0000] {ml_response_dag.py:36} INFO - 1
[2023-05-09T04:57:41.228+0000] {ml_response_dag.py:37} INFO - Inserted to db
[2023-05-09T04:57:41.228+0000] {ml_response_dag.py:35} INFO - {'value': '660', 'score': 0.48, 'ocr_score': 0.32, 'bounding_box': [0.07, 0.82, 0.06, 0.37]}
[2023-05-09T04:57:41.232+0000] {ml_response_dag.py:36} INFO - 1
[2023-05-09T04:57:41.235+0000] {ml_response_dag.py:37} INFO - Inserted to db
[2023-05-09T04:57:41.239+0000] {ml_response_dag.py:35} INFO - {}
[2023-05-09T04:57:41.244+0000] {ml_response_dag.py:36} INFO - 1
[2023-05-09T04:57:41.257+0000] {ml_response_dag.py:37} INFO - Inserted to db
[2023-05-09T04:57:41.259+0000] {ml_response_dag.py:35} INFO - {'value': '801', 'score': 0.92, 'ocr_score': 0.28, 'bounding_box': [0.56, 0.9, 0.37, 0.79]}
[2023-05-09T04:57:41.261+0000] {ml_response_dag.py:36} INFO - 1
[2023-05-09T04:57:41.262+0000] {ml_response_dag.py:37} INFO - Inserted to db
[2023-05-09T04:57:41.265+0000] {ml_response_dag.py:35} INFO - {}
[2023-05-09T04:57:41.266+0000] {ml_response_dag.py:36} INFO - 2
[2023-05-09T04:57:41.267+0000] {ml_response_dag.py:37} INFO - Inserted to db
[2023-05-09T04:57:41.270+0000] {ml_response_dag.py:35} INFO - {}
[2023-05-09T04:57:41.272+0000] {ml_response_dag.py:36} INFO - 2
[2023-05-09T04:57:41.293+0000] {ml_response_dag.py:37} INFO - Inserted to db
[2023-05-09T04:57:41.295+0000] {ml_response_dag.py:35} INFO - {'value': '880', 'score': 0.06, 'ocr_score': 0.1, 'bounding_box': [0.76, 0.47, 0.16, 0.27]}
[2023-05-09T04:57:41.296+0000] {ml_response_dag.py:36} INFO - 2
[2023-05-09T04:57:41.302+0000] {ml_response_dag.py:37} INFO - Inserted to db
[2023-05-09T04:57:41.305+0000] {ml_response_dag.py:35} INFO - {'value': '380', 'score': 0.11, 'ocr_score': 0.36, 'bounding_box': [0.99, 0.15, 0.39, 0.03]}
[2023-05-09T04:57:41.306+0000] {ml_response_dag.py:36} INFO - 2
[2023-05-09T04:57:41.308+0000] {ml_response_dag.py:37} INFO - Inserted to db
[2023-05-09T04:57:41.310+0000] {ml_response_dag.py:35} INFO - {}
[2023-05-09T04:57:41.311+0000] {ml_response_dag.py:36} INFO - 2
[2023-05-09T04:57:41.313+0000] {ml_response_dag.py:37} INFO - Inserted to db
[2023-05-09T04:57:41.317+0000] {ml_response_dag.py:35} INFO - {'value': '770', 'score': 0.37, 'ocr_score': 0.84, 'bounding_box': [0.79, 0.15, 0.82, 0.6]}
[2023-05-09T04:57:41.320+0000] {ml_response_dag.py:36} INFO - 2
[2023-05-09T04:57:41.320+0000] {ml_response_dag.py:37} INFO - Inserted to db
[2023-05-09T04:57:41.325+0000] {ml_response_dag.py:35} INFO - {}
[2023-05-09T04:57:41.325+0000] {ml_response_dag.py:36} INFO - 2
[2023-05-09T04:57:41.326+0000] {ml_response_dag.py:37} INFO - Inserted to db
[2023-05-09T04:57:41.334+0000] {ml_response_dag.py:35} INFO - {}
[2023-05-09T04:57:41.336+0000] {ml_response_dag.py:36} INFO - 2
[2023-05-09T04:57:41.336+0000] {ml_response_dag.py:37} INFO - Inserted to db
[2023-05-09T04:57:41.343+0000] {ml_response_dag.py:35} INFO - {}
[2023-05-09T04:57:41.344+0000] {ml_response_dag.py:36} INFO - 2
[2023-05-09T04:57:41.344+0000] {ml_response_dag.py:37} INFO - Inserted to db
[2023-05-09T04:57:41.352+0000] {ml_response_dag.py:35} INFO - {}
[2023-05-09T04:57:41.352+0000] {ml_response_dag.py:36} INFO - 3
[2023-05-09T04:57:41.353+0000] {ml_response_dag.py:37} INFO - Inserted to db
[2023-05-09T04:57:41.354+0000] {ml_response_dag.py:35} INFO - {}
[2023-05-09T04:57:41.360+0000] {ml_response_dag.py:36} INFO - 4
[2023-05-09T04:57:41.370+0000] {ml_response_dag.py:37} INFO - Inserted to db
[2023-05-09T04:57:41.375+0000] {ml_response_dag.py:35} INFO - {}
[2023-05-09T04:57:41.376+0000] {ml_response_dag.py:36} INFO - 5
[2023-05-09T04:57:41.377+0000] {ml_response_dag.py:37} INFO - Inserted to db
[2023-05-09T04:57:41.381+0000] {ml_response_dag.py:35} INFO - {}
[2023-05-09T04:57:41.382+0000] {ml_response_dag.py:36} INFO - 5
[2023-05-09T04:57:41.384+0000] {ml_response_dag.py:37} INFO - Inserted to db
[2023-05-09T04:57:41.385+0000] {ml_response_dag.py:35} INFO - {'value': '418', 'score': 0.49, 'ocr_score': 0.15, 'bounding_box': [0.88, 0.92, 0.46, 0.3]}
[2023-05-09T04:57:41.386+0000] {ml_response_dag.py:36} INFO - 5
[2023-05-09T04:57:41.386+0000] {ml_response_dag.py:37} INFO - Inserted to db
[2023-05-09T04:57:41.388+0000] {ml_response_dag.py:35} INFO - {}
[2023-05-09T04:57:41.389+0000] {ml_response_dag.py:36} INFO - 5
[2023-05-09T04:57:41.390+0000] {ml_response_dag.py:37} INFO - Inserted to db
[2023-05-09T04:57:41.390+0000] {ml_response_dag.py:35} INFO - {}
[2023-05-09T04:57:41.391+0000] {ml_response_dag.py:36} INFO - 5
[2023-05-09T04:57:41.391+0000] {ml_response_dag.py:37} INFO - Inserted to db
[2023-05-09T04:57:41.395+0000] {ml_response_dag.py:35} INFO - {'value': '78', 'score': 0.03, 'ocr_score': 0.66, 'bounding_box': [0.31, 0.81, 0.43, 0.03]}
[2023-05-09T04:57:41.397+0000] {ml_response_dag.py:36} INFO - 5
[2023-05-09T04:57:41.400+0000] {ml_response_dag.py:37} INFO - Inserted to db
[2023-05-09T04:57:41.410+0000] {ml_response_dag.py:35} INFO - {}
[2023-05-09T04:57:41.412+0000] {ml_response_dag.py:36} INFO - 5
[2023-05-09T04:57:41.413+0000] {ml_response_dag.py:37} INFO - Inserted to db
[2023-05-09T04:57:41.413+0000] {ml_response_dag.py:35} INFO - {'value': '889', 'score': 0.72, 'ocr_score': 0.56, 'bounding_box': [0.38, 0.17, 0.28, 1.0]}
[2023-05-09T04:57:41.414+0000] {ml_response_dag.py:36} INFO - 5
[2023-05-09T04:57:41.414+0000] {ml_response_dag.py:37} INFO - Inserted to db
[2023-05-09T04:57:41.419+0000] {ml_response_dag.py:35} INFO - {'value': '292', 'score': 0.23, 'ocr_score': 0.39, 'bounding_box': [0.45, 0.93, 0.07, 0.2]}
[2023-05-09T04:57:41.420+0000] {ml_response_dag.py:36} INFO - 5
[2023-05-09T04:57:41.420+0000] {ml_response_dag.py:37} INFO - Inserted to db
[2023-05-09T04:57:41.425+0000] {ml_response_dag.py:35} INFO - {}
[2023-05-09T04:57:41.426+0000] {ml_response_dag.py:36} INFO - 6
[2023-05-09T04:57:41.430+0000] {ml_response_dag.py:37} INFO - Inserted to db
[2023-05-09T04:57:41.430+0000] {ml_response_dag.py:35} INFO - {'value': '542', 'score': 0.01, 'ocr_score': 0.03, 'bounding_box': [0.27, 0.53, 0.77, 0.97]}
[2023-05-09T04:57:41.431+0000] {ml_response_dag.py:36} INFO - 7
[2023-05-09T04:57:41.432+0000] {ml_response_dag.py:37} INFO - Inserted to db
[2023-05-09T04:57:41.432+0000] {ml_response_dag.py:35} INFO - {'value': '342', 'score': 0.56, 'ocr_score': 0.14, 'bounding_box': [0.77, 0.91, 0.18, 0.2]}
[2023-05-09T04:57:41.433+0000] {ml_response_dag.py:36} INFO - 7
[2023-05-09T04:57:41.433+0000] {ml_response_dag.py:37} INFO - Inserted to db
[2023-05-09T04:57:41.434+0000] {ml_response_dag.py:35} INFO - {'value': '967', 'score': 0.78, 'ocr_score': 0.39, 'bounding_box': [0.86, 0.38, 0.41, 0.36]}
[2023-05-09T04:57:41.435+0000] {ml_response_dag.py:36} INFO - 7
[2023-05-09T04:57:41.444+0000] {ml_response_dag.py:37} INFO - Inserted to db
[2023-05-09T04:57:41.445+0000] {ml_response_dag.py:35} INFO - {'value': '100', 'score': 0.68, 'ocr_score': 0.75, 'bounding_box': [0.32, 0.6, 0.97, 0.05]}
[2023-05-09T04:57:41.446+0000] {ml_response_dag.py:36} INFO - 7
[2023-05-09T04:57:41.459+0000] {ml_response_dag.py:37} INFO - Inserted to db
[2023-05-09T04:57:41.462+0000] {ml_response_dag.py:35} INFO - {}
[2023-05-09T04:57:41.464+0000] {ml_response_dag.py:36} INFO - 7
[2023-05-09T04:57:41.465+0000] {ml_response_dag.py:37} INFO - Inserted to db
[2023-05-09T04:57:41.466+0000] {ml_response_dag.py:35} INFO - {}
[2023-05-09T04:57:41.466+0000] {ml_response_dag.py:36} INFO - 7
[2023-05-09T04:57:41.466+0000] {ml_response_dag.py:37} INFO - Inserted to db
[2023-05-09T04:57:41.468+0000] {ml_response_dag.py:35} INFO - {'value': '858', 'score': 0.94, 'ocr_score': 0.64, 'bounding_box': [0.22, 0.37, 0.17, 0.07]}
[2023-05-09T04:57:41.470+0000] {ml_response_dag.py:36} INFO - 7
[2023-05-09T04:57:41.473+0000] {ml_response_dag.py:37} INFO - Inserted to db
[2023-05-09T04:57:41.475+0000] {ml_response_dag.py:35} INFO - {}
[2023-05-09T04:57:41.477+0000] {ml_response_dag.py:36} INFO - 7
[2023-05-09T04:57:41.480+0000] {ml_response_dag.py:37} INFO - Inserted to db
[2023-05-09T04:57:41.481+0000] {ml_response_dag.py:35} INFO - {'value': '633', 'score': 0.77, 'ocr_score': 0.17, 'bounding_box': [0.44, 0.56, 0.26, 0.15]}
[2023-05-09T04:57:41.482+0000] {ml_response_dag.py:36} INFO - 7
[2023-05-09T04:57:41.484+0000] {ml_response_dag.py:37} INFO - Inserted to db
[2023-05-09T04:57:41.485+0000] {ml_response_dag.py:35} INFO - {'value': '609', 'score': 0.47, 'ocr_score': 0.56, 'bounding_box': [0.3, 0.87, 0.78, 0.92]}
[2023-05-09T04:57:41.486+0000] {ml_response_dag.py:36} INFO - 8
[2023-05-09T04:57:41.488+0000] {ml_response_dag.py:37} INFO - Inserted to db
[2023-05-09T04:57:41.494+0000] {ml_response_dag.py:35} INFO - {'value': '331', 'score': 0.49, 'ocr_score': 0.99, 'bounding_box': [0.55, 0.36, 0.08, 0.43]}
[2023-05-09T04:57:41.495+0000] {ml_response_dag.py:36} INFO - 8
[2023-05-09T04:57:41.501+0000] {ml_response_dag.py:37} INFO - Inserted to db
[2023-05-09T04:57:41.504+0000] {ml_response_dag.py:35} INFO - {'value': '142', 'score': 0.0, 'ocr_score': 0.58, 'bounding_box': [0.17, 0.36, 0.83, 0.62]}
[2023-05-09T04:57:41.507+0000] {ml_response_dag.py:36} INFO - 8
[2023-05-09T04:57:41.508+0000] {ml_response_dag.py:37} INFO - Inserted to db
[2023-05-09T04:57:41.527+0000] {ml_response_dag.py:35} INFO - {}
[2023-05-09T04:57:41.532+0000] {ml_response_dag.py:36} INFO - 8
[2023-05-09T04:57:41.533+0000] {ml_response_dag.py:37} INFO - Inserted to db
[2023-05-09T04:57:41.533+0000] {ml_response_dag.py:35} INFO - {}
[2023-05-09T04:57:41.534+0000] {ml_response_dag.py:36} INFO - 8
[2023-05-09T04:57:41.535+0000] {ml_response_dag.py:37} INFO - Inserted to db
[2023-05-09T04:57:41.537+0000] {ml_response_dag.py:35} INFO - {}
[2023-05-09T04:57:41.537+0000] {ml_response_dag.py:36} INFO - 8
[2023-05-09T04:57:41.538+0000] {ml_response_dag.py:37} INFO - Inserted to db
[2023-05-09T04:57:41.539+0000] {ml_response_dag.py:35} INFO - {'value': '826', 'score': 0.74, 'ocr_score': 0.69, 'bounding_box': [0.98, 0.11, 0.14, 0.96]}
[2023-05-09T04:57:41.540+0000] {ml_response_dag.py:36} INFO - 8
[2023-05-09T04:57:41.540+0000] {ml_response_dag.py:37} INFO - Inserted to db
[2023-05-09T04:57:41.541+0000] {ml_response_dag.py:35} INFO - {}
[2023-05-09T04:57:41.541+0000] {ml_response_dag.py:36} INFO - 8
[2023-05-09T04:57:41.542+0000] {ml_response_dag.py:37} INFO - Inserted to db
[2023-05-09T04:57:41.542+0000] {ml_response_dag.py:35} INFO - {'value': '299', 'score': 0.85, 'ocr_score': 0.04, 'bounding_box': [0.14, 0.46, 0.06, 0.65]}
[2023-05-09T04:57:41.543+0000] {ml_response_dag.py:36} INFO - 8
[2023-05-09T04:57:41.543+0000] {ml_response_dag.py:37} INFO - Inserted to db
[2023-05-09T04:57:41.544+0000] {ml_response_dag.py:35} INFO - {'value': '362', 'score': 0.62, 'ocr_score': 0.51, 'bounding_box': [0.42, 0.48, 0.21, 0.45]}
[2023-05-09T04:57:41.544+0000] {ml_response_dag.py:36} INFO - 9
[2023-05-09T04:57:41.545+0000] {ml_response_dag.py:37} INFO - Inserted to db
[2023-05-09T04:57:41.545+0000] {ml_response_dag.py:35} INFO - {'value': '288', 'score': 0.77, 'ocr_score': 0.23, 'bounding_box': [0.16, 0.03, 0.68, 0.81]}
[2023-05-09T04:57:41.547+0000] {ml_response_dag.py:36} INFO - 9
[2023-05-09T04:57:41.551+0000] {ml_response_dag.py:37} INFO - Inserted to db
[2023-05-09T04:57:41.553+0000] {ml_response_dag.py:35} INFO - {'value': '803', 'score': 0.03, 'ocr_score': 0.42, 'bounding_box': [0.05, 0.5, 0.56, 0.95]}
[2023-05-09T04:57:41.556+0000] {ml_response_dag.py:36} INFO - 9
[2023-05-09T04:57:41.557+0000] {ml_response_dag.py:37} INFO - Inserted to db
[2023-05-09T04:57:41.558+0000] {ml_response_dag.py:35} INFO - {'value': '750', 'score': 0.85, 'ocr_score': 0.27, 'bounding_box': [0.71, 0.07, 0.54, 0.9]}
[2023-05-09T04:57:41.564+0000] {ml_response_dag.py:36} INFO - 9
[2023-05-09T04:57:41.566+0000] {ml_response_dag.py:37} INFO - Inserted to db
[2023-05-09T04:57:41.570+0000] {ml_response_dag.py:35} INFO - {'value': '148', 'score': 0.41, 'ocr_score': 0.97, 'bounding_box': [0.44, 0.51, 0.69, 0.67]}
[2023-05-09T04:57:41.571+0000] {ml_response_dag.py:36} INFO - 9
[2023-05-09T04:57:41.572+0000] {ml_response_dag.py:37} INFO - Inserted to db
[2023-05-09T04:57:41.573+0000] {ml_response_dag.py:35} INFO - {'value': '161', 'score': 0.49, 'ocr_score': 0.58, 'bounding_box': [0.51, 0.51, 0.55, 0.06]}
[2023-05-09T04:57:41.573+0000] {ml_response_dag.py:36} INFO - 9
[2023-05-09T04:57:41.574+0000] {ml_response_dag.py:37} INFO - Inserted to db
[2023-05-09T04:57:41.575+0000] {ml_response_dag.py:35} INFO - {}
[2023-05-09T04:57:41.575+0000] {ml_response_dag.py:36} INFO - 9
[2023-05-09T04:57:41.576+0000] {ml_response_dag.py:37} INFO - Inserted to db
[2023-05-09T04:57:41.577+0000] {ml_response_dag.py:35} INFO - {}
[2023-05-09T04:57:41.577+0000] {ml_response_dag.py:36} INFO - 9
[2023-05-09T04:57:41.578+0000] {ml_response_dag.py:37} INFO - Inserted to db
[2023-05-09T04:57:41.579+0000] {ml_response_dag.py:35} INFO - {}
[2023-05-09T04:57:41.580+0000] {ml_response_dag.py:36} INFO - 9
[2023-05-09T04:57:41.582+0000] {ml_response_dag.py:37} INFO - Inserted to db
[2023-05-09T04:57:41.584+0000] {ml_response_dag.py:35} INFO - {'value': '842', 'score': 0.47, 'ocr_score': 0.75, 'bounding_box': [0.16, 0.91, 0.32, 0.53]}
[2023-05-09T04:57:41.585+0000] {ml_response_dag.py:36} INFO - 10
[2023-05-09T04:57:41.585+0000] {ml_response_dag.py:37} INFO - Inserted to db
[2023-05-09T04:57:41.586+0000] {ml_response_dag.py:35} INFO - {}
[2023-05-09T04:57:41.588+0000] {ml_response_dag.py:36} INFO - 10
[2023-05-09T04:57:41.589+0000] {ml_response_dag.py:37} INFO - Inserted to db
[2023-05-09T04:57:41.589+0000] {ml_response_dag.py:35} INFO - {}
[2023-05-09T04:57:41.591+0000] {ml_response_dag.py:36} INFO - 10
[2023-05-09T04:57:41.591+0000] {ml_response_dag.py:37} INFO - Inserted to db
[2023-05-09T04:57:41.592+0000] {ml_response_dag.py:35} INFO - {'value': '458', 'score': 0.81, 'ocr_score': 0.31, 'bounding_box': [0.69, 0.54, 0.48, 0.39]}
[2023-05-09T04:57:41.592+0000] {ml_response_dag.py:36} INFO - 10
[2023-05-09T04:57:41.593+0000] {ml_response_dag.py:37} INFO - Inserted to db
[2023-05-09T04:57:41.593+0000] {ml_response_dag.py:35} INFO - {'value': '776', 'score': 0.77, 'ocr_score': 0.34, 'bounding_box': [0.76, 0.85, 0.56, 0.82]}
[2023-05-09T04:57:41.594+0000] {ml_response_dag.py:36} INFO - 10
[2023-05-09T04:57:41.594+0000] {ml_response_dag.py:37} INFO - Inserted to db
[2023-05-09T04:57:41.596+0000] {ml_response_dag.py:35} INFO - {}
[2023-05-09T04:57:41.596+0000] {ml_response_dag.py:36} INFO - 10
[2023-05-09T04:57:41.597+0000] {ml_response_dag.py:37} INFO - Inserted to db
[2023-05-09T04:57:41.597+0000] {ml_response_dag.py:35} INFO - {'value': '51', 'score': 0.76, 'ocr_score': 0.29, 'bounding_box': [0.79, 0.88, 0.43, 0.21]}
[2023-05-09T04:57:41.597+0000] {ml_response_dag.py:36} INFO - 10
[2023-05-09T04:57:41.598+0000] {ml_response_dag.py:37} INFO - Inserted to db
[2023-05-09T04:57:41.598+0000] {ml_response_dag.py:35} INFO - {'value': '843', 'score': 0.05, 'ocr_score': 0.96, 'bounding_box': [0.84, 0.04, 0.6, 0.52]}
[2023-05-09T04:57:41.599+0000] {ml_response_dag.py:36} INFO - 10
[2023-05-09T04:57:41.599+0000] {ml_response_dag.py:37} INFO - Inserted to db
[2023-05-09T04:57:41.599+0000] {ml_response_dag.py:35} INFO - {'value': '517', 'score': 0.75, 'ocr_score': 0.74, 'bounding_box': [0.65, 0.92, 0.1, 0.59]}
[2023-05-09T04:57:41.600+0000] {ml_response_dag.py:36} INFO - 10
[2023-05-09T04:57:41.600+0000] {ml_response_dag.py:37} INFO - Inserted to db
[2023-05-09T04:57:41.605+0000] {ml_response_dag.py:35} INFO - {}
[2023-05-09T04:57:41.606+0000] {ml_response_dag.py:36} INFO - 11
[2023-05-09T04:57:41.606+0000] {ml_response_dag.py:37} INFO - Inserted to db
[2023-05-09T04:57:41.607+0000] {ml_response_dag.py:35} INFO - {}
[2023-05-09T04:57:41.614+0000] {ml_response_dag.py:36} INFO - 11
[2023-05-09T04:57:41.615+0000] {ml_response_dag.py:37} INFO - Inserted to db
[2023-05-09T04:57:41.616+0000] {ml_response_dag.py:35} INFO - {'value': '288', 'score': 0.6, 'ocr_score': 0.29, 'bounding_box': [0.96, 0.39, 0.81, 0.96]}
[2023-05-09T04:57:41.617+0000] {ml_response_dag.py:36} INFO - 11
[2023-05-09T04:57:41.618+0000] {ml_response_dag.py:37} INFO - Inserted to db
[2023-05-09T04:57:41.619+0000] {ml_response_dag.py:35} INFO - {'value': '878', 'score': 0.44, 'ocr_score': 0.56, 'bounding_box': [0.46, 0.03, 0.06, 0.3]}
[2023-05-09T04:57:41.620+0000] {ml_response_dag.py:36} INFO - 11
[2023-05-09T04:57:41.621+0000] {ml_response_dag.py:37} INFO - Inserted to db
[2023-05-09T04:57:41.623+0000] {ml_response_dag.py:35} INFO - {}
[2023-05-09T04:57:41.624+0000] {ml_response_dag.py:36} INFO - 11
[2023-05-09T04:57:41.625+0000] {ml_response_dag.py:37} INFO - Inserted to db
[2023-05-09T04:57:41.626+0000] {ml_response_dag.py:35} INFO - {}
[2023-05-09T04:57:41.627+0000] {ml_response_dag.py:36} INFO - 11
[2023-05-09T04:57:41.627+0000] {ml_response_dag.py:37} INFO - Inserted to db
[2023-05-09T04:57:41.628+0000] {ml_response_dag.py:35} INFO - {}
[2023-05-09T04:57:41.633+0000] {ml_response_dag.py:36} INFO - 11
[2023-05-09T04:57:41.634+0000] {ml_response_dag.py:37} INFO - Inserted to db
[2023-05-09T04:57:41.640+0000] {ml_response_dag.py:35} INFO - {'value': '650', 'score': 0.79, 'ocr_score': 0.64, 'bounding_box': [0.13, 0.78, 0.29, 0.37]}
[2023-05-09T04:57:41.641+0000] {ml_response_dag.py:36} INFO - 11
[2023-05-09T04:57:41.641+0000] {ml_response_dag.py:37} INFO - Inserted to db
[2023-05-09T04:57:41.642+0000] {ml_response_dag.py:35} INFO - {}
[2023-05-09T04:57:41.642+0000] {ml_response_dag.py:36} INFO - 11
[2023-05-09T04:57:41.643+0000] {ml_response_dag.py:37} INFO - Inserted to db
[2023-05-09T04:57:41.643+0000] {ml_response_dag.py:35} INFO - {'value': '643', 'score': 0.23, 'ocr_score': 0.72, 'bounding_box': [0.01, 0.39, 0.58, 0.53]}
[2023-05-09T04:57:41.645+0000] {ml_response_dag.py:36} INFO - 12
[2023-05-09T04:57:41.646+0000] {ml_response_dag.py:37} INFO - Inserted to db
[2023-05-09T04:57:41.647+0000] {ml_response_dag.py:35} INFO - {}
[2023-05-09T04:57:41.648+0000] {ml_response_dag.py:36} INFO - 13
[2023-05-09T04:57:41.648+0000] {ml_response_dag.py:37} INFO - Inserted to db
[2023-05-09T04:57:41.649+0000] {ml_response_dag.py:35} INFO - {}
[2023-05-09T04:57:41.649+0000] {ml_response_dag.py:36} INFO - 14
[2023-05-09T04:57:41.650+0000] {ml_response_dag.py:37} INFO - Inserted to db
[2023-05-09T04:57:41.650+0000] {ml_response_dag.py:35} INFO - {'value': '141', 'score': 0.27, 'ocr_score': 0.93, 'bounding_box': [0.24, 0.73, 0.11, 0.89]}
[2023-05-09T04:57:41.651+0000] {ml_response_dag.py:36} INFO - 15
[2023-05-09T04:57:41.658+0000] {ml_response_dag.py:37} INFO - Inserted to db
[2023-05-09T04:57:41.672+0000] {ml_response_dag.py:35} INFO - {'value': '59', 'score': 0.45, 'ocr_score': 0.57, 'bounding_box': [0.45, 0.64, 0.68, 0.17]}
[2023-05-09T04:57:41.673+0000] {ml_response_dag.py:36} INFO - 15
[2023-05-09T04:57:41.678+0000] {ml_response_dag.py:37} INFO - Inserted to db
[2023-05-09T04:57:41.684+0000] {ml_response_dag.py:35} INFO - {'value': '333', 'score': 0.34, 'ocr_score': 0.85, 'bounding_box': [0.81, 0.57, 0.99, 0.77]}
[2023-05-09T04:57:41.685+0000] {ml_response_dag.py:36} INFO - 15
[2023-05-09T04:57:41.688+0000] {ml_response_dag.py:37} INFO - Inserted to db
[2023-05-09T04:57:41.689+0000] {ml_response_dag.py:35} INFO - {'value': '257', 'score': 0.11, 'ocr_score': 0.43, 'bounding_box': [0.37, 0.55, 0.53, 0.66]}
[2023-05-09T04:57:41.689+0000] {ml_response_dag.py:36} INFO - 15
[2023-05-09T04:57:41.690+0000] {ml_response_dag.py:37} INFO - Inserted to db
[2023-05-09T04:57:41.691+0000] {ml_response_dag.py:35} INFO - {'value': '190', 'score': 0.21, 'ocr_score': 0.83, 'bounding_box': [0.88, 0.83, 0.57, 0.11]}
[2023-05-09T04:57:41.692+0000] {ml_response_dag.py:36} INFO - 15
[2023-05-09T04:57:41.692+0000] {ml_response_dag.py:37} INFO - Inserted to db
[2023-05-09T04:57:41.693+0000] {ml_response_dag.py:35} INFO - {}
[2023-05-09T04:57:41.693+0000] {ml_response_dag.py:36} INFO - 15
[2023-05-09T04:57:41.694+0000] {ml_response_dag.py:37} INFO - Inserted to db
[2023-05-09T04:57:41.695+0000] {ml_response_dag.py:35} INFO - {}
[2023-05-09T04:57:41.695+0000] {ml_response_dag.py:36} INFO - 15
[2023-05-09T04:57:41.696+0000] {ml_response_dag.py:37} INFO - Inserted to db
[2023-05-09T04:57:41.696+0000] {ml_response_dag.py:35} INFO - {}
[2023-05-09T04:57:41.696+0000] {ml_response_dag.py:36} INFO - 15
[2023-05-09T04:57:41.697+0000] {ml_response_dag.py:37} INFO - Inserted to db
[2023-05-09T04:57:41.698+0000] {ml_response_dag.py:35} INFO - {'value': '475', 'score': 0.57, 'ocr_score': 0.49, 'bounding_box': [0.4, 0.3, 0.99, 0.32]}
[2023-05-09T04:57:41.700+0000] {ml_response_dag.py:36} INFO - 15
[2023-05-09T04:57:41.702+0000] {ml_response_dag.py:37} INFO - Inserted to db
[2023-05-09T04:57:41.704+0000] {ml_response_dag.py:35} INFO - {'value': '745', 'score': 0.84, 'ocr_score': 0.82, 'bounding_box': [0.84, 0.57, 0.94, 0.44]}
[2023-05-09T04:57:41.706+0000] {ml_response_dag.py:36} INFO - 16
[2023-05-09T04:57:41.707+0000] {ml_response_dag.py:37} INFO - Inserted to db
[2023-05-09T04:57:41.713+0000] {python.py:183} INFO - Done. Returned value was: None
[2023-05-09T04:57:41.865+0000] {taskinstance.py:1373} INFO - Marking task as SUCCESS. dag_id=veryfi_extract_total, task_id=extract_and_load, execution_date=20230508T122000, start_date=20230509T045740, end_date=20230509T045741
[2023-05-09T04:57:41.972+0000] {local_task_job_runner.py:232} INFO - Task exited with return code 0
[2023-05-09T04:57:42.112+0000] {taskinstance.py:2674} INFO - 0 downstream tasks scheduled from follow-on schedule check
