[2023-05-09T04:57:04.081+0000] {taskinstance.py:1125} INFO - Dependencies all met for dep_context=non-requeueable deps ti=<TaskInstance: veryfi_extract_total.extract_and_load scheduled__2023-05-08T03:50:00+00:00 [queued]>
[2023-05-09T04:57:04.107+0000] {taskinstance.py:1125} INFO - Dependencies all met for dep_context=requeueable deps ti=<TaskInstance: veryfi_extract_total.extract_and_load scheduled__2023-05-08T03:50:00+00:00 [queued]>
[2023-05-09T04:57:04.108+0000] {taskinstance.py:1331} INFO - Starting attempt 1 of 2
[2023-05-09T04:57:04.178+0000] {taskinstance.py:1350} INFO - Executing <Task(PythonOperator): extract_and_load> on 2023-05-08 03:50:00+00:00
[2023-05-09T04:57:04.185+0000] {standard_task_runner.py:57} INFO - Started process 1579 to run task
[2023-05-09T04:57:04.221+0000] {standard_task_runner.py:84} INFO - Running: ['***', 'tasks', 'run', 'veryfi_extract_total', 'extract_and_load', 'scheduled__2023-05-08T03:50:00+00:00', '--job-id', '415', '--raw', '--subdir', 'DAGS_FOLDER/ml_response_dag.py', '--cfg-path', '/tmp/tmpgrmwp5lx']
[2023-05-09T04:57:04.230+0000] {standard_task_runner.py:85} INFO - Job 415: Subtask extract_and_load
[2023-05-09T04:57:04.702+0000] {task_command.py:410} INFO - Running <TaskInstance: veryfi_extract_total.extract_and_load scheduled__2023-05-08T03:50:00+00:00 [running]> on host aa4b7d3de44b
[2023-05-09T04:57:05.261+0000] {taskinstance.py:1570} INFO - Exporting env vars: AIRFLOW_CTX_DAG_OWNER='***' AIRFLOW_CTX_DAG_ID='veryfi_extract_total' AIRFLOW_CTX_TASK_ID='extract_and_load' AIRFLOW_CTX_EXECUTION_DATE='2023-05-08T03:50:00+00:00' AIRFLOW_CTX_TRY_NUMBER='1' AIRFLOW_CTX_DAG_RUN_ID='scheduled__2023-05-08T03:50:00+00:00'
[2023-05-09T04:57:05.296+0000] {ml_response_dag.py:35} INFO - {}
[2023-05-09T04:57:05.297+0000] {ml_response_dag.py:36} INFO - 1
[2023-05-09T04:57:05.298+0000] {ml_response_dag.py:37} INFO - Inserted to db
[2023-05-09T04:57:05.301+0000] {ml_response_dag.py:35} INFO - {'value': '544', 'score': 0.22, 'ocr_score': 0.81, 'bounding_box': [0.22, 0.37, 0.38, 0.52]}
[2023-05-09T04:57:05.304+0000] {ml_response_dag.py:36} INFO - 1
[2023-05-09T04:57:05.305+0000] {ml_response_dag.py:37} INFO - Inserted to db
[2023-05-09T04:57:05.308+0000] {ml_response_dag.py:35} INFO - {}
[2023-05-09T04:57:05.309+0000] {ml_response_dag.py:36} INFO - 1
[2023-05-09T04:57:05.310+0000] {ml_response_dag.py:37} INFO - Inserted to db
[2023-05-09T04:57:05.314+0000] {ml_response_dag.py:35} INFO - {}
[2023-05-09T04:57:05.316+0000] {ml_response_dag.py:36} INFO - 1
[2023-05-09T04:57:05.317+0000] {ml_response_dag.py:37} INFO - Inserted to db
[2023-05-09T04:57:05.318+0000] {ml_response_dag.py:35} INFO - {}
[2023-05-09T04:57:05.319+0000] {ml_response_dag.py:36} INFO - 1
[2023-05-09T04:57:05.319+0000] {ml_response_dag.py:37} INFO - Inserted to db
[2023-05-09T04:57:05.321+0000] {ml_response_dag.py:35} INFO - {}
[2023-05-09T04:57:05.321+0000] {ml_response_dag.py:36} INFO - 1
[2023-05-09T04:57:05.322+0000] {ml_response_dag.py:37} INFO - Inserted to db
[2023-05-09T04:57:05.323+0000] {ml_response_dag.py:35} INFO - {'value': '660', 'score': 0.48, 'ocr_score': 0.32, 'bounding_box': [0.07, 0.82, 0.06, 0.37]}
[2023-05-09T04:57:05.324+0000] {ml_response_dag.py:36} INFO - 1
[2023-05-09T04:57:05.324+0000] {ml_response_dag.py:37} INFO - Inserted to db
[2023-05-09T04:57:05.325+0000] {ml_response_dag.py:35} INFO - {}
[2023-05-09T04:57:05.325+0000] {ml_response_dag.py:36} INFO - 1
[2023-05-09T04:57:05.325+0000] {ml_response_dag.py:37} INFO - Inserted to db
[2023-05-09T04:57:05.333+0000] {ml_response_dag.py:35} INFO - {'value': '801', 'score': 0.92, 'ocr_score': 0.28, 'bounding_box': [0.56, 0.9, 0.37, 0.79]}
[2023-05-09T04:57:05.334+0000] {ml_response_dag.py:36} INFO - 1
[2023-05-09T04:57:05.334+0000] {ml_response_dag.py:37} INFO - Inserted to db
[2023-05-09T04:57:05.335+0000] {ml_response_dag.py:35} INFO - {}
[2023-05-09T04:57:05.335+0000] {ml_response_dag.py:36} INFO - 2
[2023-05-09T04:57:05.335+0000] {ml_response_dag.py:37} INFO - Inserted to db
[2023-05-09T04:57:05.336+0000] {ml_response_dag.py:35} INFO - {}
[2023-05-09T04:57:05.336+0000] {ml_response_dag.py:36} INFO - 2
[2023-05-09T04:57:05.337+0000] {ml_response_dag.py:37} INFO - Inserted to db
[2023-05-09T04:57:05.338+0000] {ml_response_dag.py:35} INFO - {'value': '880', 'score': 0.06, 'ocr_score': 0.1, 'bounding_box': [0.76, 0.47, 0.16, 0.27]}
[2023-05-09T04:57:05.338+0000] {ml_response_dag.py:36} INFO - 2
[2023-05-09T04:57:05.338+0000] {ml_response_dag.py:37} INFO - Inserted to db
[2023-05-09T04:57:05.339+0000] {ml_response_dag.py:35} INFO - {'value': '380', 'score': 0.11, 'ocr_score': 0.36, 'bounding_box': [0.99, 0.15, 0.39, 0.03]}
[2023-05-09T04:57:05.339+0000] {ml_response_dag.py:36} INFO - 2
[2023-05-09T04:57:05.343+0000] {ml_response_dag.py:37} INFO - Inserted to db
[2023-05-09T04:57:05.345+0000] {ml_response_dag.py:35} INFO - {}
[2023-05-09T04:57:05.345+0000] {ml_response_dag.py:36} INFO - 2
[2023-05-09T04:57:05.345+0000] {ml_response_dag.py:37} INFO - Inserted to db
[2023-05-09T04:57:05.346+0000] {ml_response_dag.py:35} INFO - {'value': '770', 'score': 0.37, 'ocr_score': 0.84, 'bounding_box': [0.79, 0.15, 0.82, 0.6]}
[2023-05-09T04:57:05.346+0000] {ml_response_dag.py:36} INFO - 2
[2023-05-09T04:57:05.347+0000] {ml_response_dag.py:37} INFO - Inserted to db
[2023-05-09T04:57:05.348+0000] {ml_response_dag.py:35} INFO - {}
[2023-05-09T04:57:05.348+0000] {ml_response_dag.py:36} INFO - 2
[2023-05-09T04:57:05.349+0000] {ml_response_dag.py:37} INFO - Inserted to db
[2023-05-09T04:57:05.349+0000] {ml_response_dag.py:35} INFO - {}
[2023-05-09T04:57:05.350+0000] {ml_response_dag.py:36} INFO - 2
[2023-05-09T04:57:05.350+0000] {ml_response_dag.py:37} INFO - Inserted to db
[2023-05-09T04:57:05.351+0000] {ml_response_dag.py:35} INFO - {}
[2023-05-09T04:57:05.351+0000] {ml_response_dag.py:36} INFO - 2
[2023-05-09T04:57:05.351+0000] {ml_response_dag.py:37} INFO - Inserted to db
[2023-05-09T04:57:05.352+0000] {ml_response_dag.py:35} INFO - {}
[2023-05-09T04:57:05.352+0000] {ml_response_dag.py:36} INFO - 3
[2023-05-09T04:57:05.353+0000] {ml_response_dag.py:37} INFO - Inserted to db
[2023-05-09T04:57:05.353+0000] {ml_response_dag.py:35} INFO - {}
[2023-05-09T04:57:05.354+0000] {ml_response_dag.py:36} INFO - 4
[2023-05-09T04:57:05.354+0000] {ml_response_dag.py:37} INFO - Inserted to db
[2023-05-09T04:57:05.355+0000] {ml_response_dag.py:35} INFO - {}
[2023-05-09T04:57:05.356+0000] {ml_response_dag.py:36} INFO - 5
[2023-05-09T04:57:05.356+0000] {ml_response_dag.py:37} INFO - Inserted to db
[2023-05-09T04:57:05.357+0000] {ml_response_dag.py:35} INFO - {}
[2023-05-09T04:57:05.358+0000] {ml_response_dag.py:36} INFO - 5
[2023-05-09T04:57:05.358+0000] {ml_response_dag.py:37} INFO - Inserted to db
[2023-05-09T04:57:05.359+0000] {ml_response_dag.py:35} INFO - {'value': '418', 'score': 0.49, 'ocr_score': 0.15, 'bounding_box': [0.88, 0.92, 0.46, 0.3]}
[2023-05-09T04:57:05.359+0000] {ml_response_dag.py:36} INFO - 5
[2023-05-09T04:57:05.360+0000] {ml_response_dag.py:37} INFO - Inserted to db
[2023-05-09T04:57:05.360+0000] {ml_response_dag.py:35} INFO - {}
[2023-05-09T04:57:05.360+0000] {ml_response_dag.py:36} INFO - 5
[2023-05-09T04:57:05.361+0000] {ml_response_dag.py:37} INFO - Inserted to db
[2023-05-09T04:57:05.362+0000] {ml_response_dag.py:35} INFO - {}
[2023-05-09T04:57:05.363+0000] {ml_response_dag.py:36} INFO - 5
[2023-05-09T04:57:05.364+0000] {ml_response_dag.py:37} INFO - Inserted to db
[2023-05-09T04:57:05.365+0000] {ml_response_dag.py:35} INFO - {'value': '78', 'score': 0.03, 'ocr_score': 0.66, 'bounding_box': [0.31, 0.81, 0.43, 0.03]}
[2023-05-09T04:57:05.366+0000] {ml_response_dag.py:36} INFO - 5
[2023-05-09T04:57:05.367+0000] {ml_response_dag.py:37} INFO - Inserted to db
[2023-05-09T04:57:05.369+0000] {ml_response_dag.py:35} INFO - {}
[2023-05-09T04:57:05.371+0000] {ml_response_dag.py:36} INFO - 5
[2023-05-09T04:57:05.372+0000] {ml_response_dag.py:37} INFO - Inserted to db
[2023-05-09T04:57:05.378+0000] {ml_response_dag.py:35} INFO - {'value': '889', 'score': 0.72, 'ocr_score': 0.56, 'bounding_box': [0.38, 0.17, 0.28, 1.0]}
[2023-05-09T04:57:05.379+0000] {ml_response_dag.py:36} INFO - 5
[2023-05-09T04:57:05.381+0000] {ml_response_dag.py:37} INFO - Inserted to db
[2023-05-09T04:57:05.386+0000] {ml_response_dag.py:35} INFO - {'value': '292', 'score': 0.23, 'ocr_score': 0.39, 'bounding_box': [0.45, 0.93, 0.07, 0.2]}
[2023-05-09T04:57:05.387+0000] {ml_response_dag.py:36} INFO - 5
[2023-05-09T04:57:05.387+0000] {ml_response_dag.py:37} INFO - Inserted to db
[2023-05-09T04:57:05.389+0000] {ml_response_dag.py:35} INFO - {}
[2023-05-09T04:57:05.390+0000] {ml_response_dag.py:36} INFO - 6
[2023-05-09T04:57:05.390+0000] {ml_response_dag.py:37} INFO - Inserted to db
[2023-05-09T04:57:05.391+0000] {ml_response_dag.py:35} INFO - {'value': '542', 'score': 0.01, 'ocr_score': 0.03, 'bounding_box': [0.27, 0.53, 0.77, 0.97]}
[2023-05-09T04:57:05.391+0000] {ml_response_dag.py:36} INFO - 7
[2023-05-09T04:57:05.391+0000] {ml_response_dag.py:37} INFO - Inserted to db
[2023-05-09T04:57:05.393+0000] {ml_response_dag.py:35} INFO - {'value': '342', 'score': 0.56, 'ocr_score': 0.14, 'bounding_box': [0.77, 0.91, 0.18, 0.2]}
[2023-05-09T04:57:05.394+0000] {ml_response_dag.py:36} INFO - 7
[2023-05-09T04:57:05.394+0000] {ml_response_dag.py:37} INFO - Inserted to db
[2023-05-09T04:57:05.395+0000] {ml_response_dag.py:35} INFO - {'value': '967', 'score': 0.78, 'ocr_score': 0.39, 'bounding_box': [0.86, 0.38, 0.41, 0.36]}
[2023-05-09T04:57:05.396+0000] {ml_response_dag.py:36} INFO - 7
[2023-05-09T04:57:05.397+0000] {ml_response_dag.py:37} INFO - Inserted to db
[2023-05-09T04:57:05.397+0000] {ml_response_dag.py:35} INFO - {'value': '100', 'score': 0.68, 'ocr_score': 0.75, 'bounding_box': [0.32, 0.6, 0.97, 0.05]}
[2023-05-09T04:57:05.409+0000] {ml_response_dag.py:36} INFO - 7
[2023-05-09T04:57:05.420+0000] {ml_response_dag.py:37} INFO - Inserted to db
[2023-05-09T04:57:05.431+0000] {ml_response_dag.py:35} INFO - {}
[2023-05-09T04:57:05.432+0000] {ml_response_dag.py:36} INFO - 7
[2023-05-09T04:57:05.433+0000] {ml_response_dag.py:37} INFO - Inserted to db
[2023-05-09T04:57:05.434+0000] {ml_response_dag.py:35} INFO - {}
[2023-05-09T04:57:05.439+0000] {ml_response_dag.py:36} INFO - 7
[2023-05-09T04:57:05.441+0000] {ml_response_dag.py:37} INFO - Inserted to db
[2023-05-09T04:57:05.442+0000] {ml_response_dag.py:35} INFO - {'value': '858', 'score': 0.94, 'ocr_score': 0.64, 'bounding_box': [0.22, 0.37, 0.17, 0.07]}
[2023-05-09T04:57:05.442+0000] {ml_response_dag.py:36} INFO - 7
[2023-05-09T04:57:05.443+0000] {ml_response_dag.py:37} INFO - Inserted to db
[2023-05-09T04:57:05.443+0000] {ml_response_dag.py:35} INFO - {}
[2023-05-09T04:57:05.444+0000] {ml_response_dag.py:36} INFO - 7
[2023-05-09T04:57:05.444+0000] {ml_response_dag.py:37} INFO - Inserted to db
[2023-05-09T04:57:05.447+0000] {ml_response_dag.py:35} INFO - {'value': '633', 'score': 0.77, 'ocr_score': 0.17, 'bounding_box': [0.44, 0.56, 0.26, 0.15]}
[2023-05-09T04:57:05.448+0000] {ml_response_dag.py:36} INFO - 7
[2023-05-09T04:57:05.449+0000] {ml_response_dag.py:37} INFO - Inserted to db
[2023-05-09T04:57:05.449+0000] {ml_response_dag.py:35} INFO - {'value': '609', 'score': 0.47, 'ocr_score': 0.56, 'bounding_box': [0.3, 0.87, 0.78, 0.92]}
[2023-05-09T04:57:05.450+0000] {ml_response_dag.py:36} INFO - 8
[2023-05-09T04:57:05.450+0000] {ml_response_dag.py:37} INFO - Inserted to db
[2023-05-09T04:57:05.454+0000] {ml_response_dag.py:35} INFO - {'value': '331', 'score': 0.49, 'ocr_score': 0.99, 'bounding_box': [0.55, 0.36, 0.08, 0.43]}
[2023-05-09T04:57:05.455+0000] {ml_response_dag.py:36} INFO - 8
[2023-05-09T04:57:05.455+0000] {ml_response_dag.py:37} INFO - Inserted to db
[2023-05-09T04:57:05.456+0000] {ml_response_dag.py:35} INFO - {'value': '142', 'score': 0.0, 'ocr_score': 0.58, 'bounding_box': [0.17, 0.36, 0.83, 0.62]}
[2023-05-09T04:57:05.457+0000] {ml_response_dag.py:36} INFO - 8
[2023-05-09T04:57:05.461+0000] {ml_response_dag.py:37} INFO - Inserted to db
[2023-05-09T04:57:05.463+0000] {ml_response_dag.py:35} INFO - {}
[2023-05-09T04:57:05.464+0000] {ml_response_dag.py:36} INFO - 8
[2023-05-09T04:57:05.464+0000] {ml_response_dag.py:37} INFO - Inserted to db
[2023-05-09T04:57:05.467+0000] {ml_response_dag.py:35} INFO - {}
[2023-05-09T04:57:05.479+0000] {ml_response_dag.py:36} INFO - 8
[2023-05-09T04:57:05.480+0000] {ml_response_dag.py:37} INFO - Inserted to db
[2023-05-09T04:57:05.490+0000] {ml_response_dag.py:35} INFO - {}
[2023-05-09T04:57:05.498+0000] {ml_response_dag.py:36} INFO - 8
[2023-05-09T04:57:05.500+0000] {ml_response_dag.py:37} INFO - Inserted to db
[2023-05-09T04:57:05.502+0000] {ml_response_dag.py:35} INFO - {'value': '826', 'score': 0.74, 'ocr_score': 0.69, 'bounding_box': [0.98, 0.11, 0.14, 0.96]}
[2023-05-09T04:57:05.505+0000] {ml_response_dag.py:36} INFO - 8
[2023-05-09T04:57:05.506+0000] {ml_response_dag.py:37} INFO - Inserted to db
[2023-05-09T04:57:05.507+0000] {ml_response_dag.py:35} INFO - {}
[2023-05-09T04:57:05.508+0000] {ml_response_dag.py:36} INFO - 8
[2023-05-09T04:57:05.511+0000] {ml_response_dag.py:37} INFO - Inserted to db
[2023-05-09T04:57:05.517+0000] {ml_response_dag.py:35} INFO - {'value': '299', 'score': 0.85, 'ocr_score': 0.04, 'bounding_box': [0.14, 0.46, 0.06, 0.65]}
[2023-05-09T04:57:05.530+0000] {ml_response_dag.py:36} INFO - 8
[2023-05-09T04:57:05.532+0000] {ml_response_dag.py:37} INFO - Inserted to db
[2023-05-09T04:57:05.552+0000] {ml_response_dag.py:35} INFO - {'value': '362', 'score': 0.62, 'ocr_score': 0.51, 'bounding_box': [0.42, 0.48, 0.21, 0.45]}
[2023-05-09T04:57:05.567+0000] {ml_response_dag.py:36} INFO - 9
[2023-05-09T04:57:05.568+0000] {ml_response_dag.py:37} INFO - Inserted to db
[2023-05-09T04:57:05.578+0000] {ml_response_dag.py:35} INFO - {'value': '288', 'score': 0.77, 'ocr_score': 0.23, 'bounding_box': [0.16, 0.03, 0.68, 0.81]}
[2023-05-09T04:57:05.578+0000] {ml_response_dag.py:36} INFO - 9
[2023-05-09T04:57:05.579+0000] {ml_response_dag.py:37} INFO - Inserted to db
[2023-05-09T04:57:05.585+0000] {ml_response_dag.py:35} INFO - {'value': '803', 'score': 0.03, 'ocr_score': 0.42, 'bounding_box': [0.05, 0.5, 0.56, 0.95]}
[2023-05-09T04:57:05.592+0000] {ml_response_dag.py:36} INFO - 9
[2023-05-09T04:57:05.595+0000] {ml_response_dag.py:37} INFO - Inserted to db
[2023-05-09T04:57:05.598+0000] {ml_response_dag.py:35} INFO - {'value': '750', 'score': 0.85, 'ocr_score': 0.27, 'bounding_box': [0.71, 0.07, 0.54, 0.9]}
[2023-05-09T04:57:05.602+0000] {ml_response_dag.py:36} INFO - 9
[2023-05-09T04:57:05.603+0000] {ml_response_dag.py:37} INFO - Inserted to db
[2023-05-09T04:57:05.604+0000] {ml_response_dag.py:35} INFO - {'value': '148', 'score': 0.41, 'ocr_score': 0.97, 'bounding_box': [0.44, 0.51, 0.69, 0.67]}
[2023-05-09T04:57:05.605+0000] {ml_response_dag.py:36} INFO - 9
[2023-05-09T04:57:05.605+0000] {ml_response_dag.py:37} INFO - Inserted to db
[2023-05-09T04:57:05.609+0000] {ml_response_dag.py:35} INFO - {'value': '161', 'score': 0.49, 'ocr_score': 0.58, 'bounding_box': [0.51, 0.51, 0.55, 0.06]}
[2023-05-09T04:57:05.612+0000] {ml_response_dag.py:36} INFO - 9
[2023-05-09T04:57:05.616+0000] {ml_response_dag.py:37} INFO - Inserted to db
[2023-05-09T04:57:05.618+0000] {ml_response_dag.py:35} INFO - {}
[2023-05-09T04:57:05.619+0000] {ml_response_dag.py:36} INFO - 9
[2023-05-09T04:57:05.621+0000] {ml_response_dag.py:37} INFO - Inserted to db
[2023-05-09T04:57:05.627+0000] {ml_response_dag.py:35} INFO - {}
[2023-05-09T04:57:05.628+0000] {ml_response_dag.py:36} INFO - 9
[2023-05-09T04:57:05.628+0000] {ml_response_dag.py:37} INFO - Inserted to db
[2023-05-09T04:57:05.629+0000] {ml_response_dag.py:35} INFO - {}
[2023-05-09T04:57:05.630+0000] {ml_response_dag.py:36} INFO - 9
[2023-05-09T04:57:05.630+0000] {ml_response_dag.py:37} INFO - Inserted to db
[2023-05-09T04:57:05.631+0000] {ml_response_dag.py:35} INFO - {'value': '842', 'score': 0.47, 'ocr_score': 0.75, 'bounding_box': [0.16, 0.91, 0.32, 0.53]}
[2023-05-09T04:57:05.632+0000] {ml_response_dag.py:36} INFO - 10
[2023-05-09T04:57:05.633+0000] {ml_response_dag.py:37} INFO - Inserted to db
[2023-05-09T04:57:05.633+0000] {ml_response_dag.py:35} INFO - {}
[2023-05-09T04:57:05.634+0000] {ml_response_dag.py:36} INFO - 10
[2023-05-09T04:57:05.634+0000] {ml_response_dag.py:37} INFO - Inserted to db
[2023-05-09T04:57:05.636+0000] {ml_response_dag.py:35} INFO - {}
[2023-05-09T04:57:05.643+0000] {ml_response_dag.py:36} INFO - 10
[2023-05-09T04:57:05.655+0000] {ml_response_dag.py:37} INFO - Inserted to db
[2023-05-09T04:57:05.671+0000] {ml_response_dag.py:35} INFO - {'value': '458', 'score': 0.81, 'ocr_score': 0.31, 'bounding_box': [0.69, 0.54, 0.48, 0.39]}
[2023-05-09T04:57:05.673+0000] {ml_response_dag.py:36} INFO - 10
[2023-05-09T04:57:05.679+0000] {ml_response_dag.py:37} INFO - Inserted to db
[2023-05-09T04:57:05.694+0000] {ml_response_dag.py:35} INFO - {'value': '776', 'score': 0.77, 'ocr_score': 0.34, 'bounding_box': [0.76, 0.85, 0.56, 0.82]}
[2023-05-09T04:57:05.702+0000] {ml_response_dag.py:36} INFO - 10
[2023-05-09T04:57:05.707+0000] {ml_response_dag.py:37} INFO - Inserted to db
[2023-05-09T04:57:05.737+0000] {ml_response_dag.py:35} INFO - {}
[2023-05-09T04:57:05.739+0000] {ml_response_dag.py:36} INFO - 10
[2023-05-09T04:57:05.741+0000] {ml_response_dag.py:37} INFO - Inserted to db
[2023-05-09T04:57:05.746+0000] {ml_response_dag.py:35} INFO - {'value': '51', 'score': 0.76, 'ocr_score': 0.29, 'bounding_box': [0.79, 0.88, 0.43, 0.21]}
[2023-05-09T04:57:05.751+0000] {ml_response_dag.py:36} INFO - 10
[2023-05-09T04:57:05.763+0000] {ml_response_dag.py:37} INFO - Inserted to db
[2023-05-09T04:57:05.764+0000] {ml_response_dag.py:35} INFO - {'value': '843', 'score': 0.05, 'ocr_score': 0.96, 'bounding_box': [0.84, 0.04, 0.6, 0.52]}
[2023-05-09T04:57:05.766+0000] {ml_response_dag.py:36} INFO - 10
[2023-05-09T04:57:05.766+0000] {ml_response_dag.py:37} INFO - Inserted to db
[2023-05-09T04:57:05.767+0000] {ml_response_dag.py:35} INFO - {'value': '517', 'score': 0.75, 'ocr_score': 0.74, 'bounding_box': [0.65, 0.92, 0.1, 0.59]}
[2023-05-09T04:57:05.767+0000] {ml_response_dag.py:36} INFO - 10
[2023-05-09T04:57:05.767+0000] {ml_response_dag.py:37} INFO - Inserted to db
[2023-05-09T04:57:05.768+0000] {ml_response_dag.py:35} INFO - {}
[2023-05-09T04:57:05.769+0000] {ml_response_dag.py:36} INFO - 11
[2023-05-09T04:57:05.769+0000] {ml_response_dag.py:37} INFO - Inserted to db
[2023-05-09T04:57:05.770+0000] {ml_response_dag.py:35} INFO - {}
[2023-05-09T04:57:05.770+0000] {ml_response_dag.py:36} INFO - 11
[2023-05-09T04:57:05.770+0000] {ml_response_dag.py:37} INFO - Inserted to db
[2023-05-09T04:57:05.771+0000] {ml_response_dag.py:35} INFO - {'value': '288', 'score': 0.6, 'ocr_score': 0.29, 'bounding_box': [0.96, 0.39, 0.81, 0.96]}
[2023-05-09T04:57:05.771+0000] {ml_response_dag.py:36} INFO - 11
[2023-05-09T04:57:05.772+0000] {ml_response_dag.py:37} INFO - Inserted to db
[2023-05-09T04:57:05.772+0000] {ml_response_dag.py:35} INFO - {'value': '878', 'score': 0.44, 'ocr_score': 0.56, 'bounding_box': [0.46, 0.03, 0.06, 0.3]}
[2023-05-09T04:57:05.773+0000] {ml_response_dag.py:36} INFO - 11
[2023-05-09T04:57:05.774+0000] {ml_response_dag.py:37} INFO - Inserted to db
[2023-05-09T04:57:05.778+0000] {ml_response_dag.py:35} INFO - {}
[2023-05-09T04:57:05.780+0000] {ml_response_dag.py:36} INFO - 11
[2023-05-09T04:57:05.782+0000] {ml_response_dag.py:37} INFO - Inserted to db
[2023-05-09T04:57:05.784+0000] {ml_response_dag.py:35} INFO - {}
[2023-05-09T04:57:05.785+0000] {ml_response_dag.py:36} INFO - 11
[2023-05-09T04:57:05.790+0000] {ml_response_dag.py:37} INFO - Inserted to db
[2023-05-09T04:57:05.795+0000] {ml_response_dag.py:35} INFO - {}
[2023-05-09T04:57:05.800+0000] {ml_response_dag.py:36} INFO - 11
[2023-05-09T04:57:05.800+0000] {ml_response_dag.py:37} INFO - Inserted to db
[2023-05-09T04:57:05.804+0000] {ml_response_dag.py:35} INFO - {'value': '650', 'score': 0.79, 'ocr_score': 0.64, 'bounding_box': [0.13, 0.78, 0.29, 0.37]}
[2023-05-09T04:57:05.805+0000] {ml_response_dag.py:36} INFO - 11
[2023-05-09T04:57:05.806+0000] {ml_response_dag.py:37} INFO - Inserted to db
[2023-05-09T04:57:05.807+0000] {ml_response_dag.py:35} INFO - {}
[2023-05-09T04:57:05.807+0000] {ml_response_dag.py:36} INFO - 11
[2023-05-09T04:57:05.810+0000] {ml_response_dag.py:37} INFO - Inserted to db
[2023-05-09T04:57:05.811+0000] {ml_response_dag.py:35} INFO - {'value': '643', 'score': 0.23, 'ocr_score': 0.72, 'bounding_box': [0.01, 0.39, 0.58, 0.53]}
[2023-05-09T04:57:05.815+0000] {ml_response_dag.py:36} INFO - 12
[2023-05-09T04:57:05.815+0000] {ml_response_dag.py:37} INFO - Inserted to db
[2023-05-09T04:57:05.816+0000] {ml_response_dag.py:35} INFO - {}
[2023-05-09T04:57:05.816+0000] {ml_response_dag.py:36} INFO - 13
[2023-05-09T04:57:05.827+0000] {ml_response_dag.py:37} INFO - Inserted to db
[2023-05-09T04:57:05.830+0000] {ml_response_dag.py:35} INFO - {}
[2023-05-09T04:57:05.831+0000] {ml_response_dag.py:36} INFO - 14
[2023-05-09T04:57:05.831+0000] {ml_response_dag.py:37} INFO - Inserted to db
[2023-05-09T04:57:05.832+0000] {ml_response_dag.py:35} INFO - {'value': '141', 'score': 0.27, 'ocr_score': 0.93, 'bounding_box': [0.24, 0.73, 0.11, 0.89]}
[2023-05-09T04:57:05.834+0000] {ml_response_dag.py:36} INFO - 15
[2023-05-09T04:57:05.835+0000] {ml_response_dag.py:37} INFO - Inserted to db
[2023-05-09T04:57:05.836+0000] {ml_response_dag.py:35} INFO - {'value': '59', 'score': 0.45, 'ocr_score': 0.57, 'bounding_box': [0.45, 0.64, 0.68, 0.17]}
[2023-05-09T04:57:05.836+0000] {ml_response_dag.py:36} INFO - 15
[2023-05-09T04:57:05.837+0000] {ml_response_dag.py:37} INFO - Inserted to db
[2023-05-09T04:57:05.839+0000] {ml_response_dag.py:35} INFO - {'value': '333', 'score': 0.34, 'ocr_score': 0.85, 'bounding_box': [0.81, 0.57, 0.99, 0.77]}
[2023-05-09T04:57:05.841+0000] {ml_response_dag.py:36} INFO - 15
[2023-05-09T04:57:05.843+0000] {ml_response_dag.py:37} INFO - Inserted to db
[2023-05-09T04:57:05.845+0000] {ml_response_dag.py:35} INFO - {'value': '257', 'score': 0.11, 'ocr_score': 0.43, 'bounding_box': [0.37, 0.55, 0.53, 0.66]}
[2023-05-09T04:57:05.846+0000] {ml_response_dag.py:36} INFO - 15
[2023-05-09T04:57:05.847+0000] {ml_response_dag.py:37} INFO - Inserted to db
[2023-05-09T04:57:05.849+0000] {ml_response_dag.py:35} INFO - {'value': '190', 'score': 0.21, 'ocr_score': 0.83, 'bounding_box': [0.88, 0.83, 0.57, 0.11]}
[2023-05-09T04:57:05.850+0000] {ml_response_dag.py:36} INFO - 15
[2023-05-09T04:57:05.851+0000] {ml_response_dag.py:37} INFO - Inserted to db
[2023-05-09T04:57:05.866+0000] {ml_response_dag.py:35} INFO - {}
[2023-05-09T04:57:05.869+0000] {ml_response_dag.py:36} INFO - 15
[2023-05-09T04:57:05.885+0000] {ml_response_dag.py:37} INFO - Inserted to db
[2023-05-09T04:57:05.890+0000] {ml_response_dag.py:35} INFO - {}
[2023-05-09T04:57:05.891+0000] {ml_response_dag.py:36} INFO - 15
[2023-05-09T04:57:05.892+0000] {ml_response_dag.py:37} INFO - Inserted to db
[2023-05-09T04:57:05.897+0000] {ml_response_dag.py:35} INFO - {}
[2023-05-09T04:57:05.897+0000] {ml_response_dag.py:36} INFO - 15
[2023-05-09T04:57:05.898+0000] {ml_response_dag.py:37} INFO - Inserted to db
[2023-05-09T04:57:05.899+0000] {ml_response_dag.py:35} INFO - {'value': '475', 'score': 0.57, 'ocr_score': 0.49, 'bounding_box': [0.4, 0.3, 0.99, 0.32]}
[2023-05-09T04:57:05.900+0000] {ml_response_dag.py:36} INFO - 15
[2023-05-09T04:57:05.900+0000] {ml_response_dag.py:37} INFO - Inserted to db
[2023-05-09T04:57:05.901+0000] {ml_response_dag.py:35} INFO - {'value': '745', 'score': 0.84, 'ocr_score': 0.82, 'bounding_box': [0.84, 0.57, 0.94, 0.44]}
[2023-05-09T04:57:05.902+0000] {ml_response_dag.py:36} INFO - 16
[2023-05-09T04:57:05.902+0000] {ml_response_dag.py:37} INFO - Inserted to db
[2023-05-09T04:57:05.908+0000] {python.py:183} INFO - Done. Returned value was: None
[2023-05-09T04:57:06.104+0000] {taskinstance.py:1373} INFO - Marking task as SUCCESS. dag_id=veryfi_extract_total, task_id=extract_and_load, execution_date=20230508T035000, start_date=20230509T045704, end_date=20230509T045706
[2023-05-09T04:57:06.229+0000] {local_task_job_runner.py:232} INFO - Task exited with return code 0
[2023-05-09T04:57:06.421+0000] {taskinstance.py:2674} INFO - 0 downstream tasks scheduled from follow-on schedule check
