[2023-05-09T04:48:27.469+0000] {taskinstance.py:1125} INFO - Dependencies all met for dep_context=non-requeueable deps ti=<TaskInstance: veryfi_extract_total.extract_and_load scheduled__2023-05-08T09:02:00+00:00 [queued]>
[2023-05-09T04:48:27.513+0000] {taskinstance.py:1125} INFO - Dependencies all met for dep_context=requeueable deps ti=<TaskInstance: veryfi_extract_total.extract_and_load scheduled__2023-05-08T09:02:00+00:00 [queued]>
[2023-05-09T04:48:27.514+0000] {taskinstance.py:1331} INFO - Starting attempt 1 of 2
[2023-05-09T04:48:27.586+0000] {taskinstance.py:1350} INFO - Executing <Task(PythonOperator): extract_and_load> on 2023-05-08 09:02:00+00:00
[2023-05-09T04:48:27.603+0000] {standard_task_runner.py:57} INFO - Started process 1146 to run task
[2023-05-09T04:48:27.638+0000] {standard_task_runner.py:84} INFO - Running: ['***', 'tasks', 'run', 'veryfi_extract_total', 'extract_and_load', 'scheduled__2023-05-08T09:02:00+00:00', '--job-id', '270', '--raw', '--subdir', 'DAGS_FOLDER/ml_response_dag.py', '--cfg-path', '/tmp/tmpa9c09svo']
[2023-05-09T04:48:27.649+0000] {standard_task_runner.py:85} INFO - Job 270: Subtask extract_and_load
[2023-05-09T04:48:27.888+0000] {task_command.py:410} INFO - Running <TaskInstance: veryfi_extract_total.extract_and_load scheduled__2023-05-08T09:02:00+00:00 [running]> on host aa4b7d3de44b
[2023-05-09T04:48:28.499+0000] {taskinstance.py:1570} INFO - Exporting env vars: AIRFLOW_CTX_DAG_OWNER='***' AIRFLOW_CTX_DAG_ID='veryfi_extract_total' AIRFLOW_CTX_TASK_ID='extract_and_load' AIRFLOW_CTX_EXECUTION_DATE='2023-05-08T09:02:00+00:00' AIRFLOW_CTX_TRY_NUMBER='1' AIRFLOW_CTX_DAG_RUN_ID='scheduled__2023-05-08T09:02:00+00:00'
[2023-05-09T04:48:28.560+0000] {ml_response_dag.py:36} INFO - {}
[2023-05-09T04:48:28.561+0000] {ml_response_dag.py:37} INFO - 1
[2023-05-09T04:48:28.562+0000] {ml_response_dag.py:36} INFO - {'value': '544', 'score': 0.22, 'ocr_score': 0.81, 'bounding_box': [0.22, 0.37, 0.38, 0.52]}
[2023-05-09T04:48:28.563+0000] {ml_response_dag.py:37} INFO - 1
[2023-05-09T04:48:28.563+0000] {ml_response_dag.py:36} INFO - {}
[2023-05-09T04:48:28.564+0000] {ml_response_dag.py:37} INFO - 1
[2023-05-09T04:48:28.564+0000] {ml_response_dag.py:36} INFO - {}
[2023-05-09T04:48:28.565+0000] {ml_response_dag.py:37} INFO - 1
[2023-05-09T04:48:28.566+0000] {ml_response_dag.py:36} INFO - {}
[2023-05-09T04:48:28.567+0000] {ml_response_dag.py:37} INFO - 1
[2023-05-09T04:48:28.568+0000] {ml_response_dag.py:36} INFO - {}
[2023-05-09T04:48:28.574+0000] {ml_response_dag.py:37} INFO - 1
[2023-05-09T04:48:28.581+0000] {ml_response_dag.py:36} INFO - {'value': '660', 'score': 0.48, 'ocr_score': 0.32, 'bounding_box': [0.07, 0.82, 0.06, 0.37]}
[2023-05-09T04:48:28.587+0000] {ml_response_dag.py:37} INFO - 1
[2023-05-09T04:48:28.589+0000] {ml_response_dag.py:36} INFO - {}
[2023-05-09T04:48:28.589+0000] {ml_response_dag.py:37} INFO - 1
[2023-05-09T04:48:28.590+0000] {ml_response_dag.py:36} INFO - {'value': '801', 'score': 0.92, 'ocr_score': 0.28, 'bounding_box': [0.56, 0.9, 0.37, 0.79]}
[2023-05-09T04:48:28.592+0000] {ml_response_dag.py:37} INFO - 1
[2023-05-09T04:48:28.593+0000] {ml_response_dag.py:36} INFO - {}
[2023-05-09T04:48:28.594+0000] {ml_response_dag.py:37} INFO - 2
[2023-05-09T04:48:28.596+0000] {ml_response_dag.py:36} INFO - {}
[2023-05-09T04:48:28.599+0000] {ml_response_dag.py:37} INFO - 2
[2023-05-09T04:48:28.603+0000] {ml_response_dag.py:36} INFO - {'value': '880', 'score': 0.06, 'ocr_score': 0.1, 'bounding_box': [0.76, 0.47, 0.16, 0.27]}
[2023-05-09T04:48:28.603+0000] {ml_response_dag.py:37} INFO - 2
[2023-05-09T04:48:28.604+0000] {ml_response_dag.py:36} INFO - {'value': '380', 'score': 0.11, 'ocr_score': 0.36, 'bounding_box': [0.99, 0.15, 0.39, 0.03]}
[2023-05-09T04:48:28.604+0000] {ml_response_dag.py:37} INFO - 2
[2023-05-09T04:48:28.605+0000] {ml_response_dag.py:36} INFO - {}
[2023-05-09T04:48:28.605+0000] {ml_response_dag.py:37} INFO - 2
[2023-05-09T04:48:28.605+0000] {ml_response_dag.py:36} INFO - {'value': '770', 'score': 0.37, 'ocr_score': 0.84, 'bounding_box': [0.79, 0.15, 0.82, 0.6]}
[2023-05-09T04:48:28.606+0000] {ml_response_dag.py:37} INFO - 2
[2023-05-09T04:48:28.612+0000] {ml_response_dag.py:36} INFO - {}
[2023-05-09T04:48:28.614+0000] {ml_response_dag.py:37} INFO - 2
[2023-05-09T04:48:28.617+0000] {ml_response_dag.py:36} INFO - {}
[2023-05-09T04:48:28.620+0000] {ml_response_dag.py:37} INFO - 2
[2023-05-09T04:48:28.621+0000] {ml_response_dag.py:36} INFO - {}
[2023-05-09T04:48:28.622+0000] {ml_response_dag.py:37} INFO - 2
[2023-05-09T04:48:28.622+0000] {ml_response_dag.py:36} INFO - {}
[2023-05-09T04:48:28.625+0000] {ml_response_dag.py:37} INFO - 3
[2023-05-09T04:48:28.630+0000] {ml_response_dag.py:36} INFO - {}
[2023-05-09T04:48:28.630+0000] {ml_response_dag.py:37} INFO - 4
[2023-05-09T04:48:28.633+0000] {ml_response_dag.py:36} INFO - {}
[2023-05-09T04:48:28.634+0000] {ml_response_dag.py:37} INFO - 5
[2023-05-09T04:48:28.634+0000] {ml_response_dag.py:36} INFO - {}
[2023-05-09T04:48:28.635+0000] {ml_response_dag.py:37} INFO - 5
[2023-05-09T04:48:28.636+0000] {ml_response_dag.py:36} INFO - {'value': '418', 'score': 0.49, 'ocr_score': 0.15, 'bounding_box': [0.88, 0.92, 0.46, 0.3]}
[2023-05-09T04:48:28.637+0000] {ml_response_dag.py:37} INFO - 5
[2023-05-09T04:48:28.641+0000] {ml_response_dag.py:36} INFO - {}
[2023-05-09T04:48:28.641+0000] {ml_response_dag.py:37} INFO - 5
[2023-05-09T04:48:28.642+0000] {ml_response_dag.py:36} INFO - {}
[2023-05-09T04:48:28.643+0000] {ml_response_dag.py:37} INFO - 5
[2023-05-09T04:48:28.644+0000] {ml_response_dag.py:36} INFO - {'value': '78', 'score': 0.03, 'ocr_score': 0.66, 'bounding_box': [0.31, 0.81, 0.43, 0.03]}
[2023-05-09T04:48:28.647+0000] {ml_response_dag.py:37} INFO - 5
[2023-05-09T04:48:28.649+0000] {ml_response_dag.py:36} INFO - {}
[2023-05-09T04:48:28.650+0000] {ml_response_dag.py:37} INFO - 5
[2023-05-09T04:48:28.652+0000] {ml_response_dag.py:36} INFO - {'value': '889', 'score': 0.72, 'ocr_score': 0.56, 'bounding_box': [0.38, 0.17, 0.28, 1.0]}
[2023-05-09T04:48:28.652+0000] {ml_response_dag.py:37} INFO - 5
[2023-05-09T04:48:28.653+0000] {ml_response_dag.py:36} INFO - {'value': '292', 'score': 0.23, 'ocr_score': 0.39, 'bounding_box': [0.45, 0.93, 0.07, 0.2]}
[2023-05-09T04:48:28.654+0000] {ml_response_dag.py:37} INFO - 5
[2023-05-09T04:48:28.655+0000] {ml_response_dag.py:36} INFO - {}
[2023-05-09T04:48:28.655+0000] {ml_response_dag.py:37} INFO - 6
[2023-05-09T04:48:28.656+0000] {ml_response_dag.py:36} INFO - {'value': '542', 'score': 0.01, 'ocr_score': 0.03, 'bounding_box': [0.27, 0.53, 0.77, 0.97]}
[2023-05-09T04:48:28.656+0000] {ml_response_dag.py:37} INFO - 7
[2023-05-09T04:48:28.657+0000] {ml_response_dag.py:36} INFO - {'value': '342', 'score': 0.56, 'ocr_score': 0.14, 'bounding_box': [0.77, 0.91, 0.18, 0.2]}
[2023-05-09T04:48:28.657+0000] {ml_response_dag.py:37} INFO - 7
[2023-05-09T04:48:28.666+0000] {ml_response_dag.py:36} INFO - {'value': '967', 'score': 0.78, 'ocr_score': 0.39, 'bounding_box': [0.86, 0.38, 0.41, 0.36]}
[2023-05-09T04:48:28.667+0000] {ml_response_dag.py:37} INFO - 7
[2023-05-09T04:48:28.669+0000] {ml_response_dag.py:36} INFO - {'value': '100', 'score': 0.68, 'ocr_score': 0.75, 'bounding_box': [0.32, 0.6, 0.97, 0.05]}
[2023-05-09T04:48:28.670+0000] {ml_response_dag.py:37} INFO - 7
[2023-05-09T04:48:28.670+0000] {ml_response_dag.py:36} INFO - {}
[2023-05-09T04:48:28.671+0000] {ml_response_dag.py:37} INFO - 7
[2023-05-09T04:48:28.672+0000] {ml_response_dag.py:36} INFO - {}
[2023-05-09T04:48:28.673+0000] {ml_response_dag.py:37} INFO - 7
[2023-05-09T04:48:28.676+0000] {ml_response_dag.py:36} INFO - {'value': '858', 'score': 0.94, 'ocr_score': 0.64, 'bounding_box': [0.22, 0.37, 0.17, 0.07]}
[2023-05-09T04:48:28.678+0000] {ml_response_dag.py:37} INFO - 7
[2023-05-09T04:48:28.680+0000] {ml_response_dag.py:36} INFO - {}
[2023-05-09T04:48:28.689+0000] {ml_response_dag.py:37} INFO - 7
[2023-05-09T04:48:28.692+0000] {ml_response_dag.py:36} INFO - {'value': '633', 'score': 0.77, 'ocr_score': 0.17, 'bounding_box': [0.44, 0.56, 0.26, 0.15]}
[2023-05-09T04:48:28.693+0000] {ml_response_dag.py:37} INFO - 7
[2023-05-09T04:48:28.701+0000] {ml_response_dag.py:36} INFO - {'value': '609', 'score': 0.47, 'ocr_score': 0.56, 'bounding_box': [0.3, 0.87, 0.78, 0.92]}
[2023-05-09T04:48:28.705+0000] {ml_response_dag.py:37} INFO - 8
[2023-05-09T04:48:28.708+0000] {ml_response_dag.py:36} INFO - {'value': '331', 'score': 0.49, 'ocr_score': 0.99, 'bounding_box': [0.55, 0.36, 0.08, 0.43]}
[2023-05-09T04:48:28.709+0000] {ml_response_dag.py:37} INFO - 8
[2023-05-09T04:48:28.711+0000] {ml_response_dag.py:36} INFO - {'value': '142', 'score': 0.0, 'ocr_score': 0.58, 'bounding_box': [0.17, 0.36, 0.83, 0.62]}
[2023-05-09T04:48:28.712+0000] {ml_response_dag.py:37} INFO - 8
[2023-05-09T04:48:28.714+0000] {ml_response_dag.py:36} INFO - {}
[2023-05-09T04:48:28.716+0000] {ml_response_dag.py:37} INFO - 8
[2023-05-09T04:48:28.717+0000] {ml_response_dag.py:36} INFO - {}
[2023-05-09T04:48:28.718+0000] {ml_response_dag.py:37} INFO - 8
[2023-05-09T04:48:28.719+0000] {ml_response_dag.py:36} INFO - {}
[2023-05-09T04:48:28.719+0000] {ml_response_dag.py:37} INFO - 8
[2023-05-09T04:48:28.720+0000] {ml_response_dag.py:36} INFO - {'value': '826', 'score': 0.74, 'ocr_score': 0.69, 'bounding_box': [0.98, 0.11, 0.14, 0.96]}
[2023-05-09T04:48:28.721+0000] {ml_response_dag.py:37} INFO - 8
[2023-05-09T04:48:28.722+0000] {ml_response_dag.py:36} INFO - {}
[2023-05-09T04:48:28.723+0000] {ml_response_dag.py:37} INFO - 8
[2023-05-09T04:48:28.724+0000] {ml_response_dag.py:36} INFO - {'value': '299', 'score': 0.85, 'ocr_score': 0.04, 'bounding_box': [0.14, 0.46, 0.06, 0.65]}
[2023-05-09T04:48:28.725+0000] {ml_response_dag.py:37} INFO - 8
[2023-05-09T04:48:28.726+0000] {ml_response_dag.py:36} INFO - {'value': '362', 'score': 0.62, 'ocr_score': 0.51, 'bounding_box': [0.42, 0.48, 0.21, 0.45]}
[2023-05-09T04:48:28.728+0000] {ml_response_dag.py:37} INFO - 9
[2023-05-09T04:48:28.729+0000] {ml_response_dag.py:36} INFO - {'value': '288', 'score': 0.77, 'ocr_score': 0.23, 'bounding_box': [0.16, 0.03, 0.68, 0.81]}
[2023-05-09T04:48:28.730+0000] {ml_response_dag.py:37} INFO - 9
[2023-05-09T04:48:28.731+0000] {ml_response_dag.py:36} INFO - {'value': '803', 'score': 0.03, 'ocr_score': 0.42, 'bounding_box': [0.05, 0.5, 0.56, 0.95]}
[2023-05-09T04:48:28.732+0000] {ml_response_dag.py:37} INFO - 9
[2023-05-09T04:48:28.733+0000] {ml_response_dag.py:36} INFO - {'value': '750', 'score': 0.85, 'ocr_score': 0.27, 'bounding_box': [0.71, 0.07, 0.54, 0.9]}
[2023-05-09T04:48:28.735+0000] {ml_response_dag.py:37} INFO - 9
[2023-05-09T04:48:28.736+0000] {ml_response_dag.py:36} INFO - {'value': '148', 'score': 0.41, 'ocr_score': 0.97, 'bounding_box': [0.44, 0.51, 0.69, 0.67]}
[2023-05-09T04:48:28.743+0000] {ml_response_dag.py:37} INFO - 9
[2023-05-09T04:48:28.745+0000] {ml_response_dag.py:36} INFO - {'value': '161', 'score': 0.49, 'ocr_score': 0.58, 'bounding_box': [0.51, 0.51, 0.55, 0.06]}
[2023-05-09T04:48:28.746+0000] {ml_response_dag.py:37} INFO - 9
[2023-05-09T04:48:28.747+0000] {ml_response_dag.py:36} INFO - {}
[2023-05-09T04:48:28.749+0000] {ml_response_dag.py:37} INFO - 9
[2023-05-09T04:48:28.749+0000] {ml_response_dag.py:36} INFO - {}
[2023-05-09T04:48:28.752+0000] {ml_response_dag.py:37} INFO - 9
[2023-05-09T04:48:28.753+0000] {ml_response_dag.py:36} INFO - {}
[2023-05-09T04:48:28.753+0000] {ml_response_dag.py:37} INFO - 9
[2023-05-09T04:48:28.754+0000] {ml_response_dag.py:36} INFO - {'value': '842', 'score': 0.47, 'ocr_score': 0.75, 'bounding_box': [0.16, 0.91, 0.32, 0.53]}
[2023-05-09T04:48:28.754+0000] {ml_response_dag.py:37} INFO - 10
[2023-05-09T04:48:28.754+0000] {ml_response_dag.py:36} INFO - {}
[2023-05-09T04:48:28.755+0000] {ml_response_dag.py:37} INFO - 10
[2023-05-09T04:48:28.755+0000] {ml_response_dag.py:36} INFO - {}
[2023-05-09T04:48:28.756+0000] {ml_response_dag.py:37} INFO - 10
[2023-05-09T04:48:28.756+0000] {ml_response_dag.py:36} INFO - {'value': '458', 'score': 0.81, 'ocr_score': 0.31, 'bounding_box': [0.69, 0.54, 0.48, 0.39]}
[2023-05-09T04:48:28.758+0000] {ml_response_dag.py:37} INFO - 10
[2023-05-09T04:48:28.762+0000] {ml_response_dag.py:36} INFO - {'value': '776', 'score': 0.77, 'ocr_score': 0.34, 'bounding_box': [0.76, 0.85, 0.56, 0.82]}
[2023-05-09T04:48:28.765+0000] {ml_response_dag.py:37} INFO - 10
[2023-05-09T04:48:28.766+0000] {ml_response_dag.py:36} INFO - {}
[2023-05-09T04:48:28.766+0000] {ml_response_dag.py:37} INFO - 10
[2023-05-09T04:48:28.767+0000] {ml_response_dag.py:36} INFO - {'value': '51', 'score': 0.76, 'ocr_score': 0.29, 'bounding_box': [0.79, 0.88, 0.43, 0.21]}
[2023-05-09T04:48:28.767+0000] {ml_response_dag.py:37} INFO - 10
[2023-05-09T04:48:28.767+0000] {ml_response_dag.py:36} INFO - {'value': '843', 'score': 0.05, 'ocr_score': 0.96, 'bounding_box': [0.84, 0.04, 0.6, 0.52]}
[2023-05-09T04:48:28.775+0000] {ml_response_dag.py:37} INFO - 10
[2023-05-09T04:48:28.786+0000] {ml_response_dag.py:36} INFO - {'value': '517', 'score': 0.75, 'ocr_score': 0.74, 'bounding_box': [0.65, 0.92, 0.1, 0.59]}
[2023-05-09T04:48:28.788+0000] {ml_response_dag.py:37} INFO - 10
[2023-05-09T04:48:28.791+0000] {ml_response_dag.py:36} INFO - {}
[2023-05-09T04:48:28.792+0000] {ml_response_dag.py:37} INFO - 11
[2023-05-09T04:48:28.792+0000] {ml_response_dag.py:36} INFO - {}
[2023-05-09T04:48:28.793+0000] {ml_response_dag.py:37} INFO - 11
[2023-05-09T04:48:28.800+0000] {ml_response_dag.py:36} INFO - {'value': '288', 'score': 0.6, 'ocr_score': 0.29, 'bounding_box': [0.96, 0.39, 0.81, 0.96]}
[2023-05-09T04:48:28.805+0000] {ml_response_dag.py:37} INFO - 11
[2023-05-09T04:48:28.806+0000] {ml_response_dag.py:36} INFO - {'value': '878', 'score': 0.44, 'ocr_score': 0.56, 'bounding_box': [0.46, 0.03, 0.06, 0.3]}
[2023-05-09T04:48:28.810+0000] {ml_response_dag.py:37} INFO - 11
[2023-05-09T04:48:28.816+0000] {ml_response_dag.py:36} INFO - {}
[2023-05-09T04:48:28.819+0000] {ml_response_dag.py:37} INFO - 11
[2023-05-09T04:48:28.820+0000] {ml_response_dag.py:36} INFO - {}
[2023-05-09T04:48:28.821+0000] {ml_response_dag.py:37} INFO - 11
[2023-05-09T04:48:28.827+0000] {ml_response_dag.py:36} INFO - {}
[2023-05-09T04:48:28.830+0000] {ml_response_dag.py:37} INFO - 11
[2023-05-09T04:48:28.837+0000] {ml_response_dag.py:36} INFO - {'value': '650', 'score': 0.79, 'ocr_score': 0.64, 'bounding_box': [0.13, 0.78, 0.29, 0.37]}
[2023-05-09T04:48:28.839+0000] {ml_response_dag.py:37} INFO - 11
[2023-05-09T04:48:28.841+0000] {ml_response_dag.py:36} INFO - {}
[2023-05-09T04:48:28.843+0000] {ml_response_dag.py:37} INFO - 11
[2023-05-09T04:48:28.845+0000] {ml_response_dag.py:36} INFO - {'value': '643', 'score': 0.23, 'ocr_score': 0.72, 'bounding_box': [0.01, 0.39, 0.58, 0.53]}
[2023-05-09T04:48:28.846+0000] {ml_response_dag.py:37} INFO - 12
[2023-05-09T04:48:28.855+0000] {ml_response_dag.py:36} INFO - {}
[2023-05-09T04:48:28.857+0000] {ml_response_dag.py:37} INFO - 13
[2023-05-09T04:48:28.859+0000] {ml_response_dag.py:36} INFO - {}
[2023-05-09T04:48:28.860+0000] {ml_response_dag.py:37} INFO - 14
[2023-05-09T04:48:28.870+0000] {ml_response_dag.py:36} INFO - {'value': '141', 'score': 0.27, 'ocr_score': 0.93, 'bounding_box': [0.24, 0.73, 0.11, 0.89]}
[2023-05-09T04:48:28.872+0000] {ml_response_dag.py:37} INFO - 15
[2023-05-09T04:48:28.872+0000] {ml_response_dag.py:36} INFO - {'value': '59', 'score': 0.45, 'ocr_score': 0.57, 'bounding_box': [0.45, 0.64, 0.68, 0.17]}
[2023-05-09T04:48:28.874+0000] {ml_response_dag.py:37} INFO - 15
[2023-05-09T04:48:28.875+0000] {ml_response_dag.py:36} INFO - {'value': '333', 'score': 0.34, 'ocr_score': 0.85, 'bounding_box': [0.81, 0.57, 0.99, 0.77]}
[2023-05-09T04:48:28.879+0000] {ml_response_dag.py:37} INFO - 15
[2023-05-09T04:48:28.880+0000] {ml_response_dag.py:36} INFO - {'value': '257', 'score': 0.11, 'ocr_score': 0.43, 'bounding_box': [0.37, 0.55, 0.53, 0.66]}
[2023-05-09T04:48:28.881+0000] {ml_response_dag.py:37} INFO - 15
[2023-05-09T04:48:28.883+0000] {ml_response_dag.py:36} INFO - {'value': '190', 'score': 0.21, 'ocr_score': 0.83, 'bounding_box': [0.88, 0.83, 0.57, 0.11]}
[2023-05-09T04:48:28.885+0000] {ml_response_dag.py:37} INFO - 15
[2023-05-09T04:48:28.890+0000] {ml_response_dag.py:36} INFO - {}
[2023-05-09T04:48:28.902+0000] {ml_response_dag.py:37} INFO - 15
[2023-05-09T04:48:28.906+0000] {ml_response_dag.py:36} INFO - {}
[2023-05-09T04:48:28.906+0000] {ml_response_dag.py:37} INFO - 15
[2023-05-09T04:48:28.907+0000] {ml_response_dag.py:36} INFO - {}
[2023-05-09T04:48:28.908+0000] {ml_response_dag.py:37} INFO - 15
[2023-05-09T04:48:28.909+0000] {ml_response_dag.py:36} INFO - {'value': '475', 'score': 0.57, 'ocr_score': 0.49, 'bounding_box': [0.4, 0.3, 0.99, 0.32]}
[2023-05-09T04:48:28.910+0000] {ml_response_dag.py:37} INFO - 15
[2023-05-09T04:48:28.910+0000] {ml_response_dag.py:36} INFO - {'value': '745', 'score': 0.84, 'ocr_score': 0.82, 'bounding_box': [0.84, 0.57, 0.94, 0.44]}
[2023-05-09T04:48:28.911+0000] {ml_response_dag.py:37} INFO - 16
[2023-05-09T04:48:28.911+0000] {python.py:183} INFO - Done. Returned value was: None
[2023-05-09T04:48:29.099+0000] {taskinstance.py:1373} INFO - Marking task as SUCCESS. dag_id=veryfi_extract_total, task_id=extract_and_load, execution_date=20230508T090200, start_date=20230509T044827, end_date=20230509T044829
[2023-05-09T04:48:29.311+0000] {local_task_job_runner.py:232} INFO - Task exited with return code 0
[2023-05-09T04:48:29.501+0000] {taskinstance.py:2674} INFO - 0 downstream tasks scheduled from follow-on schedule check
