[2023-05-09T04:57:03.848+0000] {taskinstance.py:1125} INFO - Dependencies all met for dep_context=non-requeueable deps ti=<TaskInstance: veryfi_extract_total.extract_and_load scheduled__2023-05-08T03:40:00+00:00 [queued]>
[2023-05-09T04:57:03.863+0000] {taskinstance.py:1125} INFO - Dependencies all met for dep_context=requeueable deps ti=<TaskInstance: veryfi_extract_total.extract_and_load scheduled__2023-05-08T03:40:00+00:00 [queued]>
[2023-05-09T04:57:03.863+0000] {taskinstance.py:1331} INFO - Starting attempt 1 of 2
[2023-05-09T04:57:03.904+0000] {taskinstance.py:1350} INFO - Executing <Task(PythonOperator): extract_and_load> on 2023-05-08 03:40:00+00:00
[2023-05-09T04:57:03.918+0000] {standard_task_runner.py:57} INFO - Started process 1576 to run task
[2023-05-09T04:57:03.938+0000] {standard_task_runner.py:84} INFO - Running: ['***', 'tasks', 'run', 'veryfi_extract_total', 'extract_and_load', 'scheduled__2023-05-08T03:40:00+00:00', '--job-id', '414', '--raw', '--subdir', 'DAGS_FOLDER/ml_response_dag.py', '--cfg-path', '/tmp/tmpusr4t69q']
[2023-05-09T04:57:03.948+0000] {standard_task_runner.py:85} INFO - Job 414: Subtask extract_and_load
[2023-05-09T04:57:04.119+0000] {task_command.py:410} INFO - Running <TaskInstance: veryfi_extract_total.extract_and_load scheduled__2023-05-08T03:40:00+00:00 [running]> on host aa4b7d3de44b
[2023-05-09T04:57:04.690+0000] {taskinstance.py:1570} INFO - Exporting env vars: AIRFLOW_CTX_DAG_OWNER='***' AIRFLOW_CTX_DAG_ID='veryfi_extract_total' AIRFLOW_CTX_TASK_ID='extract_and_load' AIRFLOW_CTX_EXECUTION_DATE='2023-05-08T03:40:00+00:00' AIRFLOW_CTX_TRY_NUMBER='1' AIRFLOW_CTX_DAG_RUN_ID='scheduled__2023-05-08T03:40:00+00:00'
[2023-05-09T04:57:04.715+0000] {ml_response_dag.py:35} INFO - {}
[2023-05-09T04:57:04.716+0000] {ml_response_dag.py:36} INFO - 1
[2023-05-09T04:57:04.717+0000] {ml_response_dag.py:37} INFO - Inserted to db
[2023-05-09T04:57:04.719+0000] {ml_response_dag.py:35} INFO - {'value': '544', 'score': 0.22, 'ocr_score': 0.81, 'bounding_box': [0.22, 0.37, 0.38, 0.52]}
[2023-05-09T04:57:04.720+0000] {ml_response_dag.py:36} INFO - 1
[2023-05-09T04:57:04.721+0000] {ml_response_dag.py:37} INFO - Inserted to db
[2023-05-09T04:57:04.723+0000] {ml_response_dag.py:35} INFO - {}
[2023-05-09T04:57:04.724+0000] {ml_response_dag.py:36} INFO - 1
[2023-05-09T04:57:04.724+0000] {ml_response_dag.py:37} INFO - Inserted to db
[2023-05-09T04:57:04.726+0000] {ml_response_dag.py:35} INFO - {}
[2023-05-09T04:57:04.727+0000] {ml_response_dag.py:36} INFO - 1
[2023-05-09T04:57:04.730+0000] {ml_response_dag.py:37} INFO - Inserted to db
[2023-05-09T04:57:04.731+0000] {ml_response_dag.py:35} INFO - {}
[2023-05-09T04:57:04.732+0000] {ml_response_dag.py:36} INFO - 1
[2023-05-09T04:57:04.732+0000] {ml_response_dag.py:37} INFO - Inserted to db
[2023-05-09T04:57:04.733+0000] {ml_response_dag.py:35} INFO - {}
[2023-05-09T04:57:04.733+0000] {ml_response_dag.py:36} INFO - 1
[2023-05-09T04:57:04.734+0000] {ml_response_dag.py:37} INFO - Inserted to db
[2023-05-09T04:57:04.734+0000] {ml_response_dag.py:35} INFO - {'value': '660', 'score': 0.48, 'ocr_score': 0.32, 'bounding_box': [0.07, 0.82, 0.06, 0.37]}
[2023-05-09T04:57:04.735+0000] {ml_response_dag.py:36} INFO - 1
[2023-05-09T04:57:04.735+0000] {ml_response_dag.py:37} INFO - Inserted to db
[2023-05-09T04:57:04.740+0000] {ml_response_dag.py:35} INFO - {}
[2023-05-09T04:57:04.743+0000] {ml_response_dag.py:36} INFO - 1
[2023-05-09T04:57:04.749+0000] {ml_response_dag.py:37} INFO - Inserted to db
[2023-05-09T04:57:04.752+0000] {ml_response_dag.py:35} INFO - {'value': '801', 'score': 0.92, 'ocr_score': 0.28, 'bounding_box': [0.56, 0.9, 0.37, 0.79]}
[2023-05-09T04:57:04.753+0000] {ml_response_dag.py:36} INFO - 1
[2023-05-09T04:57:04.753+0000] {ml_response_dag.py:37} INFO - Inserted to db
[2023-05-09T04:57:04.754+0000] {ml_response_dag.py:35} INFO - {}
[2023-05-09T04:57:04.754+0000] {ml_response_dag.py:36} INFO - 2
[2023-05-09T04:57:04.758+0000] {ml_response_dag.py:37} INFO - Inserted to db
[2023-05-09T04:57:04.759+0000] {ml_response_dag.py:35} INFO - {}
[2023-05-09T04:57:04.763+0000] {ml_response_dag.py:36} INFO - 2
[2023-05-09T04:57:04.765+0000] {ml_response_dag.py:37} INFO - Inserted to db
[2023-05-09T04:57:04.766+0000] {ml_response_dag.py:35} INFO - {'value': '880', 'score': 0.06, 'ocr_score': 0.1, 'bounding_box': [0.76, 0.47, 0.16, 0.27]}
[2023-05-09T04:57:04.766+0000] {ml_response_dag.py:36} INFO - 2
[2023-05-09T04:57:04.766+0000] {ml_response_dag.py:37} INFO - Inserted to db
[2023-05-09T04:57:04.767+0000] {ml_response_dag.py:35} INFO - {'value': '380', 'score': 0.11, 'ocr_score': 0.36, 'bounding_box': [0.99, 0.15, 0.39, 0.03]}
[2023-05-09T04:57:04.767+0000] {ml_response_dag.py:36} INFO - 2
[2023-05-09T04:57:04.768+0000] {ml_response_dag.py:37} INFO - Inserted to db
[2023-05-09T04:57:04.768+0000] {ml_response_dag.py:35} INFO - {}
[2023-05-09T04:57:04.776+0000] {ml_response_dag.py:36} INFO - 2
[2023-05-09T04:57:04.777+0000] {ml_response_dag.py:37} INFO - Inserted to db
[2023-05-09T04:57:04.778+0000] {ml_response_dag.py:35} INFO - {'value': '770', 'score': 0.37, 'ocr_score': 0.84, 'bounding_box': [0.79, 0.15, 0.82, 0.6]}
[2023-05-09T04:57:04.781+0000] {ml_response_dag.py:36} INFO - 2
[2023-05-09T04:57:04.781+0000] {ml_response_dag.py:37} INFO - Inserted to db
[2023-05-09T04:57:04.782+0000] {ml_response_dag.py:35} INFO - {}
[2023-05-09T04:57:04.783+0000] {ml_response_dag.py:36} INFO - 2
[2023-05-09T04:57:04.783+0000] {ml_response_dag.py:37} INFO - Inserted to db
[2023-05-09T04:57:04.785+0000] {ml_response_dag.py:35} INFO - {}
[2023-05-09T04:57:04.786+0000] {ml_response_dag.py:36} INFO - 2
[2023-05-09T04:57:04.787+0000] {ml_response_dag.py:37} INFO - Inserted to db
[2023-05-09T04:57:04.788+0000] {ml_response_dag.py:35} INFO - {}
[2023-05-09T04:57:04.789+0000] {ml_response_dag.py:36} INFO - 2
[2023-05-09T04:57:04.790+0000] {ml_response_dag.py:37} INFO - Inserted to db
[2023-05-09T04:57:04.791+0000] {ml_response_dag.py:35} INFO - {}
[2023-05-09T04:57:04.792+0000] {ml_response_dag.py:36} INFO - 3
[2023-05-09T04:57:04.793+0000] {ml_response_dag.py:37} INFO - Inserted to db
[2023-05-09T04:57:04.800+0000] {ml_response_dag.py:35} INFO - {}
[2023-05-09T04:57:04.801+0000] {ml_response_dag.py:36} INFO - 4
[2023-05-09T04:57:04.801+0000] {ml_response_dag.py:37} INFO - Inserted to db
[2023-05-09T04:57:04.802+0000] {ml_response_dag.py:35} INFO - {}
[2023-05-09T04:57:04.803+0000] {ml_response_dag.py:36} INFO - 5
[2023-05-09T04:57:04.806+0000] {ml_response_dag.py:37} INFO - Inserted to db
[2023-05-09T04:57:04.807+0000] {ml_response_dag.py:35} INFO - {}
[2023-05-09T04:57:04.808+0000] {ml_response_dag.py:36} INFO - 5
[2023-05-09T04:57:04.808+0000] {ml_response_dag.py:37} INFO - Inserted to db
[2023-05-09T04:57:04.809+0000] {ml_response_dag.py:35} INFO - {'value': '418', 'score': 0.49, 'ocr_score': 0.15, 'bounding_box': [0.88, 0.92, 0.46, 0.3]}
[2023-05-09T04:57:04.810+0000] {ml_response_dag.py:36} INFO - 5
[2023-05-09T04:57:04.810+0000] {ml_response_dag.py:37} INFO - Inserted to db
[2023-05-09T04:57:04.811+0000] {ml_response_dag.py:35} INFO - {}
[2023-05-09T04:57:04.811+0000] {ml_response_dag.py:36} INFO - 5
[2023-05-09T04:57:04.812+0000] {ml_response_dag.py:37} INFO - Inserted to db
[2023-05-09T04:57:04.813+0000] {ml_response_dag.py:35} INFO - {}
[2023-05-09T04:57:04.813+0000] {ml_response_dag.py:36} INFO - 5
[2023-05-09T04:57:04.813+0000] {ml_response_dag.py:37} INFO - Inserted to db
[2023-05-09T04:57:04.814+0000] {ml_response_dag.py:35} INFO - {'value': '78', 'score': 0.03, 'ocr_score': 0.66, 'bounding_box': [0.31, 0.81, 0.43, 0.03]}
[2023-05-09T04:57:04.815+0000] {ml_response_dag.py:36} INFO - 5
[2023-05-09T04:57:04.819+0000] {ml_response_dag.py:37} INFO - Inserted to db
[2023-05-09T04:57:04.821+0000] {ml_response_dag.py:35} INFO - {}
[2023-05-09T04:57:04.822+0000] {ml_response_dag.py:36} INFO - 5
[2023-05-09T04:57:04.822+0000] {ml_response_dag.py:37} INFO - Inserted to db
[2023-05-09T04:57:04.824+0000] {ml_response_dag.py:35} INFO - {'value': '889', 'score': 0.72, 'ocr_score': 0.56, 'bounding_box': [0.38, 0.17, 0.28, 1.0]}
[2023-05-09T04:57:04.826+0000] {ml_response_dag.py:36} INFO - 5
[2023-05-09T04:57:04.827+0000] {ml_response_dag.py:37} INFO - Inserted to db
[2023-05-09T04:57:04.835+0000] {ml_response_dag.py:35} INFO - {'value': '292', 'score': 0.23, 'ocr_score': 0.39, 'bounding_box': [0.45, 0.93, 0.07, 0.2]}
[2023-05-09T04:57:04.842+0000] {ml_response_dag.py:36} INFO - 5
[2023-05-09T04:57:04.857+0000] {ml_response_dag.py:37} INFO - Inserted to db
[2023-05-09T04:57:04.866+0000] {ml_response_dag.py:35} INFO - {}
[2023-05-09T04:57:04.869+0000] {ml_response_dag.py:36} INFO - 6
[2023-05-09T04:57:04.870+0000] {ml_response_dag.py:37} INFO - Inserted to db
[2023-05-09T04:57:04.872+0000] {ml_response_dag.py:35} INFO - {'value': '542', 'score': 0.01, 'ocr_score': 0.03, 'bounding_box': [0.27, 0.53, 0.77, 0.97]}
[2023-05-09T04:57:04.875+0000] {ml_response_dag.py:36} INFO - 7
[2023-05-09T04:57:04.877+0000] {ml_response_dag.py:37} INFO - Inserted to db
[2023-05-09T04:57:04.882+0000] {ml_response_dag.py:35} INFO - {'value': '342', 'score': 0.56, 'ocr_score': 0.14, 'bounding_box': [0.77, 0.91, 0.18, 0.2]}
[2023-05-09T04:57:04.883+0000] {ml_response_dag.py:36} INFO - 7
[2023-05-09T04:57:04.884+0000] {ml_response_dag.py:37} INFO - Inserted to db
[2023-05-09T04:57:04.888+0000] {ml_response_dag.py:35} INFO - {'value': '967', 'score': 0.78, 'ocr_score': 0.39, 'bounding_box': [0.86, 0.38, 0.41, 0.36]}
[2023-05-09T04:57:04.893+0000] {ml_response_dag.py:36} INFO - 7
[2023-05-09T04:57:04.894+0000] {ml_response_dag.py:37} INFO - Inserted to db
[2023-05-09T04:57:04.897+0000] {ml_response_dag.py:35} INFO - {'value': '100', 'score': 0.68, 'ocr_score': 0.75, 'bounding_box': [0.32, 0.6, 0.97, 0.05]}
[2023-05-09T04:57:04.901+0000] {ml_response_dag.py:36} INFO - 7
[2023-05-09T04:57:04.901+0000] {ml_response_dag.py:37} INFO - Inserted to db
[2023-05-09T04:57:04.907+0000] {ml_response_dag.py:35} INFO - {}
[2023-05-09T04:57:04.910+0000] {ml_response_dag.py:36} INFO - 7
[2023-05-09T04:57:04.915+0000] {ml_response_dag.py:37} INFO - Inserted to db
[2023-05-09T04:57:04.919+0000] {ml_response_dag.py:35} INFO - {}
[2023-05-09T04:57:04.920+0000] {ml_response_dag.py:36} INFO - 7
[2023-05-09T04:57:04.921+0000] {ml_response_dag.py:37} INFO - Inserted to db
[2023-05-09T04:57:04.922+0000] {ml_response_dag.py:35} INFO - {'value': '858', 'score': 0.94, 'ocr_score': 0.64, 'bounding_box': [0.22, 0.37, 0.17, 0.07]}
[2023-05-09T04:57:04.923+0000] {ml_response_dag.py:36} INFO - 7
[2023-05-09T04:57:04.925+0000] {ml_response_dag.py:37} INFO - Inserted to db
[2023-05-09T04:57:04.925+0000] {ml_response_dag.py:35} INFO - {}
[2023-05-09T04:57:04.928+0000] {ml_response_dag.py:36} INFO - 7
[2023-05-09T04:57:04.929+0000] {ml_response_dag.py:37} INFO - Inserted to db
[2023-05-09T04:57:04.931+0000] {ml_response_dag.py:35} INFO - {'value': '633', 'score': 0.77, 'ocr_score': 0.17, 'bounding_box': [0.44, 0.56, 0.26, 0.15]}
[2023-05-09T04:57:04.938+0000] {ml_response_dag.py:36} INFO - 7
[2023-05-09T04:57:04.939+0000] {ml_response_dag.py:37} INFO - Inserted to db
[2023-05-09T04:57:04.940+0000] {ml_response_dag.py:35} INFO - {'value': '609', 'score': 0.47, 'ocr_score': 0.56, 'bounding_box': [0.3, 0.87, 0.78, 0.92]}
[2023-05-09T04:57:04.941+0000] {ml_response_dag.py:36} INFO - 8
[2023-05-09T04:57:04.947+0000] {ml_response_dag.py:37} INFO - Inserted to db
[2023-05-09T04:57:04.949+0000] {ml_response_dag.py:35} INFO - {'value': '331', 'score': 0.49, 'ocr_score': 0.99, 'bounding_box': [0.55, 0.36, 0.08, 0.43]}
[2023-05-09T04:57:04.951+0000] {ml_response_dag.py:36} INFO - 8
[2023-05-09T04:57:04.951+0000] {ml_response_dag.py:37} INFO - Inserted to db
[2023-05-09T04:57:04.953+0000] {ml_response_dag.py:35} INFO - {'value': '142', 'score': 0.0, 'ocr_score': 0.58, 'bounding_box': [0.17, 0.36, 0.83, 0.62]}
[2023-05-09T04:57:04.954+0000] {ml_response_dag.py:36} INFO - 8
[2023-05-09T04:57:04.966+0000] {ml_response_dag.py:37} INFO - Inserted to db
[2023-05-09T04:57:04.970+0000] {ml_response_dag.py:35} INFO - {}
[2023-05-09T04:57:04.978+0000] {ml_response_dag.py:36} INFO - 8
[2023-05-09T04:57:04.980+0000] {ml_response_dag.py:37} INFO - Inserted to db
[2023-05-09T04:57:04.991+0000] {ml_response_dag.py:35} INFO - {}
[2023-05-09T04:57:04.994+0000] {ml_response_dag.py:36} INFO - 8
[2023-05-09T04:57:04.994+0000] {ml_response_dag.py:37} INFO - Inserted to db
[2023-05-09T04:57:04.995+0000] {ml_response_dag.py:35} INFO - {}
[2023-05-09T04:57:04.996+0000] {ml_response_dag.py:36} INFO - 8
[2023-05-09T04:57:04.999+0000] {ml_response_dag.py:37} INFO - Inserted to db
[2023-05-09T04:57:05.000+0000] {ml_response_dag.py:35} INFO - {'value': '826', 'score': 0.74, 'ocr_score': 0.69, 'bounding_box': [0.98, 0.11, 0.14, 0.96]}
[2023-05-09T04:57:05.001+0000] {ml_response_dag.py:36} INFO - 8
[2023-05-09T04:57:05.002+0000] {ml_response_dag.py:37} INFO - Inserted to db
[2023-05-09T04:57:05.002+0000] {ml_response_dag.py:35} INFO - {}
[2023-05-09T04:57:05.004+0000] {ml_response_dag.py:36} INFO - 8
[2023-05-09T04:57:05.005+0000] {ml_response_dag.py:37} INFO - Inserted to db
[2023-05-09T04:57:05.005+0000] {ml_response_dag.py:35} INFO - {'value': '299', 'score': 0.85, 'ocr_score': 0.04, 'bounding_box': [0.14, 0.46, 0.06, 0.65]}
[2023-05-09T04:57:05.008+0000] {ml_response_dag.py:36} INFO - 8
[2023-05-09T04:57:05.016+0000] {ml_response_dag.py:37} INFO - Inserted to db
[2023-05-09T04:57:05.018+0000] {ml_response_dag.py:35} INFO - {'value': '362', 'score': 0.62, 'ocr_score': 0.51, 'bounding_box': [0.42, 0.48, 0.21, 0.45]}
[2023-05-09T04:57:05.022+0000] {ml_response_dag.py:36} INFO - 9
[2023-05-09T04:57:05.023+0000] {ml_response_dag.py:37} INFO - Inserted to db
[2023-05-09T04:57:05.025+0000] {ml_response_dag.py:35} INFO - {'value': '288', 'score': 0.77, 'ocr_score': 0.23, 'bounding_box': [0.16, 0.03, 0.68, 0.81]}
[2023-05-09T04:57:05.025+0000] {ml_response_dag.py:36} INFO - 9
[2023-05-09T04:57:05.026+0000] {ml_response_dag.py:37} INFO - Inserted to db
[2023-05-09T04:57:05.029+0000] {ml_response_dag.py:35} INFO - {'value': '803', 'score': 0.03, 'ocr_score': 0.42, 'bounding_box': [0.05, 0.5, 0.56, 0.95]}
[2023-05-09T04:57:05.029+0000] {ml_response_dag.py:36} INFO - 9
[2023-05-09T04:57:05.030+0000] {ml_response_dag.py:37} INFO - Inserted to db
[2023-05-09T04:57:05.031+0000] {ml_response_dag.py:35} INFO - {'value': '750', 'score': 0.85, 'ocr_score': 0.27, 'bounding_box': [0.71, 0.07, 0.54, 0.9]}
[2023-05-09T04:57:05.031+0000] {ml_response_dag.py:36} INFO - 9
[2023-05-09T04:57:05.032+0000] {ml_response_dag.py:37} INFO - Inserted to db
[2023-05-09T04:57:05.032+0000] {ml_response_dag.py:35} INFO - {'value': '148', 'score': 0.41, 'ocr_score': 0.97, 'bounding_box': [0.44, 0.51, 0.69, 0.67]}
[2023-05-09T04:57:05.034+0000] {ml_response_dag.py:36} INFO - 9
[2023-05-09T04:57:05.035+0000] {ml_response_dag.py:37} INFO - Inserted to db
[2023-05-09T04:57:05.035+0000] {ml_response_dag.py:35} INFO - {'value': '161', 'score': 0.49, 'ocr_score': 0.58, 'bounding_box': [0.51, 0.51, 0.55, 0.06]}
[2023-05-09T04:57:05.036+0000] {ml_response_dag.py:36} INFO - 9
[2023-05-09T04:57:05.036+0000] {ml_response_dag.py:37} INFO - Inserted to db
[2023-05-09T04:57:05.037+0000] {ml_response_dag.py:35} INFO - {}
[2023-05-09T04:57:05.038+0000] {ml_response_dag.py:36} INFO - 9
[2023-05-09T04:57:05.038+0000] {ml_response_dag.py:37} INFO - Inserted to db
[2023-05-09T04:57:05.039+0000] {ml_response_dag.py:35} INFO - {}
[2023-05-09T04:57:05.040+0000] {ml_response_dag.py:36} INFO - 9
[2023-05-09T04:57:05.043+0000] {ml_response_dag.py:37} INFO - Inserted to db
[2023-05-09T04:57:05.045+0000] {ml_response_dag.py:35} INFO - {}
[2023-05-09T04:57:05.046+0000] {ml_response_dag.py:36} INFO - 9
[2023-05-09T04:57:05.046+0000] {ml_response_dag.py:37} INFO - Inserted to db
[2023-05-09T04:57:05.047+0000] {ml_response_dag.py:35} INFO - {'value': '842', 'score': 0.47, 'ocr_score': 0.75, 'bounding_box': [0.16, 0.91, 0.32, 0.53]}
[2023-05-09T04:57:05.047+0000] {ml_response_dag.py:36} INFO - 10
[2023-05-09T04:57:05.048+0000] {ml_response_dag.py:37} INFO - Inserted to db
[2023-05-09T04:57:05.049+0000] {ml_response_dag.py:35} INFO - {}
[2023-05-09T04:57:05.052+0000] {ml_response_dag.py:36} INFO - 10
[2023-05-09T04:57:05.052+0000] {ml_response_dag.py:37} INFO - Inserted to db
[2023-05-09T04:57:05.054+0000] {ml_response_dag.py:35} INFO - {}
[2023-05-09T04:57:05.055+0000] {ml_response_dag.py:36} INFO - 10
[2023-05-09T04:57:05.056+0000] {ml_response_dag.py:37} INFO - Inserted to db
[2023-05-09T04:57:05.058+0000] {ml_response_dag.py:35} INFO - {'value': '458', 'score': 0.81, 'ocr_score': 0.31, 'bounding_box': [0.69, 0.54, 0.48, 0.39]}
[2023-05-09T04:57:05.058+0000] {ml_response_dag.py:36} INFO - 10
[2023-05-09T04:57:05.059+0000] {ml_response_dag.py:37} INFO - Inserted to db
[2023-05-09T04:57:05.063+0000] {ml_response_dag.py:35} INFO - {'value': '776', 'score': 0.77, 'ocr_score': 0.34, 'bounding_box': [0.76, 0.85, 0.56, 0.82]}
[2023-05-09T04:57:05.063+0000] {ml_response_dag.py:36} INFO - 10
[2023-05-09T04:57:05.064+0000] {ml_response_dag.py:37} INFO - Inserted to db
[2023-05-09T04:57:05.066+0000] {ml_response_dag.py:35} INFO - {}
[2023-05-09T04:57:05.067+0000] {ml_response_dag.py:36} INFO - 10
[2023-05-09T04:57:05.067+0000] {ml_response_dag.py:37} INFO - Inserted to db
[2023-05-09T04:57:05.068+0000] {ml_response_dag.py:35} INFO - {'value': '51', 'score': 0.76, 'ocr_score': 0.29, 'bounding_box': [0.79, 0.88, 0.43, 0.21]}
[2023-05-09T04:57:05.068+0000] {ml_response_dag.py:36} INFO - 10
[2023-05-09T04:57:05.069+0000] {ml_response_dag.py:37} INFO - Inserted to db
[2023-05-09T04:57:05.079+0000] {ml_response_dag.py:35} INFO - {'value': '843', 'score': 0.05, 'ocr_score': 0.96, 'bounding_box': [0.84, 0.04, 0.6, 0.52]}
[2023-05-09T04:57:05.080+0000] {ml_response_dag.py:36} INFO - 10
[2023-05-09T04:57:05.087+0000] {ml_response_dag.py:37} INFO - Inserted to db
[2023-05-09T04:57:05.090+0000] {ml_response_dag.py:35} INFO - {'value': '517', 'score': 0.75, 'ocr_score': 0.74, 'bounding_box': [0.65, 0.92, 0.1, 0.59]}
[2023-05-09T04:57:05.092+0000] {ml_response_dag.py:36} INFO - 10
[2023-05-09T04:57:05.095+0000] {ml_response_dag.py:37} INFO - Inserted to db
[2023-05-09T04:57:05.096+0000] {ml_response_dag.py:35} INFO - {}
[2023-05-09T04:57:05.097+0000] {ml_response_dag.py:36} INFO - 11
[2023-05-09T04:57:05.097+0000] {ml_response_dag.py:37} INFO - Inserted to db
[2023-05-09T04:57:05.098+0000] {ml_response_dag.py:35} INFO - {}
[2023-05-09T04:57:05.099+0000] {ml_response_dag.py:36} INFO - 11
[2023-05-09T04:57:05.099+0000] {ml_response_dag.py:37} INFO - Inserted to db
[2023-05-09T04:57:05.100+0000] {ml_response_dag.py:35} INFO - {'value': '288', 'score': 0.6, 'ocr_score': 0.29, 'bounding_box': [0.96, 0.39, 0.81, 0.96]}
[2023-05-09T04:57:05.101+0000] {ml_response_dag.py:36} INFO - 11
[2023-05-09T04:57:05.101+0000] {ml_response_dag.py:37} INFO - Inserted to db
[2023-05-09T04:57:05.103+0000] {ml_response_dag.py:35} INFO - {'value': '878', 'score': 0.44, 'ocr_score': 0.56, 'bounding_box': [0.46, 0.03, 0.06, 0.3]}
[2023-05-09T04:57:05.104+0000] {ml_response_dag.py:36} INFO - 11
[2023-05-09T04:57:05.104+0000] {ml_response_dag.py:37} INFO - Inserted to db
[2023-05-09T04:57:05.107+0000] {ml_response_dag.py:35} INFO - {}
[2023-05-09T04:57:05.107+0000] {ml_response_dag.py:36} INFO - 11
[2023-05-09T04:57:05.108+0000] {ml_response_dag.py:37} INFO - Inserted to db
[2023-05-09T04:57:05.109+0000] {ml_response_dag.py:35} INFO - {}
[2023-05-09T04:57:05.109+0000] {ml_response_dag.py:36} INFO - 11
[2023-05-09T04:57:05.109+0000] {ml_response_dag.py:37} INFO - Inserted to db
[2023-05-09T04:57:05.110+0000] {ml_response_dag.py:35} INFO - {}
[2023-05-09T04:57:05.110+0000] {ml_response_dag.py:36} INFO - 11
[2023-05-09T04:57:05.111+0000] {ml_response_dag.py:37} INFO - Inserted to db
[2023-05-09T04:57:05.111+0000] {ml_response_dag.py:35} INFO - {'value': '650', 'score': 0.79, 'ocr_score': 0.64, 'bounding_box': [0.13, 0.78, 0.29, 0.37]}
[2023-05-09T04:57:05.112+0000] {ml_response_dag.py:36} INFO - 11
[2023-05-09T04:57:05.112+0000] {ml_response_dag.py:37} INFO - Inserted to db
[2023-05-09T04:57:05.113+0000] {ml_response_dag.py:35} INFO - {}
[2023-05-09T04:57:05.113+0000] {ml_response_dag.py:36} INFO - 11
[2023-05-09T04:57:05.113+0000] {ml_response_dag.py:37} INFO - Inserted to db
[2023-05-09T04:57:05.114+0000] {ml_response_dag.py:35} INFO - {'value': '643', 'score': 0.23, 'ocr_score': 0.72, 'bounding_box': [0.01, 0.39, 0.58, 0.53]}
[2023-05-09T04:57:05.114+0000] {ml_response_dag.py:36} INFO - 12
[2023-05-09T04:57:05.115+0000] {ml_response_dag.py:37} INFO - Inserted to db
[2023-05-09T04:57:05.115+0000] {ml_response_dag.py:35} INFO - {}
[2023-05-09T04:57:05.116+0000] {ml_response_dag.py:36} INFO - 13
[2023-05-09T04:57:05.116+0000] {ml_response_dag.py:37} INFO - Inserted to db
[2023-05-09T04:57:05.117+0000] {ml_response_dag.py:35} INFO - {}
[2023-05-09T04:57:05.118+0000] {ml_response_dag.py:36} INFO - 14
[2023-05-09T04:57:05.118+0000] {ml_response_dag.py:37} INFO - Inserted to db
[2023-05-09T04:57:05.119+0000] {ml_response_dag.py:35} INFO - {'value': '141', 'score': 0.27, 'ocr_score': 0.93, 'bounding_box': [0.24, 0.73, 0.11, 0.89]}
[2023-05-09T04:57:05.119+0000] {ml_response_dag.py:36} INFO - 15
[2023-05-09T04:57:05.120+0000] {ml_response_dag.py:37} INFO - Inserted to db
[2023-05-09T04:57:05.121+0000] {ml_response_dag.py:35} INFO - {'value': '59', 'score': 0.45, 'ocr_score': 0.57, 'bounding_box': [0.45, 0.64, 0.68, 0.17]}
[2023-05-09T04:57:05.121+0000] {ml_response_dag.py:36} INFO - 15
[2023-05-09T04:57:05.122+0000] {ml_response_dag.py:37} INFO - Inserted to db
[2023-05-09T04:57:05.124+0000] {ml_response_dag.py:35} INFO - {'value': '333', 'score': 0.34, 'ocr_score': 0.85, 'bounding_box': [0.81, 0.57, 0.99, 0.77]}
[2023-05-09T04:57:05.125+0000] {ml_response_dag.py:36} INFO - 15
[2023-05-09T04:57:05.125+0000] {ml_response_dag.py:37} INFO - Inserted to db
[2023-05-09T04:57:05.134+0000] {ml_response_dag.py:35} INFO - {'value': '257', 'score': 0.11, 'ocr_score': 0.43, 'bounding_box': [0.37, 0.55, 0.53, 0.66]}
[2023-05-09T04:57:05.134+0000] {ml_response_dag.py:36} INFO - 15
[2023-05-09T04:57:05.135+0000] {ml_response_dag.py:37} INFO - Inserted to db
[2023-05-09T04:57:05.138+0000] {ml_response_dag.py:35} INFO - {'value': '190', 'score': 0.21, 'ocr_score': 0.83, 'bounding_box': [0.88, 0.83, 0.57, 0.11]}
[2023-05-09T04:57:05.138+0000] {ml_response_dag.py:36} INFO - 15
[2023-05-09T04:57:05.139+0000] {ml_response_dag.py:37} INFO - Inserted to db
[2023-05-09T04:57:05.141+0000] {ml_response_dag.py:35} INFO - {}
[2023-05-09T04:57:05.141+0000] {ml_response_dag.py:36} INFO - 15
[2023-05-09T04:57:05.150+0000] {ml_response_dag.py:37} INFO - Inserted to db
[2023-05-09T04:57:05.155+0000] {ml_response_dag.py:35} INFO - {}
[2023-05-09T04:57:05.155+0000] {ml_response_dag.py:36} INFO - 15
[2023-05-09T04:57:05.156+0000] {ml_response_dag.py:37} INFO - Inserted to db
[2023-05-09T04:57:05.158+0000] {ml_response_dag.py:35} INFO - {}
[2023-05-09T04:57:05.159+0000] {ml_response_dag.py:36} INFO - 15
[2023-05-09T04:57:05.160+0000] {ml_response_dag.py:37} INFO - Inserted to db
[2023-05-09T04:57:05.161+0000] {ml_response_dag.py:35} INFO - {'value': '475', 'score': 0.57, 'ocr_score': 0.49, 'bounding_box': [0.4, 0.3, 0.99, 0.32]}
[2023-05-09T04:57:05.162+0000] {ml_response_dag.py:36} INFO - 15
[2023-05-09T04:57:05.163+0000] {ml_response_dag.py:37} INFO - Inserted to db
[2023-05-09T04:57:05.166+0000] {ml_response_dag.py:35} INFO - {'value': '745', 'score': 0.84, 'ocr_score': 0.82, 'bounding_box': [0.84, 0.57, 0.94, 0.44]}
[2023-05-09T04:57:05.167+0000] {ml_response_dag.py:36} INFO - 16
[2023-05-09T04:57:05.168+0000] {ml_response_dag.py:37} INFO - Inserted to db
[2023-05-09T04:57:05.172+0000] {python.py:183} INFO - Done. Returned value was: None
[2023-05-09T04:57:05.273+0000] {taskinstance.py:1373} INFO - Marking task as SUCCESS. dag_id=veryfi_extract_total, task_id=extract_and_load, execution_date=20230508T034000, start_date=20230509T045703, end_date=20230509T045705
[2023-05-09T04:57:05.509+0000] {local_task_job_runner.py:232} INFO - Task exited with return code 0
[2023-05-09T04:57:05.640+0000] {taskinstance.py:2674} INFO - 0 downstream tasks scheduled from follow-on schedule check
