[2023-05-08T23:15:20.288+0000] {taskinstance.py:1125} INFO - Dependencies all met for dep_context=non-requeueable deps ti=<TaskInstance: veryfi_extract_total.extract_and_load scheduled__2023-05-08T00:06:00+00:00 [queued]>
[2023-05-08T23:15:20.296+0000] {taskinstance.py:1125} INFO - Dependencies all met for dep_context=requeueable deps ti=<TaskInstance: veryfi_extract_total.extract_and_load scheduled__2023-05-08T00:06:00+00:00 [queued]>
[2023-05-08T23:15:20.296+0000] {taskinstance.py:1331} INFO - Starting attempt 1 of 2
[2023-05-08T23:15:20.310+0000] {taskinstance.py:1350} INFO - Executing <Task(PythonOperator): extract_and_load> on 2023-05-08 00:06:00+00:00
[2023-05-08T23:15:20.316+0000] {standard_task_runner.py:57} INFO - Started process 433 to run task
[2023-05-08T23:15:20.324+0000] {standard_task_runner.py:84} INFO - Running: ['***', 'tasks', 'run', 'veryfi_extract_total', 'extract_and_load', 'scheduled__2023-05-08T00:06:00+00:00', '--job-id', '93', '--raw', '--subdir', 'DAGS_FOLDER/ml_response_dag.py', '--cfg-path', '/tmp/tmp00yjurbq']
[2023-05-08T23:15:20.325+0000] {standard_task_runner.py:85} INFO - Job 93: Subtask extract_and_load
[2023-05-08T23:15:20.490+0000] {task_command.py:410} INFO - Running <TaskInstance: veryfi_extract_total.extract_and_load scheduled__2023-05-08T00:06:00+00:00 [running]> on host 916d3785c91c
[2023-05-08T23:15:20.626+0000] {taskinstance.py:1570} INFO - Exporting env vars: AIRFLOW_CTX_DAG_OWNER='***' AIRFLOW_CTX_DAG_ID='veryfi_extract_total' AIRFLOW_CTX_TASK_ID='extract_and_load' AIRFLOW_CTX_EXECUTION_DATE='2023-05-08T00:06:00+00:00' AIRFLOW_CTX_TRY_NUMBER='1' AIRFLOW_CTX_DAG_RUN_ID='scheduled__2023-05-08T00:06:00+00:00'
[2023-05-08T23:15:20.638+0000] {taskinstance.py:1847} ERROR - Task failed with exception
Traceback (most recent call last):
  File "/home/airflow/.local/lib/python3.7/site-packages/airflow/operators/python.py", line 181, in execute
    return_value = self.execute_callable()
  File "/home/airflow/.local/lib/python3.7/site-packages/airflow/operators/python.py", line 198, in execute_callable
    return self.python_callable(*self.op_args, **self.op_kwargs)
  File "/opt/airflow/dags/ml_response_dag.py", line 31, in extract_total
    cur.execute("INSERT INTO parsed_total (total) VALUES (%s)", (total,))
psycopg2.ProgrammingError: can't adapt type 'dict'
[2023-05-08T23:15:20.653+0000] {taskinstance.py:1373} INFO - Marking task as UP_FOR_RETRY. dag_id=veryfi_extract_total, task_id=extract_and_load, execution_date=20230508T000600, start_date=20230508T231520, end_date=20230508T231520
[2023-05-08T23:15:20.671+0000] {standard_task_runner.py:109} ERROR - Failed to execute job 93 for task extract_and_load (can't adapt type 'dict'; 433)
[2023-05-08T23:15:20.697+0000] {local_task_job_runner.py:232} INFO - Task exited with return code 1
[2023-05-08T23:15:20.720+0000] {taskinstance.py:2674} INFO - 0 downstream tasks scheduled from follow-on schedule check
[2023-05-09T04:45:24.196+0000] {taskinstance.py:1125} INFO - Dependencies all met for dep_context=non-requeueable deps ti=<TaskInstance: veryfi_extract_total.extract_and_load scheduled__2023-05-08T00:06:00+00:00 [queued]>
[2023-05-09T04:45:24.274+0000] {taskinstance.py:1125} INFO - Dependencies all met for dep_context=requeueable deps ti=<TaskInstance: veryfi_extract_total.extract_and_load scheduled__2023-05-08T00:06:00+00:00 [queued]>
[2023-05-09T04:45:24.278+0000] {taskinstance.py:1331} INFO - Starting attempt 1 of 2
[2023-05-09T04:45:24.389+0000] {taskinstance.py:1350} INFO - Executing <Task(PythonOperator): extract_and_load> on 2023-05-08 00:06:00+00:00
[2023-05-09T04:45:24.415+0000] {standard_task_runner.py:57} INFO - Started process 848 to run task
[2023-05-09T04:45:24.504+0000] {standard_task_runner.py:84} INFO - Running: ['***', 'tasks', 'run', 'veryfi_extract_total', 'extract_and_load', 'scheduled__2023-05-08T00:06:00+00:00', '--job-id', '147', '--raw', '--subdir', 'DAGS_FOLDER/ml_response_dag.py', '--cfg-path', '/tmp/tmpx9g2r3ay']
[2023-05-09T04:45:24.551+0000] {standard_task_runner.py:85} INFO - Job 147: Subtask extract_and_load
[2023-05-09T04:45:24.912+0000] {task_command.py:410} INFO - Running <TaskInstance: veryfi_extract_total.extract_and_load scheduled__2023-05-08T00:06:00+00:00 [running]> on host aa4b7d3de44b
[2023-05-09T04:45:25.300+0000] {taskinstance.py:1570} INFO - Exporting env vars: AIRFLOW_CTX_DAG_OWNER='***' AIRFLOW_CTX_DAG_ID='veryfi_extract_total' AIRFLOW_CTX_TASK_ID='extract_and_load' AIRFLOW_CTX_EXECUTION_DATE='2023-05-08T00:06:00+00:00' AIRFLOW_CTX_TRY_NUMBER='1' AIRFLOW_CTX_DAG_RUN_ID='scheduled__2023-05-08T00:06:00+00:00'
[2023-05-09T04:45:25.323+0000] {ml_response_dag.py:36} INFO - {}
[2023-05-09T04:45:25.324+0000] {ml_response_dag.py:37} INFO - 1
[2023-05-09T04:45:25.324+0000] {ml_response_dag.py:36} INFO - {'value': '544', 'score': 0.22, 'ocr_score': 0.81, 'bounding_box': [0.22, 0.37, 0.38, 0.52]}
[2023-05-09T04:45:25.325+0000] {ml_response_dag.py:37} INFO - 1
[2023-05-09T04:45:25.325+0000] {ml_response_dag.py:36} INFO - {}
[2023-05-09T04:45:25.326+0000] {ml_response_dag.py:37} INFO - 1
[2023-05-09T04:45:25.326+0000] {ml_response_dag.py:36} INFO - {}
[2023-05-09T04:45:25.327+0000] {ml_response_dag.py:37} INFO - 1
[2023-05-09T04:45:25.328+0000] {ml_response_dag.py:36} INFO - {}
[2023-05-09T04:45:25.337+0000] {ml_response_dag.py:37} INFO - 1
[2023-05-09T04:45:25.339+0000] {ml_response_dag.py:36} INFO - {}
[2023-05-09T04:45:25.343+0000] {ml_response_dag.py:37} INFO - 1
[2023-05-09T04:45:25.343+0000] {ml_response_dag.py:36} INFO - {'value': '660', 'score': 0.48, 'ocr_score': 0.32, 'bounding_box': [0.07, 0.82, 0.06, 0.37]}
[2023-05-09T04:45:25.345+0000] {ml_response_dag.py:37} INFO - 1
[2023-05-09T04:45:25.348+0000] {ml_response_dag.py:36} INFO - {}
[2023-05-09T04:45:25.350+0000] {ml_response_dag.py:37} INFO - 1
[2023-05-09T04:45:25.352+0000] {ml_response_dag.py:36} INFO - {'value': '801', 'score': 0.92, 'ocr_score': 0.28, 'bounding_box': [0.56, 0.9, 0.37, 0.79]}
[2023-05-09T04:45:25.353+0000] {ml_response_dag.py:37} INFO - 1
[2023-05-09T04:45:25.357+0000] {ml_response_dag.py:36} INFO - {}
[2023-05-09T04:45:25.364+0000] {ml_response_dag.py:37} INFO - 2
[2023-05-09T04:45:25.365+0000] {ml_response_dag.py:36} INFO - {}
[2023-05-09T04:45:25.365+0000] {ml_response_dag.py:37} INFO - 2
[2023-05-09T04:45:25.366+0000] {ml_response_dag.py:36} INFO - {'value': '880', 'score': 0.06, 'ocr_score': 0.1, 'bounding_box': [0.76, 0.47, 0.16, 0.27]}
[2023-05-09T04:45:25.367+0000] {ml_response_dag.py:37} INFO - 2
[2023-05-09T04:45:25.367+0000] {ml_response_dag.py:36} INFO - {'value': '380', 'score': 0.11, 'ocr_score': 0.36, 'bounding_box': [0.99, 0.15, 0.39, 0.03]}
[2023-05-09T04:45:25.368+0000] {ml_response_dag.py:37} INFO - 2
[2023-05-09T04:45:25.368+0000] {ml_response_dag.py:36} INFO - {}
[2023-05-09T04:45:25.370+0000] {ml_response_dag.py:37} INFO - 2
[2023-05-09T04:45:25.373+0000] {ml_response_dag.py:36} INFO - {'value': '770', 'score': 0.37, 'ocr_score': 0.84, 'bounding_box': [0.79, 0.15, 0.82, 0.6]}
[2023-05-09T04:45:25.375+0000] {ml_response_dag.py:37} INFO - 2
[2023-05-09T04:45:25.378+0000] {ml_response_dag.py:36} INFO - {}
[2023-05-09T04:45:25.381+0000] {ml_response_dag.py:37} INFO - 2
[2023-05-09T04:45:25.381+0000] {ml_response_dag.py:36} INFO - {}
[2023-05-09T04:45:25.382+0000] {ml_response_dag.py:37} INFO - 2
[2023-05-09T04:45:25.382+0000] {ml_response_dag.py:36} INFO - {}
[2023-05-09T04:45:25.383+0000] {ml_response_dag.py:37} INFO - 2
[2023-05-09T04:45:25.384+0000] {ml_response_dag.py:36} INFO - {}
[2023-05-09T04:45:25.384+0000] {ml_response_dag.py:37} INFO - 3
[2023-05-09T04:45:25.385+0000] {ml_response_dag.py:36} INFO - {}
[2023-05-09T04:45:25.386+0000] {ml_response_dag.py:37} INFO - 4
[2023-05-09T04:45:25.386+0000] {ml_response_dag.py:36} INFO - {}
[2023-05-09T04:45:25.388+0000] {ml_response_dag.py:37} INFO - 5
[2023-05-09T04:45:25.412+0000] {ml_response_dag.py:36} INFO - {}
[2023-05-09T04:45:25.413+0000] {ml_response_dag.py:37} INFO - 5
[2023-05-09T04:45:25.415+0000] {ml_response_dag.py:36} INFO - {'value': '418', 'score': 0.49, 'ocr_score': 0.15, 'bounding_box': [0.88, 0.92, 0.46, 0.3]}
[2023-05-09T04:45:25.418+0000] {ml_response_dag.py:37} INFO - 5
[2023-05-09T04:45:25.431+0000] {ml_response_dag.py:36} INFO - {}
[2023-05-09T04:45:25.432+0000] {ml_response_dag.py:37} INFO - 5
[2023-05-09T04:45:25.433+0000] {ml_response_dag.py:36} INFO - {}
[2023-05-09T04:45:25.434+0000] {ml_response_dag.py:37} INFO - 5
[2023-05-09T04:45:25.446+0000] {ml_response_dag.py:36} INFO - {'value': '78', 'score': 0.03, 'ocr_score': 0.66, 'bounding_box': [0.31, 0.81, 0.43, 0.03]}
[2023-05-09T04:45:25.448+0000] {ml_response_dag.py:37} INFO - 5
[2023-05-09T04:45:25.449+0000] {ml_response_dag.py:36} INFO - {}
[2023-05-09T04:45:25.453+0000] {ml_response_dag.py:37} INFO - 5
[2023-05-09T04:45:25.459+0000] {ml_response_dag.py:36} INFO - {'value': '889', 'score': 0.72, 'ocr_score': 0.56, 'bounding_box': [0.38, 0.17, 0.28, 1.0]}
[2023-05-09T04:45:25.465+0000] {ml_response_dag.py:37} INFO - 5
[2023-05-09T04:45:25.474+0000] {ml_response_dag.py:36} INFO - {'value': '292', 'score': 0.23, 'ocr_score': 0.39, 'bounding_box': [0.45, 0.93, 0.07, 0.2]}
[2023-05-09T04:45:25.476+0000] {ml_response_dag.py:37} INFO - 5
[2023-05-09T04:45:25.477+0000] {ml_response_dag.py:36} INFO - {}
[2023-05-09T04:45:25.478+0000] {ml_response_dag.py:37} INFO - 6
[2023-05-09T04:45:25.481+0000] {ml_response_dag.py:36} INFO - {'value': '542', 'score': 0.01, 'ocr_score': 0.03, 'bounding_box': [0.27, 0.53, 0.77, 0.97]}
[2023-05-09T04:45:25.482+0000] {ml_response_dag.py:37} INFO - 7
[2023-05-09T04:45:25.483+0000] {ml_response_dag.py:36} INFO - {'value': '342', 'score': 0.56, 'ocr_score': 0.14, 'bounding_box': [0.77, 0.91, 0.18, 0.2]}
[2023-05-09T04:45:25.484+0000] {ml_response_dag.py:37} INFO - 7
[2023-05-09T04:45:25.485+0000] {ml_response_dag.py:36} INFO - {'value': '967', 'score': 0.78, 'ocr_score': 0.39, 'bounding_box': [0.86, 0.38, 0.41, 0.36]}
[2023-05-09T04:45:25.485+0000] {ml_response_dag.py:37} INFO - 7
[2023-05-09T04:45:25.487+0000] {ml_response_dag.py:36} INFO - {'value': '100', 'score': 0.68, 'ocr_score': 0.75, 'bounding_box': [0.32, 0.6, 0.97, 0.05]}
[2023-05-09T04:45:25.487+0000] {ml_response_dag.py:37} INFO - 7
[2023-05-09T04:45:25.488+0000] {ml_response_dag.py:36} INFO - {}
[2023-05-09T04:45:25.488+0000] {ml_response_dag.py:37} INFO - 7
[2023-05-09T04:45:25.489+0000] {ml_response_dag.py:36} INFO - {}
[2023-05-09T04:45:25.489+0000] {ml_response_dag.py:37} INFO - 7
[2023-05-09T04:45:25.490+0000] {ml_response_dag.py:36} INFO - {'value': '858', 'score': 0.94, 'ocr_score': 0.64, 'bounding_box': [0.22, 0.37, 0.17, 0.07]}
[2023-05-09T04:45:25.491+0000] {ml_response_dag.py:37} INFO - 7
[2023-05-09T04:45:25.491+0000] {ml_response_dag.py:36} INFO - {}
[2023-05-09T04:45:25.492+0000] {ml_response_dag.py:37} INFO - 7
[2023-05-09T04:45:25.492+0000] {ml_response_dag.py:36} INFO - {'value': '633', 'score': 0.77, 'ocr_score': 0.17, 'bounding_box': [0.44, 0.56, 0.26, 0.15]}
[2023-05-09T04:45:25.492+0000] {ml_response_dag.py:37} INFO - 7
[2023-05-09T04:45:25.493+0000] {ml_response_dag.py:36} INFO - {'value': '609', 'score': 0.47, 'ocr_score': 0.56, 'bounding_box': [0.3, 0.87, 0.78, 0.92]}
[2023-05-09T04:45:25.493+0000] {ml_response_dag.py:37} INFO - 8
[2023-05-09T04:45:25.494+0000] {ml_response_dag.py:36} INFO - {'value': '331', 'score': 0.49, 'ocr_score': 0.99, 'bounding_box': [0.55, 0.36, 0.08, 0.43]}
[2023-05-09T04:45:25.495+0000] {ml_response_dag.py:37} INFO - 8
[2023-05-09T04:45:25.495+0000] {ml_response_dag.py:36} INFO - {'value': '142', 'score': 0.0, 'ocr_score': 0.58, 'bounding_box': [0.17, 0.36, 0.83, 0.62]}
[2023-05-09T04:45:25.496+0000] {ml_response_dag.py:37} INFO - 8
[2023-05-09T04:45:25.496+0000] {ml_response_dag.py:36} INFO - {}
[2023-05-09T04:45:25.497+0000] {ml_response_dag.py:37} INFO - 8
[2023-05-09T04:45:25.497+0000] {ml_response_dag.py:36} INFO - {}
[2023-05-09T04:45:25.505+0000] {ml_response_dag.py:37} INFO - 8
[2023-05-09T04:45:25.535+0000] {ml_response_dag.py:36} INFO - {}
[2023-05-09T04:45:25.536+0000] {ml_response_dag.py:37} INFO - 8
[2023-05-09T04:45:25.548+0000] {ml_response_dag.py:36} INFO - {'value': '826', 'score': 0.74, 'ocr_score': 0.69, 'bounding_box': [0.98, 0.11, 0.14, 0.96]}
[2023-05-09T04:45:25.558+0000] {ml_response_dag.py:37} INFO - 8
[2023-05-09T04:45:25.563+0000] {ml_response_dag.py:36} INFO - {}
[2023-05-09T04:45:25.568+0000] {ml_response_dag.py:37} INFO - 8
[2023-05-09T04:45:25.569+0000] {ml_response_dag.py:36} INFO - {'value': '299', 'score': 0.85, 'ocr_score': 0.04, 'bounding_box': [0.14, 0.46, 0.06, 0.65]}
[2023-05-09T04:45:25.572+0000] {ml_response_dag.py:37} INFO - 8
[2023-05-09T04:45:25.575+0000] {ml_response_dag.py:36} INFO - {'value': '362', 'score': 0.62, 'ocr_score': 0.51, 'bounding_box': [0.42, 0.48, 0.21, 0.45]}
[2023-05-09T04:45:25.577+0000] {ml_response_dag.py:37} INFO - 9
[2023-05-09T04:45:25.583+0000] {ml_response_dag.py:36} INFO - {'value': '288', 'score': 0.77, 'ocr_score': 0.23, 'bounding_box': [0.16, 0.03, 0.68, 0.81]}
[2023-05-09T04:45:25.608+0000] {ml_response_dag.py:37} INFO - 9
[2023-05-09T04:45:25.609+0000] {ml_response_dag.py:36} INFO - {'value': '803', 'score': 0.03, 'ocr_score': 0.42, 'bounding_box': [0.05, 0.5, 0.56, 0.95]}
[2023-05-09T04:45:25.610+0000] {ml_response_dag.py:37} INFO - 9
[2023-05-09T04:45:25.628+0000] {ml_response_dag.py:36} INFO - {'value': '750', 'score': 0.85, 'ocr_score': 0.27, 'bounding_box': [0.71, 0.07, 0.54, 0.9]}
[2023-05-09T04:45:25.630+0000] {ml_response_dag.py:37} INFO - 9
[2023-05-09T04:45:25.632+0000] {ml_response_dag.py:36} INFO - {'value': '148', 'score': 0.41, 'ocr_score': 0.97, 'bounding_box': [0.44, 0.51, 0.69, 0.67]}
[2023-05-09T04:45:25.634+0000] {ml_response_dag.py:37} INFO - 9
[2023-05-09T04:45:25.635+0000] {ml_response_dag.py:36} INFO - {'value': '161', 'score': 0.49, 'ocr_score': 0.58, 'bounding_box': [0.51, 0.51, 0.55, 0.06]}
[2023-05-09T04:45:25.637+0000] {ml_response_dag.py:37} INFO - 9
[2023-05-09T04:45:25.637+0000] {ml_response_dag.py:36} INFO - {}
[2023-05-09T04:45:25.638+0000] {ml_response_dag.py:37} INFO - 9
[2023-05-09T04:45:25.638+0000] {ml_response_dag.py:36} INFO - {}
[2023-05-09T04:45:25.638+0000] {ml_response_dag.py:37} INFO - 9
[2023-05-09T04:45:25.639+0000] {ml_response_dag.py:36} INFO - {}
[2023-05-09T04:45:25.639+0000] {ml_response_dag.py:37} INFO - 9
[2023-05-09T04:45:25.640+0000] {ml_response_dag.py:36} INFO - {'value': '842', 'score': 0.47, 'ocr_score': 0.75, 'bounding_box': [0.16, 0.91, 0.32, 0.53]}
[2023-05-09T04:45:25.640+0000] {ml_response_dag.py:37} INFO - 10
[2023-05-09T04:45:25.641+0000] {ml_response_dag.py:36} INFO - {}
[2023-05-09T04:45:25.642+0000] {ml_response_dag.py:37} INFO - 10
[2023-05-09T04:45:25.643+0000] {ml_response_dag.py:36} INFO - {}
[2023-05-09T04:45:25.643+0000] {ml_response_dag.py:37} INFO - 10
[2023-05-09T04:45:25.644+0000] {ml_response_dag.py:36} INFO - {'value': '458', 'score': 0.81, 'ocr_score': 0.31, 'bounding_box': [0.69, 0.54, 0.48, 0.39]}
[2023-05-09T04:45:25.644+0000] {ml_response_dag.py:37} INFO - 10
[2023-05-09T04:45:25.644+0000] {ml_response_dag.py:36} INFO - {'value': '776', 'score': 0.77, 'ocr_score': 0.34, 'bounding_box': [0.76, 0.85, 0.56, 0.82]}
[2023-05-09T04:45:25.645+0000] {ml_response_dag.py:37} INFO - 10
[2023-05-09T04:45:25.645+0000] {ml_response_dag.py:36} INFO - {}
[2023-05-09T04:45:25.646+0000] {ml_response_dag.py:37} INFO - 10
[2023-05-09T04:45:25.646+0000] {ml_response_dag.py:36} INFO - {'value': '51', 'score': 0.76, 'ocr_score': 0.29, 'bounding_box': [0.79, 0.88, 0.43, 0.21]}
[2023-05-09T04:45:25.647+0000] {ml_response_dag.py:37} INFO - 10
[2023-05-09T04:45:25.649+0000] {ml_response_dag.py:36} INFO - {'value': '843', 'score': 0.05, 'ocr_score': 0.96, 'bounding_box': [0.84, 0.04, 0.6, 0.52]}
[2023-05-09T04:45:25.651+0000] {ml_response_dag.py:37} INFO - 10
[2023-05-09T04:45:25.652+0000] {ml_response_dag.py:36} INFO - {'value': '517', 'score': 0.75, 'ocr_score': 0.74, 'bounding_box': [0.65, 0.92, 0.1, 0.59]}
[2023-05-09T04:45:25.653+0000] {ml_response_dag.py:37} INFO - 10
[2023-05-09T04:45:25.653+0000] {ml_response_dag.py:36} INFO - {}
[2023-05-09T04:45:25.655+0000] {ml_response_dag.py:37} INFO - 11
[2023-05-09T04:45:25.661+0000] {ml_response_dag.py:36} INFO - {}
[2023-05-09T04:45:25.670+0000] {ml_response_dag.py:37} INFO - 11
[2023-05-09T04:45:25.671+0000] {ml_response_dag.py:36} INFO - {'value': '288', 'score': 0.6, 'ocr_score': 0.29, 'bounding_box': [0.96, 0.39, 0.81, 0.96]}
[2023-05-09T04:45:25.672+0000] {ml_response_dag.py:37} INFO - 11
[2023-05-09T04:45:25.673+0000] {ml_response_dag.py:36} INFO - {'value': '878', 'score': 0.44, 'ocr_score': 0.56, 'bounding_box': [0.46, 0.03, 0.06, 0.3]}
[2023-05-09T04:45:25.673+0000] {ml_response_dag.py:37} INFO - 11
[2023-05-09T04:45:25.675+0000] {ml_response_dag.py:36} INFO - {}
[2023-05-09T04:45:25.675+0000] {ml_response_dag.py:37} INFO - 11
[2023-05-09T04:45:25.676+0000] {ml_response_dag.py:36} INFO - {}
[2023-05-09T04:45:25.677+0000] {ml_response_dag.py:37} INFO - 11
[2023-05-09T04:45:25.677+0000] {ml_response_dag.py:36} INFO - {}
[2023-05-09T04:45:25.677+0000] {ml_response_dag.py:37} INFO - 11
[2023-05-09T04:45:25.679+0000] {ml_response_dag.py:36} INFO - {'value': '650', 'score': 0.79, 'ocr_score': 0.64, 'bounding_box': [0.13, 0.78, 0.29, 0.37]}
[2023-05-09T04:45:25.679+0000] {ml_response_dag.py:37} INFO - 11
[2023-05-09T04:45:25.686+0000] {ml_response_dag.py:36} INFO - {}
[2023-05-09T04:45:25.693+0000] {ml_response_dag.py:37} INFO - 11
[2023-05-09T04:45:25.697+0000] {ml_response_dag.py:36} INFO - {'value': '643', 'score': 0.23, 'ocr_score': 0.72, 'bounding_box': [0.01, 0.39, 0.58, 0.53]}
[2023-05-09T04:45:25.702+0000] {ml_response_dag.py:37} INFO - 12
[2023-05-09T04:45:25.705+0000] {ml_response_dag.py:36} INFO - {}
[2023-05-09T04:45:25.706+0000] {ml_response_dag.py:37} INFO - 13
[2023-05-09T04:45:25.707+0000] {ml_response_dag.py:36} INFO - {}
[2023-05-09T04:45:25.709+0000] {ml_response_dag.py:37} INFO - 14
[2023-05-09T04:45:25.709+0000] {ml_response_dag.py:36} INFO - {'value': '141', 'score': 0.27, 'ocr_score': 0.93, 'bounding_box': [0.24, 0.73, 0.11, 0.89]}
[2023-05-09T04:45:25.710+0000] {ml_response_dag.py:37} INFO - 15
[2023-05-09T04:45:25.711+0000] {ml_response_dag.py:36} INFO - {'value': '59', 'score': 0.45, 'ocr_score': 0.57, 'bounding_box': [0.45, 0.64, 0.68, 0.17]}
[2023-05-09T04:45:25.712+0000] {ml_response_dag.py:37} INFO - 15
[2023-05-09T04:45:25.712+0000] {ml_response_dag.py:36} INFO - {'value': '333', 'score': 0.34, 'ocr_score': 0.85, 'bounding_box': [0.81, 0.57, 0.99, 0.77]}
[2023-05-09T04:45:25.713+0000] {ml_response_dag.py:37} INFO - 15
[2023-05-09T04:45:25.714+0000] {ml_response_dag.py:36} INFO - {'value': '257', 'score': 0.11, 'ocr_score': 0.43, 'bounding_box': [0.37, 0.55, 0.53, 0.66]}
[2023-05-09T04:45:25.715+0000] {ml_response_dag.py:37} INFO - 15
[2023-05-09T04:45:25.725+0000] {ml_response_dag.py:36} INFO - {'value': '190', 'score': 0.21, 'ocr_score': 0.83, 'bounding_box': [0.88, 0.83, 0.57, 0.11]}
[2023-05-09T04:45:25.727+0000] {ml_response_dag.py:37} INFO - 15
[2023-05-09T04:45:25.727+0000] {ml_response_dag.py:36} INFO - {}
[2023-05-09T04:45:25.728+0000] {ml_response_dag.py:37} INFO - 15
[2023-05-09T04:45:25.734+0000] {ml_response_dag.py:36} INFO - {}
[2023-05-09T04:45:25.734+0000] {ml_response_dag.py:37} INFO - 15
[2023-05-09T04:45:25.735+0000] {ml_response_dag.py:36} INFO - {}
[2023-05-09T04:45:25.735+0000] {ml_response_dag.py:37} INFO - 15
[2023-05-09T04:45:25.736+0000] {ml_response_dag.py:36} INFO - {'value': '475', 'score': 0.57, 'ocr_score': 0.49, 'bounding_box': [0.4, 0.3, 0.99, 0.32]}
[2023-05-09T04:45:25.736+0000] {ml_response_dag.py:37} INFO - 15
[2023-05-09T04:45:25.737+0000] {ml_response_dag.py:36} INFO - {'value': '745', 'score': 0.84, 'ocr_score': 0.82, 'bounding_box': [0.84, 0.57, 0.94, 0.44]}
[2023-05-09T04:45:25.737+0000] {ml_response_dag.py:37} INFO - 16
[2023-05-09T04:45:25.739+0000] {python.py:183} INFO - Done. Returned value was: None
[2023-05-09T04:45:25.831+0000] {taskinstance.py:1373} INFO - Marking task as SUCCESS. dag_id=veryfi_extract_total, task_id=extract_and_load, execution_date=20230508T000600, start_date=20230509T044524, end_date=20230509T044525
[2023-05-09T04:45:25.923+0000] {local_task_job_runner.py:232} INFO - Task exited with return code 0
[2023-05-09T04:45:25.975+0000] {taskinstance.py:2674} INFO - 0 downstream tasks scheduled from follow-on schedule check
