[2023-05-09T04:57:53.158+0000] {taskinstance.py:1125} INFO - Dependencies all met for dep_context=non-requeueable deps ti=<TaskInstance: veryfi_extract_total.extract_and_load scheduled__2023-05-08T16:10:00+00:00 [queued]>
[2023-05-09T04:57:53.216+0000] {taskinstance.py:1125} INFO - Dependencies all met for dep_context=requeueable deps ti=<TaskInstance: veryfi_extract_total.extract_and_load scheduled__2023-05-08T16:10:00+00:00 [queued]>
[2023-05-09T04:57:53.217+0000] {taskinstance.py:1331} INFO - Starting attempt 1 of 2
[2023-05-09T04:57:53.331+0000] {taskinstance.py:1350} INFO - Executing <Task(PythonOperator): extract_and_load> on 2023-05-08 16:10:00+00:00
[2023-05-09T04:57:53.345+0000] {standard_task_runner.py:57} INFO - Started process 1745 to run task
[2023-05-09T04:57:53.392+0000] {standard_task_runner.py:84} INFO - Running: ['***', 'tasks', 'run', 'veryfi_extract_total', 'extract_and_load', 'scheduled__2023-05-08T16:10:00+00:00', '--job-id', '489', '--raw', '--subdir', 'DAGS_FOLDER/ml_response_dag.py', '--cfg-path', '/tmp/tmpp8ak8z84']
[2023-05-09T04:57:53.418+0000] {standard_task_runner.py:85} INFO - Job 489: Subtask extract_and_load
[2023-05-09T04:57:53.777+0000] {task_command.py:410} INFO - Running <TaskInstance: veryfi_extract_total.extract_and_load scheduled__2023-05-08T16:10:00+00:00 [running]> on host aa4b7d3de44b
[2023-05-09T04:57:54.704+0000] {taskinstance.py:1570} INFO - Exporting env vars: AIRFLOW_CTX_DAG_OWNER='***' AIRFLOW_CTX_DAG_ID='veryfi_extract_total' AIRFLOW_CTX_TASK_ID='extract_and_load' AIRFLOW_CTX_EXECUTION_DATE='2023-05-08T16:10:00+00:00' AIRFLOW_CTX_TRY_NUMBER='1' AIRFLOW_CTX_DAG_RUN_ID='scheduled__2023-05-08T16:10:00+00:00'
[2023-05-09T04:57:54.825+0000] {ml_response_dag.py:35} INFO - {}
[2023-05-09T04:57:54.829+0000] {ml_response_dag.py:36} INFO - 1
[2023-05-09T04:57:54.836+0000] {ml_response_dag.py:37} INFO - Inserted to db
[2023-05-09T04:57:54.839+0000] {ml_response_dag.py:35} INFO - {'value': '544', 'score': 0.22, 'ocr_score': 0.81, 'bounding_box': [0.22, 0.37, 0.38, 0.52]}
[2023-05-09T04:57:54.845+0000] {ml_response_dag.py:36} INFO - 1
[2023-05-09T04:57:54.846+0000] {ml_response_dag.py:37} INFO - Inserted to db
[2023-05-09T04:57:54.854+0000] {ml_response_dag.py:35} INFO - {}
[2023-05-09T04:57:54.857+0000] {ml_response_dag.py:36} INFO - 1
[2023-05-09T04:57:54.858+0000] {ml_response_dag.py:37} INFO - Inserted to db
[2023-05-09T04:57:54.859+0000] {ml_response_dag.py:35} INFO - {}
[2023-05-09T04:57:54.860+0000] {ml_response_dag.py:36} INFO - 1
[2023-05-09T04:57:54.861+0000] {ml_response_dag.py:37} INFO - Inserted to db
[2023-05-09T04:57:54.863+0000] {ml_response_dag.py:35} INFO - {}
[2023-05-09T04:57:54.864+0000] {ml_response_dag.py:36} INFO - 1
[2023-05-09T04:57:54.865+0000] {ml_response_dag.py:37} INFO - Inserted to db
[2023-05-09T04:57:54.865+0000] {ml_response_dag.py:35} INFO - {}
[2023-05-09T04:57:54.869+0000] {ml_response_dag.py:36} INFO - 1
[2023-05-09T04:57:54.872+0000] {ml_response_dag.py:37} INFO - Inserted to db
[2023-05-09T04:57:54.874+0000] {ml_response_dag.py:35} INFO - {'value': '660', 'score': 0.48, 'ocr_score': 0.32, 'bounding_box': [0.07, 0.82, 0.06, 0.37]}
[2023-05-09T04:57:54.876+0000] {ml_response_dag.py:36} INFO - 1
[2023-05-09T04:57:54.884+0000] {ml_response_dag.py:37} INFO - Inserted to db
[2023-05-09T04:57:54.886+0000] {ml_response_dag.py:35} INFO - {}
[2023-05-09T04:57:54.891+0000] {ml_response_dag.py:36} INFO - 1
[2023-05-09T04:57:54.895+0000] {ml_response_dag.py:37} INFO - Inserted to db
[2023-05-09T04:57:54.901+0000] {ml_response_dag.py:35} INFO - {'value': '801', 'score': 0.92, 'ocr_score': 0.28, 'bounding_box': [0.56, 0.9, 0.37, 0.79]}
[2023-05-09T04:57:54.901+0000] {ml_response_dag.py:36} INFO - 1
[2023-05-09T04:57:54.902+0000] {ml_response_dag.py:37} INFO - Inserted to db
[2023-05-09T04:57:54.903+0000] {ml_response_dag.py:35} INFO - {}
[2023-05-09T04:57:54.903+0000] {ml_response_dag.py:36} INFO - 2
[2023-05-09T04:57:54.904+0000] {ml_response_dag.py:37} INFO - Inserted to db
[2023-05-09T04:57:54.911+0000] {ml_response_dag.py:35} INFO - {}
[2023-05-09T04:57:54.911+0000] {ml_response_dag.py:36} INFO - 2
[2023-05-09T04:57:54.912+0000] {ml_response_dag.py:37} INFO - Inserted to db
[2023-05-09T04:57:54.913+0000] {ml_response_dag.py:35} INFO - {'value': '880', 'score': 0.06, 'ocr_score': 0.1, 'bounding_box': [0.76, 0.47, 0.16, 0.27]}
[2023-05-09T04:57:54.914+0000] {ml_response_dag.py:36} INFO - 2
[2023-05-09T04:57:54.915+0000] {ml_response_dag.py:37} INFO - Inserted to db
[2023-05-09T04:57:54.915+0000] {ml_response_dag.py:35} INFO - {'value': '380', 'score': 0.11, 'ocr_score': 0.36, 'bounding_box': [0.99, 0.15, 0.39, 0.03]}
[2023-05-09T04:57:54.916+0000] {ml_response_dag.py:36} INFO - 2
[2023-05-09T04:57:54.916+0000] {ml_response_dag.py:37} INFO - Inserted to db
[2023-05-09T04:57:54.917+0000] {ml_response_dag.py:35} INFO - {}
[2023-05-09T04:57:54.918+0000] {ml_response_dag.py:36} INFO - 2
[2023-05-09T04:57:54.919+0000] {ml_response_dag.py:37} INFO - Inserted to db
[2023-05-09T04:57:54.919+0000] {ml_response_dag.py:35} INFO - {'value': '770', 'score': 0.37, 'ocr_score': 0.84, 'bounding_box': [0.79, 0.15, 0.82, 0.6]}
[2023-05-09T04:57:54.924+0000] {ml_response_dag.py:36} INFO - 2
[2023-05-09T04:57:54.927+0000] {ml_response_dag.py:37} INFO - Inserted to db
[2023-05-09T04:57:54.929+0000] {ml_response_dag.py:35} INFO - {}
[2023-05-09T04:57:54.929+0000] {ml_response_dag.py:36} INFO - 2
[2023-05-09T04:57:54.931+0000] {ml_response_dag.py:37} INFO - Inserted to db
[2023-05-09T04:57:54.931+0000] {ml_response_dag.py:35} INFO - {}
[2023-05-09T04:57:54.932+0000] {ml_response_dag.py:36} INFO - 2
[2023-05-09T04:57:54.933+0000] {ml_response_dag.py:37} INFO - Inserted to db
[2023-05-09T04:57:54.933+0000] {ml_response_dag.py:35} INFO - {}
[2023-05-09T04:57:54.934+0000] {ml_response_dag.py:36} INFO - 2
[2023-05-09T04:57:54.934+0000] {ml_response_dag.py:37} INFO - Inserted to db
[2023-05-09T04:57:54.935+0000] {ml_response_dag.py:35} INFO - {}
[2023-05-09T04:57:54.936+0000] {ml_response_dag.py:36} INFO - 3
[2023-05-09T04:57:54.936+0000] {ml_response_dag.py:37} INFO - Inserted to db
[2023-05-09T04:57:54.937+0000] {ml_response_dag.py:35} INFO - {}
[2023-05-09T04:57:54.939+0000] {ml_response_dag.py:36} INFO - 4
[2023-05-09T04:57:54.940+0000] {ml_response_dag.py:37} INFO - Inserted to db
[2023-05-09T04:57:54.941+0000] {ml_response_dag.py:35} INFO - {}
[2023-05-09T04:57:54.942+0000] {ml_response_dag.py:36} INFO - 5
[2023-05-09T04:57:54.942+0000] {ml_response_dag.py:37} INFO - Inserted to db
[2023-05-09T04:57:54.944+0000] {ml_response_dag.py:35} INFO - {}
[2023-05-09T04:57:54.944+0000] {ml_response_dag.py:36} INFO - 5
[2023-05-09T04:57:54.946+0000] {ml_response_dag.py:37} INFO - Inserted to db
[2023-05-09T04:57:54.947+0000] {ml_response_dag.py:35} INFO - {'value': '418', 'score': 0.49, 'ocr_score': 0.15, 'bounding_box': [0.88, 0.92, 0.46, 0.3]}
[2023-05-09T04:57:54.948+0000] {ml_response_dag.py:36} INFO - 5
[2023-05-09T04:57:54.949+0000] {ml_response_dag.py:37} INFO - Inserted to db
[2023-05-09T04:57:54.950+0000] {ml_response_dag.py:35} INFO - {}
[2023-05-09T04:57:54.950+0000] {ml_response_dag.py:36} INFO - 5
[2023-05-09T04:57:54.951+0000] {ml_response_dag.py:37} INFO - Inserted to db
[2023-05-09T04:57:54.956+0000] {ml_response_dag.py:35} INFO - {}
[2023-05-09T04:57:54.956+0000] {ml_response_dag.py:36} INFO - 5
[2023-05-09T04:57:54.957+0000] {ml_response_dag.py:37} INFO - Inserted to db
[2023-05-09T04:57:54.957+0000] {ml_response_dag.py:35} INFO - {'value': '78', 'score': 0.03, 'ocr_score': 0.66, 'bounding_box': [0.31, 0.81, 0.43, 0.03]}
[2023-05-09T04:57:54.958+0000] {ml_response_dag.py:36} INFO - 5
[2023-05-09T04:57:54.958+0000] {ml_response_dag.py:37} INFO - Inserted to db
[2023-05-09T04:57:54.959+0000] {ml_response_dag.py:35} INFO - {}
[2023-05-09T04:57:54.959+0000] {ml_response_dag.py:36} INFO - 5
[2023-05-09T04:57:54.959+0000] {ml_response_dag.py:37} INFO - Inserted to db
[2023-05-09T04:57:54.963+0000] {ml_response_dag.py:35} INFO - {'value': '889', 'score': 0.72, 'ocr_score': 0.56, 'bounding_box': [0.38, 0.17, 0.28, 1.0]}
[2023-05-09T04:57:54.964+0000] {ml_response_dag.py:36} INFO - 5
[2023-05-09T04:57:54.964+0000] {ml_response_dag.py:37} INFO - Inserted to db
[2023-05-09T04:57:54.965+0000] {ml_response_dag.py:35} INFO - {'value': '292', 'score': 0.23, 'ocr_score': 0.39, 'bounding_box': [0.45, 0.93, 0.07, 0.2]}
[2023-05-09T04:57:54.966+0000] {ml_response_dag.py:36} INFO - 5
[2023-05-09T04:57:54.966+0000] {ml_response_dag.py:37} INFO - Inserted to db
[2023-05-09T04:57:54.971+0000] {ml_response_dag.py:35} INFO - {}
[2023-05-09T04:57:54.972+0000] {ml_response_dag.py:36} INFO - 6
[2023-05-09T04:57:54.974+0000] {ml_response_dag.py:37} INFO - Inserted to db
[2023-05-09T04:57:54.977+0000] {ml_response_dag.py:35} INFO - {'value': '542', 'score': 0.01, 'ocr_score': 0.03, 'bounding_box': [0.27, 0.53, 0.77, 0.97]}
[2023-05-09T04:57:54.978+0000] {ml_response_dag.py:36} INFO - 7
[2023-05-09T04:57:54.979+0000] {ml_response_dag.py:37} INFO - Inserted to db
[2023-05-09T04:57:54.980+0000] {ml_response_dag.py:35} INFO - {'value': '342', 'score': 0.56, 'ocr_score': 0.14, 'bounding_box': [0.77, 0.91, 0.18, 0.2]}
[2023-05-09T04:57:54.980+0000] {ml_response_dag.py:36} INFO - 7
[2023-05-09T04:57:54.981+0000] {ml_response_dag.py:37} INFO - Inserted to db
[2023-05-09T04:57:54.981+0000] {ml_response_dag.py:35} INFO - {'value': '967', 'score': 0.78, 'ocr_score': 0.39, 'bounding_box': [0.86, 0.38, 0.41, 0.36]}
[2023-05-09T04:57:54.982+0000] {ml_response_dag.py:36} INFO - 7
[2023-05-09T04:57:54.983+0000] {ml_response_dag.py:37} INFO - Inserted to db
[2023-05-09T04:57:54.983+0000] {ml_response_dag.py:35} INFO - {'value': '100', 'score': 0.68, 'ocr_score': 0.75, 'bounding_box': [0.32, 0.6, 0.97, 0.05]}
[2023-05-09T04:57:54.984+0000] {ml_response_dag.py:36} INFO - 7
[2023-05-09T04:57:54.985+0000] {ml_response_dag.py:37} INFO - Inserted to db
[2023-05-09T04:57:54.985+0000] {ml_response_dag.py:35} INFO - {}
[2023-05-09T04:57:54.988+0000] {ml_response_dag.py:36} INFO - 7
[2023-05-09T04:57:54.990+0000] {ml_response_dag.py:37} INFO - Inserted to db
[2023-05-09T04:57:54.991+0000] {ml_response_dag.py:35} INFO - {}
[2023-05-09T04:57:54.991+0000] {ml_response_dag.py:36} INFO - 7
[2023-05-09T04:57:54.991+0000] {ml_response_dag.py:37} INFO - Inserted to db
[2023-05-09T04:57:54.992+0000] {ml_response_dag.py:35} INFO - {'value': '858', 'score': 0.94, 'ocr_score': 0.64, 'bounding_box': [0.22, 0.37, 0.17, 0.07]}
[2023-05-09T04:57:54.993+0000] {ml_response_dag.py:36} INFO - 7
[2023-05-09T04:57:54.994+0000] {ml_response_dag.py:37} INFO - Inserted to db
[2023-05-09T04:57:54.995+0000] {ml_response_dag.py:35} INFO - {}
[2023-05-09T04:57:54.996+0000] {ml_response_dag.py:36} INFO - 7
[2023-05-09T04:57:55.002+0000] {ml_response_dag.py:37} INFO - Inserted to db
[2023-05-09T04:57:55.005+0000] {ml_response_dag.py:35} INFO - {'value': '633', 'score': 0.77, 'ocr_score': 0.17, 'bounding_box': [0.44, 0.56, 0.26, 0.15]}
[2023-05-09T04:57:55.007+0000] {ml_response_dag.py:36} INFO - 7
[2023-05-09T04:57:55.007+0000] {ml_response_dag.py:37} INFO - Inserted to db
[2023-05-09T04:57:55.009+0000] {ml_response_dag.py:35} INFO - {'value': '609', 'score': 0.47, 'ocr_score': 0.56, 'bounding_box': [0.3, 0.87, 0.78, 0.92]}
[2023-05-09T04:57:55.011+0000] {ml_response_dag.py:36} INFO - 8
[2023-05-09T04:57:55.012+0000] {ml_response_dag.py:37} INFO - Inserted to db
[2023-05-09T04:57:55.015+0000] {ml_response_dag.py:35} INFO - {'value': '331', 'score': 0.49, 'ocr_score': 0.99, 'bounding_box': [0.55, 0.36, 0.08, 0.43]}
[2023-05-09T04:57:55.017+0000] {ml_response_dag.py:36} INFO - 8
[2023-05-09T04:57:55.017+0000] {ml_response_dag.py:37} INFO - Inserted to db
[2023-05-09T04:57:55.018+0000] {ml_response_dag.py:35} INFO - {'value': '142', 'score': 0.0, 'ocr_score': 0.58, 'bounding_box': [0.17, 0.36, 0.83, 0.62]}
[2023-05-09T04:57:55.019+0000] {ml_response_dag.py:36} INFO - 8
[2023-05-09T04:57:55.019+0000] {ml_response_dag.py:37} INFO - Inserted to db
[2023-05-09T04:57:55.020+0000] {ml_response_dag.py:35} INFO - {}
[2023-05-09T04:57:55.022+0000] {ml_response_dag.py:36} INFO - 8
[2023-05-09T04:57:55.023+0000] {ml_response_dag.py:37} INFO - Inserted to db
[2023-05-09T04:57:55.023+0000] {ml_response_dag.py:35} INFO - {}
[2023-05-09T04:57:55.024+0000] {ml_response_dag.py:36} INFO - 8
[2023-05-09T04:57:55.025+0000] {ml_response_dag.py:37} INFO - Inserted to db
[2023-05-09T04:57:55.026+0000] {ml_response_dag.py:35} INFO - {}
[2023-05-09T04:57:55.027+0000] {ml_response_dag.py:36} INFO - 8
[2023-05-09T04:57:55.027+0000] {ml_response_dag.py:37} INFO - Inserted to db
[2023-05-09T04:57:55.028+0000] {ml_response_dag.py:35} INFO - {'value': '826', 'score': 0.74, 'ocr_score': 0.69, 'bounding_box': [0.98, 0.11, 0.14, 0.96]}
[2023-05-09T04:57:55.029+0000] {ml_response_dag.py:36} INFO - 8
[2023-05-09T04:57:55.029+0000] {ml_response_dag.py:37} INFO - Inserted to db
[2023-05-09T04:57:55.030+0000] {ml_response_dag.py:35} INFO - {}
[2023-05-09T04:57:55.030+0000] {ml_response_dag.py:36} INFO - 8
[2023-05-09T04:57:55.031+0000] {ml_response_dag.py:37} INFO - Inserted to db
[2023-05-09T04:57:55.031+0000] {ml_response_dag.py:35} INFO - {'value': '299', 'score': 0.85, 'ocr_score': 0.04, 'bounding_box': [0.14, 0.46, 0.06, 0.65]}
[2023-05-09T04:57:55.032+0000] {ml_response_dag.py:36} INFO - 8
[2023-05-09T04:57:55.033+0000] {ml_response_dag.py:37} INFO - Inserted to db
[2023-05-09T04:57:55.033+0000] {ml_response_dag.py:35} INFO - {'value': '362', 'score': 0.62, 'ocr_score': 0.51, 'bounding_box': [0.42, 0.48, 0.21, 0.45]}
[2023-05-09T04:57:55.034+0000] {ml_response_dag.py:36} INFO - 9
[2023-05-09T04:57:55.035+0000] {ml_response_dag.py:37} INFO - Inserted to db
[2023-05-09T04:57:55.036+0000] {ml_response_dag.py:35} INFO - {'value': '288', 'score': 0.77, 'ocr_score': 0.23, 'bounding_box': [0.16, 0.03, 0.68, 0.81]}
[2023-05-09T04:57:55.036+0000] {ml_response_dag.py:36} INFO - 9
[2023-05-09T04:57:55.038+0000] {ml_response_dag.py:37} INFO - Inserted to db
[2023-05-09T04:57:55.040+0000] {ml_response_dag.py:35} INFO - {'value': '803', 'score': 0.03, 'ocr_score': 0.42, 'bounding_box': [0.05, 0.5, 0.56, 0.95]}
[2023-05-09T04:57:55.041+0000] {ml_response_dag.py:36} INFO - 9
[2023-05-09T04:57:55.042+0000] {ml_response_dag.py:37} INFO - Inserted to db
[2023-05-09T04:57:55.042+0000] {ml_response_dag.py:35} INFO - {'value': '750', 'score': 0.85, 'ocr_score': 0.27, 'bounding_box': [0.71, 0.07, 0.54, 0.9]}
[2023-05-09T04:57:55.043+0000] {ml_response_dag.py:36} INFO - 9
[2023-05-09T04:57:55.044+0000] {ml_response_dag.py:37} INFO - Inserted to db
[2023-05-09T04:57:55.045+0000] {ml_response_dag.py:35} INFO - {'value': '148', 'score': 0.41, 'ocr_score': 0.97, 'bounding_box': [0.44, 0.51, 0.69, 0.67]}
[2023-05-09T04:57:55.045+0000] {ml_response_dag.py:36} INFO - 9
[2023-05-09T04:57:55.046+0000] {ml_response_dag.py:37} INFO - Inserted to db
[2023-05-09T04:57:55.047+0000] {ml_response_dag.py:35} INFO - {'value': '161', 'score': 0.49, 'ocr_score': 0.58, 'bounding_box': [0.51, 0.51, 0.55, 0.06]}
[2023-05-09T04:57:55.050+0000] {ml_response_dag.py:36} INFO - 9
[2023-05-09T04:57:55.051+0000] {ml_response_dag.py:37} INFO - Inserted to db
[2023-05-09T04:57:55.057+0000] {ml_response_dag.py:35} INFO - {}
[2023-05-09T04:57:55.062+0000] {ml_response_dag.py:36} INFO - 9
[2023-05-09T04:57:55.064+0000] {ml_response_dag.py:37} INFO - Inserted to db
[2023-05-09T04:57:55.067+0000] {ml_response_dag.py:35} INFO - {}
[2023-05-09T04:57:55.069+0000] {ml_response_dag.py:36} INFO - 9
[2023-05-09T04:57:55.070+0000] {ml_response_dag.py:37} INFO - Inserted to db
[2023-05-09T04:57:55.073+0000] {ml_response_dag.py:35} INFO - {}
[2023-05-09T04:57:55.074+0000] {ml_response_dag.py:36} INFO - 9
[2023-05-09T04:57:55.076+0000] {ml_response_dag.py:37} INFO - Inserted to db
[2023-05-09T04:57:55.079+0000] {ml_response_dag.py:35} INFO - {'value': '842', 'score': 0.47, 'ocr_score': 0.75, 'bounding_box': [0.16, 0.91, 0.32, 0.53]}
[2023-05-09T04:57:55.080+0000] {ml_response_dag.py:36} INFO - 10
[2023-05-09T04:57:55.083+0000] {ml_response_dag.py:37} INFO - Inserted to db
[2023-05-09T04:57:55.084+0000] {ml_response_dag.py:35} INFO - {}
[2023-05-09T04:57:55.085+0000] {ml_response_dag.py:36} INFO - 10
[2023-05-09T04:57:55.085+0000] {ml_response_dag.py:37} INFO - Inserted to db
[2023-05-09T04:57:55.085+0000] {ml_response_dag.py:35} INFO - {}
[2023-05-09T04:57:55.086+0000] {ml_response_dag.py:36} INFO - 10
[2023-05-09T04:57:55.086+0000] {ml_response_dag.py:37} INFO - Inserted to db
[2023-05-09T04:57:55.087+0000] {ml_response_dag.py:35} INFO - {'value': '458', 'score': 0.81, 'ocr_score': 0.31, 'bounding_box': [0.69, 0.54, 0.48, 0.39]}
[2023-05-09T04:57:55.087+0000] {ml_response_dag.py:36} INFO - 10
[2023-05-09T04:57:55.088+0000] {ml_response_dag.py:37} INFO - Inserted to db
[2023-05-09T04:57:55.088+0000] {ml_response_dag.py:35} INFO - {'value': '776', 'score': 0.77, 'ocr_score': 0.34, 'bounding_box': [0.76, 0.85, 0.56, 0.82]}
[2023-05-09T04:57:55.088+0000] {ml_response_dag.py:36} INFO - 10
[2023-05-09T04:57:55.089+0000] {ml_response_dag.py:37} INFO - Inserted to db
[2023-05-09T04:57:55.091+0000] {ml_response_dag.py:35} INFO - {}
[2023-05-09T04:57:55.091+0000] {ml_response_dag.py:36} INFO - 10
[2023-05-09T04:57:55.091+0000] {ml_response_dag.py:37} INFO - Inserted to db
[2023-05-09T04:57:55.092+0000] {ml_response_dag.py:35} INFO - {'value': '51', 'score': 0.76, 'ocr_score': 0.29, 'bounding_box': [0.79, 0.88, 0.43, 0.21]}
[2023-05-09T04:57:55.092+0000] {ml_response_dag.py:36} INFO - 10
[2023-05-09T04:57:55.094+0000] {ml_response_dag.py:37} INFO - Inserted to db
[2023-05-09T04:57:55.096+0000] {ml_response_dag.py:35} INFO - {'value': '843', 'score': 0.05, 'ocr_score': 0.96, 'bounding_box': [0.84, 0.04, 0.6, 0.52]}
[2023-05-09T04:57:55.096+0000] {ml_response_dag.py:36} INFO - 10
[2023-05-09T04:57:55.097+0000] {ml_response_dag.py:37} INFO - Inserted to db
[2023-05-09T04:57:55.097+0000] {ml_response_dag.py:35} INFO - {'value': '517', 'score': 0.75, 'ocr_score': 0.74, 'bounding_box': [0.65, 0.92, 0.1, 0.59]}
[2023-05-09T04:57:55.098+0000] {ml_response_dag.py:36} INFO - 10
[2023-05-09T04:57:55.099+0000] {ml_response_dag.py:37} INFO - Inserted to db
[2023-05-09T04:57:55.100+0000] {ml_response_dag.py:35} INFO - {}
[2023-05-09T04:57:55.101+0000] {ml_response_dag.py:36} INFO - 11
[2023-05-09T04:57:55.101+0000] {ml_response_dag.py:37} INFO - Inserted to db
[2023-05-09T04:57:55.102+0000] {ml_response_dag.py:35} INFO - {}
[2023-05-09T04:57:55.102+0000] {ml_response_dag.py:36} INFO - 11
[2023-05-09T04:57:55.103+0000] {ml_response_dag.py:37} INFO - Inserted to db
[2023-05-09T04:57:55.103+0000] {ml_response_dag.py:35} INFO - {'value': '288', 'score': 0.6, 'ocr_score': 0.29, 'bounding_box': [0.96, 0.39, 0.81, 0.96]}
[2023-05-09T04:57:55.103+0000] {ml_response_dag.py:36} INFO - 11
[2023-05-09T04:57:55.104+0000] {ml_response_dag.py:37} INFO - Inserted to db
[2023-05-09T04:57:55.105+0000] {ml_response_dag.py:35} INFO - {'value': '878', 'score': 0.44, 'ocr_score': 0.56, 'bounding_box': [0.46, 0.03, 0.06, 0.3]}
[2023-05-09T04:57:55.106+0000] {ml_response_dag.py:36} INFO - 11
[2023-05-09T04:57:55.106+0000] {ml_response_dag.py:37} INFO - Inserted to db
[2023-05-09T04:57:55.107+0000] {ml_response_dag.py:35} INFO - {}
[2023-05-09T04:57:55.107+0000] {ml_response_dag.py:36} INFO - 11
[2023-05-09T04:57:55.108+0000] {ml_response_dag.py:37} INFO - Inserted to db
[2023-05-09T04:57:55.108+0000] {ml_response_dag.py:35} INFO - {}
[2023-05-09T04:57:55.108+0000] {ml_response_dag.py:36} INFO - 11
[2023-05-09T04:57:55.109+0000] {ml_response_dag.py:37} INFO - Inserted to db
[2023-05-09T04:57:55.110+0000] {ml_response_dag.py:35} INFO - {}
[2023-05-09T04:57:55.114+0000] {ml_response_dag.py:36} INFO - 11
[2023-05-09T04:57:55.115+0000] {ml_response_dag.py:37} INFO - Inserted to db
[2023-05-09T04:57:55.116+0000] {ml_response_dag.py:35} INFO - {'value': '650', 'score': 0.79, 'ocr_score': 0.64, 'bounding_box': [0.13, 0.78, 0.29, 0.37]}
[2023-05-09T04:57:55.116+0000] {ml_response_dag.py:36} INFO - 11
[2023-05-09T04:57:55.117+0000] {ml_response_dag.py:37} INFO - Inserted to db
[2023-05-09T04:57:55.117+0000] {ml_response_dag.py:35} INFO - {}
[2023-05-09T04:57:55.118+0000] {ml_response_dag.py:36} INFO - 11
[2023-05-09T04:57:55.118+0000] {ml_response_dag.py:37} INFO - Inserted to db
[2023-05-09T04:57:55.118+0000] {ml_response_dag.py:35} INFO - {'value': '643', 'score': 0.23, 'ocr_score': 0.72, 'bounding_box': [0.01, 0.39, 0.58, 0.53]}
[2023-05-09T04:57:55.119+0000] {ml_response_dag.py:36} INFO - 12
[2023-05-09T04:57:55.119+0000] {ml_response_dag.py:37} INFO - Inserted to db
[2023-05-09T04:57:55.120+0000] {ml_response_dag.py:35} INFO - {}
[2023-05-09T04:57:55.120+0000] {ml_response_dag.py:36} INFO - 13
[2023-05-09T04:57:55.120+0000] {ml_response_dag.py:37} INFO - Inserted to db
[2023-05-09T04:57:55.121+0000] {ml_response_dag.py:35} INFO - {}
[2023-05-09T04:57:55.121+0000] {ml_response_dag.py:36} INFO - 14
[2023-05-09T04:57:55.122+0000] {ml_response_dag.py:37} INFO - Inserted to db
[2023-05-09T04:57:55.123+0000] {ml_response_dag.py:35} INFO - {'value': '141', 'score': 0.27, 'ocr_score': 0.93, 'bounding_box': [0.24, 0.73, 0.11, 0.89]}
[2023-05-09T04:57:55.123+0000] {ml_response_dag.py:36} INFO - 15
[2023-05-09T04:57:55.124+0000] {ml_response_dag.py:37} INFO - Inserted to db
[2023-05-09T04:57:55.125+0000] {ml_response_dag.py:35} INFO - {'value': '59', 'score': 0.45, 'ocr_score': 0.57, 'bounding_box': [0.45, 0.64, 0.68, 0.17]}
[2023-05-09T04:57:55.126+0000] {ml_response_dag.py:36} INFO - 15
[2023-05-09T04:57:55.127+0000] {ml_response_dag.py:37} INFO - Inserted to db
[2023-05-09T04:57:55.129+0000] {ml_response_dag.py:35} INFO - {'value': '333', 'score': 0.34, 'ocr_score': 0.85, 'bounding_box': [0.81, 0.57, 0.99, 0.77]}
[2023-05-09T04:57:55.129+0000] {ml_response_dag.py:36} INFO - 15
[2023-05-09T04:57:55.130+0000] {ml_response_dag.py:37} INFO - Inserted to db
[2023-05-09T04:57:55.130+0000] {ml_response_dag.py:35} INFO - {'value': '257', 'score': 0.11, 'ocr_score': 0.43, 'bounding_box': [0.37, 0.55, 0.53, 0.66]}
[2023-05-09T04:57:55.131+0000] {ml_response_dag.py:36} INFO - 15
[2023-05-09T04:57:55.131+0000] {ml_response_dag.py:37} INFO - Inserted to db
[2023-05-09T04:57:55.133+0000] {ml_response_dag.py:35} INFO - {'value': '190', 'score': 0.21, 'ocr_score': 0.83, 'bounding_box': [0.88, 0.83, 0.57, 0.11]}
[2023-05-09T04:57:55.134+0000] {ml_response_dag.py:36} INFO - 15
[2023-05-09T04:57:55.134+0000] {ml_response_dag.py:37} INFO - Inserted to db
[2023-05-09T04:57:55.135+0000] {ml_response_dag.py:35} INFO - {}
[2023-05-09T04:57:55.135+0000] {ml_response_dag.py:36} INFO - 15
[2023-05-09T04:57:55.138+0000] {ml_response_dag.py:37} INFO - Inserted to db
[2023-05-09T04:57:55.141+0000] {ml_response_dag.py:35} INFO - {}
[2023-05-09T04:57:55.142+0000] {ml_response_dag.py:36} INFO - 15
[2023-05-09T04:57:55.143+0000] {ml_response_dag.py:37} INFO - Inserted to db
[2023-05-09T04:57:55.146+0000] {ml_response_dag.py:35} INFO - {}
[2023-05-09T04:57:55.149+0000] {ml_response_dag.py:36} INFO - 15
[2023-05-09T04:57:55.151+0000] {ml_response_dag.py:37} INFO - Inserted to db
[2023-05-09T04:57:55.153+0000] {ml_response_dag.py:35} INFO - {'value': '475', 'score': 0.57, 'ocr_score': 0.49, 'bounding_box': [0.4, 0.3, 0.99, 0.32]}
[2023-05-09T04:57:55.153+0000] {ml_response_dag.py:36} INFO - 15
[2023-05-09T04:57:55.154+0000] {ml_response_dag.py:37} INFO - Inserted to db
[2023-05-09T04:57:55.156+0000] {ml_response_dag.py:35} INFO - {'value': '745', 'score': 0.84, 'ocr_score': 0.82, 'bounding_box': [0.84, 0.57, 0.94, 0.44]}
[2023-05-09T04:57:55.157+0000] {ml_response_dag.py:36} INFO - 16
[2023-05-09T04:57:55.157+0000] {ml_response_dag.py:37} INFO - Inserted to db
[2023-05-09T04:57:55.166+0000] {python.py:183} INFO - Done. Returned value was: None
[2023-05-09T04:57:55.235+0000] {taskinstance.py:1373} INFO - Marking task as SUCCESS. dag_id=veryfi_extract_total, task_id=extract_and_load, execution_date=20230508T161000, start_date=20230509T045753, end_date=20230509T045755
[2023-05-09T04:57:55.342+0000] {local_task_job_runner.py:232} INFO - Task exited with return code 0
[2023-05-09T04:57:55.494+0000] {taskinstance.py:2674} INFO - 0 downstream tasks scheduled from follow-on schedule check
