[2023-05-09T04:57:59.955+0000] {taskinstance.py:1125} INFO - Dependencies all met for dep_context=non-requeueable deps ti=<TaskInstance: veryfi_extract_total.extract_and_load scheduled__2023-05-08T17:40:00+00:00 [queued]>
[2023-05-09T04:57:59.994+0000] {taskinstance.py:1125} INFO - Dependencies all met for dep_context=requeueable deps ti=<TaskInstance: veryfi_extract_total.extract_and_load scheduled__2023-05-08T17:40:00+00:00 [queued]>
[2023-05-09T04:57:59.995+0000] {taskinstance.py:1331} INFO - Starting attempt 1 of 2
[2023-05-09T04:58:00.059+0000] {taskinstance.py:1350} INFO - Executing <Task(PythonOperator): extract_and_load> on 2023-05-08 17:40:00+00:00
[2023-05-09T04:58:00.087+0000] {standard_task_runner.py:57} INFO - Started process 1762 to run task
[2023-05-09T04:58:00.110+0000] {standard_task_runner.py:84} INFO - Running: ['***', 'tasks', 'run', 'veryfi_extract_total', 'extract_and_load', 'scheduled__2023-05-08T17:40:00+00:00', '--job-id', '498', '--raw', '--subdir', 'DAGS_FOLDER/ml_response_dag.py', '--cfg-path', '/tmp/tmps3rhjz11']
[2023-05-09T04:58:00.114+0000] {standard_task_runner.py:85} INFO - Job 498: Subtask extract_and_load
[2023-05-09T04:58:00.465+0000] {task_command.py:410} INFO - Running <TaskInstance: veryfi_extract_total.extract_and_load scheduled__2023-05-08T17:40:00+00:00 [running]> on host aa4b7d3de44b
[2023-05-09T04:58:00.887+0000] {taskinstance.py:1570} INFO - Exporting env vars: AIRFLOW_CTX_DAG_OWNER='***' AIRFLOW_CTX_DAG_ID='veryfi_extract_total' AIRFLOW_CTX_TASK_ID='extract_and_load' AIRFLOW_CTX_EXECUTION_DATE='2023-05-08T17:40:00+00:00' AIRFLOW_CTX_TRY_NUMBER='1' AIRFLOW_CTX_DAG_RUN_ID='scheduled__2023-05-08T17:40:00+00:00'
[2023-05-09T04:58:00.985+0000] {ml_response_dag.py:35} INFO - {}
[2023-05-09T04:58:00.987+0000] {ml_response_dag.py:36} INFO - 1
[2023-05-09T04:58:00.988+0000] {ml_response_dag.py:37} INFO - Inserted to db
[2023-05-09T04:58:00.995+0000] {ml_response_dag.py:35} INFO - {'value': '544', 'score': 0.22, 'ocr_score': 0.81, 'bounding_box': [0.22, 0.37, 0.38, 0.52]}
[2023-05-09T04:58:00.995+0000] {ml_response_dag.py:36} INFO - 1
[2023-05-09T04:58:00.996+0000] {ml_response_dag.py:37} INFO - Inserted to db
[2023-05-09T04:58:00.997+0000] {ml_response_dag.py:35} INFO - {}
[2023-05-09T04:58:00.998+0000] {ml_response_dag.py:36} INFO - 1
[2023-05-09T04:58:00.998+0000] {ml_response_dag.py:37} INFO - Inserted to db
[2023-05-09T04:58:00.999+0000] {ml_response_dag.py:35} INFO - {}
[2023-05-09T04:58:01.000+0000] {ml_response_dag.py:36} INFO - 1
[2023-05-09T04:58:01.002+0000] {ml_response_dag.py:37} INFO - Inserted to db
[2023-05-09T04:58:01.008+0000] {ml_response_dag.py:35} INFO - {}
[2023-05-09T04:58:01.009+0000] {ml_response_dag.py:36} INFO - 1
[2023-05-09T04:58:01.011+0000] {ml_response_dag.py:37} INFO - Inserted to db
[2023-05-09T04:58:01.012+0000] {ml_response_dag.py:35} INFO - {}
[2023-05-09T04:58:01.013+0000] {ml_response_dag.py:36} INFO - 1
[2023-05-09T04:58:01.016+0000] {ml_response_dag.py:37} INFO - Inserted to db
[2023-05-09T04:58:01.018+0000] {ml_response_dag.py:35} INFO - {'value': '660', 'score': 0.48, 'ocr_score': 0.32, 'bounding_box': [0.07, 0.82, 0.06, 0.37]}
[2023-05-09T04:58:01.019+0000] {ml_response_dag.py:36} INFO - 1
[2023-05-09T04:58:01.021+0000] {ml_response_dag.py:37} INFO - Inserted to db
[2023-05-09T04:58:01.024+0000] {ml_response_dag.py:35} INFO - {}
[2023-05-09T04:58:01.026+0000] {ml_response_dag.py:36} INFO - 1
[2023-05-09T04:58:01.027+0000] {ml_response_dag.py:37} INFO - Inserted to db
[2023-05-09T04:58:01.031+0000] {ml_response_dag.py:35} INFO - {'value': '801', 'score': 0.92, 'ocr_score': 0.28, 'bounding_box': [0.56, 0.9, 0.37, 0.79]}
[2023-05-09T04:58:01.033+0000] {ml_response_dag.py:36} INFO - 1
[2023-05-09T04:58:01.034+0000] {ml_response_dag.py:37} INFO - Inserted to db
[2023-05-09T04:58:01.035+0000] {ml_response_dag.py:35} INFO - {}
[2023-05-09T04:58:01.039+0000] {ml_response_dag.py:36} INFO - 2
[2023-05-09T04:58:01.041+0000] {ml_response_dag.py:37} INFO - Inserted to db
[2023-05-09T04:58:01.042+0000] {ml_response_dag.py:35} INFO - {}
[2023-05-09T04:58:01.045+0000] {ml_response_dag.py:36} INFO - 2
[2023-05-09T04:58:01.046+0000] {ml_response_dag.py:37} INFO - Inserted to db
[2023-05-09T04:58:01.048+0000] {ml_response_dag.py:35} INFO - {'value': '880', 'score': 0.06, 'ocr_score': 0.1, 'bounding_box': [0.76, 0.47, 0.16, 0.27]}
[2023-05-09T04:58:01.050+0000] {ml_response_dag.py:36} INFO - 2
[2023-05-09T04:58:01.050+0000] {ml_response_dag.py:37} INFO - Inserted to db
[2023-05-09T04:58:01.052+0000] {ml_response_dag.py:35} INFO - {'value': '380', 'score': 0.11, 'ocr_score': 0.36, 'bounding_box': [0.99, 0.15, 0.39, 0.03]}
[2023-05-09T04:58:01.056+0000] {ml_response_dag.py:36} INFO - 2
[2023-05-09T04:58:01.060+0000] {ml_response_dag.py:37} INFO - Inserted to db
[2023-05-09T04:58:01.062+0000] {ml_response_dag.py:35} INFO - {}
[2023-05-09T04:58:01.063+0000] {ml_response_dag.py:36} INFO - 2
[2023-05-09T04:58:01.066+0000] {ml_response_dag.py:37} INFO - Inserted to db
[2023-05-09T04:58:01.067+0000] {ml_response_dag.py:35} INFO - {'value': '770', 'score': 0.37, 'ocr_score': 0.84, 'bounding_box': [0.79, 0.15, 0.82, 0.6]}
[2023-05-09T04:58:01.068+0000] {ml_response_dag.py:36} INFO - 2
[2023-05-09T04:58:01.069+0000] {ml_response_dag.py:37} INFO - Inserted to db
[2023-05-09T04:58:01.070+0000] {ml_response_dag.py:35} INFO - {}
[2023-05-09T04:58:01.070+0000] {ml_response_dag.py:36} INFO - 2
[2023-05-09T04:58:01.071+0000] {ml_response_dag.py:37} INFO - Inserted to db
[2023-05-09T04:58:01.071+0000] {ml_response_dag.py:35} INFO - {}
[2023-05-09T04:58:01.072+0000] {ml_response_dag.py:36} INFO - 2
[2023-05-09T04:58:01.072+0000] {ml_response_dag.py:37} INFO - Inserted to db
[2023-05-09T04:58:01.073+0000] {ml_response_dag.py:35} INFO - {}
[2023-05-09T04:58:01.073+0000] {ml_response_dag.py:36} INFO - 2
[2023-05-09T04:58:01.074+0000] {ml_response_dag.py:37} INFO - Inserted to db
[2023-05-09T04:58:01.075+0000] {ml_response_dag.py:35} INFO - {}
[2023-05-09T04:58:01.075+0000] {ml_response_dag.py:36} INFO - 3
[2023-05-09T04:58:01.076+0000] {ml_response_dag.py:37} INFO - Inserted to db
[2023-05-09T04:58:01.076+0000] {ml_response_dag.py:35} INFO - {}
[2023-05-09T04:58:01.077+0000] {ml_response_dag.py:36} INFO - 4
[2023-05-09T04:58:01.077+0000] {ml_response_dag.py:37} INFO - Inserted to db
[2023-05-09T04:58:01.078+0000] {ml_response_dag.py:35} INFO - {}
[2023-05-09T04:58:01.079+0000] {ml_response_dag.py:36} INFO - 5
[2023-05-09T04:58:01.079+0000] {ml_response_dag.py:37} INFO - Inserted to db
[2023-05-09T04:58:01.079+0000] {ml_response_dag.py:35} INFO - {}
[2023-05-09T04:58:01.080+0000] {ml_response_dag.py:36} INFO - 5
[2023-05-09T04:58:01.080+0000] {ml_response_dag.py:37} INFO - Inserted to db
[2023-05-09T04:58:01.082+0000] {ml_response_dag.py:35} INFO - {'value': '418', 'score': 0.49, 'ocr_score': 0.15, 'bounding_box': [0.88, 0.92, 0.46, 0.3]}
[2023-05-09T04:58:01.083+0000] {ml_response_dag.py:36} INFO - 5
[2023-05-09T04:58:01.083+0000] {ml_response_dag.py:37} INFO - Inserted to db
[2023-05-09T04:58:01.084+0000] {ml_response_dag.py:35} INFO - {}
[2023-05-09T04:58:01.084+0000] {ml_response_dag.py:36} INFO - 5
[2023-05-09T04:58:01.085+0000] {ml_response_dag.py:37} INFO - Inserted to db
[2023-05-09T04:58:01.085+0000] {ml_response_dag.py:35} INFO - {}
[2023-05-09T04:58:01.085+0000] {ml_response_dag.py:36} INFO - 5
[2023-05-09T04:58:01.086+0000] {ml_response_dag.py:37} INFO - Inserted to db
[2023-05-09T04:58:01.086+0000] {ml_response_dag.py:35} INFO - {'value': '78', 'score': 0.03, 'ocr_score': 0.66, 'bounding_box': [0.31, 0.81, 0.43, 0.03]}
[2023-05-09T04:58:01.087+0000] {ml_response_dag.py:36} INFO - 5
[2023-05-09T04:58:01.087+0000] {ml_response_dag.py:37} INFO - Inserted to db
[2023-05-09T04:58:01.092+0000] {ml_response_dag.py:35} INFO - {}
[2023-05-09T04:58:01.092+0000] {ml_response_dag.py:36} INFO - 5
[2023-05-09T04:58:01.093+0000] {ml_response_dag.py:37} INFO - Inserted to db
[2023-05-09T04:58:01.094+0000] {ml_response_dag.py:35} INFO - {'value': '889', 'score': 0.72, 'ocr_score': 0.56, 'bounding_box': [0.38, 0.17, 0.28, 1.0]}
[2023-05-09T04:58:01.094+0000] {ml_response_dag.py:36} INFO - 5
[2023-05-09T04:58:01.095+0000] {ml_response_dag.py:37} INFO - Inserted to db
[2023-05-09T04:58:01.096+0000] {ml_response_dag.py:35} INFO - {'value': '292', 'score': 0.23, 'ocr_score': 0.39, 'bounding_box': [0.45, 0.93, 0.07, 0.2]}
[2023-05-09T04:58:01.096+0000] {ml_response_dag.py:36} INFO - 5
[2023-05-09T04:58:01.097+0000] {ml_response_dag.py:37} INFO - Inserted to db
[2023-05-09T04:58:01.098+0000] {ml_response_dag.py:35} INFO - {}
[2023-05-09T04:58:01.098+0000] {ml_response_dag.py:36} INFO - 6
[2023-05-09T04:58:01.099+0000] {ml_response_dag.py:37} INFO - Inserted to db
[2023-05-09T04:58:01.101+0000] {ml_response_dag.py:35} INFO - {'value': '542', 'score': 0.01, 'ocr_score': 0.03, 'bounding_box': [0.27, 0.53, 0.77, 0.97]}
[2023-05-09T04:58:01.102+0000] {ml_response_dag.py:36} INFO - 7
[2023-05-09T04:58:01.104+0000] {ml_response_dag.py:37} INFO - Inserted to db
[2023-05-09T04:58:01.108+0000] {ml_response_dag.py:35} INFO - {'value': '342', 'score': 0.56, 'ocr_score': 0.14, 'bounding_box': [0.77, 0.91, 0.18, 0.2]}
[2023-05-09T04:58:01.113+0000] {ml_response_dag.py:36} INFO - 7
[2023-05-09T04:58:01.115+0000] {ml_response_dag.py:37} INFO - Inserted to db
[2023-05-09T04:58:01.117+0000] {ml_response_dag.py:35} INFO - {'value': '967', 'score': 0.78, 'ocr_score': 0.39, 'bounding_box': [0.86, 0.38, 0.41, 0.36]}
[2023-05-09T04:58:01.119+0000] {ml_response_dag.py:36} INFO - 7
[2023-05-09T04:58:01.120+0000] {ml_response_dag.py:37} INFO - Inserted to db
[2023-05-09T04:58:01.122+0000] {ml_response_dag.py:35} INFO - {'value': '100', 'score': 0.68, 'ocr_score': 0.75, 'bounding_box': [0.32, 0.6, 0.97, 0.05]}
[2023-05-09T04:58:01.123+0000] {ml_response_dag.py:36} INFO - 7
[2023-05-09T04:58:01.124+0000] {ml_response_dag.py:37} INFO - Inserted to db
[2023-05-09T04:58:01.126+0000] {ml_response_dag.py:35} INFO - {}
[2023-05-09T04:58:01.127+0000] {ml_response_dag.py:36} INFO - 7
[2023-05-09T04:58:01.127+0000] {ml_response_dag.py:37} INFO - Inserted to db
[2023-05-09T04:58:01.128+0000] {ml_response_dag.py:35} INFO - {}
[2023-05-09T04:58:01.128+0000] {ml_response_dag.py:36} INFO - 7
[2023-05-09T04:58:01.129+0000] {ml_response_dag.py:37} INFO - Inserted to db
[2023-05-09T04:58:01.129+0000] {ml_response_dag.py:35} INFO - {'value': '858', 'score': 0.94, 'ocr_score': 0.64, 'bounding_box': [0.22, 0.37, 0.17, 0.07]}
[2023-05-09T04:58:01.130+0000] {ml_response_dag.py:36} INFO - 7
[2023-05-09T04:58:01.130+0000] {ml_response_dag.py:37} INFO - Inserted to db
[2023-05-09T04:58:01.131+0000] {ml_response_dag.py:35} INFO - {}
[2023-05-09T04:58:01.132+0000] {ml_response_dag.py:36} INFO - 7
[2023-05-09T04:58:01.133+0000] {ml_response_dag.py:37} INFO - Inserted to db
[2023-05-09T04:58:01.133+0000] {ml_response_dag.py:35} INFO - {'value': '633', 'score': 0.77, 'ocr_score': 0.17, 'bounding_box': [0.44, 0.56, 0.26, 0.15]}
[2023-05-09T04:58:01.134+0000] {ml_response_dag.py:36} INFO - 7
[2023-05-09T04:58:01.135+0000] {ml_response_dag.py:37} INFO - Inserted to db
[2023-05-09T04:58:01.138+0000] {ml_response_dag.py:35} INFO - {'value': '609', 'score': 0.47, 'ocr_score': 0.56, 'bounding_box': [0.3, 0.87, 0.78, 0.92]}
[2023-05-09T04:58:01.143+0000] {ml_response_dag.py:36} INFO - 8
[2023-05-09T04:58:01.144+0000] {ml_response_dag.py:37} INFO - Inserted to db
[2023-05-09T04:58:01.145+0000] {ml_response_dag.py:35} INFO - {'value': '331', 'score': 0.49, 'ocr_score': 0.99, 'bounding_box': [0.55, 0.36, 0.08, 0.43]}
[2023-05-09T04:58:01.145+0000] {ml_response_dag.py:36} INFO - 8
[2023-05-09T04:58:01.146+0000] {ml_response_dag.py:37} INFO - Inserted to db
[2023-05-09T04:58:01.147+0000] {ml_response_dag.py:35} INFO - {'value': '142', 'score': 0.0, 'ocr_score': 0.58, 'bounding_box': [0.17, 0.36, 0.83, 0.62]}
[2023-05-09T04:58:01.147+0000] {ml_response_dag.py:36} INFO - 8
[2023-05-09T04:58:01.151+0000] {ml_response_dag.py:37} INFO - Inserted to db
[2023-05-09T04:58:01.152+0000] {ml_response_dag.py:35} INFO - {}
[2023-05-09T04:58:01.153+0000] {ml_response_dag.py:36} INFO - 8
[2023-05-09T04:58:01.154+0000] {ml_response_dag.py:37} INFO - Inserted to db
[2023-05-09T04:58:01.155+0000] {ml_response_dag.py:35} INFO - {}
[2023-05-09T04:58:01.157+0000] {ml_response_dag.py:36} INFO - 8
[2023-05-09T04:58:01.158+0000] {ml_response_dag.py:37} INFO - Inserted to db
[2023-05-09T04:58:01.159+0000] {ml_response_dag.py:35} INFO - {}
[2023-05-09T04:58:01.159+0000] {ml_response_dag.py:36} INFO - 8
[2023-05-09T04:58:01.160+0000] {ml_response_dag.py:37} INFO - Inserted to db
[2023-05-09T04:58:01.163+0000] {ml_response_dag.py:35} INFO - {'value': '826', 'score': 0.74, 'ocr_score': 0.69, 'bounding_box': [0.98, 0.11, 0.14, 0.96]}
[2023-05-09T04:58:01.163+0000] {ml_response_dag.py:36} INFO - 8
[2023-05-09T04:58:01.164+0000] {ml_response_dag.py:37} INFO - Inserted to db
[2023-05-09T04:58:01.164+0000] {ml_response_dag.py:35} INFO - {}
[2023-05-09T04:58:01.165+0000] {ml_response_dag.py:36} INFO - 8
[2023-05-09T04:58:01.171+0000] {ml_response_dag.py:37} INFO - Inserted to db
[2023-05-09T04:58:01.175+0000] {ml_response_dag.py:35} INFO - {'value': '299', 'score': 0.85, 'ocr_score': 0.04, 'bounding_box': [0.14, 0.46, 0.06, 0.65]}
[2023-05-09T04:58:01.177+0000] {ml_response_dag.py:36} INFO - 8
[2023-05-09T04:58:01.177+0000] {ml_response_dag.py:37} INFO - Inserted to db
[2023-05-09T04:58:01.178+0000] {ml_response_dag.py:35} INFO - {'value': '362', 'score': 0.62, 'ocr_score': 0.51, 'bounding_box': [0.42, 0.48, 0.21, 0.45]}
[2023-05-09T04:58:01.179+0000] {ml_response_dag.py:36} INFO - 9
[2023-05-09T04:58:01.180+0000] {ml_response_dag.py:37} INFO - Inserted to db
[2023-05-09T04:58:01.181+0000] {ml_response_dag.py:35} INFO - {'value': '288', 'score': 0.77, 'ocr_score': 0.23, 'bounding_box': [0.16, 0.03, 0.68, 0.81]}
[2023-05-09T04:58:01.182+0000] {ml_response_dag.py:36} INFO - 9
[2023-05-09T04:58:01.184+0000] {ml_response_dag.py:37} INFO - Inserted to db
[2023-05-09T04:58:01.193+0000] {ml_response_dag.py:35} INFO - {'value': '803', 'score': 0.03, 'ocr_score': 0.42, 'bounding_box': [0.05, 0.5, 0.56, 0.95]}
[2023-05-09T04:58:01.210+0000] {ml_response_dag.py:36} INFO - 9
[2023-05-09T04:58:01.223+0000] {ml_response_dag.py:37} INFO - Inserted to db
[2023-05-09T04:58:01.224+0000] {ml_response_dag.py:35} INFO - {'value': '750', 'score': 0.85, 'ocr_score': 0.27, 'bounding_box': [0.71, 0.07, 0.54, 0.9]}
[2023-05-09T04:58:01.225+0000] {ml_response_dag.py:36} INFO - 9
[2023-05-09T04:58:01.225+0000] {ml_response_dag.py:37} INFO - Inserted to db
[2023-05-09T04:58:01.229+0000] {ml_response_dag.py:35} INFO - {'value': '148', 'score': 0.41, 'ocr_score': 0.97, 'bounding_box': [0.44, 0.51, 0.69, 0.67]}
[2023-05-09T04:58:01.232+0000] {ml_response_dag.py:36} INFO - 9
[2023-05-09T04:58:01.239+0000] {ml_response_dag.py:37} INFO - Inserted to db
[2023-05-09T04:58:01.262+0000] {ml_response_dag.py:35} INFO - {'value': '161', 'score': 0.49, 'ocr_score': 0.58, 'bounding_box': [0.51, 0.51, 0.55, 0.06]}
[2023-05-09T04:58:01.262+0000] {ml_response_dag.py:36} INFO - 9
[2023-05-09T04:58:01.263+0000] {ml_response_dag.py:37} INFO - Inserted to db
[2023-05-09T04:58:01.264+0000] {ml_response_dag.py:35} INFO - {}
[2023-05-09T04:58:01.264+0000] {ml_response_dag.py:36} INFO - 9
[2023-05-09T04:58:01.265+0000] {ml_response_dag.py:37} INFO - Inserted to db
[2023-05-09T04:58:01.266+0000] {ml_response_dag.py:35} INFO - {}
[2023-05-09T04:58:01.266+0000] {ml_response_dag.py:36} INFO - 9
[2023-05-09T04:58:01.267+0000] {ml_response_dag.py:37} INFO - Inserted to db
[2023-05-09T04:58:01.271+0000] {ml_response_dag.py:35} INFO - {}
[2023-05-09T04:58:01.275+0000] {ml_response_dag.py:36} INFO - 9
[2023-05-09T04:58:01.275+0000] {ml_response_dag.py:37} INFO - Inserted to db
[2023-05-09T04:58:01.277+0000] {ml_response_dag.py:35} INFO - {'value': '842', 'score': 0.47, 'ocr_score': 0.75, 'bounding_box': [0.16, 0.91, 0.32, 0.53]}
[2023-05-09T04:58:01.278+0000] {ml_response_dag.py:36} INFO - 10
[2023-05-09T04:58:01.279+0000] {ml_response_dag.py:37} INFO - Inserted to db
[2023-05-09T04:58:01.280+0000] {ml_response_dag.py:35} INFO - {}
[2023-05-09T04:58:01.281+0000] {ml_response_dag.py:36} INFO - 10
[2023-05-09T04:58:01.282+0000] {ml_response_dag.py:37} INFO - Inserted to db
[2023-05-09T04:58:01.291+0000] {ml_response_dag.py:35} INFO - {}
[2023-05-09T04:58:01.294+0000] {ml_response_dag.py:36} INFO - 10
[2023-05-09T04:58:01.295+0000] {ml_response_dag.py:37} INFO - Inserted to db
[2023-05-09T04:58:01.297+0000] {ml_response_dag.py:35} INFO - {'value': '458', 'score': 0.81, 'ocr_score': 0.31, 'bounding_box': [0.69, 0.54, 0.48, 0.39]}
[2023-05-09T04:58:01.298+0000] {ml_response_dag.py:36} INFO - 10
[2023-05-09T04:58:01.299+0000] {ml_response_dag.py:37} INFO - Inserted to db
[2023-05-09T04:58:01.300+0000] {ml_response_dag.py:35} INFO - {'value': '776', 'score': 0.77, 'ocr_score': 0.34, 'bounding_box': [0.76, 0.85, 0.56, 0.82]}
[2023-05-09T04:58:01.301+0000] {ml_response_dag.py:36} INFO - 10
[2023-05-09T04:58:01.309+0000] {ml_response_dag.py:37} INFO - Inserted to db
[2023-05-09T04:58:01.310+0000] {ml_response_dag.py:35} INFO - {}
[2023-05-09T04:58:01.311+0000] {ml_response_dag.py:36} INFO - 10
[2023-05-09T04:58:01.314+0000] {ml_response_dag.py:37} INFO - Inserted to db
[2023-05-09T04:58:01.315+0000] {ml_response_dag.py:35} INFO - {'value': '51', 'score': 0.76, 'ocr_score': 0.29, 'bounding_box': [0.79, 0.88, 0.43, 0.21]}
[2023-05-09T04:58:01.315+0000] {ml_response_dag.py:36} INFO - 10
[2023-05-09T04:58:01.316+0000] {ml_response_dag.py:37} INFO - Inserted to db
[2023-05-09T04:58:01.316+0000] {ml_response_dag.py:35} INFO - {'value': '843', 'score': 0.05, 'ocr_score': 0.96, 'bounding_box': [0.84, 0.04, 0.6, 0.52]}
[2023-05-09T04:58:01.317+0000] {ml_response_dag.py:36} INFO - 10
[2023-05-09T04:58:01.318+0000] {ml_response_dag.py:37} INFO - Inserted to db
[2023-05-09T04:58:01.319+0000] {ml_response_dag.py:35} INFO - {'value': '517', 'score': 0.75, 'ocr_score': 0.74, 'bounding_box': [0.65, 0.92, 0.1, 0.59]}
[2023-05-09T04:58:01.320+0000] {ml_response_dag.py:36} INFO - 10
[2023-05-09T04:58:01.320+0000] {ml_response_dag.py:37} INFO - Inserted to db
[2023-05-09T04:58:01.321+0000] {ml_response_dag.py:35} INFO - {}
[2023-05-09T04:58:01.323+0000] {ml_response_dag.py:36} INFO - 11
[2023-05-09T04:58:01.327+0000] {ml_response_dag.py:37} INFO - Inserted to db
[2023-05-09T04:58:01.331+0000] {ml_response_dag.py:35} INFO - {}
[2023-05-09T04:58:01.335+0000] {ml_response_dag.py:36} INFO - 11
[2023-05-09T04:58:01.336+0000] {ml_response_dag.py:37} INFO - Inserted to db
[2023-05-09T04:58:01.375+0000] {ml_response_dag.py:35} INFO - {'value': '288', 'score': 0.6, 'ocr_score': 0.29, 'bounding_box': [0.96, 0.39, 0.81, 0.96]}
[2023-05-09T04:58:01.378+0000] {ml_response_dag.py:36} INFO - 11
[2023-05-09T04:58:01.379+0000] {ml_response_dag.py:37} INFO - Inserted to db
[2023-05-09T04:58:01.380+0000] {ml_response_dag.py:35} INFO - {'value': '878', 'score': 0.44, 'ocr_score': 0.56, 'bounding_box': [0.46, 0.03, 0.06, 0.3]}
[2023-05-09T04:58:01.381+0000] {ml_response_dag.py:36} INFO - 11
[2023-05-09T04:58:01.381+0000] {ml_response_dag.py:37} INFO - Inserted to db
[2023-05-09T04:58:01.383+0000] {ml_response_dag.py:35} INFO - {}
[2023-05-09T04:58:01.383+0000] {ml_response_dag.py:36} INFO - 11
[2023-05-09T04:58:01.388+0000] {ml_response_dag.py:37} INFO - Inserted to db
[2023-05-09T04:58:01.390+0000] {ml_response_dag.py:35} INFO - {}
[2023-05-09T04:58:01.393+0000] {ml_response_dag.py:36} INFO - 11
[2023-05-09T04:58:01.395+0000] {ml_response_dag.py:37} INFO - Inserted to db
[2023-05-09T04:58:01.396+0000] {ml_response_dag.py:35} INFO - {}
[2023-05-09T04:58:01.396+0000] {ml_response_dag.py:36} INFO - 11
[2023-05-09T04:58:01.397+0000] {ml_response_dag.py:37} INFO - Inserted to db
[2023-05-09T04:58:01.398+0000] {ml_response_dag.py:35} INFO - {'value': '650', 'score': 0.79, 'ocr_score': 0.64, 'bounding_box': [0.13, 0.78, 0.29, 0.37]}
[2023-05-09T04:58:01.399+0000] {ml_response_dag.py:36} INFO - 11
[2023-05-09T04:58:01.400+0000] {ml_response_dag.py:37} INFO - Inserted to db
[2023-05-09T04:58:01.406+0000] {ml_response_dag.py:35} INFO - {}
[2023-05-09T04:58:01.412+0000] {ml_response_dag.py:36} INFO - 11
[2023-05-09T04:58:01.413+0000] {ml_response_dag.py:37} INFO - Inserted to db
[2023-05-09T04:58:01.416+0000] {ml_response_dag.py:35} INFO - {'value': '643', 'score': 0.23, 'ocr_score': 0.72, 'bounding_box': [0.01, 0.39, 0.58, 0.53]}
[2023-05-09T04:58:01.422+0000] {ml_response_dag.py:36} INFO - 12
[2023-05-09T04:58:01.432+0000] {ml_response_dag.py:37} INFO - Inserted to db
[2023-05-09T04:58:01.435+0000] {ml_response_dag.py:35} INFO - {}
[2023-05-09T04:58:01.438+0000] {ml_response_dag.py:36} INFO - 13
[2023-05-09T04:58:01.446+0000] {ml_response_dag.py:37} INFO - Inserted to db
[2023-05-09T04:58:01.449+0000] {ml_response_dag.py:35} INFO - {}
[2023-05-09T04:58:01.450+0000] {ml_response_dag.py:36} INFO - 14
[2023-05-09T04:58:01.452+0000] {ml_response_dag.py:37} INFO - Inserted to db
[2023-05-09T04:58:01.461+0000] {ml_response_dag.py:35} INFO - {'value': '141', 'score': 0.27, 'ocr_score': 0.93, 'bounding_box': [0.24, 0.73, 0.11, 0.89]}
[2023-05-09T04:58:01.467+0000] {ml_response_dag.py:36} INFO - 15
[2023-05-09T04:58:01.477+0000] {ml_response_dag.py:37} INFO - Inserted to db
[2023-05-09T04:58:01.478+0000] {ml_response_dag.py:35} INFO - {'value': '59', 'score': 0.45, 'ocr_score': 0.57, 'bounding_box': [0.45, 0.64, 0.68, 0.17]}
[2023-05-09T04:58:01.479+0000] {ml_response_dag.py:36} INFO - 15
[2023-05-09T04:58:01.479+0000] {ml_response_dag.py:37} INFO - Inserted to db
[2023-05-09T04:58:01.482+0000] {ml_response_dag.py:35} INFO - {'value': '333', 'score': 0.34, 'ocr_score': 0.85, 'bounding_box': [0.81, 0.57, 0.99, 0.77]}
[2023-05-09T04:58:01.483+0000] {ml_response_dag.py:36} INFO - 15
[2023-05-09T04:58:01.485+0000] {ml_response_dag.py:37} INFO - Inserted to db
[2023-05-09T04:58:01.488+0000] {ml_response_dag.py:35} INFO - {'value': '257', 'score': 0.11, 'ocr_score': 0.43, 'bounding_box': [0.37, 0.55, 0.53, 0.66]}
[2023-05-09T04:58:01.495+0000] {ml_response_dag.py:36} INFO - 15
[2023-05-09T04:58:01.504+0000] {ml_response_dag.py:37} INFO - Inserted to db
[2023-05-09T04:58:01.511+0000] {ml_response_dag.py:35} INFO - {'value': '190', 'score': 0.21, 'ocr_score': 0.83, 'bounding_box': [0.88, 0.83, 0.57, 0.11]}
[2023-05-09T04:58:01.516+0000] {ml_response_dag.py:36} INFO - 15
[2023-05-09T04:58:01.517+0000] {ml_response_dag.py:37} INFO - Inserted to db
[2023-05-09T04:58:01.519+0000] {ml_response_dag.py:35} INFO - {}
[2023-05-09T04:58:01.519+0000] {ml_response_dag.py:36} INFO - 15
[2023-05-09T04:58:01.521+0000] {ml_response_dag.py:37} INFO - Inserted to db
[2023-05-09T04:58:01.521+0000] {ml_response_dag.py:35} INFO - {}
[2023-05-09T04:58:01.522+0000] {ml_response_dag.py:36} INFO - 15
[2023-05-09T04:58:01.522+0000] {ml_response_dag.py:37} INFO - Inserted to db
[2023-05-09T04:58:01.528+0000] {ml_response_dag.py:35} INFO - {}
[2023-05-09T04:58:01.529+0000] {ml_response_dag.py:36} INFO - 15
[2023-05-09T04:58:01.531+0000] {ml_response_dag.py:37} INFO - Inserted to db
[2023-05-09T04:58:01.536+0000] {ml_response_dag.py:35} INFO - {'value': '475', 'score': 0.57, 'ocr_score': 0.49, 'bounding_box': [0.4, 0.3, 0.99, 0.32]}
[2023-05-09T04:58:01.537+0000] {ml_response_dag.py:36} INFO - 15
[2023-05-09T04:58:01.538+0000] {ml_response_dag.py:37} INFO - Inserted to db
[2023-05-09T04:58:01.539+0000] {ml_response_dag.py:35} INFO - {'value': '745', 'score': 0.84, 'ocr_score': 0.82, 'bounding_box': [0.84, 0.57, 0.94, 0.44]}
[2023-05-09T04:58:01.556+0000] {ml_response_dag.py:36} INFO - 16
[2023-05-09T04:58:01.559+0000] {ml_response_dag.py:37} INFO - Inserted to db
[2023-05-09T04:58:01.575+0000] {python.py:183} INFO - Done. Returned value was: None
[2023-05-09T04:58:01.669+0000] {taskinstance.py:1373} INFO - Marking task as SUCCESS. dag_id=veryfi_extract_total, task_id=extract_and_load, execution_date=20230508T174000, start_date=20230509T045759, end_date=20230509T045801
[2023-05-09T04:58:01.960+0000] {local_task_job_runner.py:232} INFO - Task exited with return code 0
[2023-05-09T04:58:02.209+0000] {taskinstance.py:2674} INFO - 0 downstream tasks scheduled from follow-on schedule check
