[2023-05-08T23:15:16.481+0000] {taskinstance.py:1125} INFO - Dependencies all met for dep_context=non-requeueable deps ti=<TaskInstance: veryfi_extract_total.extract_and_load scheduled__2023-05-08T00:00:00+00:00 [queued]>
[2023-05-08T23:15:16.496+0000] {taskinstance.py:1125} INFO - Dependencies all met for dep_context=requeueable deps ti=<TaskInstance: veryfi_extract_total.extract_and_load scheduled__2023-05-08T00:00:00+00:00 [queued]>
[2023-05-08T23:15:16.497+0000] {taskinstance.py:1331} INFO - Starting attempt 1 of 2
[2023-05-08T23:15:16.530+0000] {taskinstance.py:1350} INFO - Executing <Task(PythonOperator): extract_and_load> on 2023-05-08 00:00:00+00:00
[2023-05-08T23:15:16.541+0000] {standard_task_runner.py:57} INFO - Started process 408 to run task
[2023-05-08T23:15:16.552+0000] {standard_task_runner.py:84} INFO - Running: ['***', 'tasks', 'run', 'veryfi_extract_total', 'extract_and_load', 'scheduled__2023-05-08T00:00:00+00:00', '--job-id', '79', '--raw', '--subdir', 'DAGS_FOLDER/ml_response_dag.py', '--cfg-path', '/tmp/tmpqjs578b0']
[2023-05-08T23:15:16.553+0000] {standard_task_runner.py:85} INFO - Job 79: Subtask extract_and_load
[2023-05-08T23:15:16.682+0000] {task_command.py:410} INFO - Running <TaskInstance: veryfi_extract_total.extract_and_load scheduled__2023-05-08T00:00:00+00:00 [running]> on host 916d3785c91c
[2023-05-08T23:15:17.080+0000] {taskinstance.py:1570} INFO - Exporting env vars: AIRFLOW_CTX_DAG_OWNER='***' AIRFLOW_CTX_DAG_ID='veryfi_extract_total' AIRFLOW_CTX_TASK_ID='extract_and_load' AIRFLOW_CTX_EXECUTION_DATE='2023-05-08T00:00:00+00:00' AIRFLOW_CTX_TRY_NUMBER='1' AIRFLOW_CTX_DAG_RUN_ID='scheduled__2023-05-08T00:00:00+00:00'
[2023-05-08T23:15:17.141+0000] {taskinstance.py:1847} ERROR - Task failed with exception
Traceback (most recent call last):
  File "/home/airflow/.local/lib/python3.7/site-packages/airflow/operators/python.py", line 181, in execute
    return_value = self.execute_callable()
  File "/home/airflow/.local/lib/python3.7/site-packages/airflow/operators/python.py", line 198, in execute_callable
    return self.python_callable(*self.op_args, **self.op_kwargs)
  File "/opt/airflow/dags/ml_response_dag.py", line 31, in extract_total
    cur.execute("INSERT INTO parsed_total (total) VALUES (%s)", (total,))
psycopg2.ProgrammingError: can't adapt type 'dict'
[2023-05-08T23:15:17.209+0000] {taskinstance.py:1373} INFO - Marking task as UP_FOR_RETRY. dag_id=veryfi_extract_total, task_id=extract_and_load, execution_date=20230508T000000, start_date=20230508T231516, end_date=20230508T231517
[2023-05-08T23:15:17.269+0000] {standard_task_runner.py:109} ERROR - Failed to execute job 79 for task extract_and_load (can't adapt type 'dict'; 408)
[2023-05-08T23:15:17.338+0000] {local_task_job_runner.py:232} INFO - Task exited with return code 1
[2023-05-08T23:15:17.471+0000] {taskinstance.py:2674} INFO - 0 downstream tasks scheduled from follow-on schedule check
[2023-05-09T04:45:14.940+0000] {taskinstance.py:1125} INFO - Dependencies all met for dep_context=non-requeueable deps ti=<TaskInstance: veryfi_extract_total.extract_and_load scheduled__2023-05-08T00:00:00+00:00 [queued]>
[2023-05-09T04:45:14.958+0000] {taskinstance.py:1125} INFO - Dependencies all met for dep_context=requeueable deps ti=<TaskInstance: veryfi_extract_total.extract_and_load scheduled__2023-05-08T00:00:00+00:00 [queued]>
[2023-05-09T04:45:14.959+0000] {taskinstance.py:1331} INFO - Starting attempt 1 of 2
[2023-05-09T04:45:14.977+0000] {taskinstance.py:1350} INFO - Executing <Task(PythonOperator): extract_and_load> on 2023-05-08 00:00:00+00:00
[2023-05-09T04:45:14.984+0000] {standard_task_runner.py:57} INFO - Started process 822 to run task
[2023-05-09T04:45:14.994+0000] {standard_task_runner.py:84} INFO - Running: ['***', 'tasks', 'run', 'veryfi_extract_total', 'extract_and_load', 'scheduled__2023-05-08T00:00:00+00:00', '--job-id', '135', '--raw', '--subdir', 'DAGS_FOLDER/ml_response_dag.py', '--cfg-path', '/tmp/tmpxndhz1ct']
[2023-05-09T04:45:15.006+0000] {standard_task_runner.py:85} INFO - Job 135: Subtask extract_and_load
[2023-05-09T04:45:15.173+0000] {task_command.py:410} INFO - Running <TaskInstance: veryfi_extract_total.extract_and_load scheduled__2023-05-08T00:00:00+00:00 [running]> on host aa4b7d3de44b
[2023-05-09T04:45:15.426+0000] {taskinstance.py:1570} INFO - Exporting env vars: AIRFLOW_CTX_DAG_OWNER='***' AIRFLOW_CTX_DAG_ID='veryfi_extract_total' AIRFLOW_CTX_TASK_ID='extract_and_load' AIRFLOW_CTX_EXECUTION_DATE='2023-05-08T00:00:00+00:00' AIRFLOW_CTX_TRY_NUMBER='1' AIRFLOW_CTX_DAG_RUN_ID='scheduled__2023-05-08T00:00:00+00:00'
[2023-05-09T04:45:15.451+0000] {ml_response_dag.py:36} INFO - {}
[2023-05-09T04:45:15.452+0000] {ml_response_dag.py:37} INFO - 1
[2023-05-09T04:45:15.455+0000] {ml_response_dag.py:36} INFO - {'value': '544', 'score': 0.22, 'ocr_score': 0.81, 'bounding_box': [0.22, 0.37, 0.38, 0.52]}
[2023-05-09T04:45:15.457+0000] {ml_response_dag.py:37} INFO - 1
[2023-05-09T04:45:15.458+0000] {ml_response_dag.py:36} INFO - {}
[2023-05-09T04:45:15.458+0000] {ml_response_dag.py:37} INFO - 1
[2023-05-09T04:45:15.459+0000] {ml_response_dag.py:36} INFO - {}
[2023-05-09T04:45:15.459+0000] {ml_response_dag.py:37} INFO - 1
[2023-05-09T04:45:15.460+0000] {ml_response_dag.py:36} INFO - {}
[2023-05-09T04:45:15.460+0000] {ml_response_dag.py:37} INFO - 1
[2023-05-09T04:45:15.461+0000] {ml_response_dag.py:36} INFO - {}
[2023-05-09T04:45:15.461+0000] {ml_response_dag.py:37} INFO - 1
[2023-05-09T04:45:15.461+0000] {ml_response_dag.py:36} INFO - {'value': '660', 'score': 0.48, 'ocr_score': 0.32, 'bounding_box': [0.07, 0.82, 0.06, 0.37]}
[2023-05-09T04:45:15.462+0000] {ml_response_dag.py:37} INFO - 1
[2023-05-09T04:45:15.462+0000] {ml_response_dag.py:36} INFO - {}
[2023-05-09T04:45:15.462+0000] {ml_response_dag.py:37} INFO - 1
[2023-05-09T04:45:15.463+0000] {ml_response_dag.py:36} INFO - {'value': '801', 'score': 0.92, 'ocr_score': 0.28, 'bounding_box': [0.56, 0.9, 0.37, 0.79]}
[2023-05-09T04:45:15.464+0000] {ml_response_dag.py:37} INFO - 1
[2023-05-09T04:45:15.477+0000] {ml_response_dag.py:36} INFO - {}
[2023-05-09T04:45:15.485+0000] {ml_response_dag.py:37} INFO - 2
[2023-05-09T04:45:15.490+0000] {ml_response_dag.py:36} INFO - {}
[2023-05-09T04:45:15.495+0000] {ml_response_dag.py:37} INFO - 2
[2023-05-09T04:45:15.496+0000] {ml_response_dag.py:36} INFO - {'value': '880', 'score': 0.06, 'ocr_score': 0.1, 'bounding_box': [0.76, 0.47, 0.16, 0.27]}
[2023-05-09T04:45:15.497+0000] {ml_response_dag.py:37} INFO - 2
[2023-05-09T04:45:15.498+0000] {ml_response_dag.py:36} INFO - {'value': '380', 'score': 0.11, 'ocr_score': 0.36, 'bounding_box': [0.99, 0.15, 0.39, 0.03]}
[2023-05-09T04:45:15.499+0000] {ml_response_dag.py:37} INFO - 2
[2023-05-09T04:45:15.500+0000] {ml_response_dag.py:36} INFO - {}
[2023-05-09T04:45:15.501+0000] {ml_response_dag.py:37} INFO - 2
[2023-05-09T04:45:15.502+0000] {ml_response_dag.py:36} INFO - {'value': '770', 'score': 0.37, 'ocr_score': 0.84, 'bounding_box': [0.79, 0.15, 0.82, 0.6]}
[2023-05-09T04:45:15.502+0000] {ml_response_dag.py:37} INFO - 2
[2023-05-09T04:45:15.503+0000] {ml_response_dag.py:36} INFO - {}
[2023-05-09T04:45:15.504+0000] {ml_response_dag.py:37} INFO - 2
[2023-05-09T04:45:15.505+0000] {ml_response_dag.py:36} INFO - {}
[2023-05-09T04:45:15.505+0000] {ml_response_dag.py:37} INFO - 2
[2023-05-09T04:45:15.506+0000] {ml_response_dag.py:36} INFO - {}
[2023-05-09T04:45:15.509+0000] {ml_response_dag.py:37} INFO - 2
[2023-05-09T04:45:15.514+0000] {ml_response_dag.py:36} INFO - {}
[2023-05-09T04:45:15.515+0000] {ml_response_dag.py:37} INFO - 3
[2023-05-09T04:45:15.518+0000] {ml_response_dag.py:36} INFO - {}
[2023-05-09T04:45:15.518+0000] {ml_response_dag.py:37} INFO - 4
[2023-05-09T04:45:15.519+0000] {ml_response_dag.py:36} INFO - {}
[2023-05-09T04:45:15.520+0000] {ml_response_dag.py:37} INFO - 5
[2023-05-09T04:45:15.523+0000] {ml_response_dag.py:36} INFO - {}
[2023-05-09T04:45:15.524+0000] {ml_response_dag.py:37} INFO - 5
[2023-05-09T04:45:15.524+0000] {ml_response_dag.py:36} INFO - {'value': '418', 'score': 0.49, 'ocr_score': 0.15, 'bounding_box': [0.88, 0.92, 0.46, 0.3]}
[2023-05-09T04:45:15.525+0000] {ml_response_dag.py:37} INFO - 5
[2023-05-09T04:45:15.526+0000] {ml_response_dag.py:36} INFO - {}
[2023-05-09T04:45:15.526+0000] {ml_response_dag.py:37} INFO - 5
[2023-05-09T04:45:15.527+0000] {ml_response_dag.py:36} INFO - {}
[2023-05-09T04:45:15.528+0000] {ml_response_dag.py:37} INFO - 5
[2023-05-09T04:45:15.529+0000] {ml_response_dag.py:36} INFO - {'value': '78', 'score': 0.03, 'ocr_score': 0.66, 'bounding_box': [0.31, 0.81, 0.43, 0.03]}
[2023-05-09T04:45:15.529+0000] {ml_response_dag.py:37} INFO - 5
[2023-05-09T04:45:15.530+0000] {ml_response_dag.py:36} INFO - {}
[2023-05-09T04:45:15.530+0000] {ml_response_dag.py:37} INFO - 5
[2023-05-09T04:45:15.530+0000] {ml_response_dag.py:36} INFO - {'value': '889', 'score': 0.72, 'ocr_score': 0.56, 'bounding_box': [0.38, 0.17, 0.28, 1.0]}
[2023-05-09T04:45:15.531+0000] {ml_response_dag.py:37} INFO - 5
[2023-05-09T04:45:15.531+0000] {ml_response_dag.py:36} INFO - {'value': '292', 'score': 0.23, 'ocr_score': 0.39, 'bounding_box': [0.45, 0.93, 0.07, 0.2]}
[2023-05-09T04:45:15.531+0000] {ml_response_dag.py:37} INFO - 5
[2023-05-09T04:45:15.532+0000] {ml_response_dag.py:36} INFO - {}
[2023-05-09T04:45:15.532+0000] {ml_response_dag.py:37} INFO - 6
[2023-05-09T04:45:15.532+0000] {ml_response_dag.py:36} INFO - {'value': '542', 'score': 0.01, 'ocr_score': 0.03, 'bounding_box': [0.27, 0.53, 0.77, 0.97]}
[2023-05-09T04:45:15.533+0000] {ml_response_dag.py:37} INFO - 7
[2023-05-09T04:45:15.534+0000] {ml_response_dag.py:36} INFO - {'value': '342', 'score': 0.56, 'ocr_score': 0.14, 'bounding_box': [0.77, 0.91, 0.18, 0.2]}
[2023-05-09T04:45:15.541+0000] {ml_response_dag.py:37} INFO - 7
[2023-05-09T04:45:15.551+0000] {ml_response_dag.py:36} INFO - {'value': '967', 'score': 0.78, 'ocr_score': 0.39, 'bounding_box': [0.86, 0.38, 0.41, 0.36]}
[2023-05-09T04:45:15.555+0000] {ml_response_dag.py:37} INFO - 7
[2023-05-09T04:45:15.562+0000] {ml_response_dag.py:36} INFO - {'value': '100', 'score': 0.68, 'ocr_score': 0.75, 'bounding_box': [0.32, 0.6, 0.97, 0.05]}
[2023-05-09T04:45:15.573+0000] {ml_response_dag.py:37} INFO - 7
[2023-05-09T04:45:15.574+0000] {ml_response_dag.py:36} INFO - {}
[2023-05-09T04:45:15.575+0000] {ml_response_dag.py:37} INFO - 7
[2023-05-09T04:45:15.576+0000] {ml_response_dag.py:36} INFO - {}
[2023-05-09T04:45:15.578+0000] {ml_response_dag.py:37} INFO - 7
[2023-05-09T04:45:15.579+0000] {ml_response_dag.py:36} INFO - {'value': '858', 'score': 0.94, 'ocr_score': 0.64, 'bounding_box': [0.22, 0.37, 0.17, 0.07]}
[2023-05-09T04:45:15.579+0000] {ml_response_dag.py:37} INFO - 7
[2023-05-09T04:45:15.580+0000] {ml_response_dag.py:36} INFO - {}
[2023-05-09T04:45:15.581+0000] {ml_response_dag.py:37} INFO - 7
[2023-05-09T04:45:15.581+0000] {ml_response_dag.py:36} INFO - {'value': '633', 'score': 0.77, 'ocr_score': 0.17, 'bounding_box': [0.44, 0.56, 0.26, 0.15]}
[2023-05-09T04:45:15.582+0000] {ml_response_dag.py:37} INFO - 7
[2023-05-09T04:45:15.582+0000] {ml_response_dag.py:36} INFO - {'value': '609', 'score': 0.47, 'ocr_score': 0.56, 'bounding_box': [0.3, 0.87, 0.78, 0.92]}
[2023-05-09T04:45:15.583+0000] {ml_response_dag.py:37} INFO - 8
[2023-05-09T04:45:15.583+0000] {ml_response_dag.py:36} INFO - {'value': '331', 'score': 0.49, 'ocr_score': 0.99, 'bounding_box': [0.55, 0.36, 0.08, 0.43]}
[2023-05-09T04:45:15.584+0000] {ml_response_dag.py:37} INFO - 8
[2023-05-09T04:45:15.585+0000] {ml_response_dag.py:36} INFO - {'value': '142', 'score': 0.0, 'ocr_score': 0.58, 'bounding_box': [0.17, 0.36, 0.83, 0.62]}
[2023-05-09T04:45:15.585+0000] {ml_response_dag.py:37} INFO - 8
[2023-05-09T04:45:15.585+0000] {ml_response_dag.py:36} INFO - {}
[2023-05-09T04:45:15.603+0000] {ml_response_dag.py:37} INFO - 8
[2023-05-09T04:45:15.606+0000] {ml_response_dag.py:36} INFO - {}
[2023-05-09T04:45:15.609+0000] {ml_response_dag.py:37} INFO - 8
[2023-05-09T04:45:15.610+0000] {ml_response_dag.py:36} INFO - {}
[2023-05-09T04:45:15.613+0000] {ml_response_dag.py:37} INFO - 8
[2023-05-09T04:45:15.618+0000] {ml_response_dag.py:36} INFO - {'value': '826', 'score': 0.74, 'ocr_score': 0.69, 'bounding_box': [0.98, 0.11, 0.14, 0.96]}
[2023-05-09T04:45:15.619+0000] {ml_response_dag.py:37} INFO - 8
[2023-05-09T04:45:15.621+0000] {ml_response_dag.py:36} INFO - {}
[2023-05-09T04:45:15.622+0000] {ml_response_dag.py:37} INFO - 8
[2023-05-09T04:45:15.623+0000] {ml_response_dag.py:36} INFO - {'value': '299', 'score': 0.85, 'ocr_score': 0.04, 'bounding_box': [0.14, 0.46, 0.06, 0.65]}
[2023-05-09T04:45:15.624+0000] {ml_response_dag.py:37} INFO - 8
[2023-05-09T04:45:15.626+0000] {ml_response_dag.py:36} INFO - {'value': '362', 'score': 0.62, 'ocr_score': 0.51, 'bounding_box': [0.42, 0.48, 0.21, 0.45]}
[2023-05-09T04:45:15.626+0000] {ml_response_dag.py:37} INFO - 9
[2023-05-09T04:45:15.630+0000] {ml_response_dag.py:36} INFO - {'value': '288', 'score': 0.77, 'ocr_score': 0.23, 'bounding_box': [0.16, 0.03, 0.68, 0.81]}
[2023-05-09T04:45:15.631+0000] {ml_response_dag.py:37} INFO - 9
[2023-05-09T04:45:15.632+0000] {ml_response_dag.py:36} INFO - {'value': '803', 'score': 0.03, 'ocr_score': 0.42, 'bounding_box': [0.05, 0.5, 0.56, 0.95]}
[2023-05-09T04:45:15.639+0000] {ml_response_dag.py:37} INFO - 9
[2023-05-09T04:45:15.641+0000] {ml_response_dag.py:36} INFO - {'value': '750', 'score': 0.85, 'ocr_score': 0.27, 'bounding_box': [0.71, 0.07, 0.54, 0.9]}
[2023-05-09T04:45:15.642+0000] {ml_response_dag.py:37} INFO - 9
[2023-05-09T04:45:15.644+0000] {ml_response_dag.py:36} INFO - {'value': '148', 'score': 0.41, 'ocr_score': 0.97, 'bounding_box': [0.44, 0.51, 0.69, 0.67]}
[2023-05-09T04:45:15.651+0000] {ml_response_dag.py:37} INFO - 9
[2023-05-09T04:45:15.660+0000] {ml_response_dag.py:36} INFO - {'value': '161', 'score': 0.49, 'ocr_score': 0.58, 'bounding_box': [0.51, 0.51, 0.55, 0.06]}
[2023-05-09T04:45:15.662+0000] {ml_response_dag.py:37} INFO - 9
[2023-05-09T04:45:15.662+0000] {ml_response_dag.py:36} INFO - {}
[2023-05-09T04:45:15.663+0000] {ml_response_dag.py:37} INFO - 9
[2023-05-09T04:45:15.663+0000] {ml_response_dag.py:36} INFO - {}
[2023-05-09T04:45:15.664+0000] {ml_response_dag.py:37} INFO - 9
[2023-05-09T04:45:15.664+0000] {ml_response_dag.py:36} INFO - {}
[2023-05-09T04:45:15.664+0000] {ml_response_dag.py:37} INFO - 9
[2023-05-09T04:45:15.665+0000] {ml_response_dag.py:36} INFO - {'value': '842', 'score': 0.47, 'ocr_score': 0.75, 'bounding_box': [0.16, 0.91, 0.32, 0.53]}
[2023-05-09T04:45:15.666+0000] {ml_response_dag.py:37} INFO - 10
[2023-05-09T04:45:15.667+0000] {ml_response_dag.py:36} INFO - {}
[2023-05-09T04:45:15.667+0000] {ml_response_dag.py:37} INFO - 10
[2023-05-09T04:45:15.668+0000] {ml_response_dag.py:36} INFO - {}
[2023-05-09T04:45:15.669+0000] {ml_response_dag.py:37} INFO - 10
[2023-05-09T04:45:15.669+0000] {ml_response_dag.py:36} INFO - {'value': '458', 'score': 0.81, 'ocr_score': 0.31, 'bounding_box': [0.69, 0.54, 0.48, 0.39]}
[2023-05-09T04:45:15.669+0000] {ml_response_dag.py:37} INFO - 10
[2023-05-09T04:45:15.671+0000] {ml_response_dag.py:36} INFO - {'value': '776', 'score': 0.77, 'ocr_score': 0.34, 'bounding_box': [0.76, 0.85, 0.56, 0.82]}
[2023-05-09T04:45:15.671+0000] {ml_response_dag.py:37} INFO - 10
[2023-05-09T04:45:15.672+0000] {ml_response_dag.py:36} INFO - {}
[2023-05-09T04:45:15.672+0000] {ml_response_dag.py:37} INFO - 10
[2023-05-09T04:45:15.673+0000] {ml_response_dag.py:36} INFO - {'value': '51', 'score': 0.76, 'ocr_score': 0.29, 'bounding_box': [0.79, 0.88, 0.43, 0.21]}
[2023-05-09T04:45:15.673+0000] {ml_response_dag.py:37} INFO - 10
[2023-05-09T04:45:15.674+0000] {ml_response_dag.py:36} INFO - {'value': '843', 'score': 0.05, 'ocr_score': 0.96, 'bounding_box': [0.84, 0.04, 0.6, 0.52]}
[2023-05-09T04:45:15.674+0000] {ml_response_dag.py:37} INFO - 10
[2023-05-09T04:45:15.675+0000] {ml_response_dag.py:36} INFO - {'value': '517', 'score': 0.75, 'ocr_score': 0.74, 'bounding_box': [0.65, 0.92, 0.1, 0.59]}
[2023-05-09T04:45:15.675+0000] {ml_response_dag.py:37} INFO - 10
[2023-05-09T04:45:15.675+0000] {ml_response_dag.py:36} INFO - {}
[2023-05-09T04:45:15.676+0000] {ml_response_dag.py:37} INFO - 11
[2023-05-09T04:45:15.676+0000] {ml_response_dag.py:36} INFO - {}
[2023-05-09T04:45:15.677+0000] {ml_response_dag.py:37} INFO - 11
[2023-05-09T04:45:15.678+0000] {ml_response_dag.py:36} INFO - {'value': '288', 'score': 0.6, 'ocr_score': 0.29, 'bounding_box': [0.96, 0.39, 0.81, 0.96]}
[2023-05-09T04:45:15.679+0000] {ml_response_dag.py:37} INFO - 11
[2023-05-09T04:45:15.679+0000] {ml_response_dag.py:36} INFO - {'value': '878', 'score': 0.44, 'ocr_score': 0.56, 'bounding_box': [0.46, 0.03, 0.06, 0.3]}
[2023-05-09T04:45:15.682+0000] {ml_response_dag.py:37} INFO - 11
[2023-05-09T04:45:15.684+0000] {ml_response_dag.py:36} INFO - {}
[2023-05-09T04:45:15.684+0000] {ml_response_dag.py:37} INFO - 11
[2023-05-09T04:45:15.685+0000] {ml_response_dag.py:36} INFO - {}
[2023-05-09T04:45:15.685+0000] {ml_response_dag.py:37} INFO - 11
[2023-05-09T04:45:15.686+0000] {ml_response_dag.py:36} INFO - {}
[2023-05-09T04:45:15.686+0000] {ml_response_dag.py:37} INFO - 11
[2023-05-09T04:45:15.687+0000] {ml_response_dag.py:36} INFO - {'value': '650', 'score': 0.79, 'ocr_score': 0.64, 'bounding_box': [0.13, 0.78, 0.29, 0.37]}
[2023-05-09T04:45:15.687+0000] {ml_response_dag.py:37} INFO - 11
[2023-05-09T04:45:15.688+0000] {ml_response_dag.py:36} INFO - {}
[2023-05-09T04:45:15.690+0000] {ml_response_dag.py:37} INFO - 11
[2023-05-09T04:45:15.690+0000] {ml_response_dag.py:36} INFO - {'value': '643', 'score': 0.23, 'ocr_score': 0.72, 'bounding_box': [0.01, 0.39, 0.58, 0.53]}
[2023-05-09T04:45:15.691+0000] {ml_response_dag.py:37} INFO - 12
[2023-05-09T04:45:15.691+0000] {ml_response_dag.py:36} INFO - {}
[2023-05-09T04:45:15.692+0000] {ml_response_dag.py:37} INFO - 13
[2023-05-09T04:45:15.692+0000] {ml_response_dag.py:36} INFO - {}
[2023-05-09T04:45:15.693+0000] {ml_response_dag.py:37} INFO - 14
[2023-05-09T04:45:15.693+0000] {ml_response_dag.py:36} INFO - {'value': '141', 'score': 0.27, 'ocr_score': 0.93, 'bounding_box': [0.24, 0.73, 0.11, 0.89]}
[2023-05-09T04:45:15.694+0000] {ml_response_dag.py:37} INFO - 15
[2023-05-09T04:45:15.694+0000] {ml_response_dag.py:36} INFO - {'value': '59', 'score': 0.45, 'ocr_score': 0.57, 'bounding_box': [0.45, 0.64, 0.68, 0.17]}
[2023-05-09T04:45:15.695+0000] {ml_response_dag.py:37} INFO - 15
[2023-05-09T04:45:15.696+0000] {ml_response_dag.py:36} INFO - {'value': '333', 'score': 0.34, 'ocr_score': 0.85, 'bounding_box': [0.81, 0.57, 0.99, 0.77]}
[2023-05-09T04:45:15.696+0000] {ml_response_dag.py:37} INFO - 15
[2023-05-09T04:45:15.697+0000] {ml_response_dag.py:36} INFO - {'value': '257', 'score': 0.11, 'ocr_score': 0.43, 'bounding_box': [0.37, 0.55, 0.53, 0.66]}
[2023-05-09T04:45:15.697+0000] {ml_response_dag.py:37} INFO - 15
[2023-05-09T04:45:15.698+0000] {ml_response_dag.py:36} INFO - {'value': '190', 'score': 0.21, 'ocr_score': 0.83, 'bounding_box': [0.88, 0.83, 0.57, 0.11]}
[2023-05-09T04:45:15.698+0000] {ml_response_dag.py:37} INFO - 15
[2023-05-09T04:45:15.699+0000] {ml_response_dag.py:36} INFO - {}
[2023-05-09T04:45:15.700+0000] {ml_response_dag.py:37} INFO - 15
[2023-05-09T04:45:15.701+0000] {ml_response_dag.py:36} INFO - {}
[2023-05-09T04:45:15.701+0000] {ml_response_dag.py:37} INFO - 15
[2023-05-09T04:45:15.702+0000] {ml_response_dag.py:36} INFO - {}
[2023-05-09T04:45:15.702+0000] {ml_response_dag.py:37} INFO - 15
[2023-05-09T04:45:15.702+0000] {ml_response_dag.py:36} INFO - {'value': '475', 'score': 0.57, 'ocr_score': 0.49, 'bounding_box': [0.4, 0.3, 0.99, 0.32]}
[2023-05-09T04:45:15.703+0000] {ml_response_dag.py:37} INFO - 15
[2023-05-09T04:45:15.703+0000] {ml_response_dag.py:36} INFO - {'value': '745', 'score': 0.84, 'ocr_score': 0.82, 'bounding_box': [0.84, 0.57, 0.94, 0.44]}
[2023-05-09T04:45:15.704+0000] {ml_response_dag.py:37} INFO - 16
[2023-05-09T04:45:15.707+0000] {python.py:183} INFO - Done. Returned value was: None
[2023-05-09T04:45:15.784+0000] {taskinstance.py:1373} INFO - Marking task as SUCCESS. dag_id=veryfi_extract_total, task_id=extract_and_load, execution_date=20230508T000000, start_date=20230509T044514, end_date=20230509T044515
[2023-05-09T04:45:15.987+0000] {local_task_job_runner.py:232} INFO - Task exited with return code 0
[2023-05-09T04:45:16.124+0000] {taskinstance.py:2674} INFO - 0 downstream tasks scheduled from follow-on schedule check
[2023-05-09T04:56:38.519+0000] {taskinstance.py:1125} INFO - Dependencies all met for dep_context=non-requeueable deps ti=<TaskInstance: veryfi_extract_total.extract_and_load scheduled__2023-05-08T00:00:00+00:00 [queued]>
[2023-05-09T04:56:38.536+0000] {taskinstance.py:1125} INFO - Dependencies all met for dep_context=requeueable deps ti=<TaskInstance: veryfi_extract_total.extract_and_load scheduled__2023-05-08T00:00:00+00:00 [queued]>
[2023-05-09T04:56:38.537+0000] {taskinstance.py:1331} INFO - Starting attempt 1 of 2
[2023-05-09T04:56:38.567+0000] {taskinstance.py:1350} INFO - Executing <Task(PythonOperator): extract_and_load> on 2023-05-08 00:00:00+00:00
[2023-05-09T04:56:38.579+0000] {standard_task_runner.py:57} INFO - Started process 1532 to run task
[2023-05-09T04:56:38.588+0000] {standard_task_runner.py:84} INFO - Running: ['***', 'tasks', 'run', 'veryfi_extract_total', 'extract_and_load', 'scheduled__2023-05-08T00:00:00+00:00', '--job-id', '392', '--raw', '--subdir', 'DAGS_FOLDER/ml_response_dag.py', '--cfg-path', '/tmp/tmpfoela5d9']
[2023-05-09T04:56:38.589+0000] {standard_task_runner.py:85} INFO - Job 392: Subtask extract_and_load
[2023-05-09T04:56:38.884+0000] {task_command.py:410} INFO - Running <TaskInstance: veryfi_extract_total.extract_and_load scheduled__2023-05-08T00:00:00+00:00 [running]> on host aa4b7d3de44b
[2023-05-09T04:56:45.895+0000] {taskinstance.py:1570} INFO - Exporting env vars: AIRFLOW_CTX_DAG_OWNER='***' AIRFLOW_CTX_DAG_ID='veryfi_extract_total' AIRFLOW_CTX_TASK_ID='extract_and_load' AIRFLOW_CTX_EXECUTION_DATE='2023-05-08T00:00:00+00:00' AIRFLOW_CTX_TRY_NUMBER='1' AIRFLOW_CTX_DAG_RUN_ID='scheduled__2023-05-08T00:00:00+00:00'
[2023-05-09T04:56:45.946+0000] {ml_response_dag.py:35} INFO - {}
[2023-05-09T04:56:45.950+0000] {ml_response_dag.py:36} INFO - 1
[2023-05-09T04:56:45.953+0000] {ml_response_dag.py:37} INFO - Inserted to db
[2023-05-09T04:56:45.959+0000] {ml_response_dag.py:35} INFO - {'value': '544', 'score': 0.22, 'ocr_score': 0.81, 'bounding_box': [0.22, 0.37, 0.38, 0.52]}
[2023-05-09T04:56:45.959+0000] {ml_response_dag.py:36} INFO - 1
[2023-05-09T04:56:45.960+0000] {ml_response_dag.py:37} INFO - Inserted to db
[2023-05-09T04:56:45.961+0000] {ml_response_dag.py:35} INFO - {}
[2023-05-09T04:56:45.961+0000] {ml_response_dag.py:36} INFO - 1
[2023-05-09T04:56:45.962+0000] {ml_response_dag.py:37} INFO - Inserted to db
[2023-05-09T04:56:45.963+0000] {ml_response_dag.py:35} INFO - {}
[2023-05-09T04:56:45.964+0000] {ml_response_dag.py:36} INFO - 1
[2023-05-09T04:56:45.964+0000] {ml_response_dag.py:37} INFO - Inserted to db
[2023-05-09T04:56:45.965+0000] {ml_response_dag.py:35} INFO - {}
[2023-05-09T04:56:45.965+0000] {ml_response_dag.py:36} INFO - 1
[2023-05-09T04:56:45.965+0000] {ml_response_dag.py:37} INFO - Inserted to db
[2023-05-09T04:56:45.966+0000] {ml_response_dag.py:35} INFO - {}
[2023-05-09T04:56:45.967+0000] {ml_response_dag.py:36} INFO - 1
[2023-05-09T04:56:45.967+0000] {ml_response_dag.py:37} INFO - Inserted to db
[2023-05-09T04:56:45.969+0000] {ml_response_dag.py:35} INFO - {'value': '660', 'score': 0.48, 'ocr_score': 0.32, 'bounding_box': [0.07, 0.82, 0.06, 0.37]}
[2023-05-09T04:56:45.969+0000] {ml_response_dag.py:36} INFO - 1
[2023-05-09T04:56:45.970+0000] {ml_response_dag.py:37} INFO - Inserted to db
[2023-05-09T04:56:45.972+0000] {ml_response_dag.py:35} INFO - {}
[2023-05-09T04:56:45.972+0000] {ml_response_dag.py:36} INFO - 1
[2023-05-09T04:56:45.972+0000] {ml_response_dag.py:37} INFO - Inserted to db
[2023-05-09T04:56:45.973+0000] {ml_response_dag.py:35} INFO - {'value': '801', 'score': 0.92, 'ocr_score': 0.28, 'bounding_box': [0.56, 0.9, 0.37, 0.79]}
[2023-05-09T04:56:45.974+0000] {ml_response_dag.py:36} INFO - 1
[2023-05-09T04:56:45.974+0000] {ml_response_dag.py:37} INFO - Inserted to db
[2023-05-09T04:56:45.975+0000] {ml_response_dag.py:35} INFO - {}
[2023-05-09T04:56:45.975+0000] {ml_response_dag.py:36} INFO - 2
[2023-05-09T04:56:45.976+0000] {ml_response_dag.py:37} INFO - Inserted to db
[2023-05-09T04:56:45.976+0000] {ml_response_dag.py:35} INFO - {}
[2023-05-09T04:56:45.977+0000] {ml_response_dag.py:36} INFO - 2
[2023-05-09T04:56:45.977+0000] {ml_response_dag.py:37} INFO - Inserted to db
[2023-05-09T04:56:45.978+0000] {ml_response_dag.py:35} INFO - {'value': '880', 'score': 0.06, 'ocr_score': 0.1, 'bounding_box': [0.76, 0.47, 0.16, 0.27]}
[2023-05-09T04:56:45.978+0000] {ml_response_dag.py:36} INFO - 2
[2023-05-09T04:56:45.979+0000] {ml_response_dag.py:37} INFO - Inserted to db
[2023-05-09T04:56:45.979+0000] {ml_response_dag.py:35} INFO - {'value': '380', 'score': 0.11, 'ocr_score': 0.36, 'bounding_box': [0.99, 0.15, 0.39, 0.03]}
[2023-05-09T04:56:45.980+0000] {ml_response_dag.py:36} INFO - 2
[2023-05-09T04:56:45.980+0000] {ml_response_dag.py:37} INFO - Inserted to db
[2023-05-09T04:56:45.981+0000] {ml_response_dag.py:35} INFO - {}
[2023-05-09T04:56:45.981+0000] {ml_response_dag.py:36} INFO - 2
[2023-05-09T04:56:45.982+0000] {ml_response_dag.py:37} INFO - Inserted to db
[2023-05-09T04:56:45.982+0000] {ml_response_dag.py:35} INFO - {'value': '770', 'score': 0.37, 'ocr_score': 0.84, 'bounding_box': [0.79, 0.15, 0.82, 0.6]}
[2023-05-09T04:56:45.983+0000] {ml_response_dag.py:36} INFO - 2
[2023-05-09T04:56:45.983+0000] {ml_response_dag.py:37} INFO - Inserted to db
[2023-05-09T04:56:45.984+0000] {ml_response_dag.py:35} INFO - {}
[2023-05-09T04:56:45.984+0000] {ml_response_dag.py:36} INFO - 2
[2023-05-09T04:56:45.984+0000] {ml_response_dag.py:37} INFO - Inserted to db
[2023-05-09T04:56:45.985+0000] {ml_response_dag.py:35} INFO - {}
[2023-05-09T04:56:45.986+0000] {ml_response_dag.py:36} INFO - 2
[2023-05-09T04:56:45.987+0000] {ml_response_dag.py:37} INFO - Inserted to db
[2023-05-09T04:56:45.988+0000] {ml_response_dag.py:35} INFO - {}
[2023-05-09T04:56:45.988+0000] {ml_response_dag.py:36} INFO - 2
[2023-05-09T04:56:45.988+0000] {ml_response_dag.py:37} INFO - Inserted to db
[2023-05-09T04:56:45.989+0000] {ml_response_dag.py:35} INFO - {}
[2023-05-09T04:56:45.989+0000] {ml_response_dag.py:36} INFO - 3
[2023-05-09T04:56:45.990+0000] {ml_response_dag.py:37} INFO - Inserted to db
[2023-05-09T04:56:45.990+0000] {ml_response_dag.py:35} INFO - {}
[2023-05-09T04:56:45.991+0000] {ml_response_dag.py:36} INFO - 4
[2023-05-09T04:56:45.991+0000] {ml_response_dag.py:37} INFO - Inserted to db
[2023-05-09T04:56:45.992+0000] {ml_response_dag.py:35} INFO - {}
[2023-05-09T04:56:45.992+0000] {ml_response_dag.py:36} INFO - 5
[2023-05-09T04:56:45.993+0000] {ml_response_dag.py:37} INFO - Inserted to db
[2023-05-09T04:56:45.994+0000] {ml_response_dag.py:35} INFO - {}
[2023-05-09T04:56:45.994+0000] {ml_response_dag.py:36} INFO - 5
[2023-05-09T04:56:45.995+0000] {ml_response_dag.py:37} INFO - Inserted to db
[2023-05-09T04:56:45.996+0000] {ml_response_dag.py:35} INFO - {'value': '418', 'score': 0.49, 'ocr_score': 0.15, 'bounding_box': [0.88, 0.92, 0.46, 0.3]}
[2023-05-09T04:56:45.997+0000] {ml_response_dag.py:36} INFO - 5
[2023-05-09T04:56:46.000+0000] {ml_response_dag.py:37} INFO - Inserted to db
[2023-05-09T04:56:46.008+0000] {ml_response_dag.py:35} INFO - {}
[2023-05-09T04:56:46.020+0000] {ml_response_dag.py:36} INFO - 5
[2023-05-09T04:56:46.023+0000] {ml_response_dag.py:37} INFO - Inserted to db
[2023-05-09T04:56:46.028+0000] {ml_response_dag.py:35} INFO - {}
[2023-05-09T04:56:46.031+0000] {ml_response_dag.py:36} INFO - 5
[2023-05-09T04:56:46.042+0000] {ml_response_dag.py:37} INFO - Inserted to db
[2023-05-09T04:56:46.046+0000] {ml_response_dag.py:35} INFO - {'value': '78', 'score': 0.03, 'ocr_score': 0.66, 'bounding_box': [0.31, 0.81, 0.43, 0.03]}
[2023-05-09T04:56:46.047+0000] {ml_response_dag.py:36} INFO - 5
[2023-05-09T04:56:46.048+0000] {ml_response_dag.py:37} INFO - Inserted to db
[2023-05-09T04:56:46.050+0000] {ml_response_dag.py:35} INFO - {}
[2023-05-09T04:56:46.051+0000] {ml_response_dag.py:36} INFO - 5
[2023-05-09T04:56:46.051+0000] {ml_response_dag.py:37} INFO - Inserted to db
[2023-05-09T04:56:46.052+0000] {ml_response_dag.py:35} INFO - {'value': '889', 'score': 0.72, 'ocr_score': 0.56, 'bounding_box': [0.38, 0.17, 0.28, 1.0]}
[2023-05-09T04:56:46.053+0000] {ml_response_dag.py:36} INFO - 5
[2023-05-09T04:56:46.053+0000] {ml_response_dag.py:37} INFO - Inserted to db
[2023-05-09T04:56:46.054+0000] {ml_response_dag.py:35} INFO - {'value': '292', 'score': 0.23, 'ocr_score': 0.39, 'bounding_box': [0.45, 0.93, 0.07, 0.2]}
[2023-05-09T04:56:46.055+0000] {ml_response_dag.py:36} INFO - 5
[2023-05-09T04:56:46.055+0000] {ml_response_dag.py:37} INFO - Inserted to db
[2023-05-09T04:56:46.056+0000] {ml_response_dag.py:35} INFO - {}
[2023-05-09T04:56:46.056+0000] {ml_response_dag.py:36} INFO - 6
[2023-05-09T04:56:46.057+0000] {ml_response_dag.py:37} INFO - Inserted to db
[2023-05-09T04:56:46.057+0000] {ml_response_dag.py:35} INFO - {'value': '542', 'score': 0.01, 'ocr_score': 0.03, 'bounding_box': [0.27, 0.53, 0.77, 0.97]}
[2023-05-09T04:56:46.058+0000] {ml_response_dag.py:36} INFO - 7
[2023-05-09T04:56:46.059+0000] {ml_response_dag.py:37} INFO - Inserted to db
[2023-05-09T04:56:46.060+0000] {ml_response_dag.py:35} INFO - {'value': '342', 'score': 0.56, 'ocr_score': 0.14, 'bounding_box': [0.77, 0.91, 0.18, 0.2]}
[2023-05-09T04:56:46.060+0000] {ml_response_dag.py:36} INFO - 7
[2023-05-09T04:56:46.061+0000] {ml_response_dag.py:37} INFO - Inserted to db
[2023-05-09T04:56:46.062+0000] {ml_response_dag.py:35} INFO - {'value': '967', 'score': 0.78, 'ocr_score': 0.39, 'bounding_box': [0.86, 0.38, 0.41, 0.36]}
[2023-05-09T04:56:46.062+0000] {ml_response_dag.py:36} INFO - 7
[2023-05-09T04:56:46.063+0000] {ml_response_dag.py:37} INFO - Inserted to db
[2023-05-09T04:56:46.063+0000] {ml_response_dag.py:35} INFO - {'value': '100', 'score': 0.68, 'ocr_score': 0.75, 'bounding_box': [0.32, 0.6, 0.97, 0.05]}
[2023-05-09T04:56:46.064+0000] {ml_response_dag.py:36} INFO - 7
[2023-05-09T04:56:46.064+0000] {ml_response_dag.py:37} INFO - Inserted to db
[2023-05-09T04:56:46.064+0000] {ml_response_dag.py:35} INFO - {}
[2023-05-09T04:56:46.065+0000] {ml_response_dag.py:36} INFO - 7
[2023-05-09T04:56:46.065+0000] {ml_response_dag.py:37} INFO - Inserted to db
[2023-05-09T04:56:46.065+0000] {ml_response_dag.py:35} INFO - {}
[2023-05-09T04:56:46.066+0000] {ml_response_dag.py:36} INFO - 7
[2023-05-09T04:56:46.066+0000] {ml_response_dag.py:37} INFO - Inserted to db
[2023-05-09T04:56:46.066+0000] {ml_response_dag.py:35} INFO - {'value': '858', 'score': 0.94, 'ocr_score': 0.64, 'bounding_box': [0.22, 0.37, 0.17, 0.07]}
[2023-05-09T04:56:46.067+0000] {ml_response_dag.py:36} INFO - 7
[2023-05-09T04:56:46.067+0000] {ml_response_dag.py:37} INFO - Inserted to db
[2023-05-09T04:56:46.068+0000] {ml_response_dag.py:35} INFO - {}
[2023-05-09T04:56:46.068+0000] {ml_response_dag.py:36} INFO - 7
[2023-05-09T04:56:46.068+0000] {ml_response_dag.py:37} INFO - Inserted to db
[2023-05-09T04:56:46.069+0000] {ml_response_dag.py:35} INFO - {'value': '633', 'score': 0.77, 'ocr_score': 0.17, 'bounding_box': [0.44, 0.56, 0.26, 0.15]}
[2023-05-09T04:56:46.069+0000] {ml_response_dag.py:36} INFO - 7
[2023-05-09T04:56:46.070+0000] {ml_response_dag.py:37} INFO - Inserted to db
[2023-05-09T04:56:46.070+0000] {ml_response_dag.py:35} INFO - {'value': '609', 'score': 0.47, 'ocr_score': 0.56, 'bounding_box': [0.3, 0.87, 0.78, 0.92]}
[2023-05-09T04:56:46.071+0000] {ml_response_dag.py:36} INFO - 8
[2023-05-09T04:56:46.071+0000] {ml_response_dag.py:37} INFO - Inserted to db
[2023-05-09T04:56:46.072+0000] {ml_response_dag.py:35} INFO - {'value': '331', 'score': 0.49, 'ocr_score': 0.99, 'bounding_box': [0.55, 0.36, 0.08, 0.43]}
[2023-05-09T04:56:46.072+0000] {ml_response_dag.py:36} INFO - 8
[2023-05-09T04:56:46.073+0000] {ml_response_dag.py:37} INFO - Inserted to db
[2023-05-09T04:56:46.075+0000] {ml_response_dag.py:35} INFO - {'value': '142', 'score': 0.0, 'ocr_score': 0.58, 'bounding_box': [0.17, 0.36, 0.83, 0.62]}
[2023-05-09T04:56:46.084+0000] {ml_response_dag.py:36} INFO - 8
[2023-05-09T04:56:46.086+0000] {ml_response_dag.py:37} INFO - Inserted to db
[2023-05-09T04:56:46.088+0000] {ml_response_dag.py:35} INFO - {}
[2023-05-09T04:56:46.096+0000] {ml_response_dag.py:36} INFO - 8
[2023-05-09T04:56:46.098+0000] {ml_response_dag.py:37} INFO - Inserted to db
[2023-05-09T04:56:46.101+0000] {ml_response_dag.py:35} INFO - {}
[2023-05-09T04:56:46.104+0000] {ml_response_dag.py:36} INFO - 8
[2023-05-09T04:56:46.105+0000] {ml_response_dag.py:37} INFO - Inserted to db
[2023-05-09T04:56:46.107+0000] {ml_response_dag.py:35} INFO - {}
[2023-05-09T04:56:46.108+0000] {ml_response_dag.py:36} INFO - 8
[2023-05-09T04:56:46.109+0000] {ml_response_dag.py:37} INFO - Inserted to db
[2023-05-09T04:56:46.114+0000] {ml_response_dag.py:35} INFO - {'value': '826', 'score': 0.74, 'ocr_score': 0.69, 'bounding_box': [0.98, 0.11, 0.14, 0.96]}
[2023-05-09T04:56:46.116+0000] {ml_response_dag.py:36} INFO - 8
[2023-05-09T04:56:46.117+0000] {ml_response_dag.py:37} INFO - Inserted to db
[2023-05-09T04:56:46.120+0000] {ml_response_dag.py:35} INFO - {}
[2023-05-09T04:56:46.122+0000] {ml_response_dag.py:36} INFO - 8
[2023-05-09T04:56:46.125+0000] {ml_response_dag.py:37} INFO - Inserted to db
[2023-05-09T04:56:46.127+0000] {ml_response_dag.py:35} INFO - {'value': '299', 'score': 0.85, 'ocr_score': 0.04, 'bounding_box': [0.14, 0.46, 0.06, 0.65]}
[2023-05-09T04:56:46.127+0000] {ml_response_dag.py:36} INFO - 8
[2023-05-09T04:56:46.134+0000] {ml_response_dag.py:37} INFO - Inserted to db
[2023-05-09T04:56:46.153+0000] {ml_response_dag.py:35} INFO - {'value': '362', 'score': 0.62, 'ocr_score': 0.51, 'bounding_box': [0.42, 0.48, 0.21, 0.45]}
[2023-05-09T04:56:46.157+0000] {ml_response_dag.py:36} INFO - 9
[2023-05-09T04:56:46.161+0000] {ml_response_dag.py:37} INFO - Inserted to db
[2023-05-09T04:56:46.162+0000] {ml_response_dag.py:35} INFO - {'value': '288', 'score': 0.77, 'ocr_score': 0.23, 'bounding_box': [0.16, 0.03, 0.68, 0.81]}
[2023-05-09T04:56:46.163+0000] {ml_response_dag.py:36} INFO - 9
[2023-05-09T04:56:46.164+0000] {ml_response_dag.py:37} INFO - Inserted to db
[2023-05-09T04:56:46.186+0000] {ml_response_dag.py:35} INFO - {'value': '803', 'score': 0.03, 'ocr_score': 0.42, 'bounding_box': [0.05, 0.5, 0.56, 0.95]}
[2023-05-09T04:56:46.188+0000] {ml_response_dag.py:36} INFO - 9
[2023-05-09T04:56:46.189+0000] {ml_response_dag.py:37} INFO - Inserted to db
[2023-05-09T04:56:46.191+0000] {ml_response_dag.py:35} INFO - {'value': '750', 'score': 0.85, 'ocr_score': 0.27, 'bounding_box': [0.71, 0.07, 0.54, 0.9]}
[2023-05-09T04:56:46.191+0000] {ml_response_dag.py:36} INFO - 9
[2023-05-09T04:56:46.191+0000] {ml_response_dag.py:37} INFO - Inserted to db
[2023-05-09T04:56:46.192+0000] {ml_response_dag.py:35} INFO - {'value': '148', 'score': 0.41, 'ocr_score': 0.97, 'bounding_box': [0.44, 0.51, 0.69, 0.67]}
[2023-05-09T04:56:46.192+0000] {ml_response_dag.py:36} INFO - 9
[2023-05-09T04:56:46.193+0000] {ml_response_dag.py:37} INFO - Inserted to db
[2023-05-09T04:56:46.194+0000] {ml_response_dag.py:35} INFO - {'value': '161', 'score': 0.49, 'ocr_score': 0.58, 'bounding_box': [0.51, 0.51, 0.55, 0.06]}
[2023-05-09T04:56:46.195+0000] {ml_response_dag.py:36} INFO - 9
[2023-05-09T04:56:46.196+0000] {ml_response_dag.py:37} INFO - Inserted to db
[2023-05-09T04:56:46.197+0000] {ml_response_dag.py:35} INFO - {}
[2023-05-09T04:56:46.197+0000] {ml_response_dag.py:36} INFO - 9
[2023-05-09T04:56:46.198+0000] {ml_response_dag.py:37} INFO - Inserted to db
[2023-05-09T04:56:46.198+0000] {ml_response_dag.py:35} INFO - {}
[2023-05-09T04:56:46.205+0000] {ml_response_dag.py:36} INFO - 9
[2023-05-09T04:56:46.214+0000] {ml_response_dag.py:37} INFO - Inserted to db
[2023-05-09T04:56:46.215+0000] {ml_response_dag.py:35} INFO - {}
[2023-05-09T04:56:46.216+0000] {ml_response_dag.py:36} INFO - 9
[2023-05-09T04:56:46.217+0000] {ml_response_dag.py:37} INFO - Inserted to db
[2023-05-09T04:56:46.219+0000] {ml_response_dag.py:35} INFO - {'value': '842', 'score': 0.47, 'ocr_score': 0.75, 'bounding_box': [0.16, 0.91, 0.32, 0.53]}
[2023-05-09T04:56:46.221+0000] {ml_response_dag.py:36} INFO - 10
[2023-05-09T04:56:46.222+0000] {ml_response_dag.py:37} INFO - Inserted to db
[2023-05-09T04:56:46.223+0000] {ml_response_dag.py:35} INFO - {}
[2023-05-09T04:56:46.229+0000] {ml_response_dag.py:36} INFO - 10
[2023-05-09T04:56:46.231+0000] {ml_response_dag.py:37} INFO - Inserted to db
[2023-05-09T04:56:46.233+0000] {ml_response_dag.py:35} INFO - {}
[2023-05-09T04:56:46.235+0000] {ml_response_dag.py:36} INFO - 10
[2023-05-09T04:56:46.236+0000] {ml_response_dag.py:37} INFO - Inserted to db
[2023-05-09T04:56:46.238+0000] {ml_response_dag.py:35} INFO - {'value': '458', 'score': 0.81, 'ocr_score': 0.31, 'bounding_box': [0.69, 0.54, 0.48, 0.39]}
[2023-05-09T04:56:46.239+0000] {ml_response_dag.py:36} INFO - 10
[2023-05-09T04:56:46.245+0000] {ml_response_dag.py:37} INFO - Inserted to db
[2023-05-09T04:56:46.246+0000] {ml_response_dag.py:35} INFO - {'value': '776', 'score': 0.77, 'ocr_score': 0.34, 'bounding_box': [0.76, 0.85, 0.56, 0.82]}
[2023-05-09T04:56:46.250+0000] {ml_response_dag.py:36} INFO - 10
[2023-05-09T04:56:46.252+0000] {ml_response_dag.py:37} INFO - Inserted to db
[2023-05-09T04:56:46.253+0000] {ml_response_dag.py:35} INFO - {}
[2023-05-09T04:56:46.253+0000] {ml_response_dag.py:36} INFO - 10
[2023-05-09T04:56:46.253+0000] {ml_response_dag.py:37} INFO - Inserted to db
[2023-05-09T04:56:46.254+0000] {ml_response_dag.py:35} INFO - {'value': '51', 'score': 0.76, 'ocr_score': 0.29, 'bounding_box': [0.79, 0.88, 0.43, 0.21]}
[2023-05-09T04:56:46.254+0000] {ml_response_dag.py:36} INFO - 10
[2023-05-09T04:56:46.255+0000] {ml_response_dag.py:37} INFO - Inserted to db
[2023-05-09T04:56:46.255+0000] {ml_response_dag.py:35} INFO - {'value': '843', 'score': 0.05, 'ocr_score': 0.96, 'bounding_box': [0.84, 0.04, 0.6, 0.52]}
[2023-05-09T04:56:46.256+0000] {ml_response_dag.py:36} INFO - 10
[2023-05-09T04:56:46.256+0000] {ml_response_dag.py:37} INFO - Inserted to db
[2023-05-09T04:56:46.257+0000] {ml_response_dag.py:35} INFO - {'value': '517', 'score': 0.75, 'ocr_score': 0.74, 'bounding_box': [0.65, 0.92, 0.1, 0.59]}
[2023-05-09T04:56:46.257+0000] {ml_response_dag.py:36} INFO - 10
[2023-05-09T04:56:46.258+0000] {ml_response_dag.py:37} INFO - Inserted to db
[2023-05-09T04:56:46.258+0000] {ml_response_dag.py:35} INFO - {}
[2023-05-09T04:56:46.259+0000] {ml_response_dag.py:36} INFO - 11
[2023-05-09T04:56:46.259+0000] {ml_response_dag.py:37} INFO - Inserted to db
[2023-05-09T04:56:46.259+0000] {ml_response_dag.py:35} INFO - {}
[2023-05-09T04:56:46.260+0000] {ml_response_dag.py:36} INFO - 11
[2023-05-09T04:56:46.260+0000] {ml_response_dag.py:37} INFO - Inserted to db
[2023-05-09T04:56:46.261+0000] {ml_response_dag.py:35} INFO - {'value': '288', 'score': 0.6, 'ocr_score': 0.29, 'bounding_box': [0.96, 0.39, 0.81, 0.96]}
[2023-05-09T04:56:46.261+0000] {ml_response_dag.py:36} INFO - 11
[2023-05-09T04:56:46.262+0000] {ml_response_dag.py:37} INFO - Inserted to db
[2023-05-09T04:56:46.262+0000] {ml_response_dag.py:35} INFO - {'value': '878', 'score': 0.44, 'ocr_score': 0.56, 'bounding_box': [0.46, 0.03, 0.06, 0.3]}
[2023-05-09T04:56:46.263+0000] {ml_response_dag.py:36} INFO - 11
[2023-05-09T04:56:46.264+0000] {ml_response_dag.py:37} INFO - Inserted to db
[2023-05-09T04:56:46.264+0000] {ml_response_dag.py:35} INFO - {}
[2023-05-09T04:56:46.265+0000] {ml_response_dag.py:36} INFO - 11
[2023-05-09T04:56:46.265+0000] {ml_response_dag.py:37} INFO - Inserted to db
[2023-05-09T04:56:46.266+0000] {ml_response_dag.py:35} INFO - {}
[2023-05-09T04:56:46.266+0000] {ml_response_dag.py:36} INFO - 11
[2023-05-09T04:56:46.266+0000] {ml_response_dag.py:37} INFO - Inserted to db
[2023-05-09T04:56:46.267+0000] {ml_response_dag.py:35} INFO - {}
[2023-05-09T04:56:46.267+0000] {ml_response_dag.py:36} INFO - 11
[2023-05-09T04:56:46.267+0000] {ml_response_dag.py:37} INFO - Inserted to db
[2023-05-09T04:56:46.268+0000] {ml_response_dag.py:35} INFO - {'value': '650', 'score': 0.79, 'ocr_score': 0.64, 'bounding_box': [0.13, 0.78, 0.29, 0.37]}
[2023-05-09T04:56:46.268+0000] {ml_response_dag.py:36} INFO - 11
[2023-05-09T04:56:46.269+0000] {ml_response_dag.py:37} INFO - Inserted to db
[2023-05-09T04:56:46.269+0000] {ml_response_dag.py:35} INFO - {}
[2023-05-09T04:56:46.270+0000] {ml_response_dag.py:36} INFO - 11
[2023-05-09T04:56:46.270+0000] {ml_response_dag.py:37} INFO - Inserted to db
[2023-05-09T04:56:46.271+0000] {ml_response_dag.py:35} INFO - {'value': '643', 'score': 0.23, 'ocr_score': 0.72, 'bounding_box': [0.01, 0.39, 0.58, 0.53]}
[2023-05-09T04:56:46.272+0000] {ml_response_dag.py:36} INFO - 12
[2023-05-09T04:56:46.272+0000] {ml_response_dag.py:37} INFO - Inserted to db
[2023-05-09T04:56:46.273+0000] {ml_response_dag.py:35} INFO - {}
[2023-05-09T04:56:46.273+0000] {ml_response_dag.py:36} INFO - 13
[2023-05-09T04:56:46.280+0000] {ml_response_dag.py:37} INFO - Inserted to db
[2023-05-09T04:56:46.284+0000] {ml_response_dag.py:35} INFO - {}
[2023-05-09T04:56:46.284+0000] {ml_response_dag.py:36} INFO - 14
[2023-05-09T04:56:46.285+0000] {ml_response_dag.py:37} INFO - Inserted to db
[2023-05-09T04:56:46.285+0000] {ml_response_dag.py:35} INFO - {'value': '141', 'score': 0.27, 'ocr_score': 0.93, 'bounding_box': [0.24, 0.73, 0.11, 0.89]}
[2023-05-09T04:56:46.286+0000] {ml_response_dag.py:36} INFO - 15
[2023-05-09T04:56:46.286+0000] {ml_response_dag.py:37} INFO - Inserted to db
[2023-05-09T04:56:46.287+0000] {ml_response_dag.py:35} INFO - {'value': '59', 'score': 0.45, 'ocr_score': 0.57, 'bounding_box': [0.45, 0.64, 0.68, 0.17]}
[2023-05-09T04:56:46.287+0000] {ml_response_dag.py:36} INFO - 15
[2023-05-09T04:56:46.287+0000] {ml_response_dag.py:37} INFO - Inserted to db
[2023-05-09T04:56:46.288+0000] {ml_response_dag.py:35} INFO - {'value': '333', 'score': 0.34, 'ocr_score': 0.85, 'bounding_box': [0.81, 0.57, 0.99, 0.77]}
[2023-05-09T04:56:46.288+0000] {ml_response_dag.py:36} INFO - 15
[2023-05-09T04:56:46.288+0000] {ml_response_dag.py:37} INFO - Inserted to db
[2023-05-09T04:56:46.289+0000] {ml_response_dag.py:35} INFO - {'value': '257', 'score': 0.11, 'ocr_score': 0.43, 'bounding_box': [0.37, 0.55, 0.53, 0.66]}
[2023-05-09T04:56:46.289+0000] {ml_response_dag.py:36} INFO - 15
[2023-05-09T04:56:46.290+0000] {ml_response_dag.py:37} INFO - Inserted to db
[2023-05-09T04:56:46.290+0000] {ml_response_dag.py:35} INFO - {'value': '190', 'score': 0.21, 'ocr_score': 0.83, 'bounding_box': [0.88, 0.83, 0.57, 0.11]}
[2023-05-09T04:56:46.290+0000] {ml_response_dag.py:36} INFO - 15
[2023-05-09T04:56:46.291+0000] {ml_response_dag.py:37} INFO - Inserted to db
[2023-05-09T04:56:46.292+0000] {ml_response_dag.py:35} INFO - {}
[2023-05-09T04:56:46.293+0000] {ml_response_dag.py:36} INFO - 15
[2023-05-09T04:56:46.294+0000] {ml_response_dag.py:37} INFO - Inserted to db
[2023-05-09T04:56:46.295+0000] {ml_response_dag.py:35} INFO - {}
[2023-05-09T04:56:46.296+0000] {ml_response_dag.py:36} INFO - 15
[2023-05-09T04:56:46.296+0000] {ml_response_dag.py:37} INFO - Inserted to db
[2023-05-09T04:56:46.302+0000] {ml_response_dag.py:35} INFO - {}
[2023-05-09T04:56:46.303+0000] {ml_response_dag.py:36} INFO - 15
[2023-05-09T04:56:46.303+0000] {ml_response_dag.py:37} INFO - Inserted to db
[2023-05-09T04:56:46.305+0000] {ml_response_dag.py:35} INFO - {'value': '475', 'score': 0.57, 'ocr_score': 0.49, 'bounding_box': [0.4, 0.3, 0.99, 0.32]}
[2023-05-09T04:56:46.306+0000] {ml_response_dag.py:36} INFO - 15
[2023-05-09T04:56:46.306+0000] {ml_response_dag.py:37} INFO - Inserted to db
[2023-05-09T04:56:46.307+0000] {ml_response_dag.py:35} INFO - {'value': '745', 'score': 0.84, 'ocr_score': 0.82, 'bounding_box': [0.84, 0.57, 0.94, 0.44]}
[2023-05-09T04:56:46.308+0000] {ml_response_dag.py:36} INFO - 16
[2023-05-09T04:56:46.309+0000] {ml_response_dag.py:37} INFO - Inserted to db
[2023-05-09T04:56:46.326+0000] {python.py:183} INFO - Done. Returned value was: None
[2023-05-09T04:56:46.531+0000] {taskinstance.py:1373} INFO - Marking task as SUCCESS. dag_id=veryfi_extract_total, task_id=extract_and_load, execution_date=20230508T000000, start_date=20230509T045638, end_date=20230509T045646
[2023-05-09T04:56:47.000+0000] {local_task_job_runner.py:232} INFO - Task exited with return code 0
[2023-05-09T04:56:47.461+0000] {taskinstance.py:2674} INFO - 0 downstream tasks scheduled from follow-on schedule check
