[2023-05-09T04:57:35.856+0000] {taskinstance.py:1125} INFO - Dependencies all met for dep_context=non-requeueable deps ti=<TaskInstance: veryfi_extract_total.extract_and_load scheduled__2023-05-08T10:50:00+00:00 [queued]>
[2023-05-09T04:57:35.885+0000] {taskinstance.py:1125} INFO - Dependencies all met for dep_context=requeueable deps ti=<TaskInstance: veryfi_extract_total.extract_and_load scheduled__2023-05-08T10:50:00+00:00 [queued]>
[2023-05-09T04:57:35.886+0000] {taskinstance.py:1331} INFO - Starting attempt 1 of 2
[2023-05-09T04:57:35.965+0000] {taskinstance.py:1350} INFO - Executing <Task(PythonOperator): extract_and_load> on 2023-05-08 10:50:00+00:00
[2023-05-09T04:57:35.981+0000] {standard_task_runner.py:57} INFO - Started process 1672 to run task
[2023-05-09T04:57:36.016+0000] {standard_task_runner.py:84} INFO - Running: ['***', 'tasks', 'run', 'veryfi_extract_total', 'extract_and_load', 'scheduled__2023-05-08T10:50:00+00:00', '--job-id', '457', '--raw', '--subdir', 'DAGS_FOLDER/ml_response_dag.py', '--cfg-path', '/tmp/tmp3bsvo6ma']
[2023-05-09T04:57:36.024+0000] {standard_task_runner.py:85} INFO - Job 457: Subtask extract_and_load
[2023-05-09T04:57:36.416+0000] {task_command.py:410} INFO - Running <TaskInstance: veryfi_extract_total.extract_and_load scheduled__2023-05-08T10:50:00+00:00 [running]> on host aa4b7d3de44b
[2023-05-09T04:57:37.099+0000] {taskinstance.py:1570} INFO - Exporting env vars: AIRFLOW_CTX_DAG_OWNER='***' AIRFLOW_CTX_DAG_ID='veryfi_extract_total' AIRFLOW_CTX_TASK_ID='extract_and_load' AIRFLOW_CTX_EXECUTION_DATE='2023-05-08T10:50:00+00:00' AIRFLOW_CTX_TRY_NUMBER='1' AIRFLOW_CTX_DAG_RUN_ID='scheduled__2023-05-08T10:50:00+00:00'
[2023-05-09T04:57:37.140+0000] {ml_response_dag.py:35} INFO - {}
[2023-05-09T04:57:37.141+0000] {ml_response_dag.py:36} INFO - 1
[2023-05-09T04:57:37.141+0000] {ml_response_dag.py:37} INFO - Inserted to db
[2023-05-09T04:57:37.153+0000] {ml_response_dag.py:35} INFO - {'value': '544', 'score': 0.22, 'ocr_score': 0.81, 'bounding_box': [0.22, 0.37, 0.38, 0.52]}
[2023-05-09T04:57:37.154+0000] {ml_response_dag.py:36} INFO - 1
[2023-05-09T04:57:37.154+0000] {ml_response_dag.py:37} INFO - Inserted to db
[2023-05-09T04:57:37.159+0000] {ml_response_dag.py:35} INFO - {}
[2023-05-09T04:57:37.160+0000] {ml_response_dag.py:36} INFO - 1
[2023-05-09T04:57:37.161+0000] {ml_response_dag.py:37} INFO - Inserted to db
[2023-05-09T04:57:37.162+0000] {ml_response_dag.py:35} INFO - {}
[2023-05-09T04:57:37.162+0000] {ml_response_dag.py:36} INFO - 1
[2023-05-09T04:57:37.163+0000] {ml_response_dag.py:37} INFO - Inserted to db
[2023-05-09T04:57:37.166+0000] {ml_response_dag.py:35} INFO - {}
[2023-05-09T04:57:37.166+0000] {ml_response_dag.py:36} INFO - 1
[2023-05-09T04:57:37.167+0000] {ml_response_dag.py:37} INFO - Inserted to db
[2023-05-09T04:57:37.170+0000] {ml_response_dag.py:35} INFO - {}
[2023-05-09T04:57:37.171+0000] {ml_response_dag.py:36} INFO - 1
[2023-05-09T04:57:37.173+0000] {ml_response_dag.py:37} INFO - Inserted to db
[2023-05-09T04:57:37.174+0000] {ml_response_dag.py:35} INFO - {'value': '660', 'score': 0.48, 'ocr_score': 0.32, 'bounding_box': [0.07, 0.82, 0.06, 0.37]}
[2023-05-09T04:57:37.175+0000] {ml_response_dag.py:36} INFO - 1
[2023-05-09T04:57:37.176+0000] {ml_response_dag.py:37} INFO - Inserted to db
[2023-05-09T04:57:37.179+0000] {ml_response_dag.py:35} INFO - {}
[2023-05-09T04:57:37.180+0000] {ml_response_dag.py:36} INFO - 1
[2023-05-09T04:57:37.181+0000] {ml_response_dag.py:37} INFO - Inserted to db
[2023-05-09T04:57:37.182+0000] {ml_response_dag.py:35} INFO - {'value': '801', 'score': 0.92, 'ocr_score': 0.28, 'bounding_box': [0.56, 0.9, 0.37, 0.79]}
[2023-05-09T04:57:37.197+0000] {ml_response_dag.py:36} INFO - 1
[2023-05-09T04:57:37.203+0000] {ml_response_dag.py:37} INFO - Inserted to db
[2023-05-09T04:57:37.205+0000] {ml_response_dag.py:35} INFO - {}
[2023-05-09T04:57:37.206+0000] {ml_response_dag.py:36} INFO - 2
[2023-05-09T04:57:37.217+0000] {ml_response_dag.py:37} INFO - Inserted to db
[2023-05-09T04:57:37.221+0000] {ml_response_dag.py:35} INFO - {}
[2023-05-09T04:57:37.223+0000] {ml_response_dag.py:36} INFO - 2
[2023-05-09T04:57:37.226+0000] {ml_response_dag.py:37} INFO - Inserted to db
[2023-05-09T04:57:37.228+0000] {ml_response_dag.py:35} INFO - {'value': '880', 'score': 0.06, 'ocr_score': 0.1, 'bounding_box': [0.76, 0.47, 0.16, 0.27]}
[2023-05-09T04:57:37.229+0000] {ml_response_dag.py:36} INFO - 2
[2023-05-09T04:57:37.230+0000] {ml_response_dag.py:37} INFO - Inserted to db
[2023-05-09T04:57:37.232+0000] {ml_response_dag.py:35} INFO - {'value': '380', 'score': 0.11, 'ocr_score': 0.36, 'bounding_box': [0.99, 0.15, 0.39, 0.03]}
[2023-05-09T04:57:37.236+0000] {ml_response_dag.py:36} INFO - 2
[2023-05-09T04:57:37.237+0000] {ml_response_dag.py:37} INFO - Inserted to db
[2023-05-09T04:57:37.238+0000] {ml_response_dag.py:35} INFO - {}
[2023-05-09T04:57:37.238+0000] {ml_response_dag.py:36} INFO - 2
[2023-05-09T04:57:37.239+0000] {ml_response_dag.py:37} INFO - Inserted to db
[2023-05-09T04:57:37.240+0000] {ml_response_dag.py:35} INFO - {'value': '770', 'score': 0.37, 'ocr_score': 0.84, 'bounding_box': [0.79, 0.15, 0.82, 0.6]}
[2023-05-09T04:57:37.249+0000] {ml_response_dag.py:36} INFO - 2
[2023-05-09T04:57:37.250+0000] {ml_response_dag.py:37} INFO - Inserted to db
[2023-05-09T04:57:37.250+0000] {ml_response_dag.py:35} INFO - {}
[2023-05-09T04:57:37.251+0000] {ml_response_dag.py:36} INFO - 2
[2023-05-09T04:57:37.251+0000] {ml_response_dag.py:37} INFO - Inserted to db
[2023-05-09T04:57:37.252+0000] {ml_response_dag.py:35} INFO - {}
[2023-05-09T04:57:37.253+0000] {ml_response_dag.py:36} INFO - 2
[2023-05-09T04:57:37.253+0000] {ml_response_dag.py:37} INFO - Inserted to db
[2023-05-09T04:57:37.254+0000] {ml_response_dag.py:35} INFO - {}
[2023-05-09T04:57:37.254+0000] {ml_response_dag.py:36} INFO - 2
[2023-05-09T04:57:37.255+0000] {ml_response_dag.py:37} INFO - Inserted to db
[2023-05-09T04:57:37.259+0000] {ml_response_dag.py:35} INFO - {}
[2023-05-09T04:57:37.260+0000] {ml_response_dag.py:36} INFO - 3
[2023-05-09T04:57:37.262+0000] {ml_response_dag.py:37} INFO - Inserted to db
[2023-05-09T04:57:37.263+0000] {ml_response_dag.py:35} INFO - {}
[2023-05-09T04:57:37.264+0000] {ml_response_dag.py:36} INFO - 4
[2023-05-09T04:57:37.264+0000] {ml_response_dag.py:37} INFO - Inserted to db
[2023-05-09T04:57:37.266+0000] {ml_response_dag.py:35} INFO - {}
[2023-05-09T04:57:37.267+0000] {ml_response_dag.py:36} INFO - 5
[2023-05-09T04:57:37.268+0000] {ml_response_dag.py:37} INFO - Inserted to db
[2023-05-09T04:57:37.268+0000] {ml_response_dag.py:35} INFO - {}
[2023-05-09T04:57:37.269+0000] {ml_response_dag.py:36} INFO - 5
[2023-05-09T04:57:37.269+0000] {ml_response_dag.py:37} INFO - Inserted to db
[2023-05-09T04:57:37.270+0000] {ml_response_dag.py:35} INFO - {'value': '418', 'score': 0.49, 'ocr_score': 0.15, 'bounding_box': [0.88, 0.92, 0.46, 0.3]}
[2023-05-09T04:57:37.270+0000] {ml_response_dag.py:36} INFO - 5
[2023-05-09T04:57:37.271+0000] {ml_response_dag.py:37} INFO - Inserted to db
[2023-05-09T04:57:37.280+0000] {ml_response_dag.py:35} INFO - {}
[2023-05-09T04:57:37.283+0000] {ml_response_dag.py:36} INFO - 5
[2023-05-09T04:57:37.290+0000] {ml_response_dag.py:37} INFO - Inserted to db
[2023-05-09T04:57:37.291+0000] {ml_response_dag.py:35} INFO - {}
[2023-05-09T04:57:37.291+0000] {ml_response_dag.py:36} INFO - 5
[2023-05-09T04:57:37.291+0000] {ml_response_dag.py:37} INFO - Inserted to db
[2023-05-09T04:57:37.292+0000] {ml_response_dag.py:35} INFO - {'value': '78', 'score': 0.03, 'ocr_score': 0.66, 'bounding_box': [0.31, 0.81, 0.43, 0.03]}
[2023-05-09T04:57:37.292+0000] {ml_response_dag.py:36} INFO - 5
[2023-05-09T04:57:37.293+0000] {ml_response_dag.py:37} INFO - Inserted to db
[2023-05-09T04:57:37.293+0000] {ml_response_dag.py:35} INFO - {}
[2023-05-09T04:57:37.294+0000] {ml_response_dag.py:36} INFO - 5
[2023-05-09T04:57:37.294+0000] {ml_response_dag.py:37} INFO - Inserted to db
[2023-05-09T04:57:37.294+0000] {ml_response_dag.py:35} INFO - {'value': '889', 'score': 0.72, 'ocr_score': 0.56, 'bounding_box': [0.38, 0.17, 0.28, 1.0]}
[2023-05-09T04:57:37.295+0000] {ml_response_dag.py:36} INFO - 5
[2023-05-09T04:57:37.295+0000] {ml_response_dag.py:37} INFO - Inserted to db
[2023-05-09T04:57:37.296+0000] {ml_response_dag.py:35} INFO - {'value': '292', 'score': 0.23, 'ocr_score': 0.39, 'bounding_box': [0.45, 0.93, 0.07, 0.2]}
[2023-05-09T04:57:37.296+0000] {ml_response_dag.py:36} INFO - 5
[2023-05-09T04:57:37.297+0000] {ml_response_dag.py:37} INFO - Inserted to db
[2023-05-09T04:57:37.297+0000] {ml_response_dag.py:35} INFO - {}
[2023-05-09T04:57:37.298+0000] {ml_response_dag.py:36} INFO - 6
[2023-05-09T04:57:37.298+0000] {ml_response_dag.py:37} INFO - Inserted to db
[2023-05-09T04:57:37.299+0000] {ml_response_dag.py:35} INFO - {'value': '542', 'score': 0.01, 'ocr_score': 0.03, 'bounding_box': [0.27, 0.53, 0.77, 0.97]}
[2023-05-09T04:57:37.299+0000] {ml_response_dag.py:36} INFO - 7
[2023-05-09T04:57:37.299+0000] {ml_response_dag.py:37} INFO - Inserted to db
[2023-05-09T04:57:37.300+0000] {ml_response_dag.py:35} INFO - {'value': '342', 'score': 0.56, 'ocr_score': 0.14, 'bounding_box': [0.77, 0.91, 0.18, 0.2]}
[2023-05-09T04:57:37.301+0000] {ml_response_dag.py:36} INFO - 7
[2023-05-09T04:57:37.301+0000] {ml_response_dag.py:37} INFO - Inserted to db
[2023-05-09T04:57:37.303+0000] {ml_response_dag.py:35} INFO - {'value': '967', 'score': 0.78, 'ocr_score': 0.39, 'bounding_box': [0.86, 0.38, 0.41, 0.36]}
[2023-05-09T04:57:37.303+0000] {ml_response_dag.py:36} INFO - 7
[2023-05-09T04:57:37.304+0000] {ml_response_dag.py:37} INFO - Inserted to db
[2023-05-09T04:57:37.305+0000] {ml_response_dag.py:35} INFO - {'value': '100', 'score': 0.68, 'ocr_score': 0.75, 'bounding_box': [0.32, 0.6, 0.97, 0.05]}
[2023-05-09T04:57:37.306+0000] {ml_response_dag.py:36} INFO - 7
[2023-05-09T04:57:37.306+0000] {ml_response_dag.py:37} INFO - Inserted to db
[2023-05-09T04:57:37.306+0000] {ml_response_dag.py:35} INFO - {}
[2023-05-09T04:57:37.307+0000] {ml_response_dag.py:36} INFO - 7
[2023-05-09T04:57:37.307+0000] {ml_response_dag.py:37} INFO - Inserted to db
[2023-05-09T04:57:37.307+0000] {ml_response_dag.py:35} INFO - {}
[2023-05-09T04:57:37.308+0000] {ml_response_dag.py:36} INFO - 7
[2023-05-09T04:57:37.308+0000] {ml_response_dag.py:37} INFO - Inserted to db
[2023-05-09T04:57:37.309+0000] {ml_response_dag.py:35} INFO - {'value': '858', 'score': 0.94, 'ocr_score': 0.64, 'bounding_box': [0.22, 0.37, 0.17, 0.07]}
[2023-05-09T04:57:37.310+0000] {ml_response_dag.py:36} INFO - 7
[2023-05-09T04:57:37.310+0000] {ml_response_dag.py:37} INFO - Inserted to db
[2023-05-09T04:57:37.310+0000] {ml_response_dag.py:35} INFO - {}
[2023-05-09T04:57:37.311+0000] {ml_response_dag.py:36} INFO - 7
[2023-05-09T04:57:37.311+0000] {ml_response_dag.py:37} INFO - Inserted to db
[2023-05-09T04:57:37.312+0000] {ml_response_dag.py:35} INFO - {'value': '633', 'score': 0.77, 'ocr_score': 0.17, 'bounding_box': [0.44, 0.56, 0.26, 0.15]}
[2023-05-09T04:57:37.314+0000] {ml_response_dag.py:36} INFO - 7
[2023-05-09T04:57:37.314+0000] {ml_response_dag.py:37} INFO - Inserted to db
[2023-05-09T04:57:37.315+0000] {ml_response_dag.py:35} INFO - {'value': '609', 'score': 0.47, 'ocr_score': 0.56, 'bounding_box': [0.3, 0.87, 0.78, 0.92]}
[2023-05-09T04:57:37.317+0000] {ml_response_dag.py:36} INFO - 8
[2023-05-09T04:57:37.318+0000] {ml_response_dag.py:37} INFO - Inserted to db
[2023-05-09T04:57:37.320+0000] {ml_response_dag.py:35} INFO - {'value': '331', 'score': 0.49, 'ocr_score': 0.99, 'bounding_box': [0.55, 0.36, 0.08, 0.43]}
[2023-05-09T04:57:37.321+0000] {ml_response_dag.py:36} INFO - 8
[2023-05-09T04:57:37.321+0000] {ml_response_dag.py:37} INFO - Inserted to db
[2023-05-09T04:57:37.328+0000] {ml_response_dag.py:35} INFO - {'value': '142', 'score': 0.0, 'ocr_score': 0.58, 'bounding_box': [0.17, 0.36, 0.83, 0.62]}
[2023-05-09T04:57:37.329+0000] {ml_response_dag.py:36} INFO - 8
[2023-05-09T04:57:37.330+0000] {ml_response_dag.py:37} INFO - Inserted to db
[2023-05-09T04:57:37.331+0000] {ml_response_dag.py:35} INFO - {}
[2023-05-09T04:57:37.331+0000] {ml_response_dag.py:36} INFO - 8
[2023-05-09T04:57:37.331+0000] {ml_response_dag.py:37} INFO - Inserted to db
[2023-05-09T04:57:37.332+0000] {ml_response_dag.py:35} INFO - {}
[2023-05-09T04:57:37.333+0000] {ml_response_dag.py:36} INFO - 8
[2023-05-09T04:57:37.333+0000] {ml_response_dag.py:37} INFO - Inserted to db
[2023-05-09T04:57:37.334+0000] {ml_response_dag.py:35} INFO - {}
[2023-05-09T04:57:37.334+0000] {ml_response_dag.py:36} INFO - 8
[2023-05-09T04:57:37.335+0000] {ml_response_dag.py:37} INFO - Inserted to db
[2023-05-09T04:57:37.336+0000] {ml_response_dag.py:35} INFO - {'value': '826', 'score': 0.74, 'ocr_score': 0.69, 'bounding_box': [0.98, 0.11, 0.14, 0.96]}
[2023-05-09T04:57:37.336+0000] {ml_response_dag.py:36} INFO - 8
[2023-05-09T04:57:37.336+0000] {ml_response_dag.py:37} INFO - Inserted to db
[2023-05-09T04:57:37.348+0000] {ml_response_dag.py:35} INFO - {}
[2023-05-09T04:57:37.354+0000] {ml_response_dag.py:36} INFO - 8
[2023-05-09T04:57:37.357+0000] {ml_response_dag.py:37} INFO - Inserted to db
[2023-05-09T04:57:37.363+0000] {ml_response_dag.py:35} INFO - {'value': '299', 'score': 0.85, 'ocr_score': 0.04, 'bounding_box': [0.14, 0.46, 0.06, 0.65]}
[2023-05-09T04:57:37.366+0000] {ml_response_dag.py:36} INFO - 8
[2023-05-09T04:57:37.366+0000] {ml_response_dag.py:37} INFO - Inserted to db
[2023-05-09T04:57:37.368+0000] {ml_response_dag.py:35} INFO - {'value': '362', 'score': 0.62, 'ocr_score': 0.51, 'bounding_box': [0.42, 0.48, 0.21, 0.45]}
[2023-05-09T04:57:37.370+0000] {ml_response_dag.py:36} INFO - 9
[2023-05-09T04:57:37.375+0000] {ml_response_dag.py:37} INFO - Inserted to db
[2023-05-09T04:57:37.378+0000] {ml_response_dag.py:35} INFO - {'value': '288', 'score': 0.77, 'ocr_score': 0.23, 'bounding_box': [0.16, 0.03, 0.68, 0.81]}
[2023-05-09T04:57:37.378+0000] {ml_response_dag.py:36} INFO - 9
[2023-05-09T04:57:37.379+0000] {ml_response_dag.py:37} INFO - Inserted to db
[2023-05-09T04:57:37.380+0000] {ml_response_dag.py:35} INFO - {'value': '803', 'score': 0.03, 'ocr_score': 0.42, 'bounding_box': [0.05, 0.5, 0.56, 0.95]}
[2023-05-09T04:57:37.381+0000] {ml_response_dag.py:36} INFO - 9
[2023-05-09T04:57:37.382+0000] {ml_response_dag.py:37} INFO - Inserted to db
[2023-05-09T04:57:37.384+0000] {ml_response_dag.py:35} INFO - {'value': '750', 'score': 0.85, 'ocr_score': 0.27, 'bounding_box': [0.71, 0.07, 0.54, 0.9]}
[2023-05-09T04:57:37.392+0000] {ml_response_dag.py:36} INFO - 9
[2023-05-09T04:57:37.400+0000] {ml_response_dag.py:37} INFO - Inserted to db
[2023-05-09T04:57:37.404+0000] {ml_response_dag.py:35} INFO - {'value': '148', 'score': 0.41, 'ocr_score': 0.97, 'bounding_box': [0.44, 0.51, 0.69, 0.67]}
[2023-05-09T04:57:37.406+0000] {ml_response_dag.py:36} INFO - 9
[2023-05-09T04:57:37.408+0000] {ml_response_dag.py:37} INFO - Inserted to db
[2023-05-09T04:57:37.410+0000] {ml_response_dag.py:35} INFO - {'value': '161', 'score': 0.49, 'ocr_score': 0.58, 'bounding_box': [0.51, 0.51, 0.55, 0.06]}
[2023-05-09T04:57:37.416+0000] {ml_response_dag.py:36} INFO - 9
[2023-05-09T04:57:37.417+0000] {ml_response_dag.py:37} INFO - Inserted to db
[2023-05-09T04:57:37.419+0000] {ml_response_dag.py:35} INFO - {}
[2023-05-09T04:57:37.419+0000] {ml_response_dag.py:36} INFO - 9
[2023-05-09T04:57:37.420+0000] {ml_response_dag.py:37} INFO - Inserted to db
[2023-05-09T04:57:37.422+0000] {ml_response_dag.py:35} INFO - {}
[2023-05-09T04:57:37.424+0000] {ml_response_dag.py:36} INFO - 9
[2023-05-09T04:57:37.427+0000] {ml_response_dag.py:37} INFO - Inserted to db
[2023-05-09T04:57:37.428+0000] {ml_response_dag.py:35} INFO - {}
[2023-05-09T04:57:37.428+0000] {ml_response_dag.py:36} INFO - 9
[2023-05-09T04:57:37.429+0000] {ml_response_dag.py:37} INFO - Inserted to db
[2023-05-09T04:57:37.434+0000] {ml_response_dag.py:35} INFO - {'value': '842', 'score': 0.47, 'ocr_score': 0.75, 'bounding_box': [0.16, 0.91, 0.32, 0.53]}
[2023-05-09T04:57:37.435+0000] {ml_response_dag.py:36} INFO - 10
[2023-05-09T04:57:37.436+0000] {ml_response_dag.py:37} INFO - Inserted to db
[2023-05-09T04:57:37.437+0000] {ml_response_dag.py:35} INFO - {}
[2023-05-09T04:57:37.438+0000] {ml_response_dag.py:36} INFO - 10
[2023-05-09T04:57:37.438+0000] {ml_response_dag.py:37} INFO - Inserted to db
[2023-05-09T04:57:37.439+0000] {ml_response_dag.py:35} INFO - {}
[2023-05-09T04:57:37.440+0000] {ml_response_dag.py:36} INFO - 10
[2023-05-09T04:57:37.443+0000] {ml_response_dag.py:37} INFO - Inserted to db
[2023-05-09T04:57:37.448+0000] {ml_response_dag.py:35} INFO - {'value': '458', 'score': 0.81, 'ocr_score': 0.31, 'bounding_box': [0.69, 0.54, 0.48, 0.39]}
[2023-05-09T04:57:37.449+0000] {ml_response_dag.py:36} INFO - 10
[2023-05-09T04:57:37.450+0000] {ml_response_dag.py:37} INFO - Inserted to db
[2023-05-09T04:57:37.451+0000] {ml_response_dag.py:35} INFO - {'value': '776', 'score': 0.77, 'ocr_score': 0.34, 'bounding_box': [0.76, 0.85, 0.56, 0.82]}
[2023-05-09T04:57:37.457+0000] {ml_response_dag.py:36} INFO - 10
[2023-05-09T04:57:37.460+0000] {ml_response_dag.py:37} INFO - Inserted to db
[2023-05-09T04:57:37.467+0000] {ml_response_dag.py:35} INFO - {}
[2023-05-09T04:57:37.468+0000] {ml_response_dag.py:36} INFO - 10
[2023-05-09T04:57:37.469+0000] {ml_response_dag.py:37} INFO - Inserted to db
[2023-05-09T04:57:37.472+0000] {ml_response_dag.py:35} INFO - {'value': '51', 'score': 0.76, 'ocr_score': 0.29, 'bounding_box': [0.79, 0.88, 0.43, 0.21]}
[2023-05-09T04:57:37.473+0000] {ml_response_dag.py:36} INFO - 10
[2023-05-09T04:57:37.477+0000] {ml_response_dag.py:37} INFO - Inserted to db
[2023-05-09T04:57:37.486+0000] {ml_response_dag.py:35} INFO - {'value': '843', 'score': 0.05, 'ocr_score': 0.96, 'bounding_box': [0.84, 0.04, 0.6, 0.52]}
[2023-05-09T04:57:37.487+0000] {ml_response_dag.py:36} INFO - 10
[2023-05-09T04:57:37.490+0000] {ml_response_dag.py:37} INFO - Inserted to db
[2023-05-09T04:57:37.494+0000] {ml_response_dag.py:35} INFO - {'value': '517', 'score': 0.75, 'ocr_score': 0.74, 'bounding_box': [0.65, 0.92, 0.1, 0.59]}
[2023-05-09T04:57:37.496+0000] {ml_response_dag.py:36} INFO - 10
[2023-05-09T04:57:37.496+0000] {ml_response_dag.py:37} INFO - Inserted to db
[2023-05-09T04:57:37.499+0000] {ml_response_dag.py:35} INFO - {}
[2023-05-09T04:57:37.510+0000] {ml_response_dag.py:36} INFO - 11
[2023-05-09T04:57:37.515+0000] {ml_response_dag.py:37} INFO - Inserted to db
[2023-05-09T04:57:37.520+0000] {ml_response_dag.py:35} INFO - {}
[2023-05-09T04:57:37.522+0000] {ml_response_dag.py:36} INFO - 11
[2023-05-09T04:57:37.523+0000] {ml_response_dag.py:37} INFO - Inserted to db
[2023-05-09T04:57:37.531+0000] {ml_response_dag.py:35} INFO - {'value': '288', 'score': 0.6, 'ocr_score': 0.29, 'bounding_box': [0.96, 0.39, 0.81, 0.96]}
[2023-05-09T04:57:37.535+0000] {ml_response_dag.py:36} INFO - 11
[2023-05-09T04:57:37.541+0000] {ml_response_dag.py:37} INFO - Inserted to db
[2023-05-09T04:57:37.546+0000] {ml_response_dag.py:35} INFO - {'value': '878', 'score': 0.44, 'ocr_score': 0.56, 'bounding_box': [0.46, 0.03, 0.06, 0.3]}
[2023-05-09T04:57:37.546+0000] {ml_response_dag.py:36} INFO - 11
[2023-05-09T04:57:37.547+0000] {ml_response_dag.py:37} INFO - Inserted to db
[2023-05-09T04:57:37.547+0000] {ml_response_dag.py:35} INFO - {}
[2023-05-09T04:57:37.548+0000] {ml_response_dag.py:36} INFO - 11
[2023-05-09T04:57:37.548+0000] {ml_response_dag.py:37} INFO - Inserted to db
[2023-05-09T04:57:37.549+0000] {ml_response_dag.py:35} INFO - {}
[2023-05-09T04:57:37.549+0000] {ml_response_dag.py:36} INFO - 11
[2023-05-09T04:57:37.550+0000] {ml_response_dag.py:37} INFO - Inserted to db
[2023-05-09T04:57:37.550+0000] {ml_response_dag.py:35} INFO - {}
[2023-05-09T04:57:37.550+0000] {ml_response_dag.py:36} INFO - 11
[2023-05-09T04:57:37.551+0000] {ml_response_dag.py:37} INFO - Inserted to db
[2023-05-09T04:57:37.551+0000] {ml_response_dag.py:35} INFO - {'value': '650', 'score': 0.79, 'ocr_score': 0.64, 'bounding_box': [0.13, 0.78, 0.29, 0.37]}
[2023-05-09T04:57:37.552+0000] {ml_response_dag.py:36} INFO - 11
[2023-05-09T04:57:37.552+0000] {ml_response_dag.py:37} INFO - Inserted to db
[2023-05-09T04:57:37.553+0000] {ml_response_dag.py:35} INFO - {}
[2023-05-09T04:57:37.553+0000] {ml_response_dag.py:36} INFO - 11
[2023-05-09T04:57:37.555+0000] {ml_response_dag.py:37} INFO - Inserted to db
[2023-05-09T04:57:37.557+0000] {ml_response_dag.py:35} INFO - {'value': '643', 'score': 0.23, 'ocr_score': 0.72, 'bounding_box': [0.01, 0.39, 0.58, 0.53]}
[2023-05-09T04:57:37.558+0000] {ml_response_dag.py:36} INFO - 12
[2023-05-09T04:57:37.558+0000] {ml_response_dag.py:37} INFO - Inserted to db
[2023-05-09T04:57:37.559+0000] {ml_response_dag.py:35} INFO - {}
[2023-05-09T04:57:37.559+0000] {ml_response_dag.py:36} INFO - 13
[2023-05-09T04:57:37.559+0000] {ml_response_dag.py:37} INFO - Inserted to db
[2023-05-09T04:57:37.560+0000] {ml_response_dag.py:35} INFO - {}
[2023-05-09T04:57:37.561+0000] {ml_response_dag.py:36} INFO - 14
[2023-05-09T04:57:37.562+0000] {ml_response_dag.py:37} INFO - Inserted to db
[2023-05-09T04:57:37.563+0000] {ml_response_dag.py:35} INFO - {'value': '141', 'score': 0.27, 'ocr_score': 0.93, 'bounding_box': [0.24, 0.73, 0.11, 0.89]}
[2023-05-09T04:57:37.564+0000] {ml_response_dag.py:36} INFO - 15
[2023-05-09T04:57:37.565+0000] {ml_response_dag.py:37} INFO - Inserted to db
[2023-05-09T04:57:37.565+0000] {ml_response_dag.py:35} INFO - {'value': '59', 'score': 0.45, 'ocr_score': 0.57, 'bounding_box': [0.45, 0.64, 0.68, 0.17]}
[2023-05-09T04:57:37.566+0000] {ml_response_dag.py:36} INFO - 15
[2023-05-09T04:57:37.566+0000] {ml_response_dag.py:37} INFO - Inserted to db
[2023-05-09T04:57:37.567+0000] {ml_response_dag.py:35} INFO - {'value': '333', 'score': 0.34, 'ocr_score': 0.85, 'bounding_box': [0.81, 0.57, 0.99, 0.77]}
[2023-05-09T04:57:37.567+0000] {ml_response_dag.py:36} INFO - 15
[2023-05-09T04:57:37.568+0000] {ml_response_dag.py:37} INFO - Inserted to db
[2023-05-09T04:57:37.568+0000] {ml_response_dag.py:35} INFO - {'value': '257', 'score': 0.11, 'ocr_score': 0.43, 'bounding_box': [0.37, 0.55, 0.53, 0.66]}
[2023-05-09T04:57:37.571+0000] {ml_response_dag.py:36} INFO - 15
[2023-05-09T04:57:37.573+0000] {ml_response_dag.py:37} INFO - Inserted to db
[2023-05-09T04:57:37.574+0000] {ml_response_dag.py:35} INFO - {'value': '190', 'score': 0.21, 'ocr_score': 0.83, 'bounding_box': [0.88, 0.83, 0.57, 0.11]}
[2023-05-09T04:57:37.575+0000] {ml_response_dag.py:36} INFO - 15
[2023-05-09T04:57:37.576+0000] {ml_response_dag.py:37} INFO - Inserted to db
[2023-05-09T04:57:37.578+0000] {ml_response_dag.py:35} INFO - {}
[2023-05-09T04:57:37.580+0000] {ml_response_dag.py:36} INFO - 15
[2023-05-09T04:57:37.581+0000] {ml_response_dag.py:37} INFO - Inserted to db
[2023-05-09T04:57:37.582+0000] {ml_response_dag.py:35} INFO - {}
[2023-05-09T04:57:37.583+0000] {ml_response_dag.py:36} INFO - 15
[2023-05-09T04:57:37.583+0000] {ml_response_dag.py:37} INFO - Inserted to db
[2023-05-09T04:57:37.584+0000] {ml_response_dag.py:35} INFO - {}
[2023-05-09T04:57:37.585+0000] {ml_response_dag.py:36} INFO - 15
[2023-05-09T04:57:37.587+0000] {ml_response_dag.py:37} INFO - Inserted to db
[2023-05-09T04:57:37.588+0000] {ml_response_dag.py:35} INFO - {'value': '475', 'score': 0.57, 'ocr_score': 0.49, 'bounding_box': [0.4, 0.3, 0.99, 0.32]}
[2023-05-09T04:57:37.588+0000] {ml_response_dag.py:36} INFO - 15
[2023-05-09T04:57:37.589+0000] {ml_response_dag.py:37} INFO - Inserted to db
[2023-05-09T04:57:37.592+0000] {ml_response_dag.py:35} INFO - {'value': '745', 'score': 0.84, 'ocr_score': 0.82, 'bounding_box': [0.84, 0.57, 0.94, 0.44]}
[2023-05-09T04:57:37.609+0000] {ml_response_dag.py:36} INFO - 16
[2023-05-09T04:57:37.610+0000] {ml_response_dag.py:37} INFO - Inserted to db
[2023-05-09T04:57:37.620+0000] {python.py:183} INFO - Done. Returned value was: None
[2023-05-09T04:57:37.678+0000] {taskinstance.py:1373} INFO - Marking task as SUCCESS. dag_id=veryfi_extract_total, task_id=extract_and_load, execution_date=20230508T105000, start_date=20230509T045735, end_date=20230509T045737
[2023-05-09T04:57:37.741+0000] {local_task_job_runner.py:232} INFO - Task exited with return code 0
[2023-05-09T04:57:37.845+0000] {taskinstance.py:2674} INFO - 0 downstream tasks scheduled from follow-on schedule check
