[2023-05-09T04:48:50.306+0000] {taskinstance.py:1125} INFO - Dependencies all met for dep_context=non-requeueable deps ti=<TaskInstance: veryfi_extract_total.extract_and_load scheduled__2023-05-08T15:42:00+00:00 [queued]>
[2023-05-09T04:48:50.328+0000] {taskinstance.py:1125} INFO - Dependencies all met for dep_context=requeueable deps ti=<TaskInstance: veryfi_extract_total.extract_and_load scheduled__2023-05-08T15:42:00+00:00 [queued]>
[2023-05-09T04:48:50.330+0000] {taskinstance.py:1331} INFO - Starting attempt 1 of 2
[2023-05-09T04:48:50.384+0000] {taskinstance.py:1350} INFO - Executing <Task(PythonOperator): extract_and_load> on 2023-05-08 15:42:00+00:00
[2023-05-09T04:48:50.389+0000] {standard_task_runner.py:57} INFO - Started process 1234 to run task
[2023-05-09T04:48:50.409+0000] {standard_task_runner.py:84} INFO - Running: ['***', 'tasks', 'run', 'veryfi_extract_total', 'extract_and_load', 'scheduled__2023-05-08T15:42:00+00:00', '--job-id', '310', '--raw', '--subdir', 'DAGS_FOLDER/ml_response_dag.py', '--cfg-path', '/tmp/tmputwi92pp']
[2023-05-09T04:48:50.414+0000] {standard_task_runner.py:85} INFO - Job 310: Subtask extract_and_load
[2023-05-09T04:48:50.686+0000] {task_command.py:410} INFO - Running <TaskInstance: veryfi_extract_total.extract_and_load scheduled__2023-05-08T15:42:00+00:00 [running]> on host aa4b7d3de44b
[2023-05-09T04:48:51.028+0000] {taskinstance.py:1570} INFO - Exporting env vars: AIRFLOW_CTX_DAG_OWNER='***' AIRFLOW_CTX_DAG_ID='veryfi_extract_total' AIRFLOW_CTX_TASK_ID='extract_and_load' AIRFLOW_CTX_EXECUTION_DATE='2023-05-08T15:42:00+00:00' AIRFLOW_CTX_TRY_NUMBER='1' AIRFLOW_CTX_DAG_RUN_ID='scheduled__2023-05-08T15:42:00+00:00'
[2023-05-09T04:48:51.043+0000] {ml_response_dag.py:36} INFO - {}
[2023-05-09T04:48:51.044+0000] {ml_response_dag.py:37} INFO - 1
[2023-05-09T04:48:51.044+0000] {ml_response_dag.py:36} INFO - {'value': '544', 'score': 0.22, 'ocr_score': 0.81, 'bounding_box': [0.22, 0.37, 0.38, 0.52]}
[2023-05-09T04:48:51.045+0000] {ml_response_dag.py:37} INFO - 1
[2023-05-09T04:48:51.045+0000] {ml_response_dag.py:36} INFO - {}
[2023-05-09T04:48:51.046+0000] {ml_response_dag.py:37} INFO - 1
[2023-05-09T04:48:51.046+0000] {ml_response_dag.py:36} INFO - {}
[2023-05-09T04:48:51.047+0000] {ml_response_dag.py:37} INFO - 1
[2023-05-09T04:48:51.047+0000] {ml_response_dag.py:36} INFO - {}
[2023-05-09T04:48:51.048+0000] {ml_response_dag.py:37} INFO - 1
[2023-05-09T04:48:51.048+0000] {ml_response_dag.py:36} INFO - {}
[2023-05-09T04:48:51.050+0000] {ml_response_dag.py:37} INFO - 1
[2023-05-09T04:48:51.050+0000] {ml_response_dag.py:36} INFO - {'value': '660', 'score': 0.48, 'ocr_score': 0.32, 'bounding_box': [0.07, 0.82, 0.06, 0.37]}
[2023-05-09T04:48:51.051+0000] {ml_response_dag.py:37} INFO - 1
[2023-05-09T04:48:51.051+0000] {ml_response_dag.py:36} INFO - {}
[2023-05-09T04:48:51.052+0000] {ml_response_dag.py:37} INFO - 1
[2023-05-09T04:48:51.052+0000] {ml_response_dag.py:36} INFO - {'value': '801', 'score': 0.92, 'ocr_score': 0.28, 'bounding_box': [0.56, 0.9, 0.37, 0.79]}
[2023-05-09T04:48:51.052+0000] {ml_response_dag.py:37} INFO - 1
[2023-05-09T04:48:51.053+0000] {ml_response_dag.py:36} INFO - {}
[2023-05-09T04:48:51.053+0000] {ml_response_dag.py:37} INFO - 2
[2023-05-09T04:48:51.054+0000] {ml_response_dag.py:36} INFO - {}
[2023-05-09T04:48:51.054+0000] {ml_response_dag.py:37} INFO - 2
[2023-05-09T04:48:51.054+0000] {ml_response_dag.py:36} INFO - {'value': '880', 'score': 0.06, 'ocr_score': 0.1, 'bounding_box': [0.76, 0.47, 0.16, 0.27]}
[2023-05-09T04:48:51.055+0000] {ml_response_dag.py:37} INFO - 2
[2023-05-09T04:48:51.055+0000] {ml_response_dag.py:36} INFO - {'value': '380', 'score': 0.11, 'ocr_score': 0.36, 'bounding_box': [0.99, 0.15, 0.39, 0.03]}
[2023-05-09T04:48:51.056+0000] {ml_response_dag.py:37} INFO - 2
[2023-05-09T04:48:51.056+0000] {ml_response_dag.py:36} INFO - {}
[2023-05-09T04:48:51.057+0000] {ml_response_dag.py:37} INFO - 2
[2023-05-09T04:48:51.057+0000] {ml_response_dag.py:36} INFO - {'value': '770', 'score': 0.37, 'ocr_score': 0.84, 'bounding_box': [0.79, 0.15, 0.82, 0.6]}
[2023-05-09T04:48:51.057+0000] {ml_response_dag.py:37} INFO - 2
[2023-05-09T04:48:51.058+0000] {ml_response_dag.py:36} INFO - {}
[2023-05-09T04:48:51.059+0000] {ml_response_dag.py:37} INFO - 2
[2023-05-09T04:48:51.059+0000] {ml_response_dag.py:36} INFO - {}
[2023-05-09T04:48:51.059+0000] {ml_response_dag.py:37} INFO - 2
[2023-05-09T04:48:51.060+0000] {ml_response_dag.py:36} INFO - {}
[2023-05-09T04:48:51.060+0000] {ml_response_dag.py:37} INFO - 2
[2023-05-09T04:48:51.060+0000] {ml_response_dag.py:36} INFO - {}
[2023-05-09T04:48:51.061+0000] {ml_response_dag.py:37} INFO - 3
[2023-05-09T04:48:51.061+0000] {ml_response_dag.py:36} INFO - {}
[2023-05-09T04:48:51.068+0000] {ml_response_dag.py:37} INFO - 4
[2023-05-09T04:48:51.069+0000] {ml_response_dag.py:36} INFO - {}
[2023-05-09T04:48:51.072+0000] {ml_response_dag.py:37} INFO - 5
[2023-05-09T04:48:51.073+0000] {ml_response_dag.py:36} INFO - {}
[2023-05-09T04:48:51.073+0000] {ml_response_dag.py:37} INFO - 5
[2023-05-09T04:48:51.074+0000] {ml_response_dag.py:36} INFO - {'value': '418', 'score': 0.49, 'ocr_score': 0.15, 'bounding_box': [0.88, 0.92, 0.46, 0.3]}
[2023-05-09T04:48:51.075+0000] {ml_response_dag.py:37} INFO - 5
[2023-05-09T04:48:51.075+0000] {ml_response_dag.py:36} INFO - {}
[2023-05-09T04:48:51.076+0000] {ml_response_dag.py:37} INFO - 5
[2023-05-09T04:48:51.079+0000] {ml_response_dag.py:36} INFO - {}
[2023-05-09T04:48:51.079+0000] {ml_response_dag.py:37} INFO - 5
[2023-05-09T04:48:51.080+0000] {ml_response_dag.py:36} INFO - {'value': '78', 'score': 0.03, 'ocr_score': 0.66, 'bounding_box': [0.31, 0.81, 0.43, 0.03]}
[2023-05-09T04:48:51.080+0000] {ml_response_dag.py:37} INFO - 5
[2023-05-09T04:48:51.080+0000] {ml_response_dag.py:36} INFO - {}
[2023-05-09T04:48:51.081+0000] {ml_response_dag.py:37} INFO - 5
[2023-05-09T04:48:51.081+0000] {ml_response_dag.py:36} INFO - {'value': '889', 'score': 0.72, 'ocr_score': 0.56, 'bounding_box': [0.38, 0.17, 0.28, 1.0]}
[2023-05-09T04:48:51.082+0000] {ml_response_dag.py:37} INFO - 5
[2023-05-09T04:48:51.082+0000] {ml_response_dag.py:36} INFO - {'value': '292', 'score': 0.23, 'ocr_score': 0.39, 'bounding_box': [0.45, 0.93, 0.07, 0.2]}
[2023-05-09T04:48:51.083+0000] {ml_response_dag.py:37} INFO - 5
[2023-05-09T04:48:51.083+0000] {ml_response_dag.py:36} INFO - {}
[2023-05-09T04:48:51.084+0000] {ml_response_dag.py:37} INFO - 6
[2023-05-09T04:48:51.084+0000] {ml_response_dag.py:36} INFO - {'value': '542', 'score': 0.01, 'ocr_score': 0.03, 'bounding_box': [0.27, 0.53, 0.77, 0.97]}
[2023-05-09T04:48:51.085+0000] {ml_response_dag.py:37} INFO - 7
[2023-05-09T04:48:51.086+0000] {ml_response_dag.py:36} INFO - {'value': '342', 'score': 0.56, 'ocr_score': 0.14, 'bounding_box': [0.77, 0.91, 0.18, 0.2]}
[2023-05-09T04:48:51.091+0000] {ml_response_dag.py:37} INFO - 7
[2023-05-09T04:48:51.092+0000] {ml_response_dag.py:36} INFO - {'value': '967', 'score': 0.78, 'ocr_score': 0.39, 'bounding_box': [0.86, 0.38, 0.41, 0.36]}
[2023-05-09T04:48:51.093+0000] {ml_response_dag.py:37} INFO - 7
[2023-05-09T04:48:51.094+0000] {ml_response_dag.py:36} INFO - {'value': '100', 'score': 0.68, 'ocr_score': 0.75, 'bounding_box': [0.32, 0.6, 0.97, 0.05]}
[2023-05-09T04:48:51.096+0000] {ml_response_dag.py:37} INFO - 7
[2023-05-09T04:48:51.099+0000] {ml_response_dag.py:36} INFO - {}
[2023-05-09T04:48:51.099+0000] {ml_response_dag.py:37} INFO - 7
[2023-05-09T04:48:51.101+0000] {ml_response_dag.py:36} INFO - {}
[2023-05-09T04:48:51.102+0000] {ml_response_dag.py:37} INFO - 7
[2023-05-09T04:48:51.102+0000] {ml_response_dag.py:36} INFO - {'value': '858', 'score': 0.94, 'ocr_score': 0.64, 'bounding_box': [0.22, 0.37, 0.17, 0.07]}
[2023-05-09T04:48:51.103+0000] {ml_response_dag.py:37} INFO - 7
[2023-05-09T04:48:51.103+0000] {ml_response_dag.py:36} INFO - {}
[2023-05-09T04:48:51.104+0000] {ml_response_dag.py:37} INFO - 7
[2023-05-09T04:48:51.105+0000] {ml_response_dag.py:36} INFO - {'value': '633', 'score': 0.77, 'ocr_score': 0.17, 'bounding_box': [0.44, 0.56, 0.26, 0.15]}
[2023-05-09T04:48:51.106+0000] {ml_response_dag.py:37} INFO - 7
[2023-05-09T04:48:51.106+0000] {ml_response_dag.py:36} INFO - {'value': '609', 'score': 0.47, 'ocr_score': 0.56, 'bounding_box': [0.3, 0.87, 0.78, 0.92]}
[2023-05-09T04:48:51.107+0000] {ml_response_dag.py:37} INFO - 8
[2023-05-09T04:48:51.108+0000] {ml_response_dag.py:36} INFO - {'value': '331', 'score': 0.49, 'ocr_score': 0.99, 'bounding_box': [0.55, 0.36, 0.08, 0.43]}
[2023-05-09T04:48:51.108+0000] {ml_response_dag.py:37} INFO - 8
[2023-05-09T04:48:51.109+0000] {ml_response_dag.py:36} INFO - {'value': '142', 'score': 0.0, 'ocr_score': 0.58, 'bounding_box': [0.17, 0.36, 0.83, 0.62]}
[2023-05-09T04:48:51.111+0000] {ml_response_dag.py:37} INFO - 8
[2023-05-09T04:48:51.112+0000] {ml_response_dag.py:36} INFO - {}
[2023-05-09T04:48:51.113+0000] {ml_response_dag.py:37} INFO - 8
[2023-05-09T04:48:51.114+0000] {ml_response_dag.py:36} INFO - {}
[2023-05-09T04:48:51.114+0000] {ml_response_dag.py:37} INFO - 8
[2023-05-09T04:48:51.116+0000] {ml_response_dag.py:36} INFO - {}
[2023-05-09T04:48:51.116+0000] {ml_response_dag.py:37} INFO - 8
[2023-05-09T04:48:51.117+0000] {ml_response_dag.py:36} INFO - {'value': '826', 'score': 0.74, 'ocr_score': 0.69, 'bounding_box': [0.98, 0.11, 0.14, 0.96]}
[2023-05-09T04:48:51.119+0000] {ml_response_dag.py:37} INFO - 8
[2023-05-09T04:48:51.126+0000] {ml_response_dag.py:36} INFO - {}
[2023-05-09T04:48:51.127+0000] {ml_response_dag.py:37} INFO - 8
[2023-05-09T04:48:51.127+0000] {ml_response_dag.py:36} INFO - {'value': '299', 'score': 0.85, 'ocr_score': 0.04, 'bounding_box': [0.14, 0.46, 0.06, 0.65]}
[2023-05-09T04:48:51.128+0000] {ml_response_dag.py:37} INFO - 8
[2023-05-09T04:48:51.129+0000] {ml_response_dag.py:36} INFO - {'value': '362', 'score': 0.62, 'ocr_score': 0.51, 'bounding_box': [0.42, 0.48, 0.21, 0.45]}
[2023-05-09T04:48:51.130+0000] {ml_response_dag.py:37} INFO - 9
[2023-05-09T04:48:51.132+0000] {ml_response_dag.py:36} INFO - {'value': '288', 'score': 0.77, 'ocr_score': 0.23, 'bounding_box': [0.16, 0.03, 0.68, 0.81]}
[2023-05-09T04:48:51.132+0000] {ml_response_dag.py:37} INFO - 9
[2023-05-09T04:48:51.133+0000] {ml_response_dag.py:36} INFO - {'value': '803', 'score': 0.03, 'ocr_score': 0.42, 'bounding_box': [0.05, 0.5, 0.56, 0.95]}
[2023-05-09T04:48:51.133+0000] {ml_response_dag.py:37} INFO - 9
[2023-05-09T04:48:51.134+0000] {ml_response_dag.py:36} INFO - {'value': '750', 'score': 0.85, 'ocr_score': 0.27, 'bounding_box': [0.71, 0.07, 0.54, 0.9]}
[2023-05-09T04:48:51.134+0000] {ml_response_dag.py:37} INFO - 9
[2023-05-09T04:48:51.136+0000] {ml_response_dag.py:36} INFO - {'value': '148', 'score': 0.41, 'ocr_score': 0.97, 'bounding_box': [0.44, 0.51, 0.69, 0.67]}
[2023-05-09T04:48:51.137+0000] {ml_response_dag.py:37} INFO - 9
[2023-05-09T04:48:51.137+0000] {ml_response_dag.py:36} INFO - {'value': '161', 'score': 0.49, 'ocr_score': 0.58, 'bounding_box': [0.51, 0.51, 0.55, 0.06]}
[2023-05-09T04:48:51.138+0000] {ml_response_dag.py:37} INFO - 9
[2023-05-09T04:48:51.138+0000] {ml_response_dag.py:36} INFO - {}
[2023-05-09T04:48:51.139+0000] {ml_response_dag.py:37} INFO - 9
[2023-05-09T04:48:51.140+0000] {ml_response_dag.py:36} INFO - {}
[2023-05-09T04:48:51.140+0000] {ml_response_dag.py:37} INFO - 9
[2023-05-09T04:48:51.141+0000] {ml_response_dag.py:36} INFO - {}
[2023-05-09T04:48:51.142+0000] {ml_response_dag.py:37} INFO - 9
[2023-05-09T04:48:51.145+0000] {ml_response_dag.py:36} INFO - {'value': '842', 'score': 0.47, 'ocr_score': 0.75, 'bounding_box': [0.16, 0.91, 0.32, 0.53]}
[2023-05-09T04:48:51.147+0000] {ml_response_dag.py:37} INFO - 10
[2023-05-09T04:48:51.150+0000] {ml_response_dag.py:36} INFO - {}
[2023-05-09T04:48:51.151+0000] {ml_response_dag.py:37} INFO - 10
[2023-05-09T04:48:51.151+0000] {ml_response_dag.py:36} INFO - {}
[2023-05-09T04:48:51.152+0000] {ml_response_dag.py:37} INFO - 10
[2023-05-09T04:48:51.153+0000] {ml_response_dag.py:36} INFO - {'value': '458', 'score': 0.81, 'ocr_score': 0.31, 'bounding_box': [0.69, 0.54, 0.48, 0.39]}
[2023-05-09T04:48:51.154+0000] {ml_response_dag.py:37} INFO - 10
[2023-05-09T04:48:51.157+0000] {ml_response_dag.py:36} INFO - {'value': '776', 'score': 0.77, 'ocr_score': 0.34, 'bounding_box': [0.76, 0.85, 0.56, 0.82]}
[2023-05-09T04:48:51.159+0000] {ml_response_dag.py:37} INFO - 10
[2023-05-09T04:48:51.159+0000] {ml_response_dag.py:36} INFO - {}
[2023-05-09T04:48:51.160+0000] {ml_response_dag.py:37} INFO - 10
[2023-05-09T04:48:51.163+0000] {ml_response_dag.py:36} INFO - {'value': '51', 'score': 0.76, 'ocr_score': 0.29, 'bounding_box': [0.79, 0.88, 0.43, 0.21]}
[2023-05-09T04:48:51.163+0000] {ml_response_dag.py:37} INFO - 10
[2023-05-09T04:48:51.164+0000] {ml_response_dag.py:36} INFO - {'value': '843', 'score': 0.05, 'ocr_score': 0.96, 'bounding_box': [0.84, 0.04, 0.6, 0.52]}
[2023-05-09T04:48:51.164+0000] {ml_response_dag.py:37} INFO - 10
[2023-05-09T04:48:51.165+0000] {ml_response_dag.py:36} INFO - {'value': '517', 'score': 0.75, 'ocr_score': 0.74, 'bounding_box': [0.65, 0.92, 0.1, 0.59]}
[2023-05-09T04:48:51.165+0000] {ml_response_dag.py:37} INFO - 10
[2023-05-09T04:48:51.166+0000] {ml_response_dag.py:36} INFO - {}
[2023-05-09T04:48:51.167+0000] {ml_response_dag.py:37} INFO - 11
[2023-05-09T04:48:51.168+0000] {ml_response_dag.py:36} INFO - {}
[2023-05-09T04:48:51.171+0000] {ml_response_dag.py:37} INFO - 11
[2023-05-09T04:48:51.171+0000] {ml_response_dag.py:36} INFO - {'value': '288', 'score': 0.6, 'ocr_score': 0.29, 'bounding_box': [0.96, 0.39, 0.81, 0.96]}
[2023-05-09T04:48:51.172+0000] {ml_response_dag.py:37} INFO - 11
[2023-05-09T04:48:51.172+0000] {ml_response_dag.py:36} INFO - {'value': '878', 'score': 0.44, 'ocr_score': 0.56, 'bounding_box': [0.46, 0.03, 0.06, 0.3]}
[2023-05-09T04:48:51.173+0000] {ml_response_dag.py:37} INFO - 11
[2023-05-09T04:48:51.175+0000] {ml_response_dag.py:36} INFO - {}
[2023-05-09T04:48:51.175+0000] {ml_response_dag.py:37} INFO - 11
[2023-05-09T04:48:51.176+0000] {ml_response_dag.py:36} INFO - {}
[2023-05-09T04:48:51.176+0000] {ml_response_dag.py:37} INFO - 11
[2023-05-09T04:48:51.177+0000] {ml_response_dag.py:36} INFO - {}
[2023-05-09T04:48:51.178+0000] {ml_response_dag.py:37} INFO - 11
[2023-05-09T04:48:51.178+0000] {ml_response_dag.py:36} INFO - {'value': '650', 'score': 0.79, 'ocr_score': 0.64, 'bounding_box': [0.13, 0.78, 0.29, 0.37]}
[2023-05-09T04:48:51.178+0000] {ml_response_dag.py:37} INFO - 11
[2023-05-09T04:48:51.179+0000] {ml_response_dag.py:36} INFO - {}
[2023-05-09T04:48:51.179+0000] {ml_response_dag.py:37} INFO - 11
[2023-05-09T04:48:51.179+0000] {ml_response_dag.py:36} INFO - {'value': '643', 'score': 0.23, 'ocr_score': 0.72, 'bounding_box': [0.01, 0.39, 0.58, 0.53]}
[2023-05-09T04:48:51.181+0000] {ml_response_dag.py:37} INFO - 12
[2023-05-09T04:48:51.182+0000] {ml_response_dag.py:36} INFO - {}
[2023-05-09T04:48:51.183+0000] {ml_response_dag.py:37} INFO - 13
[2023-05-09T04:48:51.183+0000] {ml_response_dag.py:36} INFO - {}
[2023-05-09T04:48:51.184+0000] {ml_response_dag.py:37} INFO - 14
[2023-05-09T04:48:51.188+0000] {ml_response_dag.py:36} INFO - {'value': '141', 'score': 0.27, 'ocr_score': 0.93, 'bounding_box': [0.24, 0.73, 0.11, 0.89]}
[2023-05-09T04:48:51.190+0000] {ml_response_dag.py:37} INFO - 15
[2023-05-09T04:48:51.195+0000] {ml_response_dag.py:36} INFO - {'value': '59', 'score': 0.45, 'ocr_score': 0.57, 'bounding_box': [0.45, 0.64, 0.68, 0.17]}
[2023-05-09T04:48:51.195+0000] {ml_response_dag.py:37} INFO - 15
[2023-05-09T04:48:51.196+0000] {ml_response_dag.py:36} INFO - {'value': '333', 'score': 0.34, 'ocr_score': 0.85, 'bounding_box': [0.81, 0.57, 0.99, 0.77]}
[2023-05-09T04:48:51.197+0000] {ml_response_dag.py:37} INFO - 15
[2023-05-09T04:48:51.201+0000] {ml_response_dag.py:36} INFO - {'value': '257', 'score': 0.11, 'ocr_score': 0.43, 'bounding_box': [0.37, 0.55, 0.53, 0.66]}
[2023-05-09T04:48:51.201+0000] {ml_response_dag.py:37} INFO - 15
[2023-05-09T04:48:51.202+0000] {ml_response_dag.py:36} INFO - {'value': '190', 'score': 0.21, 'ocr_score': 0.83, 'bounding_box': [0.88, 0.83, 0.57, 0.11]}
[2023-05-09T04:48:51.203+0000] {ml_response_dag.py:37} INFO - 15
[2023-05-09T04:48:51.203+0000] {ml_response_dag.py:36} INFO - {}
[2023-05-09T04:48:51.205+0000] {ml_response_dag.py:37} INFO - 15
[2023-05-09T04:48:51.205+0000] {ml_response_dag.py:36} INFO - {}
[2023-05-09T04:48:51.206+0000] {ml_response_dag.py:37} INFO - 15
[2023-05-09T04:48:51.206+0000] {ml_response_dag.py:36} INFO - {}
[2023-05-09T04:48:51.207+0000] {ml_response_dag.py:37} INFO - 15
[2023-05-09T04:48:51.207+0000] {ml_response_dag.py:36} INFO - {'value': '475', 'score': 0.57, 'ocr_score': 0.49, 'bounding_box': [0.4, 0.3, 0.99, 0.32]}
[2023-05-09T04:48:51.208+0000] {ml_response_dag.py:37} INFO - 15
[2023-05-09T04:48:51.208+0000] {ml_response_dag.py:36} INFO - {'value': '745', 'score': 0.84, 'ocr_score': 0.82, 'bounding_box': [0.84, 0.57, 0.94, 0.44]}
[2023-05-09T04:48:51.209+0000] {ml_response_dag.py:37} INFO - 16
[2023-05-09T04:48:51.213+0000] {python.py:183} INFO - Done. Returned value was: None
[2023-05-09T04:48:51.270+0000] {taskinstance.py:1373} INFO - Marking task as SUCCESS. dag_id=veryfi_extract_total, task_id=extract_and_load, execution_date=20230508T154200, start_date=20230509T044850, end_date=20230509T044851
[2023-05-09T04:48:51.379+0000] {local_task_job_runner.py:232} INFO - Task exited with return code 0
[2023-05-09T04:48:51.454+0000] {taskinstance.py:2674} INFO - 0 downstream tasks scheduled from follow-on schedule check
