[2023-05-09T04:57:27.032+0000] {taskinstance.py:1125} INFO - Dependencies all met for dep_context=non-requeueable deps ti=<TaskInstance: veryfi_extract_total.extract_and_load scheduled__2023-05-08T08:50:00+00:00 [queued]>
[2023-05-09T04:57:27.080+0000] {taskinstance.py:1125} INFO - Dependencies all met for dep_context=requeueable deps ti=<TaskInstance: veryfi_extract_total.extract_and_load scheduled__2023-05-08T08:50:00+00:00 [queued]>
[2023-05-09T04:57:27.084+0000] {taskinstance.py:1331} INFO - Starting attempt 1 of 2
[2023-05-09T04:57:27.200+0000] {taskinstance.py:1350} INFO - Executing <Task(PythonOperator): extract_and_load> on 2023-05-08 08:50:00+00:00
[2023-05-09T04:57:27.228+0000] {standard_task_runner.py:57} INFO - Started process 1647 to run task
[2023-05-09T04:57:27.240+0000] {standard_task_runner.py:84} INFO - Running: ['***', 'tasks', 'run', 'veryfi_extract_total', 'extract_and_load', 'scheduled__2023-05-08T08:50:00+00:00', '--job-id', '445', '--raw', '--subdir', 'DAGS_FOLDER/ml_response_dag.py', '--cfg-path', '/tmp/tmpmgz45dv8']
[2023-05-09T04:57:27.240+0000] {standard_task_runner.py:85} INFO - Job 445: Subtask extract_and_load
[2023-05-09T04:57:27.509+0000] {task_command.py:410} INFO - Running <TaskInstance: veryfi_extract_total.extract_and_load scheduled__2023-05-08T08:50:00+00:00 [running]> on host aa4b7d3de44b
[2023-05-09T04:57:28.143+0000] {taskinstance.py:1570} INFO - Exporting env vars: AIRFLOW_CTX_DAG_OWNER='***' AIRFLOW_CTX_DAG_ID='veryfi_extract_total' AIRFLOW_CTX_TASK_ID='extract_and_load' AIRFLOW_CTX_EXECUTION_DATE='2023-05-08T08:50:00+00:00' AIRFLOW_CTX_TRY_NUMBER='1' AIRFLOW_CTX_DAG_RUN_ID='scheduled__2023-05-08T08:50:00+00:00'
[2023-05-09T04:57:28.227+0000] {ml_response_dag.py:35} INFO - {}
[2023-05-09T04:57:28.232+0000] {ml_response_dag.py:36} INFO - 1
[2023-05-09T04:57:28.233+0000] {ml_response_dag.py:37} INFO - Inserted to db
[2023-05-09T04:57:28.239+0000] {ml_response_dag.py:35} INFO - {'value': '544', 'score': 0.22, 'ocr_score': 0.81, 'bounding_box': [0.22, 0.37, 0.38, 0.52]}
[2023-05-09T04:57:28.250+0000] {ml_response_dag.py:36} INFO - 1
[2023-05-09T04:57:28.251+0000] {ml_response_dag.py:37} INFO - Inserted to db
[2023-05-09T04:57:28.252+0000] {ml_response_dag.py:35} INFO - {}
[2023-05-09T04:57:28.253+0000] {ml_response_dag.py:36} INFO - 1
[2023-05-09T04:57:28.255+0000] {ml_response_dag.py:37} INFO - Inserted to db
[2023-05-09T04:57:28.257+0000] {ml_response_dag.py:35} INFO - {}
[2023-05-09T04:57:28.258+0000] {ml_response_dag.py:36} INFO - 1
[2023-05-09T04:57:28.259+0000] {ml_response_dag.py:37} INFO - Inserted to db
[2023-05-09T04:57:28.260+0000] {ml_response_dag.py:35} INFO - {}
[2023-05-09T04:57:28.261+0000] {ml_response_dag.py:36} INFO - 1
[2023-05-09T04:57:28.262+0000] {ml_response_dag.py:37} INFO - Inserted to db
[2023-05-09T04:57:28.262+0000] {ml_response_dag.py:35} INFO - {}
[2023-05-09T04:57:28.262+0000] {ml_response_dag.py:36} INFO - 1
[2023-05-09T04:57:28.263+0000] {ml_response_dag.py:37} INFO - Inserted to db
[2023-05-09T04:57:28.264+0000] {ml_response_dag.py:35} INFO - {'value': '660', 'score': 0.48, 'ocr_score': 0.32, 'bounding_box': [0.07, 0.82, 0.06, 0.37]}
[2023-05-09T04:57:28.268+0000] {ml_response_dag.py:36} INFO - 1
[2023-05-09T04:57:28.269+0000] {ml_response_dag.py:37} INFO - Inserted to db
[2023-05-09T04:57:28.272+0000] {ml_response_dag.py:35} INFO - {}
[2023-05-09T04:57:28.272+0000] {ml_response_dag.py:36} INFO - 1
[2023-05-09T04:57:28.273+0000] {ml_response_dag.py:37} INFO - Inserted to db
[2023-05-09T04:57:28.275+0000] {ml_response_dag.py:35} INFO - {'value': '801', 'score': 0.92, 'ocr_score': 0.28, 'bounding_box': [0.56, 0.9, 0.37, 0.79]}
[2023-05-09T04:57:28.275+0000] {ml_response_dag.py:36} INFO - 1
[2023-05-09T04:57:28.276+0000] {ml_response_dag.py:37} INFO - Inserted to db
[2023-05-09T04:57:28.277+0000] {ml_response_dag.py:35} INFO - {}
[2023-05-09T04:57:28.277+0000] {ml_response_dag.py:36} INFO - 2
[2023-05-09T04:57:28.277+0000] {ml_response_dag.py:37} INFO - Inserted to db
[2023-05-09T04:57:28.279+0000] {ml_response_dag.py:35} INFO - {}
[2023-05-09T04:57:28.279+0000] {ml_response_dag.py:36} INFO - 2
[2023-05-09T04:57:28.280+0000] {ml_response_dag.py:37} INFO - Inserted to db
[2023-05-09T04:57:28.282+0000] {ml_response_dag.py:35} INFO - {'value': '880', 'score': 0.06, 'ocr_score': 0.1, 'bounding_box': [0.76, 0.47, 0.16, 0.27]}
[2023-05-09T04:57:28.282+0000] {ml_response_dag.py:36} INFO - 2
[2023-05-09T04:57:28.283+0000] {ml_response_dag.py:37} INFO - Inserted to db
[2023-05-09T04:57:28.285+0000] {ml_response_dag.py:35} INFO - {'value': '380', 'score': 0.11, 'ocr_score': 0.36, 'bounding_box': [0.99, 0.15, 0.39, 0.03]}
[2023-05-09T04:57:28.291+0000] {ml_response_dag.py:36} INFO - 2
[2023-05-09T04:57:28.292+0000] {ml_response_dag.py:37} INFO - Inserted to db
[2023-05-09T04:57:28.293+0000] {ml_response_dag.py:35} INFO - {}
[2023-05-09T04:57:28.294+0000] {ml_response_dag.py:36} INFO - 2
[2023-05-09T04:57:28.297+0000] {ml_response_dag.py:37} INFO - Inserted to db
[2023-05-09T04:57:28.298+0000] {ml_response_dag.py:35} INFO - {'value': '770', 'score': 0.37, 'ocr_score': 0.84, 'bounding_box': [0.79, 0.15, 0.82, 0.6]}
[2023-05-09T04:57:28.298+0000] {ml_response_dag.py:36} INFO - 2
[2023-05-09T04:57:28.299+0000] {ml_response_dag.py:37} INFO - Inserted to db
[2023-05-09T04:57:28.299+0000] {ml_response_dag.py:35} INFO - {}
[2023-05-09T04:57:28.300+0000] {ml_response_dag.py:36} INFO - 2
[2023-05-09T04:57:28.301+0000] {ml_response_dag.py:37} INFO - Inserted to db
[2023-05-09T04:57:28.303+0000] {ml_response_dag.py:35} INFO - {}
[2023-05-09T04:57:28.304+0000] {ml_response_dag.py:36} INFO - 2
[2023-05-09T04:57:28.305+0000] {ml_response_dag.py:37} INFO - Inserted to db
[2023-05-09T04:57:28.306+0000] {ml_response_dag.py:35} INFO - {}
[2023-05-09T04:57:28.308+0000] {ml_response_dag.py:36} INFO - 2
[2023-05-09T04:57:28.312+0000] {ml_response_dag.py:37} INFO - Inserted to db
[2023-05-09T04:57:28.317+0000] {ml_response_dag.py:35} INFO - {}
[2023-05-09T04:57:28.336+0000] {ml_response_dag.py:36} INFO - 3
[2023-05-09T04:57:28.337+0000] {ml_response_dag.py:37} INFO - Inserted to db
[2023-05-09T04:57:28.342+0000] {ml_response_dag.py:35} INFO - {}
[2023-05-09T04:57:28.346+0000] {ml_response_dag.py:36} INFO - 4
[2023-05-09T04:57:28.347+0000] {ml_response_dag.py:37} INFO - Inserted to db
[2023-05-09T04:57:28.348+0000] {ml_response_dag.py:35} INFO - {}
[2023-05-09T04:57:28.348+0000] {ml_response_dag.py:36} INFO - 5
[2023-05-09T04:57:28.348+0000] {ml_response_dag.py:37} INFO - Inserted to db
[2023-05-09T04:57:28.349+0000] {ml_response_dag.py:35} INFO - {}
[2023-05-09T04:57:28.349+0000] {ml_response_dag.py:36} INFO - 5
[2023-05-09T04:57:28.349+0000] {ml_response_dag.py:37} INFO - Inserted to db
[2023-05-09T04:57:28.350+0000] {ml_response_dag.py:35} INFO - {'value': '418', 'score': 0.49, 'ocr_score': 0.15, 'bounding_box': [0.88, 0.92, 0.46, 0.3]}
[2023-05-09T04:57:28.350+0000] {ml_response_dag.py:36} INFO - 5
[2023-05-09T04:57:28.351+0000] {ml_response_dag.py:37} INFO - Inserted to db
[2023-05-09T04:57:28.351+0000] {ml_response_dag.py:35} INFO - {}
[2023-05-09T04:57:28.351+0000] {ml_response_dag.py:36} INFO - 5
[2023-05-09T04:57:28.352+0000] {ml_response_dag.py:37} INFO - Inserted to db
[2023-05-09T04:57:28.352+0000] {ml_response_dag.py:35} INFO - {}
[2023-05-09T04:57:28.352+0000] {ml_response_dag.py:36} INFO - 5
[2023-05-09T04:57:28.353+0000] {ml_response_dag.py:37} INFO - Inserted to db
[2023-05-09T04:57:28.353+0000] {ml_response_dag.py:35} INFO - {'value': '78', 'score': 0.03, 'ocr_score': 0.66, 'bounding_box': [0.31, 0.81, 0.43, 0.03]}
[2023-05-09T04:57:28.354+0000] {ml_response_dag.py:36} INFO - 5
[2023-05-09T04:57:28.354+0000] {ml_response_dag.py:37} INFO - Inserted to db
[2023-05-09T04:57:28.355+0000] {ml_response_dag.py:35} INFO - {}
[2023-05-09T04:57:28.355+0000] {ml_response_dag.py:36} INFO - 5
[2023-05-09T04:57:28.355+0000] {ml_response_dag.py:37} INFO - Inserted to db
[2023-05-09T04:57:28.358+0000] {ml_response_dag.py:35} INFO - {'value': '889', 'score': 0.72, 'ocr_score': 0.56, 'bounding_box': [0.38, 0.17, 0.28, 1.0]}
[2023-05-09T04:57:28.358+0000] {ml_response_dag.py:36} INFO - 5
[2023-05-09T04:57:28.359+0000] {ml_response_dag.py:37} INFO - Inserted to db
[2023-05-09T04:57:28.363+0000] {ml_response_dag.py:35} INFO - {'value': '292', 'score': 0.23, 'ocr_score': 0.39, 'bounding_box': [0.45, 0.93, 0.07, 0.2]}
[2023-05-09T04:57:28.364+0000] {ml_response_dag.py:36} INFO - 5
[2023-05-09T04:57:28.368+0000] {ml_response_dag.py:37} INFO - Inserted to db
[2023-05-09T04:57:28.372+0000] {ml_response_dag.py:35} INFO - {}
[2023-05-09T04:57:28.373+0000] {ml_response_dag.py:36} INFO - 6
[2023-05-09T04:57:28.374+0000] {ml_response_dag.py:37} INFO - Inserted to db
[2023-05-09T04:57:28.376+0000] {ml_response_dag.py:35} INFO - {'value': '542', 'score': 0.01, 'ocr_score': 0.03, 'bounding_box': [0.27, 0.53, 0.77, 0.97]}
[2023-05-09T04:57:28.378+0000] {ml_response_dag.py:36} INFO - 7
[2023-05-09T04:57:28.378+0000] {ml_response_dag.py:37} INFO - Inserted to db
[2023-05-09T04:57:28.384+0000] {ml_response_dag.py:35} INFO - {'value': '342', 'score': 0.56, 'ocr_score': 0.14, 'bounding_box': [0.77, 0.91, 0.18, 0.2]}
[2023-05-09T04:57:28.385+0000] {ml_response_dag.py:36} INFO - 7
[2023-05-09T04:57:28.387+0000] {ml_response_dag.py:37} INFO - Inserted to db
[2023-05-09T04:57:28.392+0000] {ml_response_dag.py:35} INFO - {'value': '967', 'score': 0.78, 'ocr_score': 0.39, 'bounding_box': [0.86, 0.38, 0.41, 0.36]}
[2023-05-09T04:57:28.392+0000] {ml_response_dag.py:36} INFO - 7
[2023-05-09T04:57:28.394+0000] {ml_response_dag.py:37} INFO - Inserted to db
[2023-05-09T04:57:28.406+0000] {ml_response_dag.py:35} INFO - {'value': '100', 'score': 0.68, 'ocr_score': 0.75, 'bounding_box': [0.32, 0.6, 0.97, 0.05]}
[2023-05-09T04:57:28.407+0000] {ml_response_dag.py:36} INFO - 7
[2023-05-09T04:57:28.410+0000] {ml_response_dag.py:37} INFO - Inserted to db
[2023-05-09T04:57:28.415+0000] {ml_response_dag.py:35} INFO - {}
[2023-05-09T04:57:28.419+0000] {ml_response_dag.py:36} INFO - 7
[2023-05-09T04:57:28.420+0000] {ml_response_dag.py:37} INFO - Inserted to db
[2023-05-09T04:57:28.421+0000] {ml_response_dag.py:35} INFO - {}
[2023-05-09T04:57:28.422+0000] {ml_response_dag.py:36} INFO - 7
[2023-05-09T04:57:28.426+0000] {ml_response_dag.py:37} INFO - Inserted to db
[2023-05-09T04:57:28.430+0000] {ml_response_dag.py:35} INFO - {'value': '858', 'score': 0.94, 'ocr_score': 0.64, 'bounding_box': [0.22, 0.37, 0.17, 0.07]}
[2023-05-09T04:57:28.432+0000] {ml_response_dag.py:36} INFO - 7
[2023-05-09T04:57:28.432+0000] {ml_response_dag.py:37} INFO - Inserted to db
[2023-05-09T04:57:28.434+0000] {ml_response_dag.py:35} INFO - {}
[2023-05-09T04:57:28.440+0000] {ml_response_dag.py:36} INFO - 7
[2023-05-09T04:57:28.444+0000] {ml_response_dag.py:37} INFO - Inserted to db
[2023-05-09T04:57:28.446+0000] {ml_response_dag.py:35} INFO - {'value': '633', 'score': 0.77, 'ocr_score': 0.17, 'bounding_box': [0.44, 0.56, 0.26, 0.15]}
[2023-05-09T04:57:28.447+0000] {ml_response_dag.py:36} INFO - 7
[2023-05-09T04:57:28.448+0000] {ml_response_dag.py:37} INFO - Inserted to db
[2023-05-09T04:57:28.450+0000] {ml_response_dag.py:35} INFO - {'value': '609', 'score': 0.47, 'ocr_score': 0.56, 'bounding_box': [0.3, 0.87, 0.78, 0.92]}
[2023-05-09T04:57:28.451+0000] {ml_response_dag.py:36} INFO - 8
[2023-05-09T04:57:28.451+0000] {ml_response_dag.py:37} INFO - Inserted to db
[2023-05-09T04:57:28.454+0000] {ml_response_dag.py:35} INFO - {'value': '331', 'score': 0.49, 'ocr_score': 0.99, 'bounding_box': [0.55, 0.36, 0.08, 0.43]}
[2023-05-09T04:57:28.462+0000] {ml_response_dag.py:36} INFO - 8
[2023-05-09T04:57:28.469+0000] {ml_response_dag.py:37} INFO - Inserted to db
[2023-05-09T04:57:28.478+0000] {ml_response_dag.py:35} INFO - {'value': '142', 'score': 0.0, 'ocr_score': 0.58, 'bounding_box': [0.17, 0.36, 0.83, 0.62]}
[2023-05-09T04:57:28.480+0000] {ml_response_dag.py:36} INFO - 8
[2023-05-09T04:57:28.481+0000] {ml_response_dag.py:37} INFO - Inserted to db
[2023-05-09T04:57:28.484+0000] {ml_response_dag.py:35} INFO - {}
[2023-05-09T04:57:28.487+0000] {ml_response_dag.py:36} INFO - 8
[2023-05-09T04:57:28.488+0000] {ml_response_dag.py:37} INFO - Inserted to db
[2023-05-09T04:57:28.499+0000] {ml_response_dag.py:35} INFO - {}
[2023-05-09T04:57:28.508+0000] {ml_response_dag.py:36} INFO - 8
[2023-05-09T04:57:28.519+0000] {ml_response_dag.py:37} INFO - Inserted to db
[2023-05-09T04:57:28.522+0000] {ml_response_dag.py:35} INFO - {}
[2023-05-09T04:57:28.523+0000] {ml_response_dag.py:36} INFO - 8
[2023-05-09T04:57:28.533+0000] {ml_response_dag.py:37} INFO - Inserted to db
[2023-05-09T04:57:28.541+0000] {ml_response_dag.py:35} INFO - {'value': '826', 'score': 0.74, 'ocr_score': 0.69, 'bounding_box': [0.98, 0.11, 0.14, 0.96]}
[2023-05-09T04:57:28.543+0000] {ml_response_dag.py:36} INFO - 8
[2023-05-09T04:57:28.543+0000] {ml_response_dag.py:37} INFO - Inserted to db
[2023-05-09T04:57:28.545+0000] {ml_response_dag.py:35} INFO - {}
[2023-05-09T04:57:28.546+0000] {ml_response_dag.py:36} INFO - 8
[2023-05-09T04:57:28.547+0000] {ml_response_dag.py:37} INFO - Inserted to db
[2023-05-09T04:57:28.571+0000] {ml_response_dag.py:35} INFO - {'value': '299', 'score': 0.85, 'ocr_score': 0.04, 'bounding_box': [0.14, 0.46, 0.06, 0.65]}
[2023-05-09T04:57:28.592+0000] {ml_response_dag.py:36} INFO - 8
[2023-05-09T04:57:28.606+0000] {ml_response_dag.py:37} INFO - Inserted to db
[2023-05-09T04:57:28.617+0000] {ml_response_dag.py:35} INFO - {'value': '362', 'score': 0.62, 'ocr_score': 0.51, 'bounding_box': [0.42, 0.48, 0.21, 0.45]}
[2023-05-09T04:57:28.618+0000] {ml_response_dag.py:36} INFO - 9
[2023-05-09T04:57:28.665+0000] {ml_response_dag.py:37} INFO - Inserted to db
[2023-05-09T04:57:28.673+0000] {ml_response_dag.py:35} INFO - {'value': '288', 'score': 0.77, 'ocr_score': 0.23, 'bounding_box': [0.16, 0.03, 0.68, 0.81]}
[2023-05-09T04:57:28.690+0000] {ml_response_dag.py:36} INFO - 9
[2023-05-09T04:57:28.692+0000] {ml_response_dag.py:37} INFO - Inserted to db
[2023-05-09T04:57:28.697+0000] {ml_response_dag.py:35} INFO - {'value': '803', 'score': 0.03, 'ocr_score': 0.42, 'bounding_box': [0.05, 0.5, 0.56, 0.95]}
[2023-05-09T04:57:28.698+0000] {ml_response_dag.py:36} INFO - 9
[2023-05-09T04:57:28.710+0000] {ml_response_dag.py:37} INFO - Inserted to db
[2023-05-09T04:57:28.713+0000] {ml_response_dag.py:35} INFO - {'value': '750', 'score': 0.85, 'ocr_score': 0.27, 'bounding_box': [0.71, 0.07, 0.54, 0.9]}
[2023-05-09T04:57:28.720+0000] {ml_response_dag.py:36} INFO - 9
[2023-05-09T04:57:28.722+0000] {ml_response_dag.py:37} INFO - Inserted to db
[2023-05-09T04:57:28.725+0000] {ml_response_dag.py:35} INFO - {'value': '148', 'score': 0.41, 'ocr_score': 0.97, 'bounding_box': [0.44, 0.51, 0.69, 0.67]}
[2023-05-09T04:57:28.725+0000] {ml_response_dag.py:36} INFO - 9
[2023-05-09T04:57:28.727+0000] {ml_response_dag.py:37} INFO - Inserted to db
[2023-05-09T04:57:28.729+0000] {ml_response_dag.py:35} INFO - {'value': '161', 'score': 0.49, 'ocr_score': 0.58, 'bounding_box': [0.51, 0.51, 0.55, 0.06]}
[2023-05-09T04:57:28.738+0000] {ml_response_dag.py:36} INFO - 9
[2023-05-09T04:57:28.743+0000] {ml_response_dag.py:37} INFO - Inserted to db
[2023-05-09T04:57:28.748+0000] {ml_response_dag.py:35} INFO - {}
[2023-05-09T04:57:28.750+0000] {ml_response_dag.py:36} INFO - 9
[2023-05-09T04:57:28.753+0000] {ml_response_dag.py:37} INFO - Inserted to db
[2023-05-09T04:57:28.763+0000] {ml_response_dag.py:35} INFO - {}
[2023-05-09T04:57:28.764+0000] {ml_response_dag.py:36} INFO - 9
[2023-05-09T04:57:28.765+0000] {ml_response_dag.py:37} INFO - Inserted to db
[2023-05-09T04:57:28.766+0000] {ml_response_dag.py:35} INFO - {}
[2023-05-09T04:57:28.767+0000] {ml_response_dag.py:36} INFO - 9
[2023-05-09T04:57:28.768+0000] {ml_response_dag.py:37} INFO - Inserted to db
[2023-05-09T04:57:28.770+0000] {ml_response_dag.py:35} INFO - {'value': '842', 'score': 0.47, 'ocr_score': 0.75, 'bounding_box': [0.16, 0.91, 0.32, 0.53]}
[2023-05-09T04:57:28.771+0000] {ml_response_dag.py:36} INFO - 10
[2023-05-09T04:57:28.771+0000] {ml_response_dag.py:37} INFO - Inserted to db
[2023-05-09T04:57:28.772+0000] {ml_response_dag.py:35} INFO - {}
[2023-05-09T04:57:28.773+0000] {ml_response_dag.py:36} INFO - 10
[2023-05-09T04:57:28.773+0000] {ml_response_dag.py:37} INFO - Inserted to db
[2023-05-09T04:57:28.780+0000] {ml_response_dag.py:35} INFO - {}
[2023-05-09T04:57:28.785+0000] {ml_response_dag.py:36} INFO - 10
[2023-05-09T04:57:28.791+0000] {ml_response_dag.py:37} INFO - Inserted to db
[2023-05-09T04:57:28.796+0000] {ml_response_dag.py:35} INFO - {'value': '458', 'score': 0.81, 'ocr_score': 0.31, 'bounding_box': [0.69, 0.54, 0.48, 0.39]}
[2023-05-09T04:57:28.799+0000] {ml_response_dag.py:36} INFO - 10
[2023-05-09T04:57:28.801+0000] {ml_response_dag.py:37} INFO - Inserted to db
[2023-05-09T04:57:28.808+0000] {ml_response_dag.py:35} INFO - {'value': '776', 'score': 0.77, 'ocr_score': 0.34, 'bounding_box': [0.76, 0.85, 0.56, 0.82]}
[2023-05-09T04:57:28.809+0000] {ml_response_dag.py:36} INFO - 10
[2023-05-09T04:57:28.810+0000] {ml_response_dag.py:37} INFO - Inserted to db
[2023-05-09T04:57:28.811+0000] {ml_response_dag.py:35} INFO - {}
[2023-05-09T04:57:28.811+0000] {ml_response_dag.py:36} INFO - 10
[2023-05-09T04:57:28.812+0000] {ml_response_dag.py:37} INFO - Inserted to db
[2023-05-09T04:57:28.813+0000] {ml_response_dag.py:35} INFO - {'value': '51', 'score': 0.76, 'ocr_score': 0.29, 'bounding_box': [0.79, 0.88, 0.43, 0.21]}
[2023-05-09T04:57:28.814+0000] {ml_response_dag.py:36} INFO - 10
[2023-05-09T04:57:28.815+0000] {ml_response_dag.py:37} INFO - Inserted to db
[2023-05-09T04:57:28.815+0000] {ml_response_dag.py:35} INFO - {'value': '843', 'score': 0.05, 'ocr_score': 0.96, 'bounding_box': [0.84, 0.04, 0.6, 0.52]}
[2023-05-09T04:57:28.816+0000] {ml_response_dag.py:36} INFO - 10
[2023-05-09T04:57:28.816+0000] {ml_response_dag.py:37} INFO - Inserted to db
[2023-05-09T04:57:28.818+0000] {ml_response_dag.py:35} INFO - {'value': '517', 'score': 0.75, 'ocr_score': 0.74, 'bounding_box': [0.65, 0.92, 0.1, 0.59]}
[2023-05-09T04:57:28.818+0000] {ml_response_dag.py:36} INFO - 10
[2023-05-09T04:57:28.819+0000] {ml_response_dag.py:37} INFO - Inserted to db
[2023-05-09T04:57:28.821+0000] {ml_response_dag.py:35} INFO - {}
[2023-05-09T04:57:28.822+0000] {ml_response_dag.py:36} INFO - 11
[2023-05-09T04:57:28.822+0000] {ml_response_dag.py:37} INFO - Inserted to db
[2023-05-09T04:57:28.823+0000] {ml_response_dag.py:35} INFO - {}
[2023-05-09T04:57:28.824+0000] {ml_response_dag.py:36} INFO - 11
[2023-05-09T04:57:28.824+0000] {ml_response_dag.py:37} INFO - Inserted to db
[2023-05-09T04:57:28.832+0000] {ml_response_dag.py:35} INFO - {'value': '288', 'score': 0.6, 'ocr_score': 0.29, 'bounding_box': [0.96, 0.39, 0.81, 0.96]}
[2023-05-09T04:57:28.832+0000] {ml_response_dag.py:36} INFO - 11
[2023-05-09T04:57:28.833+0000] {ml_response_dag.py:37} INFO - Inserted to db
[2023-05-09T04:57:28.834+0000] {ml_response_dag.py:35} INFO - {'value': '878', 'score': 0.44, 'ocr_score': 0.56, 'bounding_box': [0.46, 0.03, 0.06, 0.3]}
[2023-05-09T04:57:28.835+0000] {ml_response_dag.py:36} INFO - 11
[2023-05-09T04:57:28.836+0000] {ml_response_dag.py:37} INFO - Inserted to db
[2023-05-09T04:57:28.837+0000] {ml_response_dag.py:35} INFO - {}
[2023-05-09T04:57:28.838+0000] {ml_response_dag.py:36} INFO - 11
[2023-05-09T04:57:28.840+0000] {ml_response_dag.py:37} INFO - Inserted to db
[2023-05-09T04:57:28.868+0000] {ml_response_dag.py:35} INFO - {}
[2023-05-09T04:57:28.872+0000] {ml_response_dag.py:36} INFO - 11
[2023-05-09T04:57:28.874+0000] {ml_response_dag.py:37} INFO - Inserted to db
[2023-05-09T04:57:28.875+0000] {ml_response_dag.py:35} INFO - {}
[2023-05-09T04:57:28.876+0000] {ml_response_dag.py:36} INFO - 11
[2023-05-09T04:57:28.877+0000] {ml_response_dag.py:37} INFO - Inserted to db
[2023-05-09T04:57:28.879+0000] {ml_response_dag.py:35} INFO - {'value': '650', 'score': 0.79, 'ocr_score': 0.64, 'bounding_box': [0.13, 0.78, 0.29, 0.37]}
[2023-05-09T04:57:28.879+0000] {ml_response_dag.py:36} INFO - 11
[2023-05-09T04:57:28.880+0000] {ml_response_dag.py:37} INFO - Inserted to db
[2023-05-09T04:57:28.881+0000] {ml_response_dag.py:35} INFO - {}
[2023-05-09T04:57:28.882+0000] {ml_response_dag.py:36} INFO - 11
[2023-05-09T04:57:28.882+0000] {ml_response_dag.py:37} INFO - Inserted to db
[2023-05-09T04:57:28.884+0000] {ml_response_dag.py:35} INFO - {'value': '643', 'score': 0.23, 'ocr_score': 0.72, 'bounding_box': [0.01, 0.39, 0.58, 0.53]}
[2023-05-09T04:57:28.885+0000] {ml_response_dag.py:36} INFO - 12
[2023-05-09T04:57:28.885+0000] {ml_response_dag.py:37} INFO - Inserted to db
[2023-05-09T04:57:28.886+0000] {ml_response_dag.py:35} INFO - {}
[2023-05-09T04:57:28.887+0000] {ml_response_dag.py:36} INFO - 13
[2023-05-09T04:57:28.892+0000] {ml_response_dag.py:37} INFO - Inserted to db
[2023-05-09T04:57:28.905+0000] {ml_response_dag.py:35} INFO - {}
[2023-05-09T04:57:28.916+0000] {ml_response_dag.py:36} INFO - 14
[2023-05-09T04:57:28.919+0000] {ml_response_dag.py:37} INFO - Inserted to db
[2023-05-09T04:57:28.938+0000] {ml_response_dag.py:35} INFO - {'value': '141', 'score': 0.27, 'ocr_score': 0.93, 'bounding_box': [0.24, 0.73, 0.11, 0.89]}
[2023-05-09T04:57:28.944+0000] {ml_response_dag.py:36} INFO - 15
[2023-05-09T04:57:28.946+0000] {ml_response_dag.py:37} INFO - Inserted to db
[2023-05-09T04:57:28.951+0000] {ml_response_dag.py:35} INFO - {'value': '59', 'score': 0.45, 'ocr_score': 0.57, 'bounding_box': [0.45, 0.64, 0.68, 0.17]}
[2023-05-09T04:57:28.955+0000] {ml_response_dag.py:36} INFO - 15
[2023-05-09T04:57:28.960+0000] {ml_response_dag.py:37} INFO - Inserted to db
[2023-05-09T04:57:28.964+0000] {ml_response_dag.py:35} INFO - {'value': '333', 'score': 0.34, 'ocr_score': 0.85, 'bounding_box': [0.81, 0.57, 0.99, 0.77]}
[2023-05-09T04:57:28.965+0000] {ml_response_dag.py:36} INFO - 15
[2023-05-09T04:57:28.977+0000] {ml_response_dag.py:37} INFO - Inserted to db
[2023-05-09T04:57:28.983+0000] {ml_response_dag.py:35} INFO - {'value': '257', 'score': 0.11, 'ocr_score': 0.43, 'bounding_box': [0.37, 0.55, 0.53, 0.66]}
[2023-05-09T04:57:28.995+0000] {ml_response_dag.py:36} INFO - 15
[2023-05-09T04:57:28.999+0000] {ml_response_dag.py:37} INFO - Inserted to db
[2023-05-09T04:57:29.002+0000] {ml_response_dag.py:35} INFO - {'value': '190', 'score': 0.21, 'ocr_score': 0.83, 'bounding_box': [0.88, 0.83, 0.57, 0.11]}
[2023-05-09T04:57:29.003+0000] {ml_response_dag.py:36} INFO - 15
[2023-05-09T04:57:29.005+0000] {ml_response_dag.py:37} INFO - Inserted to db
[2023-05-09T04:57:29.024+0000] {ml_response_dag.py:35} INFO - {}
[2023-05-09T04:57:29.025+0000] {ml_response_dag.py:36} INFO - 15
[2023-05-09T04:57:29.026+0000] {ml_response_dag.py:37} INFO - Inserted to db
[2023-05-09T04:57:29.029+0000] {ml_response_dag.py:35} INFO - {}
[2023-05-09T04:57:29.030+0000] {ml_response_dag.py:36} INFO - 15
[2023-05-09T04:57:29.034+0000] {ml_response_dag.py:37} INFO - Inserted to db
[2023-05-09T04:57:29.036+0000] {ml_response_dag.py:35} INFO - {}
[2023-05-09T04:57:29.040+0000] {ml_response_dag.py:36} INFO - 15
[2023-05-09T04:57:29.042+0000] {ml_response_dag.py:37} INFO - Inserted to db
[2023-05-09T04:57:29.043+0000] {ml_response_dag.py:35} INFO - {'value': '475', 'score': 0.57, 'ocr_score': 0.49, 'bounding_box': [0.4, 0.3, 0.99, 0.32]}
[2023-05-09T04:57:29.046+0000] {ml_response_dag.py:36} INFO - 15
[2023-05-09T04:57:29.046+0000] {ml_response_dag.py:37} INFO - Inserted to db
[2023-05-09T04:57:29.047+0000] {ml_response_dag.py:35} INFO - {'value': '745', 'score': 0.84, 'ocr_score': 0.82, 'bounding_box': [0.84, 0.57, 0.94, 0.44]}
[2023-05-09T04:57:29.048+0000] {ml_response_dag.py:36} INFO - 16
[2023-05-09T04:57:29.048+0000] {ml_response_dag.py:37} INFO - Inserted to db
[2023-05-09T04:57:29.072+0000] {python.py:183} INFO - Done. Returned value was: None
[2023-05-09T04:57:29.586+0000] {taskinstance.py:1373} INFO - Marking task as SUCCESS. dag_id=veryfi_extract_total, task_id=extract_and_load, execution_date=20230508T085000, start_date=20230509T045727, end_date=20230509T045729
[2023-05-09T04:57:29.970+0000] {local_task_job_runner.py:232} INFO - Task exited with return code 0
[2023-05-09T04:57:30.151+0000] {taskinstance.py:2674} INFO - 0 downstream tasks scheduled from follow-on schedule check
