[2023-05-09T04:57:04.502+0000] {taskinstance.py:1125} INFO - Dependencies all met for dep_context=non-requeueable deps ti=<TaskInstance: veryfi_extract_total.extract_and_load scheduled__2023-05-08T04:00:00+00:00 [queued]>
[2023-05-09T04:57:04.592+0000] {taskinstance.py:1125} INFO - Dependencies all met for dep_context=requeueable deps ti=<TaskInstance: veryfi_extract_total.extract_and_load scheduled__2023-05-08T04:00:00+00:00 [queued]>
[2023-05-09T04:57:04.593+0000] {taskinstance.py:1331} INFO - Starting attempt 1 of 2
[2023-05-09T04:57:04.662+0000] {taskinstance.py:1350} INFO - Executing <Task(PythonOperator): extract_and_load> on 2023-05-08 04:00:00+00:00
[2023-05-09T04:57:04.678+0000] {standard_task_runner.py:57} INFO - Started process 1581 to run task
[2023-05-09T04:57:04.713+0000] {standard_task_runner.py:84} INFO - Running: ['***', 'tasks', 'run', 'veryfi_extract_total', 'extract_and_load', 'scheduled__2023-05-08T04:00:00+00:00', '--job-id', '416', '--raw', '--subdir', 'DAGS_FOLDER/ml_response_dag.py', '--cfg-path', '/tmp/tmpa5xlpdtd']
[2023-05-09T04:57:04.715+0000] {standard_task_runner.py:85} INFO - Job 416: Subtask extract_and_load
[2023-05-09T04:57:05.002+0000] {task_command.py:410} INFO - Running <TaskInstance: veryfi_extract_total.extract_and_load scheduled__2023-05-08T04:00:00+00:00 [running]> on host aa4b7d3de44b
[2023-05-09T04:57:05.620+0000] {taskinstance.py:1570} INFO - Exporting env vars: AIRFLOW_CTX_DAG_OWNER='***' AIRFLOW_CTX_DAG_ID='veryfi_extract_total' AIRFLOW_CTX_TASK_ID='extract_and_load' AIRFLOW_CTX_EXECUTION_DATE='2023-05-08T04:00:00+00:00' AIRFLOW_CTX_TRY_NUMBER='1' AIRFLOW_CTX_DAG_RUN_ID='scheduled__2023-05-08T04:00:00+00:00'
[2023-05-09T04:57:05.682+0000] {ml_response_dag.py:35} INFO - {}
[2023-05-09T04:57:05.683+0000] {ml_response_dag.py:36} INFO - 1
[2023-05-09T04:57:05.683+0000] {ml_response_dag.py:37} INFO - Inserted to db
[2023-05-09T04:57:05.685+0000] {ml_response_dag.py:35} INFO - {'value': '544', 'score': 0.22, 'ocr_score': 0.81, 'bounding_box': [0.22, 0.37, 0.38, 0.52]}
[2023-05-09T04:57:05.685+0000] {ml_response_dag.py:36} INFO - 1
[2023-05-09T04:57:05.686+0000] {ml_response_dag.py:37} INFO - Inserted to db
[2023-05-09T04:57:05.690+0000] {ml_response_dag.py:35} INFO - {}
[2023-05-09T04:57:05.690+0000] {ml_response_dag.py:36} INFO - 1
[2023-05-09T04:57:05.691+0000] {ml_response_dag.py:37} INFO - Inserted to db
[2023-05-09T04:57:05.692+0000] {ml_response_dag.py:35} INFO - {}
[2023-05-09T04:57:05.692+0000] {ml_response_dag.py:36} INFO - 1
[2023-05-09T04:57:05.693+0000] {ml_response_dag.py:37} INFO - Inserted to db
[2023-05-09T04:57:05.701+0000] {ml_response_dag.py:35} INFO - {}
[2023-05-09T04:57:05.705+0000] {ml_response_dag.py:36} INFO - 1
[2023-05-09T04:57:05.707+0000] {ml_response_dag.py:37} INFO - Inserted to db
[2023-05-09T04:57:05.708+0000] {ml_response_dag.py:35} INFO - {}
[2023-05-09T04:57:05.719+0000] {ml_response_dag.py:36} INFO - 1
[2023-05-09T04:57:05.723+0000] {ml_response_dag.py:37} INFO - Inserted to db
[2023-05-09T04:57:05.724+0000] {ml_response_dag.py:35} INFO - {'value': '660', 'score': 0.48, 'ocr_score': 0.32, 'bounding_box': [0.07, 0.82, 0.06, 0.37]}
[2023-05-09T04:57:05.726+0000] {ml_response_dag.py:36} INFO - 1
[2023-05-09T04:57:05.730+0000] {ml_response_dag.py:37} INFO - Inserted to db
[2023-05-09T04:57:05.731+0000] {ml_response_dag.py:35} INFO - {}
[2023-05-09T04:57:05.733+0000] {ml_response_dag.py:36} INFO - 1
[2023-05-09T04:57:05.734+0000] {ml_response_dag.py:37} INFO - Inserted to db
[2023-05-09T04:57:05.736+0000] {ml_response_dag.py:35} INFO - {'value': '801', 'score': 0.92, 'ocr_score': 0.28, 'bounding_box': [0.56, 0.9, 0.37, 0.79]}
[2023-05-09T04:57:05.737+0000] {ml_response_dag.py:36} INFO - 1
[2023-05-09T04:57:05.738+0000] {ml_response_dag.py:37} INFO - Inserted to db
[2023-05-09T04:57:05.739+0000] {ml_response_dag.py:35} INFO - {}
[2023-05-09T04:57:05.740+0000] {ml_response_dag.py:36} INFO - 2
[2023-05-09T04:57:05.740+0000] {ml_response_dag.py:37} INFO - Inserted to db
[2023-05-09T04:57:05.741+0000] {ml_response_dag.py:35} INFO - {}
[2023-05-09T04:57:05.742+0000] {ml_response_dag.py:36} INFO - 2
[2023-05-09T04:57:05.743+0000] {ml_response_dag.py:37} INFO - Inserted to db
[2023-05-09T04:57:05.744+0000] {ml_response_dag.py:35} INFO - {'value': '880', 'score': 0.06, 'ocr_score': 0.1, 'bounding_box': [0.76, 0.47, 0.16, 0.27]}
[2023-05-09T04:57:05.745+0000] {ml_response_dag.py:36} INFO - 2
[2023-05-09T04:57:05.745+0000] {ml_response_dag.py:37} INFO - Inserted to db
[2023-05-09T04:57:05.746+0000] {ml_response_dag.py:35} INFO - {'value': '380', 'score': 0.11, 'ocr_score': 0.36, 'bounding_box': [0.99, 0.15, 0.39, 0.03]}
[2023-05-09T04:57:05.746+0000] {ml_response_dag.py:36} INFO - 2
[2023-05-09T04:57:05.747+0000] {ml_response_dag.py:37} INFO - Inserted to db
[2023-05-09T04:57:05.748+0000] {ml_response_dag.py:35} INFO - {}
[2023-05-09T04:57:05.753+0000] {ml_response_dag.py:36} INFO - 2
[2023-05-09T04:57:05.764+0000] {ml_response_dag.py:37} INFO - Inserted to db
[2023-05-09T04:57:05.766+0000] {ml_response_dag.py:35} INFO - {'value': '770', 'score': 0.37, 'ocr_score': 0.84, 'bounding_box': [0.79, 0.15, 0.82, 0.6]}
[2023-05-09T04:57:05.767+0000] {ml_response_dag.py:36} INFO - 2
[2023-05-09T04:57:05.767+0000] {ml_response_dag.py:37} INFO - Inserted to db
[2023-05-09T04:57:05.768+0000] {ml_response_dag.py:35} INFO - {}
[2023-05-09T04:57:05.769+0000] {ml_response_dag.py:36} INFO - 2
[2023-05-09T04:57:05.769+0000] {ml_response_dag.py:37} INFO - Inserted to db
[2023-05-09T04:57:05.770+0000] {ml_response_dag.py:35} INFO - {}
[2023-05-09T04:57:05.770+0000] {ml_response_dag.py:36} INFO - 2
[2023-05-09T04:57:05.771+0000] {ml_response_dag.py:37} INFO - Inserted to db
[2023-05-09T04:57:05.772+0000] {ml_response_dag.py:35} INFO - {}
[2023-05-09T04:57:05.772+0000] {ml_response_dag.py:36} INFO - 2
[2023-05-09T04:57:05.773+0000] {ml_response_dag.py:37} INFO - Inserted to db
[2023-05-09T04:57:05.775+0000] {ml_response_dag.py:35} INFO - {}
[2023-05-09T04:57:05.778+0000] {ml_response_dag.py:36} INFO - 3
[2023-05-09T04:57:05.779+0000] {ml_response_dag.py:37} INFO - Inserted to db
[2023-05-09T04:57:05.782+0000] {ml_response_dag.py:35} INFO - {}
[2023-05-09T04:57:05.784+0000] {ml_response_dag.py:36} INFO - 4
[2023-05-09T04:57:05.785+0000] {ml_response_dag.py:37} INFO - Inserted to db
[2023-05-09T04:57:05.795+0000] {ml_response_dag.py:35} INFO - {}
[2023-05-09T04:57:05.795+0000] {ml_response_dag.py:36} INFO - 5
[2023-05-09T04:57:05.800+0000] {ml_response_dag.py:37} INFO - Inserted to db
[2023-05-09T04:57:05.804+0000] {ml_response_dag.py:35} INFO - {}
[2023-05-09T04:57:05.805+0000] {ml_response_dag.py:36} INFO - 5
[2023-05-09T04:57:05.806+0000] {ml_response_dag.py:37} INFO - Inserted to db
[2023-05-09T04:57:05.807+0000] {ml_response_dag.py:35} INFO - {'value': '418', 'score': 0.49, 'ocr_score': 0.15, 'bounding_box': [0.88, 0.92, 0.46, 0.3]}
[2023-05-09T04:57:05.810+0000] {ml_response_dag.py:36} INFO - 5
[2023-05-09T04:57:05.811+0000] {ml_response_dag.py:37} INFO - Inserted to db
[2023-05-09T04:57:05.811+0000] {ml_response_dag.py:35} INFO - {}
[2023-05-09T04:57:05.814+0000] {ml_response_dag.py:36} INFO - 5
[2023-05-09T04:57:05.815+0000] {ml_response_dag.py:37} INFO - Inserted to db
[2023-05-09T04:57:05.815+0000] {ml_response_dag.py:35} INFO - {}
[2023-05-09T04:57:05.816+0000] {ml_response_dag.py:36} INFO - 5
[2023-05-09T04:57:05.816+0000] {ml_response_dag.py:37} INFO - Inserted to db
[2023-05-09T04:57:05.817+0000] {ml_response_dag.py:35} INFO - {'value': '78', 'score': 0.03, 'ocr_score': 0.66, 'bounding_box': [0.31, 0.81, 0.43, 0.03]}
[2023-05-09T04:57:05.817+0000] {ml_response_dag.py:36} INFO - 5
[2023-05-09T04:57:05.817+0000] {ml_response_dag.py:37} INFO - Inserted to db
[2023-05-09T04:57:05.818+0000] {ml_response_dag.py:35} INFO - {}
[2023-05-09T04:57:05.818+0000] {ml_response_dag.py:36} INFO - 5
[2023-05-09T04:57:05.819+0000] {ml_response_dag.py:37} INFO - Inserted to db
[2023-05-09T04:57:05.819+0000] {ml_response_dag.py:35} INFO - {'value': '889', 'score': 0.72, 'ocr_score': 0.56, 'bounding_box': [0.38, 0.17, 0.28, 1.0]}
[2023-05-09T04:57:05.821+0000] {ml_response_dag.py:36} INFO - 5
[2023-05-09T04:57:05.822+0000] {ml_response_dag.py:37} INFO - Inserted to db
[2023-05-09T04:57:05.828+0000] {ml_response_dag.py:35} INFO - {'value': '292', 'score': 0.23, 'ocr_score': 0.39, 'bounding_box': [0.45, 0.93, 0.07, 0.2]}
[2023-05-09T04:57:05.829+0000] {ml_response_dag.py:36} INFO - 5
[2023-05-09T04:57:05.829+0000] {ml_response_dag.py:37} INFO - Inserted to db
[2023-05-09T04:57:05.830+0000] {ml_response_dag.py:35} INFO - {}
[2023-05-09T04:57:05.830+0000] {ml_response_dag.py:36} INFO - 6
[2023-05-09T04:57:05.831+0000] {ml_response_dag.py:37} INFO - Inserted to db
[2023-05-09T04:57:05.831+0000] {ml_response_dag.py:35} INFO - {'value': '542', 'score': 0.01, 'ocr_score': 0.03, 'bounding_box': [0.27, 0.53, 0.77, 0.97]}
[2023-05-09T04:57:05.832+0000] {ml_response_dag.py:36} INFO - 7
[2023-05-09T04:57:05.832+0000] {ml_response_dag.py:37} INFO - Inserted to db
[2023-05-09T04:57:05.833+0000] {ml_response_dag.py:35} INFO - {'value': '342', 'score': 0.56, 'ocr_score': 0.14, 'bounding_box': [0.77, 0.91, 0.18, 0.2]}
[2023-05-09T04:57:05.833+0000] {ml_response_dag.py:36} INFO - 7
[2023-05-09T04:57:05.834+0000] {ml_response_dag.py:37} INFO - Inserted to db
[2023-05-09T04:57:05.835+0000] {ml_response_dag.py:35} INFO - {'value': '967', 'score': 0.78, 'ocr_score': 0.39, 'bounding_box': [0.86, 0.38, 0.41, 0.36]}
[2023-05-09T04:57:05.835+0000] {ml_response_dag.py:36} INFO - 7
[2023-05-09T04:57:05.836+0000] {ml_response_dag.py:37} INFO - Inserted to db
[2023-05-09T04:57:05.837+0000] {ml_response_dag.py:35} INFO - {'value': '100', 'score': 0.68, 'ocr_score': 0.75, 'bounding_box': [0.32, 0.6, 0.97, 0.05]}
[2023-05-09T04:57:05.839+0000] {ml_response_dag.py:36} INFO - 7
[2023-05-09T04:57:05.840+0000] {ml_response_dag.py:37} INFO - Inserted to db
[2023-05-09T04:57:05.842+0000] {ml_response_dag.py:35} INFO - {}
[2023-05-09T04:57:05.843+0000] {ml_response_dag.py:36} INFO - 7
[2023-05-09T04:57:05.844+0000] {ml_response_dag.py:37} INFO - Inserted to db
[2023-05-09T04:57:05.846+0000] {ml_response_dag.py:35} INFO - {}
[2023-05-09T04:57:05.848+0000] {ml_response_dag.py:36} INFO - 7
[2023-05-09T04:57:05.849+0000] {ml_response_dag.py:37} INFO - Inserted to db
[2023-05-09T04:57:05.850+0000] {ml_response_dag.py:35} INFO - {'value': '858', 'score': 0.94, 'ocr_score': 0.64, 'bounding_box': [0.22, 0.37, 0.17, 0.07]}
[2023-05-09T04:57:05.851+0000] {ml_response_dag.py:36} INFO - 7
[2023-05-09T04:57:05.851+0000] {ml_response_dag.py:37} INFO - Inserted to db
[2023-05-09T04:57:05.865+0000] {ml_response_dag.py:35} INFO - {}
[2023-05-09T04:57:05.885+0000] {ml_response_dag.py:36} INFO - 7
[2023-05-09T04:57:05.890+0000] {ml_response_dag.py:37} INFO - Inserted to db
[2023-05-09T04:57:05.891+0000] {ml_response_dag.py:35} INFO - {'value': '633', 'score': 0.77, 'ocr_score': 0.17, 'bounding_box': [0.44, 0.56, 0.26, 0.15]}
[2023-05-09T04:57:05.892+0000] {ml_response_dag.py:36} INFO - 7
[2023-05-09T04:57:05.894+0000] {ml_response_dag.py:37} INFO - Inserted to db
[2023-05-09T04:57:05.895+0000] {ml_response_dag.py:35} INFO - {'value': '609', 'score': 0.47, 'ocr_score': 0.56, 'bounding_box': [0.3, 0.87, 0.78, 0.92]}
[2023-05-09T04:57:05.899+0000] {ml_response_dag.py:36} INFO - 8
[2023-05-09T04:57:05.899+0000] {ml_response_dag.py:37} INFO - Inserted to db
[2023-05-09T04:57:05.900+0000] {ml_response_dag.py:35} INFO - {'value': '331', 'score': 0.49, 'ocr_score': 0.99, 'bounding_box': [0.55, 0.36, 0.08, 0.43]}
[2023-05-09T04:57:05.901+0000] {ml_response_dag.py:36} INFO - 8
[2023-05-09T04:57:05.901+0000] {ml_response_dag.py:37} INFO - Inserted to db
[2023-05-09T04:57:05.902+0000] {ml_response_dag.py:35} INFO - {'value': '142', 'score': 0.0, 'ocr_score': 0.58, 'bounding_box': [0.17, 0.36, 0.83, 0.62]}
[2023-05-09T04:57:05.903+0000] {ml_response_dag.py:36} INFO - 8
[2023-05-09T04:57:05.906+0000] {ml_response_dag.py:37} INFO - Inserted to db
[2023-05-09T04:57:05.907+0000] {ml_response_dag.py:35} INFO - {}
[2023-05-09T04:57:05.909+0000] {ml_response_dag.py:36} INFO - 8
[2023-05-09T04:57:05.910+0000] {ml_response_dag.py:37} INFO - Inserted to db
[2023-05-09T04:57:05.911+0000] {ml_response_dag.py:35} INFO - {}
[2023-05-09T04:57:05.912+0000] {ml_response_dag.py:36} INFO - 8
[2023-05-09T04:57:05.913+0000] {ml_response_dag.py:37} INFO - Inserted to db
[2023-05-09T04:57:05.914+0000] {ml_response_dag.py:35} INFO - {}
[2023-05-09T04:57:05.915+0000] {ml_response_dag.py:36} INFO - 8
[2023-05-09T04:57:05.918+0000] {ml_response_dag.py:37} INFO - Inserted to db
[2023-05-09T04:57:05.921+0000] {ml_response_dag.py:35} INFO - {'value': '826', 'score': 0.74, 'ocr_score': 0.69, 'bounding_box': [0.98, 0.11, 0.14, 0.96]}
[2023-05-09T04:57:05.924+0000] {ml_response_dag.py:36} INFO - 8
[2023-05-09T04:57:05.924+0000] {ml_response_dag.py:37} INFO - Inserted to db
[2023-05-09T04:57:05.925+0000] {ml_response_dag.py:35} INFO - {}
[2023-05-09T04:57:05.926+0000] {ml_response_dag.py:36} INFO - 8
[2023-05-09T04:57:05.927+0000] {ml_response_dag.py:37} INFO - Inserted to db
[2023-05-09T04:57:05.929+0000] {ml_response_dag.py:35} INFO - {'value': '299', 'score': 0.85, 'ocr_score': 0.04, 'bounding_box': [0.14, 0.46, 0.06, 0.65]}
[2023-05-09T04:57:05.930+0000] {ml_response_dag.py:36} INFO - 8
[2023-05-09T04:57:05.932+0000] {ml_response_dag.py:37} INFO - Inserted to db
[2023-05-09T04:57:05.934+0000] {ml_response_dag.py:35} INFO - {'value': '362', 'score': 0.62, 'ocr_score': 0.51, 'bounding_box': [0.42, 0.48, 0.21, 0.45]}
[2023-05-09T04:57:05.935+0000] {ml_response_dag.py:36} INFO - 9
[2023-05-09T04:57:05.936+0000] {ml_response_dag.py:37} INFO - Inserted to db
[2023-05-09T04:57:05.936+0000] {ml_response_dag.py:35} INFO - {'value': '288', 'score': 0.77, 'ocr_score': 0.23, 'bounding_box': [0.16, 0.03, 0.68, 0.81]}
[2023-05-09T04:57:05.937+0000] {ml_response_dag.py:36} INFO - 9
[2023-05-09T04:57:05.937+0000] {ml_response_dag.py:37} INFO - Inserted to db
[2023-05-09T04:57:05.938+0000] {ml_response_dag.py:35} INFO - {'value': '803', 'score': 0.03, 'ocr_score': 0.42, 'bounding_box': [0.05, 0.5, 0.56, 0.95]}
[2023-05-09T04:57:05.938+0000] {ml_response_dag.py:36} INFO - 9
[2023-05-09T04:57:05.939+0000] {ml_response_dag.py:37} INFO - Inserted to db
[2023-05-09T04:57:05.939+0000] {ml_response_dag.py:35} INFO - {'value': '750', 'score': 0.85, 'ocr_score': 0.27, 'bounding_box': [0.71, 0.07, 0.54, 0.9]}
[2023-05-09T04:57:05.942+0000] {ml_response_dag.py:36} INFO - 9
[2023-05-09T04:57:05.942+0000] {ml_response_dag.py:37} INFO - Inserted to db
[2023-05-09T04:57:05.942+0000] {ml_response_dag.py:35} INFO - {'value': '148', 'score': 0.41, 'ocr_score': 0.97, 'bounding_box': [0.44, 0.51, 0.69, 0.67]}
[2023-05-09T04:57:05.943+0000] {ml_response_dag.py:36} INFO - 9
[2023-05-09T04:57:05.943+0000] {ml_response_dag.py:37} INFO - Inserted to db
[2023-05-09T04:57:05.944+0000] {ml_response_dag.py:35} INFO - {'value': '161', 'score': 0.49, 'ocr_score': 0.58, 'bounding_box': [0.51, 0.51, 0.55, 0.06]}
[2023-05-09T04:57:05.944+0000] {ml_response_dag.py:36} INFO - 9
[2023-05-09T04:57:05.944+0000] {ml_response_dag.py:37} INFO - Inserted to db
[2023-05-09T04:57:05.945+0000] {ml_response_dag.py:35} INFO - {}
[2023-05-09T04:57:05.945+0000] {ml_response_dag.py:36} INFO - 9
[2023-05-09T04:57:05.946+0000] {ml_response_dag.py:37} INFO - Inserted to db
[2023-05-09T04:57:05.946+0000] {ml_response_dag.py:35} INFO - {}
[2023-05-09T04:57:05.947+0000] {ml_response_dag.py:36} INFO - 9
[2023-05-09T04:57:05.947+0000] {ml_response_dag.py:37} INFO - Inserted to db
[2023-05-09T04:57:05.948+0000] {ml_response_dag.py:35} INFO - {}
[2023-05-09T04:57:05.948+0000] {ml_response_dag.py:36} INFO - 9
[2023-05-09T04:57:05.949+0000] {ml_response_dag.py:37} INFO - Inserted to db
[2023-05-09T04:57:05.950+0000] {ml_response_dag.py:35} INFO - {'value': '842', 'score': 0.47, 'ocr_score': 0.75, 'bounding_box': [0.16, 0.91, 0.32, 0.53]}
[2023-05-09T04:57:05.951+0000] {ml_response_dag.py:36} INFO - 10
[2023-05-09T04:57:05.952+0000] {ml_response_dag.py:37} INFO - Inserted to db
[2023-05-09T04:57:05.953+0000] {ml_response_dag.py:35} INFO - {}
[2023-05-09T04:57:05.953+0000] {ml_response_dag.py:36} INFO - 10
[2023-05-09T04:57:05.954+0000] {ml_response_dag.py:37} INFO - Inserted to db
[2023-05-09T04:57:05.957+0000] {ml_response_dag.py:35} INFO - {}
[2023-05-09T04:57:05.958+0000] {ml_response_dag.py:36} INFO - 10
[2023-05-09T04:57:05.967+0000] {ml_response_dag.py:37} INFO - Inserted to db
[2023-05-09T04:57:05.970+0000] {ml_response_dag.py:35} INFO - {'value': '458', 'score': 0.81, 'ocr_score': 0.31, 'bounding_box': [0.69, 0.54, 0.48, 0.39]}
[2023-05-09T04:57:05.971+0000] {ml_response_dag.py:36} INFO - 10
[2023-05-09T04:57:05.972+0000] {ml_response_dag.py:37} INFO - Inserted to db
[2023-05-09T04:57:05.973+0000] {ml_response_dag.py:35} INFO - {'value': '776', 'score': 0.77, 'ocr_score': 0.34, 'bounding_box': [0.76, 0.85, 0.56, 0.82]}
[2023-05-09T04:57:05.974+0000] {ml_response_dag.py:36} INFO - 10
[2023-05-09T04:57:05.976+0000] {ml_response_dag.py:37} INFO - Inserted to db
[2023-05-09T04:57:05.982+0000] {ml_response_dag.py:35} INFO - {}
[2023-05-09T04:57:05.983+0000] {ml_response_dag.py:36} INFO - 10
[2023-05-09T04:57:05.984+0000] {ml_response_dag.py:37} INFO - Inserted to db
[2023-05-09T04:57:05.987+0000] {ml_response_dag.py:35} INFO - {'value': '51', 'score': 0.76, 'ocr_score': 0.29, 'bounding_box': [0.79, 0.88, 0.43, 0.21]}
[2023-05-09T04:57:05.995+0000] {ml_response_dag.py:36} INFO - 10
[2023-05-09T04:57:05.998+0000] {ml_response_dag.py:37} INFO - Inserted to db
[2023-05-09T04:57:06.017+0000] {ml_response_dag.py:35} INFO - {'value': '843', 'score': 0.05, 'ocr_score': 0.96, 'bounding_box': [0.84, 0.04, 0.6, 0.52]}
[2023-05-09T04:57:06.027+0000] {ml_response_dag.py:36} INFO - 10
[2023-05-09T04:57:06.038+0000] {ml_response_dag.py:37} INFO - Inserted to db
[2023-05-09T04:57:06.042+0000] {ml_response_dag.py:35} INFO - {'value': '517', 'score': 0.75, 'ocr_score': 0.74, 'bounding_box': [0.65, 0.92, 0.1, 0.59]}
[2023-05-09T04:57:06.045+0000] {ml_response_dag.py:36} INFO - 10
[2023-05-09T04:57:06.056+0000] {ml_response_dag.py:37} INFO - Inserted to db
[2023-05-09T04:57:06.059+0000] {ml_response_dag.py:35} INFO - {}
[2023-05-09T04:57:06.060+0000] {ml_response_dag.py:36} INFO - 11
[2023-05-09T04:57:06.063+0000] {ml_response_dag.py:37} INFO - Inserted to db
[2023-05-09T04:57:06.066+0000] {ml_response_dag.py:35} INFO - {}
[2023-05-09T04:57:06.069+0000] {ml_response_dag.py:36} INFO - 11
[2023-05-09T04:57:06.070+0000] {ml_response_dag.py:37} INFO - Inserted to db
[2023-05-09T04:57:06.071+0000] {ml_response_dag.py:35} INFO - {'value': '288', 'score': 0.6, 'ocr_score': 0.29, 'bounding_box': [0.96, 0.39, 0.81, 0.96]}
[2023-05-09T04:57:06.073+0000] {ml_response_dag.py:36} INFO - 11
[2023-05-09T04:57:06.074+0000] {ml_response_dag.py:37} INFO - Inserted to db
[2023-05-09T04:57:06.077+0000] {ml_response_dag.py:35} INFO - {'value': '878', 'score': 0.44, 'ocr_score': 0.56, 'bounding_box': [0.46, 0.03, 0.06, 0.3]}
[2023-05-09T04:57:06.078+0000] {ml_response_dag.py:36} INFO - 11
[2023-05-09T04:57:06.079+0000] {ml_response_dag.py:37} INFO - Inserted to db
[2023-05-09T04:57:06.079+0000] {ml_response_dag.py:35} INFO - {}
[2023-05-09T04:57:06.080+0000] {ml_response_dag.py:36} INFO - 11
[2023-05-09T04:57:06.080+0000] {ml_response_dag.py:37} INFO - Inserted to db
[2023-05-09T04:57:06.081+0000] {ml_response_dag.py:35} INFO - {}
[2023-05-09T04:57:06.081+0000] {ml_response_dag.py:36} INFO - 11
[2023-05-09T04:57:06.082+0000] {ml_response_dag.py:37} INFO - Inserted to db
[2023-05-09T04:57:06.082+0000] {ml_response_dag.py:35} INFO - {}
[2023-05-09T04:57:06.082+0000] {ml_response_dag.py:36} INFO - 11
[2023-05-09T04:57:06.085+0000] {ml_response_dag.py:37} INFO - Inserted to db
[2023-05-09T04:57:06.085+0000] {ml_response_dag.py:35} INFO - {'value': '650', 'score': 0.79, 'ocr_score': 0.64, 'bounding_box': [0.13, 0.78, 0.29, 0.37]}
[2023-05-09T04:57:06.086+0000] {ml_response_dag.py:36} INFO - 11
[2023-05-09T04:57:06.086+0000] {ml_response_dag.py:37} INFO - Inserted to db
[2023-05-09T04:57:06.087+0000] {ml_response_dag.py:35} INFO - {}
[2023-05-09T04:57:06.087+0000] {ml_response_dag.py:36} INFO - 11
[2023-05-09T04:57:06.088+0000] {ml_response_dag.py:37} INFO - Inserted to db
[2023-05-09T04:57:06.094+0000] {ml_response_dag.py:35} INFO - {'value': '643', 'score': 0.23, 'ocr_score': 0.72, 'bounding_box': [0.01, 0.39, 0.58, 0.53]}
[2023-05-09T04:57:06.096+0000] {ml_response_dag.py:36} INFO - 12
[2023-05-09T04:57:06.096+0000] {ml_response_dag.py:37} INFO - Inserted to db
[2023-05-09T04:57:06.097+0000] {ml_response_dag.py:35} INFO - {}
[2023-05-09T04:57:06.098+0000] {ml_response_dag.py:36} INFO - 13
[2023-05-09T04:57:06.099+0000] {ml_response_dag.py:37} INFO - Inserted to db
[2023-05-09T04:57:06.100+0000] {ml_response_dag.py:35} INFO - {}
[2023-05-09T04:57:06.111+0000] {ml_response_dag.py:36} INFO - 14
[2023-05-09T04:57:06.123+0000] {ml_response_dag.py:37} INFO - Inserted to db
[2023-05-09T04:57:06.135+0000] {ml_response_dag.py:35} INFO - {'value': '141', 'score': 0.27, 'ocr_score': 0.93, 'bounding_box': [0.24, 0.73, 0.11, 0.89]}
[2023-05-09T04:57:06.137+0000] {ml_response_dag.py:36} INFO - 15
[2023-05-09T04:57:06.138+0000] {ml_response_dag.py:37} INFO - Inserted to db
[2023-05-09T04:57:06.146+0000] {ml_response_dag.py:35} INFO - {'value': '59', 'score': 0.45, 'ocr_score': 0.57, 'bounding_box': [0.45, 0.64, 0.68, 0.17]}
[2023-05-09T04:57:06.147+0000] {ml_response_dag.py:36} INFO - 15
[2023-05-09T04:57:06.148+0000] {ml_response_dag.py:37} INFO - Inserted to db
[2023-05-09T04:57:06.149+0000] {ml_response_dag.py:35} INFO - {'value': '333', 'score': 0.34, 'ocr_score': 0.85, 'bounding_box': [0.81, 0.57, 0.99, 0.77]}
[2023-05-09T04:57:06.150+0000] {ml_response_dag.py:36} INFO - 15
[2023-05-09T04:57:06.150+0000] {ml_response_dag.py:37} INFO - Inserted to db
[2023-05-09T04:57:06.151+0000] {ml_response_dag.py:35} INFO - {'value': '257', 'score': 0.11, 'ocr_score': 0.43, 'bounding_box': [0.37, 0.55, 0.53, 0.66]}
[2023-05-09T04:57:06.151+0000] {ml_response_dag.py:36} INFO - 15
[2023-05-09T04:57:06.151+0000] {ml_response_dag.py:37} INFO - Inserted to db
[2023-05-09T04:57:06.152+0000] {ml_response_dag.py:35} INFO - {'value': '190', 'score': 0.21, 'ocr_score': 0.83, 'bounding_box': [0.88, 0.83, 0.57, 0.11]}
[2023-05-09T04:57:06.152+0000] {ml_response_dag.py:36} INFO - 15
[2023-05-09T04:57:06.153+0000] {ml_response_dag.py:37} INFO - Inserted to db
[2023-05-09T04:57:06.153+0000] {ml_response_dag.py:35} INFO - {}
[2023-05-09T04:57:06.154+0000] {ml_response_dag.py:36} INFO - 15
[2023-05-09T04:57:06.154+0000] {ml_response_dag.py:37} INFO - Inserted to db
[2023-05-09T04:57:06.155+0000] {ml_response_dag.py:35} INFO - {}
[2023-05-09T04:57:06.159+0000] {ml_response_dag.py:36} INFO - 15
[2023-05-09T04:57:06.160+0000] {ml_response_dag.py:37} INFO - Inserted to db
[2023-05-09T04:57:06.161+0000] {ml_response_dag.py:35} INFO - {}
[2023-05-09T04:57:06.162+0000] {ml_response_dag.py:36} INFO - 15
[2023-05-09T04:57:06.162+0000] {ml_response_dag.py:37} INFO - Inserted to db
[2023-05-09T04:57:06.163+0000] {ml_response_dag.py:35} INFO - {'value': '475', 'score': 0.57, 'ocr_score': 0.49, 'bounding_box': [0.4, 0.3, 0.99, 0.32]}
[2023-05-09T04:57:06.164+0000] {ml_response_dag.py:36} INFO - 15
[2023-05-09T04:57:06.164+0000] {ml_response_dag.py:37} INFO - Inserted to db
[2023-05-09T04:57:06.166+0000] {ml_response_dag.py:35} INFO - {'value': '745', 'score': 0.84, 'ocr_score': 0.82, 'bounding_box': [0.84, 0.57, 0.94, 0.44]}
[2023-05-09T04:57:06.166+0000] {ml_response_dag.py:36} INFO - 16
[2023-05-09T04:57:06.167+0000] {ml_response_dag.py:37} INFO - Inserted to db
[2023-05-09T04:57:06.178+0000] {python.py:183} INFO - Done. Returned value was: None
[2023-05-09T04:57:06.285+0000] {taskinstance.py:1373} INFO - Marking task as SUCCESS. dag_id=veryfi_extract_total, task_id=extract_and_load, execution_date=20230508T040000, start_date=20230509T045704, end_date=20230509T045706
[2023-05-09T04:57:06.440+0000] {local_task_job_runner.py:232} INFO - Task exited with return code 0
[2023-05-09T04:57:06.625+0000] {taskinstance.py:2674} INFO - 0 downstream tasks scheduled from follow-on schedule check
