[2023-05-09T04:46:06.310+0000] {taskinstance.py:1125} INFO - Dependencies all met for dep_context=non-requeueable deps ti=<TaskInstance: veryfi_extract_total.extract_and_load scheduled__2023-05-08T00:40:00+00:00 [queued]>
[2023-05-09T04:46:06.394+0000] {taskinstance.py:1125} INFO - Dependencies all met for dep_context=requeueable deps ti=<TaskInstance: veryfi_extract_total.extract_and_load scheduled__2023-05-08T00:40:00+00:00 [queued]>
[2023-05-09T04:46:06.397+0000] {taskinstance.py:1331} INFO - Starting attempt 1 of 2
[2023-05-09T04:46:06.568+0000] {taskinstance.py:1350} INFO - Executing <Task(PythonOperator): extract_and_load> on 2023-05-08 00:40:00+00:00
[2023-05-09T04:46:06.596+0000] {standard_task_runner.py:57} INFO - Started process 1000 to run task
[2023-05-09T04:46:06.609+0000] {standard_task_runner.py:84} INFO - Running: ['***', 'tasks', 'run', 'veryfi_extract_total', 'extract_and_load', 'scheduled__2023-05-08T00:40:00+00:00', '--job-id', '215', '--raw', '--subdir', 'DAGS_FOLDER/ml_response_dag.py', '--cfg-path', '/tmp/tmp7fkxhd7h']
[2023-05-09T04:46:06.610+0000] {standard_task_runner.py:85} INFO - Job 215: Subtask extract_and_load
[2023-05-09T04:46:06.843+0000] {task_command.py:410} INFO - Running <TaskInstance: veryfi_extract_total.extract_and_load scheduled__2023-05-08T00:40:00+00:00 [running]> on host aa4b7d3de44b
[2023-05-09T04:46:07.166+0000] {taskinstance.py:1570} INFO - Exporting env vars: AIRFLOW_CTX_DAG_OWNER='***' AIRFLOW_CTX_DAG_ID='veryfi_extract_total' AIRFLOW_CTX_TASK_ID='extract_and_load' AIRFLOW_CTX_EXECUTION_DATE='2023-05-08T00:40:00+00:00' AIRFLOW_CTX_TRY_NUMBER='1' AIRFLOW_CTX_DAG_RUN_ID='scheduled__2023-05-08T00:40:00+00:00'
[2023-05-09T04:46:07.199+0000] {ml_response_dag.py:36} INFO - {}
[2023-05-09T04:46:07.201+0000] {ml_response_dag.py:37} INFO - 1
[2023-05-09T04:46:07.202+0000] {ml_response_dag.py:36} INFO - {'value': '544', 'score': 0.22, 'ocr_score': 0.81, 'bounding_box': [0.22, 0.37, 0.38, 0.52]}
[2023-05-09T04:46:07.203+0000] {ml_response_dag.py:37} INFO - 1
[2023-05-09T04:46:07.204+0000] {ml_response_dag.py:36} INFO - {}
[2023-05-09T04:46:07.205+0000] {ml_response_dag.py:37} INFO - 1
[2023-05-09T04:46:07.206+0000] {ml_response_dag.py:36} INFO - {}
[2023-05-09T04:46:07.207+0000] {ml_response_dag.py:37} INFO - 1
[2023-05-09T04:46:07.207+0000] {ml_response_dag.py:36} INFO - {}
[2023-05-09T04:46:07.209+0000] {ml_response_dag.py:37} INFO - 1
[2023-05-09T04:46:07.210+0000] {ml_response_dag.py:36} INFO - {}
[2023-05-09T04:46:07.211+0000] {ml_response_dag.py:37} INFO - 1
[2023-05-09T04:46:07.211+0000] {ml_response_dag.py:36} INFO - {'value': '660', 'score': 0.48, 'ocr_score': 0.32, 'bounding_box': [0.07, 0.82, 0.06, 0.37]}
[2023-05-09T04:46:07.212+0000] {ml_response_dag.py:37} INFO - 1
[2023-05-09T04:46:07.213+0000] {ml_response_dag.py:36} INFO - {}
[2023-05-09T04:46:07.216+0000] {ml_response_dag.py:37} INFO - 1
[2023-05-09T04:46:07.221+0000] {ml_response_dag.py:36} INFO - {'value': '801', 'score': 0.92, 'ocr_score': 0.28, 'bounding_box': [0.56, 0.9, 0.37, 0.79]}
[2023-05-09T04:46:07.222+0000] {ml_response_dag.py:37} INFO - 1
[2023-05-09T04:46:07.222+0000] {ml_response_dag.py:36} INFO - {}
[2023-05-09T04:46:07.223+0000] {ml_response_dag.py:37} INFO - 2
[2023-05-09T04:46:07.223+0000] {ml_response_dag.py:36} INFO - {}
[2023-05-09T04:46:07.224+0000] {ml_response_dag.py:37} INFO - 2
[2023-05-09T04:46:07.224+0000] {ml_response_dag.py:36} INFO - {'value': '880', 'score': 0.06, 'ocr_score': 0.1, 'bounding_box': [0.76, 0.47, 0.16, 0.27]}
[2023-05-09T04:46:07.225+0000] {ml_response_dag.py:37} INFO - 2
[2023-05-09T04:46:07.226+0000] {ml_response_dag.py:36} INFO - {'value': '380', 'score': 0.11, 'ocr_score': 0.36, 'bounding_box': [0.99, 0.15, 0.39, 0.03]}
[2023-05-09T04:46:07.227+0000] {ml_response_dag.py:37} INFO - 2
[2023-05-09T04:46:07.228+0000] {ml_response_dag.py:36} INFO - {}
[2023-05-09T04:46:07.228+0000] {ml_response_dag.py:37} INFO - 2
[2023-05-09T04:46:07.228+0000] {ml_response_dag.py:36} INFO - {'value': '770', 'score': 0.37, 'ocr_score': 0.84, 'bounding_box': [0.79, 0.15, 0.82, 0.6]}
[2023-05-09T04:46:07.229+0000] {ml_response_dag.py:37} INFO - 2
[2023-05-09T04:46:07.230+0000] {ml_response_dag.py:36} INFO - {}
[2023-05-09T04:46:07.230+0000] {ml_response_dag.py:37} INFO - 2
[2023-05-09T04:46:07.231+0000] {ml_response_dag.py:36} INFO - {}
[2023-05-09T04:46:07.231+0000] {ml_response_dag.py:37} INFO - 2
[2023-05-09T04:46:07.231+0000] {ml_response_dag.py:36} INFO - {}
[2023-05-09T04:46:07.232+0000] {ml_response_dag.py:37} INFO - 2
[2023-05-09T04:46:07.233+0000] {ml_response_dag.py:36} INFO - {}
[2023-05-09T04:46:07.233+0000] {ml_response_dag.py:37} INFO - 3
[2023-05-09T04:46:07.235+0000] {ml_response_dag.py:36} INFO - {}
[2023-05-09T04:46:07.236+0000] {ml_response_dag.py:37} INFO - 4
[2023-05-09T04:46:07.236+0000] {ml_response_dag.py:36} INFO - {}
[2023-05-09T04:46:07.239+0000] {ml_response_dag.py:37} INFO - 5
[2023-05-09T04:46:07.240+0000] {ml_response_dag.py:36} INFO - {}
[2023-05-09T04:46:07.240+0000] {ml_response_dag.py:37} INFO - 5
[2023-05-09T04:46:07.241+0000] {ml_response_dag.py:36} INFO - {'value': '418', 'score': 0.49, 'ocr_score': 0.15, 'bounding_box': [0.88, 0.92, 0.46, 0.3]}
[2023-05-09T04:46:07.241+0000] {ml_response_dag.py:37} INFO - 5
[2023-05-09T04:46:07.242+0000] {ml_response_dag.py:36} INFO - {}
[2023-05-09T04:46:07.242+0000] {ml_response_dag.py:37} INFO - 5
[2023-05-09T04:46:07.243+0000] {ml_response_dag.py:36} INFO - {}
[2023-05-09T04:46:07.244+0000] {ml_response_dag.py:37} INFO - 5
[2023-05-09T04:46:07.246+0000] {ml_response_dag.py:36} INFO - {'value': '78', 'score': 0.03, 'ocr_score': 0.66, 'bounding_box': [0.31, 0.81, 0.43, 0.03]}
[2023-05-09T04:46:07.247+0000] {ml_response_dag.py:37} INFO - 5
[2023-05-09T04:46:07.247+0000] {ml_response_dag.py:36} INFO - {}
[2023-05-09T04:46:07.249+0000] {ml_response_dag.py:37} INFO - 5
[2023-05-09T04:46:07.251+0000] {ml_response_dag.py:36} INFO - {'value': '889', 'score': 0.72, 'ocr_score': 0.56, 'bounding_box': [0.38, 0.17, 0.28, 1.0]}
[2023-05-09T04:46:07.251+0000] {ml_response_dag.py:37} INFO - 5
[2023-05-09T04:46:07.253+0000] {ml_response_dag.py:36} INFO - {'value': '292', 'score': 0.23, 'ocr_score': 0.39, 'bounding_box': [0.45, 0.93, 0.07, 0.2]}
[2023-05-09T04:46:07.255+0000] {ml_response_dag.py:37} INFO - 5
[2023-05-09T04:46:07.256+0000] {ml_response_dag.py:36} INFO - {}
[2023-05-09T04:46:07.256+0000] {ml_response_dag.py:37} INFO - 6
[2023-05-09T04:46:07.257+0000] {ml_response_dag.py:36} INFO - {'value': '542', 'score': 0.01, 'ocr_score': 0.03, 'bounding_box': [0.27, 0.53, 0.77, 0.97]}
[2023-05-09T04:46:07.257+0000] {ml_response_dag.py:37} INFO - 7
[2023-05-09T04:46:07.258+0000] {ml_response_dag.py:36} INFO - {'value': '342', 'score': 0.56, 'ocr_score': 0.14, 'bounding_box': [0.77, 0.91, 0.18, 0.2]}
[2023-05-09T04:46:07.258+0000] {ml_response_dag.py:37} INFO - 7
[2023-05-09T04:46:07.259+0000] {ml_response_dag.py:36} INFO - {'value': '967', 'score': 0.78, 'ocr_score': 0.39, 'bounding_box': [0.86, 0.38, 0.41, 0.36]}
[2023-05-09T04:46:07.260+0000] {ml_response_dag.py:37} INFO - 7
[2023-05-09T04:46:07.260+0000] {ml_response_dag.py:36} INFO - {'value': '100', 'score': 0.68, 'ocr_score': 0.75, 'bounding_box': [0.32, 0.6, 0.97, 0.05]}
[2023-05-09T04:46:07.261+0000] {ml_response_dag.py:37} INFO - 7
[2023-05-09T04:46:07.261+0000] {ml_response_dag.py:36} INFO - {}
[2023-05-09T04:46:07.262+0000] {ml_response_dag.py:37} INFO - 7
[2023-05-09T04:46:07.262+0000] {ml_response_dag.py:36} INFO - {}
[2023-05-09T04:46:07.263+0000] {ml_response_dag.py:37} INFO - 7
[2023-05-09T04:46:07.264+0000] {ml_response_dag.py:36} INFO - {'value': '858', 'score': 0.94, 'ocr_score': 0.64, 'bounding_box': [0.22, 0.37, 0.17, 0.07]}
[2023-05-09T04:46:07.265+0000] {ml_response_dag.py:37} INFO - 7
[2023-05-09T04:46:07.266+0000] {ml_response_dag.py:36} INFO - {}
[2023-05-09T04:46:07.266+0000] {ml_response_dag.py:37} INFO - 7
[2023-05-09T04:46:07.267+0000] {ml_response_dag.py:36} INFO - {'value': '633', 'score': 0.77, 'ocr_score': 0.17, 'bounding_box': [0.44, 0.56, 0.26, 0.15]}
[2023-05-09T04:46:07.267+0000] {ml_response_dag.py:37} INFO - 7
[2023-05-09T04:46:07.267+0000] {ml_response_dag.py:36} INFO - {'value': '609', 'score': 0.47, 'ocr_score': 0.56, 'bounding_box': [0.3, 0.87, 0.78, 0.92]}
[2023-05-09T04:46:07.269+0000] {ml_response_dag.py:37} INFO - 8
[2023-05-09T04:46:07.270+0000] {ml_response_dag.py:36} INFO - {'value': '331', 'score': 0.49, 'ocr_score': 0.99, 'bounding_box': [0.55, 0.36, 0.08, 0.43]}
[2023-05-09T04:46:07.271+0000] {ml_response_dag.py:37} INFO - 8
[2023-05-09T04:46:07.271+0000] {ml_response_dag.py:36} INFO - {'value': '142', 'score': 0.0, 'ocr_score': 0.58, 'bounding_box': [0.17, 0.36, 0.83, 0.62]}
[2023-05-09T04:46:07.272+0000] {ml_response_dag.py:37} INFO - 8
[2023-05-09T04:46:07.272+0000] {ml_response_dag.py:36} INFO - {}
[2023-05-09T04:46:07.273+0000] {ml_response_dag.py:37} INFO - 8
[2023-05-09T04:46:07.273+0000] {ml_response_dag.py:36} INFO - {}
[2023-05-09T04:46:07.274+0000] {ml_response_dag.py:37} INFO - 8
[2023-05-09T04:46:07.276+0000] {ml_response_dag.py:36} INFO - {}
[2023-05-09T04:46:07.280+0000] {ml_response_dag.py:37} INFO - 8
[2023-05-09T04:46:07.281+0000] {ml_response_dag.py:36} INFO - {'value': '826', 'score': 0.74, 'ocr_score': 0.69, 'bounding_box': [0.98, 0.11, 0.14, 0.96]}
[2023-05-09T04:46:07.287+0000] {ml_response_dag.py:37} INFO - 8
[2023-05-09T04:46:07.294+0000] {ml_response_dag.py:36} INFO - {}
[2023-05-09T04:46:07.295+0000] {ml_response_dag.py:37} INFO - 8
[2023-05-09T04:46:07.296+0000] {ml_response_dag.py:36} INFO - {'value': '299', 'score': 0.85, 'ocr_score': 0.04, 'bounding_box': [0.14, 0.46, 0.06, 0.65]}
[2023-05-09T04:46:07.300+0000] {ml_response_dag.py:37} INFO - 8
[2023-05-09T04:46:07.312+0000] {ml_response_dag.py:36} INFO - {'value': '362', 'score': 0.62, 'ocr_score': 0.51, 'bounding_box': [0.42, 0.48, 0.21, 0.45]}
[2023-05-09T04:46:07.313+0000] {ml_response_dag.py:37} INFO - 9
[2023-05-09T04:46:07.314+0000] {ml_response_dag.py:36} INFO - {'value': '288', 'score': 0.77, 'ocr_score': 0.23, 'bounding_box': [0.16, 0.03, 0.68, 0.81]}
[2023-05-09T04:46:07.315+0000] {ml_response_dag.py:37} INFO - 9
[2023-05-09T04:46:07.315+0000] {ml_response_dag.py:36} INFO - {'value': '803', 'score': 0.03, 'ocr_score': 0.42, 'bounding_box': [0.05, 0.5, 0.56, 0.95]}
[2023-05-09T04:46:07.316+0000] {ml_response_dag.py:37} INFO - 9
[2023-05-09T04:46:07.317+0000] {ml_response_dag.py:36} INFO - {'value': '750', 'score': 0.85, 'ocr_score': 0.27, 'bounding_box': [0.71, 0.07, 0.54, 0.9]}
[2023-05-09T04:46:07.318+0000] {ml_response_dag.py:37} INFO - 9
[2023-05-09T04:46:07.318+0000] {ml_response_dag.py:36} INFO - {'value': '148', 'score': 0.41, 'ocr_score': 0.97, 'bounding_box': [0.44, 0.51, 0.69, 0.67]}
[2023-05-09T04:46:07.319+0000] {ml_response_dag.py:37} INFO - 9
[2023-05-09T04:46:07.321+0000] {ml_response_dag.py:36} INFO - {'value': '161', 'score': 0.49, 'ocr_score': 0.58, 'bounding_box': [0.51, 0.51, 0.55, 0.06]}
[2023-05-09T04:46:07.322+0000] {ml_response_dag.py:37} INFO - 9
[2023-05-09T04:46:07.323+0000] {ml_response_dag.py:36} INFO - {}
[2023-05-09T04:46:07.324+0000] {ml_response_dag.py:37} INFO - 9
[2023-05-09T04:46:07.326+0000] {ml_response_dag.py:36} INFO - {}
[2023-05-09T04:46:07.327+0000] {ml_response_dag.py:37} INFO - 9
[2023-05-09T04:46:07.327+0000] {ml_response_dag.py:36} INFO - {}
[2023-05-09T04:46:07.327+0000] {ml_response_dag.py:37} INFO - 9
[2023-05-09T04:46:07.328+0000] {ml_response_dag.py:36} INFO - {'value': '842', 'score': 0.47, 'ocr_score': 0.75, 'bounding_box': [0.16, 0.91, 0.32, 0.53]}
[2023-05-09T04:46:07.329+0000] {ml_response_dag.py:37} INFO - 10
[2023-05-09T04:46:07.329+0000] {ml_response_dag.py:36} INFO - {}
[2023-05-09T04:46:07.329+0000] {ml_response_dag.py:37} INFO - 10
[2023-05-09T04:46:07.330+0000] {ml_response_dag.py:36} INFO - {}
[2023-05-09T04:46:07.330+0000] {ml_response_dag.py:37} INFO - 10
[2023-05-09T04:46:07.331+0000] {ml_response_dag.py:36} INFO - {'value': '458', 'score': 0.81, 'ocr_score': 0.31, 'bounding_box': [0.69, 0.54, 0.48, 0.39]}
[2023-05-09T04:46:07.331+0000] {ml_response_dag.py:37} INFO - 10
[2023-05-09T04:46:07.332+0000] {ml_response_dag.py:36} INFO - {'value': '776', 'score': 0.77, 'ocr_score': 0.34, 'bounding_box': [0.76, 0.85, 0.56, 0.82]}
[2023-05-09T04:46:07.333+0000] {ml_response_dag.py:37} INFO - 10
[2023-05-09T04:46:07.333+0000] {ml_response_dag.py:36} INFO - {}
[2023-05-09T04:46:07.333+0000] {ml_response_dag.py:37} INFO - 10
[2023-05-09T04:46:07.334+0000] {ml_response_dag.py:36} INFO - {'value': '51', 'score': 0.76, 'ocr_score': 0.29, 'bounding_box': [0.79, 0.88, 0.43, 0.21]}
[2023-05-09T04:46:07.335+0000] {ml_response_dag.py:37} INFO - 10
[2023-05-09T04:46:07.335+0000] {ml_response_dag.py:36} INFO - {'value': '843', 'score': 0.05, 'ocr_score': 0.96, 'bounding_box': [0.84, 0.04, 0.6, 0.52]}
[2023-05-09T04:46:07.336+0000] {ml_response_dag.py:37} INFO - 10
[2023-05-09T04:46:07.336+0000] {ml_response_dag.py:36} INFO - {'value': '517', 'score': 0.75, 'ocr_score': 0.74, 'bounding_box': [0.65, 0.92, 0.1, 0.59]}
[2023-05-09T04:46:07.336+0000] {ml_response_dag.py:37} INFO - 10
[2023-05-09T04:46:07.337+0000] {ml_response_dag.py:36} INFO - {}
[2023-05-09T04:46:07.337+0000] {ml_response_dag.py:37} INFO - 11
[2023-05-09T04:46:07.338+0000] {ml_response_dag.py:36} INFO - {}
[2023-05-09T04:46:07.339+0000] {ml_response_dag.py:37} INFO - 11
[2023-05-09T04:46:07.339+0000] {ml_response_dag.py:36} INFO - {'value': '288', 'score': 0.6, 'ocr_score': 0.29, 'bounding_box': [0.96, 0.39, 0.81, 0.96]}
[2023-05-09T04:46:07.340+0000] {ml_response_dag.py:37} INFO - 11
[2023-05-09T04:46:07.341+0000] {ml_response_dag.py:36} INFO - {'value': '878', 'score': 0.44, 'ocr_score': 0.56, 'bounding_box': [0.46, 0.03, 0.06, 0.3]}
[2023-05-09T04:46:07.342+0000] {ml_response_dag.py:37} INFO - 11
[2023-05-09T04:46:07.345+0000] {ml_response_dag.py:36} INFO - {}
[2023-05-09T04:46:07.346+0000] {ml_response_dag.py:37} INFO - 11
[2023-05-09T04:46:07.349+0000] {ml_response_dag.py:36} INFO - {}
[2023-05-09T04:46:07.350+0000] {ml_response_dag.py:37} INFO - 11
[2023-05-09T04:46:07.350+0000] {ml_response_dag.py:36} INFO - {}
[2023-05-09T04:46:07.351+0000] {ml_response_dag.py:37} INFO - 11
[2023-05-09T04:46:07.351+0000] {ml_response_dag.py:36} INFO - {'value': '650', 'score': 0.79, 'ocr_score': 0.64, 'bounding_box': [0.13, 0.78, 0.29, 0.37]}
[2023-05-09T04:46:07.353+0000] {ml_response_dag.py:37} INFO - 11
[2023-05-09T04:46:07.353+0000] {ml_response_dag.py:36} INFO - {}
[2023-05-09T04:46:07.354+0000] {ml_response_dag.py:37} INFO - 11
[2023-05-09T04:46:07.354+0000] {ml_response_dag.py:36} INFO - {'value': '643', 'score': 0.23, 'ocr_score': 0.72, 'bounding_box': [0.01, 0.39, 0.58, 0.53]}
[2023-05-09T04:46:07.355+0000] {ml_response_dag.py:37} INFO - 12
[2023-05-09T04:46:07.356+0000] {ml_response_dag.py:36} INFO - {}
[2023-05-09T04:46:07.356+0000] {ml_response_dag.py:37} INFO - 13
[2023-05-09T04:46:07.357+0000] {ml_response_dag.py:36} INFO - {}
[2023-05-09T04:46:07.357+0000] {ml_response_dag.py:37} INFO - 14
[2023-05-09T04:46:07.361+0000] {ml_response_dag.py:36} INFO - {'value': '141', 'score': 0.27, 'ocr_score': 0.93, 'bounding_box': [0.24, 0.73, 0.11, 0.89]}
[2023-05-09T04:46:07.361+0000] {ml_response_dag.py:37} INFO - 15
[2023-05-09T04:46:07.365+0000] {ml_response_dag.py:36} INFO - {'value': '59', 'score': 0.45, 'ocr_score': 0.57, 'bounding_box': [0.45, 0.64, 0.68, 0.17]}
[2023-05-09T04:46:07.372+0000] {ml_response_dag.py:37} INFO - 15
[2023-05-09T04:46:07.373+0000] {ml_response_dag.py:36} INFO - {'value': '333', 'score': 0.34, 'ocr_score': 0.85, 'bounding_box': [0.81, 0.57, 0.99, 0.77]}
[2023-05-09T04:46:07.374+0000] {ml_response_dag.py:37} INFO - 15
[2023-05-09T04:46:07.374+0000] {ml_response_dag.py:36} INFO - {'value': '257', 'score': 0.11, 'ocr_score': 0.43, 'bounding_box': [0.37, 0.55, 0.53, 0.66]}
[2023-05-09T04:46:07.374+0000] {ml_response_dag.py:37} INFO - 15
[2023-05-09T04:46:07.375+0000] {ml_response_dag.py:36} INFO - {'value': '190', 'score': 0.21, 'ocr_score': 0.83, 'bounding_box': [0.88, 0.83, 0.57, 0.11]}
[2023-05-09T04:46:07.376+0000] {ml_response_dag.py:37} INFO - 15
[2023-05-09T04:46:07.377+0000] {ml_response_dag.py:36} INFO - {}
[2023-05-09T04:46:07.378+0000] {ml_response_dag.py:37} INFO - 15
[2023-05-09T04:46:07.378+0000] {ml_response_dag.py:36} INFO - {}
[2023-05-09T04:46:07.380+0000] {ml_response_dag.py:37} INFO - 15
[2023-05-09T04:46:07.381+0000] {ml_response_dag.py:36} INFO - {}
[2023-05-09T04:46:07.382+0000] {ml_response_dag.py:37} INFO - 15
[2023-05-09T04:46:07.382+0000] {ml_response_dag.py:36} INFO - {'value': '475', 'score': 0.57, 'ocr_score': 0.49, 'bounding_box': [0.4, 0.3, 0.99, 0.32]}
[2023-05-09T04:46:07.383+0000] {ml_response_dag.py:37} INFO - 15
[2023-05-09T04:46:07.383+0000] {ml_response_dag.py:36} INFO - {'value': '745', 'score': 0.84, 'ocr_score': 0.82, 'bounding_box': [0.84, 0.57, 0.94, 0.44]}
[2023-05-09T04:46:07.383+0000] {ml_response_dag.py:37} INFO - 16
[2023-05-09T04:46:07.384+0000] {python.py:183} INFO - Done. Returned value was: None
[2023-05-09T04:46:07.423+0000] {taskinstance.py:1373} INFO - Marking task as SUCCESS. dag_id=veryfi_extract_total, task_id=extract_and_load, execution_date=20230508T004000, start_date=20230509T044606, end_date=20230509T044607
[2023-05-09T04:46:07.477+0000] {local_task_job_runner.py:232} INFO - Task exited with return code 0
[2023-05-09T04:46:07.584+0000] {taskinstance.py:2674} INFO - 0 downstream tasks scheduled from follow-on schedule check
[2023-05-09T04:56:47.657+0000] {taskinstance.py:1125} INFO - Dependencies all met for dep_context=non-requeueable deps ti=<TaskInstance: veryfi_extract_total.extract_and_load scheduled__2023-05-08T00:40:00+00:00 [queued]>
[2023-05-09T04:56:47.685+0000] {taskinstance.py:1125} INFO - Dependencies all met for dep_context=requeueable deps ti=<TaskInstance: veryfi_extract_total.extract_and_load scheduled__2023-05-08T00:40:00+00:00 [queued]>
[2023-05-09T04:56:47.686+0000] {taskinstance.py:1331} INFO - Starting attempt 1 of 2
[2023-05-09T04:56:47.747+0000] {taskinstance.py:1350} INFO - Executing <Task(PythonOperator): extract_and_load> on 2023-05-08 00:40:00+00:00
[2023-05-09T04:56:47.770+0000] {standard_task_runner.py:57} INFO - Started process 1542 to run task
[2023-05-09T04:56:47.792+0000] {standard_task_runner.py:84} INFO - Running: ['***', 'tasks', 'run', 'veryfi_extract_total', 'extract_and_load', 'scheduled__2023-05-08T00:40:00+00:00', '--job-id', '397', '--raw', '--subdir', 'DAGS_FOLDER/ml_response_dag.py', '--cfg-path', '/tmp/tmpeduc19fk']
[2023-05-09T04:56:47.797+0000] {standard_task_runner.py:85} INFO - Job 397: Subtask extract_and_load
[2023-05-09T04:56:47.981+0000] {task_command.py:410} INFO - Running <TaskInstance: veryfi_extract_total.extract_and_load scheduled__2023-05-08T00:40:00+00:00 [running]> on host aa4b7d3de44b
[2023-05-09T04:56:48.345+0000] {taskinstance.py:1570} INFO - Exporting env vars: AIRFLOW_CTX_DAG_OWNER='***' AIRFLOW_CTX_DAG_ID='veryfi_extract_total' AIRFLOW_CTX_TASK_ID='extract_and_load' AIRFLOW_CTX_EXECUTION_DATE='2023-05-08T00:40:00+00:00' AIRFLOW_CTX_TRY_NUMBER='1' AIRFLOW_CTX_DAG_RUN_ID='scheduled__2023-05-08T00:40:00+00:00'
[2023-05-09T04:56:48.424+0000] {ml_response_dag.py:35} INFO - {}
[2023-05-09T04:56:48.439+0000] {ml_response_dag.py:36} INFO - 1
[2023-05-09T04:56:48.440+0000] {ml_response_dag.py:37} INFO - Inserted to db
[2023-05-09T04:56:48.462+0000] {ml_response_dag.py:35} INFO - {'value': '544', 'score': 0.22, 'ocr_score': 0.81, 'bounding_box': [0.22, 0.37, 0.38, 0.52]}
[2023-05-09T04:56:48.464+0000] {ml_response_dag.py:36} INFO - 1
[2023-05-09T04:56:48.467+0000] {ml_response_dag.py:37} INFO - Inserted to db
[2023-05-09T04:56:48.470+0000] {ml_response_dag.py:35} INFO - {}
[2023-05-09T04:56:48.471+0000] {ml_response_dag.py:36} INFO - 1
[2023-05-09T04:56:48.474+0000] {ml_response_dag.py:37} INFO - Inserted to db
[2023-05-09T04:56:48.489+0000] {ml_response_dag.py:35} INFO - {}
[2023-05-09T04:56:48.491+0000] {ml_response_dag.py:36} INFO - 1
[2023-05-09T04:56:48.492+0000] {ml_response_dag.py:37} INFO - Inserted to db
[2023-05-09T04:56:48.493+0000] {ml_response_dag.py:35} INFO - {}
[2023-05-09T04:56:48.493+0000] {ml_response_dag.py:36} INFO - 1
[2023-05-09T04:56:48.494+0000] {ml_response_dag.py:37} INFO - Inserted to db
[2023-05-09T04:56:48.494+0000] {ml_response_dag.py:35} INFO - {}
[2023-05-09T04:56:48.495+0000] {ml_response_dag.py:36} INFO - 1
[2023-05-09T04:56:48.495+0000] {ml_response_dag.py:37} INFO - Inserted to db
[2023-05-09T04:56:48.498+0000] {ml_response_dag.py:35} INFO - {'value': '660', 'score': 0.48, 'ocr_score': 0.32, 'bounding_box': [0.07, 0.82, 0.06, 0.37]}
[2023-05-09T04:56:48.504+0000] {ml_response_dag.py:36} INFO - 1
[2023-05-09T04:56:48.505+0000] {ml_response_dag.py:37} INFO - Inserted to db
[2023-05-09T04:56:48.507+0000] {ml_response_dag.py:35} INFO - {}
[2023-05-09T04:56:48.508+0000] {ml_response_dag.py:36} INFO - 1
[2023-05-09T04:56:48.508+0000] {ml_response_dag.py:37} INFO - Inserted to db
[2023-05-09T04:56:48.513+0000] {ml_response_dag.py:35} INFO - {'value': '801', 'score': 0.92, 'ocr_score': 0.28, 'bounding_box': [0.56, 0.9, 0.37, 0.79]}
[2023-05-09T04:56:48.517+0000] {ml_response_dag.py:36} INFO - 1
[2023-05-09T04:56:48.522+0000] {ml_response_dag.py:37} INFO - Inserted to db
[2023-05-09T04:56:48.524+0000] {ml_response_dag.py:35} INFO - {}
[2023-05-09T04:56:48.527+0000] {ml_response_dag.py:36} INFO - 2
[2023-05-09T04:56:48.528+0000] {ml_response_dag.py:37} INFO - Inserted to db
[2023-05-09T04:56:48.529+0000] {ml_response_dag.py:35} INFO - {}
[2023-05-09T04:56:48.534+0000] {ml_response_dag.py:36} INFO - 2
[2023-05-09T04:56:48.535+0000] {ml_response_dag.py:37} INFO - Inserted to db
[2023-05-09T04:56:48.536+0000] {ml_response_dag.py:35} INFO - {'value': '880', 'score': 0.06, 'ocr_score': 0.1, 'bounding_box': [0.76, 0.47, 0.16, 0.27]}
[2023-05-09T04:56:48.537+0000] {ml_response_dag.py:36} INFO - 2
[2023-05-09T04:56:48.538+0000] {ml_response_dag.py:37} INFO - Inserted to db
[2023-05-09T04:56:48.539+0000] {ml_response_dag.py:35} INFO - {'value': '380', 'score': 0.11, 'ocr_score': 0.36, 'bounding_box': [0.99, 0.15, 0.39, 0.03]}
[2023-05-09T04:56:48.540+0000] {ml_response_dag.py:36} INFO - 2
[2023-05-09T04:56:48.541+0000] {ml_response_dag.py:37} INFO - Inserted to db
[2023-05-09T04:56:48.542+0000] {ml_response_dag.py:35} INFO - {}
[2023-05-09T04:56:48.542+0000] {ml_response_dag.py:36} INFO - 2
[2023-05-09T04:56:48.543+0000] {ml_response_dag.py:37} INFO - Inserted to db
[2023-05-09T04:56:48.546+0000] {ml_response_dag.py:35} INFO - {'value': '770', 'score': 0.37, 'ocr_score': 0.84, 'bounding_box': [0.79, 0.15, 0.82, 0.6]}
[2023-05-09T04:56:48.547+0000] {ml_response_dag.py:36} INFO - 2
[2023-05-09T04:56:48.548+0000] {ml_response_dag.py:37} INFO - Inserted to db
[2023-05-09T04:56:48.550+0000] {ml_response_dag.py:35} INFO - {}
[2023-05-09T04:56:48.559+0000] {ml_response_dag.py:36} INFO - 2
[2023-05-09T04:56:48.563+0000] {ml_response_dag.py:37} INFO - Inserted to db
[2023-05-09T04:56:48.573+0000] {ml_response_dag.py:35} INFO - {}
[2023-05-09T04:56:48.574+0000] {ml_response_dag.py:36} INFO - 2
[2023-05-09T04:56:48.574+0000] {ml_response_dag.py:37} INFO - Inserted to db
[2023-05-09T04:56:48.575+0000] {ml_response_dag.py:35} INFO - {}
[2023-05-09T04:56:48.578+0000] {ml_response_dag.py:36} INFO - 2
[2023-05-09T04:56:48.579+0000] {ml_response_dag.py:37} INFO - Inserted to db
[2023-05-09T04:56:48.580+0000] {ml_response_dag.py:35} INFO - {}
[2023-05-09T04:56:48.583+0000] {ml_response_dag.py:36} INFO - 3
[2023-05-09T04:56:48.584+0000] {ml_response_dag.py:37} INFO - Inserted to db
[2023-05-09T04:56:48.590+0000] {ml_response_dag.py:35} INFO - {}
[2023-05-09T04:56:48.591+0000] {ml_response_dag.py:36} INFO - 4
[2023-05-09T04:56:48.592+0000] {ml_response_dag.py:37} INFO - Inserted to db
[2023-05-09T04:56:48.593+0000] {ml_response_dag.py:35} INFO - {}
[2023-05-09T04:56:48.593+0000] {ml_response_dag.py:36} INFO - 5
[2023-05-09T04:56:48.593+0000] {ml_response_dag.py:37} INFO - Inserted to db
[2023-05-09T04:56:48.594+0000] {ml_response_dag.py:35} INFO - {}
[2023-05-09T04:56:48.594+0000] {ml_response_dag.py:36} INFO - 5
[2023-05-09T04:56:48.594+0000] {ml_response_dag.py:37} INFO - Inserted to db
[2023-05-09T04:56:48.595+0000] {ml_response_dag.py:35} INFO - {'value': '418', 'score': 0.49, 'ocr_score': 0.15, 'bounding_box': [0.88, 0.92, 0.46, 0.3]}
[2023-05-09T04:56:48.595+0000] {ml_response_dag.py:36} INFO - 5
[2023-05-09T04:56:48.595+0000] {ml_response_dag.py:37} INFO - Inserted to db
[2023-05-09T04:56:48.597+0000] {ml_response_dag.py:35} INFO - {}
[2023-05-09T04:56:48.598+0000] {ml_response_dag.py:36} INFO - 5
[2023-05-09T04:56:48.598+0000] {ml_response_dag.py:37} INFO - Inserted to db
[2023-05-09T04:56:48.599+0000] {ml_response_dag.py:35} INFO - {}
[2023-05-09T04:56:48.600+0000] {ml_response_dag.py:36} INFO - 5
[2023-05-09T04:56:48.602+0000] {ml_response_dag.py:37} INFO - Inserted to db
[2023-05-09T04:56:48.622+0000] {ml_response_dag.py:35} INFO - {'value': '78', 'score': 0.03, 'ocr_score': 0.66, 'bounding_box': [0.31, 0.81, 0.43, 0.03]}
[2023-05-09T04:56:48.628+0000] {ml_response_dag.py:36} INFO - 5
[2023-05-09T04:56:48.629+0000] {ml_response_dag.py:37} INFO - Inserted to db
[2023-05-09T04:56:48.634+0000] {ml_response_dag.py:35} INFO - {}
[2023-05-09T04:56:48.635+0000] {ml_response_dag.py:36} INFO - 5
[2023-05-09T04:56:48.636+0000] {ml_response_dag.py:37} INFO - Inserted to db
[2023-05-09T04:56:48.637+0000] {ml_response_dag.py:35} INFO - {'value': '889', 'score': 0.72, 'ocr_score': 0.56, 'bounding_box': [0.38, 0.17, 0.28, 1.0]}
[2023-05-09T04:56:48.640+0000] {ml_response_dag.py:36} INFO - 5
[2023-05-09T04:56:48.643+0000] {ml_response_dag.py:37} INFO - Inserted to db
[2023-05-09T04:56:48.646+0000] {ml_response_dag.py:35} INFO - {'value': '292', 'score': 0.23, 'ocr_score': 0.39, 'bounding_box': [0.45, 0.93, 0.07, 0.2]}
[2023-05-09T04:56:48.647+0000] {ml_response_dag.py:36} INFO - 5
[2023-05-09T04:56:48.647+0000] {ml_response_dag.py:37} INFO - Inserted to db
[2023-05-09T04:56:48.652+0000] {ml_response_dag.py:35} INFO - {}
[2023-05-09T04:56:48.657+0000] {ml_response_dag.py:36} INFO - 6
[2023-05-09T04:56:48.659+0000] {ml_response_dag.py:37} INFO - Inserted to db
[2023-05-09T04:56:48.661+0000] {ml_response_dag.py:35} INFO - {'value': '542', 'score': 0.01, 'ocr_score': 0.03, 'bounding_box': [0.27, 0.53, 0.77, 0.97]}
[2023-05-09T04:56:48.662+0000] {ml_response_dag.py:36} INFO - 7
[2023-05-09T04:56:48.663+0000] {ml_response_dag.py:37} INFO - Inserted to db
[2023-05-09T04:56:48.673+0000] {ml_response_dag.py:35} INFO - {'value': '342', 'score': 0.56, 'ocr_score': 0.14, 'bounding_box': [0.77, 0.91, 0.18, 0.2]}
[2023-05-09T04:56:48.706+0000] {ml_response_dag.py:36} INFO - 7
[2023-05-09T04:56:48.708+0000] {ml_response_dag.py:37} INFO - Inserted to db
[2023-05-09T04:56:48.712+0000] {ml_response_dag.py:35} INFO - {'value': '967', 'score': 0.78, 'ocr_score': 0.39, 'bounding_box': [0.86, 0.38, 0.41, 0.36]}
[2023-05-09T04:56:48.713+0000] {ml_response_dag.py:36} INFO - 7
[2023-05-09T04:56:48.721+0000] {ml_response_dag.py:37} INFO - Inserted to db
[2023-05-09T04:56:48.724+0000] {ml_response_dag.py:35} INFO - {'value': '100', 'score': 0.68, 'ocr_score': 0.75, 'bounding_box': [0.32, 0.6, 0.97, 0.05]}
[2023-05-09T04:56:48.733+0000] {ml_response_dag.py:36} INFO - 7
[2023-05-09T04:56:48.734+0000] {ml_response_dag.py:37} INFO - Inserted to db
[2023-05-09T04:56:48.735+0000] {ml_response_dag.py:35} INFO - {}
[2023-05-09T04:56:48.735+0000] {ml_response_dag.py:36} INFO - 7
[2023-05-09T04:56:48.736+0000] {ml_response_dag.py:37} INFO - Inserted to db
[2023-05-09T04:56:48.736+0000] {ml_response_dag.py:35} INFO - {}
[2023-05-09T04:56:48.737+0000] {ml_response_dag.py:36} INFO - 7
[2023-05-09T04:56:48.738+0000] {ml_response_dag.py:37} INFO - Inserted to db
[2023-05-09T04:56:48.739+0000] {ml_response_dag.py:35} INFO - {'value': '858', 'score': 0.94, 'ocr_score': 0.64, 'bounding_box': [0.22, 0.37, 0.17, 0.07]}
[2023-05-09T04:56:48.740+0000] {ml_response_dag.py:36} INFO - 7
[2023-05-09T04:56:48.741+0000] {ml_response_dag.py:37} INFO - Inserted to db
[2023-05-09T04:56:48.742+0000] {ml_response_dag.py:35} INFO - {}
[2023-05-09T04:56:48.742+0000] {ml_response_dag.py:36} INFO - 7
[2023-05-09T04:56:48.743+0000] {ml_response_dag.py:37} INFO - Inserted to db
[2023-05-09T04:56:48.744+0000] {ml_response_dag.py:35} INFO - {'value': '633', 'score': 0.77, 'ocr_score': 0.17, 'bounding_box': [0.44, 0.56, 0.26, 0.15]}
[2023-05-09T04:56:48.744+0000] {ml_response_dag.py:36} INFO - 7
[2023-05-09T04:56:48.745+0000] {ml_response_dag.py:37} INFO - Inserted to db
[2023-05-09T04:56:48.746+0000] {ml_response_dag.py:35} INFO - {'value': '609', 'score': 0.47, 'ocr_score': 0.56, 'bounding_box': [0.3, 0.87, 0.78, 0.92]}
[2023-05-09T04:56:48.747+0000] {ml_response_dag.py:36} INFO - 8
[2023-05-09T04:56:48.748+0000] {ml_response_dag.py:37} INFO - Inserted to db
[2023-05-09T04:56:48.748+0000] {ml_response_dag.py:35} INFO - {'value': '331', 'score': 0.49, 'ocr_score': 0.99, 'bounding_box': [0.55, 0.36, 0.08, 0.43]}
[2023-05-09T04:56:48.749+0000] {ml_response_dag.py:36} INFO - 8
[2023-05-09T04:56:48.750+0000] {ml_response_dag.py:37} INFO - Inserted to db
[2023-05-09T04:56:48.751+0000] {ml_response_dag.py:35} INFO - {'value': '142', 'score': 0.0, 'ocr_score': 0.58, 'bounding_box': [0.17, 0.36, 0.83, 0.62]}
[2023-05-09T04:56:48.751+0000] {ml_response_dag.py:36} INFO - 8
[2023-05-09T04:56:48.752+0000] {ml_response_dag.py:37} INFO - Inserted to db
[2023-05-09T04:56:48.752+0000] {ml_response_dag.py:35} INFO - {}
[2023-05-09T04:56:48.753+0000] {ml_response_dag.py:36} INFO - 8
[2023-05-09T04:56:48.754+0000] {ml_response_dag.py:37} INFO - Inserted to db
[2023-05-09T04:56:48.754+0000] {ml_response_dag.py:35} INFO - {}
[2023-05-09T04:56:48.755+0000] {ml_response_dag.py:36} INFO - 8
[2023-05-09T04:56:48.755+0000] {ml_response_dag.py:37} INFO - Inserted to db
[2023-05-09T04:56:48.756+0000] {ml_response_dag.py:35} INFO - {}
[2023-05-09T04:56:48.756+0000] {ml_response_dag.py:36} INFO - 8
[2023-05-09T04:56:48.759+0000] {ml_response_dag.py:37} INFO - Inserted to db
[2023-05-09T04:56:48.760+0000] {ml_response_dag.py:35} INFO - {'value': '826', 'score': 0.74, 'ocr_score': 0.69, 'bounding_box': [0.98, 0.11, 0.14, 0.96]}
[2023-05-09T04:56:48.760+0000] {ml_response_dag.py:36} INFO - 8
[2023-05-09T04:56:48.761+0000] {ml_response_dag.py:37} INFO - Inserted to db
[2023-05-09T04:56:48.761+0000] {ml_response_dag.py:35} INFO - {}
[2023-05-09T04:56:48.762+0000] {ml_response_dag.py:36} INFO - 8
[2023-05-09T04:56:48.763+0000] {ml_response_dag.py:37} INFO - Inserted to db
[2023-05-09T04:56:48.764+0000] {ml_response_dag.py:35} INFO - {'value': '299', 'score': 0.85, 'ocr_score': 0.04, 'bounding_box': [0.14, 0.46, 0.06, 0.65]}
[2023-05-09T04:56:48.764+0000] {ml_response_dag.py:36} INFO - 8
[2023-05-09T04:56:48.765+0000] {ml_response_dag.py:37} INFO - Inserted to db
[2023-05-09T04:56:48.765+0000] {ml_response_dag.py:35} INFO - {'value': '362', 'score': 0.62, 'ocr_score': 0.51, 'bounding_box': [0.42, 0.48, 0.21, 0.45]}
[2023-05-09T04:56:48.766+0000] {ml_response_dag.py:36} INFO - 9
[2023-05-09T04:56:48.766+0000] {ml_response_dag.py:37} INFO - Inserted to db
[2023-05-09T04:56:48.768+0000] {ml_response_dag.py:35} INFO - {'value': '288', 'score': 0.77, 'ocr_score': 0.23, 'bounding_box': [0.16, 0.03, 0.68, 0.81]}
[2023-05-09T04:56:48.770+0000] {ml_response_dag.py:36} INFO - 9
[2023-05-09T04:56:48.770+0000] {ml_response_dag.py:37} INFO - Inserted to db
[2023-05-09T04:56:48.779+0000] {ml_response_dag.py:35} INFO - {'value': '803', 'score': 0.03, 'ocr_score': 0.42, 'bounding_box': [0.05, 0.5, 0.56, 0.95]}
[2023-05-09T04:56:48.790+0000] {ml_response_dag.py:36} INFO - 9
[2023-05-09T04:56:48.801+0000] {ml_response_dag.py:37} INFO - Inserted to db
[2023-05-09T04:56:48.804+0000] {ml_response_dag.py:35} INFO - {'value': '750', 'score': 0.85, 'ocr_score': 0.27, 'bounding_box': [0.71, 0.07, 0.54, 0.9]}
[2023-05-09T04:56:48.804+0000] {ml_response_dag.py:36} INFO - 9
[2023-05-09T04:56:48.805+0000] {ml_response_dag.py:37} INFO - Inserted to db
[2023-05-09T04:56:48.806+0000] {ml_response_dag.py:35} INFO - {'value': '148', 'score': 0.41, 'ocr_score': 0.97, 'bounding_box': [0.44, 0.51, 0.69, 0.67]}
[2023-05-09T04:56:48.807+0000] {ml_response_dag.py:36} INFO - 9
[2023-05-09T04:56:48.807+0000] {ml_response_dag.py:37} INFO - Inserted to db
[2023-05-09T04:56:48.808+0000] {ml_response_dag.py:35} INFO - {'value': '161', 'score': 0.49, 'ocr_score': 0.58, 'bounding_box': [0.51, 0.51, 0.55, 0.06]}
[2023-05-09T04:56:48.808+0000] {ml_response_dag.py:36} INFO - 9
[2023-05-09T04:56:48.809+0000] {ml_response_dag.py:37} INFO - Inserted to db
[2023-05-09T04:56:48.810+0000] {ml_response_dag.py:35} INFO - {}
[2023-05-09T04:56:48.811+0000] {ml_response_dag.py:36} INFO - 9
[2023-05-09T04:56:48.812+0000] {ml_response_dag.py:37} INFO - Inserted to db
[2023-05-09T04:56:48.859+0000] {ml_response_dag.py:35} INFO - {}
[2023-05-09T04:56:48.860+0000] {ml_response_dag.py:36} INFO - 9
[2023-05-09T04:56:48.860+0000] {ml_response_dag.py:37} INFO - Inserted to db
[2023-05-09T04:56:48.861+0000] {ml_response_dag.py:35} INFO - {}
[2023-05-09T04:56:48.862+0000] {ml_response_dag.py:36} INFO - 9
[2023-05-09T04:56:48.862+0000] {ml_response_dag.py:37} INFO - Inserted to db
[2023-05-09T04:56:48.863+0000] {ml_response_dag.py:35} INFO - {'value': '842', 'score': 0.47, 'ocr_score': 0.75, 'bounding_box': [0.16, 0.91, 0.32, 0.53]}
[2023-05-09T04:56:48.869+0000] {ml_response_dag.py:36} INFO - 10
[2023-05-09T04:56:48.873+0000] {ml_response_dag.py:37} INFO - Inserted to db
[2023-05-09T04:56:48.874+0000] {ml_response_dag.py:35} INFO - {}
[2023-05-09T04:56:48.874+0000] {ml_response_dag.py:36} INFO - 10
[2023-05-09T04:56:48.875+0000] {ml_response_dag.py:37} INFO - Inserted to db
[2023-05-09T04:56:48.875+0000] {ml_response_dag.py:35} INFO - {}
[2023-05-09T04:56:48.876+0000] {ml_response_dag.py:36} INFO - 10
[2023-05-09T04:56:48.877+0000] {ml_response_dag.py:37} INFO - Inserted to db
[2023-05-09T04:56:48.878+0000] {ml_response_dag.py:35} INFO - {'value': '458', 'score': 0.81, 'ocr_score': 0.31, 'bounding_box': [0.69, 0.54, 0.48, 0.39]}
[2023-05-09T04:56:48.878+0000] {ml_response_dag.py:36} INFO - 10
[2023-05-09T04:56:48.878+0000] {ml_response_dag.py:37} INFO - Inserted to db
[2023-05-09T04:56:48.879+0000] {ml_response_dag.py:35} INFO - {'value': '776', 'score': 0.77, 'ocr_score': 0.34, 'bounding_box': [0.76, 0.85, 0.56, 0.82]}
[2023-05-09T04:56:48.880+0000] {ml_response_dag.py:36} INFO - 10
[2023-05-09T04:56:48.880+0000] {ml_response_dag.py:37} INFO - Inserted to db
[2023-05-09T04:56:48.880+0000] {ml_response_dag.py:35} INFO - {}
[2023-05-09T04:56:48.881+0000] {ml_response_dag.py:36} INFO - 10
[2023-05-09T04:56:48.882+0000] {ml_response_dag.py:37} INFO - Inserted to db
[2023-05-09T04:56:48.882+0000] {ml_response_dag.py:35} INFO - {'value': '51', 'score': 0.76, 'ocr_score': 0.29, 'bounding_box': [0.79, 0.88, 0.43, 0.21]}
[2023-05-09T04:56:48.883+0000] {ml_response_dag.py:36} INFO - 10
[2023-05-09T04:56:48.885+0000] {ml_response_dag.py:37} INFO - Inserted to db
[2023-05-09T04:56:48.887+0000] {ml_response_dag.py:35} INFO - {'value': '843', 'score': 0.05, 'ocr_score': 0.96, 'bounding_box': [0.84, 0.04, 0.6, 0.52]}
[2023-05-09T04:56:48.887+0000] {ml_response_dag.py:36} INFO - 10
[2023-05-09T04:56:48.888+0000] {ml_response_dag.py:37} INFO - Inserted to db
[2023-05-09T04:56:48.888+0000] {ml_response_dag.py:35} INFO - {'value': '517', 'score': 0.75, 'ocr_score': 0.74, 'bounding_box': [0.65, 0.92, 0.1, 0.59]}
[2023-05-09T04:56:48.889+0000] {ml_response_dag.py:36} INFO - 10
[2023-05-09T04:56:48.889+0000] {ml_response_dag.py:37} INFO - Inserted to db
[2023-05-09T04:56:48.890+0000] {ml_response_dag.py:35} INFO - {}
[2023-05-09T04:56:48.890+0000] {ml_response_dag.py:36} INFO - 11
[2023-05-09T04:56:48.891+0000] {ml_response_dag.py:37} INFO - Inserted to db
[2023-05-09T04:56:48.891+0000] {ml_response_dag.py:35} INFO - {}
[2023-05-09T04:56:48.892+0000] {ml_response_dag.py:36} INFO - 11
[2023-05-09T04:56:48.892+0000] {ml_response_dag.py:37} INFO - Inserted to db
[2023-05-09T04:56:48.893+0000] {ml_response_dag.py:35} INFO - {'value': '288', 'score': 0.6, 'ocr_score': 0.29, 'bounding_box': [0.96, 0.39, 0.81, 0.96]}
[2023-05-09T04:56:48.893+0000] {ml_response_dag.py:36} INFO - 11
[2023-05-09T04:56:48.893+0000] {ml_response_dag.py:37} INFO - Inserted to db
[2023-05-09T04:56:48.894+0000] {ml_response_dag.py:35} INFO - {'value': '878', 'score': 0.44, 'ocr_score': 0.56, 'bounding_box': [0.46, 0.03, 0.06, 0.3]}
[2023-05-09T04:56:48.895+0000] {ml_response_dag.py:36} INFO - 11
[2023-05-09T04:56:48.896+0000] {ml_response_dag.py:37} INFO - Inserted to db
[2023-05-09T04:56:48.896+0000] {ml_response_dag.py:35} INFO - {}
[2023-05-09T04:56:48.897+0000] {ml_response_dag.py:36} INFO - 11
[2023-05-09T04:56:48.898+0000] {ml_response_dag.py:37} INFO - Inserted to db
[2023-05-09T04:56:48.902+0000] {ml_response_dag.py:35} INFO - {}
[2023-05-09T04:56:48.903+0000] {ml_response_dag.py:36} INFO - 11
[2023-05-09T04:56:48.906+0000] {ml_response_dag.py:37} INFO - Inserted to db
[2023-05-09T04:56:48.907+0000] {ml_response_dag.py:35} INFO - {}
[2023-05-09T04:56:48.911+0000] {ml_response_dag.py:36} INFO - 11
[2023-05-09T04:56:48.913+0000] {ml_response_dag.py:37} INFO - Inserted to db
[2023-05-09T04:56:48.914+0000] {ml_response_dag.py:35} INFO - {'value': '650', 'score': 0.79, 'ocr_score': 0.64, 'bounding_box': [0.13, 0.78, 0.29, 0.37]}
[2023-05-09T04:56:48.914+0000] {ml_response_dag.py:36} INFO - 11
[2023-05-09T04:56:48.915+0000] {ml_response_dag.py:37} INFO - Inserted to db
[2023-05-09T04:56:48.916+0000] {ml_response_dag.py:35} INFO - {}
[2023-05-09T04:56:48.919+0000] {ml_response_dag.py:36} INFO - 11
[2023-05-09T04:56:48.920+0000] {ml_response_dag.py:37} INFO - Inserted to db
[2023-05-09T04:56:48.924+0000] {ml_response_dag.py:35} INFO - {'value': '643', 'score': 0.23, 'ocr_score': 0.72, 'bounding_box': [0.01, 0.39, 0.58, 0.53]}
[2023-05-09T04:56:48.925+0000] {ml_response_dag.py:36} INFO - 12
[2023-05-09T04:56:48.926+0000] {ml_response_dag.py:37} INFO - Inserted to db
[2023-05-09T04:56:48.929+0000] {ml_response_dag.py:35} INFO - {}
[2023-05-09T04:56:48.932+0000] {ml_response_dag.py:36} INFO - 13
[2023-05-09T04:56:48.935+0000] {ml_response_dag.py:37} INFO - Inserted to db
[2023-05-09T04:56:48.937+0000] {ml_response_dag.py:35} INFO - {}
[2023-05-09T04:56:48.938+0000] {ml_response_dag.py:36} INFO - 14
[2023-05-09T04:56:48.939+0000] {ml_response_dag.py:37} INFO - Inserted to db
[2023-05-09T04:56:48.942+0000] {ml_response_dag.py:35} INFO - {'value': '141', 'score': 0.27, 'ocr_score': 0.93, 'bounding_box': [0.24, 0.73, 0.11, 0.89]}
[2023-05-09T04:56:48.943+0000] {ml_response_dag.py:36} INFO - 15
[2023-05-09T04:56:48.946+0000] {ml_response_dag.py:37} INFO - Inserted to db
[2023-05-09T04:56:48.950+0000] {ml_response_dag.py:35} INFO - {'value': '59', 'score': 0.45, 'ocr_score': 0.57, 'bounding_box': [0.45, 0.64, 0.68, 0.17]}
[2023-05-09T04:56:48.952+0000] {ml_response_dag.py:36} INFO - 15
[2023-05-09T04:56:48.952+0000] {ml_response_dag.py:37} INFO - Inserted to db
[2023-05-09T04:56:48.953+0000] {ml_response_dag.py:35} INFO - {'value': '333', 'score': 0.34, 'ocr_score': 0.85, 'bounding_box': [0.81, 0.57, 0.99, 0.77]}
[2023-05-09T04:56:48.954+0000] {ml_response_dag.py:36} INFO - 15
[2023-05-09T04:56:48.955+0000] {ml_response_dag.py:37} INFO - Inserted to db
[2023-05-09T04:56:48.956+0000] {ml_response_dag.py:35} INFO - {'value': '257', 'score': 0.11, 'ocr_score': 0.43, 'bounding_box': [0.37, 0.55, 0.53, 0.66]}
[2023-05-09T04:56:48.958+0000] {ml_response_dag.py:36} INFO - 15
[2023-05-09T04:56:48.958+0000] {ml_response_dag.py:37} INFO - Inserted to db
[2023-05-09T04:56:48.960+0000] {ml_response_dag.py:35} INFO - {'value': '190', 'score': 0.21, 'ocr_score': 0.83, 'bounding_box': [0.88, 0.83, 0.57, 0.11]}
[2023-05-09T04:56:48.961+0000] {ml_response_dag.py:36} INFO - 15
[2023-05-09T04:56:48.962+0000] {ml_response_dag.py:37} INFO - Inserted to db
[2023-05-09T04:56:48.964+0000] {ml_response_dag.py:35} INFO - {}
[2023-05-09T04:56:48.964+0000] {ml_response_dag.py:36} INFO - 15
[2023-05-09T04:56:48.965+0000] {ml_response_dag.py:37} INFO - Inserted to db
[2023-05-09T04:56:48.966+0000] {ml_response_dag.py:35} INFO - {}
[2023-05-09T04:56:48.966+0000] {ml_response_dag.py:36} INFO - 15
[2023-05-09T04:56:48.966+0000] {ml_response_dag.py:37} INFO - Inserted to db
[2023-05-09T04:56:48.973+0000] {ml_response_dag.py:35} INFO - {}
[2023-05-09T04:56:48.976+0000] {ml_response_dag.py:36} INFO - 15
[2023-05-09T04:56:48.977+0000] {ml_response_dag.py:37} INFO - Inserted to db
[2023-05-09T04:56:48.978+0000] {ml_response_dag.py:35} INFO - {'value': '475', 'score': 0.57, 'ocr_score': 0.49, 'bounding_box': [0.4, 0.3, 0.99, 0.32]}
[2023-05-09T04:56:48.978+0000] {ml_response_dag.py:36} INFO - 15
[2023-05-09T04:56:48.981+0000] {ml_response_dag.py:37} INFO - Inserted to db
[2023-05-09T04:56:48.986+0000] {ml_response_dag.py:35} INFO - {'value': '745', 'score': 0.84, 'ocr_score': 0.82, 'bounding_box': [0.84, 0.57, 0.94, 0.44]}
[2023-05-09T04:56:48.987+0000] {ml_response_dag.py:36} INFO - 16
[2023-05-09T04:56:48.987+0000] {ml_response_dag.py:37} INFO - Inserted to db
[2023-05-09T04:56:48.993+0000] {python.py:183} INFO - Done. Returned value was: None
[2023-05-09T04:56:49.093+0000] {taskinstance.py:1373} INFO - Marking task as SUCCESS. dag_id=veryfi_extract_total, task_id=extract_and_load, execution_date=20230508T004000, start_date=20230509T045647, end_date=20230509T045649
[2023-05-09T04:56:49.427+0000] {local_task_job_runner.py:232} INFO - Task exited with return code 0
[2023-05-09T04:56:49.548+0000] {taskinstance.py:2674} INFO - 0 downstream tasks scheduled from follow-on schedule check
