[2023-05-09T04:57:18.912+0000] {taskinstance.py:1125} INFO - Dependencies all met for dep_context=non-requeueable deps ti=<TaskInstance: veryfi_extract_total.extract_and_load scheduled__2023-05-08T07:50:00+00:00 [queued]>
[2023-05-09T04:57:18.927+0000] {taskinstance.py:1125} INFO - Dependencies all met for dep_context=requeueable deps ti=<TaskInstance: veryfi_extract_total.extract_and_load scheduled__2023-05-08T07:50:00+00:00 [queued]>
[2023-05-09T04:57:18.933+0000] {taskinstance.py:1331} INFO - Starting attempt 1 of 2
[2023-05-09T04:57:19.058+0000] {taskinstance.py:1350} INFO - Executing <Task(PythonOperator): extract_and_load> on 2023-05-08 07:50:00+00:00
[2023-05-09T04:57:19.075+0000] {standard_task_runner.py:57} INFO - Started process 1634 to run task
[2023-05-09T04:57:19.111+0000] {standard_task_runner.py:84} INFO - Running: ['***', 'tasks', 'run', 'veryfi_extract_total', 'extract_and_load', 'scheduled__2023-05-08T07:50:00+00:00', '--job-id', '439', '--raw', '--subdir', 'DAGS_FOLDER/ml_response_dag.py', '--cfg-path', '/tmp/tmpclez6g9j']
[2023-05-09T04:57:19.113+0000] {standard_task_runner.py:85} INFO - Job 439: Subtask extract_and_load
[2023-05-09T04:57:19.365+0000] {task_command.py:410} INFO - Running <TaskInstance: veryfi_extract_total.extract_and_load scheduled__2023-05-08T07:50:00+00:00 [running]> on host aa4b7d3de44b
[2023-05-09T04:57:19.608+0000] {taskinstance.py:1570} INFO - Exporting env vars: AIRFLOW_CTX_DAG_OWNER='***' AIRFLOW_CTX_DAG_ID='veryfi_extract_total' AIRFLOW_CTX_TASK_ID='extract_and_load' AIRFLOW_CTX_EXECUTION_DATE='2023-05-08T07:50:00+00:00' AIRFLOW_CTX_TRY_NUMBER='1' AIRFLOW_CTX_DAG_RUN_ID='scheduled__2023-05-08T07:50:00+00:00'
[2023-05-09T04:57:19.640+0000] {ml_response_dag.py:35} INFO - {}
[2023-05-09T04:57:19.641+0000] {ml_response_dag.py:36} INFO - 1
[2023-05-09T04:57:19.642+0000] {ml_response_dag.py:37} INFO - Inserted to db
[2023-05-09T04:57:19.645+0000] {ml_response_dag.py:35} INFO - {'value': '544', 'score': 0.22, 'ocr_score': 0.81, 'bounding_box': [0.22, 0.37, 0.38, 0.52]}
[2023-05-09T04:57:19.646+0000] {ml_response_dag.py:36} INFO - 1
[2023-05-09T04:57:19.647+0000] {ml_response_dag.py:37} INFO - Inserted to db
[2023-05-09T04:57:19.650+0000] {ml_response_dag.py:35} INFO - {}
[2023-05-09T04:57:19.650+0000] {ml_response_dag.py:36} INFO - 1
[2023-05-09T04:57:19.651+0000] {ml_response_dag.py:37} INFO - Inserted to db
[2023-05-09T04:57:19.653+0000] {ml_response_dag.py:35} INFO - {}
[2023-05-09T04:57:19.654+0000] {ml_response_dag.py:36} INFO - 1
[2023-05-09T04:57:19.655+0000] {ml_response_dag.py:37} INFO - Inserted to db
[2023-05-09T04:57:19.657+0000] {ml_response_dag.py:35} INFO - {}
[2023-05-09T04:57:19.658+0000] {ml_response_dag.py:36} INFO - 1
[2023-05-09T04:57:19.662+0000] {ml_response_dag.py:37} INFO - Inserted to db
[2023-05-09T04:57:19.664+0000] {ml_response_dag.py:35} INFO - {}
[2023-05-09T04:57:19.666+0000] {ml_response_dag.py:36} INFO - 1
[2023-05-09T04:57:19.668+0000] {ml_response_dag.py:37} INFO - Inserted to db
[2023-05-09T04:57:19.670+0000] {ml_response_dag.py:35} INFO - {'value': '660', 'score': 0.48, 'ocr_score': 0.32, 'bounding_box': [0.07, 0.82, 0.06, 0.37]}
[2023-05-09T04:57:19.671+0000] {ml_response_dag.py:36} INFO - 1
[2023-05-09T04:57:19.673+0000] {ml_response_dag.py:37} INFO - Inserted to db
[2023-05-09T04:57:19.679+0000] {ml_response_dag.py:35} INFO - {}
[2023-05-09T04:57:19.681+0000] {ml_response_dag.py:36} INFO - 1
[2023-05-09T04:57:19.681+0000] {ml_response_dag.py:37} INFO - Inserted to db
[2023-05-09T04:57:19.682+0000] {ml_response_dag.py:35} INFO - {'value': '801', 'score': 0.92, 'ocr_score': 0.28, 'bounding_box': [0.56, 0.9, 0.37, 0.79]}
[2023-05-09T04:57:19.682+0000] {ml_response_dag.py:36} INFO - 1
[2023-05-09T04:57:19.683+0000] {ml_response_dag.py:37} INFO - Inserted to db
[2023-05-09T04:57:19.685+0000] {ml_response_dag.py:35} INFO - {}
[2023-05-09T04:57:19.694+0000] {ml_response_dag.py:36} INFO - 2
[2023-05-09T04:57:19.703+0000] {ml_response_dag.py:37} INFO - Inserted to db
[2023-05-09T04:57:19.707+0000] {ml_response_dag.py:35} INFO - {}
[2023-05-09T04:57:19.713+0000] {ml_response_dag.py:36} INFO - 2
[2023-05-09T04:57:19.720+0000] {ml_response_dag.py:37} INFO - Inserted to db
[2023-05-09T04:57:19.725+0000] {ml_response_dag.py:35} INFO - {'value': '880', 'score': 0.06, 'ocr_score': 0.1, 'bounding_box': [0.76, 0.47, 0.16, 0.27]}
[2023-05-09T04:57:19.726+0000] {ml_response_dag.py:36} INFO - 2
[2023-05-09T04:57:19.727+0000] {ml_response_dag.py:37} INFO - Inserted to db
[2023-05-09T04:57:19.730+0000] {ml_response_dag.py:35} INFO - {'value': '380', 'score': 0.11, 'ocr_score': 0.36, 'bounding_box': [0.99, 0.15, 0.39, 0.03]}
[2023-05-09T04:57:19.731+0000] {ml_response_dag.py:36} INFO - 2
[2023-05-09T04:57:19.732+0000] {ml_response_dag.py:37} INFO - Inserted to db
[2023-05-09T04:57:19.735+0000] {ml_response_dag.py:35} INFO - {}
[2023-05-09T04:57:19.735+0000] {ml_response_dag.py:36} INFO - 2
[2023-05-09T04:57:19.736+0000] {ml_response_dag.py:37} INFO - Inserted to db
[2023-05-09T04:57:19.739+0000] {ml_response_dag.py:35} INFO - {'value': '770', 'score': 0.37, 'ocr_score': 0.84, 'bounding_box': [0.79, 0.15, 0.82, 0.6]}
[2023-05-09T04:57:19.741+0000] {ml_response_dag.py:36} INFO - 2
[2023-05-09T04:57:19.742+0000] {ml_response_dag.py:37} INFO - Inserted to db
[2023-05-09T04:57:19.744+0000] {ml_response_dag.py:35} INFO - {}
[2023-05-09T04:57:19.747+0000] {ml_response_dag.py:36} INFO - 2
[2023-05-09T04:57:19.749+0000] {ml_response_dag.py:37} INFO - Inserted to db
[2023-05-09T04:57:19.750+0000] {ml_response_dag.py:35} INFO - {}
[2023-05-09T04:57:19.751+0000] {ml_response_dag.py:36} INFO - 2
[2023-05-09T04:57:19.752+0000] {ml_response_dag.py:37} INFO - Inserted to db
[2023-05-09T04:57:19.754+0000] {ml_response_dag.py:35} INFO - {}
[2023-05-09T04:57:19.756+0000] {ml_response_dag.py:36} INFO - 2
[2023-05-09T04:57:19.763+0000] {ml_response_dag.py:37} INFO - Inserted to db
[2023-05-09T04:57:19.769+0000] {ml_response_dag.py:35} INFO - {}
[2023-05-09T04:57:19.771+0000] {ml_response_dag.py:36} INFO - 3
[2023-05-09T04:57:19.771+0000] {ml_response_dag.py:37} INFO - Inserted to db
[2023-05-09T04:57:19.772+0000] {ml_response_dag.py:35} INFO - {}
[2023-05-09T04:57:19.779+0000] {ml_response_dag.py:36} INFO - 4
[2023-05-09T04:57:19.786+0000] {ml_response_dag.py:37} INFO - Inserted to db
[2023-05-09T04:57:19.790+0000] {ml_response_dag.py:35} INFO - {}
[2023-05-09T04:57:19.792+0000] {ml_response_dag.py:36} INFO - 5
[2023-05-09T04:57:19.794+0000] {ml_response_dag.py:37} INFO - Inserted to db
[2023-05-09T04:57:19.796+0000] {ml_response_dag.py:35} INFO - {}
[2023-05-09T04:57:19.808+0000] {ml_response_dag.py:36} INFO - 5
[2023-05-09T04:57:19.821+0000] {ml_response_dag.py:37} INFO - Inserted to db
[2023-05-09T04:57:19.833+0000] {ml_response_dag.py:35} INFO - {'value': '418', 'score': 0.49, 'ocr_score': 0.15, 'bounding_box': [0.88, 0.92, 0.46, 0.3]}
[2023-05-09T04:57:19.834+0000] {ml_response_dag.py:36} INFO - 5
[2023-05-09T04:57:19.835+0000] {ml_response_dag.py:37} INFO - Inserted to db
[2023-05-09T04:57:19.837+0000] {ml_response_dag.py:35} INFO - {}
[2023-05-09T04:57:19.840+0000] {ml_response_dag.py:36} INFO - 5
[2023-05-09T04:57:19.843+0000] {ml_response_dag.py:37} INFO - Inserted to db
[2023-05-09T04:57:19.845+0000] {ml_response_dag.py:35} INFO - {}
[2023-05-09T04:57:19.846+0000] {ml_response_dag.py:36} INFO - 5
[2023-05-09T04:57:19.849+0000] {ml_response_dag.py:37} INFO - Inserted to db
[2023-05-09T04:57:19.854+0000] {ml_response_dag.py:35} INFO - {'value': '78', 'score': 0.03, 'ocr_score': 0.66, 'bounding_box': [0.31, 0.81, 0.43, 0.03]}
[2023-05-09T04:57:19.857+0000] {ml_response_dag.py:36} INFO - 5
[2023-05-09T04:57:19.858+0000] {ml_response_dag.py:37} INFO - Inserted to db
[2023-05-09T04:57:19.859+0000] {ml_response_dag.py:35} INFO - {}
[2023-05-09T04:57:19.859+0000] {ml_response_dag.py:36} INFO - 5
[2023-05-09T04:57:19.860+0000] {ml_response_dag.py:37} INFO - Inserted to db
[2023-05-09T04:57:19.861+0000] {ml_response_dag.py:35} INFO - {'value': '889', 'score': 0.72, 'ocr_score': 0.56, 'bounding_box': [0.38, 0.17, 0.28, 1.0]}
[2023-05-09T04:57:19.861+0000] {ml_response_dag.py:36} INFO - 5
[2023-05-09T04:57:19.864+0000] {ml_response_dag.py:37} INFO - Inserted to db
[2023-05-09T04:57:19.867+0000] {ml_response_dag.py:35} INFO - {'value': '292', 'score': 0.23, 'ocr_score': 0.39, 'bounding_box': [0.45, 0.93, 0.07, 0.2]}
[2023-05-09T04:57:19.869+0000] {ml_response_dag.py:36} INFO - 5
[2023-05-09T04:57:19.871+0000] {ml_response_dag.py:37} INFO - Inserted to db
[2023-05-09T04:57:19.872+0000] {ml_response_dag.py:35} INFO - {}
[2023-05-09T04:57:19.873+0000] {ml_response_dag.py:36} INFO - 6
[2023-05-09T04:57:19.874+0000] {ml_response_dag.py:37} INFO - Inserted to db
[2023-05-09T04:57:19.876+0000] {ml_response_dag.py:35} INFO - {'value': '542', 'score': 0.01, 'ocr_score': 0.03, 'bounding_box': [0.27, 0.53, 0.77, 0.97]}
[2023-05-09T04:57:19.877+0000] {ml_response_dag.py:36} INFO - 7
[2023-05-09T04:57:19.878+0000] {ml_response_dag.py:37} INFO - Inserted to db
[2023-05-09T04:57:19.880+0000] {ml_response_dag.py:35} INFO - {'value': '342', 'score': 0.56, 'ocr_score': 0.14, 'bounding_box': [0.77, 0.91, 0.18, 0.2]}
[2023-05-09T04:57:19.881+0000] {ml_response_dag.py:36} INFO - 7
[2023-05-09T04:57:19.882+0000] {ml_response_dag.py:37} INFO - Inserted to db
[2023-05-09T04:57:19.883+0000] {ml_response_dag.py:35} INFO - {'value': '967', 'score': 0.78, 'ocr_score': 0.39, 'bounding_box': [0.86, 0.38, 0.41, 0.36]}
[2023-05-09T04:57:19.884+0000] {ml_response_dag.py:36} INFO - 7
[2023-05-09T04:57:19.897+0000] {ml_response_dag.py:37} INFO - Inserted to db
[2023-05-09T04:57:19.898+0000] {ml_response_dag.py:35} INFO - {'value': '100', 'score': 0.68, 'ocr_score': 0.75, 'bounding_box': [0.32, 0.6, 0.97, 0.05]}
[2023-05-09T04:57:19.899+0000] {ml_response_dag.py:36} INFO - 7
[2023-05-09T04:57:19.899+0000] {ml_response_dag.py:37} INFO - Inserted to db
[2023-05-09T04:57:19.900+0000] {ml_response_dag.py:35} INFO - {}
[2023-05-09T04:57:19.901+0000] {ml_response_dag.py:36} INFO - 7
[2023-05-09T04:57:19.903+0000] {ml_response_dag.py:37} INFO - Inserted to db
[2023-05-09T04:57:19.905+0000] {ml_response_dag.py:35} INFO - {}
[2023-05-09T04:57:19.905+0000] {ml_response_dag.py:36} INFO - 7
[2023-05-09T04:57:19.907+0000] {ml_response_dag.py:37} INFO - Inserted to db
[2023-05-09T04:57:19.909+0000] {ml_response_dag.py:35} INFO - {'value': '858', 'score': 0.94, 'ocr_score': 0.64, 'bounding_box': [0.22, 0.37, 0.17, 0.07]}
[2023-05-09T04:57:19.911+0000] {ml_response_dag.py:36} INFO - 7
[2023-05-09T04:57:19.912+0000] {ml_response_dag.py:37} INFO - Inserted to db
[2023-05-09T04:57:19.914+0000] {ml_response_dag.py:35} INFO - {}
[2023-05-09T04:57:19.915+0000] {ml_response_dag.py:36} INFO - 7
[2023-05-09T04:57:19.917+0000] {ml_response_dag.py:37} INFO - Inserted to db
[2023-05-09T04:57:19.922+0000] {ml_response_dag.py:35} INFO - {'value': '633', 'score': 0.77, 'ocr_score': 0.17, 'bounding_box': [0.44, 0.56, 0.26, 0.15]}
[2023-05-09T04:57:19.923+0000] {ml_response_dag.py:36} INFO - 7
[2023-05-09T04:57:19.924+0000] {ml_response_dag.py:37} INFO - Inserted to db
[2023-05-09T04:57:19.927+0000] {ml_response_dag.py:35} INFO - {'value': '609', 'score': 0.47, 'ocr_score': 0.56, 'bounding_box': [0.3, 0.87, 0.78, 0.92]}
[2023-05-09T04:57:19.929+0000] {ml_response_dag.py:36} INFO - 8
[2023-05-09T04:57:19.936+0000] {ml_response_dag.py:37} INFO - Inserted to db
[2023-05-09T04:57:19.938+0000] {ml_response_dag.py:35} INFO - {'value': '331', 'score': 0.49, 'ocr_score': 0.99, 'bounding_box': [0.55, 0.36, 0.08, 0.43]}
[2023-05-09T04:57:19.940+0000] {ml_response_dag.py:36} INFO - 8
[2023-05-09T04:57:19.941+0000] {ml_response_dag.py:37} INFO - Inserted to db
[2023-05-09T04:57:19.942+0000] {ml_response_dag.py:35} INFO - {'value': '142', 'score': 0.0, 'ocr_score': 0.58, 'bounding_box': [0.17, 0.36, 0.83, 0.62]}
[2023-05-09T04:57:19.942+0000] {ml_response_dag.py:36} INFO - 8
[2023-05-09T04:57:19.943+0000] {ml_response_dag.py:37} INFO - Inserted to db
[2023-05-09T04:57:19.944+0000] {ml_response_dag.py:35} INFO - {}
[2023-05-09T04:57:19.945+0000] {ml_response_dag.py:36} INFO - 8
[2023-05-09T04:57:19.946+0000] {ml_response_dag.py:37} INFO - Inserted to db
[2023-05-09T04:57:19.946+0000] {ml_response_dag.py:35} INFO - {}
[2023-05-09T04:57:19.949+0000] {ml_response_dag.py:36} INFO - 8
[2023-05-09T04:57:19.950+0000] {ml_response_dag.py:37} INFO - Inserted to db
[2023-05-09T04:57:19.951+0000] {ml_response_dag.py:35} INFO - {}
[2023-05-09T04:57:19.952+0000] {ml_response_dag.py:36} INFO - 8
[2023-05-09T04:57:19.952+0000] {ml_response_dag.py:37} INFO - Inserted to db
[2023-05-09T04:57:19.954+0000] {ml_response_dag.py:35} INFO - {'value': '826', 'score': 0.74, 'ocr_score': 0.69, 'bounding_box': [0.98, 0.11, 0.14, 0.96]}
[2023-05-09T04:57:19.955+0000] {ml_response_dag.py:36} INFO - 8
[2023-05-09T04:57:19.956+0000] {ml_response_dag.py:37} INFO - Inserted to db
[2023-05-09T04:57:19.957+0000] {ml_response_dag.py:35} INFO - {}
[2023-05-09T04:57:19.958+0000] {ml_response_dag.py:36} INFO - 8
[2023-05-09T04:57:19.958+0000] {ml_response_dag.py:37} INFO - Inserted to db
[2023-05-09T04:57:19.959+0000] {ml_response_dag.py:35} INFO - {'value': '299', 'score': 0.85, 'ocr_score': 0.04, 'bounding_box': [0.14, 0.46, 0.06, 0.65]}
[2023-05-09T04:57:19.959+0000] {ml_response_dag.py:36} INFO - 8
[2023-05-09T04:57:19.960+0000] {ml_response_dag.py:37} INFO - Inserted to db
[2023-05-09T04:57:19.960+0000] {ml_response_dag.py:35} INFO - {'value': '362', 'score': 0.62, 'ocr_score': 0.51, 'bounding_box': [0.42, 0.48, 0.21, 0.45]}
[2023-05-09T04:57:19.961+0000] {ml_response_dag.py:36} INFO - 9
[2023-05-09T04:57:19.961+0000] {ml_response_dag.py:37} INFO - Inserted to db
[2023-05-09T04:57:19.963+0000] {ml_response_dag.py:35} INFO - {'value': '288', 'score': 0.77, 'ocr_score': 0.23, 'bounding_box': [0.16, 0.03, 0.68, 0.81]}
[2023-05-09T04:57:19.966+0000] {ml_response_dag.py:36} INFO - 9
[2023-05-09T04:57:19.967+0000] {ml_response_dag.py:37} INFO - Inserted to db
[2023-05-09T04:57:19.969+0000] {ml_response_dag.py:35} INFO - {'value': '803', 'score': 0.03, 'ocr_score': 0.42, 'bounding_box': [0.05, 0.5, 0.56, 0.95]}
[2023-05-09T04:57:19.969+0000] {ml_response_dag.py:36} INFO - 9
[2023-05-09T04:57:19.970+0000] {ml_response_dag.py:37} INFO - Inserted to db
[2023-05-09T04:57:19.970+0000] {ml_response_dag.py:35} INFO - {'value': '750', 'score': 0.85, 'ocr_score': 0.27, 'bounding_box': [0.71, 0.07, 0.54, 0.9]}
[2023-05-09T04:57:19.971+0000] {ml_response_dag.py:36} INFO - 9
[2023-05-09T04:57:19.971+0000] {ml_response_dag.py:37} INFO - Inserted to db
[2023-05-09T04:57:19.972+0000] {ml_response_dag.py:35} INFO - {'value': '148', 'score': 0.41, 'ocr_score': 0.97, 'bounding_box': [0.44, 0.51, 0.69, 0.67]}
[2023-05-09T04:57:19.972+0000] {ml_response_dag.py:36} INFO - 9
[2023-05-09T04:57:19.974+0000] {ml_response_dag.py:37} INFO - Inserted to db
[2023-05-09T04:57:19.978+0000] {ml_response_dag.py:35} INFO - {'value': '161', 'score': 0.49, 'ocr_score': 0.58, 'bounding_box': [0.51, 0.51, 0.55, 0.06]}
[2023-05-09T04:57:19.979+0000] {ml_response_dag.py:36} INFO - 9
[2023-05-09T04:57:19.981+0000] {ml_response_dag.py:37} INFO - Inserted to db
[2023-05-09T04:57:19.982+0000] {ml_response_dag.py:35} INFO - {}
[2023-05-09T04:57:19.982+0000] {ml_response_dag.py:36} INFO - 9
[2023-05-09T04:57:19.983+0000] {ml_response_dag.py:37} INFO - Inserted to db
[2023-05-09T04:57:19.987+0000] {ml_response_dag.py:35} INFO - {}
[2023-05-09T04:57:19.988+0000] {ml_response_dag.py:36} INFO - 9
[2023-05-09T04:57:19.988+0000] {ml_response_dag.py:37} INFO - Inserted to db
[2023-05-09T04:57:19.989+0000] {ml_response_dag.py:35} INFO - {}
[2023-05-09T04:57:19.990+0000] {ml_response_dag.py:36} INFO - 9
[2023-05-09T04:57:19.991+0000] {ml_response_dag.py:37} INFO - Inserted to db
[2023-05-09T04:57:19.993+0000] {ml_response_dag.py:35} INFO - {'value': '842', 'score': 0.47, 'ocr_score': 0.75, 'bounding_box': [0.16, 0.91, 0.32, 0.53]}
[2023-05-09T04:57:19.993+0000] {ml_response_dag.py:36} INFO - 10
[2023-05-09T04:57:19.994+0000] {ml_response_dag.py:37} INFO - Inserted to db
[2023-05-09T04:57:19.996+0000] {ml_response_dag.py:35} INFO - {}
[2023-05-09T04:57:19.996+0000] {ml_response_dag.py:36} INFO - 10
[2023-05-09T04:57:19.997+0000] {ml_response_dag.py:37} INFO - Inserted to db
[2023-05-09T04:57:19.997+0000] {ml_response_dag.py:35} INFO - {}
[2023-05-09T04:57:19.998+0000] {ml_response_dag.py:36} INFO - 10
[2023-05-09T04:57:19.999+0000] {ml_response_dag.py:37} INFO - Inserted to db
[2023-05-09T04:57:20.000+0000] {ml_response_dag.py:35} INFO - {'value': '458', 'score': 0.81, 'ocr_score': 0.31, 'bounding_box': [0.69, 0.54, 0.48, 0.39]}
[2023-05-09T04:57:20.001+0000] {ml_response_dag.py:36} INFO - 10
[2023-05-09T04:57:20.001+0000] {ml_response_dag.py:37} INFO - Inserted to db
[2023-05-09T04:57:20.002+0000] {ml_response_dag.py:35} INFO - {'value': '776', 'score': 0.77, 'ocr_score': 0.34, 'bounding_box': [0.76, 0.85, 0.56, 0.82]}
[2023-05-09T04:57:20.003+0000] {ml_response_dag.py:36} INFO - 10
[2023-05-09T04:57:20.004+0000] {ml_response_dag.py:37} INFO - Inserted to db
[2023-05-09T04:57:20.005+0000] {ml_response_dag.py:35} INFO - {}
[2023-05-09T04:57:20.007+0000] {ml_response_dag.py:36} INFO - 10
[2023-05-09T04:57:20.008+0000] {ml_response_dag.py:37} INFO - Inserted to db
[2023-05-09T04:57:20.010+0000] {ml_response_dag.py:35} INFO - {'value': '51', 'score': 0.76, 'ocr_score': 0.29, 'bounding_box': [0.79, 0.88, 0.43, 0.21]}
[2023-05-09T04:57:20.011+0000] {ml_response_dag.py:36} INFO - 10
[2023-05-09T04:57:20.013+0000] {ml_response_dag.py:37} INFO - Inserted to db
[2023-05-09T04:57:20.016+0000] {ml_response_dag.py:35} INFO - {'value': '843', 'score': 0.05, 'ocr_score': 0.96, 'bounding_box': [0.84, 0.04, 0.6, 0.52]}
[2023-05-09T04:57:20.017+0000] {ml_response_dag.py:36} INFO - 10
[2023-05-09T04:57:20.019+0000] {ml_response_dag.py:37} INFO - Inserted to db
[2023-05-09T04:57:20.021+0000] {ml_response_dag.py:35} INFO - {'value': '517', 'score': 0.75, 'ocr_score': 0.74, 'bounding_box': [0.65, 0.92, 0.1, 0.59]}
[2023-05-09T04:57:20.021+0000] {ml_response_dag.py:36} INFO - 10
[2023-05-09T04:57:20.022+0000] {ml_response_dag.py:37} INFO - Inserted to db
[2023-05-09T04:57:20.024+0000] {ml_response_dag.py:35} INFO - {}
[2023-05-09T04:57:20.029+0000] {ml_response_dag.py:36} INFO - 11
[2023-05-09T04:57:20.030+0000] {ml_response_dag.py:37} INFO - Inserted to db
[2023-05-09T04:57:20.035+0000] {ml_response_dag.py:35} INFO - {}
[2023-05-09T04:57:20.036+0000] {ml_response_dag.py:36} INFO - 11
[2023-05-09T04:57:20.036+0000] {ml_response_dag.py:37} INFO - Inserted to db
[2023-05-09T04:57:20.037+0000] {ml_response_dag.py:35} INFO - {'value': '288', 'score': 0.6, 'ocr_score': 0.29, 'bounding_box': [0.96, 0.39, 0.81, 0.96]}
[2023-05-09T04:57:20.038+0000] {ml_response_dag.py:36} INFO - 11
[2023-05-09T04:57:20.039+0000] {ml_response_dag.py:37} INFO - Inserted to db
[2023-05-09T04:57:20.040+0000] {ml_response_dag.py:35} INFO - {'value': '878', 'score': 0.44, 'ocr_score': 0.56, 'bounding_box': [0.46, 0.03, 0.06, 0.3]}
[2023-05-09T04:57:20.041+0000] {ml_response_dag.py:36} INFO - 11
[2023-05-09T04:57:20.042+0000] {ml_response_dag.py:37} INFO - Inserted to db
[2023-05-09T04:57:20.043+0000] {ml_response_dag.py:35} INFO - {}
[2023-05-09T04:57:20.043+0000] {ml_response_dag.py:36} INFO - 11
[2023-05-09T04:57:20.044+0000] {ml_response_dag.py:37} INFO - Inserted to db
[2023-05-09T04:57:20.044+0000] {ml_response_dag.py:35} INFO - {}
[2023-05-09T04:57:20.047+0000] {ml_response_dag.py:36} INFO - 11
[2023-05-09T04:57:20.051+0000] {ml_response_dag.py:37} INFO - Inserted to db
[2023-05-09T04:57:20.058+0000] {ml_response_dag.py:35} INFO - {}
[2023-05-09T04:57:20.059+0000] {ml_response_dag.py:36} INFO - 11
[2023-05-09T04:57:20.062+0000] {ml_response_dag.py:37} INFO - Inserted to db
[2023-05-09T04:57:20.062+0000] {ml_response_dag.py:35} INFO - {'value': '650', 'score': 0.79, 'ocr_score': 0.64, 'bounding_box': [0.13, 0.78, 0.29, 0.37]}
[2023-05-09T04:57:20.063+0000] {ml_response_dag.py:36} INFO - 11
[2023-05-09T04:57:20.064+0000] {ml_response_dag.py:37} INFO - Inserted to db
[2023-05-09T04:57:20.064+0000] {ml_response_dag.py:35} INFO - {}
[2023-05-09T04:57:20.067+0000] {ml_response_dag.py:36} INFO - 11
[2023-05-09T04:57:20.068+0000] {ml_response_dag.py:37} INFO - Inserted to db
[2023-05-09T04:57:20.068+0000] {ml_response_dag.py:35} INFO - {'value': '643', 'score': 0.23, 'ocr_score': 0.72, 'bounding_box': [0.01, 0.39, 0.58, 0.53]}
[2023-05-09T04:57:20.069+0000] {ml_response_dag.py:36} INFO - 12
[2023-05-09T04:57:20.069+0000] {ml_response_dag.py:37} INFO - Inserted to db
[2023-05-09T04:57:20.071+0000] {ml_response_dag.py:35} INFO - {}
[2023-05-09T04:57:20.072+0000] {ml_response_dag.py:36} INFO - 13
[2023-05-09T04:57:20.073+0000] {ml_response_dag.py:37} INFO - Inserted to db
[2023-05-09T04:57:20.076+0000] {ml_response_dag.py:35} INFO - {}
[2023-05-09T04:57:20.077+0000] {ml_response_dag.py:36} INFO - 14
[2023-05-09T04:57:20.078+0000] {ml_response_dag.py:37} INFO - Inserted to db
[2023-05-09T04:57:20.079+0000] {ml_response_dag.py:35} INFO - {'value': '141', 'score': 0.27, 'ocr_score': 0.93, 'bounding_box': [0.24, 0.73, 0.11, 0.89]}
[2023-05-09T04:57:20.080+0000] {ml_response_dag.py:36} INFO - 15
[2023-05-09T04:57:20.081+0000] {ml_response_dag.py:37} INFO - Inserted to db
[2023-05-09T04:57:20.083+0000] {ml_response_dag.py:35} INFO - {'value': '59', 'score': 0.45, 'ocr_score': 0.57, 'bounding_box': [0.45, 0.64, 0.68, 0.17]}
[2023-05-09T04:57:20.083+0000] {ml_response_dag.py:36} INFO - 15
[2023-05-09T04:57:20.084+0000] {ml_response_dag.py:37} INFO - Inserted to db
[2023-05-09T04:57:20.084+0000] {ml_response_dag.py:35} INFO - {'value': '333', 'score': 0.34, 'ocr_score': 0.85, 'bounding_box': [0.81, 0.57, 0.99, 0.77]}
[2023-05-09T04:57:20.085+0000] {ml_response_dag.py:36} INFO - 15
[2023-05-09T04:57:20.085+0000] {ml_response_dag.py:37} INFO - Inserted to db
[2023-05-09T04:57:20.086+0000] {ml_response_dag.py:35} INFO - {'value': '257', 'score': 0.11, 'ocr_score': 0.43, 'bounding_box': [0.37, 0.55, 0.53, 0.66]}
[2023-05-09T04:57:20.087+0000] {ml_response_dag.py:36} INFO - 15
[2023-05-09T04:57:20.087+0000] {ml_response_dag.py:37} INFO - Inserted to db
[2023-05-09T04:57:20.088+0000] {ml_response_dag.py:35} INFO - {'value': '190', 'score': 0.21, 'ocr_score': 0.83, 'bounding_box': [0.88, 0.83, 0.57, 0.11]}
[2023-05-09T04:57:20.088+0000] {ml_response_dag.py:36} INFO - 15
[2023-05-09T04:57:20.089+0000] {ml_response_dag.py:37} INFO - Inserted to db
[2023-05-09T04:57:20.090+0000] {ml_response_dag.py:35} INFO - {}
[2023-05-09T04:57:20.091+0000] {ml_response_dag.py:36} INFO - 15
[2023-05-09T04:57:20.093+0000] {ml_response_dag.py:37} INFO - Inserted to db
[2023-05-09T04:57:20.094+0000] {ml_response_dag.py:35} INFO - {}
[2023-05-09T04:57:20.094+0000] {ml_response_dag.py:36} INFO - 15
[2023-05-09T04:57:20.095+0000] {ml_response_dag.py:37} INFO - Inserted to db
[2023-05-09T04:57:20.095+0000] {ml_response_dag.py:35} INFO - {}
[2023-05-09T04:57:20.096+0000] {ml_response_dag.py:36} INFO - 15
[2023-05-09T04:57:20.096+0000] {ml_response_dag.py:37} INFO - Inserted to db
[2023-05-09T04:57:20.096+0000] {ml_response_dag.py:35} INFO - {'value': '475', 'score': 0.57, 'ocr_score': 0.49, 'bounding_box': [0.4, 0.3, 0.99, 0.32]}
[2023-05-09T04:57:20.097+0000] {ml_response_dag.py:36} INFO - 15
[2023-05-09T04:57:20.097+0000] {ml_response_dag.py:37} INFO - Inserted to db
[2023-05-09T04:57:20.098+0000] {ml_response_dag.py:35} INFO - {'value': '745', 'score': 0.84, 'ocr_score': 0.82, 'bounding_box': [0.84, 0.57, 0.94, 0.44]}
[2023-05-09T04:57:20.098+0000] {ml_response_dag.py:36} INFO - 16
[2023-05-09T04:57:20.099+0000] {ml_response_dag.py:37} INFO - Inserted to db
[2023-05-09T04:57:20.101+0000] {python.py:183} INFO - Done. Returned value was: None
[2023-05-09T04:57:20.129+0000] {taskinstance.py:1373} INFO - Marking task as SUCCESS. dag_id=veryfi_extract_total, task_id=extract_and_load, execution_date=20230508T075000, start_date=20230509T045718, end_date=20230509T045720
[2023-05-09T04:57:20.188+0000] {local_task_job_runner.py:232} INFO - Task exited with return code 0
[2023-05-09T04:57:20.246+0000] {taskinstance.py:2674} INFO - 0 downstream tasks scheduled from follow-on schedule check
