[2023-05-09T04:45:53.086+0000] {taskinstance.py:1125} INFO - Dependencies all met for dep_context=non-requeueable deps ti=<TaskInstance: veryfi_extract_total.extract_and_load scheduled__2023-05-08T00:30:00+00:00 [queued]>
[2023-05-09T04:45:53.103+0000] {taskinstance.py:1125} INFO - Dependencies all met for dep_context=requeueable deps ti=<TaskInstance: veryfi_extract_total.extract_and_load scheduled__2023-05-08T00:30:00+00:00 [queued]>
[2023-05-09T04:45:53.104+0000] {taskinstance.py:1331} INFO - Starting attempt 1 of 2
[2023-05-09T04:45:53.144+0000] {taskinstance.py:1350} INFO - Executing <Task(PythonOperator): extract_and_load> on 2023-05-08 00:30:00+00:00
[2023-05-09T04:45:53.168+0000] {standard_task_runner.py:57} INFO - Started process 950 to run task
[2023-05-09T04:45:53.212+0000] {standard_task_runner.py:84} INFO - Running: ['***', 'tasks', 'run', 'veryfi_extract_total', 'extract_and_load', 'scheduled__2023-05-08T00:30:00+00:00', '--job-id', '195', '--raw', '--subdir', 'DAGS_FOLDER/ml_response_dag.py', '--cfg-path', '/tmp/tmpw1ecva2z']
[2023-05-09T04:45:53.217+0000] {standard_task_runner.py:85} INFO - Job 195: Subtask extract_and_load
[2023-05-09T04:45:53.403+0000] {task_command.py:410} INFO - Running <TaskInstance: veryfi_extract_total.extract_and_load scheduled__2023-05-08T00:30:00+00:00 [running]> on host aa4b7d3de44b
[2023-05-09T04:45:53.795+0000] {taskinstance.py:1570} INFO - Exporting env vars: AIRFLOW_CTX_DAG_OWNER='***' AIRFLOW_CTX_DAG_ID='veryfi_extract_total' AIRFLOW_CTX_TASK_ID='extract_and_load' AIRFLOW_CTX_EXECUTION_DATE='2023-05-08T00:30:00+00:00' AIRFLOW_CTX_TRY_NUMBER='1' AIRFLOW_CTX_DAG_RUN_ID='scheduled__2023-05-08T00:30:00+00:00'
[2023-05-09T04:45:53.815+0000] {ml_response_dag.py:36} INFO - {}
[2023-05-09T04:45:53.816+0000] {ml_response_dag.py:37} INFO - 1
[2023-05-09T04:45:53.818+0000] {ml_response_dag.py:36} INFO - {'value': '544', 'score': 0.22, 'ocr_score': 0.81, 'bounding_box': [0.22, 0.37, 0.38, 0.52]}
[2023-05-09T04:45:53.819+0000] {ml_response_dag.py:37} INFO - 1
[2023-05-09T04:45:53.819+0000] {ml_response_dag.py:36} INFO - {}
[2023-05-09T04:45:53.820+0000] {ml_response_dag.py:37} INFO - 1
[2023-05-09T04:45:53.820+0000] {ml_response_dag.py:36} INFO - {}
[2023-05-09T04:45:53.821+0000] {ml_response_dag.py:37} INFO - 1
[2023-05-09T04:45:53.822+0000] {ml_response_dag.py:36} INFO - {}
[2023-05-09T04:45:53.823+0000] {ml_response_dag.py:37} INFO - 1
[2023-05-09T04:45:53.824+0000] {ml_response_dag.py:36} INFO - {}
[2023-05-09T04:45:53.824+0000] {ml_response_dag.py:37} INFO - 1
[2023-05-09T04:45:53.824+0000] {ml_response_dag.py:36} INFO - {'value': '660', 'score': 0.48, 'ocr_score': 0.32, 'bounding_box': [0.07, 0.82, 0.06, 0.37]}
[2023-05-09T04:45:53.825+0000] {ml_response_dag.py:37} INFO - 1
[2023-05-09T04:45:53.827+0000] {ml_response_dag.py:36} INFO - {}
[2023-05-09T04:45:53.827+0000] {ml_response_dag.py:37} INFO - 1
[2023-05-09T04:45:53.828+0000] {ml_response_dag.py:36} INFO - {'value': '801', 'score': 0.92, 'ocr_score': 0.28, 'bounding_box': [0.56, 0.9, 0.37, 0.79]}
[2023-05-09T04:45:53.828+0000] {ml_response_dag.py:37} INFO - 1
[2023-05-09T04:45:53.828+0000] {ml_response_dag.py:36} INFO - {}
[2023-05-09T04:45:53.829+0000] {ml_response_dag.py:37} INFO - 2
[2023-05-09T04:45:53.829+0000] {ml_response_dag.py:36} INFO - {}
[2023-05-09T04:45:53.829+0000] {ml_response_dag.py:37} INFO - 2
[2023-05-09T04:45:53.830+0000] {ml_response_dag.py:36} INFO - {'value': '880', 'score': 0.06, 'ocr_score': 0.1, 'bounding_box': [0.76, 0.47, 0.16, 0.27]}
[2023-05-09T04:45:53.830+0000] {ml_response_dag.py:37} INFO - 2
[2023-05-09T04:45:53.830+0000] {ml_response_dag.py:36} INFO - {'value': '380', 'score': 0.11, 'ocr_score': 0.36, 'bounding_box': [0.99, 0.15, 0.39, 0.03]}
[2023-05-09T04:45:53.831+0000] {ml_response_dag.py:37} INFO - 2
[2023-05-09T04:45:53.833+0000] {ml_response_dag.py:36} INFO - {}
[2023-05-09T04:45:53.834+0000] {ml_response_dag.py:37} INFO - 2
[2023-05-09T04:45:53.836+0000] {ml_response_dag.py:36} INFO - {'value': '770', 'score': 0.37, 'ocr_score': 0.84, 'bounding_box': [0.79, 0.15, 0.82, 0.6]}
[2023-05-09T04:45:53.836+0000] {ml_response_dag.py:37} INFO - 2
[2023-05-09T04:45:53.837+0000] {ml_response_dag.py:36} INFO - {}
[2023-05-09T04:45:53.838+0000] {ml_response_dag.py:37} INFO - 2
[2023-05-09T04:45:53.838+0000] {ml_response_dag.py:36} INFO - {}
[2023-05-09T04:45:53.839+0000] {ml_response_dag.py:37} INFO - 2
[2023-05-09T04:45:53.839+0000] {ml_response_dag.py:36} INFO - {}
[2023-05-09T04:45:53.840+0000] {ml_response_dag.py:37} INFO - 2
[2023-05-09T04:45:53.840+0000] {ml_response_dag.py:36} INFO - {}
[2023-05-09T04:45:53.840+0000] {ml_response_dag.py:37} INFO - 3
[2023-05-09T04:45:53.841+0000] {ml_response_dag.py:36} INFO - {}
[2023-05-09T04:45:53.841+0000] {ml_response_dag.py:37} INFO - 4
[2023-05-09T04:45:53.841+0000] {ml_response_dag.py:36} INFO - {}
[2023-05-09T04:45:53.842+0000] {ml_response_dag.py:37} INFO - 5
[2023-05-09T04:45:53.844+0000] {ml_response_dag.py:36} INFO - {}
[2023-05-09T04:45:53.844+0000] {ml_response_dag.py:37} INFO - 5
[2023-05-09T04:45:53.844+0000] {ml_response_dag.py:36} INFO - {'value': '418', 'score': 0.49, 'ocr_score': 0.15, 'bounding_box': [0.88, 0.92, 0.46, 0.3]}
[2023-05-09T04:45:53.845+0000] {ml_response_dag.py:37} INFO - 5
[2023-05-09T04:45:53.846+0000] {ml_response_dag.py:36} INFO - {}
[2023-05-09T04:45:53.848+0000] {ml_response_dag.py:37} INFO - 5
[2023-05-09T04:45:53.848+0000] {ml_response_dag.py:36} INFO - {}
[2023-05-09T04:45:53.849+0000] {ml_response_dag.py:37} INFO - 5
[2023-05-09T04:45:53.849+0000] {ml_response_dag.py:36} INFO - {'value': '78', 'score': 0.03, 'ocr_score': 0.66, 'bounding_box': [0.31, 0.81, 0.43, 0.03]}
[2023-05-09T04:45:53.849+0000] {ml_response_dag.py:37} INFO - 5
[2023-05-09T04:45:53.850+0000] {ml_response_dag.py:36} INFO - {}
[2023-05-09T04:45:53.853+0000] {ml_response_dag.py:37} INFO - 5
[2023-05-09T04:45:53.855+0000] {ml_response_dag.py:36} INFO - {'value': '889', 'score': 0.72, 'ocr_score': 0.56, 'bounding_box': [0.38, 0.17, 0.28, 1.0]}
[2023-05-09T04:45:53.855+0000] {ml_response_dag.py:37} INFO - 5
[2023-05-09T04:45:53.856+0000] {ml_response_dag.py:36} INFO - {'value': '292', 'score': 0.23, 'ocr_score': 0.39, 'bounding_box': [0.45, 0.93, 0.07, 0.2]}
[2023-05-09T04:45:53.856+0000] {ml_response_dag.py:37} INFO - 5
[2023-05-09T04:45:53.857+0000] {ml_response_dag.py:36} INFO - {}
[2023-05-09T04:45:53.857+0000] {ml_response_dag.py:37} INFO - 6
[2023-05-09T04:45:53.860+0000] {ml_response_dag.py:36} INFO - {'value': '542', 'score': 0.01, 'ocr_score': 0.03, 'bounding_box': [0.27, 0.53, 0.77, 0.97]}
[2023-05-09T04:45:53.861+0000] {ml_response_dag.py:37} INFO - 7
[2023-05-09T04:45:53.862+0000] {ml_response_dag.py:36} INFO - {'value': '342', 'score': 0.56, 'ocr_score': 0.14, 'bounding_box': [0.77, 0.91, 0.18, 0.2]}
[2023-05-09T04:45:53.862+0000] {ml_response_dag.py:37} INFO - 7
[2023-05-09T04:45:53.863+0000] {ml_response_dag.py:36} INFO - {'value': '967', 'score': 0.78, 'ocr_score': 0.39, 'bounding_box': [0.86, 0.38, 0.41, 0.36]}
[2023-05-09T04:45:53.866+0000] {ml_response_dag.py:37} INFO - 7
[2023-05-09T04:45:53.867+0000] {ml_response_dag.py:36} INFO - {'value': '100', 'score': 0.68, 'ocr_score': 0.75, 'bounding_box': [0.32, 0.6, 0.97, 0.05]}
[2023-05-09T04:45:53.868+0000] {ml_response_dag.py:37} INFO - 7
[2023-05-09T04:45:53.868+0000] {ml_response_dag.py:36} INFO - {}
[2023-05-09T04:45:53.869+0000] {ml_response_dag.py:37} INFO - 7
[2023-05-09T04:45:53.869+0000] {ml_response_dag.py:36} INFO - {}
[2023-05-09T04:45:53.869+0000] {ml_response_dag.py:37} INFO - 7
[2023-05-09T04:45:53.870+0000] {ml_response_dag.py:36} INFO - {'value': '858', 'score': 0.94, 'ocr_score': 0.64, 'bounding_box': [0.22, 0.37, 0.17, 0.07]}
[2023-05-09T04:45:53.871+0000] {ml_response_dag.py:37} INFO - 7
[2023-05-09T04:45:53.872+0000] {ml_response_dag.py:36} INFO - {}
[2023-05-09T04:45:53.872+0000] {ml_response_dag.py:37} INFO - 7
[2023-05-09T04:45:53.873+0000] {ml_response_dag.py:36} INFO - {'value': '633', 'score': 0.77, 'ocr_score': 0.17, 'bounding_box': [0.44, 0.56, 0.26, 0.15]}
[2023-05-09T04:45:53.873+0000] {ml_response_dag.py:37} INFO - 7
[2023-05-09T04:45:53.874+0000] {ml_response_dag.py:36} INFO - {'value': '609', 'score': 0.47, 'ocr_score': 0.56, 'bounding_box': [0.3, 0.87, 0.78, 0.92]}
[2023-05-09T04:45:53.875+0000] {ml_response_dag.py:37} INFO - 8
[2023-05-09T04:45:53.875+0000] {ml_response_dag.py:36} INFO - {'value': '331', 'score': 0.49, 'ocr_score': 0.99, 'bounding_box': [0.55, 0.36, 0.08, 0.43]}
[2023-05-09T04:45:53.876+0000] {ml_response_dag.py:37} INFO - 8
[2023-05-09T04:45:53.878+0000] {ml_response_dag.py:36} INFO - {'value': '142', 'score': 0.0, 'ocr_score': 0.58, 'bounding_box': [0.17, 0.36, 0.83, 0.62]}
[2023-05-09T04:45:53.879+0000] {ml_response_dag.py:37} INFO - 8
[2023-05-09T04:45:53.879+0000] {ml_response_dag.py:36} INFO - {}
[2023-05-09T04:45:53.880+0000] {ml_response_dag.py:37} INFO - 8
[2023-05-09T04:45:53.880+0000] {ml_response_dag.py:36} INFO - {}
[2023-05-09T04:45:53.881+0000] {ml_response_dag.py:37} INFO - 8
[2023-05-09T04:45:53.881+0000] {ml_response_dag.py:36} INFO - {}
[2023-05-09T04:45:53.881+0000] {ml_response_dag.py:37} INFO - 8
[2023-05-09T04:45:53.882+0000] {ml_response_dag.py:36} INFO - {'value': '826', 'score': 0.74, 'ocr_score': 0.69, 'bounding_box': [0.98, 0.11, 0.14, 0.96]}
[2023-05-09T04:45:53.882+0000] {ml_response_dag.py:37} INFO - 8
[2023-05-09T04:45:53.883+0000] {ml_response_dag.py:36} INFO - {}
[2023-05-09T04:45:53.883+0000] {ml_response_dag.py:37} INFO - 8
[2023-05-09T04:45:53.885+0000] {ml_response_dag.py:36} INFO - {'value': '299', 'score': 0.85, 'ocr_score': 0.04, 'bounding_box': [0.14, 0.46, 0.06, 0.65]}
[2023-05-09T04:45:53.885+0000] {ml_response_dag.py:37} INFO - 8
[2023-05-09T04:45:53.886+0000] {ml_response_dag.py:36} INFO - {'value': '362', 'score': 0.62, 'ocr_score': 0.51, 'bounding_box': [0.42, 0.48, 0.21, 0.45]}
[2023-05-09T04:45:53.887+0000] {ml_response_dag.py:37} INFO - 9
[2023-05-09T04:45:53.887+0000] {ml_response_dag.py:36} INFO - {'value': '288', 'score': 0.77, 'ocr_score': 0.23, 'bounding_box': [0.16, 0.03, 0.68, 0.81]}
[2023-05-09T04:45:53.887+0000] {ml_response_dag.py:37} INFO - 9
[2023-05-09T04:45:53.887+0000] {ml_response_dag.py:36} INFO - {'value': '803', 'score': 0.03, 'ocr_score': 0.42, 'bounding_box': [0.05, 0.5, 0.56, 0.95]}
[2023-05-09T04:45:53.888+0000] {ml_response_dag.py:37} INFO - 9
[2023-05-09T04:45:53.888+0000] {ml_response_dag.py:36} INFO - {'value': '750', 'score': 0.85, 'ocr_score': 0.27, 'bounding_box': [0.71, 0.07, 0.54, 0.9]}
[2023-05-09T04:45:53.889+0000] {ml_response_dag.py:37} INFO - 9
[2023-05-09T04:45:53.889+0000] {ml_response_dag.py:36} INFO - {'value': '148', 'score': 0.41, 'ocr_score': 0.97, 'bounding_box': [0.44, 0.51, 0.69, 0.67]}
[2023-05-09T04:45:53.889+0000] {ml_response_dag.py:37} INFO - 9
[2023-05-09T04:45:53.889+0000] {ml_response_dag.py:36} INFO - {'value': '161', 'score': 0.49, 'ocr_score': 0.58, 'bounding_box': [0.51, 0.51, 0.55, 0.06]}
[2023-05-09T04:45:53.890+0000] {ml_response_dag.py:37} INFO - 9
[2023-05-09T04:45:53.890+0000] {ml_response_dag.py:36} INFO - {}
[2023-05-09T04:45:53.890+0000] {ml_response_dag.py:37} INFO - 9
[2023-05-09T04:45:53.891+0000] {ml_response_dag.py:36} INFO - {}
[2023-05-09T04:45:53.891+0000] {ml_response_dag.py:37} INFO - 9
[2023-05-09T04:45:53.891+0000] {ml_response_dag.py:36} INFO - {}
[2023-05-09T04:45:53.892+0000] {ml_response_dag.py:37} INFO - 9
[2023-05-09T04:45:53.892+0000] {ml_response_dag.py:36} INFO - {'value': '842', 'score': 0.47, 'ocr_score': 0.75, 'bounding_box': [0.16, 0.91, 0.32, 0.53]}
[2023-05-09T04:45:53.892+0000] {ml_response_dag.py:37} INFO - 10
[2023-05-09T04:45:53.893+0000] {ml_response_dag.py:36} INFO - {}
[2023-05-09T04:45:53.894+0000] {ml_response_dag.py:37} INFO - 10
[2023-05-09T04:45:53.894+0000] {ml_response_dag.py:36} INFO - {}
[2023-05-09T04:45:53.897+0000] {ml_response_dag.py:37} INFO - 10
[2023-05-09T04:45:53.902+0000] {ml_response_dag.py:36} INFO - {'value': '458', 'score': 0.81, 'ocr_score': 0.31, 'bounding_box': [0.69, 0.54, 0.48, 0.39]}
[2023-05-09T04:45:53.903+0000] {ml_response_dag.py:37} INFO - 10
[2023-05-09T04:45:53.903+0000] {ml_response_dag.py:36} INFO - {'value': '776', 'score': 0.77, 'ocr_score': 0.34, 'bounding_box': [0.76, 0.85, 0.56, 0.82]}
[2023-05-09T04:45:53.907+0000] {ml_response_dag.py:37} INFO - 10
[2023-05-09T04:45:53.908+0000] {ml_response_dag.py:36} INFO - {}
[2023-05-09T04:45:53.910+0000] {ml_response_dag.py:37} INFO - 10
[2023-05-09T04:45:53.911+0000] {ml_response_dag.py:36} INFO - {'value': '51', 'score': 0.76, 'ocr_score': 0.29, 'bounding_box': [0.79, 0.88, 0.43, 0.21]}
[2023-05-09T04:45:53.911+0000] {ml_response_dag.py:37} INFO - 10
[2023-05-09T04:45:53.912+0000] {ml_response_dag.py:36} INFO - {'value': '843', 'score': 0.05, 'ocr_score': 0.96, 'bounding_box': [0.84, 0.04, 0.6, 0.52]}
[2023-05-09T04:45:53.913+0000] {ml_response_dag.py:37} INFO - 10
[2023-05-09T04:45:53.914+0000] {ml_response_dag.py:36} INFO - {'value': '517', 'score': 0.75, 'ocr_score': 0.74, 'bounding_box': [0.65, 0.92, 0.1, 0.59]}
[2023-05-09T04:45:53.914+0000] {ml_response_dag.py:37} INFO - 10
[2023-05-09T04:45:53.915+0000] {ml_response_dag.py:36} INFO - {}
[2023-05-09T04:45:53.916+0000] {ml_response_dag.py:37} INFO - 11
[2023-05-09T04:45:53.919+0000] {ml_response_dag.py:36} INFO - {}
[2023-05-09T04:45:53.919+0000] {ml_response_dag.py:37} INFO - 11
[2023-05-09T04:45:53.919+0000] {ml_response_dag.py:36} INFO - {'value': '288', 'score': 0.6, 'ocr_score': 0.29, 'bounding_box': [0.96, 0.39, 0.81, 0.96]}
[2023-05-09T04:45:53.920+0000] {ml_response_dag.py:37} INFO - 11
[2023-05-09T04:45:53.920+0000] {ml_response_dag.py:36} INFO - {'value': '878', 'score': 0.44, 'ocr_score': 0.56, 'bounding_box': [0.46, 0.03, 0.06, 0.3]}
[2023-05-09T04:45:53.921+0000] {ml_response_dag.py:37} INFO - 11
[2023-05-09T04:45:53.921+0000] {ml_response_dag.py:36} INFO - {}
[2023-05-09T04:45:53.922+0000] {ml_response_dag.py:37} INFO - 11
[2023-05-09T04:45:53.922+0000] {ml_response_dag.py:36} INFO - {}
[2023-05-09T04:45:53.924+0000] {ml_response_dag.py:37} INFO - 11
[2023-05-09T04:45:53.925+0000] {ml_response_dag.py:36} INFO - {}
[2023-05-09T04:45:53.925+0000] {ml_response_dag.py:37} INFO - 11
[2023-05-09T04:45:53.925+0000] {ml_response_dag.py:36} INFO - {'value': '650', 'score': 0.79, 'ocr_score': 0.64, 'bounding_box': [0.13, 0.78, 0.29, 0.37]}
[2023-05-09T04:45:53.926+0000] {ml_response_dag.py:37} INFO - 11
[2023-05-09T04:45:53.926+0000] {ml_response_dag.py:36} INFO - {}
[2023-05-09T04:45:53.927+0000] {ml_response_dag.py:37} INFO - 11
[2023-05-09T04:45:53.927+0000] {ml_response_dag.py:36} INFO - {'value': '643', 'score': 0.23, 'ocr_score': 0.72, 'bounding_box': [0.01, 0.39, 0.58, 0.53]}
[2023-05-09T04:45:53.928+0000] {ml_response_dag.py:37} INFO - 12
[2023-05-09T04:45:53.928+0000] {ml_response_dag.py:36} INFO - {}
[2023-05-09T04:45:53.928+0000] {ml_response_dag.py:37} INFO - 13
[2023-05-09T04:45:53.929+0000] {ml_response_dag.py:36} INFO - {}
[2023-05-09T04:45:53.931+0000] {ml_response_dag.py:37} INFO - 14
[2023-05-09T04:45:53.934+0000] {ml_response_dag.py:36} INFO - {'value': '141', 'score': 0.27, 'ocr_score': 0.93, 'bounding_box': [0.24, 0.73, 0.11, 0.89]}
[2023-05-09T04:45:53.935+0000] {ml_response_dag.py:37} INFO - 15
[2023-05-09T04:45:53.936+0000] {ml_response_dag.py:36} INFO - {'value': '59', 'score': 0.45, 'ocr_score': 0.57, 'bounding_box': [0.45, 0.64, 0.68, 0.17]}
[2023-05-09T04:45:53.936+0000] {ml_response_dag.py:37} INFO - 15
[2023-05-09T04:45:53.937+0000] {ml_response_dag.py:36} INFO - {'value': '333', 'score': 0.34, 'ocr_score': 0.85, 'bounding_box': [0.81, 0.57, 0.99, 0.77]}
[2023-05-09T04:45:53.938+0000] {ml_response_dag.py:37} INFO - 15
[2023-05-09T04:45:53.939+0000] {ml_response_dag.py:36} INFO - {'value': '257', 'score': 0.11, 'ocr_score': 0.43, 'bounding_box': [0.37, 0.55, 0.53, 0.66]}
[2023-05-09T04:45:53.940+0000] {ml_response_dag.py:37} INFO - 15
[2023-05-09T04:45:53.940+0000] {ml_response_dag.py:36} INFO - {'value': '190', 'score': 0.21, 'ocr_score': 0.83, 'bounding_box': [0.88, 0.83, 0.57, 0.11]}
[2023-05-09T04:45:53.941+0000] {ml_response_dag.py:37} INFO - 15
[2023-05-09T04:45:53.941+0000] {ml_response_dag.py:36} INFO - {}
[2023-05-09T04:45:53.941+0000] {ml_response_dag.py:37} INFO - 15
[2023-05-09T04:45:53.942+0000] {ml_response_dag.py:36} INFO - {}
[2023-05-09T04:45:53.942+0000] {ml_response_dag.py:37} INFO - 15
[2023-05-09T04:45:53.943+0000] {ml_response_dag.py:36} INFO - {}
[2023-05-09T04:45:53.943+0000] {ml_response_dag.py:37} INFO - 15
[2023-05-09T04:45:53.944+0000] {ml_response_dag.py:36} INFO - {'value': '475', 'score': 0.57, 'ocr_score': 0.49, 'bounding_box': [0.4, 0.3, 0.99, 0.32]}
[2023-05-09T04:45:53.944+0000] {ml_response_dag.py:37} INFO - 15
[2023-05-09T04:45:53.947+0000] {ml_response_dag.py:36} INFO - {'value': '745', 'score': 0.84, 'ocr_score': 0.82, 'bounding_box': [0.84, 0.57, 0.94, 0.44]}
[2023-05-09T04:45:53.947+0000] {ml_response_dag.py:37} INFO - 16
[2023-05-09T04:45:53.948+0000] {python.py:183} INFO - Done. Returned value was: None
[2023-05-09T04:45:53.988+0000] {taskinstance.py:1373} INFO - Marking task as SUCCESS. dag_id=veryfi_extract_total, task_id=extract_and_load, execution_date=20230508T003000, start_date=20230509T044553, end_date=20230509T044553
[2023-05-09T04:45:54.065+0000] {local_task_job_runner.py:232} INFO - Task exited with return code 0
[2023-05-09T04:45:54.141+0000] {taskinstance.py:2674} INFO - 0 downstream tasks scheduled from follow-on schedule check
[2023-05-09T04:56:45.897+0000] {taskinstance.py:1125} INFO - Dependencies all met for dep_context=non-requeueable deps ti=<TaskInstance: veryfi_extract_total.extract_and_load scheduled__2023-05-08T00:30:00+00:00 [queued]>
[2023-05-09T04:56:46.002+0000] {taskinstance.py:1125} INFO - Dependencies all met for dep_context=requeueable deps ti=<TaskInstance: veryfi_extract_total.extract_and_load scheduled__2023-05-08T00:30:00+00:00 [queued]>
[2023-05-09T04:56:46.006+0000] {taskinstance.py:1331} INFO - Starting attempt 1 of 2
[2023-05-09T04:56:46.202+0000] {taskinstance.py:1350} INFO - Executing <Task(PythonOperator): extract_and_load> on 2023-05-08 00:30:00+00:00
[2023-05-09T04:56:46.242+0000] {standard_task_runner.py:57} INFO - Started process 1539 to run task
[2023-05-09T04:56:46.284+0000] {standard_task_runner.py:84} INFO - Running: ['***', 'tasks', 'run', 'veryfi_extract_total', 'extract_and_load', 'scheduled__2023-05-08T00:30:00+00:00', '--job-id', '395', '--raw', '--subdir', 'DAGS_FOLDER/ml_response_dag.py', '--cfg-path', '/tmp/tmpk4bh94jk']
[2023-05-09T04:56:46.293+0000] {standard_task_runner.py:85} INFO - Job 395: Subtask extract_and_load
[2023-05-09T04:56:46.558+0000] {task_command.py:410} INFO - Running <TaskInstance: veryfi_extract_total.extract_and_load scheduled__2023-05-08T00:30:00+00:00 [running]> on host aa4b7d3de44b
[2023-05-09T04:56:47.511+0000] {taskinstance.py:1570} INFO - Exporting env vars: AIRFLOW_CTX_DAG_OWNER='***' AIRFLOW_CTX_DAG_ID='veryfi_extract_total' AIRFLOW_CTX_TASK_ID='extract_and_load' AIRFLOW_CTX_EXECUTION_DATE='2023-05-08T00:30:00+00:00' AIRFLOW_CTX_TRY_NUMBER='1' AIRFLOW_CTX_DAG_RUN_ID='scheduled__2023-05-08T00:30:00+00:00'
[2023-05-09T04:56:47.573+0000] {ml_response_dag.py:35} INFO - {}
[2023-05-09T04:56:47.575+0000] {ml_response_dag.py:36} INFO - 1
[2023-05-09T04:56:47.578+0000] {ml_response_dag.py:37} INFO - Inserted to db
[2023-05-09T04:56:47.586+0000] {ml_response_dag.py:35} INFO - {'value': '544', 'score': 0.22, 'ocr_score': 0.81, 'bounding_box': [0.22, 0.37, 0.38, 0.52]}
[2023-05-09T04:56:47.588+0000] {ml_response_dag.py:36} INFO - 1
[2023-05-09T04:56:47.589+0000] {ml_response_dag.py:37} INFO - Inserted to db
[2023-05-09T04:56:47.595+0000] {ml_response_dag.py:35} INFO - {}
[2023-05-09T04:56:47.596+0000] {ml_response_dag.py:36} INFO - 1
[2023-05-09T04:56:47.597+0000] {ml_response_dag.py:37} INFO - Inserted to db
[2023-05-09T04:56:47.598+0000] {ml_response_dag.py:35} INFO - {}
[2023-05-09T04:56:47.598+0000] {ml_response_dag.py:36} INFO - 1
[2023-05-09T04:56:47.599+0000] {ml_response_dag.py:37} INFO - Inserted to db
[2023-05-09T04:56:47.600+0000] {ml_response_dag.py:35} INFO - {}
[2023-05-09T04:56:47.601+0000] {ml_response_dag.py:36} INFO - 1
[2023-05-09T04:56:47.602+0000] {ml_response_dag.py:37} INFO - Inserted to db
[2023-05-09T04:56:47.602+0000] {ml_response_dag.py:35} INFO - {}
[2023-05-09T04:56:47.603+0000] {ml_response_dag.py:36} INFO - 1
[2023-05-09T04:56:47.603+0000] {ml_response_dag.py:37} INFO - Inserted to db
[2023-05-09T04:56:47.605+0000] {ml_response_dag.py:35} INFO - {'value': '660', 'score': 0.48, 'ocr_score': 0.32, 'bounding_box': [0.07, 0.82, 0.06, 0.37]}
[2023-05-09T04:56:47.605+0000] {ml_response_dag.py:36} INFO - 1
[2023-05-09T04:56:47.606+0000] {ml_response_dag.py:37} INFO - Inserted to db
[2023-05-09T04:56:47.607+0000] {ml_response_dag.py:35} INFO - {}
[2023-05-09T04:56:47.607+0000] {ml_response_dag.py:36} INFO - 1
[2023-05-09T04:56:47.608+0000] {ml_response_dag.py:37} INFO - Inserted to db
[2023-05-09T04:56:47.608+0000] {ml_response_dag.py:35} INFO - {'value': '801', 'score': 0.92, 'ocr_score': 0.28, 'bounding_box': [0.56, 0.9, 0.37, 0.79]}
[2023-05-09T04:56:47.608+0000] {ml_response_dag.py:36} INFO - 1
[2023-05-09T04:56:47.609+0000] {ml_response_dag.py:37} INFO - Inserted to db
[2023-05-09T04:56:47.609+0000] {ml_response_dag.py:35} INFO - {}
[2023-05-09T04:56:47.609+0000] {ml_response_dag.py:36} INFO - 2
[2023-05-09T04:56:47.610+0000] {ml_response_dag.py:37} INFO - Inserted to db
[2023-05-09T04:56:47.612+0000] {ml_response_dag.py:35} INFO - {}
[2023-05-09T04:56:47.613+0000] {ml_response_dag.py:36} INFO - 2
[2023-05-09T04:56:47.613+0000] {ml_response_dag.py:37} INFO - Inserted to db
[2023-05-09T04:56:47.613+0000] {ml_response_dag.py:35} INFO - {'value': '880', 'score': 0.06, 'ocr_score': 0.1, 'bounding_box': [0.76, 0.47, 0.16, 0.27]}
[2023-05-09T04:56:47.614+0000] {ml_response_dag.py:36} INFO - 2
[2023-05-09T04:56:47.614+0000] {ml_response_dag.py:37} INFO - Inserted to db
[2023-05-09T04:56:47.615+0000] {ml_response_dag.py:35} INFO - {'value': '380', 'score': 0.11, 'ocr_score': 0.36, 'bounding_box': [0.99, 0.15, 0.39, 0.03]}
[2023-05-09T04:56:47.615+0000] {ml_response_dag.py:36} INFO - 2
[2023-05-09T04:56:47.616+0000] {ml_response_dag.py:37} INFO - Inserted to db
[2023-05-09T04:56:47.617+0000] {ml_response_dag.py:35} INFO - {}
[2023-05-09T04:56:47.621+0000] {ml_response_dag.py:36} INFO - 2
[2023-05-09T04:56:47.621+0000] {ml_response_dag.py:37} INFO - Inserted to db
[2023-05-09T04:56:47.622+0000] {ml_response_dag.py:35} INFO - {'value': '770', 'score': 0.37, 'ocr_score': 0.84, 'bounding_box': [0.79, 0.15, 0.82, 0.6]}
[2023-05-09T04:56:47.623+0000] {ml_response_dag.py:36} INFO - 2
[2023-05-09T04:56:47.623+0000] {ml_response_dag.py:37} INFO - Inserted to db
[2023-05-09T04:56:47.624+0000] {ml_response_dag.py:35} INFO - {}
[2023-05-09T04:56:47.625+0000] {ml_response_dag.py:36} INFO - 2
[2023-05-09T04:56:47.625+0000] {ml_response_dag.py:37} INFO - Inserted to db
[2023-05-09T04:56:47.626+0000] {ml_response_dag.py:35} INFO - {}
[2023-05-09T04:56:47.627+0000] {ml_response_dag.py:36} INFO - 2
[2023-05-09T04:56:47.627+0000] {ml_response_dag.py:37} INFO - Inserted to db
[2023-05-09T04:56:47.630+0000] {ml_response_dag.py:35} INFO - {}
[2023-05-09T04:56:47.631+0000] {ml_response_dag.py:36} INFO - 2
[2023-05-09T04:56:47.631+0000] {ml_response_dag.py:37} INFO - Inserted to db
[2023-05-09T04:56:47.631+0000] {ml_response_dag.py:35} INFO - {}
[2023-05-09T04:56:47.631+0000] {ml_response_dag.py:36} INFO - 3
[2023-05-09T04:56:47.632+0000] {ml_response_dag.py:37} INFO - Inserted to db
[2023-05-09T04:56:47.634+0000] {ml_response_dag.py:35} INFO - {}
[2023-05-09T04:56:47.635+0000] {ml_response_dag.py:36} INFO - 4
[2023-05-09T04:56:47.636+0000] {ml_response_dag.py:37} INFO - Inserted to db
[2023-05-09T04:56:47.640+0000] {ml_response_dag.py:35} INFO - {}
[2023-05-09T04:56:47.640+0000] {ml_response_dag.py:36} INFO - 5
[2023-05-09T04:56:47.640+0000] {ml_response_dag.py:37} INFO - Inserted to db
[2023-05-09T04:56:47.641+0000] {ml_response_dag.py:35} INFO - {}
[2023-05-09T04:56:47.641+0000] {ml_response_dag.py:36} INFO - 5
[2023-05-09T04:56:47.642+0000] {ml_response_dag.py:37} INFO - Inserted to db
[2023-05-09T04:56:47.643+0000] {ml_response_dag.py:35} INFO - {'value': '418', 'score': 0.49, 'ocr_score': 0.15, 'bounding_box': [0.88, 0.92, 0.46, 0.3]}
[2023-05-09T04:56:47.643+0000] {ml_response_dag.py:36} INFO - 5
[2023-05-09T04:56:47.643+0000] {ml_response_dag.py:37} INFO - Inserted to db
[2023-05-09T04:56:47.645+0000] {ml_response_dag.py:35} INFO - {}
[2023-05-09T04:56:47.645+0000] {ml_response_dag.py:36} INFO - 5
[2023-05-09T04:56:47.645+0000] {ml_response_dag.py:37} INFO - Inserted to db
[2023-05-09T04:56:47.646+0000] {ml_response_dag.py:35} INFO - {}
[2023-05-09T04:56:47.646+0000] {ml_response_dag.py:36} INFO - 5
[2023-05-09T04:56:47.646+0000] {ml_response_dag.py:37} INFO - Inserted to db
[2023-05-09T04:56:47.648+0000] {ml_response_dag.py:35} INFO - {'value': '78', 'score': 0.03, 'ocr_score': 0.66, 'bounding_box': [0.31, 0.81, 0.43, 0.03]}
[2023-05-09T04:56:47.648+0000] {ml_response_dag.py:36} INFO - 5
[2023-05-09T04:56:47.649+0000] {ml_response_dag.py:37} INFO - Inserted to db
[2023-05-09T04:56:47.650+0000] {ml_response_dag.py:35} INFO - {}
[2023-05-09T04:56:47.651+0000] {ml_response_dag.py:36} INFO - 5
[2023-05-09T04:56:47.653+0000] {ml_response_dag.py:37} INFO - Inserted to db
[2023-05-09T04:56:47.654+0000] {ml_response_dag.py:35} INFO - {'value': '889', 'score': 0.72, 'ocr_score': 0.56, 'bounding_box': [0.38, 0.17, 0.28, 1.0]}
[2023-05-09T04:56:47.655+0000] {ml_response_dag.py:36} INFO - 5
[2023-05-09T04:56:47.655+0000] {ml_response_dag.py:37} INFO - Inserted to db
[2023-05-09T04:56:47.658+0000] {ml_response_dag.py:35} INFO - {'value': '292', 'score': 0.23, 'ocr_score': 0.39, 'bounding_box': [0.45, 0.93, 0.07, 0.2]}
[2023-05-09T04:56:47.658+0000] {ml_response_dag.py:36} INFO - 5
[2023-05-09T04:56:47.659+0000] {ml_response_dag.py:37} INFO - Inserted to db
[2023-05-09T04:56:47.660+0000] {ml_response_dag.py:35} INFO - {}
[2023-05-09T04:56:47.660+0000] {ml_response_dag.py:36} INFO - 6
[2023-05-09T04:56:47.660+0000] {ml_response_dag.py:37} INFO - Inserted to db
[2023-05-09T04:56:47.661+0000] {ml_response_dag.py:35} INFO - {'value': '542', 'score': 0.01, 'ocr_score': 0.03, 'bounding_box': [0.27, 0.53, 0.77, 0.97]}
[2023-05-09T04:56:47.662+0000] {ml_response_dag.py:36} INFO - 7
[2023-05-09T04:56:47.662+0000] {ml_response_dag.py:37} INFO - Inserted to db
[2023-05-09T04:56:47.663+0000] {ml_response_dag.py:35} INFO - {'value': '342', 'score': 0.56, 'ocr_score': 0.14, 'bounding_box': [0.77, 0.91, 0.18, 0.2]}
[2023-05-09T04:56:47.664+0000] {ml_response_dag.py:36} INFO - 7
[2023-05-09T04:56:47.664+0000] {ml_response_dag.py:37} INFO - Inserted to db
[2023-05-09T04:56:47.665+0000] {ml_response_dag.py:35} INFO - {'value': '967', 'score': 0.78, 'ocr_score': 0.39, 'bounding_box': [0.86, 0.38, 0.41, 0.36]}
[2023-05-09T04:56:47.666+0000] {ml_response_dag.py:36} INFO - 7
[2023-05-09T04:56:47.667+0000] {ml_response_dag.py:37} INFO - Inserted to db
[2023-05-09T04:56:47.670+0000] {ml_response_dag.py:35} INFO - {'value': '100', 'score': 0.68, 'ocr_score': 0.75, 'bounding_box': [0.32, 0.6, 0.97, 0.05]}
[2023-05-09T04:56:47.671+0000] {ml_response_dag.py:36} INFO - 7
[2023-05-09T04:56:47.672+0000] {ml_response_dag.py:37} INFO - Inserted to db
[2023-05-09T04:56:47.678+0000] {ml_response_dag.py:35} INFO - {}
[2023-05-09T04:56:47.679+0000] {ml_response_dag.py:36} INFO - 7
[2023-05-09T04:56:47.679+0000] {ml_response_dag.py:37} INFO - Inserted to db
[2023-05-09T04:56:47.680+0000] {ml_response_dag.py:35} INFO - {}
[2023-05-09T04:56:47.681+0000] {ml_response_dag.py:36} INFO - 7
[2023-05-09T04:56:47.683+0000] {ml_response_dag.py:37} INFO - Inserted to db
[2023-05-09T04:56:47.684+0000] {ml_response_dag.py:35} INFO - {'value': '858', 'score': 0.94, 'ocr_score': 0.64, 'bounding_box': [0.22, 0.37, 0.17, 0.07]}
[2023-05-09T04:56:47.684+0000] {ml_response_dag.py:36} INFO - 7
[2023-05-09T04:56:47.685+0000] {ml_response_dag.py:37} INFO - Inserted to db
[2023-05-09T04:56:47.685+0000] {ml_response_dag.py:35} INFO - {}
[2023-05-09T04:56:47.686+0000] {ml_response_dag.py:36} INFO - 7
[2023-05-09T04:56:47.686+0000] {ml_response_dag.py:37} INFO - Inserted to db
[2023-05-09T04:56:47.687+0000] {ml_response_dag.py:35} INFO - {'value': '633', 'score': 0.77, 'ocr_score': 0.17, 'bounding_box': [0.44, 0.56, 0.26, 0.15]}
[2023-05-09T04:56:47.687+0000] {ml_response_dag.py:36} INFO - 7
[2023-05-09T04:56:47.688+0000] {ml_response_dag.py:37} INFO - Inserted to db
[2023-05-09T04:56:47.689+0000] {ml_response_dag.py:35} INFO - {'value': '609', 'score': 0.47, 'ocr_score': 0.56, 'bounding_box': [0.3, 0.87, 0.78, 0.92]}
[2023-05-09T04:56:47.690+0000] {ml_response_dag.py:36} INFO - 8
[2023-05-09T04:56:47.690+0000] {ml_response_dag.py:37} INFO - Inserted to db
[2023-05-09T04:56:47.691+0000] {ml_response_dag.py:35} INFO - {'value': '331', 'score': 0.49, 'ocr_score': 0.99, 'bounding_box': [0.55, 0.36, 0.08, 0.43]}
[2023-05-09T04:56:47.692+0000] {ml_response_dag.py:36} INFO - 8
[2023-05-09T04:56:47.692+0000] {ml_response_dag.py:37} INFO - Inserted to db
[2023-05-09T04:56:47.693+0000] {ml_response_dag.py:35} INFO - {'value': '142', 'score': 0.0, 'ocr_score': 0.58, 'bounding_box': [0.17, 0.36, 0.83, 0.62]}
[2023-05-09T04:56:47.694+0000] {ml_response_dag.py:36} INFO - 8
[2023-05-09T04:56:47.695+0000] {ml_response_dag.py:37} INFO - Inserted to db
[2023-05-09T04:56:47.697+0000] {ml_response_dag.py:35} INFO - {}
[2023-05-09T04:56:47.697+0000] {ml_response_dag.py:36} INFO - 8
[2023-05-09T04:56:47.698+0000] {ml_response_dag.py:37} INFO - Inserted to db
[2023-05-09T04:56:47.699+0000] {ml_response_dag.py:35} INFO - {}
[2023-05-09T04:56:47.699+0000] {ml_response_dag.py:36} INFO - 8
[2023-05-09T04:56:47.699+0000] {ml_response_dag.py:37} INFO - Inserted to db
[2023-05-09T04:56:47.700+0000] {ml_response_dag.py:35} INFO - {}
[2023-05-09T04:56:47.700+0000] {ml_response_dag.py:36} INFO - 8
[2023-05-09T04:56:47.701+0000] {ml_response_dag.py:37} INFO - Inserted to db
[2023-05-09T04:56:47.701+0000] {ml_response_dag.py:35} INFO - {'value': '826', 'score': 0.74, 'ocr_score': 0.69, 'bounding_box': [0.98, 0.11, 0.14, 0.96]}
[2023-05-09T04:56:47.702+0000] {ml_response_dag.py:36} INFO - 8
[2023-05-09T04:56:47.702+0000] {ml_response_dag.py:37} INFO - Inserted to db
[2023-05-09T04:56:47.703+0000] {ml_response_dag.py:35} INFO - {}
[2023-05-09T04:56:47.706+0000] {ml_response_dag.py:36} INFO - 8
[2023-05-09T04:56:47.707+0000] {ml_response_dag.py:37} INFO - Inserted to db
[2023-05-09T04:56:47.707+0000] {ml_response_dag.py:35} INFO - {'value': '299', 'score': 0.85, 'ocr_score': 0.04, 'bounding_box': [0.14, 0.46, 0.06, 0.65]}
[2023-05-09T04:56:47.708+0000] {ml_response_dag.py:36} INFO - 8
[2023-05-09T04:56:47.708+0000] {ml_response_dag.py:37} INFO - Inserted to db
[2023-05-09T04:56:47.708+0000] {ml_response_dag.py:35} INFO - {'value': '362', 'score': 0.62, 'ocr_score': 0.51, 'bounding_box': [0.42, 0.48, 0.21, 0.45]}
[2023-05-09T04:56:47.709+0000] {ml_response_dag.py:36} INFO - 9
[2023-05-09T04:56:47.709+0000] {ml_response_dag.py:37} INFO - Inserted to db
[2023-05-09T04:56:47.710+0000] {ml_response_dag.py:35} INFO - {'value': '288', 'score': 0.77, 'ocr_score': 0.23, 'bounding_box': [0.16, 0.03, 0.68, 0.81]}
[2023-05-09T04:56:47.710+0000] {ml_response_dag.py:36} INFO - 9
[2023-05-09T04:56:47.710+0000] {ml_response_dag.py:37} INFO - Inserted to db
[2023-05-09T04:56:47.711+0000] {ml_response_dag.py:35} INFO - {'value': '803', 'score': 0.03, 'ocr_score': 0.42, 'bounding_box': [0.05, 0.5, 0.56, 0.95]}
[2023-05-09T04:56:47.713+0000] {ml_response_dag.py:36} INFO - 9
[2023-05-09T04:56:47.713+0000] {ml_response_dag.py:37} INFO - Inserted to db
[2023-05-09T04:56:47.713+0000] {ml_response_dag.py:35} INFO - {'value': '750', 'score': 0.85, 'ocr_score': 0.27, 'bounding_box': [0.71, 0.07, 0.54, 0.9]}
[2023-05-09T04:56:47.714+0000] {ml_response_dag.py:36} INFO - 9
[2023-05-09T04:56:47.714+0000] {ml_response_dag.py:37} INFO - Inserted to db
[2023-05-09T04:56:47.715+0000] {ml_response_dag.py:35} INFO - {'value': '148', 'score': 0.41, 'ocr_score': 0.97, 'bounding_box': [0.44, 0.51, 0.69, 0.67]}
[2023-05-09T04:56:47.715+0000] {ml_response_dag.py:36} INFO - 9
[2023-05-09T04:56:47.715+0000] {ml_response_dag.py:37} INFO - Inserted to db
[2023-05-09T04:56:47.716+0000] {ml_response_dag.py:35} INFO - {'value': '161', 'score': 0.49, 'ocr_score': 0.58, 'bounding_box': [0.51, 0.51, 0.55, 0.06]}
[2023-05-09T04:56:47.716+0000] {ml_response_dag.py:36} INFO - 9
[2023-05-09T04:56:47.716+0000] {ml_response_dag.py:37} INFO - Inserted to db
[2023-05-09T04:56:47.717+0000] {ml_response_dag.py:35} INFO - {}
[2023-05-09T04:56:47.718+0000] {ml_response_dag.py:36} INFO - 9
[2023-05-09T04:56:47.719+0000] {ml_response_dag.py:37} INFO - Inserted to db
[2023-05-09T04:56:47.727+0000] {ml_response_dag.py:35} INFO - {}
[2023-05-09T04:56:47.729+0000] {ml_response_dag.py:36} INFO - 9
[2023-05-09T04:56:47.730+0000] {ml_response_dag.py:37} INFO - Inserted to db
[2023-05-09T04:56:47.731+0000] {ml_response_dag.py:35} INFO - {}
[2023-05-09T04:56:47.731+0000] {ml_response_dag.py:36} INFO - 9
[2023-05-09T04:56:47.733+0000] {ml_response_dag.py:37} INFO - Inserted to db
[2023-05-09T04:56:47.744+0000] {ml_response_dag.py:35} INFO - {'value': '842', 'score': 0.47, 'ocr_score': 0.75, 'bounding_box': [0.16, 0.91, 0.32, 0.53]}
[2023-05-09T04:56:47.745+0000] {ml_response_dag.py:36} INFO - 10
[2023-05-09T04:56:47.746+0000] {ml_response_dag.py:37} INFO - Inserted to db
[2023-05-09T04:56:47.747+0000] {ml_response_dag.py:35} INFO - {}
[2023-05-09T04:56:47.748+0000] {ml_response_dag.py:36} INFO - 10
[2023-05-09T04:56:47.749+0000] {ml_response_dag.py:37} INFO - Inserted to db
[2023-05-09T04:56:47.749+0000] {ml_response_dag.py:35} INFO - {}
[2023-05-09T04:56:47.749+0000] {ml_response_dag.py:36} INFO - 10
[2023-05-09T04:56:47.750+0000] {ml_response_dag.py:37} INFO - Inserted to db
[2023-05-09T04:56:47.750+0000] {ml_response_dag.py:35} INFO - {'value': '458', 'score': 0.81, 'ocr_score': 0.31, 'bounding_box': [0.69, 0.54, 0.48, 0.39]}
[2023-05-09T04:56:47.751+0000] {ml_response_dag.py:36} INFO - 10
[2023-05-09T04:56:47.752+0000] {ml_response_dag.py:37} INFO - Inserted to db
[2023-05-09T04:56:47.752+0000] {ml_response_dag.py:35} INFO - {'value': '776', 'score': 0.77, 'ocr_score': 0.34, 'bounding_box': [0.76, 0.85, 0.56, 0.82]}
[2023-05-09T04:56:47.753+0000] {ml_response_dag.py:36} INFO - 10
[2023-05-09T04:56:47.754+0000] {ml_response_dag.py:37} INFO - Inserted to db
[2023-05-09T04:56:47.755+0000] {ml_response_dag.py:35} INFO - {}
[2023-05-09T04:56:47.757+0000] {ml_response_dag.py:36} INFO - 10
[2023-05-09T04:56:47.758+0000] {ml_response_dag.py:37} INFO - Inserted to db
[2023-05-09T04:56:47.759+0000] {ml_response_dag.py:35} INFO - {'value': '51', 'score': 0.76, 'ocr_score': 0.29, 'bounding_box': [0.79, 0.88, 0.43, 0.21]}
[2023-05-09T04:56:47.760+0000] {ml_response_dag.py:36} INFO - 10
[2023-05-09T04:56:47.761+0000] {ml_response_dag.py:37} INFO - Inserted to db
[2023-05-09T04:56:47.762+0000] {ml_response_dag.py:35} INFO - {'value': '843', 'score': 0.05, 'ocr_score': 0.96, 'bounding_box': [0.84, 0.04, 0.6, 0.52]}
[2023-05-09T04:56:47.763+0000] {ml_response_dag.py:36} INFO - 10
[2023-05-09T04:56:47.764+0000] {ml_response_dag.py:37} INFO - Inserted to db
[2023-05-09T04:56:47.769+0000] {ml_response_dag.py:35} INFO - {'value': '517', 'score': 0.75, 'ocr_score': 0.74, 'bounding_box': [0.65, 0.92, 0.1, 0.59]}
[2023-05-09T04:56:47.773+0000] {ml_response_dag.py:36} INFO - 10
[2023-05-09T04:56:47.773+0000] {ml_response_dag.py:37} INFO - Inserted to db
[2023-05-09T04:56:47.774+0000] {ml_response_dag.py:35} INFO - {}
[2023-05-09T04:56:47.774+0000] {ml_response_dag.py:36} INFO - 11
[2023-05-09T04:56:47.775+0000] {ml_response_dag.py:37} INFO - Inserted to db
[2023-05-09T04:56:47.776+0000] {ml_response_dag.py:35} INFO - {}
[2023-05-09T04:56:47.778+0000] {ml_response_dag.py:36} INFO - 11
[2023-05-09T04:56:47.778+0000] {ml_response_dag.py:37} INFO - Inserted to db
[2023-05-09T04:56:47.782+0000] {ml_response_dag.py:35} INFO - {'value': '288', 'score': 0.6, 'ocr_score': 0.29, 'bounding_box': [0.96, 0.39, 0.81, 0.96]}
[2023-05-09T04:56:47.782+0000] {ml_response_dag.py:36} INFO - 11
[2023-05-09T04:56:47.782+0000] {ml_response_dag.py:37} INFO - Inserted to db
[2023-05-09T04:56:47.783+0000] {ml_response_dag.py:35} INFO - {'value': '878', 'score': 0.44, 'ocr_score': 0.56, 'bounding_box': [0.46, 0.03, 0.06, 0.3]}
[2023-05-09T04:56:47.783+0000] {ml_response_dag.py:36} INFO - 11
[2023-05-09T04:56:47.783+0000] {ml_response_dag.py:37} INFO - Inserted to db
[2023-05-09T04:56:47.785+0000] {ml_response_dag.py:35} INFO - {}
[2023-05-09T04:56:47.786+0000] {ml_response_dag.py:36} INFO - 11
[2023-05-09T04:56:47.786+0000] {ml_response_dag.py:37} INFO - Inserted to db
[2023-05-09T04:56:47.787+0000] {ml_response_dag.py:35} INFO - {}
[2023-05-09T04:56:47.787+0000] {ml_response_dag.py:36} INFO - 11
[2023-05-09T04:56:47.787+0000] {ml_response_dag.py:37} INFO - Inserted to db
[2023-05-09T04:56:47.788+0000] {ml_response_dag.py:35} INFO - {}
[2023-05-09T04:56:47.788+0000] {ml_response_dag.py:36} INFO - 11
[2023-05-09T04:56:47.788+0000] {ml_response_dag.py:37} INFO - Inserted to db
[2023-05-09T04:56:47.789+0000] {ml_response_dag.py:35} INFO - {'value': '650', 'score': 0.79, 'ocr_score': 0.64, 'bounding_box': [0.13, 0.78, 0.29, 0.37]}
[2023-05-09T04:56:47.789+0000] {ml_response_dag.py:36} INFO - 11
[2023-05-09T04:56:47.789+0000] {ml_response_dag.py:37} INFO - Inserted to db
[2023-05-09T04:56:47.790+0000] {ml_response_dag.py:35} INFO - {}
[2023-05-09T04:56:47.790+0000] {ml_response_dag.py:36} INFO - 11
[2023-05-09T04:56:47.790+0000] {ml_response_dag.py:37} INFO - Inserted to db
[2023-05-09T04:56:47.791+0000] {ml_response_dag.py:35} INFO - {'value': '643', 'score': 0.23, 'ocr_score': 0.72, 'bounding_box': [0.01, 0.39, 0.58, 0.53]}
[2023-05-09T04:56:47.791+0000] {ml_response_dag.py:36} INFO - 12
[2023-05-09T04:56:47.791+0000] {ml_response_dag.py:37} INFO - Inserted to db
[2023-05-09T04:56:47.792+0000] {ml_response_dag.py:35} INFO - {}
[2023-05-09T04:56:47.792+0000] {ml_response_dag.py:36} INFO - 13
[2023-05-09T04:56:47.793+0000] {ml_response_dag.py:37} INFO - Inserted to db
[2023-05-09T04:56:47.793+0000] {ml_response_dag.py:35} INFO - {}
[2023-05-09T04:56:47.793+0000] {ml_response_dag.py:36} INFO - 14
[2023-05-09T04:56:47.794+0000] {ml_response_dag.py:37} INFO - Inserted to db
[2023-05-09T04:56:47.794+0000] {ml_response_dag.py:35} INFO - {'value': '141', 'score': 0.27, 'ocr_score': 0.93, 'bounding_box': [0.24, 0.73, 0.11, 0.89]}
[2023-05-09T04:56:47.794+0000] {ml_response_dag.py:36} INFO - 15
[2023-05-09T04:56:47.795+0000] {ml_response_dag.py:37} INFO - Inserted to db
[2023-05-09T04:56:47.795+0000] {ml_response_dag.py:35} INFO - {'value': '59', 'score': 0.45, 'ocr_score': 0.57, 'bounding_box': [0.45, 0.64, 0.68, 0.17]}
[2023-05-09T04:56:47.796+0000] {ml_response_dag.py:36} INFO - 15
[2023-05-09T04:56:47.796+0000] {ml_response_dag.py:37} INFO - Inserted to db
[2023-05-09T04:56:47.798+0000] {ml_response_dag.py:35} INFO - {'value': '333', 'score': 0.34, 'ocr_score': 0.85, 'bounding_box': [0.81, 0.57, 0.99, 0.77]}
[2023-05-09T04:56:47.799+0000] {ml_response_dag.py:36} INFO - 15
[2023-05-09T04:56:47.800+0000] {ml_response_dag.py:37} INFO - Inserted to db
[2023-05-09T04:56:47.802+0000] {ml_response_dag.py:35} INFO - {'value': '257', 'score': 0.11, 'ocr_score': 0.43, 'bounding_box': [0.37, 0.55, 0.53, 0.66]}
[2023-05-09T04:56:47.802+0000] {ml_response_dag.py:36} INFO - 15
[2023-05-09T04:56:47.802+0000] {ml_response_dag.py:37} INFO - Inserted to db
[2023-05-09T04:56:47.803+0000] {ml_response_dag.py:35} INFO - {'value': '190', 'score': 0.21, 'ocr_score': 0.83, 'bounding_box': [0.88, 0.83, 0.57, 0.11]}
[2023-05-09T04:56:47.803+0000] {ml_response_dag.py:36} INFO - 15
[2023-05-09T04:56:47.804+0000] {ml_response_dag.py:37} INFO - Inserted to db
[2023-05-09T04:56:47.804+0000] {ml_response_dag.py:35} INFO - {}
[2023-05-09T04:56:47.805+0000] {ml_response_dag.py:36} INFO - 15
[2023-05-09T04:56:47.805+0000] {ml_response_dag.py:37} INFO - Inserted to db
[2023-05-09T04:56:47.806+0000] {ml_response_dag.py:35} INFO - {}
[2023-05-09T04:56:47.806+0000] {ml_response_dag.py:36} INFO - 15
[2023-05-09T04:56:47.807+0000] {ml_response_dag.py:37} INFO - Inserted to db
[2023-05-09T04:56:47.807+0000] {ml_response_dag.py:35} INFO - {}
[2023-05-09T04:56:47.807+0000] {ml_response_dag.py:36} INFO - 15
[2023-05-09T04:56:47.808+0000] {ml_response_dag.py:37} INFO - Inserted to db
[2023-05-09T04:56:47.808+0000] {ml_response_dag.py:35} INFO - {'value': '475', 'score': 0.57, 'ocr_score': 0.49, 'bounding_box': [0.4, 0.3, 0.99, 0.32]}
[2023-05-09T04:56:47.808+0000] {ml_response_dag.py:36} INFO - 15
[2023-05-09T04:56:47.809+0000] {ml_response_dag.py:37} INFO - Inserted to db
[2023-05-09T04:56:47.814+0000] {ml_response_dag.py:35} INFO - {'value': '745', 'score': 0.84, 'ocr_score': 0.82, 'bounding_box': [0.84, 0.57, 0.94, 0.44]}
[2023-05-09T04:56:47.816+0000] {ml_response_dag.py:36} INFO - 16
[2023-05-09T04:56:47.816+0000] {ml_response_dag.py:37} INFO - Inserted to db
[2023-05-09T04:56:47.818+0000] {python.py:183} INFO - Done. Returned value was: None
[2023-05-09T04:56:47.889+0000] {taskinstance.py:1373} INFO - Marking task as SUCCESS. dag_id=veryfi_extract_total, task_id=extract_and_load, execution_date=20230508T003000, start_date=20230509T045645, end_date=20230509T045647
[2023-05-09T04:56:48.035+0000] {local_task_job_runner.py:232} INFO - Task exited with return code 0
[2023-05-09T04:56:48.109+0000] {taskinstance.py:2674} INFO - 0 downstream tasks scheduled from follow-on schedule check
