[2023-05-09T04:58:02.053+0000] {taskinstance.py:1125} INFO - Dependencies all met for dep_context=non-requeueable deps ti=<TaskInstance: veryfi_extract_total.extract_and_load scheduled__2023-05-08T18:20:00+00:00 [queued]>
[2023-05-09T04:58:02.077+0000] {taskinstance.py:1125} INFO - Dependencies all met for dep_context=requeueable deps ti=<TaskInstance: veryfi_extract_total.extract_and_load scheduled__2023-05-08T18:20:00+00:00 [queued]>
[2023-05-09T04:58:02.079+0000] {taskinstance.py:1331} INFO - Starting attempt 1 of 2
[2023-05-09T04:58:02.233+0000] {taskinstance.py:1350} INFO - Executing <Task(PythonOperator): extract_and_load> on 2023-05-08 18:20:00+00:00
[2023-05-09T04:58:02.331+0000] {standard_task_runner.py:84} INFO - Running: ['***', 'tasks', 'run', 'veryfi_extract_total', 'extract_and_load', 'scheduled__2023-05-08T18:20:00+00:00', '--job-id', '502', '--raw', '--subdir', 'DAGS_FOLDER/ml_response_dag.py', '--cfg-path', '/tmp/tmpwbjes1ym']
[2023-05-09T04:58:02.336+0000] {standard_task_runner.py:85} INFO - Job 502: Subtask extract_and_load
[2023-05-09T04:58:02.338+0000] {standard_task_runner.py:57} INFO - Started process 1773 to run task
[2023-05-09T04:58:02.703+0000] {task_command.py:410} INFO - Running <TaskInstance: veryfi_extract_total.extract_and_load scheduled__2023-05-08T18:20:00+00:00 [running]> on host aa4b7d3de44b
[2023-05-09T04:58:03.187+0000] {taskinstance.py:1570} INFO - Exporting env vars: AIRFLOW_CTX_DAG_OWNER='***' AIRFLOW_CTX_DAG_ID='veryfi_extract_total' AIRFLOW_CTX_TASK_ID='extract_and_load' AIRFLOW_CTX_EXECUTION_DATE='2023-05-08T18:20:00+00:00' AIRFLOW_CTX_TRY_NUMBER='1' AIRFLOW_CTX_DAG_RUN_ID='scheduled__2023-05-08T18:20:00+00:00'
[2023-05-09T04:58:03.251+0000] {ml_response_dag.py:35} INFO - {}
[2023-05-09T04:58:03.258+0000] {ml_response_dag.py:36} INFO - 1
[2023-05-09T04:58:03.259+0000] {ml_response_dag.py:37} INFO - Inserted to db
[2023-05-09T04:58:03.260+0000] {ml_response_dag.py:35} INFO - {'value': '544', 'score': 0.22, 'ocr_score': 0.81, 'bounding_box': [0.22, 0.37, 0.38, 0.52]}
[2023-05-09T04:58:03.261+0000] {ml_response_dag.py:36} INFO - 1
[2023-05-09T04:58:03.261+0000] {ml_response_dag.py:37} INFO - Inserted to db
[2023-05-09T04:58:03.263+0000] {ml_response_dag.py:35} INFO - {}
[2023-05-09T04:58:03.263+0000] {ml_response_dag.py:36} INFO - 1
[2023-05-09T04:58:03.264+0000] {ml_response_dag.py:37} INFO - Inserted to db
[2023-05-09T04:58:03.268+0000] {ml_response_dag.py:35} INFO - {}
[2023-05-09T04:58:03.269+0000] {ml_response_dag.py:36} INFO - 1
[2023-05-09T04:58:03.269+0000] {ml_response_dag.py:37} INFO - Inserted to db
[2023-05-09T04:58:03.270+0000] {ml_response_dag.py:35} INFO - {}
[2023-05-09T04:58:03.272+0000] {ml_response_dag.py:36} INFO - 1
[2023-05-09T04:58:03.272+0000] {ml_response_dag.py:37} INFO - Inserted to db
[2023-05-09T04:58:03.277+0000] {ml_response_dag.py:35} INFO - {}
[2023-05-09T04:58:03.279+0000] {ml_response_dag.py:36} INFO - 1
[2023-05-09T04:58:03.280+0000] {ml_response_dag.py:37} INFO - Inserted to db
[2023-05-09T04:58:03.281+0000] {ml_response_dag.py:35} INFO - {'value': '660', 'score': 0.48, 'ocr_score': 0.32, 'bounding_box': [0.07, 0.82, 0.06, 0.37]}
[2023-05-09T04:58:03.281+0000] {ml_response_dag.py:36} INFO - 1
[2023-05-09T04:58:03.289+0000] {ml_response_dag.py:37} INFO - Inserted to db
[2023-05-09T04:58:03.294+0000] {ml_response_dag.py:35} INFO - {}
[2023-05-09T04:58:03.295+0000] {ml_response_dag.py:36} INFO - 1
[2023-05-09T04:58:03.296+0000] {ml_response_dag.py:37} INFO - Inserted to db
[2023-05-09T04:58:03.302+0000] {ml_response_dag.py:35} INFO - {'value': '801', 'score': 0.92, 'ocr_score': 0.28, 'bounding_box': [0.56, 0.9, 0.37, 0.79]}
[2023-05-09T04:58:03.306+0000] {ml_response_dag.py:36} INFO - 1
[2023-05-09T04:58:03.309+0000] {ml_response_dag.py:37} INFO - Inserted to db
[2023-05-09T04:58:03.317+0000] {ml_response_dag.py:35} INFO - {}
[2023-05-09T04:58:03.318+0000] {ml_response_dag.py:36} INFO - 2
[2023-05-09T04:58:03.319+0000] {ml_response_dag.py:37} INFO - Inserted to db
[2023-05-09T04:58:03.322+0000] {ml_response_dag.py:35} INFO - {}
[2023-05-09T04:58:03.326+0000] {ml_response_dag.py:36} INFO - 2
[2023-05-09T04:58:03.334+0000] {ml_response_dag.py:37} INFO - Inserted to db
[2023-05-09T04:58:03.335+0000] {ml_response_dag.py:35} INFO - {'value': '880', 'score': 0.06, 'ocr_score': 0.1, 'bounding_box': [0.76, 0.47, 0.16, 0.27]}
[2023-05-09T04:58:03.335+0000] {ml_response_dag.py:36} INFO - 2
[2023-05-09T04:58:03.337+0000] {ml_response_dag.py:37} INFO - Inserted to db
[2023-05-09T04:58:03.342+0000] {ml_response_dag.py:35} INFO - {'value': '380', 'score': 0.11, 'ocr_score': 0.36, 'bounding_box': [0.99, 0.15, 0.39, 0.03]}
[2023-05-09T04:58:03.346+0000] {ml_response_dag.py:36} INFO - 2
[2023-05-09T04:58:03.347+0000] {ml_response_dag.py:37} INFO - Inserted to db
[2023-05-09T04:58:03.351+0000] {ml_response_dag.py:35} INFO - {}
[2023-05-09T04:58:03.351+0000] {ml_response_dag.py:36} INFO - 2
[2023-05-09T04:58:03.352+0000] {ml_response_dag.py:37} INFO - Inserted to db
[2023-05-09T04:58:03.353+0000] {ml_response_dag.py:35} INFO - {'value': '770', 'score': 0.37, 'ocr_score': 0.84, 'bounding_box': [0.79, 0.15, 0.82, 0.6]}
[2023-05-09T04:58:03.353+0000] {ml_response_dag.py:36} INFO - 2
[2023-05-09T04:58:03.354+0000] {ml_response_dag.py:37} INFO - Inserted to db
[2023-05-09T04:58:03.355+0000] {ml_response_dag.py:35} INFO - {}
[2023-05-09T04:58:03.355+0000] {ml_response_dag.py:36} INFO - 2
[2023-05-09T04:58:03.356+0000] {ml_response_dag.py:37} INFO - Inserted to db
[2023-05-09T04:58:03.356+0000] {ml_response_dag.py:35} INFO - {}
[2023-05-09T04:58:03.357+0000] {ml_response_dag.py:36} INFO - 2
[2023-05-09T04:58:03.357+0000] {ml_response_dag.py:37} INFO - Inserted to db
[2023-05-09T04:58:03.358+0000] {ml_response_dag.py:35} INFO - {}
[2023-05-09T04:58:03.358+0000] {ml_response_dag.py:36} INFO - 2
[2023-05-09T04:58:03.359+0000] {ml_response_dag.py:37} INFO - Inserted to db
[2023-05-09T04:58:03.359+0000] {ml_response_dag.py:35} INFO - {}
[2023-05-09T04:58:03.363+0000] {ml_response_dag.py:36} INFO - 3
[2023-05-09T04:58:03.364+0000] {ml_response_dag.py:37} INFO - Inserted to db
[2023-05-09T04:58:03.367+0000] {ml_response_dag.py:35} INFO - {}
[2023-05-09T04:58:03.368+0000] {ml_response_dag.py:36} INFO - 4
[2023-05-09T04:58:03.369+0000] {ml_response_dag.py:37} INFO - Inserted to db
[2023-05-09T04:58:03.371+0000] {ml_response_dag.py:35} INFO - {}
[2023-05-09T04:58:03.372+0000] {ml_response_dag.py:36} INFO - 5
[2023-05-09T04:58:03.375+0000] {ml_response_dag.py:37} INFO - Inserted to db
[2023-05-09T04:58:03.376+0000] {ml_response_dag.py:35} INFO - {}
[2023-05-09T04:58:03.376+0000] {ml_response_dag.py:36} INFO - 5
[2023-05-09T04:58:03.377+0000] {ml_response_dag.py:37} INFO - Inserted to db
[2023-05-09T04:58:03.378+0000] {ml_response_dag.py:35} INFO - {'value': '418', 'score': 0.49, 'ocr_score': 0.15, 'bounding_box': [0.88, 0.92, 0.46, 0.3]}
[2023-05-09T04:58:03.379+0000] {ml_response_dag.py:36} INFO - 5
[2023-05-09T04:58:03.382+0000] {ml_response_dag.py:37} INFO - Inserted to db
[2023-05-09T04:58:03.387+0000] {ml_response_dag.py:35} INFO - {}
[2023-05-09T04:58:03.388+0000] {ml_response_dag.py:36} INFO - 5
[2023-05-09T04:58:03.393+0000] {ml_response_dag.py:37} INFO - Inserted to db
[2023-05-09T04:58:03.394+0000] {ml_response_dag.py:35} INFO - {}
[2023-05-09T04:58:03.395+0000] {ml_response_dag.py:36} INFO - 5
[2023-05-09T04:58:03.395+0000] {ml_response_dag.py:37} INFO - Inserted to db
[2023-05-09T04:58:03.399+0000] {ml_response_dag.py:35} INFO - {'value': '78', 'score': 0.03, 'ocr_score': 0.66, 'bounding_box': [0.31, 0.81, 0.43, 0.03]}
[2023-05-09T04:58:03.400+0000] {ml_response_dag.py:36} INFO - 5
[2023-05-09T04:58:03.400+0000] {ml_response_dag.py:37} INFO - Inserted to db
[2023-05-09T04:58:03.405+0000] {ml_response_dag.py:35} INFO - {}
[2023-05-09T04:58:03.407+0000] {ml_response_dag.py:36} INFO - 5
[2023-05-09T04:58:03.408+0000] {ml_response_dag.py:37} INFO - Inserted to db
[2023-05-09T04:58:03.410+0000] {ml_response_dag.py:35} INFO - {'value': '889', 'score': 0.72, 'ocr_score': 0.56, 'bounding_box': [0.38, 0.17, 0.28, 1.0]}
[2023-05-09T04:58:03.410+0000] {ml_response_dag.py:36} INFO - 5
[2023-05-09T04:58:03.411+0000] {ml_response_dag.py:37} INFO - Inserted to db
[2023-05-09T04:58:03.412+0000] {ml_response_dag.py:35} INFO - {'value': '292', 'score': 0.23, 'ocr_score': 0.39, 'bounding_box': [0.45, 0.93, 0.07, 0.2]}
[2023-05-09T04:58:03.413+0000] {ml_response_dag.py:36} INFO - 5
[2023-05-09T04:58:03.413+0000] {ml_response_dag.py:37} INFO - Inserted to db
[2023-05-09T04:58:03.414+0000] {ml_response_dag.py:35} INFO - {}
[2023-05-09T04:58:03.414+0000] {ml_response_dag.py:36} INFO - 6
[2023-05-09T04:58:03.415+0000] {ml_response_dag.py:37} INFO - Inserted to db
[2023-05-09T04:58:03.421+0000] {ml_response_dag.py:35} INFO - {'value': '542', 'score': 0.01, 'ocr_score': 0.03, 'bounding_box': [0.27, 0.53, 0.77, 0.97]}
[2023-05-09T04:58:03.424+0000] {ml_response_dag.py:36} INFO - 7
[2023-05-09T04:58:03.424+0000] {ml_response_dag.py:37} INFO - Inserted to db
[2023-05-09T04:58:03.425+0000] {ml_response_dag.py:35} INFO - {'value': '342', 'score': 0.56, 'ocr_score': 0.14, 'bounding_box': [0.77, 0.91, 0.18, 0.2]}
[2023-05-09T04:58:03.426+0000] {ml_response_dag.py:36} INFO - 7
[2023-05-09T04:58:03.427+0000] {ml_response_dag.py:37} INFO - Inserted to db
[2023-05-09T04:58:03.428+0000] {ml_response_dag.py:35} INFO - {'value': '967', 'score': 0.78, 'ocr_score': 0.39, 'bounding_box': [0.86, 0.38, 0.41, 0.36]}
[2023-05-09T04:58:03.429+0000] {ml_response_dag.py:36} INFO - 7
[2023-05-09T04:58:03.430+0000] {ml_response_dag.py:37} INFO - Inserted to db
[2023-05-09T04:58:03.431+0000] {ml_response_dag.py:35} INFO - {'value': '100', 'score': 0.68, 'ocr_score': 0.75, 'bounding_box': [0.32, 0.6, 0.97, 0.05]}
[2023-05-09T04:58:03.434+0000] {ml_response_dag.py:36} INFO - 7
[2023-05-09T04:58:03.441+0000] {ml_response_dag.py:37} INFO - Inserted to db
[2023-05-09T04:58:03.443+0000] {ml_response_dag.py:35} INFO - {}
[2023-05-09T04:58:03.444+0000] {ml_response_dag.py:36} INFO - 7
[2023-05-09T04:58:03.444+0000] {ml_response_dag.py:37} INFO - Inserted to db
[2023-05-09T04:58:03.446+0000] {ml_response_dag.py:35} INFO - {}
[2023-05-09T04:58:03.447+0000] {ml_response_dag.py:36} INFO - 7
[2023-05-09T04:58:03.447+0000] {ml_response_dag.py:37} INFO - Inserted to db
[2023-05-09T04:58:03.449+0000] {ml_response_dag.py:35} INFO - {'value': '858', 'score': 0.94, 'ocr_score': 0.64, 'bounding_box': [0.22, 0.37, 0.17, 0.07]}
[2023-05-09T04:58:03.450+0000] {ml_response_dag.py:36} INFO - 7
[2023-05-09T04:58:03.452+0000] {ml_response_dag.py:37} INFO - Inserted to db
[2023-05-09T04:58:03.454+0000] {ml_response_dag.py:35} INFO - {}
[2023-05-09T04:58:03.454+0000] {ml_response_dag.py:36} INFO - 7
[2023-05-09T04:58:03.457+0000] {ml_response_dag.py:37} INFO - Inserted to db
[2023-05-09T04:58:03.458+0000] {ml_response_dag.py:35} INFO - {'value': '633', 'score': 0.77, 'ocr_score': 0.17, 'bounding_box': [0.44, 0.56, 0.26, 0.15]}
[2023-05-09T04:58:03.460+0000] {ml_response_dag.py:36} INFO - 7
[2023-05-09T04:58:03.467+0000] {ml_response_dag.py:37} INFO - Inserted to db
[2023-05-09T04:58:03.487+0000] {ml_response_dag.py:35} INFO - {'value': '609', 'score': 0.47, 'ocr_score': 0.56, 'bounding_box': [0.3, 0.87, 0.78, 0.92]}
[2023-05-09T04:58:03.488+0000] {ml_response_dag.py:36} INFO - 8
[2023-05-09T04:58:03.490+0000] {ml_response_dag.py:37} INFO - Inserted to db
[2023-05-09T04:58:03.492+0000] {ml_response_dag.py:35} INFO - {'value': '331', 'score': 0.49, 'ocr_score': 0.99, 'bounding_box': [0.55, 0.36, 0.08, 0.43]}
[2023-05-09T04:58:03.493+0000] {ml_response_dag.py:36} INFO - 8
[2023-05-09T04:58:03.494+0000] {ml_response_dag.py:37} INFO - Inserted to db
[2023-05-09T04:58:03.495+0000] {ml_response_dag.py:35} INFO - {'value': '142', 'score': 0.0, 'ocr_score': 0.58, 'bounding_box': [0.17, 0.36, 0.83, 0.62]}
[2023-05-09T04:58:03.511+0000] {ml_response_dag.py:36} INFO - 8
[2023-05-09T04:58:03.513+0000] {ml_response_dag.py:37} INFO - Inserted to db
[2023-05-09T04:58:03.534+0000] {ml_response_dag.py:35} INFO - {}
[2023-05-09T04:58:03.538+0000] {ml_response_dag.py:36} INFO - 8
[2023-05-09T04:58:03.539+0000] {ml_response_dag.py:37} INFO - Inserted to db
[2023-05-09T04:58:03.575+0000] {ml_response_dag.py:35} INFO - {}
[2023-05-09T04:58:03.580+0000] {ml_response_dag.py:36} INFO - 8
[2023-05-09T04:58:03.581+0000] {ml_response_dag.py:37} INFO - Inserted to db
[2023-05-09T04:58:03.583+0000] {ml_response_dag.py:35} INFO - {}
[2023-05-09T04:58:03.584+0000] {ml_response_dag.py:36} INFO - 8
[2023-05-09T04:58:03.588+0000] {ml_response_dag.py:37} INFO - Inserted to db
[2023-05-09T04:58:03.589+0000] {ml_response_dag.py:35} INFO - {'value': '826', 'score': 0.74, 'ocr_score': 0.69, 'bounding_box': [0.98, 0.11, 0.14, 0.96]}
[2023-05-09T04:58:03.589+0000] {ml_response_dag.py:36} INFO - 8
[2023-05-09T04:58:03.590+0000] {ml_response_dag.py:37} INFO - Inserted to db
[2023-05-09T04:58:03.591+0000] {ml_response_dag.py:35} INFO - {}
[2023-05-09T04:58:03.591+0000] {ml_response_dag.py:36} INFO - 8
[2023-05-09T04:58:03.592+0000] {ml_response_dag.py:37} INFO - Inserted to db
[2023-05-09T04:58:03.594+0000] {ml_response_dag.py:35} INFO - {'value': '299', 'score': 0.85, 'ocr_score': 0.04, 'bounding_box': [0.14, 0.46, 0.06, 0.65]}
[2023-05-09T04:58:03.594+0000] {ml_response_dag.py:36} INFO - 8
[2023-05-09T04:58:03.595+0000] {ml_response_dag.py:37} INFO - Inserted to db
[2023-05-09T04:58:03.596+0000] {ml_response_dag.py:35} INFO - {'value': '362', 'score': 0.62, 'ocr_score': 0.51, 'bounding_box': [0.42, 0.48, 0.21, 0.45]}
[2023-05-09T04:58:03.597+0000] {ml_response_dag.py:36} INFO - 9
[2023-05-09T04:58:03.598+0000] {ml_response_dag.py:37} INFO - Inserted to db
[2023-05-09T04:58:03.602+0000] {ml_response_dag.py:35} INFO - {'value': '288', 'score': 0.77, 'ocr_score': 0.23, 'bounding_box': [0.16, 0.03, 0.68, 0.81]}
[2023-05-09T04:58:03.603+0000] {ml_response_dag.py:36} INFO - 9
[2023-05-09T04:58:03.607+0000] {ml_response_dag.py:37} INFO - Inserted to db
[2023-05-09T04:58:03.608+0000] {ml_response_dag.py:35} INFO - {'value': '803', 'score': 0.03, 'ocr_score': 0.42, 'bounding_box': [0.05, 0.5, 0.56, 0.95]}
[2023-05-09T04:58:03.608+0000] {ml_response_dag.py:36} INFO - 9
[2023-05-09T04:58:03.609+0000] {ml_response_dag.py:37} INFO - Inserted to db
[2023-05-09T04:58:03.611+0000] {ml_response_dag.py:35} INFO - {'value': '750', 'score': 0.85, 'ocr_score': 0.27, 'bounding_box': [0.71, 0.07, 0.54, 0.9]}
[2023-05-09T04:58:03.612+0000] {ml_response_dag.py:36} INFO - 9
[2023-05-09T04:58:03.612+0000] {ml_response_dag.py:37} INFO - Inserted to db
[2023-05-09T04:58:03.613+0000] {ml_response_dag.py:35} INFO - {'value': '148', 'score': 0.41, 'ocr_score': 0.97, 'bounding_box': [0.44, 0.51, 0.69, 0.67]}
[2023-05-09T04:58:03.613+0000] {ml_response_dag.py:36} INFO - 9
[2023-05-09T04:58:03.614+0000] {ml_response_dag.py:37} INFO - Inserted to db
[2023-05-09T04:58:03.614+0000] {ml_response_dag.py:35} INFO - {'value': '161', 'score': 0.49, 'ocr_score': 0.58, 'bounding_box': [0.51, 0.51, 0.55, 0.06]}
[2023-05-09T04:58:03.615+0000] {ml_response_dag.py:36} INFO - 9
[2023-05-09T04:58:03.615+0000] {ml_response_dag.py:37} INFO - Inserted to db
[2023-05-09T04:58:03.616+0000] {ml_response_dag.py:35} INFO - {}
[2023-05-09T04:58:03.617+0000] {ml_response_dag.py:36} INFO - 9
[2023-05-09T04:58:03.617+0000] {ml_response_dag.py:37} INFO - Inserted to db
[2023-05-09T04:58:03.619+0000] {ml_response_dag.py:35} INFO - {}
[2023-05-09T04:58:03.619+0000] {ml_response_dag.py:36} INFO - 9
[2023-05-09T04:58:03.620+0000] {ml_response_dag.py:37} INFO - Inserted to db
[2023-05-09T04:58:03.626+0000] {ml_response_dag.py:35} INFO - {}
[2023-05-09T04:58:03.629+0000] {ml_response_dag.py:36} INFO - 9
[2023-05-09T04:58:03.629+0000] {ml_response_dag.py:37} INFO - Inserted to db
[2023-05-09T04:58:03.632+0000] {ml_response_dag.py:35} INFO - {'value': '842', 'score': 0.47, 'ocr_score': 0.75, 'bounding_box': [0.16, 0.91, 0.32, 0.53]}
[2023-05-09T04:58:03.633+0000] {ml_response_dag.py:36} INFO - 10
[2023-05-09T04:58:03.633+0000] {ml_response_dag.py:37} INFO - Inserted to db
[2023-05-09T04:58:03.634+0000] {ml_response_dag.py:35} INFO - {}
[2023-05-09T04:58:03.634+0000] {ml_response_dag.py:36} INFO - 10
[2023-05-09T04:58:03.635+0000] {ml_response_dag.py:37} INFO - Inserted to db
[2023-05-09T04:58:03.636+0000] {ml_response_dag.py:35} INFO - {}
[2023-05-09T04:58:03.645+0000] {ml_response_dag.py:36} INFO - 10
[2023-05-09T04:58:03.654+0000] {ml_response_dag.py:37} INFO - Inserted to db
[2023-05-09T04:58:03.655+0000] {ml_response_dag.py:35} INFO - {'value': '458', 'score': 0.81, 'ocr_score': 0.31, 'bounding_box': [0.69, 0.54, 0.48, 0.39]}
[2023-05-09T04:58:03.657+0000] {ml_response_dag.py:36} INFO - 10
[2023-05-09T04:58:03.659+0000] {ml_response_dag.py:37} INFO - Inserted to db
[2023-05-09T04:58:03.666+0000] {ml_response_dag.py:35} INFO - {'value': '776', 'score': 0.77, 'ocr_score': 0.34, 'bounding_box': [0.76, 0.85, 0.56, 0.82]}
[2023-05-09T04:58:03.667+0000] {ml_response_dag.py:36} INFO - 10
[2023-05-09T04:58:03.669+0000] {ml_response_dag.py:37} INFO - Inserted to db
[2023-05-09T04:58:03.670+0000] {ml_response_dag.py:35} INFO - {}
[2023-05-09T04:58:03.671+0000] {ml_response_dag.py:36} INFO - 10
[2023-05-09T04:58:03.671+0000] {ml_response_dag.py:37} INFO - Inserted to db
[2023-05-09T04:58:03.673+0000] {ml_response_dag.py:35} INFO - {'value': '51', 'score': 0.76, 'ocr_score': 0.29, 'bounding_box': [0.79, 0.88, 0.43, 0.21]}
[2023-05-09T04:58:03.674+0000] {ml_response_dag.py:36} INFO - 10
[2023-05-09T04:58:03.683+0000] {ml_response_dag.py:37} INFO - Inserted to db
[2023-05-09T04:58:03.685+0000] {ml_response_dag.py:35} INFO - {'value': '843', 'score': 0.05, 'ocr_score': 0.96, 'bounding_box': [0.84, 0.04, 0.6, 0.52]}
[2023-05-09T04:58:03.690+0000] {ml_response_dag.py:36} INFO - 10
[2023-05-09T04:58:03.691+0000] {ml_response_dag.py:37} INFO - Inserted to db
[2023-05-09T04:58:03.692+0000] {ml_response_dag.py:35} INFO - {'value': '517', 'score': 0.75, 'ocr_score': 0.74, 'bounding_box': [0.65, 0.92, 0.1, 0.59]}
[2023-05-09T04:58:03.693+0000] {ml_response_dag.py:36} INFO - 10
[2023-05-09T04:58:03.694+0000] {ml_response_dag.py:37} INFO - Inserted to db
[2023-05-09T04:58:03.695+0000] {ml_response_dag.py:35} INFO - {}
[2023-05-09T04:58:03.699+0000] {ml_response_dag.py:36} INFO - 11
[2023-05-09T04:58:03.700+0000] {ml_response_dag.py:37} INFO - Inserted to db
[2023-05-09T04:58:03.701+0000] {ml_response_dag.py:35} INFO - {}
[2023-05-09T04:58:03.702+0000] {ml_response_dag.py:36} INFO - 11
[2023-05-09T04:58:03.702+0000] {ml_response_dag.py:37} INFO - Inserted to db
[2023-05-09T04:58:03.707+0000] {ml_response_dag.py:35} INFO - {'value': '288', 'score': 0.6, 'ocr_score': 0.29, 'bounding_box': [0.96, 0.39, 0.81, 0.96]}
[2023-05-09T04:58:03.710+0000] {ml_response_dag.py:36} INFO - 11
[2023-05-09T04:58:03.714+0000] {ml_response_dag.py:37} INFO - Inserted to db
[2023-05-09T04:58:03.721+0000] {ml_response_dag.py:35} INFO - {'value': '878', 'score': 0.44, 'ocr_score': 0.56, 'bounding_box': [0.46, 0.03, 0.06, 0.3]}
[2023-05-09T04:58:03.723+0000] {ml_response_dag.py:36} INFO - 11
[2023-05-09T04:58:03.724+0000] {ml_response_dag.py:37} INFO - Inserted to db
[2023-05-09T04:58:03.725+0000] {ml_response_dag.py:35} INFO - {}
[2023-05-09T04:58:03.727+0000] {ml_response_dag.py:36} INFO - 11
[2023-05-09T04:58:03.727+0000] {ml_response_dag.py:37} INFO - Inserted to db
[2023-05-09T04:58:03.728+0000] {ml_response_dag.py:35} INFO - {}
[2023-05-09T04:58:03.729+0000] {ml_response_dag.py:36} INFO - 11
[2023-05-09T04:58:03.729+0000] {ml_response_dag.py:37} INFO - Inserted to db
[2023-05-09T04:58:03.730+0000] {ml_response_dag.py:35} INFO - {}
[2023-05-09T04:58:03.731+0000] {ml_response_dag.py:36} INFO - 11
[2023-05-09T04:58:03.731+0000] {ml_response_dag.py:37} INFO - Inserted to db
[2023-05-09T04:58:03.732+0000] {ml_response_dag.py:35} INFO - {'value': '650', 'score': 0.79, 'ocr_score': 0.64, 'bounding_box': [0.13, 0.78, 0.29, 0.37]}
[2023-05-09T04:58:03.733+0000] {ml_response_dag.py:36} INFO - 11
[2023-05-09T04:58:03.734+0000] {ml_response_dag.py:37} INFO - Inserted to db
[2023-05-09T04:58:03.735+0000] {ml_response_dag.py:35} INFO - {}
[2023-05-09T04:58:03.736+0000] {ml_response_dag.py:36} INFO - 11
[2023-05-09T04:58:03.736+0000] {ml_response_dag.py:37} INFO - Inserted to db
[2023-05-09T04:58:03.739+0000] {ml_response_dag.py:35} INFO - {'value': '643', 'score': 0.23, 'ocr_score': 0.72, 'bounding_box': [0.01, 0.39, 0.58, 0.53]}
[2023-05-09T04:58:03.740+0000] {ml_response_dag.py:36} INFO - 12
[2023-05-09T04:58:03.745+0000] {ml_response_dag.py:37} INFO - Inserted to db
[2023-05-09T04:58:03.746+0000] {ml_response_dag.py:35} INFO - {}
[2023-05-09T04:58:03.747+0000] {ml_response_dag.py:36} INFO - 13
[2023-05-09T04:58:03.751+0000] {ml_response_dag.py:37} INFO - Inserted to db
[2023-05-09T04:58:03.757+0000] {ml_response_dag.py:35} INFO - {}
[2023-05-09T04:58:03.766+0000] {ml_response_dag.py:36} INFO - 14
[2023-05-09T04:58:03.782+0000] {ml_response_dag.py:37} INFO - Inserted to db
[2023-05-09T04:58:03.784+0000] {ml_response_dag.py:35} INFO - {'value': '141', 'score': 0.27, 'ocr_score': 0.93, 'bounding_box': [0.24, 0.73, 0.11, 0.89]}
[2023-05-09T04:58:03.786+0000] {ml_response_dag.py:36} INFO - 15
[2023-05-09T04:58:03.787+0000] {ml_response_dag.py:37} INFO - Inserted to db
[2023-05-09T04:58:03.790+0000] {ml_response_dag.py:35} INFO - {'value': '59', 'score': 0.45, 'ocr_score': 0.57, 'bounding_box': [0.45, 0.64, 0.68, 0.17]}
[2023-05-09T04:58:03.791+0000] {ml_response_dag.py:36} INFO - 15
[2023-05-09T04:58:03.794+0000] {ml_response_dag.py:37} INFO - Inserted to db
[2023-05-09T04:58:03.796+0000] {ml_response_dag.py:35} INFO - {'value': '333', 'score': 0.34, 'ocr_score': 0.85, 'bounding_box': [0.81, 0.57, 0.99, 0.77]}
[2023-05-09T04:58:03.800+0000] {ml_response_dag.py:36} INFO - 15
[2023-05-09T04:58:03.800+0000] {ml_response_dag.py:37} INFO - Inserted to db
[2023-05-09T04:58:03.801+0000] {ml_response_dag.py:35} INFO - {'value': '257', 'score': 0.11, 'ocr_score': 0.43, 'bounding_box': [0.37, 0.55, 0.53, 0.66]}
[2023-05-09T04:58:03.802+0000] {ml_response_dag.py:36} INFO - 15
[2023-05-09T04:58:03.802+0000] {ml_response_dag.py:37} INFO - Inserted to db
[2023-05-09T04:58:03.803+0000] {ml_response_dag.py:35} INFO - {'value': '190', 'score': 0.21, 'ocr_score': 0.83, 'bounding_box': [0.88, 0.83, 0.57, 0.11]}
[2023-05-09T04:58:03.804+0000] {ml_response_dag.py:36} INFO - 15
[2023-05-09T04:58:03.804+0000] {ml_response_dag.py:37} INFO - Inserted to db
[2023-05-09T04:58:03.805+0000] {ml_response_dag.py:35} INFO - {}
[2023-05-09T04:58:03.806+0000] {ml_response_dag.py:36} INFO - 15
[2023-05-09T04:58:03.807+0000] {ml_response_dag.py:37} INFO - Inserted to db
[2023-05-09T04:58:03.807+0000] {ml_response_dag.py:35} INFO - {}
[2023-05-09T04:58:03.808+0000] {ml_response_dag.py:36} INFO - 15
[2023-05-09T04:58:03.813+0000] {ml_response_dag.py:37} INFO - Inserted to db
[2023-05-09T04:58:03.817+0000] {ml_response_dag.py:35} INFO - {}
[2023-05-09T04:58:03.818+0000] {ml_response_dag.py:36} INFO - 15
[2023-05-09T04:58:03.819+0000] {ml_response_dag.py:37} INFO - Inserted to db
[2023-05-09T04:58:03.821+0000] {ml_response_dag.py:35} INFO - {'value': '475', 'score': 0.57, 'ocr_score': 0.49, 'bounding_box': [0.4, 0.3, 0.99, 0.32]}
[2023-05-09T04:58:03.821+0000] {ml_response_dag.py:36} INFO - 15
[2023-05-09T04:58:03.823+0000] {ml_response_dag.py:37} INFO - Inserted to db
[2023-05-09T04:58:03.828+0000] {ml_response_dag.py:35} INFO - {'value': '745', 'score': 0.84, 'ocr_score': 0.82, 'bounding_box': [0.84, 0.57, 0.94, 0.44]}
[2023-05-09T04:58:03.834+0000] {ml_response_dag.py:36} INFO - 16
[2023-05-09T04:58:03.835+0000] {ml_response_dag.py:37} INFO - Inserted to db
[2023-05-09T04:58:03.841+0000] {python.py:183} INFO - Done. Returned value was: None
[2023-05-09T04:58:03.918+0000] {taskinstance.py:1373} INFO - Marking task as SUCCESS. dag_id=veryfi_extract_total, task_id=extract_and_load, execution_date=20230508T182000, start_date=20230509T045802, end_date=20230509T045803
[2023-05-09T04:58:04.018+0000] {local_task_job_runner.py:232} INFO - Task exited with return code 0
[2023-05-09T04:58:04.114+0000] {taskinstance.py:2674} INFO - 0 downstream tasks scheduled from follow-on schedule check
