[2023-05-08T23:13:03.481+0000] {taskinstance.py:1125} INFO - Dependencies all met for dep_context=non-requeueable deps ti=<TaskInstance: veryfi_extract_total.extract_and_load scheduled__2023-05-08T00:15:30+00:00 [queued]>
[2023-05-08T23:13:04.062+0000] {taskinstance.py:1125} INFO - Dependencies all met for dep_context=requeueable deps ti=<TaskInstance: veryfi_extract_total.extract_and_load scheduled__2023-05-08T00:15:30+00:00 [queued]>
[2023-05-08T23:13:04.106+0000] {taskinstance.py:1331} INFO - Starting attempt 1 of 2
[2023-05-08T23:13:06.315+0000] {taskinstance.py:1350} INFO - Executing <Task(PythonOperator): extract_and_load> on 2023-05-08 00:15:30+00:00
[2023-05-08T23:13:06.393+0000] {standard_task_runner.py:57} INFO - Started process 342 to run task
[2023-05-08T23:13:06.511+0000] {standard_task_runner.py:84} INFO - Running: ['***', 'tasks', 'run', 'veryfi_extract_total', 'extract_and_load', 'scheduled__2023-05-08T00:15:30+00:00', '--job-id', '59', '--raw', '--subdir', 'DAGS_FOLDER/ml_response_dag.py', '--cfg-path', '/tmp/tmpqlg1dw_0']
[2023-05-08T23:13:06.526+0000] {standard_task_runner.py:85} INFO - Job 59: Subtask extract_and_load
[2023-05-08T23:13:07.174+0000] {task_command.py:410} INFO - Running <TaskInstance: veryfi_extract_total.extract_and_load scheduled__2023-05-08T00:15:30+00:00 [running]> on host 916d3785c91c
[2023-05-08T23:13:18.126+0000] {taskinstance.py:1570} INFO - Exporting env vars: AIRFLOW_CTX_DAG_OWNER='***' AIRFLOW_CTX_DAG_ID='veryfi_extract_total' AIRFLOW_CTX_TASK_ID='extract_and_load' AIRFLOW_CTX_EXECUTION_DATE='2023-05-08T00:15:30+00:00' AIRFLOW_CTX_TRY_NUMBER='1' AIRFLOW_CTX_DAG_RUN_ID='scheduled__2023-05-08T00:15:30+00:00'
[2023-05-08T23:13:25.720+0000] {taskinstance.py:1847} ERROR - Task failed with exception
Traceback (most recent call last):
  File "/home/airflow/.local/lib/python3.7/site-packages/airflow/operators/python.py", line 181, in execute
    return_value = self.execute_callable()
  File "/home/airflow/.local/lib/python3.7/site-packages/airflow/operators/python.py", line 198, in execute_callable
    return self.python_callable(*self.op_args, **self.op_kwargs)
  File "/opt/airflow/dags/ml_response_dag.py", line 31, in extract_total
    cur.execute("INSERT INTO parsed_total (total) VALUES (%s)", (total,))
psycopg2.ProgrammingError: can't adapt type 'dict'
[2023-05-08T23:13:27.412+0000] {taskinstance.py:1373} INFO - Marking task as UP_FOR_RETRY. dag_id=veryfi_extract_total, task_id=extract_and_load, execution_date=20230508T001530, start_date=20230508T231303, end_date=20230508T231327
[2023-05-08T23:13:27.915+0000] {standard_task_runner.py:109} ERROR - Failed to execute job 59 for task extract_and_load (can't adapt type 'dict'; 342)
[2023-05-08T23:13:28.170+0000] {local_task_job_runner.py:232} INFO - Task exited with return code 1
[2023-05-08T23:13:28.346+0000] {taskinstance.py:2674} INFO - 0 downstream tasks scheduled from follow-on schedule check
[2023-05-09T04:45:41.044+0000] {taskinstance.py:1125} INFO - Dependencies all met for dep_context=non-requeueable deps ti=<TaskInstance: veryfi_extract_total.extract_and_load scheduled__2023-05-08T00:15:30+00:00 [queued]>
[2023-05-09T04:45:41.063+0000] {taskinstance.py:1125} INFO - Dependencies all met for dep_context=requeueable deps ti=<TaskInstance: veryfi_extract_total.extract_and_load scheduled__2023-05-08T00:15:30+00:00 [queued]>
[2023-05-09T04:45:41.063+0000] {taskinstance.py:1331} INFO - Starting attempt 1 of 2
[2023-05-09T04:45:41.086+0000] {taskinstance.py:1350} INFO - Executing <Task(PythonOperator): extract_and_load> on 2023-05-08 00:15:30+00:00
[2023-05-09T04:45:41.094+0000] {standard_task_runner.py:57} INFO - Started process 894 to run task
[2023-05-09T04:45:41.115+0000] {standard_task_runner.py:84} INFO - Running: ['***', 'tasks', 'run', 'veryfi_extract_total', 'extract_and_load', 'scheduled__2023-05-08T00:15:30+00:00', '--job-id', '166', '--raw', '--subdir', 'DAGS_FOLDER/ml_response_dag.py', '--cfg-path', '/tmp/tmps3ncfm6o']
[2023-05-09T04:45:41.116+0000] {standard_task_runner.py:85} INFO - Job 166: Subtask extract_and_load
[2023-05-09T04:45:41.351+0000] {task_command.py:410} INFO - Running <TaskInstance: veryfi_extract_total.extract_and_load scheduled__2023-05-08T00:15:30+00:00 [running]> on host aa4b7d3de44b
[2023-05-09T04:45:41.649+0000] {taskinstance.py:1570} INFO - Exporting env vars: AIRFLOW_CTX_DAG_OWNER='***' AIRFLOW_CTX_DAG_ID='veryfi_extract_total' AIRFLOW_CTX_TASK_ID='extract_and_load' AIRFLOW_CTX_EXECUTION_DATE='2023-05-08T00:15:30+00:00' AIRFLOW_CTX_TRY_NUMBER='1' AIRFLOW_CTX_DAG_RUN_ID='scheduled__2023-05-08T00:15:30+00:00'
[2023-05-09T04:45:41.678+0000] {ml_response_dag.py:36} INFO - {}
[2023-05-09T04:45:41.679+0000] {ml_response_dag.py:37} INFO - 1
[2023-05-09T04:45:41.681+0000] {ml_response_dag.py:36} INFO - {'value': '544', 'score': 0.22, 'ocr_score': 0.81, 'bounding_box': [0.22, 0.37, 0.38, 0.52]}
[2023-05-09T04:45:41.682+0000] {ml_response_dag.py:37} INFO - 1
[2023-05-09T04:45:41.684+0000] {ml_response_dag.py:36} INFO - {}
[2023-05-09T04:45:41.686+0000] {ml_response_dag.py:37} INFO - 1
[2023-05-09T04:45:41.687+0000] {ml_response_dag.py:36} INFO - {}
[2023-05-09T04:45:41.688+0000] {ml_response_dag.py:37} INFO - 1
[2023-05-09T04:45:41.690+0000] {ml_response_dag.py:36} INFO - {}
[2023-05-09T04:45:41.693+0000] {ml_response_dag.py:37} INFO - 1
[2023-05-09T04:45:41.693+0000] {ml_response_dag.py:36} INFO - {}
[2023-05-09T04:45:41.694+0000] {ml_response_dag.py:37} INFO - 1
[2023-05-09T04:45:41.695+0000] {ml_response_dag.py:36} INFO - {'value': '660', 'score': 0.48, 'ocr_score': 0.32, 'bounding_box': [0.07, 0.82, 0.06, 0.37]}
[2023-05-09T04:45:41.697+0000] {ml_response_dag.py:37} INFO - 1
[2023-05-09T04:45:41.698+0000] {ml_response_dag.py:36} INFO - {}
[2023-05-09T04:45:41.702+0000] {ml_response_dag.py:37} INFO - 1
[2023-05-09T04:45:41.704+0000] {ml_response_dag.py:36} INFO - {'value': '801', 'score': 0.92, 'ocr_score': 0.28, 'bounding_box': [0.56, 0.9, 0.37, 0.79]}
[2023-05-09T04:45:41.705+0000] {ml_response_dag.py:37} INFO - 1
[2023-05-09T04:45:41.706+0000] {ml_response_dag.py:36} INFO - {}
[2023-05-09T04:45:41.709+0000] {ml_response_dag.py:37} INFO - 2
[2023-05-09T04:45:41.713+0000] {ml_response_dag.py:36} INFO - {}
[2023-05-09T04:45:41.713+0000] {ml_response_dag.py:37} INFO - 2
[2023-05-09T04:45:41.714+0000] {ml_response_dag.py:36} INFO - {'value': '880', 'score': 0.06, 'ocr_score': 0.1, 'bounding_box': [0.76, 0.47, 0.16, 0.27]}
[2023-05-09T04:45:41.716+0000] {ml_response_dag.py:37} INFO - 2
[2023-05-09T04:45:41.717+0000] {ml_response_dag.py:36} INFO - {'value': '380', 'score': 0.11, 'ocr_score': 0.36, 'bounding_box': [0.99, 0.15, 0.39, 0.03]}
[2023-05-09T04:45:41.728+0000] {ml_response_dag.py:37} INFO - 2
[2023-05-09T04:45:41.733+0000] {ml_response_dag.py:36} INFO - {}
[2023-05-09T04:45:41.734+0000] {ml_response_dag.py:37} INFO - 2
[2023-05-09T04:45:41.735+0000] {ml_response_dag.py:36} INFO - {'value': '770', 'score': 0.37, 'ocr_score': 0.84, 'bounding_box': [0.79, 0.15, 0.82, 0.6]}
[2023-05-09T04:45:41.736+0000] {ml_response_dag.py:37} INFO - 2
[2023-05-09T04:45:41.737+0000] {ml_response_dag.py:36} INFO - {}
[2023-05-09T04:45:41.738+0000] {ml_response_dag.py:37} INFO - 2
[2023-05-09T04:45:41.740+0000] {ml_response_dag.py:36} INFO - {}
[2023-05-09T04:45:41.741+0000] {ml_response_dag.py:37} INFO - 2
[2023-05-09T04:45:41.743+0000] {ml_response_dag.py:36} INFO - {}
[2023-05-09T04:45:41.744+0000] {ml_response_dag.py:37} INFO - 2
[2023-05-09T04:45:41.744+0000] {ml_response_dag.py:36} INFO - {}
[2023-05-09T04:45:41.745+0000] {ml_response_dag.py:37} INFO - 3
[2023-05-09T04:45:41.745+0000] {ml_response_dag.py:36} INFO - {}
[2023-05-09T04:45:41.745+0000] {ml_response_dag.py:37} INFO - 4
[2023-05-09T04:45:41.746+0000] {ml_response_dag.py:36} INFO - {}
[2023-05-09T04:45:41.746+0000] {ml_response_dag.py:37} INFO - 5
[2023-05-09T04:45:41.747+0000] {ml_response_dag.py:36} INFO - {}
[2023-05-09T04:45:41.747+0000] {ml_response_dag.py:37} INFO - 5
[2023-05-09T04:45:41.748+0000] {ml_response_dag.py:36} INFO - {'value': '418', 'score': 0.49, 'ocr_score': 0.15, 'bounding_box': [0.88, 0.92, 0.46, 0.3]}
[2023-05-09T04:45:41.748+0000] {ml_response_dag.py:37} INFO - 5
[2023-05-09T04:45:41.749+0000] {ml_response_dag.py:36} INFO - {}
[2023-05-09T04:45:41.749+0000] {ml_response_dag.py:37} INFO - 5
[2023-05-09T04:45:41.750+0000] {ml_response_dag.py:36} INFO - {}
[2023-05-09T04:45:41.750+0000] {ml_response_dag.py:37} INFO - 5
[2023-05-09T04:45:41.750+0000] {ml_response_dag.py:36} INFO - {'value': '78', 'score': 0.03, 'ocr_score': 0.66, 'bounding_box': [0.31, 0.81, 0.43, 0.03]}
[2023-05-09T04:45:41.751+0000] {ml_response_dag.py:37} INFO - 5
[2023-05-09T04:45:41.751+0000] {ml_response_dag.py:36} INFO - {}
[2023-05-09T04:45:41.752+0000] {ml_response_dag.py:37} INFO - 5
[2023-05-09T04:45:41.754+0000] {ml_response_dag.py:36} INFO - {'value': '889', 'score': 0.72, 'ocr_score': 0.56, 'bounding_box': [0.38, 0.17, 0.28, 1.0]}
[2023-05-09T04:45:41.754+0000] {ml_response_dag.py:37} INFO - 5
[2023-05-09T04:45:41.754+0000] {ml_response_dag.py:36} INFO - {'value': '292', 'score': 0.23, 'ocr_score': 0.39, 'bounding_box': [0.45, 0.93, 0.07, 0.2]}
[2023-05-09T04:45:41.755+0000] {ml_response_dag.py:37} INFO - 5
[2023-05-09T04:45:41.755+0000] {ml_response_dag.py:36} INFO - {}
[2023-05-09T04:45:41.756+0000] {ml_response_dag.py:37} INFO - 6
[2023-05-09T04:45:41.756+0000] {ml_response_dag.py:36} INFO - {'value': '542', 'score': 0.01, 'ocr_score': 0.03, 'bounding_box': [0.27, 0.53, 0.77, 0.97]}
[2023-05-09T04:45:41.756+0000] {ml_response_dag.py:37} INFO - 7
[2023-05-09T04:45:41.757+0000] {ml_response_dag.py:36} INFO - {'value': '342', 'score': 0.56, 'ocr_score': 0.14, 'bounding_box': [0.77, 0.91, 0.18, 0.2]}
[2023-05-09T04:45:41.757+0000] {ml_response_dag.py:37} INFO - 7
[2023-05-09T04:45:41.758+0000] {ml_response_dag.py:36} INFO - {'value': '967', 'score': 0.78, 'ocr_score': 0.39, 'bounding_box': [0.86, 0.38, 0.41, 0.36]}
[2023-05-09T04:45:41.758+0000] {ml_response_dag.py:37} INFO - 7
[2023-05-09T04:45:41.759+0000] {ml_response_dag.py:36} INFO - {'value': '100', 'score': 0.68, 'ocr_score': 0.75, 'bounding_box': [0.32, 0.6, 0.97, 0.05]}
[2023-05-09T04:45:41.759+0000] {ml_response_dag.py:37} INFO - 7
[2023-05-09T04:45:41.760+0000] {ml_response_dag.py:36} INFO - {}
[2023-05-09T04:45:41.760+0000] {ml_response_dag.py:37} INFO - 7
[2023-05-09T04:45:41.760+0000] {ml_response_dag.py:36} INFO - {}
[2023-05-09T04:45:41.761+0000] {ml_response_dag.py:37} INFO - 7
[2023-05-09T04:45:41.761+0000] {ml_response_dag.py:36} INFO - {'value': '858', 'score': 0.94, 'ocr_score': 0.64, 'bounding_box': [0.22, 0.37, 0.17, 0.07]}
[2023-05-09T04:45:41.762+0000] {ml_response_dag.py:37} INFO - 7
[2023-05-09T04:45:41.762+0000] {ml_response_dag.py:36} INFO - {}
[2023-05-09T04:45:41.763+0000] {ml_response_dag.py:37} INFO - 7
[2023-05-09T04:45:41.765+0000] {ml_response_dag.py:36} INFO - {'value': '633', 'score': 0.77, 'ocr_score': 0.17, 'bounding_box': [0.44, 0.56, 0.26, 0.15]}
[2023-05-09T04:45:41.766+0000] {ml_response_dag.py:37} INFO - 7
[2023-05-09T04:45:41.767+0000] {ml_response_dag.py:36} INFO - {'value': '609', 'score': 0.47, 'ocr_score': 0.56, 'bounding_box': [0.3, 0.87, 0.78, 0.92]}
[2023-05-09T04:45:41.769+0000] {ml_response_dag.py:37} INFO - 8
[2023-05-09T04:45:41.771+0000] {ml_response_dag.py:36} INFO - {'value': '331', 'score': 0.49, 'ocr_score': 0.99, 'bounding_box': [0.55, 0.36, 0.08, 0.43]}
[2023-05-09T04:45:41.775+0000] {ml_response_dag.py:37} INFO - 8
[2023-05-09T04:45:41.776+0000] {ml_response_dag.py:36} INFO - {'value': '142', 'score': 0.0, 'ocr_score': 0.58, 'bounding_box': [0.17, 0.36, 0.83, 0.62]}
[2023-05-09T04:45:41.792+0000] {ml_response_dag.py:37} INFO - 8
[2023-05-09T04:45:41.798+0000] {ml_response_dag.py:36} INFO - {}
[2023-05-09T04:45:41.799+0000] {ml_response_dag.py:37} INFO - 8
[2023-05-09T04:45:41.800+0000] {ml_response_dag.py:36} INFO - {}
[2023-05-09T04:45:41.801+0000] {ml_response_dag.py:37} INFO - 8
[2023-05-09T04:45:41.802+0000] {ml_response_dag.py:36} INFO - {}
[2023-05-09T04:45:41.806+0000] {ml_response_dag.py:37} INFO - 8
[2023-05-09T04:45:41.807+0000] {ml_response_dag.py:36} INFO - {'value': '826', 'score': 0.74, 'ocr_score': 0.69, 'bounding_box': [0.98, 0.11, 0.14, 0.96]}
[2023-05-09T04:45:41.812+0000] {ml_response_dag.py:37} INFO - 8
[2023-05-09T04:45:41.815+0000] {ml_response_dag.py:36} INFO - {}
[2023-05-09T04:45:41.818+0000] {ml_response_dag.py:37} INFO - 8
[2023-05-09T04:45:41.820+0000] {ml_response_dag.py:36} INFO - {'value': '299', 'score': 0.85, 'ocr_score': 0.04, 'bounding_box': [0.14, 0.46, 0.06, 0.65]}
[2023-05-09T04:45:41.824+0000] {ml_response_dag.py:37} INFO - 8
[2023-05-09T04:45:41.831+0000] {ml_response_dag.py:36} INFO - {'value': '362', 'score': 0.62, 'ocr_score': 0.51, 'bounding_box': [0.42, 0.48, 0.21, 0.45]}
[2023-05-09T04:45:41.834+0000] {ml_response_dag.py:37} INFO - 9
[2023-05-09T04:45:41.844+0000] {ml_response_dag.py:36} INFO - {'value': '288', 'score': 0.77, 'ocr_score': 0.23, 'bounding_box': [0.16, 0.03, 0.68, 0.81]}
[2023-05-09T04:45:41.850+0000] {ml_response_dag.py:37} INFO - 9
[2023-05-09T04:45:41.856+0000] {ml_response_dag.py:36} INFO - {'value': '803', 'score': 0.03, 'ocr_score': 0.42, 'bounding_box': [0.05, 0.5, 0.56, 0.95]}
[2023-05-09T04:45:41.858+0000] {ml_response_dag.py:37} INFO - 9
[2023-05-09T04:45:41.861+0000] {ml_response_dag.py:36} INFO - {'value': '750', 'score': 0.85, 'ocr_score': 0.27, 'bounding_box': [0.71, 0.07, 0.54, 0.9]}
[2023-05-09T04:45:41.861+0000] {ml_response_dag.py:37} INFO - 9
[2023-05-09T04:45:41.862+0000] {ml_response_dag.py:36} INFO - {'value': '148', 'score': 0.41, 'ocr_score': 0.97, 'bounding_box': [0.44, 0.51, 0.69, 0.67]}
[2023-05-09T04:45:41.862+0000] {ml_response_dag.py:37} INFO - 9
[2023-05-09T04:45:41.863+0000] {ml_response_dag.py:36} INFO - {'value': '161', 'score': 0.49, 'ocr_score': 0.58, 'bounding_box': [0.51, 0.51, 0.55, 0.06]}
[2023-05-09T04:45:41.864+0000] {ml_response_dag.py:37} INFO - 9
[2023-05-09T04:45:41.868+0000] {ml_response_dag.py:36} INFO - {}
[2023-05-09T04:45:41.868+0000] {ml_response_dag.py:37} INFO - 9
[2023-05-09T04:45:41.869+0000] {ml_response_dag.py:36} INFO - {}
[2023-05-09T04:45:41.869+0000] {ml_response_dag.py:37} INFO - 9
[2023-05-09T04:45:41.870+0000] {ml_response_dag.py:36} INFO - {}
[2023-05-09T04:45:41.870+0000] {ml_response_dag.py:37} INFO - 9
[2023-05-09T04:45:41.871+0000] {ml_response_dag.py:36} INFO - {'value': '842', 'score': 0.47, 'ocr_score': 0.75, 'bounding_box': [0.16, 0.91, 0.32, 0.53]}
[2023-05-09T04:45:41.872+0000] {ml_response_dag.py:37} INFO - 10
[2023-05-09T04:45:41.873+0000] {ml_response_dag.py:36} INFO - {}
[2023-05-09T04:45:41.873+0000] {ml_response_dag.py:37} INFO - 10
[2023-05-09T04:45:41.874+0000] {ml_response_dag.py:36} INFO - {}
[2023-05-09T04:45:41.874+0000] {ml_response_dag.py:37} INFO - 10
[2023-05-09T04:45:41.875+0000] {ml_response_dag.py:36} INFO - {'value': '458', 'score': 0.81, 'ocr_score': 0.31, 'bounding_box': [0.69, 0.54, 0.48, 0.39]}
[2023-05-09T04:45:41.875+0000] {ml_response_dag.py:37} INFO - 10
[2023-05-09T04:45:41.876+0000] {ml_response_dag.py:36} INFO - {'value': '776', 'score': 0.77, 'ocr_score': 0.34, 'bounding_box': [0.76, 0.85, 0.56, 0.82]}
[2023-05-09T04:45:41.876+0000] {ml_response_dag.py:37} INFO - 10
[2023-05-09T04:45:41.877+0000] {ml_response_dag.py:36} INFO - {}
[2023-05-09T04:45:41.877+0000] {ml_response_dag.py:37} INFO - 10
[2023-05-09T04:45:41.877+0000] {ml_response_dag.py:36} INFO - {'value': '51', 'score': 0.76, 'ocr_score': 0.29, 'bounding_box': [0.79, 0.88, 0.43, 0.21]}
[2023-05-09T04:45:41.878+0000] {ml_response_dag.py:37} INFO - 10
[2023-05-09T04:45:41.878+0000] {ml_response_dag.py:36} INFO - {'value': '843', 'score': 0.05, 'ocr_score': 0.96, 'bounding_box': [0.84, 0.04, 0.6, 0.52]}
[2023-05-09T04:45:41.879+0000] {ml_response_dag.py:37} INFO - 10
[2023-05-09T04:45:41.879+0000] {ml_response_dag.py:36} INFO - {'value': '517', 'score': 0.75, 'ocr_score': 0.74, 'bounding_box': [0.65, 0.92, 0.1, 0.59]}
[2023-05-09T04:45:41.880+0000] {ml_response_dag.py:37} INFO - 10
[2023-05-09T04:45:41.880+0000] {ml_response_dag.py:36} INFO - {}
[2023-05-09T04:45:41.881+0000] {ml_response_dag.py:37} INFO - 11
[2023-05-09T04:45:41.881+0000] {ml_response_dag.py:36} INFO - {}
[2023-05-09T04:45:41.882+0000] {ml_response_dag.py:37} INFO - 11
[2023-05-09T04:45:41.882+0000] {ml_response_dag.py:36} INFO - {'value': '288', 'score': 0.6, 'ocr_score': 0.29, 'bounding_box': [0.96, 0.39, 0.81, 0.96]}
[2023-05-09T04:45:41.883+0000] {ml_response_dag.py:37} INFO - 11
[2023-05-09T04:45:41.883+0000] {ml_response_dag.py:36} INFO - {'value': '878', 'score': 0.44, 'ocr_score': 0.56, 'bounding_box': [0.46, 0.03, 0.06, 0.3]}
[2023-05-09T04:45:41.884+0000] {ml_response_dag.py:37} INFO - 11
[2023-05-09T04:45:41.884+0000] {ml_response_dag.py:36} INFO - {}
[2023-05-09T04:45:41.884+0000] {ml_response_dag.py:37} INFO - 11
[2023-05-09T04:45:41.885+0000] {ml_response_dag.py:36} INFO - {}
[2023-05-09T04:45:41.888+0000] {ml_response_dag.py:37} INFO - 11
[2023-05-09T04:45:41.889+0000] {ml_response_dag.py:36} INFO - {}
[2023-05-09T04:45:41.890+0000] {ml_response_dag.py:37} INFO - 11
[2023-05-09T04:45:41.893+0000] {ml_response_dag.py:36} INFO - {'value': '650', 'score': 0.79, 'ocr_score': 0.64, 'bounding_box': [0.13, 0.78, 0.29, 0.37]}
[2023-05-09T04:45:41.894+0000] {ml_response_dag.py:37} INFO - 11
[2023-05-09T04:45:41.896+0000] {ml_response_dag.py:36} INFO - {}
[2023-05-09T04:45:41.897+0000] {ml_response_dag.py:37} INFO - 11
[2023-05-09T04:45:41.898+0000] {ml_response_dag.py:36} INFO - {'value': '643', 'score': 0.23, 'ocr_score': 0.72, 'bounding_box': [0.01, 0.39, 0.58, 0.53]}
[2023-05-09T04:45:41.899+0000] {ml_response_dag.py:37} INFO - 12
[2023-05-09T04:45:41.900+0000] {ml_response_dag.py:36} INFO - {}
[2023-05-09T04:45:41.901+0000] {ml_response_dag.py:37} INFO - 13
[2023-05-09T04:45:41.902+0000] {ml_response_dag.py:36} INFO - {}
[2023-05-09T04:45:41.904+0000] {ml_response_dag.py:37} INFO - 14
[2023-05-09T04:45:41.904+0000] {ml_response_dag.py:36} INFO - {'value': '141', 'score': 0.27, 'ocr_score': 0.93, 'bounding_box': [0.24, 0.73, 0.11, 0.89]}
[2023-05-09T04:45:41.905+0000] {ml_response_dag.py:37} INFO - 15
[2023-05-09T04:45:41.906+0000] {ml_response_dag.py:36} INFO - {'value': '59', 'score': 0.45, 'ocr_score': 0.57, 'bounding_box': [0.45, 0.64, 0.68, 0.17]}
[2023-05-09T04:45:41.907+0000] {ml_response_dag.py:37} INFO - 15
[2023-05-09T04:45:41.908+0000] {ml_response_dag.py:36} INFO - {'value': '333', 'score': 0.34, 'ocr_score': 0.85, 'bounding_box': [0.81, 0.57, 0.99, 0.77]}
[2023-05-09T04:45:41.909+0000] {ml_response_dag.py:37} INFO - 15
[2023-05-09T04:45:41.911+0000] {ml_response_dag.py:36} INFO - {'value': '257', 'score': 0.11, 'ocr_score': 0.43, 'bounding_box': [0.37, 0.55, 0.53, 0.66]}
[2023-05-09T04:45:41.912+0000] {ml_response_dag.py:37} INFO - 15
[2023-05-09T04:45:41.915+0000] {ml_response_dag.py:36} INFO - {'value': '190', 'score': 0.21, 'ocr_score': 0.83, 'bounding_box': [0.88, 0.83, 0.57, 0.11]}
[2023-05-09T04:45:41.916+0000] {ml_response_dag.py:37} INFO - 15
[2023-05-09T04:45:41.917+0000] {ml_response_dag.py:36} INFO - {}
[2023-05-09T04:45:41.919+0000] {ml_response_dag.py:37} INFO - 15
[2023-05-09T04:45:41.920+0000] {ml_response_dag.py:36} INFO - {}
[2023-05-09T04:45:41.921+0000] {ml_response_dag.py:37} INFO - 15
[2023-05-09T04:45:41.922+0000] {ml_response_dag.py:36} INFO - {}
[2023-05-09T04:45:41.923+0000] {ml_response_dag.py:37} INFO - 15
[2023-05-09T04:45:41.924+0000] {ml_response_dag.py:36} INFO - {'value': '475', 'score': 0.57, 'ocr_score': 0.49, 'bounding_box': [0.4, 0.3, 0.99, 0.32]}
[2023-05-09T04:45:41.924+0000] {ml_response_dag.py:37} INFO - 15
[2023-05-09T04:45:41.925+0000] {ml_response_dag.py:36} INFO - {'value': '745', 'score': 0.84, 'ocr_score': 0.82, 'bounding_box': [0.84, 0.57, 0.94, 0.44]}
[2023-05-09T04:45:41.926+0000] {ml_response_dag.py:37} INFO - 16
[2023-05-09T04:45:41.927+0000] {python.py:183} INFO - Done. Returned value was: None
[2023-05-09T04:45:41.974+0000] {taskinstance.py:1373} INFO - Marking task as SUCCESS. dag_id=veryfi_extract_total, task_id=extract_and_load, execution_date=20230508T001530, start_date=20230509T044541, end_date=20230509T044541
[2023-05-09T04:45:42.109+0000] {local_task_job_runner.py:232} INFO - Task exited with return code 0
[2023-05-09T04:45:42.234+0000] {taskinstance.py:2674} INFO - 0 downstream tasks scheduled from follow-on schedule check
