[2023-05-09T04:57:59.860+0000] {taskinstance.py:1125} INFO - Dependencies all met for dep_context=non-requeueable deps ti=<TaskInstance: veryfi_extract_total.extract_and_load scheduled__2023-05-08T17:30:00+00:00 [queued]>
[2023-05-09T04:57:59.880+0000] {taskinstance.py:1125} INFO - Dependencies all met for dep_context=requeueable deps ti=<TaskInstance: veryfi_extract_total.extract_and_load scheduled__2023-05-08T17:30:00+00:00 [queued]>
[2023-05-09T04:57:59.882+0000] {taskinstance.py:1331} INFO - Starting attempt 1 of 2
[2023-05-09T04:57:59.914+0000] {taskinstance.py:1350} INFO - Executing <Task(PythonOperator): extract_and_load> on 2023-05-08 17:30:00+00:00
[2023-05-09T04:57:59.930+0000] {standard_task_runner.py:57} INFO - Started process 1761 to run task
[2023-05-09T04:57:59.981+0000] {standard_task_runner.py:84} INFO - Running: ['***', 'tasks', 'run', 'veryfi_extract_total', 'extract_and_load', 'scheduled__2023-05-08T17:30:00+00:00', '--job-id', '497', '--raw', '--subdir', 'DAGS_FOLDER/ml_response_dag.py', '--cfg-path', '/tmp/tmp82vrddrd']
[2023-05-09T04:57:59.985+0000] {standard_task_runner.py:85} INFO - Job 497: Subtask extract_and_load
[2023-05-09T04:58:00.264+0000] {task_command.py:410} INFO - Running <TaskInstance: veryfi_extract_total.extract_and_load scheduled__2023-05-08T17:30:00+00:00 [running]> on host aa4b7d3de44b
[2023-05-09T04:58:00.704+0000] {taskinstance.py:1570} INFO - Exporting env vars: AIRFLOW_CTX_DAG_OWNER='***' AIRFLOW_CTX_DAG_ID='veryfi_extract_total' AIRFLOW_CTX_TASK_ID='extract_and_load' AIRFLOW_CTX_EXECUTION_DATE='2023-05-08T17:30:00+00:00' AIRFLOW_CTX_TRY_NUMBER='1' AIRFLOW_CTX_DAG_RUN_ID='scheduled__2023-05-08T17:30:00+00:00'
[2023-05-09T04:58:00.744+0000] {ml_response_dag.py:35} INFO - {}
[2023-05-09T04:58:00.744+0000] {ml_response_dag.py:36} INFO - 1
[2023-05-09T04:58:00.745+0000] {ml_response_dag.py:37} INFO - Inserted to db
[2023-05-09T04:58:00.747+0000] {ml_response_dag.py:35} INFO - {'value': '544', 'score': 0.22, 'ocr_score': 0.81, 'bounding_box': [0.22, 0.37, 0.38, 0.52]}
[2023-05-09T04:58:00.748+0000] {ml_response_dag.py:36} INFO - 1
[2023-05-09T04:58:00.748+0000] {ml_response_dag.py:37} INFO - Inserted to db
[2023-05-09T04:58:00.750+0000] {ml_response_dag.py:35} INFO - {}
[2023-05-09T04:58:00.751+0000] {ml_response_dag.py:36} INFO - 1
[2023-05-09T04:58:00.751+0000] {ml_response_dag.py:37} INFO - Inserted to db
[2023-05-09T04:58:00.752+0000] {ml_response_dag.py:35} INFO - {}
[2023-05-09T04:58:00.752+0000] {ml_response_dag.py:36} INFO - 1
[2023-05-09T04:58:00.753+0000] {ml_response_dag.py:37} INFO - Inserted to db
[2023-05-09T04:58:00.755+0000] {ml_response_dag.py:35} INFO - {}
[2023-05-09T04:58:00.755+0000] {ml_response_dag.py:36} INFO - 1
[2023-05-09T04:58:00.756+0000] {ml_response_dag.py:37} INFO - Inserted to db
[2023-05-09T04:58:00.757+0000] {ml_response_dag.py:35} INFO - {}
[2023-05-09T04:58:00.758+0000] {ml_response_dag.py:36} INFO - 1
[2023-05-09T04:58:00.758+0000] {ml_response_dag.py:37} INFO - Inserted to db
[2023-05-09T04:58:00.759+0000] {ml_response_dag.py:35} INFO - {'value': '660', 'score': 0.48, 'ocr_score': 0.32, 'bounding_box': [0.07, 0.82, 0.06, 0.37]}
[2023-05-09T04:58:00.759+0000] {ml_response_dag.py:36} INFO - 1
[2023-05-09T04:58:00.760+0000] {ml_response_dag.py:37} INFO - Inserted to db
[2023-05-09T04:58:00.761+0000] {ml_response_dag.py:35} INFO - {}
[2023-05-09T04:58:00.767+0000] {ml_response_dag.py:36} INFO - 1
[2023-05-09T04:58:00.768+0000] {ml_response_dag.py:37} INFO - Inserted to db
[2023-05-09T04:58:00.769+0000] {ml_response_dag.py:35} INFO - {'value': '801', 'score': 0.92, 'ocr_score': 0.28, 'bounding_box': [0.56, 0.9, 0.37, 0.79]}
[2023-05-09T04:58:00.769+0000] {ml_response_dag.py:36} INFO - 1
[2023-05-09T04:58:00.770+0000] {ml_response_dag.py:37} INFO - Inserted to db
[2023-05-09T04:58:00.771+0000] {ml_response_dag.py:35} INFO - {}
[2023-05-09T04:58:00.771+0000] {ml_response_dag.py:36} INFO - 2
[2023-05-09T04:58:00.771+0000] {ml_response_dag.py:37} INFO - Inserted to db
[2023-05-09T04:58:00.772+0000] {ml_response_dag.py:35} INFO - {}
[2023-05-09T04:58:00.772+0000] {ml_response_dag.py:36} INFO - 2
[2023-05-09T04:58:00.773+0000] {ml_response_dag.py:37} INFO - Inserted to db
[2023-05-09T04:58:00.774+0000] {ml_response_dag.py:35} INFO - {'value': '880', 'score': 0.06, 'ocr_score': 0.1, 'bounding_box': [0.76, 0.47, 0.16, 0.27]}
[2023-05-09T04:58:00.774+0000] {ml_response_dag.py:36} INFO - 2
[2023-05-09T04:58:00.775+0000] {ml_response_dag.py:37} INFO - Inserted to db
[2023-05-09T04:58:00.779+0000] {ml_response_dag.py:35} INFO - {'value': '380', 'score': 0.11, 'ocr_score': 0.36, 'bounding_box': [0.99, 0.15, 0.39, 0.03]}
[2023-05-09T04:58:00.780+0000] {ml_response_dag.py:36} INFO - 2
[2023-05-09T04:58:00.780+0000] {ml_response_dag.py:37} INFO - Inserted to db
[2023-05-09T04:58:00.781+0000] {ml_response_dag.py:35} INFO - {}
[2023-05-09T04:58:00.781+0000] {ml_response_dag.py:36} INFO - 2
[2023-05-09T04:58:00.782+0000] {ml_response_dag.py:37} INFO - Inserted to db
[2023-05-09T04:58:00.790+0000] {ml_response_dag.py:35} INFO - {'value': '770', 'score': 0.37, 'ocr_score': 0.84, 'bounding_box': [0.79, 0.15, 0.82, 0.6]}
[2023-05-09T04:58:00.791+0000] {ml_response_dag.py:36} INFO - 2
[2023-05-09T04:58:00.792+0000] {ml_response_dag.py:37} INFO - Inserted to db
[2023-05-09T04:58:00.793+0000] {ml_response_dag.py:35} INFO - {}
[2023-05-09T04:58:00.794+0000] {ml_response_dag.py:36} INFO - 2
[2023-05-09T04:58:00.794+0000] {ml_response_dag.py:37} INFO - Inserted to db
[2023-05-09T04:58:00.796+0000] {ml_response_dag.py:35} INFO - {}
[2023-05-09T04:58:00.797+0000] {ml_response_dag.py:36} INFO - 2
[2023-05-09T04:58:00.806+0000] {ml_response_dag.py:37} INFO - Inserted to db
[2023-05-09T04:58:00.810+0000] {ml_response_dag.py:35} INFO - {}
[2023-05-09T04:58:00.811+0000] {ml_response_dag.py:36} INFO - 2
[2023-05-09T04:58:00.812+0000] {ml_response_dag.py:37} INFO - Inserted to db
[2023-05-09T04:58:00.813+0000] {ml_response_dag.py:35} INFO - {}
[2023-05-09T04:58:00.814+0000] {ml_response_dag.py:36} INFO - 3
[2023-05-09T04:58:00.814+0000] {ml_response_dag.py:37} INFO - Inserted to db
[2023-05-09T04:58:00.828+0000] {ml_response_dag.py:35} INFO - {}
[2023-05-09T04:58:00.838+0000] {ml_response_dag.py:36} INFO - 4
[2023-05-09T04:58:00.839+0000] {ml_response_dag.py:37} INFO - Inserted to db
[2023-05-09T04:58:00.841+0000] {ml_response_dag.py:35} INFO - {}
[2023-05-09T04:58:00.842+0000] {ml_response_dag.py:36} INFO - 5
[2023-05-09T04:58:00.846+0000] {ml_response_dag.py:37} INFO - Inserted to db
[2023-05-09T04:58:00.850+0000] {ml_response_dag.py:35} INFO - {}
[2023-05-09T04:58:00.851+0000] {ml_response_dag.py:36} INFO - 5
[2023-05-09T04:58:00.852+0000] {ml_response_dag.py:37} INFO - Inserted to db
[2023-05-09T04:58:00.853+0000] {ml_response_dag.py:35} INFO - {'value': '418', 'score': 0.49, 'ocr_score': 0.15, 'bounding_box': [0.88, 0.92, 0.46, 0.3]}
[2023-05-09T04:58:00.854+0000] {ml_response_dag.py:36} INFO - 5
[2023-05-09T04:58:00.854+0000] {ml_response_dag.py:37} INFO - Inserted to db
[2023-05-09T04:58:00.855+0000] {ml_response_dag.py:35} INFO - {}
[2023-05-09T04:58:00.856+0000] {ml_response_dag.py:36} INFO - 5
[2023-05-09T04:58:00.857+0000] {ml_response_dag.py:37} INFO - Inserted to db
[2023-05-09T04:58:00.857+0000] {ml_response_dag.py:35} INFO - {}
[2023-05-09T04:58:00.858+0000] {ml_response_dag.py:36} INFO - 5
[2023-05-09T04:58:00.859+0000] {ml_response_dag.py:37} INFO - Inserted to db
[2023-05-09T04:58:00.860+0000] {ml_response_dag.py:35} INFO - {'value': '78', 'score': 0.03, 'ocr_score': 0.66, 'bounding_box': [0.31, 0.81, 0.43, 0.03]}
[2023-05-09T04:58:00.860+0000] {ml_response_dag.py:36} INFO - 5
[2023-05-09T04:58:00.863+0000] {ml_response_dag.py:37} INFO - Inserted to db
[2023-05-09T04:58:00.864+0000] {ml_response_dag.py:35} INFO - {}
[2023-05-09T04:58:00.864+0000] {ml_response_dag.py:36} INFO - 5
[2023-05-09T04:58:00.866+0000] {ml_response_dag.py:37} INFO - Inserted to db
[2023-05-09T04:58:00.867+0000] {ml_response_dag.py:35} INFO - {'value': '889', 'score': 0.72, 'ocr_score': 0.56, 'bounding_box': [0.38, 0.17, 0.28, 1.0]}
[2023-05-09T04:58:00.868+0000] {ml_response_dag.py:36} INFO - 5
[2023-05-09T04:58:00.869+0000] {ml_response_dag.py:37} INFO - Inserted to db
[2023-05-09T04:58:00.874+0000] {ml_response_dag.py:35} INFO - {'value': '292', 'score': 0.23, 'ocr_score': 0.39, 'bounding_box': [0.45, 0.93, 0.07, 0.2]}
[2023-05-09T04:58:00.875+0000] {ml_response_dag.py:36} INFO - 5
[2023-05-09T04:58:00.876+0000] {ml_response_dag.py:37} INFO - Inserted to db
[2023-05-09T04:58:00.876+0000] {ml_response_dag.py:35} INFO - {}
[2023-05-09T04:58:00.877+0000] {ml_response_dag.py:36} INFO - 6
[2023-05-09T04:58:00.878+0000] {ml_response_dag.py:37} INFO - Inserted to db
[2023-05-09T04:58:00.879+0000] {ml_response_dag.py:35} INFO - {'value': '542', 'score': 0.01, 'ocr_score': 0.03, 'bounding_box': [0.27, 0.53, 0.77, 0.97]}
[2023-05-09T04:58:00.880+0000] {ml_response_dag.py:36} INFO - 7
[2023-05-09T04:58:00.880+0000] {ml_response_dag.py:37} INFO - Inserted to db
[2023-05-09T04:58:00.881+0000] {ml_response_dag.py:35} INFO - {'value': '342', 'score': 0.56, 'ocr_score': 0.14, 'bounding_box': [0.77, 0.91, 0.18, 0.2]}
[2023-05-09T04:58:00.885+0000] {ml_response_dag.py:36} INFO - 7
[2023-05-09T04:58:00.886+0000] {ml_response_dag.py:37} INFO - Inserted to db
[2023-05-09T04:58:00.888+0000] {ml_response_dag.py:35} INFO - {'value': '967', 'score': 0.78, 'ocr_score': 0.39, 'bounding_box': [0.86, 0.38, 0.41, 0.36]}
[2023-05-09T04:58:00.890+0000] {ml_response_dag.py:36} INFO - 7
[2023-05-09T04:58:00.891+0000] {ml_response_dag.py:37} INFO - Inserted to db
[2023-05-09T04:58:00.892+0000] {ml_response_dag.py:35} INFO - {'value': '100', 'score': 0.68, 'ocr_score': 0.75, 'bounding_box': [0.32, 0.6, 0.97, 0.05]}
[2023-05-09T04:58:00.898+0000] {ml_response_dag.py:36} INFO - 7
[2023-05-09T04:58:00.912+0000] {ml_response_dag.py:37} INFO - Inserted to db
[2023-05-09T04:58:00.917+0000] {ml_response_dag.py:35} INFO - {}
[2023-05-09T04:58:00.920+0000] {ml_response_dag.py:36} INFO - 7
[2023-05-09T04:58:00.922+0000] {ml_response_dag.py:37} INFO - Inserted to db
[2023-05-09T04:58:00.925+0000] {ml_response_dag.py:35} INFO - {}
[2023-05-09T04:58:00.929+0000] {ml_response_dag.py:36} INFO - 7
[2023-05-09T04:58:00.942+0000] {ml_response_dag.py:37} INFO - Inserted to db
[2023-05-09T04:58:00.957+0000] {ml_response_dag.py:35} INFO - {'value': '858', 'score': 0.94, 'ocr_score': 0.64, 'bounding_box': [0.22, 0.37, 0.17, 0.07]}
[2023-05-09T04:58:00.965+0000] {ml_response_dag.py:36} INFO - 7
[2023-05-09T04:58:00.984+0000] {ml_response_dag.py:37} INFO - Inserted to db
[2023-05-09T04:58:00.986+0000] {ml_response_dag.py:35} INFO - {}
[2023-05-09T04:58:00.986+0000] {ml_response_dag.py:36} INFO - 7
[2023-05-09T04:58:00.987+0000] {ml_response_dag.py:37} INFO - Inserted to db
[2023-05-09T04:58:00.987+0000] {ml_response_dag.py:35} INFO - {'value': '633', 'score': 0.77, 'ocr_score': 0.17, 'bounding_box': [0.44, 0.56, 0.26, 0.15]}
[2023-05-09T04:58:00.988+0000] {ml_response_dag.py:36} INFO - 7
[2023-05-09T04:58:00.988+0000] {ml_response_dag.py:37} INFO - Inserted to db
[2023-05-09T04:58:00.993+0000] {ml_response_dag.py:35} INFO - {'value': '609', 'score': 0.47, 'ocr_score': 0.56, 'bounding_box': [0.3, 0.87, 0.78, 0.92]}
[2023-05-09T04:58:00.994+0000] {ml_response_dag.py:36} INFO - 8
[2023-05-09T04:58:00.995+0000] {ml_response_dag.py:37} INFO - Inserted to db
[2023-05-09T04:58:00.995+0000] {ml_response_dag.py:35} INFO - {'value': '331', 'score': 0.49, 'ocr_score': 0.99, 'bounding_box': [0.55, 0.36, 0.08, 0.43]}
[2023-05-09T04:58:00.996+0000] {ml_response_dag.py:36} INFO - 8
[2023-05-09T04:58:00.996+0000] {ml_response_dag.py:37} INFO - Inserted to db
[2023-05-09T04:58:00.997+0000] {ml_response_dag.py:35} INFO - {'value': '142', 'score': 0.0, 'ocr_score': 0.58, 'bounding_box': [0.17, 0.36, 0.83, 0.62]}
[2023-05-09T04:58:00.998+0000] {ml_response_dag.py:36} INFO - 8
[2023-05-09T04:58:00.999+0000] {ml_response_dag.py:37} INFO - Inserted to db
[2023-05-09T04:58:01.005+0000] {ml_response_dag.py:35} INFO - {}
[2023-05-09T04:58:01.007+0000] {ml_response_dag.py:36} INFO - 8
[2023-05-09T04:58:01.008+0000] {ml_response_dag.py:37} INFO - Inserted to db
[2023-05-09T04:58:01.010+0000] {ml_response_dag.py:35} INFO - {}
[2023-05-09T04:58:01.013+0000] {ml_response_dag.py:36} INFO - 8
[2023-05-09T04:58:01.016+0000] {ml_response_dag.py:37} INFO - Inserted to db
[2023-05-09T04:58:01.018+0000] {ml_response_dag.py:35} INFO - {}
[2023-05-09T04:58:01.022+0000] {ml_response_dag.py:36} INFO - 8
[2023-05-09T04:58:01.023+0000] {ml_response_dag.py:37} INFO - Inserted to db
[2023-05-09T04:58:01.024+0000] {ml_response_dag.py:35} INFO - {'value': '826', 'score': 0.74, 'ocr_score': 0.69, 'bounding_box': [0.98, 0.11, 0.14, 0.96]}
[2023-05-09T04:58:01.026+0000] {ml_response_dag.py:36} INFO - 8
[2023-05-09T04:58:01.027+0000] {ml_response_dag.py:37} INFO - Inserted to db
[2023-05-09T04:58:01.032+0000] {ml_response_dag.py:35} INFO - {}
[2023-05-09T04:58:01.033+0000] {ml_response_dag.py:36} INFO - 8
[2023-05-09T04:58:01.034+0000] {ml_response_dag.py:37} INFO - Inserted to db
[2023-05-09T04:58:01.035+0000] {ml_response_dag.py:35} INFO - {'value': '299', 'score': 0.85, 'ocr_score': 0.04, 'bounding_box': [0.14, 0.46, 0.06, 0.65]}
[2023-05-09T04:58:01.040+0000] {ml_response_dag.py:36} INFO - 8
[2023-05-09T04:58:01.041+0000] {ml_response_dag.py:37} INFO - Inserted to db
[2023-05-09T04:58:01.056+0000] {ml_response_dag.py:35} INFO - {'value': '362', 'score': 0.62, 'ocr_score': 0.51, 'bounding_box': [0.42, 0.48, 0.21, 0.45]}
[2023-05-09T04:58:01.056+0000] {ml_response_dag.py:36} INFO - 9
[2023-05-09T04:58:01.057+0000] {ml_response_dag.py:37} INFO - Inserted to db
[2023-05-09T04:58:01.082+0000] {ml_response_dag.py:35} INFO - {'value': '288', 'score': 0.77, 'ocr_score': 0.23, 'bounding_box': [0.16, 0.03, 0.68, 0.81]}
[2023-05-09T04:58:01.083+0000] {ml_response_dag.py:36} INFO - 9
[2023-05-09T04:58:01.083+0000] {ml_response_dag.py:37} INFO - Inserted to db
[2023-05-09T04:58:01.084+0000] {ml_response_dag.py:35} INFO - {'value': '803', 'score': 0.03, 'ocr_score': 0.42, 'bounding_box': [0.05, 0.5, 0.56, 0.95]}
[2023-05-09T04:58:01.084+0000] {ml_response_dag.py:36} INFO - 9
[2023-05-09T04:58:01.084+0000] {ml_response_dag.py:37} INFO - Inserted to db
[2023-05-09T04:58:01.097+0000] {ml_response_dag.py:35} INFO - {'value': '750', 'score': 0.85, 'ocr_score': 0.27, 'bounding_box': [0.71, 0.07, 0.54, 0.9]}
[2023-05-09T04:58:01.099+0000] {ml_response_dag.py:36} INFO - 9
[2023-05-09T04:58:01.100+0000] {ml_response_dag.py:37} INFO - Inserted to db
[2023-05-09T04:58:01.103+0000] {ml_response_dag.py:35} INFO - {'value': '148', 'score': 0.41, 'ocr_score': 0.97, 'bounding_box': [0.44, 0.51, 0.69, 0.67]}
[2023-05-09T04:58:01.104+0000] {ml_response_dag.py:36} INFO - 9
[2023-05-09T04:58:01.106+0000] {ml_response_dag.py:37} INFO - Inserted to db
[2023-05-09T04:58:01.108+0000] {ml_response_dag.py:35} INFO - {'value': '161', 'score': 0.49, 'ocr_score': 0.58, 'bounding_box': [0.51, 0.51, 0.55, 0.06]}
[2023-05-09T04:58:01.110+0000] {ml_response_dag.py:36} INFO - 9
[2023-05-09T04:58:01.110+0000] {ml_response_dag.py:37} INFO - Inserted to db
[2023-05-09T04:58:01.115+0000] {ml_response_dag.py:35} INFO - {}
[2023-05-09T04:58:01.116+0000] {ml_response_dag.py:36} INFO - 9
[2023-05-09T04:58:01.116+0000] {ml_response_dag.py:37} INFO - Inserted to db
[2023-05-09T04:58:01.123+0000] {ml_response_dag.py:35} INFO - {}
[2023-05-09T04:58:01.124+0000] {ml_response_dag.py:36} INFO - 9
[2023-05-09T04:58:01.125+0000] {ml_response_dag.py:37} INFO - Inserted to db
[2023-05-09T04:58:01.130+0000] {ml_response_dag.py:35} INFO - {}
[2023-05-09T04:58:01.130+0000] {ml_response_dag.py:36} INFO - 9
[2023-05-09T04:58:01.131+0000] {ml_response_dag.py:37} INFO - Inserted to db
[2023-05-09T04:58:01.138+0000] {ml_response_dag.py:35} INFO - {'value': '842', 'score': 0.47, 'ocr_score': 0.75, 'bounding_box': [0.16, 0.91, 0.32, 0.53]}
[2023-05-09T04:58:01.144+0000] {ml_response_dag.py:36} INFO - 10
[2023-05-09T04:58:01.145+0000] {ml_response_dag.py:37} INFO - Inserted to db
[2023-05-09T04:58:01.146+0000] {ml_response_dag.py:35} INFO - {}
[2023-05-09T04:58:01.146+0000] {ml_response_dag.py:36} INFO - 10
[2023-05-09T04:58:01.147+0000] {ml_response_dag.py:37} INFO - Inserted to db
[2023-05-09T04:58:01.149+0000] {ml_response_dag.py:35} INFO - {}
[2023-05-09T04:58:01.152+0000] {ml_response_dag.py:36} INFO - 10
[2023-05-09T04:58:01.152+0000] {ml_response_dag.py:37} INFO - Inserted to db
[2023-05-09T04:58:01.170+0000] {ml_response_dag.py:35} INFO - {'value': '458', 'score': 0.81, 'ocr_score': 0.31, 'bounding_box': [0.69, 0.54, 0.48, 0.39]}
[2023-05-09T04:58:01.172+0000] {ml_response_dag.py:36} INFO - 10
[2023-05-09T04:58:01.175+0000] {ml_response_dag.py:37} INFO - Inserted to db
[2023-05-09T04:58:01.177+0000] {ml_response_dag.py:35} INFO - {'value': '776', 'score': 0.77, 'ocr_score': 0.34, 'bounding_box': [0.76, 0.85, 0.56, 0.82]}
[2023-05-09T04:58:01.178+0000] {ml_response_dag.py:36} INFO - 10
[2023-05-09T04:58:01.178+0000] {ml_response_dag.py:37} INFO - Inserted to db
[2023-05-09T04:58:01.180+0000] {ml_response_dag.py:35} INFO - {}
[2023-05-09T04:58:01.181+0000] {ml_response_dag.py:36} INFO - 10
[2023-05-09T04:58:01.181+0000] {ml_response_dag.py:37} INFO - Inserted to db
[2023-05-09T04:58:01.182+0000] {ml_response_dag.py:35} INFO - {'value': '51', 'score': 0.76, 'ocr_score': 0.29, 'bounding_box': [0.79, 0.88, 0.43, 0.21]}
[2023-05-09T04:58:01.182+0000] {ml_response_dag.py:36} INFO - 10
[2023-05-09T04:58:01.183+0000] {ml_response_dag.py:37} INFO - Inserted to db
[2023-05-09T04:58:01.187+0000] {ml_response_dag.py:35} INFO - {'value': '843', 'score': 0.05, 'ocr_score': 0.96, 'bounding_box': [0.84, 0.04, 0.6, 0.52]}
[2023-05-09T04:58:01.208+0000] {ml_response_dag.py:36} INFO - 10
[2023-05-09T04:58:01.221+0000] {ml_response_dag.py:37} INFO - Inserted to db
[2023-05-09T04:58:01.223+0000] {ml_response_dag.py:35} INFO - {'value': '517', 'score': 0.75, 'ocr_score': 0.74, 'bounding_box': [0.65, 0.92, 0.1, 0.59]}
[2023-05-09T04:58:01.224+0000] {ml_response_dag.py:36} INFO - 10
[2023-05-09T04:58:01.225+0000] {ml_response_dag.py:37} INFO - Inserted to db
[2023-05-09T04:58:01.226+0000] {ml_response_dag.py:35} INFO - {}
[2023-05-09T04:58:01.228+0000] {ml_response_dag.py:36} INFO - 11
[2023-05-09T04:58:01.232+0000] {ml_response_dag.py:37} INFO - Inserted to db
[2023-05-09T04:58:01.233+0000] {ml_response_dag.py:35} INFO - {}
[2023-05-09T04:58:01.235+0000] {ml_response_dag.py:36} INFO - 11
[2023-05-09T04:58:01.252+0000] {ml_response_dag.py:37} INFO - Inserted to db
[2023-05-09T04:58:01.261+0000] {ml_response_dag.py:35} INFO - {'value': '288', 'score': 0.6, 'ocr_score': 0.29, 'bounding_box': [0.96, 0.39, 0.81, 0.96]}
[2023-05-09T04:58:01.261+0000] {ml_response_dag.py:36} INFO - 11
[2023-05-09T04:58:01.262+0000] {ml_response_dag.py:37} INFO - Inserted to db
[2023-05-09T04:58:01.263+0000] {ml_response_dag.py:35} INFO - {'value': '878', 'score': 0.44, 'ocr_score': 0.56, 'bounding_box': [0.46, 0.03, 0.06, 0.3]}
[2023-05-09T04:58:01.264+0000] {ml_response_dag.py:36} INFO - 11
[2023-05-09T04:58:01.264+0000] {ml_response_dag.py:37} INFO - Inserted to db
[2023-05-09T04:58:01.265+0000] {ml_response_dag.py:35} INFO - {}
[2023-05-09T04:58:01.266+0000] {ml_response_dag.py:36} INFO - 11
[2023-05-09T04:58:01.266+0000] {ml_response_dag.py:37} INFO - Inserted to db
[2023-05-09T04:58:01.270+0000] {ml_response_dag.py:35} INFO - {}
[2023-05-09T04:58:01.272+0000] {ml_response_dag.py:36} INFO - 11
[2023-05-09T04:58:01.275+0000] {ml_response_dag.py:37} INFO - Inserted to db
[2023-05-09T04:58:01.276+0000] {ml_response_dag.py:35} INFO - {}
[2023-05-09T04:58:01.277+0000] {ml_response_dag.py:36} INFO - 11
[2023-05-09T04:58:01.278+0000] {ml_response_dag.py:37} INFO - Inserted to db
[2023-05-09T04:58:01.280+0000] {ml_response_dag.py:35} INFO - {'value': '650', 'score': 0.79, 'ocr_score': 0.64, 'bounding_box': [0.13, 0.78, 0.29, 0.37]}
[2023-05-09T04:58:01.281+0000] {ml_response_dag.py:36} INFO - 11
[2023-05-09T04:58:01.282+0000] {ml_response_dag.py:37} INFO - Inserted to db
[2023-05-09T04:58:01.290+0000] {ml_response_dag.py:35} INFO - {}
[2023-05-09T04:58:01.292+0000] {ml_response_dag.py:36} INFO - 11
[2023-05-09T04:58:01.293+0000] {ml_response_dag.py:37} INFO - Inserted to db
[2023-05-09T04:58:01.295+0000] {ml_response_dag.py:35} INFO - {'value': '643', 'score': 0.23, 'ocr_score': 0.72, 'bounding_box': [0.01, 0.39, 0.58, 0.53]}
[2023-05-09T04:58:01.296+0000] {ml_response_dag.py:36} INFO - 12
[2023-05-09T04:58:01.297+0000] {ml_response_dag.py:37} INFO - Inserted to db
[2023-05-09T04:58:01.298+0000] {ml_response_dag.py:35} INFO - {}
[2023-05-09T04:58:01.299+0000] {ml_response_dag.py:36} INFO - 13
[2023-05-09T04:58:01.301+0000] {ml_response_dag.py:37} INFO - Inserted to db
[2023-05-09T04:58:01.303+0000] {ml_response_dag.py:35} INFO - {}
[2023-05-09T04:58:01.309+0000] {ml_response_dag.py:36} INFO - 14
[2023-05-09T04:58:01.310+0000] {ml_response_dag.py:37} INFO - Inserted to db
[2023-05-09T04:58:01.311+0000] {ml_response_dag.py:35} INFO - {'value': '141', 'score': 0.27, 'ocr_score': 0.93, 'bounding_box': [0.24, 0.73, 0.11, 0.89]}
[2023-05-09T04:58:01.311+0000] {ml_response_dag.py:36} INFO - 15
[2023-05-09T04:58:01.312+0000] {ml_response_dag.py:37} INFO - Inserted to db
[2023-05-09T04:58:01.314+0000] {ml_response_dag.py:35} INFO - {'value': '59', 'score': 0.45, 'ocr_score': 0.57, 'bounding_box': [0.45, 0.64, 0.68, 0.17]}
[2023-05-09T04:58:01.315+0000] {ml_response_dag.py:36} INFO - 15
[2023-05-09T04:58:01.315+0000] {ml_response_dag.py:37} INFO - Inserted to db
[2023-05-09T04:58:01.316+0000] {ml_response_dag.py:35} INFO - {'value': '333', 'score': 0.34, 'ocr_score': 0.85, 'bounding_box': [0.81, 0.57, 0.99, 0.77]}
[2023-05-09T04:58:01.317+0000] {ml_response_dag.py:36} INFO - 15
[2023-05-09T04:58:01.317+0000] {ml_response_dag.py:37} INFO - Inserted to db
[2023-05-09T04:58:01.320+0000] {ml_response_dag.py:35} INFO - {'value': '257', 'score': 0.11, 'ocr_score': 0.43, 'bounding_box': [0.37, 0.55, 0.53, 0.66]}
[2023-05-09T04:58:01.320+0000] {ml_response_dag.py:36} INFO - 15
[2023-05-09T04:58:01.321+0000] {ml_response_dag.py:37} INFO - Inserted to db
[2023-05-09T04:58:01.323+0000] {ml_response_dag.py:35} INFO - {'value': '190', 'score': 0.21, 'ocr_score': 0.83, 'bounding_box': [0.88, 0.83, 0.57, 0.11]}
[2023-05-09T04:58:01.327+0000] {ml_response_dag.py:36} INFO - 15
[2023-05-09T04:58:01.334+0000] {ml_response_dag.py:37} INFO - Inserted to db
[2023-05-09T04:58:01.343+0000] {ml_response_dag.py:35} INFO - {}
[2023-05-09T04:58:01.368+0000] {ml_response_dag.py:36} INFO - 15
[2023-05-09T04:58:01.372+0000] {ml_response_dag.py:37} INFO - Inserted to db
[2023-05-09T04:58:01.379+0000] {ml_response_dag.py:35} INFO - {}
[2023-05-09T04:58:01.380+0000] {ml_response_dag.py:36} INFO - 15
[2023-05-09T04:58:01.380+0000] {ml_response_dag.py:37} INFO - Inserted to db
[2023-05-09T04:58:01.381+0000] {ml_response_dag.py:35} INFO - {}
[2023-05-09T04:58:01.382+0000] {ml_response_dag.py:36} INFO - 15
[2023-05-09T04:58:01.382+0000] {ml_response_dag.py:37} INFO - Inserted to db
[2023-05-09T04:58:01.383+0000] {ml_response_dag.py:35} INFO - {'value': '475', 'score': 0.57, 'ocr_score': 0.49, 'bounding_box': [0.4, 0.3, 0.99, 0.32]}
[2023-05-09T04:58:01.387+0000] {ml_response_dag.py:36} INFO - 15
[2023-05-09T04:58:01.388+0000] {ml_response_dag.py:37} INFO - Inserted to db
[2023-05-09T04:58:01.390+0000] {ml_response_dag.py:35} INFO - {'value': '745', 'score': 0.84, 'ocr_score': 0.82, 'bounding_box': [0.84, 0.57, 0.94, 0.44]}
[2023-05-09T04:58:01.392+0000] {ml_response_dag.py:36} INFO - 16
[2023-05-09T04:58:01.395+0000] {ml_response_dag.py:37} INFO - Inserted to db
[2023-05-09T04:58:01.399+0000] {python.py:183} INFO - Done. Returned value was: None
[2023-05-09T04:58:01.605+0000] {taskinstance.py:1373} INFO - Marking task as SUCCESS. dag_id=veryfi_extract_total, task_id=extract_and_load, execution_date=20230508T173000, start_date=20230509T045759, end_date=20230509T045801
[2023-05-09T04:58:01.797+0000] {local_task_job_runner.py:232} INFO - Task exited with return code 0
[2023-05-09T04:58:02.047+0000] {taskinstance.py:2674} INFO - 0 downstream tasks scheduled from follow-on schedule check
