[2023-05-09T04:47:31.852+0000] {taskinstance.py:1125} INFO - Dependencies all met for dep_context=non-requeueable deps ti=<TaskInstance: veryfi_extract_total.extract_and_load scheduled__2023-05-08T01:02:00+00:00 [queued]>
[2023-05-09T04:47:31.950+0000] {taskinstance.py:1125} INFO - Dependencies all met for dep_context=requeueable deps ti=<TaskInstance: veryfi_extract_total.extract_and_load scheduled__2023-05-08T01:02:00+00:00 [queued]>
[2023-05-09T04:47:31.952+0000] {taskinstance.py:1331} INFO - Starting attempt 1 of 2
[2023-05-09T04:47:32.043+0000] {taskinstance.py:1350} INFO - Executing <Task(PythonOperator): extract_and_load> on 2023-05-08 01:02:00+00:00
[2023-05-09T04:47:32.054+0000] {standard_task_runner.py:57} INFO - Started process 1031 to run task
[2023-05-09T04:47:32.107+0000] {standard_task_runner.py:84} INFO - Running: ['***', 'tasks', 'run', 'veryfi_extract_total', 'extract_and_load', 'scheduled__2023-05-08T01:02:00+00:00', '--job-id', '221', '--raw', '--subdir', 'DAGS_FOLDER/ml_response_dag.py', '--cfg-path', '/tmp/tmpvo33nu76']
[2023-05-09T04:47:32.110+0000] {standard_task_runner.py:85} INFO - Job 221: Subtask extract_and_load
[2023-05-09T04:47:36.924+0000] {task_command.py:410} INFO - Running <TaskInstance: veryfi_extract_total.extract_and_load scheduled__2023-05-08T01:02:00+00:00 [running]> on host aa4b7d3de44b
[2023-05-09T04:47:42.965+0000] {taskinstance.py:1570} INFO - Exporting env vars: AIRFLOW_CTX_DAG_OWNER='***' AIRFLOW_CTX_DAG_ID='veryfi_extract_total' AIRFLOW_CTX_TASK_ID='extract_and_load' AIRFLOW_CTX_EXECUTION_DATE='2023-05-08T01:02:00+00:00' AIRFLOW_CTX_TRY_NUMBER='1' AIRFLOW_CTX_DAG_RUN_ID='scheduled__2023-05-08T01:02:00+00:00'
[2023-05-09T04:47:43.157+0000] {ml_response_dag.py:36} INFO - {}
[2023-05-09T04:47:43.164+0000] {ml_response_dag.py:37} INFO - 1
[2023-05-09T04:47:43.165+0000] {ml_response_dag.py:36} INFO - {'value': '544', 'score': 0.22, 'ocr_score': 0.81, 'bounding_box': [0.22, 0.37, 0.38, 0.52]}
[2023-05-09T04:47:43.170+0000] {ml_response_dag.py:37} INFO - 1
[2023-05-09T04:47:43.183+0000] {ml_response_dag.py:36} INFO - {}
[2023-05-09T04:47:43.190+0000] {ml_response_dag.py:37} INFO - 1
[2023-05-09T04:47:43.210+0000] {ml_response_dag.py:36} INFO - {}
[2023-05-09T04:47:43.220+0000] {ml_response_dag.py:37} INFO - 1
[2023-05-09T04:47:43.232+0000] {ml_response_dag.py:36} INFO - {}
[2023-05-09T04:47:43.243+0000] {ml_response_dag.py:37} INFO - 1
[2023-05-09T04:47:43.243+0000] {ml_response_dag.py:36} INFO - {}
[2023-05-09T04:47:43.244+0000] {ml_response_dag.py:37} INFO - 1
[2023-05-09T04:47:43.244+0000] {ml_response_dag.py:36} INFO - {'value': '660', 'score': 0.48, 'ocr_score': 0.32, 'bounding_box': [0.07, 0.82, 0.06, 0.37]}
[2023-05-09T04:47:43.268+0000] {ml_response_dag.py:37} INFO - 1
[2023-05-09T04:47:43.278+0000] {ml_response_dag.py:36} INFO - {}
[2023-05-09T04:47:43.282+0000] {ml_response_dag.py:37} INFO - 1
[2023-05-09T04:47:43.284+0000] {ml_response_dag.py:36} INFO - {'value': '801', 'score': 0.92, 'ocr_score': 0.28, 'bounding_box': [0.56, 0.9, 0.37, 0.79]}
[2023-05-09T04:47:43.286+0000] {ml_response_dag.py:37} INFO - 1
[2023-05-09T04:47:43.288+0000] {ml_response_dag.py:36} INFO - {}
[2023-05-09T04:47:43.289+0000] {ml_response_dag.py:37} INFO - 2
[2023-05-09T04:47:43.289+0000] {ml_response_dag.py:36} INFO - {}
[2023-05-09T04:47:43.289+0000] {ml_response_dag.py:37} INFO - 2
[2023-05-09T04:47:43.290+0000] {ml_response_dag.py:36} INFO - {'value': '880', 'score': 0.06, 'ocr_score': 0.1, 'bounding_box': [0.76, 0.47, 0.16, 0.27]}
[2023-05-09T04:47:43.292+0000] {ml_response_dag.py:37} INFO - 2
[2023-05-09T04:47:43.294+0000] {ml_response_dag.py:36} INFO - {'value': '380', 'score': 0.11, 'ocr_score': 0.36, 'bounding_box': [0.99, 0.15, 0.39, 0.03]}
[2023-05-09T04:47:43.295+0000] {ml_response_dag.py:37} INFO - 2
[2023-05-09T04:47:43.296+0000] {ml_response_dag.py:36} INFO - {}
[2023-05-09T04:47:43.296+0000] {ml_response_dag.py:37} INFO - 2
[2023-05-09T04:47:43.300+0000] {ml_response_dag.py:36} INFO - {'value': '770', 'score': 0.37, 'ocr_score': 0.84, 'bounding_box': [0.79, 0.15, 0.82, 0.6]}
[2023-05-09T04:47:43.302+0000] {ml_response_dag.py:37} INFO - 2
[2023-05-09T04:47:43.306+0000] {ml_response_dag.py:36} INFO - {}
[2023-05-09T04:47:43.307+0000] {ml_response_dag.py:37} INFO - 2
[2023-05-09T04:47:43.311+0000] {ml_response_dag.py:36} INFO - {}
[2023-05-09T04:47:43.324+0000] {ml_response_dag.py:37} INFO - 2
[2023-05-09T04:47:43.327+0000] {ml_response_dag.py:36} INFO - {}
[2023-05-09T04:47:43.330+0000] {ml_response_dag.py:37} INFO - 2
[2023-05-09T04:47:43.331+0000] {ml_response_dag.py:36} INFO - {}
[2023-05-09T04:47:43.332+0000] {ml_response_dag.py:37} INFO - 3
[2023-05-09T04:47:43.391+0000] {ml_response_dag.py:36} INFO - {}
[2023-05-09T04:47:43.418+0000] {ml_response_dag.py:37} INFO - 4
[2023-05-09T04:47:43.421+0000] {ml_response_dag.py:36} INFO - {}
[2023-05-09T04:47:43.425+0000] {ml_response_dag.py:37} INFO - 5
[2023-05-09T04:47:43.434+0000] {ml_response_dag.py:36} INFO - {}
[2023-05-09T04:47:43.435+0000] {ml_response_dag.py:37} INFO - 5
[2023-05-09T04:47:43.436+0000] {ml_response_dag.py:36} INFO - {'value': '418', 'score': 0.49, 'ocr_score': 0.15, 'bounding_box': [0.88, 0.92, 0.46, 0.3]}
[2023-05-09T04:47:43.438+0000] {ml_response_dag.py:37} INFO - 5
[2023-05-09T04:47:43.439+0000] {ml_response_dag.py:36} INFO - {}
[2023-05-09T04:47:43.491+0000] {ml_response_dag.py:37} INFO - 5
[2023-05-09T04:47:43.499+0000] {ml_response_dag.py:36} INFO - {}
[2023-05-09T04:47:43.511+0000] {ml_response_dag.py:37} INFO - 5
[2023-05-09T04:47:43.515+0000] {ml_response_dag.py:36} INFO - {'value': '78', 'score': 0.03, 'ocr_score': 0.66, 'bounding_box': [0.31, 0.81, 0.43, 0.03]}
[2023-05-09T04:47:43.520+0000] {ml_response_dag.py:37} INFO - 5
[2023-05-09T04:47:43.531+0000] {ml_response_dag.py:36} INFO - {}
[2023-05-09T04:47:43.538+0000] {ml_response_dag.py:37} INFO - 5
[2023-05-09T04:47:43.551+0000] {ml_response_dag.py:36} INFO - {'value': '889', 'score': 0.72, 'ocr_score': 0.56, 'bounding_box': [0.38, 0.17, 0.28, 1.0]}
[2023-05-09T04:47:43.553+0000] {ml_response_dag.py:37} INFO - 5
[2023-05-09T04:47:43.555+0000] {ml_response_dag.py:36} INFO - {'value': '292', 'score': 0.23, 'ocr_score': 0.39, 'bounding_box': [0.45, 0.93, 0.07, 0.2]}
[2023-05-09T04:47:43.560+0000] {ml_response_dag.py:37} INFO - 5
[2023-05-09T04:47:43.583+0000] {ml_response_dag.py:36} INFO - {}
[2023-05-09T04:47:43.631+0000] {ml_response_dag.py:37} INFO - 6
[2023-05-09T04:47:43.644+0000] {ml_response_dag.py:36} INFO - {'value': '542', 'score': 0.01, 'ocr_score': 0.03, 'bounding_box': [0.27, 0.53, 0.77, 0.97]}
[2023-05-09T04:47:43.672+0000] {ml_response_dag.py:37} INFO - 7
[2023-05-09T04:47:43.681+0000] {ml_response_dag.py:36} INFO - {'value': '342', 'score': 0.56, 'ocr_score': 0.14, 'bounding_box': [0.77, 0.91, 0.18, 0.2]}
[2023-05-09T04:47:43.683+0000] {ml_response_dag.py:37} INFO - 7
[2023-05-09T04:47:43.685+0000] {ml_response_dag.py:36} INFO - {'value': '967', 'score': 0.78, 'ocr_score': 0.39, 'bounding_box': [0.86, 0.38, 0.41, 0.36]}
[2023-05-09T04:47:43.687+0000] {ml_response_dag.py:37} INFO - 7
[2023-05-09T04:47:43.688+0000] {ml_response_dag.py:36} INFO - {'value': '100', 'score': 0.68, 'ocr_score': 0.75, 'bounding_box': [0.32, 0.6, 0.97, 0.05]}
[2023-05-09T04:47:43.708+0000] {ml_response_dag.py:37} INFO - 7
[2023-05-09T04:47:43.716+0000] {ml_response_dag.py:36} INFO - {}
[2023-05-09T04:47:43.729+0000] {ml_response_dag.py:37} INFO - 7
[2023-05-09T04:47:43.738+0000] {ml_response_dag.py:36} INFO - {}
[2023-05-09T04:47:43.742+0000] {ml_response_dag.py:37} INFO - 7
[2023-05-09T04:47:43.744+0000] {ml_response_dag.py:36} INFO - {'value': '858', 'score': 0.94, 'ocr_score': 0.64, 'bounding_box': [0.22, 0.37, 0.17, 0.07]}
[2023-05-09T04:47:43.760+0000] {ml_response_dag.py:37} INFO - 7
[2023-05-09T04:47:43.764+0000] {ml_response_dag.py:36} INFO - {}
[2023-05-09T04:47:43.768+0000] {ml_response_dag.py:37} INFO - 7
[2023-05-09T04:47:43.769+0000] {ml_response_dag.py:36} INFO - {'value': '633', 'score': 0.77, 'ocr_score': 0.17, 'bounding_box': [0.44, 0.56, 0.26, 0.15]}
[2023-05-09T04:47:43.770+0000] {ml_response_dag.py:37} INFO - 7
[2023-05-09T04:47:43.772+0000] {ml_response_dag.py:36} INFO - {'value': '609', 'score': 0.47, 'ocr_score': 0.56, 'bounding_box': [0.3, 0.87, 0.78, 0.92]}
[2023-05-09T04:47:43.775+0000] {ml_response_dag.py:37} INFO - 8
[2023-05-09T04:47:43.775+0000] {ml_response_dag.py:36} INFO - {'value': '331', 'score': 0.49, 'ocr_score': 0.99, 'bounding_box': [0.55, 0.36, 0.08, 0.43]}
[2023-05-09T04:47:43.782+0000] {ml_response_dag.py:37} INFO - 8
[2023-05-09T04:47:43.834+0000] {ml_response_dag.py:36} INFO - {'value': '142', 'score': 0.0, 'ocr_score': 0.58, 'bounding_box': [0.17, 0.36, 0.83, 0.62]}
[2023-05-09T04:47:43.854+0000] {ml_response_dag.py:37} INFO - 8
[2023-05-09T04:47:43.866+0000] {ml_response_dag.py:36} INFO - {}
[2023-05-09T04:47:43.896+0000] {ml_response_dag.py:37} INFO - 8
[2023-05-09T04:47:43.899+0000] {ml_response_dag.py:36} INFO - {}
[2023-05-09T04:47:43.901+0000] {ml_response_dag.py:37} INFO - 8
[2023-05-09T04:47:43.920+0000] {ml_response_dag.py:36} INFO - {}
[2023-05-09T04:47:43.924+0000] {ml_response_dag.py:37} INFO - 8
[2023-05-09T04:47:43.926+0000] {ml_response_dag.py:36} INFO - {'value': '826', 'score': 0.74, 'ocr_score': 0.69, 'bounding_box': [0.98, 0.11, 0.14, 0.96]}
[2023-05-09T04:47:43.927+0000] {ml_response_dag.py:37} INFO - 8
[2023-05-09T04:47:43.929+0000] {ml_response_dag.py:36} INFO - {}
[2023-05-09T04:47:43.930+0000] {ml_response_dag.py:37} INFO - 8
[2023-05-09T04:47:43.931+0000] {ml_response_dag.py:36} INFO - {'value': '299', 'score': 0.85, 'ocr_score': 0.04, 'bounding_box': [0.14, 0.46, 0.06, 0.65]}
[2023-05-09T04:47:43.932+0000] {ml_response_dag.py:37} INFO - 8
[2023-05-09T04:47:43.933+0000] {ml_response_dag.py:36} INFO - {'value': '362', 'score': 0.62, 'ocr_score': 0.51, 'bounding_box': [0.42, 0.48, 0.21, 0.45]}
[2023-05-09T04:47:43.934+0000] {ml_response_dag.py:37} INFO - 9
[2023-05-09T04:47:43.935+0000] {ml_response_dag.py:36} INFO - {'value': '288', 'score': 0.77, 'ocr_score': 0.23, 'bounding_box': [0.16, 0.03, 0.68, 0.81]}
[2023-05-09T04:47:43.938+0000] {ml_response_dag.py:37} INFO - 9
[2023-05-09T04:47:43.941+0000] {ml_response_dag.py:36} INFO - {'value': '803', 'score': 0.03, 'ocr_score': 0.42, 'bounding_box': [0.05, 0.5, 0.56, 0.95]}
[2023-05-09T04:47:43.944+0000] {ml_response_dag.py:37} INFO - 9
[2023-05-09T04:47:43.946+0000] {ml_response_dag.py:36} INFO - {'value': '750', 'score': 0.85, 'ocr_score': 0.27, 'bounding_box': [0.71, 0.07, 0.54, 0.9]}
[2023-05-09T04:47:43.963+0000] {ml_response_dag.py:37} INFO - 9
[2023-05-09T04:47:43.982+0000] {ml_response_dag.py:36} INFO - {'value': '148', 'score': 0.41, 'ocr_score': 0.97, 'bounding_box': [0.44, 0.51, 0.69, 0.67]}
[2023-05-09T04:47:43.991+0000] {ml_response_dag.py:37} INFO - 9
[2023-05-09T04:47:43.998+0000] {ml_response_dag.py:36} INFO - {'value': '161', 'score': 0.49, 'ocr_score': 0.58, 'bounding_box': [0.51, 0.51, 0.55, 0.06]}
[2023-05-09T04:47:44.001+0000] {ml_response_dag.py:37} INFO - 9
[2023-05-09T04:47:44.013+0000] {ml_response_dag.py:36} INFO - {}
[2023-05-09T04:47:44.023+0000] {ml_response_dag.py:37} INFO - 9
[2023-05-09T04:47:44.029+0000] {ml_response_dag.py:36} INFO - {}
[2023-05-09T04:47:44.046+0000] {ml_response_dag.py:37} INFO - 9
[2023-05-09T04:47:44.054+0000] {ml_response_dag.py:36} INFO - {}
[2023-05-09T04:47:44.060+0000] {ml_response_dag.py:37} INFO - 9
[2023-05-09T04:47:44.066+0000] {ml_response_dag.py:36} INFO - {'value': '842', 'score': 0.47, 'ocr_score': 0.75, 'bounding_box': [0.16, 0.91, 0.32, 0.53]}
[2023-05-09T04:47:44.072+0000] {ml_response_dag.py:37} INFO - 10
[2023-05-09T04:47:44.074+0000] {ml_response_dag.py:36} INFO - {}
[2023-05-09T04:47:44.079+0000] {ml_response_dag.py:37} INFO - 10
[2023-05-09T04:47:44.081+0000] {ml_response_dag.py:36} INFO - {}
[2023-05-09T04:47:44.085+0000] {ml_response_dag.py:37} INFO - 10
[2023-05-09T04:47:44.087+0000] {ml_response_dag.py:36} INFO - {'value': '458', 'score': 0.81, 'ocr_score': 0.31, 'bounding_box': [0.69, 0.54, 0.48, 0.39]}
[2023-05-09T04:47:44.089+0000] {ml_response_dag.py:37} INFO - 10
[2023-05-09T04:47:44.091+0000] {ml_response_dag.py:36} INFO - {'value': '776', 'score': 0.77, 'ocr_score': 0.34, 'bounding_box': [0.76, 0.85, 0.56, 0.82]}
[2023-05-09T04:47:44.096+0000] {ml_response_dag.py:37} INFO - 10
[2023-05-09T04:47:44.097+0000] {ml_response_dag.py:36} INFO - {}
[2023-05-09T04:47:44.098+0000] {ml_response_dag.py:37} INFO - 10
[2023-05-09T04:47:44.099+0000] {ml_response_dag.py:36} INFO - {'value': '51', 'score': 0.76, 'ocr_score': 0.29, 'bounding_box': [0.79, 0.88, 0.43, 0.21]}
[2023-05-09T04:47:44.100+0000] {ml_response_dag.py:37} INFO - 10
[2023-05-09T04:47:44.101+0000] {ml_response_dag.py:36} INFO - {'value': '843', 'score': 0.05, 'ocr_score': 0.96, 'bounding_box': [0.84, 0.04, 0.6, 0.52]}
[2023-05-09T04:47:44.101+0000] {ml_response_dag.py:37} INFO - 10
[2023-05-09T04:47:44.102+0000] {ml_response_dag.py:36} INFO - {'value': '517', 'score': 0.75, 'ocr_score': 0.74, 'bounding_box': [0.65, 0.92, 0.1, 0.59]}
[2023-05-09T04:47:44.104+0000] {ml_response_dag.py:37} INFO - 10
[2023-05-09T04:47:44.110+0000] {ml_response_dag.py:36} INFO - {}
[2023-05-09T04:47:44.120+0000] {ml_response_dag.py:37} INFO - 11
[2023-05-09T04:47:44.122+0000] {ml_response_dag.py:36} INFO - {}
[2023-05-09T04:47:44.142+0000] {ml_response_dag.py:37} INFO - 11
[2023-05-09T04:47:44.142+0000] {ml_response_dag.py:36} INFO - {'value': '288', 'score': 0.6, 'ocr_score': 0.29, 'bounding_box': [0.96, 0.39, 0.81, 0.96]}
[2023-05-09T04:47:44.143+0000] {ml_response_dag.py:37} INFO - 11
[2023-05-09T04:47:44.144+0000] {ml_response_dag.py:36} INFO - {'value': '878', 'score': 0.44, 'ocr_score': 0.56, 'bounding_box': [0.46, 0.03, 0.06, 0.3]}
[2023-05-09T04:47:44.149+0000] {ml_response_dag.py:37} INFO - 11
[2023-05-09T04:47:44.150+0000] {ml_response_dag.py:36} INFO - {}
[2023-05-09T04:47:44.151+0000] {ml_response_dag.py:37} INFO - 11
[2023-05-09T04:47:44.152+0000] {ml_response_dag.py:36} INFO - {}
[2023-05-09T04:47:44.152+0000] {ml_response_dag.py:37} INFO - 11
[2023-05-09T04:47:44.159+0000] {ml_response_dag.py:36} INFO - {}
[2023-05-09T04:47:44.161+0000] {ml_response_dag.py:37} INFO - 11
[2023-05-09T04:47:44.161+0000] {ml_response_dag.py:36} INFO - {'value': '650', 'score': 0.79, 'ocr_score': 0.64, 'bounding_box': [0.13, 0.78, 0.29, 0.37]}
[2023-05-09T04:47:44.168+0000] {ml_response_dag.py:37} INFO - 11
[2023-05-09T04:47:44.171+0000] {ml_response_dag.py:36} INFO - {}
[2023-05-09T04:47:44.174+0000] {ml_response_dag.py:37} INFO - 11
[2023-05-09T04:47:44.181+0000] {ml_response_dag.py:36} INFO - {'value': '643', 'score': 0.23, 'ocr_score': 0.72, 'bounding_box': [0.01, 0.39, 0.58, 0.53]}
[2023-05-09T04:47:44.193+0000] {ml_response_dag.py:37} INFO - 12
[2023-05-09T04:47:44.203+0000] {ml_response_dag.py:36} INFO - {}
[2023-05-09T04:47:44.224+0000] {ml_response_dag.py:37} INFO - 13
[2023-05-09T04:47:44.226+0000] {ml_response_dag.py:36} INFO - {}
[2023-05-09T04:47:44.233+0000] {ml_response_dag.py:37} INFO - 14
[2023-05-09T04:47:44.247+0000] {ml_response_dag.py:36} INFO - {'value': '141', 'score': 0.27, 'ocr_score': 0.93, 'bounding_box': [0.24, 0.73, 0.11, 0.89]}
[2023-05-09T04:47:44.253+0000] {ml_response_dag.py:37} INFO - 15
[2023-05-09T04:47:44.261+0000] {ml_response_dag.py:36} INFO - {'value': '59', 'score': 0.45, 'ocr_score': 0.57, 'bounding_box': [0.45, 0.64, 0.68, 0.17]}
[2023-05-09T04:47:44.273+0000] {ml_response_dag.py:37} INFO - 15
[2023-05-09T04:47:44.275+0000] {ml_response_dag.py:36} INFO - {'value': '333', 'score': 0.34, 'ocr_score': 0.85, 'bounding_box': [0.81, 0.57, 0.99, 0.77]}
[2023-05-09T04:47:44.288+0000] {ml_response_dag.py:37} INFO - 15
[2023-05-09T04:47:44.290+0000] {ml_response_dag.py:36} INFO - {'value': '257', 'score': 0.11, 'ocr_score': 0.43, 'bounding_box': [0.37, 0.55, 0.53, 0.66]}
[2023-05-09T04:47:44.297+0000] {ml_response_dag.py:37} INFO - 15
[2023-05-09T04:47:44.300+0000] {ml_response_dag.py:36} INFO - {'value': '190', 'score': 0.21, 'ocr_score': 0.83, 'bounding_box': [0.88, 0.83, 0.57, 0.11]}
[2023-05-09T04:47:44.308+0000] {ml_response_dag.py:37} INFO - 15
[2023-05-09T04:47:44.309+0000] {ml_response_dag.py:36} INFO - {}
[2023-05-09T04:47:44.314+0000] {ml_response_dag.py:37} INFO - 15
[2023-05-09T04:47:44.318+0000] {ml_response_dag.py:36} INFO - {}
[2023-05-09T04:47:44.320+0000] {ml_response_dag.py:37} INFO - 15
[2023-05-09T04:47:44.342+0000] {ml_response_dag.py:36} INFO - {}
[2023-05-09T04:47:44.343+0000] {ml_response_dag.py:37} INFO - 15
[2023-05-09T04:47:44.344+0000] {ml_response_dag.py:36} INFO - {'value': '475', 'score': 0.57, 'ocr_score': 0.49, 'bounding_box': [0.4, 0.3, 0.99, 0.32]}
[2023-05-09T04:47:44.344+0000] {ml_response_dag.py:37} INFO - 15
[2023-05-09T04:47:44.345+0000] {ml_response_dag.py:36} INFO - {'value': '745', 'score': 0.84, 'ocr_score': 0.82, 'bounding_box': [0.84, 0.57, 0.94, 0.44]}
[2023-05-09T04:47:44.346+0000] {ml_response_dag.py:37} INFO - 16
[2023-05-09T04:47:44.350+0000] {python.py:183} INFO - Done. Returned value was: None
[2023-05-09T04:47:44.883+0000] {taskinstance.py:1373} INFO - Marking task as SUCCESS. dag_id=veryfi_extract_total, task_id=extract_and_load, execution_date=20230508T010200, start_date=20230509T044731, end_date=20230509T044744
[2023-05-09T04:47:46.053+0000] {local_task_job_runner.py:232} INFO - Task exited with return code 0
[2023-05-09T04:47:46.837+0000] {taskinstance.py:2674} INFO - 0 downstream tasks scheduled from follow-on schedule check
