[2023-05-09T04:57:05.514+0000] {taskinstance.py:1125} INFO - Dependencies all met for dep_context=non-requeueable deps ti=<TaskInstance: veryfi_extract_total.extract_and_load scheduled__2023-05-08T04:30:00+00:00 [queued]>
[2023-05-09T04:57:05.535+0000] {taskinstance.py:1125} INFO - Dependencies all met for dep_context=requeueable deps ti=<TaskInstance: veryfi_extract_total.extract_and_load scheduled__2023-05-08T04:30:00+00:00 [queued]>
[2023-05-09T04:57:05.567+0000] {taskinstance.py:1331} INFO - Starting attempt 1 of 2
[2023-05-09T04:57:05.613+0000] {taskinstance.py:1350} INFO - Executing <Task(PythonOperator): extract_and_load> on 2023-05-08 04:30:00+00:00
[2023-05-09T04:57:05.628+0000] {standard_task_runner.py:57} INFO - Started process 1587 to run task
[2023-05-09T04:57:05.662+0000] {standard_task_runner.py:84} INFO - Running: ['***', 'tasks', 'run', 'veryfi_extract_total', 'extract_and_load', 'scheduled__2023-05-08T04:30:00+00:00', '--job-id', '419', '--raw', '--subdir', 'DAGS_FOLDER/ml_response_dag.py', '--cfg-path', '/tmp/tmpigm16bsd']
[2023-05-09T04:57:05.671+0000] {standard_task_runner.py:85} INFO - Job 419: Subtask extract_and_load
[2023-05-09T04:57:06.163+0000] {task_command.py:410} INFO - Running <TaskInstance: veryfi_extract_total.extract_and_load scheduled__2023-05-08T04:30:00+00:00 [running]> on host aa4b7d3de44b
[2023-05-09T04:57:06.718+0000] {taskinstance.py:1570} INFO - Exporting env vars: AIRFLOW_CTX_DAG_OWNER='***' AIRFLOW_CTX_DAG_ID='veryfi_extract_total' AIRFLOW_CTX_TASK_ID='extract_and_load' AIRFLOW_CTX_EXECUTION_DATE='2023-05-08T04:30:00+00:00' AIRFLOW_CTX_TRY_NUMBER='1' AIRFLOW_CTX_DAG_RUN_ID='scheduled__2023-05-08T04:30:00+00:00'
[2023-05-09T04:57:06.741+0000] {ml_response_dag.py:35} INFO - {}
[2023-05-09T04:57:06.742+0000] {ml_response_dag.py:36} INFO - 1
[2023-05-09T04:57:06.743+0000] {ml_response_dag.py:37} INFO - Inserted to db
[2023-05-09T04:57:06.744+0000] {ml_response_dag.py:35} INFO - {'value': '544', 'score': 0.22, 'ocr_score': 0.81, 'bounding_box': [0.22, 0.37, 0.38, 0.52]}
[2023-05-09T04:57:06.745+0000] {ml_response_dag.py:36} INFO - 1
[2023-05-09T04:57:06.745+0000] {ml_response_dag.py:37} INFO - Inserted to db
[2023-05-09T04:57:06.746+0000] {ml_response_dag.py:35} INFO - {}
[2023-05-09T04:57:06.746+0000] {ml_response_dag.py:36} INFO - 1
[2023-05-09T04:57:06.747+0000] {ml_response_dag.py:37} INFO - Inserted to db
[2023-05-09T04:57:06.747+0000] {ml_response_dag.py:35} INFO - {}
[2023-05-09T04:57:06.748+0000] {ml_response_dag.py:36} INFO - 1
[2023-05-09T04:57:06.749+0000] {ml_response_dag.py:37} INFO - Inserted to db
[2023-05-09T04:57:06.750+0000] {ml_response_dag.py:35} INFO - {}
[2023-05-09T04:57:06.751+0000] {ml_response_dag.py:36} INFO - 1
[2023-05-09T04:57:06.753+0000] {ml_response_dag.py:37} INFO - Inserted to db
[2023-05-09T04:57:06.755+0000] {ml_response_dag.py:35} INFO - {}
[2023-05-09T04:57:06.757+0000] {ml_response_dag.py:36} INFO - 1
[2023-05-09T04:57:06.757+0000] {ml_response_dag.py:37} INFO - Inserted to db
[2023-05-09T04:57:06.759+0000] {ml_response_dag.py:35} INFO - {'value': '660', 'score': 0.48, 'ocr_score': 0.32, 'bounding_box': [0.07, 0.82, 0.06, 0.37]}
[2023-05-09T04:57:06.761+0000] {ml_response_dag.py:36} INFO - 1
[2023-05-09T04:57:06.761+0000] {ml_response_dag.py:37} INFO - Inserted to db
[2023-05-09T04:57:06.762+0000] {ml_response_dag.py:35} INFO - {}
[2023-05-09T04:57:06.763+0000] {ml_response_dag.py:36} INFO - 1
[2023-05-09T04:57:06.763+0000] {ml_response_dag.py:37} INFO - Inserted to db
[2023-05-09T04:57:06.766+0000] {ml_response_dag.py:35} INFO - {'value': '801', 'score': 0.92, 'ocr_score': 0.28, 'bounding_box': [0.56, 0.9, 0.37, 0.79]}
[2023-05-09T04:57:06.767+0000] {ml_response_dag.py:36} INFO - 1
[2023-05-09T04:57:06.768+0000] {ml_response_dag.py:37} INFO - Inserted to db
[2023-05-09T04:57:06.768+0000] {ml_response_dag.py:35} INFO - {}
[2023-05-09T04:57:06.768+0000] {ml_response_dag.py:36} INFO - 2
[2023-05-09T04:57:06.769+0000] {ml_response_dag.py:37} INFO - Inserted to db
[2023-05-09T04:57:06.770+0000] {ml_response_dag.py:35} INFO - {}
[2023-05-09T04:57:06.770+0000] {ml_response_dag.py:36} INFO - 2
[2023-05-09T04:57:06.771+0000] {ml_response_dag.py:37} INFO - Inserted to db
[2023-05-09T04:57:06.771+0000] {ml_response_dag.py:35} INFO - {'value': '880', 'score': 0.06, 'ocr_score': 0.1, 'bounding_box': [0.76, 0.47, 0.16, 0.27]}
[2023-05-09T04:57:06.772+0000] {ml_response_dag.py:36} INFO - 2
[2023-05-09T04:57:06.772+0000] {ml_response_dag.py:37} INFO - Inserted to db
[2023-05-09T04:57:06.773+0000] {ml_response_dag.py:35} INFO - {'value': '380', 'score': 0.11, 'ocr_score': 0.36, 'bounding_box': [0.99, 0.15, 0.39, 0.03]}
[2023-05-09T04:57:06.777+0000] {ml_response_dag.py:36} INFO - 2
[2023-05-09T04:57:06.777+0000] {ml_response_dag.py:37} INFO - Inserted to db
[2023-05-09T04:57:06.778+0000] {ml_response_dag.py:35} INFO - {}
[2023-05-09T04:57:06.781+0000] {ml_response_dag.py:36} INFO - 2
[2023-05-09T04:57:06.784+0000] {ml_response_dag.py:37} INFO - Inserted to db
[2023-05-09T04:57:06.784+0000] {ml_response_dag.py:35} INFO - {'value': '770', 'score': 0.37, 'ocr_score': 0.84, 'bounding_box': [0.79, 0.15, 0.82, 0.6]}
[2023-05-09T04:57:06.785+0000] {ml_response_dag.py:36} INFO - 2
[2023-05-09T04:57:06.785+0000] {ml_response_dag.py:37} INFO - Inserted to db
[2023-05-09T04:57:06.786+0000] {ml_response_dag.py:35} INFO - {}
[2023-05-09T04:57:06.787+0000] {ml_response_dag.py:36} INFO - 2
[2023-05-09T04:57:06.788+0000] {ml_response_dag.py:37} INFO - Inserted to db
[2023-05-09T04:57:06.788+0000] {ml_response_dag.py:35} INFO - {}
[2023-05-09T04:57:06.789+0000] {ml_response_dag.py:36} INFO - 2
[2023-05-09T04:57:06.789+0000] {ml_response_dag.py:37} INFO - Inserted to db
[2023-05-09T04:57:06.789+0000] {ml_response_dag.py:35} INFO - {}
[2023-05-09T04:57:06.790+0000] {ml_response_dag.py:36} INFO - 2
[2023-05-09T04:57:06.790+0000] {ml_response_dag.py:37} INFO - Inserted to db
[2023-05-09T04:57:06.791+0000] {ml_response_dag.py:35} INFO - {}
[2023-05-09T04:57:06.792+0000] {ml_response_dag.py:36} INFO - 3
[2023-05-09T04:57:06.792+0000] {ml_response_dag.py:37} INFO - Inserted to db
[2023-05-09T04:57:06.793+0000] {ml_response_dag.py:35} INFO - {}
[2023-05-09T04:57:06.793+0000] {ml_response_dag.py:36} INFO - 4
[2023-05-09T04:57:06.796+0000] {ml_response_dag.py:37} INFO - Inserted to db
[2023-05-09T04:57:06.797+0000] {ml_response_dag.py:35} INFO - {}
[2023-05-09T04:57:06.798+0000] {ml_response_dag.py:36} INFO - 5
[2023-05-09T04:57:06.799+0000] {ml_response_dag.py:37} INFO - Inserted to db
[2023-05-09T04:57:06.799+0000] {ml_response_dag.py:35} INFO - {}
[2023-05-09T04:57:06.803+0000] {ml_response_dag.py:36} INFO - 5
[2023-05-09T04:57:06.804+0000] {ml_response_dag.py:37} INFO - Inserted to db
[2023-05-09T04:57:06.805+0000] {ml_response_dag.py:35} INFO - {'value': '418', 'score': 0.49, 'ocr_score': 0.15, 'bounding_box': [0.88, 0.92, 0.46, 0.3]}
[2023-05-09T04:57:06.805+0000] {ml_response_dag.py:36} INFO - 5
[2023-05-09T04:57:06.806+0000] {ml_response_dag.py:37} INFO - Inserted to db
[2023-05-09T04:57:06.810+0000] {ml_response_dag.py:35} INFO - {}
[2023-05-09T04:57:06.811+0000] {ml_response_dag.py:36} INFO - 5
[2023-05-09T04:57:06.811+0000] {ml_response_dag.py:37} INFO - Inserted to db
[2023-05-09T04:57:06.812+0000] {ml_response_dag.py:35} INFO - {}
[2023-05-09T04:57:06.819+0000] {ml_response_dag.py:36} INFO - 5
[2023-05-09T04:57:06.822+0000] {ml_response_dag.py:37} INFO - Inserted to db
[2023-05-09T04:57:06.824+0000] {ml_response_dag.py:35} INFO - {'value': '78', 'score': 0.03, 'ocr_score': 0.66, 'bounding_box': [0.31, 0.81, 0.43, 0.03]}
[2023-05-09T04:57:06.824+0000] {ml_response_dag.py:36} INFO - 5
[2023-05-09T04:57:06.826+0000] {ml_response_dag.py:37} INFO - Inserted to db
[2023-05-09T04:57:06.831+0000] {ml_response_dag.py:35} INFO - {}
[2023-05-09T04:57:06.832+0000] {ml_response_dag.py:36} INFO - 5
[2023-05-09T04:57:06.832+0000] {ml_response_dag.py:37} INFO - Inserted to db
[2023-05-09T04:57:06.833+0000] {ml_response_dag.py:35} INFO - {'value': '889', 'score': 0.72, 'ocr_score': 0.56, 'bounding_box': [0.38, 0.17, 0.28, 1.0]}
[2023-05-09T04:57:06.833+0000] {ml_response_dag.py:36} INFO - 5
[2023-05-09T04:57:06.834+0000] {ml_response_dag.py:37} INFO - Inserted to db
[2023-05-09T04:57:06.835+0000] {ml_response_dag.py:35} INFO - {'value': '292', 'score': 0.23, 'ocr_score': 0.39, 'bounding_box': [0.45, 0.93, 0.07, 0.2]}
[2023-05-09T04:57:06.837+0000] {ml_response_dag.py:36} INFO - 5
[2023-05-09T04:57:06.837+0000] {ml_response_dag.py:37} INFO - Inserted to db
[2023-05-09T04:57:06.838+0000] {ml_response_dag.py:35} INFO - {}
[2023-05-09T04:57:06.839+0000] {ml_response_dag.py:36} INFO - 6
[2023-05-09T04:57:06.839+0000] {ml_response_dag.py:37} INFO - Inserted to db
[2023-05-09T04:57:06.839+0000] {ml_response_dag.py:35} INFO - {'value': '542', 'score': 0.01, 'ocr_score': 0.03, 'bounding_box': [0.27, 0.53, 0.77, 0.97]}
[2023-05-09T04:57:06.840+0000] {ml_response_dag.py:36} INFO - 7
[2023-05-09T04:57:06.841+0000] {ml_response_dag.py:37} INFO - Inserted to db
[2023-05-09T04:57:06.842+0000] {ml_response_dag.py:35} INFO - {'value': '342', 'score': 0.56, 'ocr_score': 0.14, 'bounding_box': [0.77, 0.91, 0.18, 0.2]}
[2023-05-09T04:57:06.843+0000] {ml_response_dag.py:36} INFO - 7
[2023-05-09T04:57:06.843+0000] {ml_response_dag.py:37} INFO - Inserted to db
[2023-05-09T04:57:06.844+0000] {ml_response_dag.py:35} INFO - {'value': '967', 'score': 0.78, 'ocr_score': 0.39, 'bounding_box': [0.86, 0.38, 0.41, 0.36]}
[2023-05-09T04:57:06.845+0000] {ml_response_dag.py:36} INFO - 7
[2023-05-09T04:57:06.845+0000] {ml_response_dag.py:37} INFO - Inserted to db
[2023-05-09T04:57:06.846+0000] {ml_response_dag.py:35} INFO - {'value': '100', 'score': 0.68, 'ocr_score': 0.75, 'bounding_box': [0.32, 0.6, 0.97, 0.05]}
[2023-05-09T04:57:06.846+0000] {ml_response_dag.py:36} INFO - 7
[2023-05-09T04:57:06.847+0000] {ml_response_dag.py:37} INFO - Inserted to db
[2023-05-09T04:57:06.848+0000] {ml_response_dag.py:35} INFO - {}
[2023-05-09T04:57:06.849+0000] {ml_response_dag.py:36} INFO - 7
[2023-05-09T04:57:06.850+0000] {ml_response_dag.py:37} INFO - Inserted to db
[2023-05-09T04:57:06.850+0000] {ml_response_dag.py:35} INFO - {}
[2023-05-09T04:57:06.851+0000] {ml_response_dag.py:36} INFO - 7
[2023-05-09T04:57:06.852+0000] {ml_response_dag.py:37} INFO - Inserted to db
[2023-05-09T04:57:06.853+0000] {ml_response_dag.py:35} INFO - {'value': '858', 'score': 0.94, 'ocr_score': 0.64, 'bounding_box': [0.22, 0.37, 0.17, 0.07]}
[2023-05-09T04:57:06.854+0000] {ml_response_dag.py:36} INFO - 7
[2023-05-09T04:57:06.855+0000] {ml_response_dag.py:37} INFO - Inserted to db
[2023-05-09T04:57:06.858+0000] {ml_response_dag.py:35} INFO - {}
[2023-05-09T04:57:06.863+0000] {ml_response_dag.py:36} INFO - 7
[2023-05-09T04:57:06.864+0000] {ml_response_dag.py:37} INFO - Inserted to db
[2023-05-09T04:57:06.867+0000] {ml_response_dag.py:35} INFO - {'value': '633', 'score': 0.77, 'ocr_score': 0.17, 'bounding_box': [0.44, 0.56, 0.26, 0.15]}
[2023-05-09T04:57:06.868+0000] {ml_response_dag.py:36} INFO - 7
[2023-05-09T04:57:06.869+0000] {ml_response_dag.py:37} INFO - Inserted to db
[2023-05-09T04:57:06.870+0000] {ml_response_dag.py:35} INFO - {'value': '609', 'score': 0.47, 'ocr_score': 0.56, 'bounding_box': [0.3, 0.87, 0.78, 0.92]}
[2023-05-09T04:57:06.871+0000] {ml_response_dag.py:36} INFO - 8
[2023-05-09T04:57:06.871+0000] {ml_response_dag.py:37} INFO - Inserted to db
[2023-05-09T04:57:06.872+0000] {ml_response_dag.py:35} INFO - {'value': '331', 'score': 0.49, 'ocr_score': 0.99, 'bounding_box': [0.55, 0.36, 0.08, 0.43]}
[2023-05-09T04:57:06.873+0000] {ml_response_dag.py:36} INFO - 8
[2023-05-09T04:57:06.874+0000] {ml_response_dag.py:37} INFO - Inserted to db
[2023-05-09T04:57:06.878+0000] {ml_response_dag.py:35} INFO - {'value': '142', 'score': 0.0, 'ocr_score': 0.58, 'bounding_box': [0.17, 0.36, 0.83, 0.62]}
[2023-05-09T04:57:06.887+0000] {ml_response_dag.py:36} INFO - 8
[2023-05-09T04:57:06.896+0000] {ml_response_dag.py:37} INFO - Inserted to db
[2023-05-09T04:57:06.906+0000] {ml_response_dag.py:35} INFO - {}
[2023-05-09T04:57:06.908+0000] {ml_response_dag.py:36} INFO - 8
[2023-05-09T04:57:06.910+0000] {ml_response_dag.py:37} INFO - Inserted to db
[2023-05-09T04:57:06.912+0000] {ml_response_dag.py:35} INFO - {}
[2023-05-09T04:57:06.918+0000] {ml_response_dag.py:36} INFO - 8
[2023-05-09T04:57:06.921+0000] {ml_response_dag.py:37} INFO - Inserted to db
[2023-05-09T04:57:06.926+0000] {ml_response_dag.py:35} INFO - {}
[2023-05-09T04:57:06.927+0000] {ml_response_dag.py:36} INFO - 8
[2023-05-09T04:57:06.928+0000] {ml_response_dag.py:37} INFO - Inserted to db
[2023-05-09T04:57:06.929+0000] {ml_response_dag.py:35} INFO - {'value': '826', 'score': 0.74, 'ocr_score': 0.69, 'bounding_box': [0.98, 0.11, 0.14, 0.96]}
[2023-05-09T04:57:06.930+0000] {ml_response_dag.py:36} INFO - 8
[2023-05-09T04:57:06.931+0000] {ml_response_dag.py:37} INFO - Inserted to db
[2023-05-09T04:57:06.933+0000] {ml_response_dag.py:35} INFO - {}
[2023-05-09T04:57:06.935+0000] {ml_response_dag.py:36} INFO - 8
[2023-05-09T04:57:06.936+0000] {ml_response_dag.py:37} INFO - Inserted to db
[2023-05-09T04:57:06.940+0000] {ml_response_dag.py:35} INFO - {'value': '299', 'score': 0.85, 'ocr_score': 0.04, 'bounding_box': [0.14, 0.46, 0.06, 0.65]}
[2023-05-09T04:57:06.941+0000] {ml_response_dag.py:36} INFO - 8
[2023-05-09T04:57:06.943+0000] {ml_response_dag.py:37} INFO - Inserted to db
[2023-05-09T04:57:06.944+0000] {ml_response_dag.py:35} INFO - {'value': '362', 'score': 0.62, 'ocr_score': 0.51, 'bounding_box': [0.42, 0.48, 0.21, 0.45]}
[2023-05-09T04:57:06.945+0000] {ml_response_dag.py:36} INFO - 9
[2023-05-09T04:57:06.951+0000] {ml_response_dag.py:37} INFO - Inserted to db
[2023-05-09T04:57:06.951+0000] {ml_response_dag.py:35} INFO - {'value': '288', 'score': 0.77, 'ocr_score': 0.23, 'bounding_box': [0.16, 0.03, 0.68, 0.81]}
[2023-05-09T04:57:06.952+0000] {ml_response_dag.py:36} INFO - 9
[2023-05-09T04:57:06.955+0000] {ml_response_dag.py:37} INFO - Inserted to db
[2023-05-09T04:57:06.956+0000] {ml_response_dag.py:35} INFO - {'value': '803', 'score': 0.03, 'ocr_score': 0.42, 'bounding_box': [0.05, 0.5, 0.56, 0.95]}
[2023-05-09T04:57:06.957+0000] {ml_response_dag.py:36} INFO - 9
[2023-05-09T04:57:06.958+0000] {ml_response_dag.py:37} INFO - Inserted to db
[2023-05-09T04:57:06.959+0000] {ml_response_dag.py:35} INFO - {'value': '750', 'score': 0.85, 'ocr_score': 0.27, 'bounding_box': [0.71, 0.07, 0.54, 0.9]}
[2023-05-09T04:57:06.962+0000] {ml_response_dag.py:36} INFO - 9
[2023-05-09T04:57:06.963+0000] {ml_response_dag.py:37} INFO - Inserted to db
[2023-05-09T04:57:06.964+0000] {ml_response_dag.py:35} INFO - {'value': '148', 'score': 0.41, 'ocr_score': 0.97, 'bounding_box': [0.44, 0.51, 0.69, 0.67]}
[2023-05-09T04:57:06.964+0000] {ml_response_dag.py:36} INFO - 9
[2023-05-09T04:57:06.967+0000] {ml_response_dag.py:37} INFO - Inserted to db
[2023-05-09T04:57:06.969+0000] {ml_response_dag.py:35} INFO - {'value': '161', 'score': 0.49, 'ocr_score': 0.58, 'bounding_box': [0.51, 0.51, 0.55, 0.06]}
[2023-05-09T04:57:06.970+0000] {ml_response_dag.py:36} INFO - 9
[2023-05-09T04:57:06.971+0000] {ml_response_dag.py:37} INFO - Inserted to db
[2023-05-09T04:57:06.972+0000] {ml_response_dag.py:35} INFO - {}
[2023-05-09T04:57:06.972+0000] {ml_response_dag.py:36} INFO - 9
[2023-05-09T04:57:06.973+0000] {ml_response_dag.py:37} INFO - Inserted to db
[2023-05-09T04:57:06.974+0000] {ml_response_dag.py:35} INFO - {}
[2023-05-09T04:57:06.975+0000] {ml_response_dag.py:36} INFO - 9
[2023-05-09T04:57:06.975+0000] {ml_response_dag.py:37} INFO - Inserted to db
[2023-05-09T04:57:06.989+0000] {ml_response_dag.py:35} INFO - {}
[2023-05-09T04:57:06.990+0000] {ml_response_dag.py:36} INFO - 9
[2023-05-09T04:57:06.991+0000] {ml_response_dag.py:37} INFO - Inserted to db
[2023-05-09T04:57:06.992+0000] {ml_response_dag.py:35} INFO - {'value': '842', 'score': 0.47, 'ocr_score': 0.75, 'bounding_box': [0.16, 0.91, 0.32, 0.53]}
[2023-05-09T04:57:06.992+0000] {ml_response_dag.py:36} INFO - 10
[2023-05-09T04:57:06.992+0000] {ml_response_dag.py:37} INFO - Inserted to db
[2023-05-09T04:57:07.000+0000] {ml_response_dag.py:35} INFO - {}
[2023-05-09T04:57:07.001+0000] {ml_response_dag.py:36} INFO - 10
[2023-05-09T04:57:07.001+0000] {ml_response_dag.py:37} INFO - Inserted to db
[2023-05-09T04:57:07.003+0000] {ml_response_dag.py:35} INFO - {}
[2023-05-09T04:57:07.003+0000] {ml_response_dag.py:36} INFO - 10
[2023-05-09T04:57:07.004+0000] {ml_response_dag.py:37} INFO - Inserted to db
[2023-05-09T04:57:07.005+0000] {ml_response_dag.py:35} INFO - {'value': '458', 'score': 0.81, 'ocr_score': 0.31, 'bounding_box': [0.69, 0.54, 0.48, 0.39]}
[2023-05-09T04:57:07.005+0000] {ml_response_dag.py:36} INFO - 10
[2023-05-09T04:57:07.006+0000] {ml_response_dag.py:37} INFO - Inserted to db
[2023-05-09T04:57:07.006+0000] {ml_response_dag.py:35} INFO - {'value': '776', 'score': 0.77, 'ocr_score': 0.34, 'bounding_box': [0.76, 0.85, 0.56, 0.82]}
[2023-05-09T04:57:07.006+0000] {ml_response_dag.py:36} INFO - 10
[2023-05-09T04:57:07.017+0000] {ml_response_dag.py:37} INFO - Inserted to db
[2023-05-09T04:57:07.019+0000] {ml_response_dag.py:35} INFO - {}
[2023-05-09T04:57:07.019+0000] {ml_response_dag.py:36} INFO - 10
[2023-05-09T04:57:07.020+0000] {ml_response_dag.py:37} INFO - Inserted to db
[2023-05-09T04:57:07.021+0000] {ml_response_dag.py:35} INFO - {'value': '51', 'score': 0.76, 'ocr_score': 0.29, 'bounding_box': [0.79, 0.88, 0.43, 0.21]}
[2023-05-09T04:57:07.021+0000] {ml_response_dag.py:36} INFO - 10
[2023-05-09T04:57:07.022+0000] {ml_response_dag.py:37} INFO - Inserted to db
[2023-05-09T04:57:07.023+0000] {ml_response_dag.py:35} INFO - {'value': '843', 'score': 0.05, 'ocr_score': 0.96, 'bounding_box': [0.84, 0.04, 0.6, 0.52]}
[2023-05-09T04:57:07.023+0000] {ml_response_dag.py:36} INFO - 10
[2023-05-09T04:57:07.024+0000] {ml_response_dag.py:37} INFO - Inserted to db
[2023-05-09T04:57:07.025+0000] {ml_response_dag.py:35} INFO - {'value': '517', 'score': 0.75, 'ocr_score': 0.74, 'bounding_box': [0.65, 0.92, 0.1, 0.59]}
[2023-05-09T04:57:07.026+0000] {ml_response_dag.py:36} INFO - 10
[2023-05-09T04:57:07.026+0000] {ml_response_dag.py:37} INFO - Inserted to db
[2023-05-09T04:57:07.027+0000] {ml_response_dag.py:35} INFO - {}
[2023-05-09T04:57:07.028+0000] {ml_response_dag.py:36} INFO - 11
[2023-05-09T04:57:07.032+0000] {ml_response_dag.py:37} INFO - Inserted to db
[2023-05-09T04:57:07.034+0000] {ml_response_dag.py:35} INFO - {}
[2023-05-09T04:57:07.035+0000] {ml_response_dag.py:36} INFO - 11
[2023-05-09T04:57:07.036+0000] {ml_response_dag.py:37} INFO - Inserted to db
[2023-05-09T04:57:07.036+0000] {ml_response_dag.py:35} INFO - {'value': '288', 'score': 0.6, 'ocr_score': 0.29, 'bounding_box': [0.96, 0.39, 0.81, 0.96]}
[2023-05-09T04:57:07.037+0000] {ml_response_dag.py:36} INFO - 11
[2023-05-09T04:57:07.037+0000] {ml_response_dag.py:37} INFO - Inserted to db
[2023-05-09T04:57:07.037+0000] {ml_response_dag.py:35} INFO - {'value': '878', 'score': 0.44, 'ocr_score': 0.56, 'bounding_box': [0.46, 0.03, 0.06, 0.3]}
[2023-05-09T04:57:07.038+0000] {ml_response_dag.py:36} INFO - 11
[2023-05-09T04:57:07.039+0000] {ml_response_dag.py:37} INFO - Inserted to db
[2023-05-09T04:57:07.043+0000] {ml_response_dag.py:35} INFO - {}
[2023-05-09T04:57:07.043+0000] {ml_response_dag.py:36} INFO - 11
[2023-05-09T04:57:07.044+0000] {ml_response_dag.py:37} INFO - Inserted to db
[2023-05-09T04:57:07.045+0000] {ml_response_dag.py:35} INFO - {}
[2023-05-09T04:57:07.046+0000] {ml_response_dag.py:36} INFO - 11
[2023-05-09T04:57:07.047+0000] {ml_response_dag.py:37} INFO - Inserted to db
[2023-05-09T04:57:07.048+0000] {ml_response_dag.py:35} INFO - {}
[2023-05-09T04:57:07.048+0000] {ml_response_dag.py:36} INFO - 11
[2023-05-09T04:57:07.049+0000] {ml_response_dag.py:37} INFO - Inserted to db
[2023-05-09T04:57:07.050+0000] {ml_response_dag.py:35} INFO - {'value': '650', 'score': 0.79, 'ocr_score': 0.64, 'bounding_box': [0.13, 0.78, 0.29, 0.37]}
[2023-05-09T04:57:07.050+0000] {ml_response_dag.py:36} INFO - 11
[2023-05-09T04:57:07.053+0000] {ml_response_dag.py:37} INFO - Inserted to db
[2023-05-09T04:57:07.056+0000] {ml_response_dag.py:35} INFO - {}
[2023-05-09T04:57:07.056+0000] {ml_response_dag.py:36} INFO - 11
[2023-05-09T04:57:07.057+0000] {ml_response_dag.py:37} INFO - Inserted to db
[2023-05-09T04:57:07.058+0000] {ml_response_dag.py:35} INFO - {'value': '643', 'score': 0.23, 'ocr_score': 0.72, 'bounding_box': [0.01, 0.39, 0.58, 0.53]}
[2023-05-09T04:57:07.059+0000] {ml_response_dag.py:36} INFO - 12
[2023-05-09T04:57:07.060+0000] {ml_response_dag.py:37} INFO - Inserted to db
[2023-05-09T04:57:07.060+0000] {ml_response_dag.py:35} INFO - {}
[2023-05-09T04:57:07.061+0000] {ml_response_dag.py:36} INFO - 13
[2023-05-09T04:57:07.062+0000] {ml_response_dag.py:37} INFO - Inserted to db
[2023-05-09T04:57:07.064+0000] {ml_response_dag.py:35} INFO - {}
[2023-05-09T04:57:07.065+0000] {ml_response_dag.py:36} INFO - 14
[2023-05-09T04:57:07.067+0000] {ml_response_dag.py:37} INFO - Inserted to db
[2023-05-09T04:57:07.069+0000] {ml_response_dag.py:35} INFO - {'value': '141', 'score': 0.27, 'ocr_score': 0.93, 'bounding_box': [0.24, 0.73, 0.11, 0.89]}
[2023-05-09T04:57:07.071+0000] {ml_response_dag.py:36} INFO - 15
[2023-05-09T04:57:07.073+0000] {ml_response_dag.py:37} INFO - Inserted to db
[2023-05-09T04:57:07.076+0000] {ml_response_dag.py:35} INFO - {'value': '59', 'score': 0.45, 'ocr_score': 0.57, 'bounding_box': [0.45, 0.64, 0.68, 0.17]}
[2023-05-09T04:57:07.078+0000] {ml_response_dag.py:36} INFO - 15
[2023-05-09T04:57:07.079+0000] {ml_response_dag.py:37} INFO - Inserted to db
[2023-05-09T04:57:07.082+0000] {ml_response_dag.py:35} INFO - {'value': '333', 'score': 0.34, 'ocr_score': 0.85, 'bounding_box': [0.81, 0.57, 0.99, 0.77]}
[2023-05-09T04:57:07.083+0000] {ml_response_dag.py:36} INFO - 15
[2023-05-09T04:57:07.083+0000] {ml_response_dag.py:37} INFO - Inserted to db
[2023-05-09T04:57:07.085+0000] {ml_response_dag.py:35} INFO - {'value': '257', 'score': 0.11, 'ocr_score': 0.43, 'bounding_box': [0.37, 0.55, 0.53, 0.66]}
[2023-05-09T04:57:07.088+0000] {ml_response_dag.py:36} INFO - 15
[2023-05-09T04:57:07.089+0000] {ml_response_dag.py:37} INFO - Inserted to db
[2023-05-09T04:57:07.092+0000] {ml_response_dag.py:35} INFO - {'value': '190', 'score': 0.21, 'ocr_score': 0.83, 'bounding_box': [0.88, 0.83, 0.57, 0.11]}
[2023-05-09T04:57:07.095+0000] {ml_response_dag.py:36} INFO - 15
[2023-05-09T04:57:07.099+0000] {ml_response_dag.py:37} INFO - Inserted to db
[2023-05-09T04:57:07.100+0000] {ml_response_dag.py:35} INFO - {}
[2023-05-09T04:57:07.101+0000] {ml_response_dag.py:36} INFO - 15
[2023-05-09T04:57:07.101+0000] {ml_response_dag.py:37} INFO - Inserted to db
[2023-05-09T04:57:07.102+0000] {ml_response_dag.py:35} INFO - {}
[2023-05-09T04:57:07.102+0000] {ml_response_dag.py:36} INFO - 15
[2023-05-09T04:57:07.102+0000] {ml_response_dag.py:37} INFO - Inserted to db
[2023-05-09T04:57:07.103+0000] {ml_response_dag.py:35} INFO - {}
[2023-05-09T04:57:07.107+0000] {ml_response_dag.py:36} INFO - 15
[2023-05-09T04:57:07.108+0000] {ml_response_dag.py:37} INFO - Inserted to db
[2023-05-09T04:57:07.109+0000] {ml_response_dag.py:35} INFO - {'value': '475', 'score': 0.57, 'ocr_score': 0.49, 'bounding_box': [0.4, 0.3, 0.99, 0.32]}
[2023-05-09T04:57:07.110+0000] {ml_response_dag.py:36} INFO - 15
[2023-05-09T04:57:07.111+0000] {ml_response_dag.py:37} INFO - Inserted to db
[2023-05-09T04:57:07.114+0000] {ml_response_dag.py:35} INFO - {'value': '745', 'score': 0.84, 'ocr_score': 0.82, 'bounding_box': [0.84, 0.57, 0.94, 0.44]}
[2023-05-09T04:57:07.115+0000] {ml_response_dag.py:36} INFO - 16
[2023-05-09T04:57:07.116+0000] {ml_response_dag.py:37} INFO - Inserted to db
[2023-05-09T04:57:07.134+0000] {python.py:183} INFO - Done. Returned value was: None
[2023-05-09T04:57:07.193+0000] {taskinstance.py:1373} INFO - Marking task as SUCCESS. dag_id=veryfi_extract_total, task_id=extract_and_load, execution_date=20230508T043000, start_date=20230509T045705, end_date=20230509T045707
[2023-05-09T04:57:07.329+0000] {local_task_job_runner.py:232} INFO - Task exited with return code 0
[2023-05-09T04:57:07.552+0000] {taskinstance.py:2674} INFO - 0 downstream tasks scheduled from follow-on schedule check
