[2023-05-09T04:57:37.420+0000] {taskinstance.py:1125} INFO - Dependencies all met for dep_context=non-requeueable deps ti=<TaskInstance: veryfi_extract_total.extract_and_load scheduled__2023-05-08T11:30:00+00:00 [queued]>
[2023-05-09T04:57:37.435+0000] {taskinstance.py:1125} INFO - Dependencies all met for dep_context=requeueable deps ti=<TaskInstance: veryfi_extract_total.extract_and_load scheduled__2023-05-08T11:30:00+00:00 [queued]>
[2023-05-09T04:57:37.436+0000] {taskinstance.py:1331} INFO - Starting attempt 1 of 2
[2023-05-09T04:57:37.487+0000] {taskinstance.py:1350} INFO - Executing <Task(PythonOperator): extract_and_load> on 2023-05-08 11:30:00+00:00
[2023-05-09T04:57:37.506+0000] {standard_task_runner.py:84} INFO - Running: ['***', 'tasks', 'run', 'veryfi_extract_total', 'extract_and_load', 'scheduled__2023-05-08T11:30:00+00:00', '--job-id', '460', '--raw', '--subdir', 'DAGS_FOLDER/ml_response_dag.py', '--cfg-path', '/tmp/tmp32wmo_2k']
[2023-05-09T04:57:37.510+0000] {standard_task_runner.py:85} INFO - Job 460: Subtask extract_and_load
[2023-05-09T04:57:37.501+0000] {standard_task_runner.py:57} INFO - Started process 1678 to run task
[2023-05-09T04:57:37.720+0000] {task_command.py:410} INFO - Running <TaskInstance: veryfi_extract_total.extract_and_load scheduled__2023-05-08T11:30:00+00:00 [running]> on host aa4b7d3de44b
[2023-05-09T04:57:38.114+0000] {taskinstance.py:1570} INFO - Exporting env vars: AIRFLOW_CTX_DAG_OWNER='***' AIRFLOW_CTX_DAG_ID='veryfi_extract_total' AIRFLOW_CTX_TASK_ID='extract_and_load' AIRFLOW_CTX_EXECUTION_DATE='2023-05-08T11:30:00+00:00' AIRFLOW_CTX_TRY_NUMBER='1' AIRFLOW_CTX_DAG_RUN_ID='scheduled__2023-05-08T11:30:00+00:00'
[2023-05-09T04:57:38.149+0000] {ml_response_dag.py:35} INFO - {}
[2023-05-09T04:57:38.149+0000] {ml_response_dag.py:36} INFO - 1
[2023-05-09T04:57:38.150+0000] {ml_response_dag.py:37} INFO - Inserted to db
[2023-05-09T04:57:38.154+0000] {ml_response_dag.py:35} INFO - {'value': '544', 'score': 0.22, 'ocr_score': 0.81, 'bounding_box': [0.22, 0.37, 0.38, 0.52]}
[2023-05-09T04:57:38.155+0000] {ml_response_dag.py:36} INFO - 1
[2023-05-09T04:57:38.155+0000] {ml_response_dag.py:37} INFO - Inserted to db
[2023-05-09T04:57:38.156+0000] {ml_response_dag.py:35} INFO - {}
[2023-05-09T04:57:38.156+0000] {ml_response_dag.py:36} INFO - 1
[2023-05-09T04:57:38.156+0000] {ml_response_dag.py:37} INFO - Inserted to db
[2023-05-09T04:57:38.157+0000] {ml_response_dag.py:35} INFO - {}
[2023-05-09T04:57:38.157+0000] {ml_response_dag.py:36} INFO - 1
[2023-05-09T04:57:38.157+0000] {ml_response_dag.py:37} INFO - Inserted to db
[2023-05-09T04:57:38.158+0000] {ml_response_dag.py:35} INFO - {}
[2023-05-09T04:57:38.159+0000] {ml_response_dag.py:36} INFO - 1
[2023-05-09T04:57:38.159+0000] {ml_response_dag.py:37} INFO - Inserted to db
[2023-05-09T04:57:38.161+0000] {ml_response_dag.py:35} INFO - {}
[2023-05-09T04:57:38.161+0000] {ml_response_dag.py:36} INFO - 1
[2023-05-09T04:57:38.162+0000] {ml_response_dag.py:37} INFO - Inserted to db
[2023-05-09T04:57:38.163+0000] {ml_response_dag.py:35} INFO - {'value': '660', 'score': 0.48, 'ocr_score': 0.32, 'bounding_box': [0.07, 0.82, 0.06, 0.37]}
[2023-05-09T04:57:38.164+0000] {ml_response_dag.py:36} INFO - 1
[2023-05-09T04:57:38.165+0000] {ml_response_dag.py:37} INFO - Inserted to db
[2023-05-09T04:57:38.166+0000] {ml_response_dag.py:35} INFO - {}
[2023-05-09T04:57:38.167+0000] {ml_response_dag.py:36} INFO - 1
[2023-05-09T04:57:38.167+0000] {ml_response_dag.py:37} INFO - Inserted to db
[2023-05-09T04:57:38.174+0000] {ml_response_dag.py:35} INFO - {'value': '801', 'score': 0.92, 'ocr_score': 0.28, 'bounding_box': [0.56, 0.9, 0.37, 0.79]}
[2023-05-09T04:57:38.175+0000] {ml_response_dag.py:36} INFO - 1
[2023-05-09T04:57:38.175+0000] {ml_response_dag.py:37} INFO - Inserted to db
[2023-05-09T04:57:38.177+0000] {ml_response_dag.py:35} INFO - {}
[2023-05-09T04:57:38.178+0000] {ml_response_dag.py:36} INFO - 2
[2023-05-09T04:57:38.179+0000] {ml_response_dag.py:37} INFO - Inserted to db
[2023-05-09T04:57:38.181+0000] {ml_response_dag.py:35} INFO - {}
[2023-05-09T04:57:38.182+0000] {ml_response_dag.py:36} INFO - 2
[2023-05-09T04:57:38.184+0000] {ml_response_dag.py:37} INFO - Inserted to db
[2023-05-09T04:57:38.187+0000] {ml_response_dag.py:35} INFO - {'value': '880', 'score': 0.06, 'ocr_score': 0.1, 'bounding_box': [0.76, 0.47, 0.16, 0.27]}
[2023-05-09T04:57:38.191+0000] {ml_response_dag.py:36} INFO - 2
[2023-05-09T04:57:38.193+0000] {ml_response_dag.py:37} INFO - Inserted to db
[2023-05-09T04:57:38.194+0000] {ml_response_dag.py:35} INFO - {'value': '380', 'score': 0.11, 'ocr_score': 0.36, 'bounding_box': [0.99, 0.15, 0.39, 0.03]}
[2023-05-09T04:57:38.194+0000] {ml_response_dag.py:36} INFO - 2
[2023-05-09T04:57:38.195+0000] {ml_response_dag.py:37} INFO - Inserted to db
[2023-05-09T04:57:38.197+0000] {ml_response_dag.py:35} INFO - {}
[2023-05-09T04:57:38.199+0000] {ml_response_dag.py:36} INFO - 2
[2023-05-09T04:57:38.200+0000] {ml_response_dag.py:37} INFO - Inserted to db
[2023-05-09T04:57:38.201+0000] {ml_response_dag.py:35} INFO - {'value': '770', 'score': 0.37, 'ocr_score': 0.84, 'bounding_box': [0.79, 0.15, 0.82, 0.6]}
[2023-05-09T04:57:38.202+0000] {ml_response_dag.py:36} INFO - 2
[2023-05-09T04:57:38.203+0000] {ml_response_dag.py:37} INFO - Inserted to db
[2023-05-09T04:57:38.203+0000] {ml_response_dag.py:35} INFO - {}
[2023-05-09T04:57:38.204+0000] {ml_response_dag.py:36} INFO - 2
[2023-05-09T04:57:38.205+0000] {ml_response_dag.py:37} INFO - Inserted to db
[2023-05-09T04:57:38.207+0000] {ml_response_dag.py:35} INFO - {}
[2023-05-09T04:57:38.207+0000] {ml_response_dag.py:36} INFO - 2
[2023-05-09T04:57:38.210+0000] {ml_response_dag.py:37} INFO - Inserted to db
[2023-05-09T04:57:38.211+0000] {ml_response_dag.py:35} INFO - {}
[2023-05-09T04:57:38.212+0000] {ml_response_dag.py:36} INFO - 2
[2023-05-09T04:57:38.212+0000] {ml_response_dag.py:37} INFO - Inserted to db
[2023-05-09T04:57:38.217+0000] {ml_response_dag.py:35} INFO - {}
[2023-05-09T04:57:38.217+0000] {ml_response_dag.py:36} INFO - 3
[2023-05-09T04:57:38.218+0000] {ml_response_dag.py:37} INFO - Inserted to db
[2023-05-09T04:57:38.218+0000] {ml_response_dag.py:35} INFO - {}
[2023-05-09T04:57:38.219+0000] {ml_response_dag.py:36} INFO - 4
[2023-05-09T04:57:38.219+0000] {ml_response_dag.py:37} INFO - Inserted to db
[2023-05-09T04:57:38.220+0000] {ml_response_dag.py:35} INFO - {}
[2023-05-09T04:57:38.220+0000] {ml_response_dag.py:36} INFO - 5
[2023-05-09T04:57:38.221+0000] {ml_response_dag.py:37} INFO - Inserted to db
[2023-05-09T04:57:38.222+0000] {ml_response_dag.py:35} INFO - {}
[2023-05-09T04:57:38.223+0000] {ml_response_dag.py:36} INFO - 5
[2023-05-09T04:57:38.229+0000] {ml_response_dag.py:37} INFO - Inserted to db
[2023-05-09T04:57:38.233+0000] {ml_response_dag.py:35} INFO - {'value': '418', 'score': 0.49, 'ocr_score': 0.15, 'bounding_box': [0.88, 0.92, 0.46, 0.3]}
[2023-05-09T04:57:38.234+0000] {ml_response_dag.py:36} INFO - 5
[2023-05-09T04:57:38.234+0000] {ml_response_dag.py:37} INFO - Inserted to db
[2023-05-09T04:57:38.235+0000] {ml_response_dag.py:35} INFO - {}
[2023-05-09T04:57:38.235+0000] {ml_response_dag.py:36} INFO - 5
[2023-05-09T04:57:38.236+0000] {ml_response_dag.py:37} INFO - Inserted to db
[2023-05-09T04:57:38.238+0000] {ml_response_dag.py:35} INFO - {}
[2023-05-09T04:57:38.238+0000] {ml_response_dag.py:36} INFO - 5
[2023-05-09T04:57:38.238+0000] {ml_response_dag.py:37} INFO - Inserted to db
[2023-05-09T04:57:38.239+0000] {ml_response_dag.py:35} INFO - {'value': '78', 'score': 0.03, 'ocr_score': 0.66, 'bounding_box': [0.31, 0.81, 0.43, 0.03]}
[2023-05-09T04:57:38.239+0000] {ml_response_dag.py:36} INFO - 5
[2023-05-09T04:57:38.241+0000] {ml_response_dag.py:37} INFO - Inserted to db
[2023-05-09T04:57:38.241+0000] {ml_response_dag.py:35} INFO - {}
[2023-05-09T04:57:38.242+0000] {ml_response_dag.py:36} INFO - 5
[2023-05-09T04:57:38.242+0000] {ml_response_dag.py:37} INFO - Inserted to db
[2023-05-09T04:57:38.243+0000] {ml_response_dag.py:35} INFO - {'value': '889', 'score': 0.72, 'ocr_score': 0.56, 'bounding_box': [0.38, 0.17, 0.28, 1.0]}
[2023-05-09T04:57:38.244+0000] {ml_response_dag.py:36} INFO - 5
[2023-05-09T04:57:38.245+0000] {ml_response_dag.py:37} INFO - Inserted to db
[2023-05-09T04:57:38.245+0000] {ml_response_dag.py:35} INFO - {'value': '292', 'score': 0.23, 'ocr_score': 0.39, 'bounding_box': [0.45, 0.93, 0.07, 0.2]}
[2023-05-09T04:57:38.246+0000] {ml_response_dag.py:36} INFO - 5
[2023-05-09T04:57:38.246+0000] {ml_response_dag.py:37} INFO - Inserted to db
[2023-05-09T04:57:38.247+0000] {ml_response_dag.py:35} INFO - {}
[2023-05-09T04:57:38.248+0000] {ml_response_dag.py:36} INFO - 6
[2023-05-09T04:57:38.248+0000] {ml_response_dag.py:37} INFO - Inserted to db
[2023-05-09T04:57:38.249+0000] {ml_response_dag.py:35} INFO - {'value': '542', 'score': 0.01, 'ocr_score': 0.03, 'bounding_box': [0.27, 0.53, 0.77, 0.97]}
[2023-05-09T04:57:38.249+0000] {ml_response_dag.py:36} INFO - 7
[2023-05-09T04:57:38.250+0000] {ml_response_dag.py:37} INFO - Inserted to db
[2023-05-09T04:57:38.251+0000] {ml_response_dag.py:35} INFO - {'value': '342', 'score': 0.56, 'ocr_score': 0.14, 'bounding_box': [0.77, 0.91, 0.18, 0.2]}
[2023-05-09T04:57:38.251+0000] {ml_response_dag.py:36} INFO - 7
[2023-05-09T04:57:38.251+0000] {ml_response_dag.py:37} INFO - Inserted to db
[2023-05-09T04:57:38.252+0000] {ml_response_dag.py:35} INFO - {'value': '967', 'score': 0.78, 'ocr_score': 0.39, 'bounding_box': [0.86, 0.38, 0.41, 0.36]}
[2023-05-09T04:57:38.252+0000] {ml_response_dag.py:36} INFO - 7
[2023-05-09T04:57:38.253+0000] {ml_response_dag.py:37} INFO - Inserted to db
[2023-05-09T04:57:38.253+0000] {ml_response_dag.py:35} INFO - {'value': '100', 'score': 0.68, 'ocr_score': 0.75, 'bounding_box': [0.32, 0.6, 0.97, 0.05]}
[2023-05-09T04:57:38.253+0000] {ml_response_dag.py:36} INFO - 7
[2023-05-09T04:57:38.254+0000] {ml_response_dag.py:37} INFO - Inserted to db
[2023-05-09T04:57:38.255+0000] {ml_response_dag.py:35} INFO - {}
[2023-05-09T04:57:38.255+0000] {ml_response_dag.py:36} INFO - 7
[2023-05-09T04:57:38.256+0000] {ml_response_dag.py:37} INFO - Inserted to db
[2023-05-09T04:57:38.256+0000] {ml_response_dag.py:35} INFO - {}
[2023-05-09T04:57:38.256+0000] {ml_response_dag.py:36} INFO - 7
[2023-05-09T04:57:38.257+0000] {ml_response_dag.py:37} INFO - Inserted to db
[2023-05-09T04:57:38.257+0000] {ml_response_dag.py:35} INFO - {'value': '858', 'score': 0.94, 'ocr_score': 0.64, 'bounding_box': [0.22, 0.37, 0.17, 0.07]}
[2023-05-09T04:57:38.257+0000] {ml_response_dag.py:36} INFO - 7
[2023-05-09T04:57:38.258+0000] {ml_response_dag.py:37} INFO - Inserted to db
[2023-05-09T04:57:38.260+0000] {ml_response_dag.py:35} INFO - {}
[2023-05-09T04:57:38.260+0000] {ml_response_dag.py:36} INFO - 7
[2023-05-09T04:57:38.261+0000] {ml_response_dag.py:37} INFO - Inserted to db
[2023-05-09T04:57:38.261+0000] {ml_response_dag.py:35} INFO - {'value': '633', 'score': 0.77, 'ocr_score': 0.17, 'bounding_box': [0.44, 0.56, 0.26, 0.15]}
[2023-05-09T04:57:38.261+0000] {ml_response_dag.py:36} INFO - 7
[2023-05-09T04:57:38.262+0000] {ml_response_dag.py:37} INFO - Inserted to db
[2023-05-09T04:57:38.262+0000] {ml_response_dag.py:35} INFO - {'value': '609', 'score': 0.47, 'ocr_score': 0.56, 'bounding_box': [0.3, 0.87, 0.78, 0.92]}
[2023-05-09T04:57:38.264+0000] {ml_response_dag.py:36} INFO - 8
[2023-05-09T04:57:38.264+0000] {ml_response_dag.py:37} INFO - Inserted to db
[2023-05-09T04:57:38.265+0000] {ml_response_dag.py:35} INFO - {'value': '331', 'score': 0.49, 'ocr_score': 0.99, 'bounding_box': [0.55, 0.36, 0.08, 0.43]}
[2023-05-09T04:57:38.265+0000] {ml_response_dag.py:36} INFO - 8
[2023-05-09T04:57:38.265+0000] {ml_response_dag.py:37} INFO - Inserted to db
[2023-05-09T04:57:38.266+0000] {ml_response_dag.py:35} INFO - {'value': '142', 'score': 0.0, 'ocr_score': 0.58, 'bounding_box': [0.17, 0.36, 0.83, 0.62]}
[2023-05-09T04:57:38.266+0000] {ml_response_dag.py:36} INFO - 8
[2023-05-09T04:57:38.266+0000] {ml_response_dag.py:37} INFO - Inserted to db
[2023-05-09T04:57:38.267+0000] {ml_response_dag.py:35} INFO - {}
[2023-05-09T04:57:38.267+0000] {ml_response_dag.py:36} INFO - 8
[2023-05-09T04:57:38.268+0000] {ml_response_dag.py:37} INFO - Inserted to db
[2023-05-09T04:57:38.268+0000] {ml_response_dag.py:35} INFO - {}
[2023-05-09T04:57:38.269+0000] {ml_response_dag.py:36} INFO - 8
[2023-05-09T04:57:38.269+0000] {ml_response_dag.py:37} INFO - Inserted to db
[2023-05-09T04:57:38.270+0000] {ml_response_dag.py:35} INFO - {}
[2023-05-09T04:57:38.273+0000] {ml_response_dag.py:36} INFO - 8
[2023-05-09T04:57:38.273+0000] {ml_response_dag.py:37} INFO - Inserted to db
[2023-05-09T04:57:38.276+0000] {ml_response_dag.py:35} INFO - {'value': '826', 'score': 0.74, 'ocr_score': 0.69, 'bounding_box': [0.98, 0.11, 0.14, 0.96]}
[2023-05-09T04:57:38.276+0000] {ml_response_dag.py:36} INFO - 8
[2023-05-09T04:57:38.277+0000] {ml_response_dag.py:37} INFO - Inserted to db
[2023-05-09T04:57:38.277+0000] {ml_response_dag.py:35} INFO - {}
[2023-05-09T04:57:38.278+0000] {ml_response_dag.py:36} INFO - 8
[2023-05-09T04:57:38.278+0000] {ml_response_dag.py:37} INFO - Inserted to db
[2023-05-09T04:57:38.279+0000] {ml_response_dag.py:35} INFO - {'value': '299', 'score': 0.85, 'ocr_score': 0.04, 'bounding_box': [0.14, 0.46, 0.06, 0.65]}
[2023-05-09T04:57:38.279+0000] {ml_response_dag.py:36} INFO - 8
[2023-05-09T04:57:38.280+0000] {ml_response_dag.py:37} INFO - Inserted to db
[2023-05-09T04:57:38.280+0000] {ml_response_dag.py:35} INFO - {'value': '362', 'score': 0.62, 'ocr_score': 0.51, 'bounding_box': [0.42, 0.48, 0.21, 0.45]}
[2023-05-09T04:57:38.281+0000] {ml_response_dag.py:36} INFO - 9
[2023-05-09T04:57:38.281+0000] {ml_response_dag.py:37} INFO - Inserted to db
[2023-05-09T04:57:38.281+0000] {ml_response_dag.py:35} INFO - {'value': '288', 'score': 0.77, 'ocr_score': 0.23, 'bounding_box': [0.16, 0.03, 0.68, 0.81]}
[2023-05-09T04:57:38.282+0000] {ml_response_dag.py:36} INFO - 9
[2023-05-09T04:57:38.283+0000] {ml_response_dag.py:37} INFO - Inserted to db
[2023-05-09T04:57:38.283+0000] {ml_response_dag.py:35} INFO - {'value': '803', 'score': 0.03, 'ocr_score': 0.42, 'bounding_box': [0.05, 0.5, 0.56, 0.95]}
[2023-05-09T04:57:38.284+0000] {ml_response_dag.py:36} INFO - 9
[2023-05-09T04:57:38.284+0000] {ml_response_dag.py:37} INFO - Inserted to db
[2023-05-09T04:57:38.286+0000] {ml_response_dag.py:35} INFO - {'value': '750', 'score': 0.85, 'ocr_score': 0.27, 'bounding_box': [0.71, 0.07, 0.54, 0.9]}
[2023-05-09T04:57:38.287+0000] {ml_response_dag.py:36} INFO - 9
[2023-05-09T04:57:38.287+0000] {ml_response_dag.py:37} INFO - Inserted to db
[2023-05-09T04:57:38.289+0000] {ml_response_dag.py:35} INFO - {'value': '148', 'score': 0.41, 'ocr_score': 0.97, 'bounding_box': [0.44, 0.51, 0.69, 0.67]}
[2023-05-09T04:57:38.289+0000] {ml_response_dag.py:36} INFO - 9
[2023-05-09T04:57:38.290+0000] {ml_response_dag.py:37} INFO - Inserted to db
[2023-05-09T04:57:38.295+0000] {ml_response_dag.py:35} INFO - {'value': '161', 'score': 0.49, 'ocr_score': 0.58, 'bounding_box': [0.51, 0.51, 0.55, 0.06]}
[2023-05-09T04:57:38.295+0000] {ml_response_dag.py:36} INFO - 9
[2023-05-09T04:57:38.295+0000] {ml_response_dag.py:37} INFO - Inserted to db
[2023-05-09T04:57:38.296+0000] {ml_response_dag.py:35} INFO - {}
[2023-05-09T04:57:38.299+0000] {ml_response_dag.py:36} INFO - 9
[2023-05-09T04:57:38.300+0000] {ml_response_dag.py:37} INFO - Inserted to db
[2023-05-09T04:57:38.301+0000] {ml_response_dag.py:35} INFO - {}
[2023-05-09T04:57:38.301+0000] {ml_response_dag.py:36} INFO - 9
[2023-05-09T04:57:38.304+0000] {ml_response_dag.py:37} INFO - Inserted to db
[2023-05-09T04:57:38.305+0000] {ml_response_dag.py:35} INFO - {}
[2023-05-09T04:57:38.306+0000] {ml_response_dag.py:36} INFO - 9
[2023-05-09T04:57:38.306+0000] {ml_response_dag.py:37} INFO - Inserted to db
[2023-05-09T04:57:38.307+0000] {ml_response_dag.py:35} INFO - {'value': '842', 'score': 0.47, 'ocr_score': 0.75, 'bounding_box': [0.16, 0.91, 0.32, 0.53]}
[2023-05-09T04:57:38.308+0000] {ml_response_dag.py:36} INFO - 10
[2023-05-09T04:57:38.308+0000] {ml_response_dag.py:37} INFO - Inserted to db
[2023-05-09T04:57:38.309+0000] {ml_response_dag.py:35} INFO - {}
[2023-05-09T04:57:38.309+0000] {ml_response_dag.py:36} INFO - 10
[2023-05-09T04:57:38.310+0000] {ml_response_dag.py:37} INFO - Inserted to db
[2023-05-09T04:57:38.312+0000] {ml_response_dag.py:35} INFO - {}
[2023-05-09T04:57:38.316+0000] {ml_response_dag.py:36} INFO - 10
[2023-05-09T04:57:38.316+0000] {ml_response_dag.py:37} INFO - Inserted to db
[2023-05-09T04:57:38.318+0000] {ml_response_dag.py:35} INFO - {'value': '458', 'score': 0.81, 'ocr_score': 0.31, 'bounding_box': [0.69, 0.54, 0.48, 0.39]}
[2023-05-09T04:57:38.319+0000] {ml_response_dag.py:36} INFO - 10
[2023-05-09T04:57:38.319+0000] {ml_response_dag.py:37} INFO - Inserted to db
[2023-05-09T04:57:38.320+0000] {ml_response_dag.py:35} INFO - {'value': '776', 'score': 0.77, 'ocr_score': 0.34, 'bounding_box': [0.76, 0.85, 0.56, 0.82]}
[2023-05-09T04:57:38.321+0000] {ml_response_dag.py:36} INFO - 10
[2023-05-09T04:57:38.325+0000] {ml_response_dag.py:37} INFO - Inserted to db
[2023-05-09T04:57:38.327+0000] {ml_response_dag.py:35} INFO - {}
[2023-05-09T04:57:38.328+0000] {ml_response_dag.py:36} INFO - 10
[2023-05-09T04:57:38.329+0000] {ml_response_dag.py:37} INFO - Inserted to db
[2023-05-09T04:57:38.330+0000] {ml_response_dag.py:35} INFO - {'value': '51', 'score': 0.76, 'ocr_score': 0.29, 'bounding_box': [0.79, 0.88, 0.43, 0.21]}
[2023-05-09T04:57:38.333+0000] {ml_response_dag.py:36} INFO - 10
[2023-05-09T04:57:38.334+0000] {ml_response_dag.py:37} INFO - Inserted to db
[2023-05-09T04:57:38.335+0000] {ml_response_dag.py:35} INFO - {'value': '843', 'score': 0.05, 'ocr_score': 0.96, 'bounding_box': [0.84, 0.04, 0.6, 0.52]}
[2023-05-09T04:57:38.340+0000] {ml_response_dag.py:36} INFO - 10
[2023-05-09T04:57:38.341+0000] {ml_response_dag.py:37} INFO - Inserted to db
[2023-05-09T04:57:38.343+0000] {ml_response_dag.py:35} INFO - {'value': '517', 'score': 0.75, 'ocr_score': 0.74, 'bounding_box': [0.65, 0.92, 0.1, 0.59]}
[2023-05-09T04:57:38.343+0000] {ml_response_dag.py:36} INFO - 10
[2023-05-09T04:57:38.344+0000] {ml_response_dag.py:37} INFO - Inserted to db
[2023-05-09T04:57:38.346+0000] {ml_response_dag.py:35} INFO - {}
[2023-05-09T04:57:38.347+0000] {ml_response_dag.py:36} INFO - 11
[2023-05-09T04:57:38.347+0000] {ml_response_dag.py:37} INFO - Inserted to db
[2023-05-09T04:57:38.348+0000] {ml_response_dag.py:35} INFO - {}
[2023-05-09T04:57:38.350+0000] {ml_response_dag.py:36} INFO - 11
[2023-05-09T04:57:38.354+0000] {ml_response_dag.py:37} INFO - Inserted to db
[2023-05-09T04:57:38.356+0000] {ml_response_dag.py:35} INFO - {'value': '288', 'score': 0.6, 'ocr_score': 0.29, 'bounding_box': [0.96, 0.39, 0.81, 0.96]}
[2023-05-09T04:57:38.357+0000] {ml_response_dag.py:36} INFO - 11
[2023-05-09T04:57:38.358+0000] {ml_response_dag.py:37} INFO - Inserted to db
[2023-05-09T04:57:38.359+0000] {ml_response_dag.py:35} INFO - {'value': '878', 'score': 0.44, 'ocr_score': 0.56, 'bounding_box': [0.46, 0.03, 0.06, 0.3]}
[2023-05-09T04:57:38.360+0000] {ml_response_dag.py:36} INFO - 11
[2023-05-09T04:57:38.360+0000] {ml_response_dag.py:37} INFO - Inserted to db
[2023-05-09T04:57:38.363+0000] {ml_response_dag.py:35} INFO - {}
[2023-05-09T04:57:38.370+0000] {ml_response_dag.py:36} INFO - 11
[2023-05-09T04:57:38.372+0000] {ml_response_dag.py:37} INFO - Inserted to db
[2023-05-09T04:57:38.373+0000] {ml_response_dag.py:35} INFO - {}
[2023-05-09T04:57:38.374+0000] {ml_response_dag.py:36} INFO - 11
[2023-05-09T04:57:38.374+0000] {ml_response_dag.py:37} INFO - Inserted to db
[2023-05-09T04:57:38.375+0000] {ml_response_dag.py:35} INFO - {}
[2023-05-09T04:57:38.376+0000] {ml_response_dag.py:36} INFO - 11
[2023-05-09T04:57:38.378+0000] {ml_response_dag.py:37} INFO - Inserted to db
[2023-05-09T04:57:38.379+0000] {ml_response_dag.py:35} INFO - {'value': '650', 'score': 0.79, 'ocr_score': 0.64, 'bounding_box': [0.13, 0.78, 0.29, 0.37]}
[2023-05-09T04:57:38.380+0000] {ml_response_dag.py:36} INFO - 11
[2023-05-09T04:57:38.381+0000] {ml_response_dag.py:37} INFO - Inserted to db
[2023-05-09T04:57:38.381+0000] {ml_response_dag.py:35} INFO - {}
[2023-05-09T04:57:38.382+0000] {ml_response_dag.py:36} INFO - 11
[2023-05-09T04:57:38.384+0000] {ml_response_dag.py:37} INFO - Inserted to db
[2023-05-09T04:57:38.385+0000] {ml_response_dag.py:35} INFO - {'value': '643', 'score': 0.23, 'ocr_score': 0.72, 'bounding_box': [0.01, 0.39, 0.58, 0.53]}
[2023-05-09T04:57:38.386+0000] {ml_response_dag.py:36} INFO - 12
[2023-05-09T04:57:38.387+0000] {ml_response_dag.py:37} INFO - Inserted to db
[2023-05-09T04:57:38.390+0000] {ml_response_dag.py:35} INFO - {}
[2023-05-09T04:57:38.391+0000] {ml_response_dag.py:36} INFO - 13
[2023-05-09T04:57:38.392+0000] {ml_response_dag.py:37} INFO - Inserted to db
[2023-05-09T04:57:38.394+0000] {ml_response_dag.py:35} INFO - {}
[2023-05-09T04:57:38.395+0000] {ml_response_dag.py:36} INFO - 14
[2023-05-09T04:57:38.398+0000] {ml_response_dag.py:37} INFO - Inserted to db
[2023-05-09T04:57:38.402+0000] {ml_response_dag.py:35} INFO - {'value': '141', 'score': 0.27, 'ocr_score': 0.93, 'bounding_box': [0.24, 0.73, 0.11, 0.89]}
[2023-05-09T04:57:38.403+0000] {ml_response_dag.py:36} INFO - 15
[2023-05-09T04:57:38.405+0000] {ml_response_dag.py:37} INFO - Inserted to db
[2023-05-09T04:57:38.405+0000] {ml_response_dag.py:35} INFO - {'value': '59', 'score': 0.45, 'ocr_score': 0.57, 'bounding_box': [0.45, 0.64, 0.68, 0.17]}
[2023-05-09T04:57:38.406+0000] {ml_response_dag.py:36} INFO - 15
[2023-05-09T04:57:38.406+0000] {ml_response_dag.py:37} INFO - Inserted to db
[2023-05-09T04:57:38.407+0000] {ml_response_dag.py:35} INFO - {'value': '333', 'score': 0.34, 'ocr_score': 0.85, 'bounding_box': [0.81, 0.57, 0.99, 0.77]}
[2023-05-09T04:57:38.409+0000] {ml_response_dag.py:36} INFO - 15
[2023-05-09T04:57:38.410+0000] {ml_response_dag.py:37} INFO - Inserted to db
[2023-05-09T04:57:38.410+0000] {ml_response_dag.py:35} INFO - {'value': '257', 'score': 0.11, 'ocr_score': 0.43, 'bounding_box': [0.37, 0.55, 0.53, 0.66]}
[2023-05-09T04:57:38.411+0000] {ml_response_dag.py:36} INFO - 15
[2023-05-09T04:57:38.411+0000] {ml_response_dag.py:37} INFO - Inserted to db
[2023-05-09T04:57:38.411+0000] {ml_response_dag.py:35} INFO - {'value': '190', 'score': 0.21, 'ocr_score': 0.83, 'bounding_box': [0.88, 0.83, 0.57, 0.11]}
[2023-05-09T04:57:38.412+0000] {ml_response_dag.py:36} INFO - 15
[2023-05-09T04:57:38.412+0000] {ml_response_dag.py:37} INFO - Inserted to db
[2023-05-09T04:57:38.413+0000] {ml_response_dag.py:35} INFO - {}
[2023-05-09T04:57:38.413+0000] {ml_response_dag.py:36} INFO - 15
[2023-05-09T04:57:38.414+0000] {ml_response_dag.py:37} INFO - Inserted to db
[2023-05-09T04:57:38.415+0000] {ml_response_dag.py:35} INFO - {}
[2023-05-09T04:57:38.416+0000] {ml_response_dag.py:36} INFO - 15
[2023-05-09T04:57:38.416+0000] {ml_response_dag.py:37} INFO - Inserted to db
[2023-05-09T04:57:38.416+0000] {ml_response_dag.py:35} INFO - {}
[2023-05-09T04:57:38.417+0000] {ml_response_dag.py:36} INFO - 15
[2023-05-09T04:57:38.417+0000] {ml_response_dag.py:37} INFO - Inserted to db
[2023-05-09T04:57:38.417+0000] {ml_response_dag.py:35} INFO - {'value': '475', 'score': 0.57, 'ocr_score': 0.49, 'bounding_box': [0.4, 0.3, 0.99, 0.32]}
[2023-05-09T04:57:38.418+0000] {ml_response_dag.py:36} INFO - 15
[2023-05-09T04:57:38.419+0000] {ml_response_dag.py:37} INFO - Inserted to db
[2023-05-09T04:57:38.419+0000] {ml_response_dag.py:35} INFO - {'value': '745', 'score': 0.84, 'ocr_score': 0.82, 'bounding_box': [0.84, 0.57, 0.94, 0.44]}
[2023-05-09T04:57:38.420+0000] {ml_response_dag.py:36} INFO - 16
[2023-05-09T04:57:38.420+0000] {ml_response_dag.py:37} INFO - Inserted to db
[2023-05-09T04:57:38.422+0000] {python.py:183} INFO - Done. Returned value was: None
[2023-05-09T04:57:38.454+0000] {taskinstance.py:1373} INFO - Marking task as SUCCESS. dag_id=veryfi_extract_total, task_id=extract_and_load, execution_date=20230508T113000, start_date=20230509T045737, end_date=20230509T045738
[2023-05-09T04:57:38.523+0000] {local_task_job_runner.py:232} INFO - Task exited with return code 0
[2023-05-09T04:57:38.577+0000] {taskinstance.py:2674} INFO - 0 downstream tasks scheduled from follow-on schedule check
