[2023-05-09T04:58:02.858+0000] {taskinstance.py:1125} INFO - Dependencies all met for dep_context=non-requeueable deps ti=<TaskInstance: veryfi_extract_total.extract_and_load scheduled__2023-05-08T18:50:00+00:00 [queued]>
[2023-05-09T04:58:02.878+0000] {taskinstance.py:1125} INFO - Dependencies all met for dep_context=requeueable deps ti=<TaskInstance: veryfi_extract_total.extract_and_load scheduled__2023-05-08T18:50:00+00:00 [queued]>
[2023-05-09T04:58:02.878+0000] {taskinstance.py:1331} INFO - Starting attempt 1 of 2
[2023-05-09T04:58:02.908+0000] {taskinstance.py:1350} INFO - Executing <Task(PythonOperator): extract_and_load> on 2023-05-08 18:50:00+00:00
[2023-05-09T04:58:02.916+0000] {standard_task_runner.py:57} INFO - Started process 1776 to run task
[2023-05-09T04:58:02.924+0000] {standard_task_runner.py:84} INFO - Running: ['***', 'tasks', 'run', 'veryfi_extract_total', 'extract_and_load', 'scheduled__2023-05-08T18:50:00+00:00', '--job-id', '505', '--raw', '--subdir', 'DAGS_FOLDER/ml_response_dag.py', '--cfg-path', '/tmp/tmprs5o139u']
[2023-05-09T04:58:02.928+0000] {standard_task_runner.py:85} INFO - Job 505: Subtask extract_and_load
[2023-05-09T04:58:03.250+0000] {task_command.py:410} INFO - Running <TaskInstance: veryfi_extract_total.extract_and_load scheduled__2023-05-08T18:50:00+00:00 [running]> on host aa4b7d3de44b
[2023-05-09T04:58:03.706+0000] {taskinstance.py:1570} INFO - Exporting env vars: AIRFLOW_CTX_DAG_OWNER='***' AIRFLOW_CTX_DAG_ID='veryfi_extract_total' AIRFLOW_CTX_TASK_ID='extract_and_load' AIRFLOW_CTX_EXECUTION_DATE='2023-05-08T18:50:00+00:00' AIRFLOW_CTX_TRY_NUMBER='1' AIRFLOW_CTX_DAG_RUN_ID='scheduled__2023-05-08T18:50:00+00:00'
[2023-05-09T04:58:03.734+0000] {ml_response_dag.py:35} INFO - {}
[2023-05-09T04:58:03.735+0000] {ml_response_dag.py:36} INFO - 1
[2023-05-09T04:58:03.735+0000] {ml_response_dag.py:37} INFO - Inserted to db
[2023-05-09T04:58:03.738+0000] {ml_response_dag.py:35} INFO - {'value': '544', 'score': 0.22, 'ocr_score': 0.81, 'bounding_box': [0.22, 0.37, 0.38, 0.52]}
[2023-05-09T04:58:03.739+0000] {ml_response_dag.py:36} INFO - 1
[2023-05-09T04:58:03.740+0000] {ml_response_dag.py:37} INFO - Inserted to db
[2023-05-09T04:58:03.744+0000] {ml_response_dag.py:35} INFO - {}
[2023-05-09T04:58:03.756+0000] {ml_response_dag.py:36} INFO - 1
[2023-05-09T04:58:03.766+0000] {ml_response_dag.py:37} INFO - Inserted to db
[2023-05-09T04:58:03.784+0000] {ml_response_dag.py:35} INFO - {}
[2023-05-09T04:58:03.785+0000] {ml_response_dag.py:36} INFO - 1
[2023-05-09T04:58:03.786+0000] {ml_response_dag.py:37} INFO - Inserted to db
[2023-05-09T04:58:03.787+0000] {ml_response_dag.py:35} INFO - {}
[2023-05-09T04:58:03.789+0000] {ml_response_dag.py:36} INFO - 1
[2023-05-09T04:58:03.790+0000] {ml_response_dag.py:37} INFO - Inserted to db
[2023-05-09T04:58:03.791+0000] {ml_response_dag.py:35} INFO - {}
[2023-05-09T04:58:03.795+0000] {ml_response_dag.py:36} INFO - 1
[2023-05-09T04:58:03.798+0000] {ml_response_dag.py:37} INFO - Inserted to db
[2023-05-09T04:58:03.800+0000] {ml_response_dag.py:35} INFO - {'value': '660', 'score': 0.48, 'ocr_score': 0.32, 'bounding_box': [0.07, 0.82, 0.06, 0.37]}
[2023-05-09T04:58:03.800+0000] {ml_response_dag.py:36} INFO - 1
[2023-05-09T04:58:03.801+0000] {ml_response_dag.py:37} INFO - Inserted to db
[2023-05-09T04:58:03.802+0000] {ml_response_dag.py:35} INFO - {}
[2023-05-09T04:58:03.802+0000] {ml_response_dag.py:36} INFO - 1
[2023-05-09T04:58:03.803+0000] {ml_response_dag.py:37} INFO - Inserted to db
[2023-05-09T04:58:03.804+0000] {ml_response_dag.py:35} INFO - {'value': '801', 'score': 0.92, 'ocr_score': 0.28, 'bounding_box': [0.56, 0.9, 0.37, 0.79]}
[2023-05-09T04:58:03.804+0000] {ml_response_dag.py:36} INFO - 1
[2023-05-09T04:58:03.805+0000] {ml_response_dag.py:37} INFO - Inserted to db
[2023-05-09T04:58:03.805+0000] {ml_response_dag.py:35} INFO - {}
[2023-05-09T04:58:03.806+0000] {ml_response_dag.py:36} INFO - 2
[2023-05-09T04:58:03.807+0000] {ml_response_dag.py:37} INFO - Inserted to db
[2023-05-09T04:58:03.808+0000] {ml_response_dag.py:35} INFO - {}
[2023-05-09T04:58:03.813+0000] {ml_response_dag.py:36} INFO - 2
[2023-05-09T04:58:03.817+0000] {ml_response_dag.py:37} INFO - Inserted to db
[2023-05-09T04:58:03.818+0000] {ml_response_dag.py:35} INFO - {'value': '880', 'score': 0.06, 'ocr_score': 0.1, 'bounding_box': [0.76, 0.47, 0.16, 0.27]}
[2023-05-09T04:58:03.819+0000] {ml_response_dag.py:36} INFO - 2
[2023-05-09T04:58:03.819+0000] {ml_response_dag.py:37} INFO - Inserted to db
[2023-05-09T04:58:03.821+0000] {ml_response_dag.py:35} INFO - {'value': '380', 'score': 0.11, 'ocr_score': 0.36, 'bounding_box': [0.99, 0.15, 0.39, 0.03]}
[2023-05-09T04:58:03.821+0000] {ml_response_dag.py:36} INFO - 2
[2023-05-09T04:58:03.822+0000] {ml_response_dag.py:37} INFO - Inserted to db
[2023-05-09T04:58:03.824+0000] {ml_response_dag.py:35} INFO - {}
[2023-05-09T04:58:03.825+0000] {ml_response_dag.py:36} INFO - 2
[2023-05-09T04:58:03.825+0000] {ml_response_dag.py:37} INFO - Inserted to db
[2023-05-09T04:58:03.827+0000] {ml_response_dag.py:35} INFO - {'value': '770', 'score': 0.37, 'ocr_score': 0.84, 'bounding_box': [0.79, 0.15, 0.82, 0.6]}
[2023-05-09T04:58:03.834+0000] {ml_response_dag.py:36} INFO - 2
[2023-05-09T04:58:03.835+0000] {ml_response_dag.py:37} INFO - Inserted to db
[2023-05-09T04:58:03.837+0000] {ml_response_dag.py:35} INFO - {}
[2023-05-09T04:58:03.837+0000] {ml_response_dag.py:36} INFO - 2
[2023-05-09T04:58:03.838+0000] {ml_response_dag.py:37} INFO - Inserted to db
[2023-05-09T04:58:03.841+0000] {ml_response_dag.py:35} INFO - {}
[2023-05-09T04:58:03.842+0000] {ml_response_dag.py:36} INFO - 2
[2023-05-09T04:58:03.842+0000] {ml_response_dag.py:37} INFO - Inserted to db
[2023-05-09T04:58:03.843+0000] {ml_response_dag.py:35} INFO - {}
[2023-05-09T04:58:03.844+0000] {ml_response_dag.py:36} INFO - 2
[2023-05-09T04:58:03.844+0000] {ml_response_dag.py:37} INFO - Inserted to db
[2023-05-09T04:58:03.845+0000] {ml_response_dag.py:35} INFO - {}
[2023-05-09T04:58:03.848+0000] {ml_response_dag.py:36} INFO - 3
[2023-05-09T04:58:03.855+0000] {ml_response_dag.py:37} INFO - Inserted to db
[2023-05-09T04:58:03.856+0000] {ml_response_dag.py:35} INFO - {}
[2023-05-09T04:58:03.857+0000] {ml_response_dag.py:36} INFO - 4
[2023-05-09T04:58:03.858+0000] {ml_response_dag.py:37} INFO - Inserted to db
[2023-05-09T04:58:03.858+0000] {ml_response_dag.py:35} INFO - {}
[2023-05-09T04:58:03.859+0000] {ml_response_dag.py:36} INFO - 5
[2023-05-09T04:58:03.860+0000] {ml_response_dag.py:37} INFO - Inserted to db
[2023-05-09T04:58:03.862+0000] {ml_response_dag.py:35} INFO - {}
[2023-05-09T04:58:03.873+0000] {ml_response_dag.py:36} INFO - 5
[2023-05-09T04:58:03.875+0000] {ml_response_dag.py:37} INFO - Inserted to db
[2023-05-09T04:58:03.878+0000] {ml_response_dag.py:35} INFO - {'value': '418', 'score': 0.49, 'ocr_score': 0.15, 'bounding_box': [0.88, 0.92, 0.46, 0.3]}
[2023-05-09T04:58:03.888+0000] {ml_response_dag.py:36} INFO - 5
[2023-05-09T04:58:03.895+0000] {ml_response_dag.py:37} INFO - Inserted to db
[2023-05-09T04:58:03.897+0000] {ml_response_dag.py:35} INFO - {}
[2023-05-09T04:58:03.898+0000] {ml_response_dag.py:36} INFO - 5
[2023-05-09T04:58:03.899+0000] {ml_response_dag.py:37} INFO - Inserted to db
[2023-05-09T04:58:03.899+0000] {ml_response_dag.py:35} INFO - {}
[2023-05-09T04:58:03.900+0000] {ml_response_dag.py:36} INFO - 5
[2023-05-09T04:58:03.904+0000] {ml_response_dag.py:37} INFO - Inserted to db
[2023-05-09T04:58:03.908+0000] {ml_response_dag.py:35} INFO - {'value': '78', 'score': 0.03, 'ocr_score': 0.66, 'bounding_box': [0.31, 0.81, 0.43, 0.03]}
[2023-05-09T04:58:03.910+0000] {ml_response_dag.py:36} INFO - 5
[2023-05-09T04:58:03.913+0000] {ml_response_dag.py:37} INFO - Inserted to db
[2023-05-09T04:58:03.914+0000] {ml_response_dag.py:35} INFO - {}
[2023-05-09T04:58:03.914+0000] {ml_response_dag.py:36} INFO - 5
[2023-05-09T04:58:03.915+0000] {ml_response_dag.py:37} INFO - Inserted to db
[2023-05-09T04:58:03.915+0000] {ml_response_dag.py:35} INFO - {'value': '889', 'score': 0.72, 'ocr_score': 0.56, 'bounding_box': [0.38, 0.17, 0.28, 1.0]}
[2023-05-09T04:58:03.918+0000] {ml_response_dag.py:36} INFO - 5
[2023-05-09T04:58:03.921+0000] {ml_response_dag.py:37} INFO - Inserted to db
[2023-05-09T04:58:03.925+0000] {ml_response_dag.py:35} INFO - {'value': '292', 'score': 0.23, 'ocr_score': 0.39, 'bounding_box': [0.45, 0.93, 0.07, 0.2]}
[2023-05-09T04:58:03.926+0000] {ml_response_dag.py:36} INFO - 5
[2023-05-09T04:58:03.927+0000] {ml_response_dag.py:37} INFO - Inserted to db
[2023-05-09T04:58:03.928+0000] {ml_response_dag.py:35} INFO - {}
[2023-05-09T04:58:03.930+0000] {ml_response_dag.py:36} INFO - 6
[2023-05-09T04:58:03.933+0000] {ml_response_dag.py:37} INFO - Inserted to db
[2023-05-09T04:58:03.936+0000] {ml_response_dag.py:35} INFO - {'value': '542', 'score': 0.01, 'ocr_score': 0.03, 'bounding_box': [0.27, 0.53, 0.77, 0.97]}
[2023-05-09T04:58:03.939+0000] {ml_response_dag.py:36} INFO - 7
[2023-05-09T04:58:03.940+0000] {ml_response_dag.py:37} INFO - Inserted to db
[2023-05-09T04:58:03.944+0000] {ml_response_dag.py:35} INFO - {'value': '342', 'score': 0.56, 'ocr_score': 0.14, 'bounding_box': [0.77, 0.91, 0.18, 0.2]}
[2023-05-09T04:58:03.945+0000] {ml_response_dag.py:36} INFO - 7
[2023-05-09T04:58:03.946+0000] {ml_response_dag.py:37} INFO - Inserted to db
[2023-05-09T04:58:03.947+0000] {ml_response_dag.py:35} INFO - {'value': '967', 'score': 0.78, 'ocr_score': 0.39, 'bounding_box': [0.86, 0.38, 0.41, 0.36]}
[2023-05-09T04:58:03.948+0000] {ml_response_dag.py:36} INFO - 7
[2023-05-09T04:58:03.948+0000] {ml_response_dag.py:37} INFO - Inserted to db
[2023-05-09T04:58:03.950+0000] {ml_response_dag.py:35} INFO - {'value': '100', 'score': 0.68, 'ocr_score': 0.75, 'bounding_box': [0.32, 0.6, 0.97, 0.05]}
[2023-05-09T04:58:03.951+0000] {ml_response_dag.py:36} INFO - 7
[2023-05-09T04:58:03.955+0000] {ml_response_dag.py:37} INFO - Inserted to db
[2023-05-09T04:58:03.955+0000] {ml_response_dag.py:35} INFO - {}
[2023-05-09T04:58:03.956+0000] {ml_response_dag.py:36} INFO - 7
[2023-05-09T04:58:03.957+0000] {ml_response_dag.py:37} INFO - Inserted to db
[2023-05-09T04:58:03.964+0000] {ml_response_dag.py:35} INFO - {}
[2023-05-09T04:58:03.965+0000] {ml_response_dag.py:36} INFO - 7
[2023-05-09T04:58:03.965+0000] {ml_response_dag.py:37} INFO - Inserted to db
[2023-05-09T04:58:03.971+0000] {ml_response_dag.py:35} INFO - {'value': '858', 'score': 0.94, 'ocr_score': 0.64, 'bounding_box': [0.22, 0.37, 0.17, 0.07]}
[2023-05-09T04:58:03.972+0000] {ml_response_dag.py:36} INFO - 7
[2023-05-09T04:58:03.972+0000] {ml_response_dag.py:37} INFO - Inserted to db
[2023-05-09T04:58:03.974+0000] {ml_response_dag.py:35} INFO - {}
[2023-05-09T04:58:03.977+0000] {ml_response_dag.py:36} INFO - 7
[2023-05-09T04:58:03.977+0000] {ml_response_dag.py:37} INFO - Inserted to db
[2023-05-09T04:58:03.978+0000] {ml_response_dag.py:35} INFO - {'value': '633', 'score': 0.77, 'ocr_score': 0.17, 'bounding_box': [0.44, 0.56, 0.26, 0.15]}
[2023-05-09T04:58:03.978+0000] {ml_response_dag.py:36} INFO - 7
[2023-05-09T04:58:03.979+0000] {ml_response_dag.py:37} INFO - Inserted to db
[2023-05-09T04:58:03.980+0000] {ml_response_dag.py:35} INFO - {'value': '609', 'score': 0.47, 'ocr_score': 0.56, 'bounding_box': [0.3, 0.87, 0.78, 0.92]}
[2023-05-09T04:58:03.980+0000] {ml_response_dag.py:36} INFO - 8
[2023-05-09T04:58:03.981+0000] {ml_response_dag.py:37} INFO - Inserted to db
[2023-05-09T04:58:03.982+0000] {ml_response_dag.py:35} INFO - {'value': '331', 'score': 0.49, 'ocr_score': 0.99, 'bounding_box': [0.55, 0.36, 0.08, 0.43]}
[2023-05-09T04:58:03.983+0000] {ml_response_dag.py:36} INFO - 8
[2023-05-09T04:58:03.983+0000] {ml_response_dag.py:37} INFO - Inserted to db
[2023-05-09T04:58:03.983+0000] {ml_response_dag.py:35} INFO - {'value': '142', 'score': 0.0, 'ocr_score': 0.58, 'bounding_box': [0.17, 0.36, 0.83, 0.62]}
[2023-05-09T04:58:03.984+0000] {ml_response_dag.py:36} INFO - 8
[2023-05-09T04:58:03.985+0000] {ml_response_dag.py:37} INFO - Inserted to db
[2023-05-09T04:58:03.986+0000] {ml_response_dag.py:35} INFO - {}
[2023-05-09T04:58:03.987+0000] {ml_response_dag.py:36} INFO - 8
[2023-05-09T04:58:04.002+0000] {ml_response_dag.py:37} INFO - Inserted to db
[2023-05-09T04:58:04.008+0000] {ml_response_dag.py:35} INFO - {}
[2023-05-09T04:58:04.011+0000] {ml_response_dag.py:36} INFO - 8
[2023-05-09T04:58:04.017+0000] {ml_response_dag.py:37} INFO - Inserted to db
[2023-05-09T04:58:04.020+0000] {ml_response_dag.py:35} INFO - {}
[2023-05-09T04:58:04.021+0000] {ml_response_dag.py:36} INFO - 8
[2023-05-09T04:58:04.023+0000] {ml_response_dag.py:37} INFO - Inserted to db
[2023-05-09T04:58:04.029+0000] {ml_response_dag.py:35} INFO - {'value': '826', 'score': 0.74, 'ocr_score': 0.69, 'bounding_box': [0.98, 0.11, 0.14, 0.96]}
[2023-05-09T04:58:04.031+0000] {ml_response_dag.py:36} INFO - 8
[2023-05-09T04:58:04.032+0000] {ml_response_dag.py:37} INFO - Inserted to db
[2023-05-09T04:58:04.039+0000] {ml_response_dag.py:35} INFO - {}
[2023-05-09T04:58:04.039+0000] {ml_response_dag.py:36} INFO - 8
[2023-05-09T04:58:04.040+0000] {ml_response_dag.py:37} INFO - Inserted to db
[2023-05-09T04:58:04.041+0000] {ml_response_dag.py:35} INFO - {'value': '299', 'score': 0.85, 'ocr_score': 0.04, 'bounding_box': [0.14, 0.46, 0.06, 0.65]}
[2023-05-09T04:58:04.042+0000] {ml_response_dag.py:36} INFO - 8
[2023-05-09T04:58:04.042+0000] {ml_response_dag.py:37} INFO - Inserted to db
[2023-05-09T04:58:04.043+0000] {ml_response_dag.py:35} INFO - {'value': '362', 'score': 0.62, 'ocr_score': 0.51, 'bounding_box': [0.42, 0.48, 0.21, 0.45]}
[2023-05-09T04:58:04.044+0000] {ml_response_dag.py:36} INFO - 9
[2023-05-09T04:58:04.044+0000] {ml_response_dag.py:37} INFO - Inserted to db
[2023-05-09T04:58:04.045+0000] {ml_response_dag.py:35} INFO - {'value': '288', 'score': 0.77, 'ocr_score': 0.23, 'bounding_box': [0.16, 0.03, 0.68, 0.81]}
[2023-05-09T04:58:04.047+0000] {ml_response_dag.py:36} INFO - 9
[2023-05-09T04:58:04.049+0000] {ml_response_dag.py:37} INFO - Inserted to db
[2023-05-09T04:58:04.055+0000] {ml_response_dag.py:35} INFO - {'value': '803', 'score': 0.03, 'ocr_score': 0.42, 'bounding_box': [0.05, 0.5, 0.56, 0.95]}
[2023-05-09T04:58:04.055+0000] {ml_response_dag.py:36} INFO - 9
[2023-05-09T04:58:04.056+0000] {ml_response_dag.py:37} INFO - Inserted to db
[2023-05-09T04:58:04.056+0000] {ml_response_dag.py:35} INFO - {'value': '750', 'score': 0.85, 'ocr_score': 0.27, 'bounding_box': [0.71, 0.07, 0.54, 0.9]}
[2023-05-09T04:58:04.057+0000] {ml_response_dag.py:36} INFO - 9
[2023-05-09T04:58:04.057+0000] {ml_response_dag.py:37} INFO - Inserted to db
[2023-05-09T04:58:04.058+0000] {ml_response_dag.py:35} INFO - {'value': '148', 'score': 0.41, 'ocr_score': 0.97, 'bounding_box': [0.44, 0.51, 0.69, 0.67]}
[2023-05-09T04:58:04.060+0000] {ml_response_dag.py:36} INFO - 9
[2023-05-09T04:58:04.060+0000] {ml_response_dag.py:37} INFO - Inserted to db
[2023-05-09T04:58:04.061+0000] {ml_response_dag.py:35} INFO - {'value': '161', 'score': 0.49, 'ocr_score': 0.58, 'bounding_box': [0.51, 0.51, 0.55, 0.06]}
[2023-05-09T04:58:04.061+0000] {ml_response_dag.py:36} INFO - 9
[2023-05-09T04:58:04.063+0000] {ml_response_dag.py:37} INFO - Inserted to db
[2023-05-09T04:58:04.064+0000] {ml_response_dag.py:35} INFO - {}
[2023-05-09T04:58:04.065+0000] {ml_response_dag.py:36} INFO - 9
[2023-05-09T04:58:04.065+0000] {ml_response_dag.py:37} INFO - Inserted to db
[2023-05-09T04:58:04.066+0000] {ml_response_dag.py:35} INFO - {}
[2023-05-09T04:58:04.066+0000] {ml_response_dag.py:36} INFO - 9
[2023-05-09T04:58:04.067+0000] {ml_response_dag.py:37} INFO - Inserted to db
[2023-05-09T04:58:04.067+0000] {ml_response_dag.py:35} INFO - {}
[2023-05-09T04:58:04.068+0000] {ml_response_dag.py:36} INFO - 9
[2023-05-09T04:58:04.069+0000] {ml_response_dag.py:37} INFO - Inserted to db
[2023-05-09T04:58:04.071+0000] {ml_response_dag.py:35} INFO - {'value': '842', 'score': 0.47, 'ocr_score': 0.75, 'bounding_box': [0.16, 0.91, 0.32, 0.53]}
[2023-05-09T04:58:04.072+0000] {ml_response_dag.py:36} INFO - 10
[2023-05-09T04:58:04.073+0000] {ml_response_dag.py:37} INFO - Inserted to db
[2023-05-09T04:58:04.075+0000] {ml_response_dag.py:35} INFO - {}
[2023-05-09T04:58:04.076+0000] {ml_response_dag.py:36} INFO - 10
[2023-05-09T04:58:04.076+0000] {ml_response_dag.py:37} INFO - Inserted to db
[2023-05-09T04:58:04.077+0000] {ml_response_dag.py:35} INFO - {}
[2023-05-09T04:58:04.080+0000] {ml_response_dag.py:36} INFO - 10
[2023-05-09T04:58:04.087+0000] {ml_response_dag.py:37} INFO - Inserted to db
[2023-05-09T04:58:04.088+0000] {ml_response_dag.py:35} INFO - {'value': '458', 'score': 0.81, 'ocr_score': 0.31, 'bounding_box': [0.69, 0.54, 0.48, 0.39]}
[2023-05-09T04:58:04.091+0000] {ml_response_dag.py:36} INFO - 10
[2023-05-09T04:58:04.093+0000] {ml_response_dag.py:37} INFO - Inserted to db
[2023-05-09T04:58:04.095+0000] {ml_response_dag.py:35} INFO - {'value': '776', 'score': 0.77, 'ocr_score': 0.34, 'bounding_box': [0.76, 0.85, 0.56, 0.82]}
[2023-05-09T04:58:04.097+0000] {ml_response_dag.py:36} INFO - 10
[2023-05-09T04:58:04.098+0000] {ml_response_dag.py:37} INFO - Inserted to db
[2023-05-09T04:58:04.099+0000] {ml_response_dag.py:35} INFO - {}
[2023-05-09T04:58:04.100+0000] {ml_response_dag.py:36} INFO - 10
[2023-05-09T04:58:04.100+0000] {ml_response_dag.py:37} INFO - Inserted to db
[2023-05-09T04:58:04.102+0000] {ml_response_dag.py:35} INFO - {'value': '51', 'score': 0.76, 'ocr_score': 0.29, 'bounding_box': [0.79, 0.88, 0.43, 0.21]}
[2023-05-09T04:58:04.105+0000] {ml_response_dag.py:36} INFO - 10
[2023-05-09T04:58:04.106+0000] {ml_response_dag.py:37} INFO - Inserted to db
[2023-05-09T04:58:04.110+0000] {ml_response_dag.py:35} INFO - {'value': '843', 'score': 0.05, 'ocr_score': 0.96, 'bounding_box': [0.84, 0.04, 0.6, 0.52]}
[2023-05-09T04:58:04.111+0000] {ml_response_dag.py:36} INFO - 10
[2023-05-09T04:58:04.111+0000] {ml_response_dag.py:37} INFO - Inserted to db
[2023-05-09T04:58:04.112+0000] {ml_response_dag.py:35} INFO - {'value': '517', 'score': 0.75, 'ocr_score': 0.74, 'bounding_box': [0.65, 0.92, 0.1, 0.59]}
[2023-05-09T04:58:04.113+0000] {ml_response_dag.py:36} INFO - 10
[2023-05-09T04:58:04.114+0000] {ml_response_dag.py:37} INFO - Inserted to db
[2023-05-09T04:58:04.118+0000] {ml_response_dag.py:35} INFO - {}
[2023-05-09T04:58:04.121+0000] {ml_response_dag.py:36} INFO - 11
[2023-05-09T04:58:04.122+0000] {ml_response_dag.py:37} INFO - Inserted to db
[2023-05-09T04:58:04.123+0000] {ml_response_dag.py:35} INFO - {}
[2023-05-09T04:58:04.124+0000] {ml_response_dag.py:36} INFO - 11
[2023-05-09T04:58:04.124+0000] {ml_response_dag.py:37} INFO - Inserted to db
[2023-05-09T04:58:04.127+0000] {ml_response_dag.py:35} INFO - {'value': '288', 'score': 0.6, 'ocr_score': 0.29, 'bounding_box': [0.96, 0.39, 0.81, 0.96]}
[2023-05-09T04:58:04.130+0000] {ml_response_dag.py:36} INFO - 11
[2023-05-09T04:58:04.133+0000] {ml_response_dag.py:37} INFO - Inserted to db
[2023-05-09T04:58:04.136+0000] {ml_response_dag.py:35} INFO - {'value': '878', 'score': 0.44, 'ocr_score': 0.56, 'bounding_box': [0.46, 0.03, 0.06, 0.3]}
[2023-05-09T04:58:04.138+0000] {ml_response_dag.py:36} INFO - 11
[2023-05-09T04:58:04.138+0000] {ml_response_dag.py:37} INFO - Inserted to db
[2023-05-09T04:58:04.139+0000] {ml_response_dag.py:35} INFO - {}
[2023-05-09T04:58:04.140+0000] {ml_response_dag.py:36} INFO - 11
[2023-05-09T04:58:04.140+0000] {ml_response_dag.py:37} INFO - Inserted to db
[2023-05-09T04:58:04.142+0000] {ml_response_dag.py:35} INFO - {}
[2023-05-09T04:58:04.142+0000] {ml_response_dag.py:36} INFO - 11
[2023-05-09T04:58:04.145+0000] {ml_response_dag.py:37} INFO - Inserted to db
[2023-05-09T04:58:04.146+0000] {ml_response_dag.py:35} INFO - {}
[2023-05-09T04:58:04.147+0000] {ml_response_dag.py:36} INFO - 11
[2023-05-09T04:58:04.148+0000] {ml_response_dag.py:37} INFO - Inserted to db
[2023-05-09T04:58:04.150+0000] {ml_response_dag.py:35} INFO - {'value': '650', 'score': 0.79, 'ocr_score': 0.64, 'bounding_box': [0.13, 0.78, 0.29, 0.37]}
[2023-05-09T04:58:04.155+0000] {ml_response_dag.py:36} INFO - 11
[2023-05-09T04:58:04.157+0000] {ml_response_dag.py:37} INFO - Inserted to db
[2023-05-09T04:58:04.158+0000] {ml_response_dag.py:35} INFO - {}
[2023-05-09T04:58:04.159+0000] {ml_response_dag.py:36} INFO - 11
[2023-05-09T04:58:04.160+0000] {ml_response_dag.py:37} INFO - Inserted to db
[2023-05-09T04:58:04.161+0000] {ml_response_dag.py:35} INFO - {'value': '643', 'score': 0.23, 'ocr_score': 0.72, 'bounding_box': [0.01, 0.39, 0.58, 0.53]}
[2023-05-09T04:58:04.161+0000] {ml_response_dag.py:36} INFO - 12
[2023-05-09T04:58:04.162+0000] {ml_response_dag.py:37} INFO - Inserted to db
[2023-05-09T04:58:04.163+0000] {ml_response_dag.py:35} INFO - {}
[2023-05-09T04:58:04.167+0000] {ml_response_dag.py:36} INFO - 13
[2023-05-09T04:58:04.168+0000] {ml_response_dag.py:37} INFO - Inserted to db
[2023-05-09T04:58:04.169+0000] {ml_response_dag.py:35} INFO - {}
[2023-05-09T04:58:04.175+0000] {ml_response_dag.py:36} INFO - 14
[2023-05-09T04:58:04.177+0000] {ml_response_dag.py:37} INFO - Inserted to db
[2023-05-09T04:58:04.182+0000] {ml_response_dag.py:35} INFO - {'value': '141', 'score': 0.27, 'ocr_score': 0.93, 'bounding_box': [0.24, 0.73, 0.11, 0.89]}
[2023-05-09T04:58:04.185+0000] {ml_response_dag.py:36} INFO - 15
[2023-05-09T04:58:04.185+0000] {ml_response_dag.py:37} INFO - Inserted to db
[2023-05-09T04:58:04.186+0000] {ml_response_dag.py:35} INFO - {'value': '59', 'score': 0.45, 'ocr_score': 0.57, 'bounding_box': [0.45, 0.64, 0.68, 0.17]}
[2023-05-09T04:58:04.187+0000] {ml_response_dag.py:36} INFO - 15
[2023-05-09T04:58:04.188+0000] {ml_response_dag.py:37} INFO - Inserted to db
[2023-05-09T04:58:04.191+0000] {ml_response_dag.py:35} INFO - {'value': '333', 'score': 0.34, 'ocr_score': 0.85, 'bounding_box': [0.81, 0.57, 0.99, 0.77]}
[2023-05-09T04:58:04.192+0000] {ml_response_dag.py:36} INFO - 15
[2023-05-09T04:58:04.194+0000] {ml_response_dag.py:37} INFO - Inserted to db
[2023-05-09T04:58:04.195+0000] {ml_response_dag.py:35} INFO - {'value': '257', 'score': 0.11, 'ocr_score': 0.43, 'bounding_box': [0.37, 0.55, 0.53, 0.66]}
[2023-05-09T04:58:04.195+0000] {ml_response_dag.py:36} INFO - 15
[2023-05-09T04:58:04.196+0000] {ml_response_dag.py:37} INFO - Inserted to db
[2023-05-09T04:58:04.197+0000] {ml_response_dag.py:35} INFO - {'value': '190', 'score': 0.21, 'ocr_score': 0.83, 'bounding_box': [0.88, 0.83, 0.57, 0.11]}
[2023-05-09T04:58:04.198+0000] {ml_response_dag.py:36} INFO - 15
[2023-05-09T04:58:04.206+0000] {ml_response_dag.py:37} INFO - Inserted to db
[2023-05-09T04:58:04.207+0000] {ml_response_dag.py:35} INFO - {}
[2023-05-09T04:58:04.208+0000] {ml_response_dag.py:36} INFO - 15
[2023-05-09T04:58:04.208+0000] {ml_response_dag.py:37} INFO - Inserted to db
[2023-05-09T04:58:04.209+0000] {ml_response_dag.py:35} INFO - {}
[2023-05-09T04:58:04.209+0000] {ml_response_dag.py:36} INFO - 15
[2023-05-09T04:58:04.209+0000] {ml_response_dag.py:37} INFO - Inserted to db
[2023-05-09T04:58:04.210+0000] {ml_response_dag.py:35} INFO - {}
[2023-05-09T04:58:04.211+0000] {ml_response_dag.py:36} INFO - 15
[2023-05-09T04:58:04.213+0000] {ml_response_dag.py:37} INFO - Inserted to db
[2023-05-09T04:58:04.214+0000] {ml_response_dag.py:35} INFO - {'value': '475', 'score': 0.57, 'ocr_score': 0.49, 'bounding_box': [0.4, 0.3, 0.99, 0.32]}
[2023-05-09T04:58:04.214+0000] {ml_response_dag.py:36} INFO - 15
[2023-05-09T04:58:04.215+0000] {ml_response_dag.py:37} INFO - Inserted to db
[2023-05-09T04:58:04.216+0000] {ml_response_dag.py:35} INFO - {'value': '745', 'score': 0.84, 'ocr_score': 0.82, 'bounding_box': [0.84, 0.57, 0.94, 0.44]}
[2023-05-09T04:58:04.217+0000] {ml_response_dag.py:36} INFO - 16
[2023-05-09T04:58:04.217+0000] {ml_response_dag.py:37} INFO - Inserted to db
[2023-05-09T04:58:04.224+0000] {python.py:183} INFO - Done. Returned value was: None
[2023-05-09T04:58:04.282+0000] {taskinstance.py:1373} INFO - Marking task as SUCCESS. dag_id=veryfi_extract_total, task_id=extract_and_load, execution_date=20230508T185000, start_date=20230509T045802, end_date=20230509T045804
[2023-05-09T04:58:04.353+0000] {local_task_job_runner.py:232} INFO - Task exited with return code 0
[2023-05-09T04:58:04.405+0000] {taskinstance.py:2674} INFO - 0 downstream tasks scheduled from follow-on schedule check
