[2023-05-09T04:57:54.927+0000] {taskinstance.py:1125} INFO - Dependencies all met for dep_context=non-requeueable deps ti=<TaskInstance: veryfi_extract_total.extract_and_load scheduled__2023-05-08T16:50:00+00:00 [queued]>
[2023-05-09T04:57:54.989+0000] {taskinstance.py:1125} INFO - Dependencies all met for dep_context=requeueable deps ti=<TaskInstance: veryfi_extract_total.extract_and_load scheduled__2023-05-08T16:50:00+00:00 [queued]>
[2023-05-09T04:57:55.009+0000] {taskinstance.py:1331} INFO - Starting attempt 1 of 2
[2023-05-09T04:57:55.089+0000] {taskinstance.py:1350} INFO - Executing <Task(PythonOperator): extract_and_load> on 2023-05-08 16:50:00+00:00
[2023-05-09T04:57:55.096+0000] {standard_task_runner.py:57} INFO - Started process 1752 to run task
[2023-05-09T04:57:55.125+0000] {standard_task_runner.py:84} INFO - Running: ['***', 'tasks', 'run', 'veryfi_extract_total', 'extract_and_load', 'scheduled__2023-05-08T16:50:00+00:00', '--job-id', '493', '--raw', '--subdir', 'DAGS_FOLDER/ml_response_dag.py', '--cfg-path', '/tmp/tmp2erc8rb3']
[2023-05-09T04:57:55.127+0000] {standard_task_runner.py:85} INFO - Job 493: Subtask extract_and_load
[2023-05-09T04:57:55.555+0000] {task_command.py:410} INFO - Running <TaskInstance: veryfi_extract_total.extract_and_load scheduled__2023-05-08T16:50:00+00:00 [running]> on host aa4b7d3de44b
[2023-05-09T04:57:56.053+0000] {taskinstance.py:1570} INFO - Exporting env vars: AIRFLOW_CTX_DAG_OWNER='***' AIRFLOW_CTX_DAG_ID='veryfi_extract_total' AIRFLOW_CTX_TASK_ID='extract_and_load' AIRFLOW_CTX_EXECUTION_DATE='2023-05-08T16:50:00+00:00' AIRFLOW_CTX_TRY_NUMBER='1' AIRFLOW_CTX_DAG_RUN_ID='scheduled__2023-05-08T16:50:00+00:00'
[2023-05-09T04:57:56.077+0000] {ml_response_dag.py:35} INFO - {}
[2023-05-09T04:57:56.078+0000] {ml_response_dag.py:36} INFO - 1
[2023-05-09T04:57:56.080+0000] {ml_response_dag.py:37} INFO - Inserted to db
[2023-05-09T04:57:56.086+0000] {ml_response_dag.py:35} INFO - {'value': '544', 'score': 0.22, 'ocr_score': 0.81, 'bounding_box': [0.22, 0.37, 0.38, 0.52]}
[2023-05-09T04:57:56.087+0000] {ml_response_dag.py:36} INFO - 1
[2023-05-09T04:57:56.088+0000] {ml_response_dag.py:37} INFO - Inserted to db
[2023-05-09T04:57:56.089+0000] {ml_response_dag.py:35} INFO - {}
[2023-05-09T04:57:56.092+0000] {ml_response_dag.py:36} INFO - 1
[2023-05-09T04:57:56.093+0000] {ml_response_dag.py:37} INFO - Inserted to db
[2023-05-09T04:57:56.094+0000] {ml_response_dag.py:35} INFO - {}
[2023-05-09T04:57:56.095+0000] {ml_response_dag.py:36} INFO - 1
[2023-05-09T04:57:56.096+0000] {ml_response_dag.py:37} INFO - Inserted to db
[2023-05-09T04:57:56.097+0000] {ml_response_dag.py:35} INFO - {}
[2023-05-09T04:57:56.098+0000] {ml_response_dag.py:36} INFO - 1
[2023-05-09T04:57:56.102+0000] {ml_response_dag.py:37} INFO - Inserted to db
[2023-05-09T04:57:56.103+0000] {ml_response_dag.py:35} INFO - {}
[2023-05-09T04:57:56.105+0000] {ml_response_dag.py:36} INFO - 1
[2023-05-09T04:57:56.106+0000] {ml_response_dag.py:37} INFO - Inserted to db
[2023-05-09T04:57:56.110+0000] {ml_response_dag.py:35} INFO - {'value': '660', 'score': 0.48, 'ocr_score': 0.32, 'bounding_box': [0.07, 0.82, 0.06, 0.37]}
[2023-05-09T04:57:56.119+0000] {ml_response_dag.py:36} INFO - 1
[2023-05-09T04:57:56.123+0000] {ml_response_dag.py:37} INFO - Inserted to db
[2023-05-09T04:57:56.128+0000] {ml_response_dag.py:35} INFO - {}
[2023-05-09T04:57:56.134+0000] {ml_response_dag.py:36} INFO - 1
[2023-05-09T04:57:56.135+0000] {ml_response_dag.py:37} INFO - Inserted to db
[2023-05-09T04:57:56.136+0000] {ml_response_dag.py:35} INFO - {'value': '801', 'score': 0.92, 'ocr_score': 0.28, 'bounding_box': [0.56, 0.9, 0.37, 0.79]}
[2023-05-09T04:57:56.138+0000] {ml_response_dag.py:36} INFO - 1
[2023-05-09T04:57:56.139+0000] {ml_response_dag.py:37} INFO - Inserted to db
[2023-05-09T04:57:56.140+0000] {ml_response_dag.py:35} INFO - {}
[2023-05-09T04:57:56.140+0000] {ml_response_dag.py:36} INFO - 2
[2023-05-09T04:57:56.140+0000] {ml_response_dag.py:37} INFO - Inserted to db
[2023-05-09T04:57:56.144+0000] {ml_response_dag.py:35} INFO - {}
[2023-05-09T04:57:56.150+0000] {ml_response_dag.py:36} INFO - 2
[2023-05-09T04:57:56.160+0000] {ml_response_dag.py:37} INFO - Inserted to db
[2023-05-09T04:57:56.162+0000] {ml_response_dag.py:35} INFO - {'value': '880', 'score': 0.06, 'ocr_score': 0.1, 'bounding_box': [0.76, 0.47, 0.16, 0.27]}
[2023-05-09T04:57:56.164+0000] {ml_response_dag.py:36} INFO - 2
[2023-05-09T04:57:56.165+0000] {ml_response_dag.py:37} INFO - Inserted to db
[2023-05-09T04:57:56.170+0000] {ml_response_dag.py:35} INFO - {'value': '380', 'score': 0.11, 'ocr_score': 0.36, 'bounding_box': [0.99, 0.15, 0.39, 0.03]}
[2023-05-09T04:57:56.170+0000] {ml_response_dag.py:36} INFO - 2
[2023-05-09T04:57:56.173+0000] {ml_response_dag.py:37} INFO - Inserted to db
[2023-05-09T04:57:56.175+0000] {ml_response_dag.py:35} INFO - {}
[2023-05-09T04:57:56.175+0000] {ml_response_dag.py:36} INFO - 2
[2023-05-09T04:57:56.176+0000] {ml_response_dag.py:37} INFO - Inserted to db
[2023-05-09T04:57:56.178+0000] {ml_response_dag.py:35} INFO - {'value': '770', 'score': 0.37, 'ocr_score': 0.84, 'bounding_box': [0.79, 0.15, 0.82, 0.6]}
[2023-05-09T04:57:56.178+0000] {ml_response_dag.py:36} INFO - 2
[2023-05-09T04:57:56.179+0000] {ml_response_dag.py:37} INFO - Inserted to db
[2023-05-09T04:57:56.181+0000] {ml_response_dag.py:35} INFO - {}
[2023-05-09T04:57:56.182+0000] {ml_response_dag.py:36} INFO - 2
[2023-05-09T04:57:56.184+0000] {ml_response_dag.py:37} INFO - Inserted to db
[2023-05-09T04:57:56.188+0000] {ml_response_dag.py:35} INFO - {}
[2023-05-09T04:57:56.190+0000] {ml_response_dag.py:36} INFO - 2
[2023-05-09T04:57:56.191+0000] {ml_response_dag.py:37} INFO - Inserted to db
[2023-05-09T04:57:56.192+0000] {ml_response_dag.py:35} INFO - {}
[2023-05-09T04:57:56.192+0000] {ml_response_dag.py:36} INFO - 2
[2023-05-09T04:57:56.193+0000] {ml_response_dag.py:37} INFO - Inserted to db
[2023-05-09T04:57:56.194+0000] {ml_response_dag.py:35} INFO - {}
[2023-05-09T04:57:56.194+0000] {ml_response_dag.py:36} INFO - 3
[2023-05-09T04:57:56.194+0000] {ml_response_dag.py:37} INFO - Inserted to db
[2023-05-09T04:57:56.196+0000] {ml_response_dag.py:35} INFO - {}
[2023-05-09T04:57:56.197+0000] {ml_response_dag.py:36} INFO - 4
[2023-05-09T04:57:56.197+0000] {ml_response_dag.py:37} INFO - Inserted to db
[2023-05-09T04:57:56.198+0000] {ml_response_dag.py:35} INFO - {}
[2023-05-09T04:57:56.200+0000] {ml_response_dag.py:36} INFO - 5
[2023-05-09T04:57:56.202+0000] {ml_response_dag.py:37} INFO - Inserted to db
[2023-05-09T04:57:56.203+0000] {ml_response_dag.py:35} INFO - {}
[2023-05-09T04:57:56.205+0000] {ml_response_dag.py:36} INFO - 5
[2023-05-09T04:57:56.207+0000] {ml_response_dag.py:37} INFO - Inserted to db
[2023-05-09T04:57:56.208+0000] {ml_response_dag.py:35} INFO - {'value': '418', 'score': 0.49, 'ocr_score': 0.15, 'bounding_box': [0.88, 0.92, 0.46, 0.3]}
[2023-05-09T04:57:56.208+0000] {ml_response_dag.py:36} INFO - 5
[2023-05-09T04:57:56.209+0000] {ml_response_dag.py:37} INFO - Inserted to db
[2023-05-09T04:57:56.211+0000] {ml_response_dag.py:35} INFO - {}
[2023-05-09T04:57:56.215+0000] {ml_response_dag.py:36} INFO - 5
[2023-05-09T04:57:56.217+0000] {ml_response_dag.py:37} INFO - Inserted to db
[2023-05-09T04:57:56.218+0000] {ml_response_dag.py:35} INFO - {}
[2023-05-09T04:57:56.218+0000] {ml_response_dag.py:36} INFO - 5
[2023-05-09T04:57:56.223+0000] {ml_response_dag.py:37} INFO - Inserted to db
[2023-05-09T04:57:56.224+0000] {ml_response_dag.py:35} INFO - {'value': '78', 'score': 0.03, 'ocr_score': 0.66, 'bounding_box': [0.31, 0.81, 0.43, 0.03]}
[2023-05-09T04:57:56.224+0000] {ml_response_dag.py:36} INFO - 5
[2023-05-09T04:57:56.226+0000] {ml_response_dag.py:37} INFO - Inserted to db
[2023-05-09T04:57:56.236+0000] {ml_response_dag.py:35} INFO - {}
[2023-05-09T04:57:56.237+0000] {ml_response_dag.py:36} INFO - 5
[2023-05-09T04:57:56.240+0000] {ml_response_dag.py:37} INFO - Inserted to db
[2023-05-09T04:57:56.242+0000] {ml_response_dag.py:35} INFO - {'value': '889', 'score': 0.72, 'ocr_score': 0.56, 'bounding_box': [0.38, 0.17, 0.28, 1.0]}
[2023-05-09T04:57:56.243+0000] {ml_response_dag.py:36} INFO - 5
[2023-05-09T04:57:56.249+0000] {ml_response_dag.py:37} INFO - Inserted to db
[2023-05-09T04:57:56.251+0000] {ml_response_dag.py:35} INFO - {'value': '292', 'score': 0.23, 'ocr_score': 0.39, 'bounding_box': [0.45, 0.93, 0.07, 0.2]}
[2023-05-09T04:57:56.251+0000] {ml_response_dag.py:36} INFO - 5
[2023-05-09T04:57:56.252+0000] {ml_response_dag.py:37} INFO - Inserted to db
[2023-05-09T04:57:56.253+0000] {ml_response_dag.py:35} INFO - {}
[2023-05-09T04:57:56.253+0000] {ml_response_dag.py:36} INFO - 6
[2023-05-09T04:57:56.254+0000] {ml_response_dag.py:37} INFO - Inserted to db
[2023-05-09T04:57:56.255+0000] {ml_response_dag.py:35} INFO - {'value': '542', 'score': 0.01, 'ocr_score': 0.03, 'bounding_box': [0.27, 0.53, 0.77, 0.97]}
[2023-05-09T04:57:56.256+0000] {ml_response_dag.py:36} INFO - 7
[2023-05-09T04:57:56.256+0000] {ml_response_dag.py:37} INFO - Inserted to db
[2023-05-09T04:57:56.257+0000] {ml_response_dag.py:35} INFO - {'value': '342', 'score': 0.56, 'ocr_score': 0.14, 'bounding_box': [0.77, 0.91, 0.18, 0.2]}
[2023-05-09T04:57:56.257+0000] {ml_response_dag.py:36} INFO - 7
[2023-05-09T04:57:56.258+0000] {ml_response_dag.py:37} INFO - Inserted to db
[2023-05-09T04:57:56.258+0000] {ml_response_dag.py:35} INFO - {'value': '967', 'score': 0.78, 'ocr_score': 0.39, 'bounding_box': [0.86, 0.38, 0.41, 0.36]}
[2023-05-09T04:57:56.260+0000] {ml_response_dag.py:36} INFO - 7
[2023-05-09T04:57:56.261+0000] {ml_response_dag.py:37} INFO - Inserted to db
[2023-05-09T04:57:56.261+0000] {ml_response_dag.py:35} INFO - {'value': '100', 'score': 0.68, 'ocr_score': 0.75, 'bounding_box': [0.32, 0.6, 0.97, 0.05]}
[2023-05-09T04:57:56.262+0000] {ml_response_dag.py:36} INFO - 7
[2023-05-09T04:57:56.262+0000] {ml_response_dag.py:37} INFO - Inserted to db
[2023-05-09T04:57:56.263+0000] {ml_response_dag.py:35} INFO - {}
[2023-05-09T04:57:56.263+0000] {ml_response_dag.py:36} INFO - 7
[2023-05-09T04:57:56.264+0000] {ml_response_dag.py:37} INFO - Inserted to db
[2023-05-09T04:57:56.265+0000] {ml_response_dag.py:35} INFO - {}
[2023-05-09T04:57:56.265+0000] {ml_response_dag.py:36} INFO - 7
[2023-05-09T04:57:56.265+0000] {ml_response_dag.py:37} INFO - Inserted to db
[2023-05-09T04:57:56.266+0000] {ml_response_dag.py:35} INFO - {'value': '858', 'score': 0.94, 'ocr_score': 0.64, 'bounding_box': [0.22, 0.37, 0.17, 0.07]}
[2023-05-09T04:57:56.272+0000] {ml_response_dag.py:36} INFO - 7
[2023-05-09T04:57:56.273+0000] {ml_response_dag.py:37} INFO - Inserted to db
[2023-05-09T04:57:56.274+0000] {ml_response_dag.py:35} INFO - {}
[2023-05-09T04:57:56.275+0000] {ml_response_dag.py:36} INFO - 7
[2023-05-09T04:57:56.275+0000] {ml_response_dag.py:37} INFO - Inserted to db
[2023-05-09T04:57:56.276+0000] {ml_response_dag.py:35} INFO - {'value': '633', 'score': 0.77, 'ocr_score': 0.17, 'bounding_box': [0.44, 0.56, 0.26, 0.15]}
[2023-05-09T04:57:56.276+0000] {ml_response_dag.py:36} INFO - 7
[2023-05-09T04:57:56.277+0000] {ml_response_dag.py:37} INFO - Inserted to db
[2023-05-09T04:57:56.277+0000] {ml_response_dag.py:35} INFO - {'value': '609', 'score': 0.47, 'ocr_score': 0.56, 'bounding_box': [0.3, 0.87, 0.78, 0.92]}
[2023-05-09T04:57:56.278+0000] {ml_response_dag.py:36} INFO - 8
[2023-05-09T04:57:56.280+0000] {ml_response_dag.py:37} INFO - Inserted to db
[2023-05-09T04:57:56.280+0000] {ml_response_dag.py:35} INFO - {'value': '331', 'score': 0.49, 'ocr_score': 0.99, 'bounding_box': [0.55, 0.36, 0.08, 0.43]}
[2023-05-09T04:57:56.281+0000] {ml_response_dag.py:36} INFO - 8
[2023-05-09T04:57:56.282+0000] {ml_response_dag.py:37} INFO - Inserted to db
[2023-05-09T04:57:56.286+0000] {ml_response_dag.py:35} INFO - {'value': '142', 'score': 0.0, 'ocr_score': 0.58, 'bounding_box': [0.17, 0.36, 0.83, 0.62]}
[2023-05-09T04:57:56.287+0000] {ml_response_dag.py:36} INFO - 8
[2023-05-09T04:57:56.288+0000] {ml_response_dag.py:37} INFO - Inserted to db
[2023-05-09T04:57:56.289+0000] {ml_response_dag.py:35} INFO - {}
[2023-05-09T04:57:56.290+0000] {ml_response_dag.py:36} INFO - 8
[2023-05-09T04:57:56.290+0000] {ml_response_dag.py:37} INFO - Inserted to db
[2023-05-09T04:57:56.291+0000] {ml_response_dag.py:35} INFO - {}
[2023-05-09T04:57:56.291+0000] {ml_response_dag.py:36} INFO - 8
[2023-05-09T04:57:56.292+0000] {ml_response_dag.py:37} INFO - Inserted to db
[2023-05-09T04:57:56.292+0000] {ml_response_dag.py:35} INFO - {}
[2023-05-09T04:57:56.292+0000] {ml_response_dag.py:36} INFO - 8
[2023-05-09T04:57:56.293+0000] {ml_response_dag.py:37} INFO - Inserted to db
[2023-05-09T04:57:56.293+0000] {ml_response_dag.py:35} INFO - {'value': '826', 'score': 0.74, 'ocr_score': 0.69, 'bounding_box': [0.98, 0.11, 0.14, 0.96]}
[2023-05-09T04:57:56.294+0000] {ml_response_dag.py:36} INFO - 8
[2023-05-09T04:57:56.294+0000] {ml_response_dag.py:37} INFO - Inserted to db
[2023-05-09T04:57:56.295+0000] {ml_response_dag.py:35} INFO - {}
[2023-05-09T04:57:56.295+0000] {ml_response_dag.py:36} INFO - 8
[2023-05-09T04:57:56.296+0000] {ml_response_dag.py:37} INFO - Inserted to db
[2023-05-09T04:57:56.296+0000] {ml_response_dag.py:35} INFO - {'value': '299', 'score': 0.85, 'ocr_score': 0.04, 'bounding_box': [0.14, 0.46, 0.06, 0.65]}
[2023-05-09T04:57:56.297+0000] {ml_response_dag.py:36} INFO - 8
[2023-05-09T04:57:56.298+0000] {ml_response_dag.py:37} INFO - Inserted to db
[2023-05-09T04:57:56.298+0000] {ml_response_dag.py:35} INFO - {'value': '362', 'score': 0.62, 'ocr_score': 0.51, 'bounding_box': [0.42, 0.48, 0.21, 0.45]}
[2023-05-09T04:57:56.299+0000] {ml_response_dag.py:36} INFO - 9
[2023-05-09T04:57:56.300+0000] {ml_response_dag.py:37} INFO - Inserted to db
[2023-05-09T04:57:56.300+0000] {ml_response_dag.py:35} INFO - {'value': '288', 'score': 0.77, 'ocr_score': 0.23, 'bounding_box': [0.16, 0.03, 0.68, 0.81]}
[2023-05-09T04:57:56.303+0000] {ml_response_dag.py:36} INFO - 9
[2023-05-09T04:57:56.304+0000] {ml_response_dag.py:37} INFO - Inserted to db
[2023-05-09T04:57:56.304+0000] {ml_response_dag.py:35} INFO - {'value': '803', 'score': 0.03, 'ocr_score': 0.42, 'bounding_box': [0.05, 0.5, 0.56, 0.95]}
[2023-05-09T04:57:56.305+0000] {ml_response_dag.py:36} INFO - 9
[2023-05-09T04:57:56.305+0000] {ml_response_dag.py:37} INFO - Inserted to db
[2023-05-09T04:57:56.306+0000] {ml_response_dag.py:35} INFO - {'value': '750', 'score': 0.85, 'ocr_score': 0.27, 'bounding_box': [0.71, 0.07, 0.54, 0.9]}
[2023-05-09T04:57:56.306+0000] {ml_response_dag.py:36} INFO - 9
[2023-05-09T04:57:56.307+0000] {ml_response_dag.py:37} INFO - Inserted to db
[2023-05-09T04:57:56.308+0000] {ml_response_dag.py:35} INFO - {'value': '148', 'score': 0.41, 'ocr_score': 0.97, 'bounding_box': [0.44, 0.51, 0.69, 0.67]}
[2023-05-09T04:57:56.309+0000] {ml_response_dag.py:36} INFO - 9
[2023-05-09T04:57:56.309+0000] {ml_response_dag.py:37} INFO - Inserted to db
[2023-05-09T04:57:56.311+0000] {ml_response_dag.py:35} INFO - {'value': '161', 'score': 0.49, 'ocr_score': 0.58, 'bounding_box': [0.51, 0.51, 0.55, 0.06]}
[2023-05-09T04:57:56.312+0000] {ml_response_dag.py:36} INFO - 9
[2023-05-09T04:57:56.312+0000] {ml_response_dag.py:37} INFO - Inserted to db
[2023-05-09T04:57:56.313+0000] {ml_response_dag.py:35} INFO - {}
[2023-05-09T04:57:56.314+0000] {ml_response_dag.py:36} INFO - 9
[2023-05-09T04:57:56.317+0000] {ml_response_dag.py:37} INFO - Inserted to db
[2023-05-09T04:57:56.317+0000] {ml_response_dag.py:35} INFO - {}
[2023-05-09T04:57:56.317+0000] {ml_response_dag.py:36} INFO - 9
[2023-05-09T04:57:56.318+0000] {ml_response_dag.py:37} INFO - Inserted to db
[2023-05-09T04:57:56.318+0000] {ml_response_dag.py:35} INFO - {}
[2023-05-09T04:57:56.319+0000] {ml_response_dag.py:36} INFO - 9
[2023-05-09T04:57:56.319+0000] {ml_response_dag.py:37} INFO - Inserted to db
[2023-05-09T04:57:56.326+0000] {ml_response_dag.py:35} INFO - {'value': '842', 'score': 0.47, 'ocr_score': 0.75, 'bounding_box': [0.16, 0.91, 0.32, 0.53]}
[2023-05-09T04:57:56.326+0000] {ml_response_dag.py:36} INFO - 10
[2023-05-09T04:57:56.327+0000] {ml_response_dag.py:37} INFO - Inserted to db
[2023-05-09T04:57:56.328+0000] {ml_response_dag.py:35} INFO - {}
[2023-05-09T04:57:56.328+0000] {ml_response_dag.py:36} INFO - 10
[2023-05-09T04:57:56.330+0000] {ml_response_dag.py:37} INFO - Inserted to db
[2023-05-09T04:57:56.331+0000] {ml_response_dag.py:35} INFO - {}
[2023-05-09T04:57:56.337+0000] {ml_response_dag.py:36} INFO - 10
[2023-05-09T04:57:56.340+0000] {ml_response_dag.py:37} INFO - Inserted to db
[2023-05-09T04:57:56.345+0000] {ml_response_dag.py:35} INFO - {'value': '458', 'score': 0.81, 'ocr_score': 0.31, 'bounding_box': [0.69, 0.54, 0.48, 0.39]}
[2023-05-09T04:57:56.348+0000] {ml_response_dag.py:36} INFO - 10
[2023-05-09T04:57:56.356+0000] {ml_response_dag.py:37} INFO - Inserted to db
[2023-05-09T04:57:56.364+0000] {ml_response_dag.py:35} INFO - {'value': '776', 'score': 0.77, 'ocr_score': 0.34, 'bounding_box': [0.76, 0.85, 0.56, 0.82]}
[2023-05-09T04:57:56.367+0000] {ml_response_dag.py:36} INFO - 10
[2023-05-09T04:57:56.372+0000] {ml_response_dag.py:37} INFO - Inserted to db
[2023-05-09T04:57:56.381+0000] {ml_response_dag.py:35} INFO - {}
[2023-05-09T04:57:56.382+0000] {ml_response_dag.py:36} INFO - 10
[2023-05-09T04:57:56.385+0000] {ml_response_dag.py:37} INFO - Inserted to db
[2023-05-09T04:57:56.387+0000] {ml_response_dag.py:35} INFO - {'value': '51', 'score': 0.76, 'ocr_score': 0.29, 'bounding_box': [0.79, 0.88, 0.43, 0.21]}
[2023-05-09T04:57:56.389+0000] {ml_response_dag.py:36} INFO - 10
[2023-05-09T04:57:56.390+0000] {ml_response_dag.py:37} INFO - Inserted to db
[2023-05-09T04:57:56.390+0000] {ml_response_dag.py:35} INFO - {'value': '843', 'score': 0.05, 'ocr_score': 0.96, 'bounding_box': [0.84, 0.04, 0.6, 0.52]}
[2023-05-09T04:57:56.391+0000] {ml_response_dag.py:36} INFO - 10
[2023-05-09T04:57:56.392+0000] {ml_response_dag.py:37} INFO - Inserted to db
[2023-05-09T04:57:56.400+0000] {ml_response_dag.py:35} INFO - {'value': '517', 'score': 0.75, 'ocr_score': 0.74, 'bounding_box': [0.65, 0.92, 0.1, 0.59]}
[2023-05-09T04:57:56.405+0000] {ml_response_dag.py:36} INFO - 10
[2023-05-09T04:57:56.405+0000] {ml_response_dag.py:37} INFO - Inserted to db
[2023-05-09T04:57:56.406+0000] {ml_response_dag.py:35} INFO - {}
[2023-05-09T04:57:56.407+0000] {ml_response_dag.py:36} INFO - 11
[2023-05-09T04:57:56.410+0000] {ml_response_dag.py:37} INFO - Inserted to db
[2023-05-09T04:57:56.411+0000] {ml_response_dag.py:35} INFO - {}
[2023-05-09T04:57:56.412+0000] {ml_response_dag.py:36} INFO - 11
[2023-05-09T04:57:56.413+0000] {ml_response_dag.py:37} INFO - Inserted to db
[2023-05-09T04:57:56.413+0000] {ml_response_dag.py:35} INFO - {'value': '288', 'score': 0.6, 'ocr_score': 0.29, 'bounding_box': [0.96, 0.39, 0.81, 0.96]}
[2023-05-09T04:57:56.414+0000] {ml_response_dag.py:36} INFO - 11
[2023-05-09T04:57:56.415+0000] {ml_response_dag.py:37} INFO - Inserted to db
[2023-05-09T04:57:56.418+0000] {ml_response_dag.py:35} INFO - {'value': '878', 'score': 0.44, 'ocr_score': 0.56, 'bounding_box': [0.46, 0.03, 0.06, 0.3]}
[2023-05-09T04:57:56.418+0000] {ml_response_dag.py:36} INFO - 11
[2023-05-09T04:57:56.419+0000] {ml_response_dag.py:37} INFO - Inserted to db
[2023-05-09T04:57:56.419+0000] {ml_response_dag.py:35} INFO - {}
[2023-05-09T04:57:56.420+0000] {ml_response_dag.py:36} INFO - 11
[2023-05-09T04:57:56.421+0000] {ml_response_dag.py:37} INFO - Inserted to db
[2023-05-09T04:57:56.421+0000] {ml_response_dag.py:35} INFO - {}
[2023-05-09T04:57:56.422+0000] {ml_response_dag.py:36} INFO - 11
[2023-05-09T04:57:56.423+0000] {ml_response_dag.py:37} INFO - Inserted to db
[2023-05-09T04:57:56.424+0000] {ml_response_dag.py:35} INFO - {}
[2023-05-09T04:57:56.429+0000] {ml_response_dag.py:36} INFO - 11
[2023-05-09T04:57:56.432+0000] {ml_response_dag.py:37} INFO - Inserted to db
[2023-05-09T04:57:56.433+0000] {ml_response_dag.py:35} INFO - {'value': '650', 'score': 0.79, 'ocr_score': 0.64, 'bounding_box': [0.13, 0.78, 0.29, 0.37]}
[2023-05-09T04:57:56.434+0000] {ml_response_dag.py:36} INFO - 11
[2023-05-09T04:57:56.439+0000] {ml_response_dag.py:37} INFO - Inserted to db
[2023-05-09T04:57:56.442+0000] {ml_response_dag.py:35} INFO - {}
[2023-05-09T04:57:56.443+0000] {ml_response_dag.py:36} INFO - 11
[2023-05-09T04:57:56.443+0000] {ml_response_dag.py:37} INFO - Inserted to db
[2023-05-09T04:57:56.444+0000] {ml_response_dag.py:35} INFO - {'value': '643', 'score': 0.23, 'ocr_score': 0.72, 'bounding_box': [0.01, 0.39, 0.58, 0.53]}
[2023-05-09T04:57:56.444+0000] {ml_response_dag.py:36} INFO - 12
[2023-05-09T04:57:56.445+0000] {ml_response_dag.py:37} INFO - Inserted to db
[2023-05-09T04:57:56.449+0000] {ml_response_dag.py:35} INFO - {}
[2023-05-09T04:57:56.449+0000] {ml_response_dag.py:36} INFO - 13
[2023-05-09T04:57:56.450+0000] {ml_response_dag.py:37} INFO - Inserted to db
[2023-05-09T04:57:56.451+0000] {ml_response_dag.py:35} INFO - {}
[2023-05-09T04:57:56.451+0000] {ml_response_dag.py:36} INFO - 14
[2023-05-09T04:57:56.452+0000] {ml_response_dag.py:37} INFO - Inserted to db
[2023-05-09T04:57:56.453+0000] {ml_response_dag.py:35} INFO - {'value': '141', 'score': 0.27, 'ocr_score': 0.93, 'bounding_box': [0.24, 0.73, 0.11, 0.89]}
[2023-05-09T04:57:56.457+0000] {ml_response_dag.py:36} INFO - 15
[2023-05-09T04:57:56.457+0000] {ml_response_dag.py:37} INFO - Inserted to db
[2023-05-09T04:57:56.458+0000] {ml_response_dag.py:35} INFO - {'value': '59', 'score': 0.45, 'ocr_score': 0.57, 'bounding_box': [0.45, 0.64, 0.68, 0.17]}
[2023-05-09T04:57:56.459+0000] {ml_response_dag.py:36} INFO - 15
[2023-05-09T04:57:56.459+0000] {ml_response_dag.py:37} INFO - Inserted to db
[2023-05-09T04:57:56.460+0000] {ml_response_dag.py:35} INFO - {'value': '333', 'score': 0.34, 'ocr_score': 0.85, 'bounding_box': [0.81, 0.57, 0.99, 0.77]}
[2023-05-09T04:57:56.463+0000] {ml_response_dag.py:36} INFO - 15
[2023-05-09T04:57:56.463+0000] {ml_response_dag.py:37} INFO - Inserted to db
[2023-05-09T04:57:56.465+0000] {ml_response_dag.py:35} INFO - {'value': '257', 'score': 0.11, 'ocr_score': 0.43, 'bounding_box': [0.37, 0.55, 0.53, 0.66]}
[2023-05-09T04:57:56.466+0000] {ml_response_dag.py:36} INFO - 15
[2023-05-09T04:57:56.467+0000] {ml_response_dag.py:37} INFO - Inserted to db
[2023-05-09T04:57:56.468+0000] {ml_response_dag.py:35} INFO - {'value': '190', 'score': 0.21, 'ocr_score': 0.83, 'bounding_box': [0.88, 0.83, 0.57, 0.11]}
[2023-05-09T04:57:56.469+0000] {ml_response_dag.py:36} INFO - 15
[2023-05-09T04:57:56.469+0000] {ml_response_dag.py:37} INFO - Inserted to db
[2023-05-09T04:57:56.470+0000] {ml_response_dag.py:35} INFO - {}
[2023-05-09T04:57:56.470+0000] {ml_response_dag.py:36} INFO - 15
[2023-05-09T04:57:56.471+0000] {ml_response_dag.py:37} INFO - Inserted to db
[2023-05-09T04:57:56.472+0000] {ml_response_dag.py:35} INFO - {}
[2023-05-09T04:57:56.472+0000] {ml_response_dag.py:36} INFO - 15
[2023-05-09T04:57:56.472+0000] {ml_response_dag.py:37} INFO - Inserted to db
[2023-05-09T04:57:56.473+0000] {ml_response_dag.py:35} INFO - {}
[2023-05-09T04:57:56.476+0000] {ml_response_dag.py:36} INFO - 15
[2023-05-09T04:57:56.478+0000] {ml_response_dag.py:37} INFO - Inserted to db
[2023-05-09T04:57:56.479+0000] {ml_response_dag.py:35} INFO - {'value': '475', 'score': 0.57, 'ocr_score': 0.49, 'bounding_box': [0.4, 0.3, 0.99, 0.32]}
[2023-05-09T04:57:56.480+0000] {ml_response_dag.py:36} INFO - 15
[2023-05-09T04:57:56.480+0000] {ml_response_dag.py:37} INFO - Inserted to db
[2023-05-09T04:57:56.486+0000] {ml_response_dag.py:35} INFO - {'value': '745', 'score': 0.84, 'ocr_score': 0.82, 'bounding_box': [0.84, 0.57, 0.94, 0.44]}
[2023-05-09T04:57:56.487+0000] {ml_response_dag.py:36} INFO - 16
[2023-05-09T04:57:56.488+0000] {ml_response_dag.py:37} INFO - Inserted to db
[2023-05-09T04:57:56.495+0000] {python.py:183} INFO - Done. Returned value was: None
[2023-05-09T04:57:56.526+0000] {taskinstance.py:1373} INFO - Marking task as SUCCESS. dag_id=veryfi_extract_total, task_id=extract_and_load, execution_date=20230508T165000, start_date=20230509T045754, end_date=20230509T045756
[2023-05-09T04:57:56.657+0000] {local_task_job_runner.py:232} INFO - Task exited with return code 0
[2023-05-09T04:57:56.786+0000] {taskinstance.py:2674} INFO - 0 downstream tasks scheduled from follow-on schedule check
