[2023-05-09T04:57:16.105+0000] {taskinstance.py:1125} INFO - Dependencies all met for dep_context=non-requeueable deps ti=<TaskInstance: veryfi_extract_total.extract_and_load scheduled__2023-05-08T06:40:00+00:00 [queued]>
[2023-05-09T04:57:16.117+0000] {taskinstance.py:1125} INFO - Dependencies all met for dep_context=requeueable deps ti=<TaskInstance: veryfi_extract_total.extract_and_load scheduled__2023-05-08T06:40:00+00:00 [queued]>
[2023-05-09T04:57:16.118+0000] {taskinstance.py:1331} INFO - Starting attempt 1 of 2
[2023-05-09T04:57:16.149+0000] {taskinstance.py:1350} INFO - Executing <Task(PythonOperator): extract_and_load> on 2023-05-08 06:40:00+00:00
[2023-05-09T04:57:16.156+0000] {standard_task_runner.py:57} INFO - Started process 1620 to run task
[2023-05-09T04:57:16.174+0000] {standard_task_runner.py:84} INFO - Running: ['***', 'tasks', 'run', 'veryfi_extract_total', 'extract_and_load', 'scheduled__2023-05-08T06:40:00+00:00', '--job-id', '432', '--raw', '--subdir', 'DAGS_FOLDER/ml_response_dag.py', '--cfg-path', '/tmp/tmpsd_uuckz']
[2023-05-09T04:57:16.175+0000] {standard_task_runner.py:85} INFO - Job 432: Subtask extract_and_load
[2023-05-09T04:57:16.404+0000] {task_command.py:410} INFO - Running <TaskInstance: veryfi_extract_total.extract_and_load scheduled__2023-05-08T06:40:00+00:00 [running]> on host aa4b7d3de44b
[2023-05-09T04:57:16.748+0000] {taskinstance.py:1570} INFO - Exporting env vars: AIRFLOW_CTX_DAG_OWNER='***' AIRFLOW_CTX_DAG_ID='veryfi_extract_total' AIRFLOW_CTX_TASK_ID='extract_and_load' AIRFLOW_CTX_EXECUTION_DATE='2023-05-08T06:40:00+00:00' AIRFLOW_CTX_TRY_NUMBER='1' AIRFLOW_CTX_DAG_RUN_ID='scheduled__2023-05-08T06:40:00+00:00'
[2023-05-09T04:57:16.769+0000] {ml_response_dag.py:35} INFO - {}
[2023-05-09T04:57:16.770+0000] {ml_response_dag.py:36} INFO - 1
[2023-05-09T04:57:16.770+0000] {ml_response_dag.py:37} INFO - Inserted to db
[2023-05-09T04:57:16.772+0000] {ml_response_dag.py:35} INFO - {'value': '544', 'score': 0.22, 'ocr_score': 0.81, 'bounding_box': [0.22, 0.37, 0.38, 0.52]}
[2023-05-09T04:57:16.772+0000] {ml_response_dag.py:36} INFO - 1
[2023-05-09T04:57:16.773+0000] {ml_response_dag.py:37} INFO - Inserted to db
[2023-05-09T04:57:16.774+0000] {ml_response_dag.py:35} INFO - {}
[2023-05-09T04:57:16.774+0000] {ml_response_dag.py:36} INFO - 1
[2023-05-09T04:57:16.775+0000] {ml_response_dag.py:37} INFO - Inserted to db
[2023-05-09T04:57:16.776+0000] {ml_response_dag.py:35} INFO - {}
[2023-05-09T04:57:16.776+0000] {ml_response_dag.py:36} INFO - 1
[2023-05-09T04:57:16.776+0000] {ml_response_dag.py:37} INFO - Inserted to db
[2023-05-09T04:57:16.777+0000] {ml_response_dag.py:35} INFO - {}
[2023-05-09T04:57:16.777+0000] {ml_response_dag.py:36} INFO - 1
[2023-05-09T04:57:16.778+0000] {ml_response_dag.py:37} INFO - Inserted to db
[2023-05-09T04:57:16.778+0000] {ml_response_dag.py:35} INFO - {}
[2023-05-09T04:57:16.779+0000] {ml_response_dag.py:36} INFO - 1
[2023-05-09T04:57:16.779+0000] {ml_response_dag.py:37} INFO - Inserted to db
[2023-05-09T04:57:16.782+0000] {ml_response_dag.py:35} INFO - {'value': '660', 'score': 0.48, 'ocr_score': 0.32, 'bounding_box': [0.07, 0.82, 0.06, 0.37]}
[2023-05-09T04:57:16.784+0000] {ml_response_dag.py:36} INFO - 1
[2023-05-09T04:57:16.785+0000] {ml_response_dag.py:37} INFO - Inserted to db
[2023-05-09T04:57:16.788+0000] {ml_response_dag.py:35} INFO - {}
[2023-05-09T04:57:16.789+0000] {ml_response_dag.py:36} INFO - 1
[2023-05-09T04:57:16.798+0000] {ml_response_dag.py:37} INFO - Inserted to db
[2023-05-09T04:57:16.799+0000] {ml_response_dag.py:35} INFO - {'value': '801', 'score': 0.92, 'ocr_score': 0.28, 'bounding_box': [0.56, 0.9, 0.37, 0.79]}
[2023-05-09T04:57:16.801+0000] {ml_response_dag.py:36} INFO - 1
[2023-05-09T04:57:16.801+0000] {ml_response_dag.py:37} INFO - Inserted to db
[2023-05-09T04:57:16.802+0000] {ml_response_dag.py:35} INFO - {}
[2023-05-09T04:57:16.802+0000] {ml_response_dag.py:36} INFO - 2
[2023-05-09T04:57:16.803+0000] {ml_response_dag.py:37} INFO - Inserted to db
[2023-05-09T04:57:16.805+0000] {ml_response_dag.py:35} INFO - {}
[2023-05-09T04:57:16.806+0000] {ml_response_dag.py:36} INFO - 2
[2023-05-09T04:57:16.806+0000] {ml_response_dag.py:37} INFO - Inserted to db
[2023-05-09T04:57:16.808+0000] {ml_response_dag.py:35} INFO - {'value': '880', 'score': 0.06, 'ocr_score': 0.1, 'bounding_box': [0.76, 0.47, 0.16, 0.27]}
[2023-05-09T04:57:16.809+0000] {ml_response_dag.py:36} INFO - 2
[2023-05-09T04:57:16.809+0000] {ml_response_dag.py:37} INFO - Inserted to db
[2023-05-09T04:57:16.810+0000] {ml_response_dag.py:35} INFO - {'value': '380', 'score': 0.11, 'ocr_score': 0.36, 'bounding_box': [0.99, 0.15, 0.39, 0.03]}
[2023-05-09T04:57:16.810+0000] {ml_response_dag.py:36} INFO - 2
[2023-05-09T04:57:16.811+0000] {ml_response_dag.py:37} INFO - Inserted to db
[2023-05-09T04:57:16.812+0000] {ml_response_dag.py:35} INFO - {}
[2023-05-09T04:57:16.813+0000] {ml_response_dag.py:36} INFO - 2
[2023-05-09T04:57:16.813+0000] {ml_response_dag.py:37} INFO - Inserted to db
[2023-05-09T04:57:16.814+0000] {ml_response_dag.py:35} INFO - {'value': '770', 'score': 0.37, 'ocr_score': 0.84, 'bounding_box': [0.79, 0.15, 0.82, 0.6]}
[2023-05-09T04:57:16.814+0000] {ml_response_dag.py:36} INFO - 2
[2023-05-09T04:57:16.815+0000] {ml_response_dag.py:37} INFO - Inserted to db
[2023-05-09T04:57:16.816+0000] {ml_response_dag.py:35} INFO - {}
[2023-05-09T04:57:16.817+0000] {ml_response_dag.py:36} INFO - 2
[2023-05-09T04:57:16.817+0000] {ml_response_dag.py:37} INFO - Inserted to db
[2023-05-09T04:57:16.818+0000] {ml_response_dag.py:35} INFO - {}
[2023-05-09T04:57:16.818+0000] {ml_response_dag.py:36} INFO - 2
[2023-05-09T04:57:16.819+0000] {ml_response_dag.py:37} INFO - Inserted to db
[2023-05-09T04:57:16.819+0000] {ml_response_dag.py:35} INFO - {}
[2023-05-09T04:57:16.819+0000] {ml_response_dag.py:36} INFO - 2
[2023-05-09T04:57:16.820+0000] {ml_response_dag.py:37} INFO - Inserted to db
[2023-05-09T04:57:16.820+0000] {ml_response_dag.py:35} INFO - {}
[2023-05-09T04:57:16.821+0000] {ml_response_dag.py:36} INFO - 3
[2023-05-09T04:57:16.822+0000] {ml_response_dag.py:37} INFO - Inserted to db
[2023-05-09T04:57:16.822+0000] {ml_response_dag.py:35} INFO - {}
[2023-05-09T04:57:16.823+0000] {ml_response_dag.py:36} INFO - 4
[2023-05-09T04:57:16.823+0000] {ml_response_dag.py:37} INFO - Inserted to db
[2023-05-09T04:57:16.824+0000] {ml_response_dag.py:35} INFO - {}
[2023-05-09T04:57:16.824+0000] {ml_response_dag.py:36} INFO - 5
[2023-05-09T04:57:16.825+0000] {ml_response_dag.py:37} INFO - Inserted to db
[2023-05-09T04:57:16.835+0000] {ml_response_dag.py:35} INFO - {}
[2023-05-09T04:57:16.836+0000] {ml_response_dag.py:36} INFO - 5
[2023-05-09T04:57:16.838+0000] {ml_response_dag.py:37} INFO - Inserted to db
[2023-05-09T04:57:16.842+0000] {ml_response_dag.py:35} INFO - {'value': '418', 'score': 0.49, 'ocr_score': 0.15, 'bounding_box': [0.88, 0.92, 0.46, 0.3]}
[2023-05-09T04:57:16.842+0000] {ml_response_dag.py:36} INFO - 5
[2023-05-09T04:57:16.843+0000] {ml_response_dag.py:37} INFO - Inserted to db
[2023-05-09T04:57:16.846+0000] {ml_response_dag.py:35} INFO - {}
[2023-05-09T04:57:16.846+0000] {ml_response_dag.py:36} INFO - 5
[2023-05-09T04:57:16.847+0000] {ml_response_dag.py:37} INFO - Inserted to db
[2023-05-09T04:57:16.847+0000] {ml_response_dag.py:35} INFO - {}
[2023-05-09T04:57:16.848+0000] {ml_response_dag.py:36} INFO - 5
[2023-05-09T04:57:16.848+0000] {ml_response_dag.py:37} INFO - Inserted to db
[2023-05-09T04:57:16.848+0000] {ml_response_dag.py:35} INFO - {'value': '78', 'score': 0.03, 'ocr_score': 0.66, 'bounding_box': [0.31, 0.81, 0.43, 0.03]}
[2023-05-09T04:57:16.849+0000] {ml_response_dag.py:36} INFO - 5
[2023-05-09T04:57:16.849+0000] {ml_response_dag.py:37} INFO - Inserted to db
[2023-05-09T04:57:16.850+0000] {ml_response_dag.py:35} INFO - {}
[2023-05-09T04:57:16.850+0000] {ml_response_dag.py:36} INFO - 5
[2023-05-09T04:57:16.859+0000] {ml_response_dag.py:37} INFO - Inserted to db
[2023-05-09T04:57:16.861+0000] {ml_response_dag.py:35} INFO - {'value': '889', 'score': 0.72, 'ocr_score': 0.56, 'bounding_box': [0.38, 0.17, 0.28, 1.0]}
[2023-05-09T04:57:16.861+0000] {ml_response_dag.py:36} INFO - 5
[2023-05-09T04:57:16.862+0000] {ml_response_dag.py:37} INFO - Inserted to db
[2023-05-09T04:57:16.868+0000] {ml_response_dag.py:35} INFO - {'value': '292', 'score': 0.23, 'ocr_score': 0.39, 'bounding_box': [0.45, 0.93, 0.07, 0.2]}
[2023-05-09T04:57:16.868+0000] {ml_response_dag.py:36} INFO - 5
[2023-05-09T04:57:16.870+0000] {ml_response_dag.py:37} INFO - Inserted to db
[2023-05-09T04:57:16.872+0000] {ml_response_dag.py:35} INFO - {}
[2023-05-09T04:57:16.872+0000] {ml_response_dag.py:36} INFO - 6
[2023-05-09T04:57:16.873+0000] {ml_response_dag.py:37} INFO - Inserted to db
[2023-05-09T04:57:16.874+0000] {ml_response_dag.py:35} INFO - {'value': '542', 'score': 0.01, 'ocr_score': 0.03, 'bounding_box': [0.27, 0.53, 0.77, 0.97]}
[2023-05-09T04:57:16.874+0000] {ml_response_dag.py:36} INFO - 7
[2023-05-09T04:57:16.875+0000] {ml_response_dag.py:37} INFO - Inserted to db
[2023-05-09T04:57:16.875+0000] {ml_response_dag.py:35} INFO - {'value': '342', 'score': 0.56, 'ocr_score': 0.14, 'bounding_box': [0.77, 0.91, 0.18, 0.2]}
[2023-05-09T04:57:16.876+0000] {ml_response_dag.py:36} INFO - 7
[2023-05-09T04:57:16.879+0000] {ml_response_dag.py:37} INFO - Inserted to db
[2023-05-09T04:57:16.883+0000] {ml_response_dag.py:35} INFO - {'value': '967', 'score': 0.78, 'ocr_score': 0.39, 'bounding_box': [0.86, 0.38, 0.41, 0.36]}
[2023-05-09T04:57:16.883+0000] {ml_response_dag.py:36} INFO - 7
[2023-05-09T04:57:16.884+0000] {ml_response_dag.py:37} INFO - Inserted to db
[2023-05-09T04:57:16.884+0000] {ml_response_dag.py:35} INFO - {'value': '100', 'score': 0.68, 'ocr_score': 0.75, 'bounding_box': [0.32, 0.6, 0.97, 0.05]}
[2023-05-09T04:57:16.885+0000] {ml_response_dag.py:36} INFO - 7
[2023-05-09T04:57:16.885+0000] {ml_response_dag.py:37} INFO - Inserted to db
[2023-05-09T04:57:16.886+0000] {ml_response_dag.py:35} INFO - {}
[2023-05-09T04:57:16.886+0000] {ml_response_dag.py:36} INFO - 7
[2023-05-09T04:57:16.892+0000] {ml_response_dag.py:37} INFO - Inserted to db
[2023-05-09T04:57:16.896+0000] {ml_response_dag.py:35} INFO - {}
[2023-05-09T04:57:16.896+0000] {ml_response_dag.py:36} INFO - 7
[2023-05-09T04:57:16.897+0000] {ml_response_dag.py:37} INFO - Inserted to db
[2023-05-09T04:57:16.898+0000] {ml_response_dag.py:35} INFO - {'value': '858', 'score': 0.94, 'ocr_score': 0.64, 'bounding_box': [0.22, 0.37, 0.17, 0.07]}
[2023-05-09T04:57:16.898+0000] {ml_response_dag.py:36} INFO - 7
[2023-05-09T04:57:16.899+0000] {ml_response_dag.py:37} INFO - Inserted to db
[2023-05-09T04:57:16.903+0000] {ml_response_dag.py:35} INFO - {}
[2023-05-09T04:57:16.904+0000] {ml_response_dag.py:36} INFO - 7
[2023-05-09T04:57:16.904+0000] {ml_response_dag.py:37} INFO - Inserted to db
[2023-05-09T04:57:16.905+0000] {ml_response_dag.py:35} INFO - {'value': '633', 'score': 0.77, 'ocr_score': 0.17, 'bounding_box': [0.44, 0.56, 0.26, 0.15]}
[2023-05-09T04:57:16.906+0000] {ml_response_dag.py:36} INFO - 7
[2023-05-09T04:57:16.907+0000] {ml_response_dag.py:37} INFO - Inserted to db
[2023-05-09T04:57:16.908+0000] {ml_response_dag.py:35} INFO - {'value': '609', 'score': 0.47, 'ocr_score': 0.56, 'bounding_box': [0.3, 0.87, 0.78, 0.92]}
[2023-05-09T04:57:16.909+0000] {ml_response_dag.py:36} INFO - 8
[2023-05-09T04:57:16.909+0000] {ml_response_dag.py:37} INFO - Inserted to db
[2023-05-09T04:57:16.909+0000] {ml_response_dag.py:35} INFO - {'value': '331', 'score': 0.49, 'ocr_score': 0.99, 'bounding_box': [0.55, 0.36, 0.08, 0.43]}
[2023-05-09T04:57:16.910+0000] {ml_response_dag.py:36} INFO - 8
[2023-05-09T04:57:16.910+0000] {ml_response_dag.py:37} INFO - Inserted to db
[2023-05-09T04:57:16.911+0000] {ml_response_dag.py:35} INFO - {'value': '142', 'score': 0.0, 'ocr_score': 0.58, 'bounding_box': [0.17, 0.36, 0.83, 0.62]}
[2023-05-09T04:57:16.911+0000] {ml_response_dag.py:36} INFO - 8
[2023-05-09T04:57:16.912+0000] {ml_response_dag.py:37} INFO - Inserted to db
[2023-05-09T04:57:16.919+0000] {ml_response_dag.py:35} INFO - {}
[2023-05-09T04:57:16.920+0000] {ml_response_dag.py:36} INFO - 8
[2023-05-09T04:57:16.921+0000] {ml_response_dag.py:37} INFO - Inserted to db
[2023-05-09T04:57:16.922+0000] {ml_response_dag.py:35} INFO - {}
[2023-05-09T04:57:16.923+0000] {ml_response_dag.py:36} INFO - 8
[2023-05-09T04:57:16.929+0000] {ml_response_dag.py:37} INFO - Inserted to db
[2023-05-09T04:57:16.930+0000] {ml_response_dag.py:35} INFO - {}
[2023-05-09T04:57:16.930+0000] {ml_response_dag.py:36} INFO - 8
[2023-05-09T04:57:16.931+0000] {ml_response_dag.py:37} INFO - Inserted to db
[2023-05-09T04:57:16.932+0000] {ml_response_dag.py:35} INFO - {'value': '826', 'score': 0.74, 'ocr_score': 0.69, 'bounding_box': [0.98, 0.11, 0.14, 0.96]}
[2023-05-09T04:57:16.937+0000] {ml_response_dag.py:36} INFO - 8
[2023-05-09T04:57:16.944+0000] {ml_response_dag.py:37} INFO - Inserted to db
[2023-05-09T04:57:16.946+0000] {ml_response_dag.py:35} INFO - {}
[2023-05-09T04:57:16.947+0000] {ml_response_dag.py:36} INFO - 8
[2023-05-09T04:57:16.950+0000] {ml_response_dag.py:37} INFO - Inserted to db
[2023-05-09T04:57:16.952+0000] {ml_response_dag.py:35} INFO - {'value': '299', 'score': 0.85, 'ocr_score': 0.04, 'bounding_box': [0.14, 0.46, 0.06, 0.65]}
[2023-05-09T04:57:16.958+0000] {ml_response_dag.py:36} INFO - 8
[2023-05-09T04:57:16.967+0000] {ml_response_dag.py:37} INFO - Inserted to db
[2023-05-09T04:57:16.971+0000] {ml_response_dag.py:35} INFO - {'value': '362', 'score': 0.62, 'ocr_score': 0.51, 'bounding_box': [0.42, 0.48, 0.21, 0.45]}
[2023-05-09T04:57:16.973+0000] {ml_response_dag.py:36} INFO - 9
[2023-05-09T04:57:16.974+0000] {ml_response_dag.py:37} INFO - Inserted to db
[2023-05-09T04:57:16.975+0000] {ml_response_dag.py:35} INFO - {'value': '288', 'score': 0.77, 'ocr_score': 0.23, 'bounding_box': [0.16, 0.03, 0.68, 0.81]}
[2023-05-09T04:57:16.976+0000] {ml_response_dag.py:36} INFO - 9
[2023-05-09T04:57:16.977+0000] {ml_response_dag.py:37} INFO - Inserted to db
[2023-05-09T04:57:16.977+0000] {ml_response_dag.py:35} INFO - {'value': '803', 'score': 0.03, 'ocr_score': 0.42, 'bounding_box': [0.05, 0.5, 0.56, 0.95]}
[2023-05-09T04:57:16.978+0000] {ml_response_dag.py:36} INFO - 9
[2023-05-09T04:57:16.978+0000] {ml_response_dag.py:37} INFO - Inserted to db
[2023-05-09T04:57:16.979+0000] {ml_response_dag.py:35} INFO - {'value': '750', 'score': 0.85, 'ocr_score': 0.27, 'bounding_box': [0.71, 0.07, 0.54, 0.9]}
[2023-05-09T04:57:16.979+0000] {ml_response_dag.py:36} INFO - 9
[2023-05-09T04:57:16.981+0000] {ml_response_dag.py:37} INFO - Inserted to db
[2023-05-09T04:57:16.983+0000] {ml_response_dag.py:35} INFO - {'value': '148', 'score': 0.41, 'ocr_score': 0.97, 'bounding_box': [0.44, 0.51, 0.69, 0.67]}
[2023-05-09T04:57:16.984+0000] {ml_response_dag.py:36} INFO - 9
[2023-05-09T04:57:16.985+0000] {ml_response_dag.py:37} INFO - Inserted to db
[2023-05-09T04:57:16.988+0000] {ml_response_dag.py:35} INFO - {'value': '161', 'score': 0.49, 'ocr_score': 0.58, 'bounding_box': [0.51, 0.51, 0.55, 0.06]}
[2023-05-09T04:57:16.989+0000] {ml_response_dag.py:36} INFO - 9
[2023-05-09T04:57:16.989+0000] {ml_response_dag.py:37} INFO - Inserted to db
[2023-05-09T04:57:16.990+0000] {ml_response_dag.py:35} INFO - {}
[2023-05-09T04:57:16.990+0000] {ml_response_dag.py:36} INFO - 9
[2023-05-09T04:57:16.991+0000] {ml_response_dag.py:37} INFO - Inserted to db
[2023-05-09T04:57:16.991+0000] {ml_response_dag.py:35} INFO - {}
[2023-05-09T04:57:16.992+0000] {ml_response_dag.py:36} INFO - 9
[2023-05-09T04:57:16.994+0000] {ml_response_dag.py:37} INFO - Inserted to db
[2023-05-09T04:57:16.995+0000] {ml_response_dag.py:35} INFO - {}
[2023-05-09T04:57:16.996+0000] {ml_response_dag.py:36} INFO - 9
[2023-05-09T04:57:16.996+0000] {ml_response_dag.py:37} INFO - Inserted to db
[2023-05-09T04:57:16.996+0000] {ml_response_dag.py:35} INFO - {'value': '842', 'score': 0.47, 'ocr_score': 0.75, 'bounding_box': [0.16, 0.91, 0.32, 0.53]}
[2023-05-09T04:57:16.997+0000] {ml_response_dag.py:36} INFO - 10
[2023-05-09T04:57:16.998+0000] {ml_response_dag.py:37} INFO - Inserted to db
[2023-05-09T04:57:17.003+0000] {ml_response_dag.py:35} INFO - {}
[2023-05-09T04:57:17.007+0000] {ml_response_dag.py:36} INFO - 10
[2023-05-09T04:57:17.008+0000] {ml_response_dag.py:37} INFO - Inserted to db
[2023-05-09T04:57:17.012+0000] {ml_response_dag.py:35} INFO - {}
[2023-05-09T04:57:17.021+0000] {ml_response_dag.py:36} INFO - 10
[2023-05-09T04:57:17.021+0000] {ml_response_dag.py:37} INFO - Inserted to db
[2023-05-09T04:57:17.022+0000] {ml_response_dag.py:35} INFO - {'value': '458', 'score': 0.81, 'ocr_score': 0.31, 'bounding_box': [0.69, 0.54, 0.48, 0.39]}
[2023-05-09T04:57:17.024+0000] {ml_response_dag.py:36} INFO - 10
[2023-05-09T04:57:17.025+0000] {ml_response_dag.py:37} INFO - Inserted to db
[2023-05-09T04:57:17.027+0000] {ml_response_dag.py:35} INFO - {'value': '776', 'score': 0.77, 'ocr_score': 0.34, 'bounding_box': [0.76, 0.85, 0.56, 0.82]}
[2023-05-09T04:57:17.037+0000] {ml_response_dag.py:36} INFO - 10
[2023-05-09T04:57:17.038+0000] {ml_response_dag.py:37} INFO - Inserted to db
[2023-05-09T04:57:17.039+0000] {ml_response_dag.py:35} INFO - {}
[2023-05-09T04:57:17.039+0000] {ml_response_dag.py:36} INFO - 10
[2023-05-09T04:57:17.039+0000] {ml_response_dag.py:37} INFO - Inserted to db
[2023-05-09T04:57:17.040+0000] {ml_response_dag.py:35} INFO - {'value': '51', 'score': 0.76, 'ocr_score': 0.29, 'bounding_box': [0.79, 0.88, 0.43, 0.21]}
[2023-05-09T04:57:17.044+0000] {ml_response_dag.py:36} INFO - 10
[2023-05-09T04:57:17.044+0000] {ml_response_dag.py:37} INFO - Inserted to db
[2023-05-09T04:57:17.052+0000] {ml_response_dag.py:35} INFO - {'value': '843', 'score': 0.05, 'ocr_score': 0.96, 'bounding_box': [0.84, 0.04, 0.6, 0.52]}
[2023-05-09T04:57:17.052+0000] {ml_response_dag.py:36} INFO - 10
[2023-05-09T04:57:17.053+0000] {ml_response_dag.py:37} INFO - Inserted to db
[2023-05-09T04:57:17.053+0000] {ml_response_dag.py:35} INFO - {'value': '517', 'score': 0.75, 'ocr_score': 0.74, 'bounding_box': [0.65, 0.92, 0.1, 0.59]}
[2023-05-09T04:57:17.054+0000] {ml_response_dag.py:36} INFO - 10
[2023-05-09T04:57:17.054+0000] {ml_response_dag.py:37} INFO - Inserted to db
[2023-05-09T04:57:17.055+0000] {ml_response_dag.py:35} INFO - {}
[2023-05-09T04:57:17.056+0000] {ml_response_dag.py:36} INFO - 11
[2023-05-09T04:57:17.057+0000] {ml_response_dag.py:37} INFO - Inserted to db
[2023-05-09T04:57:17.058+0000] {ml_response_dag.py:35} INFO - {}
[2023-05-09T04:57:17.059+0000] {ml_response_dag.py:36} INFO - 11
[2023-05-09T04:57:17.059+0000] {ml_response_dag.py:37} INFO - Inserted to db
[2023-05-09T04:57:17.060+0000] {ml_response_dag.py:35} INFO - {'value': '288', 'score': 0.6, 'ocr_score': 0.29, 'bounding_box': [0.96, 0.39, 0.81, 0.96]}
[2023-05-09T04:57:17.060+0000] {ml_response_dag.py:36} INFO - 11
[2023-05-09T04:57:17.061+0000] {ml_response_dag.py:37} INFO - Inserted to db
[2023-05-09T04:57:17.062+0000] {ml_response_dag.py:35} INFO - {'value': '878', 'score': 0.44, 'ocr_score': 0.56, 'bounding_box': [0.46, 0.03, 0.06, 0.3]}
[2023-05-09T04:57:17.062+0000] {ml_response_dag.py:36} INFO - 11
[2023-05-09T04:57:17.063+0000] {ml_response_dag.py:37} INFO - Inserted to db
[2023-05-09T04:57:17.065+0000] {ml_response_dag.py:35} INFO - {}
[2023-05-09T04:57:17.069+0000] {ml_response_dag.py:36} INFO - 11
[2023-05-09T04:57:17.070+0000] {ml_response_dag.py:37} INFO - Inserted to db
[2023-05-09T04:57:17.071+0000] {ml_response_dag.py:35} INFO - {}
[2023-05-09T04:57:17.072+0000] {ml_response_dag.py:36} INFO - 11
[2023-05-09T04:57:17.075+0000] {ml_response_dag.py:37} INFO - Inserted to db
[2023-05-09T04:57:17.085+0000] {ml_response_dag.py:35} INFO - {}
[2023-05-09T04:57:17.086+0000] {ml_response_dag.py:36} INFO - 11
[2023-05-09T04:57:17.086+0000] {ml_response_dag.py:37} INFO - Inserted to db
[2023-05-09T04:57:17.092+0000] {ml_response_dag.py:35} INFO - {'value': '650', 'score': 0.79, 'ocr_score': 0.64, 'bounding_box': [0.13, 0.78, 0.29, 0.37]}
[2023-05-09T04:57:17.092+0000] {ml_response_dag.py:36} INFO - 11
[2023-05-09T04:57:17.093+0000] {ml_response_dag.py:37} INFO - Inserted to db
[2023-05-09T04:57:17.093+0000] {ml_response_dag.py:35} INFO - {}
[2023-05-09T04:57:17.094+0000] {ml_response_dag.py:36} INFO - 11
[2023-05-09T04:57:17.094+0000] {ml_response_dag.py:37} INFO - Inserted to db
[2023-05-09T04:57:17.096+0000] {ml_response_dag.py:35} INFO - {'value': '643', 'score': 0.23, 'ocr_score': 0.72, 'bounding_box': [0.01, 0.39, 0.58, 0.53]}
[2023-05-09T04:57:17.098+0000] {ml_response_dag.py:36} INFO - 12
[2023-05-09T04:57:17.099+0000] {ml_response_dag.py:37} INFO - Inserted to db
[2023-05-09T04:57:17.101+0000] {ml_response_dag.py:35} INFO - {}
[2023-05-09T04:57:17.102+0000] {ml_response_dag.py:36} INFO - 13
[2023-05-09T04:57:17.103+0000] {ml_response_dag.py:37} INFO - Inserted to db
[2023-05-09T04:57:17.104+0000] {ml_response_dag.py:35} INFO - {}
[2023-05-09T04:57:17.105+0000] {ml_response_dag.py:36} INFO - 14
[2023-05-09T04:57:17.105+0000] {ml_response_dag.py:37} INFO - Inserted to db
[2023-05-09T04:57:17.106+0000] {ml_response_dag.py:35} INFO - {'value': '141', 'score': 0.27, 'ocr_score': 0.93, 'bounding_box': [0.24, 0.73, 0.11, 0.89]}
[2023-05-09T04:57:17.106+0000] {ml_response_dag.py:36} INFO - 15
[2023-05-09T04:57:17.107+0000] {ml_response_dag.py:37} INFO - Inserted to db
[2023-05-09T04:57:17.108+0000] {ml_response_dag.py:35} INFO - {'value': '59', 'score': 0.45, 'ocr_score': 0.57, 'bounding_box': [0.45, 0.64, 0.68, 0.17]}
[2023-05-09T04:57:17.109+0000] {ml_response_dag.py:36} INFO - 15
[2023-05-09T04:57:17.109+0000] {ml_response_dag.py:37} INFO - Inserted to db
[2023-05-09T04:57:17.114+0000] {ml_response_dag.py:35} INFO - {'value': '333', 'score': 0.34, 'ocr_score': 0.85, 'bounding_box': [0.81, 0.57, 0.99, 0.77]}
[2023-05-09T04:57:17.114+0000] {ml_response_dag.py:36} INFO - 15
[2023-05-09T04:57:17.115+0000] {ml_response_dag.py:37} INFO - Inserted to db
[2023-05-09T04:57:17.115+0000] {ml_response_dag.py:35} INFO - {'value': '257', 'score': 0.11, 'ocr_score': 0.43, 'bounding_box': [0.37, 0.55, 0.53, 0.66]}
[2023-05-09T04:57:17.116+0000] {ml_response_dag.py:36} INFO - 15
[2023-05-09T04:57:17.116+0000] {ml_response_dag.py:37} INFO - Inserted to db
[2023-05-09T04:57:17.117+0000] {ml_response_dag.py:35} INFO - {'value': '190', 'score': 0.21, 'ocr_score': 0.83, 'bounding_box': [0.88, 0.83, 0.57, 0.11]}
[2023-05-09T04:57:17.117+0000] {ml_response_dag.py:36} INFO - 15
[2023-05-09T04:57:17.118+0000] {ml_response_dag.py:37} INFO - Inserted to db
[2023-05-09T04:57:17.119+0000] {ml_response_dag.py:35} INFO - {}
[2023-05-09T04:57:17.120+0000] {ml_response_dag.py:36} INFO - 15
[2023-05-09T04:57:17.121+0000] {ml_response_dag.py:37} INFO - Inserted to db
[2023-05-09T04:57:17.126+0000] {ml_response_dag.py:35} INFO - {}
[2023-05-09T04:57:17.128+0000] {ml_response_dag.py:36} INFO - 15
[2023-05-09T04:57:17.130+0000] {ml_response_dag.py:37} INFO - Inserted to db
[2023-05-09T04:57:17.130+0000] {ml_response_dag.py:35} INFO - {}
[2023-05-09T04:57:17.131+0000] {ml_response_dag.py:36} INFO - 15
[2023-05-09T04:57:17.134+0000] {ml_response_dag.py:37} INFO - Inserted to db
[2023-05-09T04:57:17.135+0000] {ml_response_dag.py:35} INFO - {'value': '475', 'score': 0.57, 'ocr_score': 0.49, 'bounding_box': [0.4, 0.3, 0.99, 0.32]}
[2023-05-09T04:57:17.135+0000] {ml_response_dag.py:36} INFO - 15
[2023-05-09T04:57:17.136+0000] {ml_response_dag.py:37} INFO - Inserted to db
[2023-05-09T04:57:17.141+0000] {ml_response_dag.py:35} INFO - {'value': '745', 'score': 0.84, 'ocr_score': 0.82, 'bounding_box': [0.84, 0.57, 0.94, 0.44]}
[2023-05-09T04:57:17.141+0000] {ml_response_dag.py:36} INFO - 16
[2023-05-09T04:57:17.143+0000] {ml_response_dag.py:37} INFO - Inserted to db
[2023-05-09T04:57:17.154+0000] {python.py:183} INFO - Done. Returned value was: None
[2023-05-09T04:57:17.209+0000] {taskinstance.py:1373} INFO - Marking task as SUCCESS. dag_id=veryfi_extract_total, task_id=extract_and_load, execution_date=20230508T064000, start_date=20230509T045716, end_date=20230509T045717
[2023-05-09T04:57:17.495+0000] {local_task_job_runner.py:232} INFO - Task exited with return code 0
[2023-05-09T04:57:17.738+0000] {taskinstance.py:2674} INFO - 0 downstream tasks scheduled from follow-on schedule check
