[2023-05-09T04:57:17.365+0000] {taskinstance.py:1125} INFO - Dependencies all met for dep_context=non-requeueable deps ti=<TaskInstance: veryfi_extract_total.extract_and_load scheduled__2023-05-08T07:20:00+00:00 [queued]>
[2023-05-09T04:57:17.460+0000] {taskinstance.py:1125} INFO - Dependencies all met for dep_context=requeueable deps ti=<TaskInstance: veryfi_extract_total.extract_and_load scheduled__2023-05-08T07:20:00+00:00 [queued]>
[2023-05-09T04:57:17.476+0000] {taskinstance.py:1331} INFO - Starting attempt 1 of 2
[2023-05-09T04:57:17.801+0000] {taskinstance.py:1350} INFO - Executing <Task(PythonOperator): extract_and_load> on 2023-05-08 07:20:00+00:00
[2023-05-09T04:57:17.876+0000] {standard_task_runner.py:57} INFO - Started process 1631 to run task
[2023-05-09T04:57:17.888+0000] {standard_task_runner.py:84} INFO - Running: ['***', 'tasks', 'run', 'veryfi_extract_total', 'extract_and_load', 'scheduled__2023-05-08T07:20:00+00:00', '--job-id', '436', '--raw', '--subdir', 'DAGS_FOLDER/ml_response_dag.py', '--cfg-path', '/tmp/tmpdiiww4vb']
[2023-05-09T04:57:17.891+0000] {standard_task_runner.py:85} INFO - Job 436: Subtask extract_and_load
[2023-05-09T04:57:18.244+0000] {task_command.py:410} INFO - Running <TaskInstance: veryfi_extract_total.extract_and_load scheduled__2023-05-08T07:20:00+00:00 [running]> on host aa4b7d3de44b
[2023-05-09T04:57:18.640+0000] {taskinstance.py:1570} INFO - Exporting env vars: AIRFLOW_CTX_DAG_OWNER='***' AIRFLOW_CTX_DAG_ID='veryfi_extract_total' AIRFLOW_CTX_TASK_ID='extract_and_load' AIRFLOW_CTX_EXECUTION_DATE='2023-05-08T07:20:00+00:00' AIRFLOW_CTX_TRY_NUMBER='1' AIRFLOW_CTX_DAG_RUN_ID='scheduled__2023-05-08T07:20:00+00:00'
[2023-05-09T04:57:18.678+0000] {ml_response_dag.py:35} INFO - {}
[2023-05-09T04:57:18.679+0000] {ml_response_dag.py:36} INFO - 1
[2023-05-09T04:57:18.679+0000] {ml_response_dag.py:37} INFO - Inserted to db
[2023-05-09T04:57:18.686+0000] {ml_response_dag.py:35} INFO - {'value': '544', 'score': 0.22, 'ocr_score': 0.81, 'bounding_box': [0.22, 0.37, 0.38, 0.52]}
[2023-05-09T04:57:18.687+0000] {ml_response_dag.py:36} INFO - 1
[2023-05-09T04:57:18.687+0000] {ml_response_dag.py:37} INFO - Inserted to db
[2023-05-09T04:57:18.692+0000] {ml_response_dag.py:35} INFO - {}
[2023-05-09T04:57:18.692+0000] {ml_response_dag.py:36} INFO - 1
[2023-05-09T04:57:18.693+0000] {ml_response_dag.py:37} INFO - Inserted to db
[2023-05-09T04:57:18.693+0000] {ml_response_dag.py:35} INFO - {}
[2023-05-09T04:57:18.694+0000] {ml_response_dag.py:36} INFO - 1
[2023-05-09T04:57:18.694+0000] {ml_response_dag.py:37} INFO - Inserted to db
[2023-05-09T04:57:18.695+0000] {ml_response_dag.py:35} INFO - {}
[2023-05-09T04:57:18.695+0000] {ml_response_dag.py:36} INFO - 1
[2023-05-09T04:57:18.696+0000] {ml_response_dag.py:37} INFO - Inserted to db
[2023-05-09T04:57:18.696+0000] {ml_response_dag.py:35} INFO - {}
[2023-05-09T04:57:18.697+0000] {ml_response_dag.py:36} INFO - 1
[2023-05-09T04:57:18.701+0000] {ml_response_dag.py:37} INFO - Inserted to db
[2023-05-09T04:57:18.702+0000] {ml_response_dag.py:35} INFO - {'value': '660', 'score': 0.48, 'ocr_score': 0.32, 'bounding_box': [0.07, 0.82, 0.06, 0.37]}
[2023-05-09T04:57:18.702+0000] {ml_response_dag.py:36} INFO - 1
[2023-05-09T04:57:18.703+0000] {ml_response_dag.py:37} INFO - Inserted to db
[2023-05-09T04:57:18.708+0000] {ml_response_dag.py:35} INFO - {}
[2023-05-09T04:57:18.709+0000] {ml_response_dag.py:36} INFO - 1
[2023-05-09T04:57:18.712+0000] {ml_response_dag.py:37} INFO - Inserted to db
[2023-05-09T04:57:18.713+0000] {ml_response_dag.py:35} INFO - {'value': '801', 'score': 0.92, 'ocr_score': 0.28, 'bounding_box': [0.56, 0.9, 0.37, 0.79]}
[2023-05-09T04:57:18.713+0000] {ml_response_dag.py:36} INFO - 1
[2023-05-09T04:57:18.714+0000] {ml_response_dag.py:37} INFO - Inserted to db
[2023-05-09T04:57:18.715+0000] {ml_response_dag.py:35} INFO - {}
[2023-05-09T04:57:18.715+0000] {ml_response_dag.py:36} INFO - 2
[2023-05-09T04:57:18.716+0000] {ml_response_dag.py:37} INFO - Inserted to db
[2023-05-09T04:57:18.719+0000] {ml_response_dag.py:35} INFO - {}
[2023-05-09T04:57:18.719+0000] {ml_response_dag.py:36} INFO - 2
[2023-05-09T04:57:18.721+0000] {ml_response_dag.py:37} INFO - Inserted to db
[2023-05-09T04:57:18.722+0000] {ml_response_dag.py:35} INFO - {'value': '880', 'score': 0.06, 'ocr_score': 0.1, 'bounding_box': [0.76, 0.47, 0.16, 0.27]}
[2023-05-09T04:57:18.723+0000] {ml_response_dag.py:36} INFO - 2
[2023-05-09T04:57:18.723+0000] {ml_response_dag.py:37} INFO - Inserted to db
[2023-05-09T04:57:18.725+0000] {ml_response_dag.py:35} INFO - {'value': '380', 'score': 0.11, 'ocr_score': 0.36, 'bounding_box': [0.99, 0.15, 0.39, 0.03]}
[2023-05-09T04:57:18.735+0000] {ml_response_dag.py:36} INFO - 2
[2023-05-09T04:57:18.738+0000] {ml_response_dag.py:37} INFO - Inserted to db
[2023-05-09T04:57:18.760+0000] {ml_response_dag.py:35} INFO - {}
[2023-05-09T04:57:18.763+0000] {ml_response_dag.py:36} INFO - 2
[2023-05-09T04:57:18.767+0000] {ml_response_dag.py:37} INFO - Inserted to db
[2023-05-09T04:57:18.772+0000] {ml_response_dag.py:35} INFO - {'value': '770', 'score': 0.37, 'ocr_score': 0.84, 'bounding_box': [0.79, 0.15, 0.82, 0.6]}
[2023-05-09T04:57:18.776+0000] {ml_response_dag.py:36} INFO - 2
[2023-05-09T04:57:18.781+0000] {ml_response_dag.py:37} INFO - Inserted to db
[2023-05-09T04:57:18.789+0000] {ml_response_dag.py:35} INFO - {}
[2023-05-09T04:57:18.791+0000] {ml_response_dag.py:36} INFO - 2
[2023-05-09T04:57:18.795+0000] {ml_response_dag.py:37} INFO - Inserted to db
[2023-05-09T04:57:18.802+0000] {ml_response_dag.py:35} INFO - {}
[2023-05-09T04:57:18.814+0000] {ml_response_dag.py:36} INFO - 2
[2023-05-09T04:57:18.822+0000] {ml_response_dag.py:37} INFO - Inserted to db
[2023-05-09T04:57:18.829+0000] {ml_response_dag.py:35} INFO - {}
[2023-05-09T04:57:18.832+0000] {ml_response_dag.py:36} INFO - 2
[2023-05-09T04:57:18.834+0000] {ml_response_dag.py:37} INFO - Inserted to db
[2023-05-09T04:57:18.837+0000] {ml_response_dag.py:35} INFO - {}
[2023-05-09T04:57:18.838+0000] {ml_response_dag.py:36} INFO - 3
[2023-05-09T04:57:18.842+0000] {ml_response_dag.py:37} INFO - Inserted to db
[2023-05-09T04:57:18.849+0000] {ml_response_dag.py:35} INFO - {}
[2023-05-09T04:57:18.850+0000] {ml_response_dag.py:36} INFO - 4
[2023-05-09T04:57:18.852+0000] {ml_response_dag.py:37} INFO - Inserted to db
[2023-05-09T04:57:18.861+0000] {ml_response_dag.py:35} INFO - {}
[2023-05-09T04:57:18.862+0000] {ml_response_dag.py:36} INFO - 5
[2023-05-09T04:57:18.864+0000] {ml_response_dag.py:37} INFO - Inserted to db
[2023-05-09T04:57:18.866+0000] {ml_response_dag.py:35} INFO - {}
[2023-05-09T04:57:18.867+0000] {ml_response_dag.py:36} INFO - 5
[2023-05-09T04:57:18.868+0000] {ml_response_dag.py:37} INFO - Inserted to db
[2023-05-09T04:57:18.871+0000] {ml_response_dag.py:35} INFO - {'value': '418', 'score': 0.49, 'ocr_score': 0.15, 'bounding_box': [0.88, 0.92, 0.46, 0.3]}
[2023-05-09T04:57:18.872+0000] {ml_response_dag.py:36} INFO - 5
[2023-05-09T04:57:18.874+0000] {ml_response_dag.py:37} INFO - Inserted to db
[2023-05-09T04:57:18.877+0000] {ml_response_dag.py:35} INFO - {}
[2023-05-09T04:57:18.884+0000] {ml_response_dag.py:36} INFO - 5
[2023-05-09T04:57:18.886+0000] {ml_response_dag.py:37} INFO - Inserted to db
[2023-05-09T04:57:18.891+0000] {ml_response_dag.py:35} INFO - {}
[2023-05-09T04:57:18.898+0000] {ml_response_dag.py:36} INFO - 5
[2023-05-09T04:57:18.901+0000] {ml_response_dag.py:37} INFO - Inserted to db
[2023-05-09T04:57:18.908+0000] {ml_response_dag.py:35} INFO - {'value': '78', 'score': 0.03, 'ocr_score': 0.66, 'bounding_box': [0.31, 0.81, 0.43, 0.03]}
[2023-05-09T04:57:18.910+0000] {ml_response_dag.py:36} INFO - 5
[2023-05-09T04:57:18.911+0000] {ml_response_dag.py:37} INFO - Inserted to db
[2023-05-09T04:57:18.912+0000] {ml_response_dag.py:35} INFO - {}
[2023-05-09T04:57:18.913+0000] {ml_response_dag.py:36} INFO - 5
[2023-05-09T04:57:18.913+0000] {ml_response_dag.py:37} INFO - Inserted to db
[2023-05-09T04:57:18.914+0000] {ml_response_dag.py:35} INFO - {'value': '889', 'score': 0.72, 'ocr_score': 0.56, 'bounding_box': [0.38, 0.17, 0.28, 1.0]}
[2023-05-09T04:57:18.914+0000] {ml_response_dag.py:36} INFO - 5
[2023-05-09T04:57:18.915+0000] {ml_response_dag.py:37} INFO - Inserted to db
[2023-05-09T04:57:18.916+0000] {ml_response_dag.py:35} INFO - {'value': '292', 'score': 0.23, 'ocr_score': 0.39, 'bounding_box': [0.45, 0.93, 0.07, 0.2]}
[2023-05-09T04:57:18.918+0000] {ml_response_dag.py:36} INFO - 5
[2023-05-09T04:57:18.919+0000] {ml_response_dag.py:37} INFO - Inserted to db
[2023-05-09T04:57:18.922+0000] {ml_response_dag.py:35} INFO - {}
[2023-05-09T04:57:18.922+0000] {ml_response_dag.py:36} INFO - 6
[2023-05-09T04:57:18.923+0000] {ml_response_dag.py:37} INFO - Inserted to db
[2023-05-09T04:57:18.927+0000] {ml_response_dag.py:35} INFO - {'value': '542', 'score': 0.01, 'ocr_score': 0.03, 'bounding_box': [0.27, 0.53, 0.77, 0.97]}
[2023-05-09T04:57:18.932+0000] {ml_response_dag.py:36} INFO - 7
[2023-05-09T04:57:18.935+0000] {ml_response_dag.py:37} INFO - Inserted to db
[2023-05-09T04:57:18.936+0000] {ml_response_dag.py:35} INFO - {'value': '342', 'score': 0.56, 'ocr_score': 0.14, 'bounding_box': [0.77, 0.91, 0.18, 0.2]}
[2023-05-09T04:57:18.937+0000] {ml_response_dag.py:36} INFO - 7
[2023-05-09T04:57:18.939+0000] {ml_response_dag.py:37} INFO - Inserted to db
[2023-05-09T04:57:18.955+0000] {ml_response_dag.py:35} INFO - {'value': '967', 'score': 0.78, 'ocr_score': 0.39, 'bounding_box': [0.86, 0.38, 0.41, 0.36]}
[2023-05-09T04:57:18.957+0000] {ml_response_dag.py:36} INFO - 7
[2023-05-09T04:57:18.960+0000] {ml_response_dag.py:37} INFO - Inserted to db
[2023-05-09T04:57:18.973+0000] {ml_response_dag.py:35} INFO - {'value': '100', 'score': 0.68, 'ocr_score': 0.75, 'bounding_box': [0.32, 0.6, 0.97, 0.05]}
[2023-05-09T04:57:18.974+0000] {ml_response_dag.py:36} INFO - 7
[2023-05-09T04:57:18.975+0000] {ml_response_dag.py:37} INFO - Inserted to db
[2023-05-09T04:57:18.976+0000] {ml_response_dag.py:35} INFO - {}
[2023-05-09T04:57:18.977+0000] {ml_response_dag.py:36} INFO - 7
[2023-05-09T04:57:18.988+0000] {ml_response_dag.py:37} INFO - Inserted to db
[2023-05-09T04:57:19.002+0000] {ml_response_dag.py:35} INFO - {}
[2023-05-09T04:57:19.014+0000] {ml_response_dag.py:36} INFO - 7
[2023-05-09T04:57:19.022+0000] {ml_response_dag.py:37} INFO - Inserted to db
[2023-05-09T04:57:19.039+0000] {ml_response_dag.py:35} INFO - {'value': '858', 'score': 0.94, 'ocr_score': 0.64, 'bounding_box': [0.22, 0.37, 0.17, 0.07]}
[2023-05-09T04:57:19.041+0000] {ml_response_dag.py:36} INFO - 7
[2023-05-09T04:57:19.042+0000] {ml_response_dag.py:37} INFO - Inserted to db
[2023-05-09T04:57:19.050+0000] {ml_response_dag.py:35} INFO - {}
[2023-05-09T04:57:19.059+0000] {ml_response_dag.py:36} INFO - 7
[2023-05-09T04:57:19.063+0000] {ml_response_dag.py:37} INFO - Inserted to db
[2023-05-09T04:57:19.068+0000] {ml_response_dag.py:35} INFO - {'value': '633', 'score': 0.77, 'ocr_score': 0.17, 'bounding_box': [0.44, 0.56, 0.26, 0.15]}
[2023-05-09T04:57:19.069+0000] {ml_response_dag.py:36} INFO - 7
[2023-05-09T04:57:19.070+0000] {ml_response_dag.py:37} INFO - Inserted to db
[2023-05-09T04:57:19.082+0000] {ml_response_dag.py:35} INFO - {'value': '609', 'score': 0.47, 'ocr_score': 0.56, 'bounding_box': [0.3, 0.87, 0.78, 0.92]}
[2023-05-09T04:57:19.083+0000] {ml_response_dag.py:36} INFO - 8
[2023-05-09T04:57:19.084+0000] {ml_response_dag.py:37} INFO - Inserted to db
[2023-05-09T04:57:19.087+0000] {ml_response_dag.py:35} INFO - {'value': '331', 'score': 0.49, 'ocr_score': 0.99, 'bounding_box': [0.55, 0.36, 0.08, 0.43]}
[2023-05-09T04:57:19.087+0000] {ml_response_dag.py:36} INFO - 8
[2023-05-09T04:57:19.088+0000] {ml_response_dag.py:37} INFO - Inserted to db
[2023-05-09T04:57:19.101+0000] {ml_response_dag.py:35} INFO - {'value': '142', 'score': 0.0, 'ocr_score': 0.58, 'bounding_box': [0.17, 0.36, 0.83, 0.62]}
[2023-05-09T04:57:19.102+0000] {ml_response_dag.py:36} INFO - 8
[2023-05-09T04:57:19.102+0000] {ml_response_dag.py:37} INFO - Inserted to db
[2023-05-09T04:57:19.107+0000] {ml_response_dag.py:35} INFO - {}
[2023-05-09T04:57:19.107+0000] {ml_response_dag.py:36} INFO - 8
[2023-05-09T04:57:19.108+0000] {ml_response_dag.py:37} INFO - Inserted to db
[2023-05-09T04:57:19.114+0000] {ml_response_dag.py:35} INFO - {}
[2023-05-09T04:57:19.120+0000] {ml_response_dag.py:36} INFO - 8
[2023-05-09T04:57:19.121+0000] {ml_response_dag.py:37} INFO - Inserted to db
[2023-05-09T04:57:19.135+0000] {ml_response_dag.py:35} INFO - {}
[2023-05-09T04:57:19.144+0000] {ml_response_dag.py:36} INFO - 8
[2023-05-09T04:57:19.145+0000] {ml_response_dag.py:37} INFO - Inserted to db
[2023-05-09T04:57:19.147+0000] {ml_response_dag.py:35} INFO - {'value': '826', 'score': 0.74, 'ocr_score': 0.69, 'bounding_box': [0.98, 0.11, 0.14, 0.96]}
[2023-05-09T04:57:19.148+0000] {ml_response_dag.py:36} INFO - 8
[2023-05-09T04:57:19.150+0000] {ml_response_dag.py:37} INFO - Inserted to db
[2023-05-09T04:57:19.162+0000] {ml_response_dag.py:35} INFO - {}
[2023-05-09T04:57:19.170+0000] {ml_response_dag.py:36} INFO - 8
[2023-05-09T04:57:19.170+0000] {ml_response_dag.py:37} INFO - Inserted to db
[2023-05-09T04:57:19.176+0000] {ml_response_dag.py:35} INFO - {'value': '299', 'score': 0.85, 'ocr_score': 0.04, 'bounding_box': [0.14, 0.46, 0.06, 0.65]}
[2023-05-09T04:57:19.176+0000] {ml_response_dag.py:36} INFO - 8
[2023-05-09T04:57:19.177+0000] {ml_response_dag.py:37} INFO - Inserted to db
[2023-05-09T04:57:19.185+0000] {ml_response_dag.py:35} INFO - {'value': '362', 'score': 0.62, 'ocr_score': 0.51, 'bounding_box': [0.42, 0.48, 0.21, 0.45]}
[2023-05-09T04:57:19.185+0000] {ml_response_dag.py:36} INFO - 9
[2023-05-09T04:57:19.193+0000] {ml_response_dag.py:37} INFO - Inserted to db
[2023-05-09T04:57:19.210+0000] {ml_response_dag.py:35} INFO - {'value': '288', 'score': 0.77, 'ocr_score': 0.23, 'bounding_box': [0.16, 0.03, 0.68, 0.81]}
[2023-05-09T04:57:19.230+0000] {ml_response_dag.py:36} INFO - 9
[2023-05-09T04:57:19.240+0000] {ml_response_dag.py:37} INFO - Inserted to db
[2023-05-09T04:57:19.243+0000] {ml_response_dag.py:35} INFO - {'value': '803', 'score': 0.03, 'ocr_score': 0.42, 'bounding_box': [0.05, 0.5, 0.56, 0.95]}
[2023-05-09T04:57:19.245+0000] {ml_response_dag.py:36} INFO - 9
[2023-05-09T04:57:19.246+0000] {ml_response_dag.py:37} INFO - Inserted to db
[2023-05-09T04:57:19.251+0000] {ml_response_dag.py:35} INFO - {'value': '750', 'score': 0.85, 'ocr_score': 0.27, 'bounding_box': [0.71, 0.07, 0.54, 0.9]}
[2023-05-09T04:57:19.252+0000] {ml_response_dag.py:36} INFO - 9
[2023-05-09T04:57:19.252+0000] {ml_response_dag.py:37} INFO - Inserted to db
[2023-05-09T04:57:19.257+0000] {ml_response_dag.py:35} INFO - {'value': '148', 'score': 0.41, 'ocr_score': 0.97, 'bounding_box': [0.44, 0.51, 0.69, 0.67]}
[2023-05-09T04:57:19.259+0000] {ml_response_dag.py:36} INFO - 9
[2023-05-09T04:57:19.260+0000] {ml_response_dag.py:37} INFO - Inserted to db
[2023-05-09T04:57:19.263+0000] {ml_response_dag.py:35} INFO - {'value': '161', 'score': 0.49, 'ocr_score': 0.58, 'bounding_box': [0.51, 0.51, 0.55, 0.06]}
[2023-05-09T04:57:19.265+0000] {ml_response_dag.py:36} INFO - 9
[2023-05-09T04:57:19.268+0000] {ml_response_dag.py:37} INFO - Inserted to db
[2023-05-09T04:57:19.271+0000] {ml_response_dag.py:35} INFO - {}
[2023-05-09T04:57:19.274+0000] {ml_response_dag.py:36} INFO - 9
[2023-05-09T04:57:19.275+0000] {ml_response_dag.py:37} INFO - Inserted to db
[2023-05-09T04:57:19.276+0000] {ml_response_dag.py:35} INFO - {}
[2023-05-09T04:57:19.277+0000] {ml_response_dag.py:36} INFO - 9
[2023-05-09T04:57:19.280+0000] {ml_response_dag.py:37} INFO - Inserted to db
[2023-05-09T04:57:19.281+0000] {ml_response_dag.py:35} INFO - {}
[2023-05-09T04:57:19.281+0000] {ml_response_dag.py:36} INFO - 9
[2023-05-09T04:57:19.282+0000] {ml_response_dag.py:37} INFO - Inserted to db
[2023-05-09T04:57:19.283+0000] {ml_response_dag.py:35} INFO - {'value': '842', 'score': 0.47, 'ocr_score': 0.75, 'bounding_box': [0.16, 0.91, 0.32, 0.53]}
[2023-05-09T04:57:19.283+0000] {ml_response_dag.py:36} INFO - 10
[2023-05-09T04:57:19.284+0000] {ml_response_dag.py:37} INFO - Inserted to db
[2023-05-09T04:57:19.286+0000] {ml_response_dag.py:35} INFO - {}
[2023-05-09T04:57:19.287+0000] {ml_response_dag.py:36} INFO - 10
[2023-05-09T04:57:19.288+0000] {ml_response_dag.py:37} INFO - Inserted to db
[2023-05-09T04:57:19.288+0000] {ml_response_dag.py:35} INFO - {}
[2023-05-09T04:57:19.291+0000] {ml_response_dag.py:36} INFO - 10
[2023-05-09T04:57:19.294+0000] {ml_response_dag.py:37} INFO - Inserted to db
[2023-05-09T04:57:19.301+0000] {ml_response_dag.py:35} INFO - {'value': '458', 'score': 0.81, 'ocr_score': 0.31, 'bounding_box': [0.69, 0.54, 0.48, 0.39]}
[2023-05-09T04:57:19.302+0000] {ml_response_dag.py:36} INFO - 10
[2023-05-09T04:57:19.304+0000] {ml_response_dag.py:37} INFO - Inserted to db
[2023-05-09T04:57:19.304+0000] {ml_response_dag.py:35} INFO - {'value': '776', 'score': 0.77, 'ocr_score': 0.34, 'bounding_box': [0.76, 0.85, 0.56, 0.82]}
[2023-05-09T04:57:19.305+0000] {ml_response_dag.py:36} INFO - 10
[2023-05-09T04:57:19.306+0000] {ml_response_dag.py:37} INFO - Inserted to db
[2023-05-09T04:57:19.307+0000] {ml_response_dag.py:35} INFO - {}
[2023-05-09T04:57:19.313+0000] {ml_response_dag.py:36} INFO - 10
[2023-05-09T04:57:19.316+0000] {ml_response_dag.py:37} INFO - Inserted to db
[2023-05-09T04:57:19.317+0000] {ml_response_dag.py:35} INFO - {'value': '51', 'score': 0.76, 'ocr_score': 0.29, 'bounding_box': [0.79, 0.88, 0.43, 0.21]}
[2023-05-09T04:57:19.317+0000] {ml_response_dag.py:36} INFO - 10
[2023-05-09T04:57:19.318+0000] {ml_response_dag.py:37} INFO - Inserted to db
[2023-05-09T04:57:19.320+0000] {ml_response_dag.py:35} INFO - {'value': '843', 'score': 0.05, 'ocr_score': 0.96, 'bounding_box': [0.84, 0.04, 0.6, 0.52]}
[2023-05-09T04:57:19.321+0000] {ml_response_dag.py:36} INFO - 10
[2023-05-09T04:57:19.321+0000] {ml_response_dag.py:37} INFO - Inserted to db
[2023-05-09T04:57:19.321+0000] {ml_response_dag.py:35} INFO - {'value': '517', 'score': 0.75, 'ocr_score': 0.74, 'bounding_box': [0.65, 0.92, 0.1, 0.59]}
[2023-05-09T04:57:19.322+0000] {ml_response_dag.py:36} INFO - 10
[2023-05-09T04:57:19.322+0000] {ml_response_dag.py:37} INFO - Inserted to db
[2023-05-09T04:57:19.323+0000] {ml_response_dag.py:35} INFO - {}
[2023-05-09T04:57:19.323+0000] {ml_response_dag.py:36} INFO - 11
[2023-05-09T04:57:19.324+0000] {ml_response_dag.py:37} INFO - Inserted to db
[2023-05-09T04:57:19.324+0000] {ml_response_dag.py:35} INFO - {}
[2023-05-09T04:57:19.325+0000] {ml_response_dag.py:36} INFO - 11
[2023-05-09T04:57:19.325+0000] {ml_response_dag.py:37} INFO - Inserted to db
[2023-05-09T04:57:19.326+0000] {ml_response_dag.py:35} INFO - {'value': '288', 'score': 0.6, 'ocr_score': 0.29, 'bounding_box': [0.96, 0.39, 0.81, 0.96]}
[2023-05-09T04:57:19.329+0000] {ml_response_dag.py:36} INFO - 11
[2023-05-09T04:57:19.330+0000] {ml_response_dag.py:37} INFO - Inserted to db
[2023-05-09T04:57:19.331+0000] {ml_response_dag.py:35} INFO - {'value': '878', 'score': 0.44, 'ocr_score': 0.56, 'bounding_box': [0.46, 0.03, 0.06, 0.3]}
[2023-05-09T04:57:19.332+0000] {ml_response_dag.py:36} INFO - 11
[2023-05-09T04:57:19.332+0000] {ml_response_dag.py:37} INFO - Inserted to db
[2023-05-09T04:57:19.334+0000] {ml_response_dag.py:35} INFO - {}
[2023-05-09T04:57:19.335+0000] {ml_response_dag.py:36} INFO - 11
[2023-05-09T04:57:19.337+0000] {ml_response_dag.py:37} INFO - Inserted to db
[2023-05-09T04:57:19.344+0000] {ml_response_dag.py:35} INFO - {}
[2023-05-09T04:57:19.361+0000] {ml_response_dag.py:36} INFO - 11
[2023-05-09T04:57:19.361+0000] {ml_response_dag.py:37} INFO - Inserted to db
[2023-05-09T04:57:19.363+0000] {ml_response_dag.py:35} INFO - {}
[2023-05-09T04:57:19.367+0000] {ml_response_dag.py:36} INFO - 11
[2023-05-09T04:57:19.368+0000] {ml_response_dag.py:37} INFO - Inserted to db
[2023-05-09T04:57:19.369+0000] {ml_response_dag.py:35} INFO - {'value': '650', 'score': 0.79, 'ocr_score': 0.64, 'bounding_box': [0.13, 0.78, 0.29, 0.37]}
[2023-05-09T04:57:19.373+0000] {ml_response_dag.py:36} INFO - 11
[2023-05-09T04:57:19.374+0000] {ml_response_dag.py:37} INFO - Inserted to db
[2023-05-09T04:57:19.379+0000] {ml_response_dag.py:35} INFO - {}
[2023-05-09T04:57:19.381+0000] {ml_response_dag.py:36} INFO - 11
[2023-05-09T04:57:19.382+0000] {ml_response_dag.py:37} INFO - Inserted to db
[2023-05-09T04:57:19.382+0000] {ml_response_dag.py:35} INFO - {'value': '643', 'score': 0.23, 'ocr_score': 0.72, 'bounding_box': [0.01, 0.39, 0.58, 0.53]}
[2023-05-09T04:57:19.383+0000] {ml_response_dag.py:36} INFO - 12
[2023-05-09T04:57:19.384+0000] {ml_response_dag.py:37} INFO - Inserted to db
[2023-05-09T04:57:19.386+0000] {ml_response_dag.py:35} INFO - {}
[2023-05-09T04:57:19.387+0000] {ml_response_dag.py:36} INFO - 13
[2023-05-09T04:57:19.389+0000] {ml_response_dag.py:37} INFO - Inserted to db
[2023-05-09T04:57:19.391+0000] {ml_response_dag.py:35} INFO - {}
[2023-05-09T04:57:19.391+0000] {ml_response_dag.py:36} INFO - 14
[2023-05-09T04:57:19.392+0000] {ml_response_dag.py:37} INFO - Inserted to db
[2023-05-09T04:57:19.393+0000] {ml_response_dag.py:35} INFO - {'value': '141', 'score': 0.27, 'ocr_score': 0.93, 'bounding_box': [0.24, 0.73, 0.11, 0.89]}
[2023-05-09T04:57:19.394+0000] {ml_response_dag.py:36} INFO - 15
[2023-05-09T04:57:19.394+0000] {ml_response_dag.py:37} INFO - Inserted to db
[2023-05-09T04:57:19.395+0000] {ml_response_dag.py:35} INFO - {'value': '59', 'score': 0.45, 'ocr_score': 0.57, 'bounding_box': [0.45, 0.64, 0.68, 0.17]}
[2023-05-09T04:57:19.395+0000] {ml_response_dag.py:36} INFO - 15
[2023-05-09T04:57:19.396+0000] {ml_response_dag.py:37} INFO - Inserted to db
[2023-05-09T04:57:19.399+0000] {ml_response_dag.py:35} INFO - {'value': '333', 'score': 0.34, 'ocr_score': 0.85, 'bounding_box': [0.81, 0.57, 0.99, 0.77]}
[2023-05-09T04:57:19.402+0000] {ml_response_dag.py:36} INFO - 15
[2023-05-09T04:57:19.403+0000] {ml_response_dag.py:37} INFO - Inserted to db
[2023-05-09T04:57:19.404+0000] {ml_response_dag.py:35} INFO - {'value': '257', 'score': 0.11, 'ocr_score': 0.43, 'bounding_box': [0.37, 0.55, 0.53, 0.66]}
[2023-05-09T04:57:19.405+0000] {ml_response_dag.py:36} INFO - 15
[2023-05-09T04:57:19.405+0000] {ml_response_dag.py:37} INFO - Inserted to db
[2023-05-09T04:57:19.406+0000] {ml_response_dag.py:35} INFO - {'value': '190', 'score': 0.21, 'ocr_score': 0.83, 'bounding_box': [0.88, 0.83, 0.57, 0.11]}
[2023-05-09T04:57:19.407+0000] {ml_response_dag.py:36} INFO - 15
[2023-05-09T04:57:19.407+0000] {ml_response_dag.py:37} INFO - Inserted to db
[2023-05-09T04:57:19.408+0000] {ml_response_dag.py:35} INFO - {}
[2023-05-09T04:57:19.409+0000] {ml_response_dag.py:36} INFO - 15
[2023-05-09T04:57:19.409+0000] {ml_response_dag.py:37} INFO - Inserted to db
[2023-05-09T04:57:19.412+0000] {ml_response_dag.py:35} INFO - {}
[2023-05-09T04:57:19.413+0000] {ml_response_dag.py:36} INFO - 15
[2023-05-09T04:57:19.413+0000] {ml_response_dag.py:37} INFO - Inserted to db
[2023-05-09T04:57:19.416+0000] {ml_response_dag.py:35} INFO - {}
[2023-05-09T04:57:19.416+0000] {ml_response_dag.py:36} INFO - 15
[2023-05-09T04:57:19.417+0000] {ml_response_dag.py:37} INFO - Inserted to db
[2023-05-09T04:57:19.418+0000] {ml_response_dag.py:35} INFO - {'value': '475', 'score': 0.57, 'ocr_score': 0.49, 'bounding_box': [0.4, 0.3, 0.99, 0.32]}
[2023-05-09T04:57:19.418+0000] {ml_response_dag.py:36} INFO - 15
[2023-05-09T04:57:19.419+0000] {ml_response_dag.py:37} INFO - Inserted to db
[2023-05-09T04:57:19.421+0000] {ml_response_dag.py:35} INFO - {'value': '745', 'score': 0.84, 'ocr_score': 0.82, 'bounding_box': [0.84, 0.57, 0.94, 0.44]}
[2023-05-09T04:57:19.422+0000] {ml_response_dag.py:36} INFO - 16
[2023-05-09T04:57:19.423+0000] {ml_response_dag.py:37} INFO - Inserted to db
[2023-05-09T04:57:19.426+0000] {python.py:183} INFO - Done. Returned value was: None
[2023-05-09T04:57:19.494+0000] {taskinstance.py:1373} INFO - Marking task as SUCCESS. dag_id=veryfi_extract_total, task_id=extract_and_load, execution_date=20230508T072000, start_date=20230509T045717, end_date=20230509T045719
[2023-05-09T04:57:19.551+0000] {local_task_job_runner.py:232} INFO - Task exited with return code 0
[2023-05-09T04:57:19.626+0000] {taskinstance.py:2674} INFO - 0 downstream tasks scheduled from follow-on schedule check
