[2023-05-09T04:49:31.508+0000] {taskinstance.py:1125} INFO - Dependencies all met for dep_context=non-requeueable deps ti=<TaskInstance: veryfi_extract_total.extract_and_load scheduled__2023-05-09T02:12:00+00:00 [queued]>
[2023-05-09T04:49:31.546+0000] {taskinstance.py:1125} INFO - Dependencies all met for dep_context=requeueable deps ti=<TaskInstance: veryfi_extract_total.extract_and_load scheduled__2023-05-09T02:12:00+00:00 [queued]>
[2023-05-09T04:49:31.563+0000] {taskinstance.py:1331} INFO - Starting attempt 1 of 2
[2023-05-09T04:49:31.591+0000] {taskinstance.py:1350} INFO - Executing <Task(PythonOperator): extract_and_load> on 2023-05-09 02:12:00+00:00
[2023-05-09T04:49:31.596+0000] {standard_task_runner.py:57} INFO - Started process 1369 to run task
[2023-05-09T04:49:31.601+0000] {standard_task_runner.py:84} INFO - Running: ['***', 'tasks', 'run', 'veryfi_extract_total', 'extract_and_load', 'scheduled__2023-05-09T02:12:00+00:00', '--job-id', '373', '--raw', '--subdir', 'DAGS_FOLDER/ml_response_dag.py', '--cfg-path', '/tmp/tmp5koxywkw']
[2023-05-09T04:49:31.602+0000] {standard_task_runner.py:85} INFO - Job 373: Subtask extract_and_load
[2023-05-09T04:49:31.793+0000] {task_command.py:410} INFO - Running <TaskInstance: veryfi_extract_total.extract_and_load scheduled__2023-05-09T02:12:00+00:00 [running]> on host aa4b7d3de44b
[2023-05-09T04:49:32.210+0000] {taskinstance.py:1570} INFO - Exporting env vars: AIRFLOW_CTX_DAG_OWNER='***' AIRFLOW_CTX_DAG_ID='veryfi_extract_total' AIRFLOW_CTX_TASK_ID='extract_and_load' AIRFLOW_CTX_EXECUTION_DATE='2023-05-09T02:12:00+00:00' AIRFLOW_CTX_TRY_NUMBER='1' AIRFLOW_CTX_DAG_RUN_ID='scheduled__2023-05-09T02:12:00+00:00'
[2023-05-09T04:49:32.229+0000] {ml_response_dag.py:36} INFO - {}
[2023-05-09T04:49:32.230+0000] {ml_response_dag.py:37} INFO - 1
[2023-05-09T04:49:32.234+0000] {ml_response_dag.py:36} INFO - {'value': '544', 'score': 0.22, 'ocr_score': 0.81, 'bounding_box': [0.22, 0.37, 0.38, 0.52]}
[2023-05-09T04:49:32.234+0000] {ml_response_dag.py:37} INFO - 1
[2023-05-09T04:49:32.239+0000] {ml_response_dag.py:36} INFO - {}
[2023-05-09T04:49:32.240+0000] {ml_response_dag.py:37} INFO - 1
[2023-05-09T04:49:32.241+0000] {ml_response_dag.py:36} INFO - {}
[2023-05-09T04:49:32.242+0000] {ml_response_dag.py:37} INFO - 1
[2023-05-09T04:49:32.242+0000] {ml_response_dag.py:36} INFO - {}
[2023-05-09T04:49:32.243+0000] {ml_response_dag.py:37} INFO - 1
[2023-05-09T04:49:32.244+0000] {ml_response_dag.py:36} INFO - {}
[2023-05-09T04:49:32.244+0000] {ml_response_dag.py:37} INFO - 1
[2023-05-09T04:49:32.245+0000] {ml_response_dag.py:36} INFO - {'value': '660', 'score': 0.48, 'ocr_score': 0.32, 'bounding_box': [0.07, 0.82, 0.06, 0.37]}
[2023-05-09T04:49:32.245+0000] {ml_response_dag.py:37} INFO - 1
[2023-05-09T04:49:32.246+0000] {ml_response_dag.py:36} INFO - {}
[2023-05-09T04:49:32.246+0000] {ml_response_dag.py:37} INFO - 1
[2023-05-09T04:49:32.247+0000] {ml_response_dag.py:36} INFO - {'value': '801', 'score': 0.92, 'ocr_score': 0.28, 'bounding_box': [0.56, 0.9, 0.37, 0.79]}
[2023-05-09T04:49:32.248+0000] {ml_response_dag.py:37} INFO - 1
[2023-05-09T04:49:32.248+0000] {ml_response_dag.py:36} INFO - {}
[2023-05-09T04:49:32.249+0000] {ml_response_dag.py:37} INFO - 2
[2023-05-09T04:49:32.249+0000] {ml_response_dag.py:36} INFO - {}
[2023-05-09T04:49:32.250+0000] {ml_response_dag.py:37} INFO - 2
[2023-05-09T04:49:32.250+0000] {ml_response_dag.py:36} INFO - {'value': '880', 'score': 0.06, 'ocr_score': 0.1, 'bounding_box': [0.76, 0.47, 0.16, 0.27]}
[2023-05-09T04:49:32.251+0000] {ml_response_dag.py:37} INFO - 2
[2023-05-09T04:49:32.251+0000] {ml_response_dag.py:36} INFO - {'value': '380', 'score': 0.11, 'ocr_score': 0.36, 'bounding_box': [0.99, 0.15, 0.39, 0.03]}
[2023-05-09T04:49:32.252+0000] {ml_response_dag.py:37} INFO - 2
[2023-05-09T04:49:32.252+0000] {ml_response_dag.py:36} INFO - {}
[2023-05-09T04:49:32.252+0000] {ml_response_dag.py:37} INFO - 2
[2023-05-09T04:49:32.253+0000] {ml_response_dag.py:36} INFO - {'value': '770', 'score': 0.37, 'ocr_score': 0.84, 'bounding_box': [0.79, 0.15, 0.82, 0.6]}
[2023-05-09T04:49:32.257+0000] {ml_response_dag.py:37} INFO - 2
[2023-05-09T04:49:32.258+0000] {ml_response_dag.py:36} INFO - {}
[2023-05-09T04:49:32.259+0000] {ml_response_dag.py:37} INFO - 2
[2023-05-09T04:49:32.259+0000] {ml_response_dag.py:36} INFO - {}
[2023-05-09T04:49:32.260+0000] {ml_response_dag.py:37} INFO - 2
[2023-05-09T04:49:32.260+0000] {ml_response_dag.py:36} INFO - {}
[2023-05-09T04:49:32.261+0000] {ml_response_dag.py:37} INFO - 2
[2023-05-09T04:49:32.261+0000] {ml_response_dag.py:36} INFO - {}
[2023-05-09T04:49:32.262+0000] {ml_response_dag.py:37} INFO - 3
[2023-05-09T04:49:32.263+0000] {ml_response_dag.py:36} INFO - {}
[2023-05-09T04:49:32.263+0000] {ml_response_dag.py:37} INFO - 4
[2023-05-09T04:49:32.265+0000] {ml_response_dag.py:36} INFO - {}
[2023-05-09T04:49:32.278+0000] {ml_response_dag.py:37} INFO - 5
[2023-05-09T04:49:32.279+0000] {ml_response_dag.py:36} INFO - {}
[2023-05-09T04:49:32.280+0000] {ml_response_dag.py:37} INFO - 5
[2023-05-09T04:49:32.281+0000] {ml_response_dag.py:36} INFO - {'value': '418', 'score': 0.49, 'ocr_score': 0.15, 'bounding_box': [0.88, 0.92, 0.46, 0.3]}
[2023-05-09T04:49:32.281+0000] {ml_response_dag.py:37} INFO - 5
[2023-05-09T04:49:32.281+0000] {ml_response_dag.py:36} INFO - {}
[2023-05-09T04:49:32.282+0000] {ml_response_dag.py:37} INFO - 5
[2023-05-09T04:49:32.283+0000] {ml_response_dag.py:36} INFO - {}
[2023-05-09T04:49:32.283+0000] {ml_response_dag.py:37} INFO - 5
[2023-05-09T04:49:32.283+0000] {ml_response_dag.py:36} INFO - {'value': '78', 'score': 0.03, 'ocr_score': 0.66, 'bounding_box': [0.31, 0.81, 0.43, 0.03]}
[2023-05-09T04:49:32.284+0000] {ml_response_dag.py:37} INFO - 5
[2023-05-09T04:49:32.287+0000] {ml_response_dag.py:36} INFO - {}
[2023-05-09T04:49:32.289+0000] {ml_response_dag.py:37} INFO - 5
[2023-05-09T04:49:32.290+0000] {ml_response_dag.py:36} INFO - {'value': '889', 'score': 0.72, 'ocr_score': 0.56, 'bounding_box': [0.38, 0.17, 0.28, 1.0]}
[2023-05-09T04:49:32.291+0000] {ml_response_dag.py:37} INFO - 5
[2023-05-09T04:49:32.291+0000] {ml_response_dag.py:36} INFO - {'value': '292', 'score': 0.23, 'ocr_score': 0.39, 'bounding_box': [0.45, 0.93, 0.07, 0.2]}
[2023-05-09T04:49:32.291+0000] {ml_response_dag.py:37} INFO - 5
[2023-05-09T04:49:32.292+0000] {ml_response_dag.py:36} INFO - {}
[2023-05-09T04:49:32.292+0000] {ml_response_dag.py:37} INFO - 6
[2023-05-09T04:49:32.295+0000] {ml_response_dag.py:36} INFO - {'value': '542', 'score': 0.01, 'ocr_score': 0.03, 'bounding_box': [0.27, 0.53, 0.77, 0.97]}
[2023-05-09T04:49:32.295+0000] {ml_response_dag.py:37} INFO - 7
[2023-05-09T04:49:32.296+0000] {ml_response_dag.py:36} INFO - {'value': '342', 'score': 0.56, 'ocr_score': 0.14, 'bounding_box': [0.77, 0.91, 0.18, 0.2]}
[2023-05-09T04:49:32.297+0000] {ml_response_dag.py:37} INFO - 7
[2023-05-09T04:49:32.297+0000] {ml_response_dag.py:36} INFO - {'value': '967', 'score': 0.78, 'ocr_score': 0.39, 'bounding_box': [0.86, 0.38, 0.41, 0.36]}
[2023-05-09T04:49:32.298+0000] {ml_response_dag.py:37} INFO - 7
[2023-05-09T04:49:32.300+0000] {ml_response_dag.py:36} INFO - {'value': '100', 'score': 0.68, 'ocr_score': 0.75, 'bounding_box': [0.32, 0.6, 0.97, 0.05]}
[2023-05-09T04:49:32.301+0000] {ml_response_dag.py:37} INFO - 7
[2023-05-09T04:49:32.301+0000] {ml_response_dag.py:36} INFO - {}
[2023-05-09T04:49:32.302+0000] {ml_response_dag.py:37} INFO - 7
[2023-05-09T04:49:32.303+0000] {ml_response_dag.py:36} INFO - {}
[2023-05-09T04:49:32.303+0000] {ml_response_dag.py:37} INFO - 7
[2023-05-09T04:49:32.306+0000] {ml_response_dag.py:36} INFO - {'value': '858', 'score': 0.94, 'ocr_score': 0.64, 'bounding_box': [0.22, 0.37, 0.17, 0.07]}
[2023-05-09T04:49:32.310+0000] {ml_response_dag.py:37} INFO - 7
[2023-05-09T04:49:32.314+0000] {ml_response_dag.py:36} INFO - {}
[2023-05-09T04:49:32.316+0000] {ml_response_dag.py:37} INFO - 7
[2023-05-09T04:49:32.317+0000] {ml_response_dag.py:36} INFO - {'value': '633', 'score': 0.77, 'ocr_score': 0.17, 'bounding_box': [0.44, 0.56, 0.26, 0.15]}
[2023-05-09T04:49:32.327+0000] {ml_response_dag.py:37} INFO - 7
[2023-05-09T04:49:32.329+0000] {ml_response_dag.py:36} INFO - {'value': '609', 'score': 0.47, 'ocr_score': 0.56, 'bounding_box': [0.3, 0.87, 0.78, 0.92]}
[2023-05-09T04:49:32.338+0000] {ml_response_dag.py:37} INFO - 8
[2023-05-09T04:49:32.340+0000] {ml_response_dag.py:36} INFO - {'value': '331', 'score': 0.49, 'ocr_score': 0.99, 'bounding_box': [0.55, 0.36, 0.08, 0.43]}
[2023-05-09T04:49:32.341+0000] {ml_response_dag.py:37} INFO - 8
[2023-05-09T04:49:32.342+0000] {ml_response_dag.py:36} INFO - {'value': '142', 'score': 0.0, 'ocr_score': 0.58, 'bounding_box': [0.17, 0.36, 0.83, 0.62]}
[2023-05-09T04:49:32.343+0000] {ml_response_dag.py:37} INFO - 8
[2023-05-09T04:49:32.343+0000] {ml_response_dag.py:36} INFO - {}
[2023-05-09T04:49:32.344+0000] {ml_response_dag.py:37} INFO - 8
[2023-05-09T04:49:32.344+0000] {ml_response_dag.py:36} INFO - {}
[2023-05-09T04:49:32.345+0000] {ml_response_dag.py:37} INFO - 8
[2023-05-09T04:49:32.346+0000] {ml_response_dag.py:36} INFO - {}
[2023-05-09T04:49:32.346+0000] {ml_response_dag.py:37} INFO - 8
[2023-05-09T04:49:32.346+0000] {ml_response_dag.py:36} INFO - {'value': '826', 'score': 0.74, 'ocr_score': 0.69, 'bounding_box': [0.98, 0.11, 0.14, 0.96]}
[2023-05-09T04:49:32.347+0000] {ml_response_dag.py:37} INFO - 8
[2023-05-09T04:49:32.348+0000] {ml_response_dag.py:36} INFO - {}
[2023-05-09T04:49:32.348+0000] {ml_response_dag.py:37} INFO - 8
[2023-05-09T04:49:32.349+0000] {ml_response_dag.py:36} INFO - {'value': '299', 'score': 0.85, 'ocr_score': 0.04, 'bounding_box': [0.14, 0.46, 0.06, 0.65]}
[2023-05-09T04:49:32.349+0000] {ml_response_dag.py:37} INFO - 8
[2023-05-09T04:49:32.350+0000] {ml_response_dag.py:36} INFO - {'value': '362', 'score': 0.62, 'ocr_score': 0.51, 'bounding_box': [0.42, 0.48, 0.21, 0.45]}
[2023-05-09T04:49:32.350+0000] {ml_response_dag.py:37} INFO - 9
[2023-05-09T04:49:32.351+0000] {ml_response_dag.py:36} INFO - {'value': '288', 'score': 0.77, 'ocr_score': 0.23, 'bounding_box': [0.16, 0.03, 0.68, 0.81]}
[2023-05-09T04:49:32.351+0000] {ml_response_dag.py:37} INFO - 9
[2023-05-09T04:49:32.352+0000] {ml_response_dag.py:36} INFO - {'value': '803', 'score': 0.03, 'ocr_score': 0.42, 'bounding_box': [0.05, 0.5, 0.56, 0.95]}
[2023-05-09T04:49:32.352+0000] {ml_response_dag.py:37} INFO - 9
[2023-05-09T04:49:32.353+0000] {ml_response_dag.py:36} INFO - {'value': '750', 'score': 0.85, 'ocr_score': 0.27, 'bounding_box': [0.71, 0.07, 0.54, 0.9]}
[2023-05-09T04:49:32.354+0000] {ml_response_dag.py:37} INFO - 9
[2023-05-09T04:49:32.355+0000] {ml_response_dag.py:36} INFO - {'value': '148', 'score': 0.41, 'ocr_score': 0.97, 'bounding_box': [0.44, 0.51, 0.69, 0.67]}
[2023-05-09T04:49:32.357+0000] {ml_response_dag.py:37} INFO - 9
[2023-05-09T04:49:32.361+0000] {ml_response_dag.py:36} INFO - {'value': '161', 'score': 0.49, 'ocr_score': 0.58, 'bounding_box': [0.51, 0.51, 0.55, 0.06]}
[2023-05-09T04:49:32.366+0000] {ml_response_dag.py:37} INFO - 9
[2023-05-09T04:49:32.386+0000] {ml_response_dag.py:36} INFO - {}
[2023-05-09T04:49:32.389+0000] {ml_response_dag.py:37} INFO - 9
[2023-05-09T04:49:32.391+0000] {ml_response_dag.py:36} INFO - {}
[2023-05-09T04:49:32.392+0000] {ml_response_dag.py:37} INFO - 9
[2023-05-09T04:49:32.394+0000] {ml_response_dag.py:36} INFO - {}
[2023-05-09T04:49:32.395+0000] {ml_response_dag.py:37} INFO - 9
[2023-05-09T04:49:32.396+0000] {ml_response_dag.py:36} INFO - {'value': '842', 'score': 0.47, 'ocr_score': 0.75, 'bounding_box': [0.16, 0.91, 0.32, 0.53]}
[2023-05-09T04:49:32.397+0000] {ml_response_dag.py:37} INFO - 10
[2023-05-09T04:49:32.400+0000] {ml_response_dag.py:36} INFO - {}
[2023-05-09T04:49:32.405+0000] {ml_response_dag.py:37} INFO - 10
[2023-05-09T04:49:32.411+0000] {ml_response_dag.py:36} INFO - {}
[2023-05-09T04:49:32.412+0000] {ml_response_dag.py:37} INFO - 10
[2023-05-09T04:49:32.415+0000] {ml_response_dag.py:36} INFO - {'value': '458', 'score': 0.81, 'ocr_score': 0.31, 'bounding_box': [0.69, 0.54, 0.48, 0.39]}
[2023-05-09T04:49:32.415+0000] {ml_response_dag.py:37} INFO - 10
[2023-05-09T04:49:32.416+0000] {ml_response_dag.py:36} INFO - {'value': '776', 'score': 0.77, 'ocr_score': 0.34, 'bounding_box': [0.76, 0.85, 0.56, 0.82]}
[2023-05-09T04:49:32.423+0000] {ml_response_dag.py:37} INFO - 10
[2023-05-09T04:49:32.428+0000] {ml_response_dag.py:36} INFO - {}
[2023-05-09T04:49:32.429+0000] {ml_response_dag.py:37} INFO - 10
[2023-05-09T04:49:32.430+0000] {ml_response_dag.py:36} INFO - {'value': '51', 'score': 0.76, 'ocr_score': 0.29, 'bounding_box': [0.79, 0.88, 0.43, 0.21]}
[2023-05-09T04:49:32.430+0000] {ml_response_dag.py:37} INFO - 10
[2023-05-09T04:49:32.431+0000] {ml_response_dag.py:36} INFO - {'value': '843', 'score': 0.05, 'ocr_score': 0.96, 'bounding_box': [0.84, 0.04, 0.6, 0.52]}
[2023-05-09T04:49:32.431+0000] {ml_response_dag.py:37} INFO - 10
[2023-05-09T04:49:32.432+0000] {ml_response_dag.py:36} INFO - {'value': '517', 'score': 0.75, 'ocr_score': 0.74, 'bounding_box': [0.65, 0.92, 0.1, 0.59]}
[2023-05-09T04:49:32.433+0000] {ml_response_dag.py:37} INFO - 10
[2023-05-09T04:49:32.433+0000] {ml_response_dag.py:36} INFO - {}
[2023-05-09T04:49:32.434+0000] {ml_response_dag.py:37} INFO - 11
[2023-05-09T04:49:32.434+0000] {ml_response_dag.py:36} INFO - {}
[2023-05-09T04:49:32.438+0000] {ml_response_dag.py:37} INFO - 11
[2023-05-09T04:49:32.440+0000] {ml_response_dag.py:36} INFO - {'value': '288', 'score': 0.6, 'ocr_score': 0.29, 'bounding_box': [0.96, 0.39, 0.81, 0.96]}
[2023-05-09T04:49:32.442+0000] {ml_response_dag.py:37} INFO - 11
[2023-05-09T04:49:32.444+0000] {ml_response_dag.py:36} INFO - {'value': '878', 'score': 0.44, 'ocr_score': 0.56, 'bounding_box': [0.46, 0.03, 0.06, 0.3]}
[2023-05-09T04:49:32.446+0000] {ml_response_dag.py:37} INFO - 11
[2023-05-09T04:49:32.447+0000] {ml_response_dag.py:36} INFO - {}
[2023-05-09T04:49:32.449+0000] {ml_response_dag.py:37} INFO - 11
[2023-05-09T04:49:32.449+0000] {ml_response_dag.py:36} INFO - {}
[2023-05-09T04:49:32.450+0000] {ml_response_dag.py:37} INFO - 11
[2023-05-09T04:49:32.450+0000] {ml_response_dag.py:36} INFO - {}
[2023-05-09T04:49:32.451+0000] {ml_response_dag.py:37} INFO - 11
[2023-05-09T04:49:32.451+0000] {ml_response_dag.py:36} INFO - {'value': '650', 'score': 0.79, 'ocr_score': 0.64, 'bounding_box': [0.13, 0.78, 0.29, 0.37]}
[2023-05-09T04:49:32.452+0000] {ml_response_dag.py:37} INFO - 11
[2023-05-09T04:49:32.452+0000] {ml_response_dag.py:36} INFO - {}
[2023-05-09T04:49:32.452+0000] {ml_response_dag.py:37} INFO - 11
[2023-05-09T04:49:32.454+0000] {ml_response_dag.py:36} INFO - {'value': '643', 'score': 0.23, 'ocr_score': 0.72, 'bounding_box': [0.01, 0.39, 0.58, 0.53]}
[2023-05-09T04:49:32.455+0000] {ml_response_dag.py:37} INFO - 12
[2023-05-09T04:49:32.456+0000] {ml_response_dag.py:36} INFO - {}
[2023-05-09T04:49:32.457+0000] {ml_response_dag.py:37} INFO - 13
[2023-05-09T04:49:32.458+0000] {ml_response_dag.py:36} INFO - {}
[2023-05-09T04:49:32.460+0000] {ml_response_dag.py:37} INFO - 14
[2023-05-09T04:49:32.465+0000] {ml_response_dag.py:36} INFO - {'value': '141', 'score': 0.27, 'ocr_score': 0.93, 'bounding_box': [0.24, 0.73, 0.11, 0.89]}
[2023-05-09T04:49:32.470+0000] {ml_response_dag.py:37} INFO - 15
[2023-05-09T04:49:32.472+0000] {ml_response_dag.py:36} INFO - {'value': '59', 'score': 0.45, 'ocr_score': 0.57, 'bounding_box': [0.45, 0.64, 0.68, 0.17]}
[2023-05-09T04:49:32.474+0000] {ml_response_dag.py:37} INFO - 15
[2023-05-09T04:49:32.477+0000] {ml_response_dag.py:36} INFO - {'value': '333', 'score': 0.34, 'ocr_score': 0.85, 'bounding_box': [0.81, 0.57, 0.99, 0.77]}
[2023-05-09T04:49:32.477+0000] {ml_response_dag.py:37} INFO - 15
[2023-05-09T04:49:32.478+0000] {ml_response_dag.py:36} INFO - {'value': '257', 'score': 0.11, 'ocr_score': 0.43, 'bounding_box': [0.37, 0.55, 0.53, 0.66]}
[2023-05-09T04:49:32.479+0000] {ml_response_dag.py:37} INFO - 15
[2023-05-09T04:49:32.480+0000] {ml_response_dag.py:36} INFO - {'value': '190', 'score': 0.21, 'ocr_score': 0.83, 'bounding_box': [0.88, 0.83, 0.57, 0.11]}
[2023-05-09T04:49:32.481+0000] {ml_response_dag.py:37} INFO - 15
[2023-05-09T04:49:32.482+0000] {ml_response_dag.py:36} INFO - {}
[2023-05-09T04:49:32.483+0000] {ml_response_dag.py:37} INFO - 15
[2023-05-09T04:49:32.483+0000] {ml_response_dag.py:36} INFO - {}
[2023-05-09T04:49:32.484+0000] {ml_response_dag.py:37} INFO - 15
[2023-05-09T04:49:32.485+0000] {ml_response_dag.py:36} INFO - {}
[2023-05-09T04:49:32.486+0000] {ml_response_dag.py:37} INFO - 15
[2023-05-09T04:49:32.487+0000] {ml_response_dag.py:36} INFO - {'value': '475', 'score': 0.57, 'ocr_score': 0.49, 'bounding_box': [0.4, 0.3, 0.99, 0.32]}
[2023-05-09T04:49:32.488+0000] {ml_response_dag.py:37} INFO - 15
[2023-05-09T04:49:32.488+0000] {ml_response_dag.py:36} INFO - {'value': '745', 'score': 0.84, 'ocr_score': 0.82, 'bounding_box': [0.84, 0.57, 0.94, 0.44]}
[2023-05-09T04:49:32.490+0000] {ml_response_dag.py:37} INFO - 16
[2023-05-09T04:49:32.491+0000] {python.py:183} INFO - Done. Returned value was: None
[2023-05-09T04:49:32.562+0000] {taskinstance.py:1373} INFO - Marking task as SUCCESS. dag_id=veryfi_extract_total, task_id=extract_and_load, execution_date=20230509T021200, start_date=20230509T044931, end_date=20230509T044932
[2023-05-09T04:49:32.678+0000] {local_task_job_runner.py:232} INFO - Task exited with return code 0
[2023-05-09T04:49:32.917+0000] {taskinstance.py:2674} INFO - 0 downstream tasks scheduled from follow-on schedule check
