[2023-05-09T04:57:04.908+0000] {taskinstance.py:1125} INFO - Dependencies all met for dep_context=non-requeueable deps ti=<TaskInstance: veryfi_extract_total.extract_and_load scheduled__2023-05-08T04:10:00+00:00 [queued]>
[2023-05-09T04:57:04.934+0000] {taskinstance.py:1125} INFO - Dependencies all met for dep_context=requeueable deps ti=<TaskInstance: veryfi_extract_total.extract_and_load scheduled__2023-05-08T04:10:00+00:00 [queued]>
[2023-05-09T04:57:04.937+0000] {taskinstance.py:1331} INFO - Starting attempt 1 of 2
[2023-05-09T04:57:04.987+0000] {taskinstance.py:1350} INFO - Executing <Task(PythonOperator): extract_and_load> on 2023-05-08 04:10:00+00:00
[2023-05-09T04:57:05.012+0000] {standard_task_runner.py:57} INFO - Started process 1583 to run task
[2023-05-09T04:57:05.054+0000] {standard_task_runner.py:84} INFO - Running: ['***', 'tasks', 'run', 'veryfi_extract_total', 'extract_and_load', 'scheduled__2023-05-08T04:10:00+00:00', '--job-id', '417', '--raw', '--subdir', 'DAGS_FOLDER/ml_response_dag.py', '--cfg-path', '/tmp/tmpwct_74dx']
[2023-05-09T04:57:05.059+0000] {standard_task_runner.py:85} INFO - Job 417: Subtask extract_and_load
[2023-05-09T04:57:05.501+0000] {task_command.py:410} INFO - Running <TaskInstance: veryfi_extract_total.extract_and_load scheduled__2023-05-08T04:10:00+00:00 [running]> on host aa4b7d3de44b
[2023-05-09T04:57:06.244+0000] {taskinstance.py:1570} INFO - Exporting env vars: AIRFLOW_CTX_DAG_OWNER='***' AIRFLOW_CTX_DAG_ID='veryfi_extract_total' AIRFLOW_CTX_TASK_ID='extract_and_load' AIRFLOW_CTX_EXECUTION_DATE='2023-05-08T04:10:00+00:00' AIRFLOW_CTX_TRY_NUMBER='1' AIRFLOW_CTX_DAG_RUN_ID='scheduled__2023-05-08T04:10:00+00:00'
[2023-05-09T04:57:06.353+0000] {ml_response_dag.py:35} INFO - {}
[2023-05-09T04:57:06.353+0000] {ml_response_dag.py:36} INFO - 1
[2023-05-09T04:57:06.354+0000] {ml_response_dag.py:37} INFO - Inserted to db
[2023-05-09T04:57:06.356+0000] {ml_response_dag.py:35} INFO - {'value': '544', 'score': 0.22, 'ocr_score': 0.81, 'bounding_box': [0.22, 0.37, 0.38, 0.52]}
[2023-05-09T04:57:06.357+0000] {ml_response_dag.py:36} INFO - 1
[2023-05-09T04:57:06.357+0000] {ml_response_dag.py:37} INFO - Inserted to db
[2023-05-09T04:57:06.358+0000] {ml_response_dag.py:35} INFO - {}
[2023-05-09T04:57:06.359+0000] {ml_response_dag.py:36} INFO - 1
[2023-05-09T04:57:06.359+0000] {ml_response_dag.py:37} INFO - Inserted to db
[2023-05-09T04:57:06.360+0000] {ml_response_dag.py:35} INFO - {}
[2023-05-09T04:57:06.361+0000] {ml_response_dag.py:36} INFO - 1
[2023-05-09T04:57:06.361+0000] {ml_response_dag.py:37} INFO - Inserted to db
[2023-05-09T04:57:06.362+0000] {ml_response_dag.py:35} INFO - {}
[2023-05-09T04:57:06.362+0000] {ml_response_dag.py:36} INFO - 1
[2023-05-09T04:57:06.363+0000] {ml_response_dag.py:37} INFO - Inserted to db
[2023-05-09T04:57:06.363+0000] {ml_response_dag.py:35} INFO - {}
[2023-05-09T04:57:06.363+0000] {ml_response_dag.py:36} INFO - 1
[2023-05-09T04:57:06.364+0000] {ml_response_dag.py:37} INFO - Inserted to db
[2023-05-09T04:57:06.365+0000] {ml_response_dag.py:35} INFO - {'value': '660', 'score': 0.48, 'ocr_score': 0.32, 'bounding_box': [0.07, 0.82, 0.06, 0.37]}
[2023-05-09T04:57:06.365+0000] {ml_response_dag.py:36} INFO - 1
[2023-05-09T04:57:06.366+0000] {ml_response_dag.py:37} INFO - Inserted to db
[2023-05-09T04:57:06.367+0000] {ml_response_dag.py:35} INFO - {}
[2023-05-09T04:57:06.368+0000] {ml_response_dag.py:36} INFO - 1
[2023-05-09T04:57:06.370+0000] {ml_response_dag.py:37} INFO - Inserted to db
[2023-05-09T04:57:06.371+0000] {ml_response_dag.py:35} INFO - {'value': '801', 'score': 0.92, 'ocr_score': 0.28, 'bounding_box': [0.56, 0.9, 0.37, 0.79]}
[2023-05-09T04:57:06.371+0000] {ml_response_dag.py:36} INFO - 1
[2023-05-09T04:57:06.372+0000] {ml_response_dag.py:37} INFO - Inserted to db
[2023-05-09T04:57:06.373+0000] {ml_response_dag.py:35} INFO - {}
[2023-05-09T04:57:06.373+0000] {ml_response_dag.py:36} INFO - 2
[2023-05-09T04:57:06.373+0000] {ml_response_dag.py:37} INFO - Inserted to db
[2023-05-09T04:57:06.374+0000] {ml_response_dag.py:35} INFO - {}
[2023-05-09T04:57:06.375+0000] {ml_response_dag.py:36} INFO - 2
[2023-05-09T04:57:06.376+0000] {ml_response_dag.py:37} INFO - Inserted to db
[2023-05-09T04:57:06.376+0000] {ml_response_dag.py:35} INFO - {'value': '880', 'score': 0.06, 'ocr_score': 0.1, 'bounding_box': [0.76, 0.47, 0.16, 0.27]}
[2023-05-09T04:57:06.377+0000] {ml_response_dag.py:36} INFO - 2
[2023-05-09T04:57:06.379+0000] {ml_response_dag.py:37} INFO - Inserted to db
[2023-05-09T04:57:06.385+0000] {ml_response_dag.py:35} INFO - {'value': '380', 'score': 0.11, 'ocr_score': 0.36, 'bounding_box': [0.99, 0.15, 0.39, 0.03]}
[2023-05-09T04:57:06.386+0000] {ml_response_dag.py:36} INFO - 2
[2023-05-09T04:57:06.389+0000] {ml_response_dag.py:37} INFO - Inserted to db
[2023-05-09T04:57:06.392+0000] {ml_response_dag.py:35} INFO - {}
[2023-05-09T04:57:06.395+0000] {ml_response_dag.py:36} INFO - 2
[2023-05-09T04:57:06.395+0000] {ml_response_dag.py:37} INFO - Inserted to db
[2023-05-09T04:57:06.397+0000] {ml_response_dag.py:35} INFO - {'value': '770', 'score': 0.37, 'ocr_score': 0.84, 'bounding_box': [0.79, 0.15, 0.82, 0.6]}
[2023-05-09T04:57:06.398+0000] {ml_response_dag.py:36} INFO - 2
[2023-05-09T04:57:06.399+0000] {ml_response_dag.py:37} INFO - Inserted to db
[2023-05-09T04:57:06.400+0000] {ml_response_dag.py:35} INFO - {}
[2023-05-09T04:57:06.400+0000] {ml_response_dag.py:36} INFO - 2
[2023-05-09T04:57:06.401+0000] {ml_response_dag.py:37} INFO - Inserted to db
[2023-05-09T04:57:06.402+0000] {ml_response_dag.py:35} INFO - {}
[2023-05-09T04:57:06.402+0000] {ml_response_dag.py:36} INFO - 2
[2023-05-09T04:57:06.403+0000] {ml_response_dag.py:37} INFO - Inserted to db
[2023-05-09T04:57:06.403+0000] {ml_response_dag.py:35} INFO - {}
[2023-05-09T04:57:06.404+0000] {ml_response_dag.py:36} INFO - 2
[2023-05-09T04:57:06.404+0000] {ml_response_dag.py:37} INFO - Inserted to db
[2023-05-09T04:57:06.405+0000] {ml_response_dag.py:35} INFO - {}
[2023-05-09T04:57:06.405+0000] {ml_response_dag.py:36} INFO - 3
[2023-05-09T04:57:06.406+0000] {ml_response_dag.py:37} INFO - Inserted to db
[2023-05-09T04:57:06.406+0000] {ml_response_dag.py:35} INFO - {}
[2023-05-09T04:57:06.406+0000] {ml_response_dag.py:36} INFO - 4
[2023-05-09T04:57:06.407+0000] {ml_response_dag.py:37} INFO - Inserted to db
[2023-05-09T04:57:06.407+0000] {ml_response_dag.py:35} INFO - {}
[2023-05-09T04:57:06.408+0000] {ml_response_dag.py:36} INFO - 5
[2023-05-09T04:57:06.408+0000] {ml_response_dag.py:37} INFO - Inserted to db
[2023-05-09T04:57:06.409+0000] {ml_response_dag.py:35} INFO - {}
[2023-05-09T04:57:06.409+0000] {ml_response_dag.py:36} INFO - 5
[2023-05-09T04:57:06.410+0000] {ml_response_dag.py:37} INFO - Inserted to db
[2023-05-09T04:57:06.414+0000] {ml_response_dag.py:35} INFO - {'value': '418', 'score': 0.49, 'ocr_score': 0.15, 'bounding_box': [0.88, 0.92, 0.46, 0.3]}
[2023-05-09T04:57:06.415+0000] {ml_response_dag.py:36} INFO - 5
[2023-05-09T04:57:06.418+0000] {ml_response_dag.py:37} INFO - Inserted to db
[2023-05-09T04:57:06.420+0000] {ml_response_dag.py:35} INFO - {}
[2023-05-09T04:57:06.421+0000] {ml_response_dag.py:36} INFO - 5
[2023-05-09T04:57:06.422+0000] {ml_response_dag.py:37} INFO - Inserted to db
[2023-05-09T04:57:06.422+0000] {ml_response_dag.py:35} INFO - {}
[2023-05-09T04:57:06.423+0000] {ml_response_dag.py:36} INFO - 5
[2023-05-09T04:57:06.424+0000] {ml_response_dag.py:37} INFO - Inserted to db
[2023-05-09T04:57:06.426+0000] {ml_response_dag.py:35} INFO - {'value': '78', 'score': 0.03, 'ocr_score': 0.66, 'bounding_box': [0.31, 0.81, 0.43, 0.03]}
[2023-05-09T04:57:06.427+0000] {ml_response_dag.py:36} INFO - 5
[2023-05-09T04:57:06.427+0000] {ml_response_dag.py:37} INFO - Inserted to db
[2023-05-09T04:57:06.430+0000] {ml_response_dag.py:35} INFO - {}
[2023-05-09T04:57:06.431+0000] {ml_response_dag.py:36} INFO - 5
[2023-05-09T04:57:06.431+0000] {ml_response_dag.py:37} INFO - Inserted to db
[2023-05-09T04:57:06.433+0000] {ml_response_dag.py:35} INFO - {'value': '889', 'score': 0.72, 'ocr_score': 0.56, 'bounding_box': [0.38, 0.17, 0.28, 1.0]}
[2023-05-09T04:57:06.434+0000] {ml_response_dag.py:36} INFO - 5
[2023-05-09T04:57:06.436+0000] {ml_response_dag.py:37} INFO - Inserted to db
[2023-05-09T04:57:06.441+0000] {ml_response_dag.py:35} INFO - {'value': '292', 'score': 0.23, 'ocr_score': 0.39, 'bounding_box': [0.45, 0.93, 0.07, 0.2]}
[2023-05-09T04:57:06.442+0000] {ml_response_dag.py:36} INFO - 5
[2023-05-09T04:57:06.443+0000] {ml_response_dag.py:37} INFO - Inserted to db
[2023-05-09T04:57:06.445+0000] {ml_response_dag.py:35} INFO - {}
[2023-05-09T04:57:06.446+0000] {ml_response_dag.py:36} INFO - 6
[2023-05-09T04:57:06.448+0000] {ml_response_dag.py:37} INFO - Inserted to db
[2023-05-09T04:57:06.450+0000] {ml_response_dag.py:35} INFO - {'value': '542', 'score': 0.01, 'ocr_score': 0.03, 'bounding_box': [0.27, 0.53, 0.77, 0.97]}
[2023-05-09T04:57:06.451+0000] {ml_response_dag.py:36} INFO - 7
[2023-05-09T04:57:06.452+0000] {ml_response_dag.py:37} INFO - Inserted to db
[2023-05-09T04:57:06.460+0000] {ml_response_dag.py:35} INFO - {'value': '342', 'score': 0.56, 'ocr_score': 0.14, 'bounding_box': [0.77, 0.91, 0.18, 0.2]}
[2023-05-09T04:57:06.460+0000] {ml_response_dag.py:36} INFO - 7
[2023-05-09T04:57:06.461+0000] {ml_response_dag.py:37} INFO - Inserted to db
[2023-05-09T04:57:06.462+0000] {ml_response_dag.py:35} INFO - {'value': '967', 'score': 0.78, 'ocr_score': 0.39, 'bounding_box': [0.86, 0.38, 0.41, 0.36]}
[2023-05-09T04:57:06.464+0000] {ml_response_dag.py:36} INFO - 7
[2023-05-09T04:57:06.465+0000] {ml_response_dag.py:37} INFO - Inserted to db
[2023-05-09T04:57:06.466+0000] {ml_response_dag.py:35} INFO - {'value': '100', 'score': 0.68, 'ocr_score': 0.75, 'bounding_box': [0.32, 0.6, 0.97, 0.05]}
[2023-05-09T04:57:06.466+0000] {ml_response_dag.py:36} INFO - 7
[2023-05-09T04:57:06.467+0000] {ml_response_dag.py:37} INFO - Inserted to db
[2023-05-09T04:57:06.467+0000] {ml_response_dag.py:35} INFO - {}
[2023-05-09T04:57:06.468+0000] {ml_response_dag.py:36} INFO - 7
[2023-05-09T04:57:06.468+0000] {ml_response_dag.py:37} INFO - Inserted to db
[2023-05-09T04:57:06.469+0000] {ml_response_dag.py:35} INFO - {}
[2023-05-09T04:57:06.469+0000] {ml_response_dag.py:36} INFO - 7
[2023-05-09T04:57:06.469+0000] {ml_response_dag.py:37} INFO - Inserted to db
[2023-05-09T04:57:06.470+0000] {ml_response_dag.py:35} INFO - {'value': '858', 'score': 0.94, 'ocr_score': 0.64, 'bounding_box': [0.22, 0.37, 0.17, 0.07]}
[2023-05-09T04:57:06.470+0000] {ml_response_dag.py:36} INFO - 7
[2023-05-09T04:57:06.471+0000] {ml_response_dag.py:37} INFO - Inserted to db
[2023-05-09T04:57:06.471+0000] {ml_response_dag.py:35} INFO - {}
[2023-05-09T04:57:06.472+0000] {ml_response_dag.py:36} INFO - 7
[2023-05-09T04:57:06.472+0000] {ml_response_dag.py:37} INFO - Inserted to db
[2023-05-09T04:57:06.473+0000] {ml_response_dag.py:35} INFO - {'value': '633', 'score': 0.77, 'ocr_score': 0.17, 'bounding_box': [0.44, 0.56, 0.26, 0.15]}
[2023-05-09T04:57:06.474+0000] {ml_response_dag.py:36} INFO - 7
[2023-05-09T04:57:06.474+0000] {ml_response_dag.py:37} INFO - Inserted to db
[2023-05-09T04:57:06.475+0000] {ml_response_dag.py:35} INFO - {'value': '609', 'score': 0.47, 'ocr_score': 0.56, 'bounding_box': [0.3, 0.87, 0.78, 0.92]}
[2023-05-09T04:57:06.476+0000] {ml_response_dag.py:36} INFO - 8
[2023-05-09T04:57:06.476+0000] {ml_response_dag.py:37} INFO - Inserted to db
[2023-05-09T04:57:06.477+0000] {ml_response_dag.py:35} INFO - {'value': '331', 'score': 0.49, 'ocr_score': 0.99, 'bounding_box': [0.55, 0.36, 0.08, 0.43]}
[2023-05-09T04:57:06.477+0000] {ml_response_dag.py:36} INFO - 8
[2023-05-09T04:57:06.478+0000] {ml_response_dag.py:37} INFO - Inserted to db
[2023-05-09T04:57:06.478+0000] {ml_response_dag.py:35} INFO - {'value': '142', 'score': 0.0, 'ocr_score': 0.58, 'bounding_box': [0.17, 0.36, 0.83, 0.62]}
[2023-05-09T04:57:06.479+0000] {ml_response_dag.py:36} INFO - 8
[2023-05-09T04:57:06.479+0000] {ml_response_dag.py:37} INFO - Inserted to db
[2023-05-09T04:57:06.480+0000] {ml_response_dag.py:35} INFO - {}
[2023-05-09T04:57:06.480+0000] {ml_response_dag.py:36} INFO - 8
[2023-05-09T04:57:06.481+0000] {ml_response_dag.py:37} INFO - Inserted to db
[2023-05-09T04:57:06.487+0000] {ml_response_dag.py:35} INFO - {}
[2023-05-09T04:57:06.492+0000] {ml_response_dag.py:36} INFO - 8
[2023-05-09T04:57:06.492+0000] {ml_response_dag.py:37} INFO - Inserted to db
[2023-05-09T04:57:06.493+0000] {ml_response_dag.py:35} INFO - {}
[2023-05-09T04:57:06.493+0000] {ml_response_dag.py:36} INFO - 8
[2023-05-09T04:57:06.494+0000] {ml_response_dag.py:37} INFO - Inserted to db
[2023-05-09T04:57:06.495+0000] {ml_response_dag.py:35} INFO - {'value': '826', 'score': 0.74, 'ocr_score': 0.69, 'bounding_box': [0.98, 0.11, 0.14, 0.96]}
[2023-05-09T04:57:06.495+0000] {ml_response_dag.py:36} INFO - 8
[2023-05-09T04:57:06.496+0000] {ml_response_dag.py:37} INFO - Inserted to db
[2023-05-09T04:57:06.496+0000] {ml_response_dag.py:35} INFO - {}
[2023-05-09T04:57:06.497+0000] {ml_response_dag.py:36} INFO - 8
[2023-05-09T04:57:06.497+0000] {ml_response_dag.py:37} INFO - Inserted to db
[2023-05-09T04:57:06.497+0000] {ml_response_dag.py:35} INFO - {'value': '299', 'score': 0.85, 'ocr_score': 0.04, 'bounding_box': [0.14, 0.46, 0.06, 0.65]}
[2023-05-09T04:57:06.498+0000] {ml_response_dag.py:36} INFO - 8
[2023-05-09T04:57:06.498+0000] {ml_response_dag.py:37} INFO - Inserted to db
[2023-05-09T04:57:06.499+0000] {ml_response_dag.py:35} INFO - {'value': '362', 'score': 0.62, 'ocr_score': 0.51, 'bounding_box': [0.42, 0.48, 0.21, 0.45]}
[2023-05-09T04:57:06.500+0000] {ml_response_dag.py:36} INFO - 9
[2023-05-09T04:57:06.500+0000] {ml_response_dag.py:37} INFO - Inserted to db
[2023-05-09T04:57:06.502+0000] {ml_response_dag.py:35} INFO - {'value': '288', 'score': 0.77, 'ocr_score': 0.23, 'bounding_box': [0.16, 0.03, 0.68, 0.81]}
[2023-05-09T04:57:06.503+0000] {ml_response_dag.py:36} INFO - 9
[2023-05-09T04:57:06.503+0000] {ml_response_dag.py:37} INFO - Inserted to db
[2023-05-09T04:57:06.504+0000] {ml_response_dag.py:35} INFO - {'value': '803', 'score': 0.03, 'ocr_score': 0.42, 'bounding_box': [0.05, 0.5, 0.56, 0.95]}
[2023-05-09T04:57:06.504+0000] {ml_response_dag.py:36} INFO - 9
[2023-05-09T04:57:06.505+0000] {ml_response_dag.py:37} INFO - Inserted to db
[2023-05-09T04:57:06.505+0000] {ml_response_dag.py:35} INFO - {'value': '750', 'score': 0.85, 'ocr_score': 0.27, 'bounding_box': [0.71, 0.07, 0.54, 0.9]}
[2023-05-09T04:57:06.506+0000] {ml_response_dag.py:36} INFO - 9
[2023-05-09T04:57:06.507+0000] {ml_response_dag.py:37} INFO - Inserted to db
[2023-05-09T04:57:06.513+0000] {ml_response_dag.py:35} INFO - {'value': '148', 'score': 0.41, 'ocr_score': 0.97, 'bounding_box': [0.44, 0.51, 0.69, 0.67]}
[2023-05-09T04:57:06.520+0000] {ml_response_dag.py:36} INFO - 9
[2023-05-09T04:57:06.533+0000] {ml_response_dag.py:37} INFO - Inserted to db
[2023-05-09T04:57:06.538+0000] {ml_response_dag.py:35} INFO - {'value': '161', 'score': 0.49, 'ocr_score': 0.58, 'bounding_box': [0.51, 0.51, 0.55, 0.06]}
[2023-05-09T04:57:06.539+0000] {ml_response_dag.py:36} INFO - 9
[2023-05-09T04:57:06.539+0000] {ml_response_dag.py:37} INFO - Inserted to db
[2023-05-09T04:57:06.540+0000] {ml_response_dag.py:35} INFO - {}
[2023-05-09T04:57:06.541+0000] {ml_response_dag.py:36} INFO - 9
[2023-05-09T04:57:06.542+0000] {ml_response_dag.py:37} INFO - Inserted to db
[2023-05-09T04:57:06.542+0000] {ml_response_dag.py:35} INFO - {}
[2023-05-09T04:57:06.544+0000] {ml_response_dag.py:36} INFO - 9
[2023-05-09T04:57:06.547+0000] {ml_response_dag.py:37} INFO - Inserted to db
[2023-05-09T04:57:06.548+0000] {ml_response_dag.py:35} INFO - {}
[2023-05-09T04:57:06.548+0000] {ml_response_dag.py:36} INFO - 9
[2023-05-09T04:57:06.552+0000] {ml_response_dag.py:37} INFO - Inserted to db
[2023-05-09T04:57:06.554+0000] {ml_response_dag.py:35} INFO - {'value': '842', 'score': 0.47, 'ocr_score': 0.75, 'bounding_box': [0.16, 0.91, 0.32, 0.53]}
[2023-05-09T04:57:06.555+0000] {ml_response_dag.py:36} INFO - 10
[2023-05-09T04:57:06.555+0000] {ml_response_dag.py:37} INFO - Inserted to db
[2023-05-09T04:57:06.555+0000] {ml_response_dag.py:35} INFO - {}
[2023-05-09T04:57:06.557+0000] {ml_response_dag.py:36} INFO - 10
[2023-05-09T04:57:06.557+0000] {ml_response_dag.py:37} INFO - Inserted to db
[2023-05-09T04:57:06.558+0000] {ml_response_dag.py:35} INFO - {}
[2023-05-09T04:57:06.563+0000] {ml_response_dag.py:36} INFO - 10
[2023-05-09T04:57:06.567+0000] {ml_response_dag.py:37} INFO - Inserted to db
[2023-05-09T04:57:06.571+0000] {ml_response_dag.py:35} INFO - {'value': '458', 'score': 0.81, 'ocr_score': 0.31, 'bounding_box': [0.69, 0.54, 0.48, 0.39]}
[2023-05-09T04:57:06.575+0000] {ml_response_dag.py:36} INFO - 10
[2023-05-09T04:57:06.575+0000] {ml_response_dag.py:37} INFO - Inserted to db
[2023-05-09T04:57:06.576+0000] {ml_response_dag.py:35} INFO - {'value': '776', 'score': 0.77, 'ocr_score': 0.34, 'bounding_box': [0.76, 0.85, 0.56, 0.82]}
[2023-05-09T04:57:06.576+0000] {ml_response_dag.py:36} INFO - 10
[2023-05-09T04:57:06.577+0000] {ml_response_dag.py:37} INFO - Inserted to db
[2023-05-09T04:57:06.578+0000] {ml_response_dag.py:35} INFO - {}
[2023-05-09T04:57:06.579+0000] {ml_response_dag.py:36} INFO - 10
[2023-05-09T04:57:06.580+0000] {ml_response_dag.py:37} INFO - Inserted to db
[2023-05-09T04:57:06.583+0000] {ml_response_dag.py:35} INFO - {'value': '51', 'score': 0.76, 'ocr_score': 0.29, 'bounding_box': [0.79, 0.88, 0.43, 0.21]}
[2023-05-09T04:57:06.585+0000] {ml_response_dag.py:36} INFO - 10
[2023-05-09T04:57:06.586+0000] {ml_response_dag.py:37} INFO - Inserted to db
[2023-05-09T04:57:06.588+0000] {ml_response_dag.py:35} INFO - {'value': '843', 'score': 0.05, 'ocr_score': 0.96, 'bounding_box': [0.84, 0.04, 0.6, 0.52]}
[2023-05-09T04:57:06.598+0000] {ml_response_dag.py:36} INFO - 10
[2023-05-09T04:57:06.616+0000] {ml_response_dag.py:37} INFO - Inserted to db
[2023-05-09T04:57:06.617+0000] {ml_response_dag.py:35} INFO - {'value': '517', 'score': 0.75, 'ocr_score': 0.74, 'bounding_box': [0.65, 0.92, 0.1, 0.59]}
[2023-05-09T04:57:06.618+0000] {ml_response_dag.py:36} INFO - 10
[2023-05-09T04:57:06.618+0000] {ml_response_dag.py:37} INFO - Inserted to db
[2023-05-09T04:57:06.619+0000] {ml_response_dag.py:35} INFO - {}
[2023-05-09T04:57:06.619+0000] {ml_response_dag.py:36} INFO - 11
[2023-05-09T04:57:06.620+0000] {ml_response_dag.py:37} INFO - Inserted to db
[2023-05-09T04:57:06.622+0000] {ml_response_dag.py:35} INFO - {}
[2023-05-09T04:57:06.623+0000] {ml_response_dag.py:36} INFO - 11
[2023-05-09T04:57:06.626+0000] {ml_response_dag.py:37} INFO - Inserted to db
[2023-05-09T04:57:06.628+0000] {ml_response_dag.py:35} INFO - {'value': '288', 'score': 0.6, 'ocr_score': 0.29, 'bounding_box': [0.96, 0.39, 0.81, 0.96]}
[2023-05-09T04:57:06.628+0000] {ml_response_dag.py:36} INFO - 11
[2023-05-09T04:57:06.628+0000] {ml_response_dag.py:37} INFO - Inserted to db
[2023-05-09T04:57:06.630+0000] {ml_response_dag.py:35} INFO - {'value': '878', 'score': 0.44, 'ocr_score': 0.56, 'bounding_box': [0.46, 0.03, 0.06, 0.3]}
[2023-05-09T04:57:06.635+0000] {ml_response_dag.py:36} INFO - 11
[2023-05-09T04:57:06.636+0000] {ml_response_dag.py:37} INFO - Inserted to db
[2023-05-09T04:57:06.636+0000] {ml_response_dag.py:35} INFO - {}
[2023-05-09T04:57:06.638+0000] {ml_response_dag.py:36} INFO - 11
[2023-05-09T04:57:06.640+0000] {ml_response_dag.py:37} INFO - Inserted to db
[2023-05-09T04:57:06.642+0000] {ml_response_dag.py:35} INFO - {}
[2023-05-09T04:57:06.642+0000] {ml_response_dag.py:36} INFO - 11
[2023-05-09T04:57:06.643+0000] {ml_response_dag.py:37} INFO - Inserted to db
[2023-05-09T04:57:06.644+0000] {ml_response_dag.py:35} INFO - {}
[2023-05-09T04:57:06.651+0000] {ml_response_dag.py:36} INFO - 11
[2023-05-09T04:57:06.651+0000] {ml_response_dag.py:37} INFO - Inserted to db
[2023-05-09T04:57:06.656+0000] {ml_response_dag.py:35} INFO - {'value': '650', 'score': 0.79, 'ocr_score': 0.64, 'bounding_box': [0.13, 0.78, 0.29, 0.37]}
[2023-05-09T04:57:06.656+0000] {ml_response_dag.py:36} INFO - 11
[2023-05-09T04:57:06.656+0000] {ml_response_dag.py:37} INFO - Inserted to db
[2023-05-09T04:57:06.658+0000] {ml_response_dag.py:35} INFO - {}
[2023-05-09T04:57:06.658+0000] {ml_response_dag.py:36} INFO - 11
[2023-05-09T04:57:06.658+0000] {ml_response_dag.py:37} INFO - Inserted to db
[2023-05-09T04:57:06.662+0000] {ml_response_dag.py:35} INFO - {'value': '643', 'score': 0.23, 'ocr_score': 0.72, 'bounding_box': [0.01, 0.39, 0.58, 0.53]}
[2023-05-09T04:57:06.666+0000] {ml_response_dag.py:36} INFO - 12
[2023-05-09T04:57:06.668+0000] {ml_response_dag.py:37} INFO - Inserted to db
[2023-05-09T04:57:06.677+0000] {ml_response_dag.py:35} INFO - {}
[2023-05-09T04:57:06.679+0000] {ml_response_dag.py:36} INFO - 13
[2023-05-09T04:57:06.680+0000] {ml_response_dag.py:37} INFO - Inserted to db
[2023-05-09T04:57:06.681+0000] {ml_response_dag.py:35} INFO - {}
[2023-05-09T04:57:06.688+0000] {ml_response_dag.py:36} INFO - 14
[2023-05-09T04:57:06.688+0000] {ml_response_dag.py:37} INFO - Inserted to db
[2023-05-09T04:57:06.690+0000] {ml_response_dag.py:35} INFO - {'value': '141', 'score': 0.27, 'ocr_score': 0.93, 'bounding_box': [0.24, 0.73, 0.11, 0.89]}
[2023-05-09T04:57:06.691+0000] {ml_response_dag.py:36} INFO - 15
[2023-05-09T04:57:06.691+0000] {ml_response_dag.py:37} INFO - Inserted to db
[2023-05-09T04:57:06.692+0000] {ml_response_dag.py:35} INFO - {'value': '59', 'score': 0.45, 'ocr_score': 0.57, 'bounding_box': [0.45, 0.64, 0.68, 0.17]}
[2023-05-09T04:57:06.693+0000] {ml_response_dag.py:36} INFO - 15
[2023-05-09T04:57:06.694+0000] {ml_response_dag.py:37} INFO - Inserted to db
[2023-05-09T04:57:06.704+0000] {ml_response_dag.py:35} INFO - {'value': '333', 'score': 0.34, 'ocr_score': 0.85, 'bounding_box': [0.81, 0.57, 0.99, 0.77]}
[2023-05-09T04:57:06.705+0000] {ml_response_dag.py:36} INFO - 15
[2023-05-09T04:57:06.706+0000] {ml_response_dag.py:37} INFO - Inserted to db
[2023-05-09T04:57:06.707+0000] {ml_response_dag.py:35} INFO - {'value': '257', 'score': 0.11, 'ocr_score': 0.43, 'bounding_box': [0.37, 0.55, 0.53, 0.66]}
[2023-05-09T04:57:06.708+0000] {ml_response_dag.py:36} INFO - 15
[2023-05-09T04:57:06.709+0000] {ml_response_dag.py:37} INFO - Inserted to db
[2023-05-09T04:57:06.710+0000] {ml_response_dag.py:35} INFO - {'value': '190', 'score': 0.21, 'ocr_score': 0.83, 'bounding_box': [0.88, 0.83, 0.57, 0.11]}
[2023-05-09T04:57:06.713+0000] {ml_response_dag.py:36} INFO - 15
[2023-05-09T04:57:06.714+0000] {ml_response_dag.py:37} INFO - Inserted to db
[2023-05-09T04:57:06.715+0000] {ml_response_dag.py:35} INFO - {}
[2023-05-09T04:57:06.716+0000] {ml_response_dag.py:36} INFO - 15
[2023-05-09T04:57:06.717+0000] {ml_response_dag.py:37} INFO - Inserted to db
[2023-05-09T04:57:06.718+0000] {ml_response_dag.py:35} INFO - {}
[2023-05-09T04:57:06.718+0000] {ml_response_dag.py:36} INFO - 15
[2023-05-09T04:57:06.719+0000] {ml_response_dag.py:37} INFO - Inserted to db
[2023-05-09T04:57:06.720+0000] {ml_response_dag.py:35} INFO - {}
[2023-05-09T04:57:06.720+0000] {ml_response_dag.py:36} INFO - 15
[2023-05-09T04:57:06.720+0000] {ml_response_dag.py:37} INFO - Inserted to db
[2023-05-09T04:57:06.721+0000] {ml_response_dag.py:35} INFO - {'value': '475', 'score': 0.57, 'ocr_score': 0.49, 'bounding_box': [0.4, 0.3, 0.99, 0.32]}
[2023-05-09T04:57:06.723+0000] {ml_response_dag.py:36} INFO - 15
[2023-05-09T04:57:06.723+0000] {ml_response_dag.py:37} INFO - Inserted to db
[2023-05-09T04:57:06.725+0000] {ml_response_dag.py:35} INFO - {'value': '745', 'score': 0.84, 'ocr_score': 0.82, 'bounding_box': [0.84, 0.57, 0.94, 0.44]}
[2023-05-09T04:57:06.730+0000] {ml_response_dag.py:36} INFO - 16
[2023-05-09T04:57:06.731+0000] {ml_response_dag.py:37} INFO - Inserted to db
[2023-05-09T04:57:06.736+0000] {python.py:183} INFO - Done. Returned value was: None
[2023-05-09T04:57:06.789+0000] {taskinstance.py:1373} INFO - Marking task as SUCCESS. dag_id=veryfi_extract_total, task_id=extract_and_load, execution_date=20230508T041000, start_date=20230509T045704, end_date=20230509T045706
[2023-05-09T04:57:06.883+0000] {local_task_job_runner.py:232} INFO - Task exited with return code 0
[2023-05-09T04:57:06.991+0000] {taskinstance.py:2674} INFO - 0 downstream tasks scheduled from follow-on schedule check
