[2023-05-09T04:57:56.104+0000] {taskinstance.py:1125} INFO - Dependencies all met for dep_context=non-requeueable deps ti=<TaskInstance: veryfi_extract_total.extract_and_load scheduled__2023-05-08T17:20:00+00:00 [queued]>
[2023-05-09T04:57:56.126+0000] {taskinstance.py:1125} INFO - Dependencies all met for dep_context=requeueable deps ti=<TaskInstance: veryfi_extract_total.extract_and_load scheduled__2023-05-08T17:20:00+00:00 [queued]>
[2023-05-09T04:57:56.127+0000] {taskinstance.py:1331} INFO - Starting attempt 1 of 2
[2023-05-09T04:57:56.164+0000] {taskinstance.py:1350} INFO - Executing <Task(PythonOperator): extract_and_load> on 2023-05-08 17:20:00+00:00
[2023-05-09T04:57:56.177+0000] {standard_task_runner.py:57} INFO - Started process 1755 to run task
[2023-05-09T04:57:56.201+0000] {standard_task_runner.py:84} INFO - Running: ['***', 'tasks', 'run', 'veryfi_extract_total', 'extract_and_load', 'scheduled__2023-05-08T17:20:00+00:00', '--job-id', '496', '--raw', '--subdir', 'DAGS_FOLDER/ml_response_dag.py', '--cfg-path', '/tmp/tmpvxkzh6sq']
[2023-05-09T04:57:56.203+0000] {standard_task_runner.py:85} INFO - Job 496: Subtask extract_and_load
[2023-05-09T04:57:56.406+0000] {task_command.py:410} INFO - Running <TaskInstance: veryfi_extract_total.extract_and_load scheduled__2023-05-08T17:20:00+00:00 [running]> on host aa4b7d3de44b
[2023-05-09T04:57:56.772+0000] {taskinstance.py:1570} INFO - Exporting env vars: AIRFLOW_CTX_DAG_OWNER='***' AIRFLOW_CTX_DAG_ID='veryfi_extract_total' AIRFLOW_CTX_TASK_ID='extract_and_load' AIRFLOW_CTX_EXECUTION_DATE='2023-05-08T17:20:00+00:00' AIRFLOW_CTX_TRY_NUMBER='1' AIRFLOW_CTX_DAG_RUN_ID='scheduled__2023-05-08T17:20:00+00:00'
[2023-05-09T04:57:56.811+0000] {ml_response_dag.py:35} INFO - {}
[2023-05-09T04:57:56.811+0000] {ml_response_dag.py:36} INFO - 1
[2023-05-09T04:57:56.812+0000] {ml_response_dag.py:37} INFO - Inserted to db
[2023-05-09T04:57:56.816+0000] {ml_response_dag.py:35} INFO - {'value': '544', 'score': 0.22, 'ocr_score': 0.81, 'bounding_box': [0.22, 0.37, 0.38, 0.52]}
[2023-05-09T04:57:56.817+0000] {ml_response_dag.py:36} INFO - 1
[2023-05-09T04:57:56.818+0000] {ml_response_dag.py:37} INFO - Inserted to db
[2023-05-09T04:57:56.818+0000] {ml_response_dag.py:35} INFO - {}
[2023-05-09T04:57:56.819+0000] {ml_response_dag.py:36} INFO - 1
[2023-05-09T04:57:56.819+0000] {ml_response_dag.py:37} INFO - Inserted to db
[2023-05-09T04:57:56.823+0000] {ml_response_dag.py:35} INFO - {}
[2023-05-09T04:57:56.823+0000] {ml_response_dag.py:36} INFO - 1
[2023-05-09T04:57:56.824+0000] {ml_response_dag.py:37} INFO - Inserted to db
[2023-05-09T04:57:56.825+0000] {ml_response_dag.py:35} INFO - {}
[2023-05-09T04:57:56.825+0000] {ml_response_dag.py:36} INFO - 1
[2023-05-09T04:57:56.826+0000] {ml_response_dag.py:37} INFO - Inserted to db
[2023-05-09T04:57:56.827+0000] {ml_response_dag.py:35} INFO - {}
[2023-05-09T04:57:56.827+0000] {ml_response_dag.py:36} INFO - 1
[2023-05-09T04:57:56.828+0000] {ml_response_dag.py:37} INFO - Inserted to db
[2023-05-09T04:57:56.829+0000] {ml_response_dag.py:35} INFO - {'value': '660', 'score': 0.48, 'ocr_score': 0.32, 'bounding_box': [0.07, 0.82, 0.06, 0.37]}
[2023-05-09T04:57:56.829+0000] {ml_response_dag.py:36} INFO - 1
[2023-05-09T04:57:56.830+0000] {ml_response_dag.py:37} INFO - Inserted to db
[2023-05-09T04:57:56.830+0000] {ml_response_dag.py:35} INFO - {}
[2023-05-09T04:57:56.831+0000] {ml_response_dag.py:36} INFO - 1
[2023-05-09T04:57:56.831+0000] {ml_response_dag.py:37} INFO - Inserted to db
[2023-05-09T04:57:56.834+0000] {ml_response_dag.py:35} INFO - {'value': '801', 'score': 0.92, 'ocr_score': 0.28, 'bounding_box': [0.56, 0.9, 0.37, 0.79]}
[2023-05-09T04:57:56.834+0000] {ml_response_dag.py:36} INFO - 1
[2023-05-09T04:57:56.835+0000] {ml_response_dag.py:37} INFO - Inserted to db
[2023-05-09T04:57:56.839+0000] {ml_response_dag.py:35} INFO - {}
[2023-05-09T04:57:56.840+0000] {ml_response_dag.py:36} INFO - 2
[2023-05-09T04:57:56.841+0000] {ml_response_dag.py:37} INFO - Inserted to db
[2023-05-09T04:57:56.844+0000] {ml_response_dag.py:35} INFO - {}
[2023-05-09T04:57:56.844+0000] {ml_response_dag.py:36} INFO - 2
[2023-05-09T04:57:56.845+0000] {ml_response_dag.py:37} INFO - Inserted to db
[2023-05-09T04:57:56.847+0000] {ml_response_dag.py:35} INFO - {'value': '880', 'score': 0.06, 'ocr_score': 0.1, 'bounding_box': [0.76, 0.47, 0.16, 0.27]}
[2023-05-09T04:57:56.847+0000] {ml_response_dag.py:36} INFO - 2
[2023-05-09T04:57:56.847+0000] {ml_response_dag.py:37} INFO - Inserted to db
[2023-05-09T04:57:56.848+0000] {ml_response_dag.py:35} INFO - {'value': '380', 'score': 0.11, 'ocr_score': 0.36, 'bounding_box': [0.99, 0.15, 0.39, 0.03]}
[2023-05-09T04:57:56.848+0000] {ml_response_dag.py:36} INFO - 2
[2023-05-09T04:57:56.849+0000] {ml_response_dag.py:37} INFO - Inserted to db
[2023-05-09T04:57:56.849+0000] {ml_response_dag.py:35} INFO - {}
[2023-05-09T04:57:56.850+0000] {ml_response_dag.py:36} INFO - 2
[2023-05-09T04:57:56.850+0000] {ml_response_dag.py:37} INFO - Inserted to db
[2023-05-09T04:57:56.850+0000] {ml_response_dag.py:35} INFO - {'value': '770', 'score': 0.37, 'ocr_score': 0.84, 'bounding_box': [0.79, 0.15, 0.82, 0.6]}
[2023-05-09T04:57:56.851+0000] {ml_response_dag.py:36} INFO - 2
[2023-05-09T04:57:56.851+0000] {ml_response_dag.py:37} INFO - Inserted to db
[2023-05-09T04:57:56.852+0000] {ml_response_dag.py:35} INFO - {}
[2023-05-09T04:57:56.852+0000] {ml_response_dag.py:36} INFO - 2
[2023-05-09T04:57:56.853+0000] {ml_response_dag.py:37} INFO - Inserted to db
[2023-05-09T04:57:56.853+0000] {ml_response_dag.py:35} INFO - {}
[2023-05-09T04:57:56.853+0000] {ml_response_dag.py:36} INFO - 2
[2023-05-09T04:57:56.854+0000] {ml_response_dag.py:37} INFO - Inserted to db
[2023-05-09T04:57:56.859+0000] {ml_response_dag.py:35} INFO - {}
[2023-05-09T04:57:56.859+0000] {ml_response_dag.py:36} INFO - 2
[2023-05-09T04:57:56.860+0000] {ml_response_dag.py:37} INFO - Inserted to db
[2023-05-09T04:57:56.861+0000] {ml_response_dag.py:35} INFO - {}
[2023-05-09T04:57:56.862+0000] {ml_response_dag.py:36} INFO - 3
[2023-05-09T04:57:56.863+0000] {ml_response_dag.py:37} INFO - Inserted to db
[2023-05-09T04:57:56.864+0000] {ml_response_dag.py:35} INFO - {}
[2023-05-09T04:57:56.865+0000] {ml_response_dag.py:36} INFO - 4
[2023-05-09T04:57:56.867+0000] {ml_response_dag.py:37} INFO - Inserted to db
[2023-05-09T04:57:56.872+0000] {ml_response_dag.py:35} INFO - {}
[2023-05-09T04:57:56.873+0000] {ml_response_dag.py:36} INFO - 5
[2023-05-09T04:57:56.875+0000] {ml_response_dag.py:37} INFO - Inserted to db
[2023-05-09T04:57:56.876+0000] {ml_response_dag.py:35} INFO - {}
[2023-05-09T04:57:56.878+0000] {ml_response_dag.py:36} INFO - 5
[2023-05-09T04:57:56.882+0000] {ml_response_dag.py:37} INFO - Inserted to db
[2023-05-09T04:57:56.884+0000] {ml_response_dag.py:35} INFO - {'value': '418', 'score': 0.49, 'ocr_score': 0.15, 'bounding_box': [0.88, 0.92, 0.46, 0.3]}
[2023-05-09T04:57:56.885+0000] {ml_response_dag.py:36} INFO - 5
[2023-05-09T04:57:56.888+0000] {ml_response_dag.py:37} INFO - Inserted to db
[2023-05-09T04:57:56.889+0000] {ml_response_dag.py:35} INFO - {}
[2023-05-09T04:57:56.889+0000] {ml_response_dag.py:36} INFO - 5
[2023-05-09T04:57:56.890+0000] {ml_response_dag.py:37} INFO - Inserted to db
[2023-05-09T04:57:56.891+0000] {ml_response_dag.py:35} INFO - {}
[2023-05-09T04:57:56.891+0000] {ml_response_dag.py:36} INFO - 5
[2023-05-09T04:57:56.892+0000] {ml_response_dag.py:37} INFO - Inserted to db
[2023-05-09T04:57:56.893+0000] {ml_response_dag.py:35} INFO - {'value': '78', 'score': 0.03, 'ocr_score': 0.66, 'bounding_box': [0.31, 0.81, 0.43, 0.03]}
[2023-05-09T04:57:56.894+0000] {ml_response_dag.py:36} INFO - 5
[2023-05-09T04:57:56.894+0000] {ml_response_dag.py:37} INFO - Inserted to db
[2023-05-09T04:57:56.895+0000] {ml_response_dag.py:35} INFO - {}
[2023-05-09T04:57:56.896+0000] {ml_response_dag.py:36} INFO - 5
[2023-05-09T04:57:56.896+0000] {ml_response_dag.py:37} INFO - Inserted to db
[2023-05-09T04:57:56.897+0000] {ml_response_dag.py:35} INFO - {'value': '889', 'score': 0.72, 'ocr_score': 0.56, 'bounding_box': [0.38, 0.17, 0.28, 1.0]}
[2023-05-09T04:57:56.898+0000] {ml_response_dag.py:36} INFO - 5
[2023-05-09T04:57:56.898+0000] {ml_response_dag.py:37} INFO - Inserted to db
[2023-05-09T04:57:56.899+0000] {ml_response_dag.py:35} INFO - {'value': '292', 'score': 0.23, 'ocr_score': 0.39, 'bounding_box': [0.45, 0.93, 0.07, 0.2]}
[2023-05-09T04:57:56.900+0000] {ml_response_dag.py:36} INFO - 5
[2023-05-09T04:57:56.900+0000] {ml_response_dag.py:37} INFO - Inserted to db
[2023-05-09T04:57:56.900+0000] {ml_response_dag.py:35} INFO - {}
[2023-05-09T04:57:56.901+0000] {ml_response_dag.py:36} INFO - 6
[2023-05-09T04:57:56.902+0000] {ml_response_dag.py:37} INFO - Inserted to db
[2023-05-09T04:57:56.902+0000] {ml_response_dag.py:35} INFO - {'value': '542', 'score': 0.01, 'ocr_score': 0.03, 'bounding_box': [0.27, 0.53, 0.77, 0.97]}
[2023-05-09T04:57:56.903+0000] {ml_response_dag.py:36} INFO - 7
[2023-05-09T04:57:56.903+0000] {ml_response_dag.py:37} INFO - Inserted to db
[2023-05-09T04:57:56.903+0000] {ml_response_dag.py:35} INFO - {'value': '342', 'score': 0.56, 'ocr_score': 0.14, 'bounding_box': [0.77, 0.91, 0.18, 0.2]}
[2023-05-09T04:57:56.904+0000] {ml_response_dag.py:36} INFO - 7
[2023-05-09T04:57:56.904+0000] {ml_response_dag.py:37} INFO - Inserted to db
[2023-05-09T04:57:56.905+0000] {ml_response_dag.py:35} INFO - {'value': '967', 'score': 0.78, 'ocr_score': 0.39, 'bounding_box': [0.86, 0.38, 0.41, 0.36]}
[2023-05-09T04:57:56.905+0000] {ml_response_dag.py:36} INFO - 7
[2023-05-09T04:57:56.905+0000] {ml_response_dag.py:37} INFO - Inserted to db
[2023-05-09T04:57:56.906+0000] {ml_response_dag.py:35} INFO - {'value': '100', 'score': 0.68, 'ocr_score': 0.75, 'bounding_box': [0.32, 0.6, 0.97, 0.05]}
[2023-05-09T04:57:56.906+0000] {ml_response_dag.py:36} INFO - 7
[2023-05-09T04:57:56.907+0000] {ml_response_dag.py:37} INFO - Inserted to db
[2023-05-09T04:57:56.907+0000] {ml_response_dag.py:35} INFO - {}
[2023-05-09T04:57:56.908+0000] {ml_response_dag.py:36} INFO - 7
[2023-05-09T04:57:56.908+0000] {ml_response_dag.py:37} INFO - Inserted to db
[2023-05-09T04:57:56.909+0000] {ml_response_dag.py:35} INFO - {}
[2023-05-09T04:57:56.910+0000] {ml_response_dag.py:36} INFO - 7
[2023-05-09T04:57:56.910+0000] {ml_response_dag.py:37} INFO - Inserted to db
[2023-05-09T04:57:56.911+0000] {ml_response_dag.py:35} INFO - {'value': '858', 'score': 0.94, 'ocr_score': 0.64, 'bounding_box': [0.22, 0.37, 0.17, 0.07]}
[2023-05-09T04:57:56.912+0000] {ml_response_dag.py:36} INFO - 7
[2023-05-09T04:57:56.912+0000] {ml_response_dag.py:37} INFO - Inserted to db
[2023-05-09T04:57:56.921+0000] {ml_response_dag.py:35} INFO - {}
[2023-05-09T04:57:56.922+0000] {ml_response_dag.py:36} INFO - 7
[2023-05-09T04:57:56.923+0000] {ml_response_dag.py:37} INFO - Inserted to db
[2023-05-09T04:57:56.924+0000] {ml_response_dag.py:35} INFO - {'value': '633', 'score': 0.77, 'ocr_score': 0.17, 'bounding_box': [0.44, 0.56, 0.26, 0.15]}
[2023-05-09T04:57:56.925+0000] {ml_response_dag.py:36} INFO - 7
[2023-05-09T04:57:56.925+0000] {ml_response_dag.py:37} INFO - Inserted to db
[2023-05-09T04:57:56.926+0000] {ml_response_dag.py:35} INFO - {'value': '609', 'score': 0.47, 'ocr_score': 0.56, 'bounding_box': [0.3, 0.87, 0.78, 0.92]}
[2023-05-09T04:57:56.926+0000] {ml_response_dag.py:36} INFO - 8
[2023-05-09T04:57:56.927+0000] {ml_response_dag.py:37} INFO - Inserted to db
[2023-05-09T04:57:56.927+0000] {ml_response_dag.py:35} INFO - {'value': '331', 'score': 0.49, 'ocr_score': 0.99, 'bounding_box': [0.55, 0.36, 0.08, 0.43]}
[2023-05-09T04:57:56.928+0000] {ml_response_dag.py:36} INFO - 8
[2023-05-09T04:57:56.928+0000] {ml_response_dag.py:37} INFO - Inserted to db
[2023-05-09T04:57:56.929+0000] {ml_response_dag.py:35} INFO - {'value': '142', 'score': 0.0, 'ocr_score': 0.58, 'bounding_box': [0.17, 0.36, 0.83, 0.62]}
[2023-05-09T04:57:56.930+0000] {ml_response_dag.py:36} INFO - 8
[2023-05-09T04:57:56.931+0000] {ml_response_dag.py:37} INFO - Inserted to db
[2023-05-09T04:57:56.931+0000] {ml_response_dag.py:35} INFO - {}
[2023-05-09T04:57:56.931+0000] {ml_response_dag.py:36} INFO - 8
[2023-05-09T04:57:56.932+0000] {ml_response_dag.py:37} INFO - Inserted to db
[2023-05-09T04:57:56.932+0000] {ml_response_dag.py:35} INFO - {}
[2023-05-09T04:57:56.934+0000] {ml_response_dag.py:36} INFO - 8
[2023-05-09T04:57:56.934+0000] {ml_response_dag.py:37} INFO - Inserted to db
[2023-05-09T04:57:56.935+0000] {ml_response_dag.py:35} INFO - {}
[2023-05-09T04:57:56.936+0000] {ml_response_dag.py:36} INFO - 8
[2023-05-09T04:57:56.936+0000] {ml_response_dag.py:37} INFO - Inserted to db
[2023-05-09T04:57:56.937+0000] {ml_response_dag.py:35} INFO - {'value': '826', 'score': 0.74, 'ocr_score': 0.69, 'bounding_box': [0.98, 0.11, 0.14, 0.96]}
[2023-05-09T04:57:56.939+0000] {ml_response_dag.py:36} INFO - 8
[2023-05-09T04:57:56.940+0000] {ml_response_dag.py:37} INFO - Inserted to db
[2023-05-09T04:57:56.941+0000] {ml_response_dag.py:35} INFO - {}
[2023-05-09T04:57:56.942+0000] {ml_response_dag.py:36} INFO - 8
[2023-05-09T04:57:56.942+0000] {ml_response_dag.py:37} INFO - Inserted to db
[2023-05-09T04:57:56.944+0000] {ml_response_dag.py:35} INFO - {'value': '299', 'score': 0.85, 'ocr_score': 0.04, 'bounding_box': [0.14, 0.46, 0.06, 0.65]}
[2023-05-09T04:57:56.945+0000] {ml_response_dag.py:36} INFO - 8
[2023-05-09T04:57:56.945+0000] {ml_response_dag.py:37} INFO - Inserted to db
[2023-05-09T04:57:56.948+0000] {ml_response_dag.py:35} INFO - {'value': '362', 'score': 0.62, 'ocr_score': 0.51, 'bounding_box': [0.42, 0.48, 0.21, 0.45]}
[2023-05-09T04:57:56.950+0000] {ml_response_dag.py:36} INFO - 9
[2023-05-09T04:57:56.951+0000] {ml_response_dag.py:37} INFO - Inserted to db
[2023-05-09T04:57:56.956+0000] {ml_response_dag.py:35} INFO - {'value': '288', 'score': 0.77, 'ocr_score': 0.23, 'bounding_box': [0.16, 0.03, 0.68, 0.81]}
[2023-05-09T04:57:56.957+0000] {ml_response_dag.py:36} INFO - 9
[2023-05-09T04:57:56.957+0000] {ml_response_dag.py:37} INFO - Inserted to db
[2023-05-09T04:57:56.963+0000] {ml_response_dag.py:35} INFO - {'value': '803', 'score': 0.03, 'ocr_score': 0.42, 'bounding_box': [0.05, 0.5, 0.56, 0.95]}
[2023-05-09T04:57:56.963+0000] {ml_response_dag.py:36} INFO - 9
[2023-05-09T04:57:56.964+0000] {ml_response_dag.py:37} INFO - Inserted to db
[2023-05-09T04:57:56.964+0000] {ml_response_dag.py:35} INFO - {'value': '750', 'score': 0.85, 'ocr_score': 0.27, 'bounding_box': [0.71, 0.07, 0.54, 0.9]}
[2023-05-09T04:57:56.965+0000] {ml_response_dag.py:36} INFO - 9
[2023-05-09T04:57:56.965+0000] {ml_response_dag.py:37} INFO - Inserted to db
[2023-05-09T04:57:56.966+0000] {ml_response_dag.py:35} INFO - {'value': '148', 'score': 0.41, 'ocr_score': 0.97, 'bounding_box': [0.44, 0.51, 0.69, 0.67]}
[2023-05-09T04:57:56.967+0000] {ml_response_dag.py:36} INFO - 9
[2023-05-09T04:57:56.968+0000] {ml_response_dag.py:37} INFO - Inserted to db
[2023-05-09T04:57:56.968+0000] {ml_response_dag.py:35} INFO - {'value': '161', 'score': 0.49, 'ocr_score': 0.58, 'bounding_box': [0.51, 0.51, 0.55, 0.06]}
[2023-05-09T04:57:56.969+0000] {ml_response_dag.py:36} INFO - 9
[2023-05-09T04:57:56.969+0000] {ml_response_dag.py:37} INFO - Inserted to db
[2023-05-09T04:57:56.969+0000] {ml_response_dag.py:35} INFO - {}
[2023-05-09T04:57:56.970+0000] {ml_response_dag.py:36} INFO - 9
[2023-05-09T04:57:56.970+0000] {ml_response_dag.py:37} INFO - Inserted to db
[2023-05-09T04:57:56.970+0000] {ml_response_dag.py:35} INFO - {}
[2023-05-09T04:57:56.971+0000] {ml_response_dag.py:36} INFO - 9
[2023-05-09T04:57:56.971+0000] {ml_response_dag.py:37} INFO - Inserted to db
[2023-05-09T04:57:56.972+0000] {ml_response_dag.py:35} INFO - {}
[2023-05-09T04:57:56.972+0000] {ml_response_dag.py:36} INFO - 9
[2023-05-09T04:57:56.972+0000] {ml_response_dag.py:37} INFO - Inserted to db
[2023-05-09T04:57:56.973+0000] {ml_response_dag.py:35} INFO - {'value': '842', 'score': 0.47, 'ocr_score': 0.75, 'bounding_box': [0.16, 0.91, 0.32, 0.53]}
[2023-05-09T04:57:56.973+0000] {ml_response_dag.py:36} INFO - 10
[2023-05-09T04:57:56.973+0000] {ml_response_dag.py:37} INFO - Inserted to db
[2023-05-09T04:57:56.974+0000] {ml_response_dag.py:35} INFO - {}
[2023-05-09T04:57:56.974+0000] {ml_response_dag.py:36} INFO - 10
[2023-05-09T04:57:56.975+0000] {ml_response_dag.py:37} INFO - Inserted to db
[2023-05-09T04:57:56.975+0000] {ml_response_dag.py:35} INFO - {}
[2023-05-09T04:57:56.976+0000] {ml_response_dag.py:36} INFO - 10
[2023-05-09T04:57:56.976+0000] {ml_response_dag.py:37} INFO - Inserted to db
[2023-05-09T04:57:56.977+0000] {ml_response_dag.py:35} INFO - {'value': '458', 'score': 0.81, 'ocr_score': 0.31, 'bounding_box': [0.69, 0.54, 0.48, 0.39]}
[2023-05-09T04:57:56.977+0000] {ml_response_dag.py:36} INFO - 10
[2023-05-09T04:57:56.978+0000] {ml_response_dag.py:37} INFO - Inserted to db
[2023-05-09T04:57:56.978+0000] {ml_response_dag.py:35} INFO - {'value': '776', 'score': 0.77, 'ocr_score': 0.34, 'bounding_box': [0.76, 0.85, 0.56, 0.82]}
[2023-05-09T04:57:56.979+0000] {ml_response_dag.py:36} INFO - 10
[2023-05-09T04:57:56.979+0000] {ml_response_dag.py:37} INFO - Inserted to db
[2023-05-09T04:57:56.980+0000] {ml_response_dag.py:35} INFO - {}
[2023-05-09T04:57:56.980+0000] {ml_response_dag.py:36} INFO - 10
[2023-05-09T04:57:56.980+0000] {ml_response_dag.py:37} INFO - Inserted to db
[2023-05-09T04:57:56.981+0000] {ml_response_dag.py:35} INFO - {'value': '51', 'score': 0.76, 'ocr_score': 0.29, 'bounding_box': [0.79, 0.88, 0.43, 0.21]}
[2023-05-09T04:57:56.981+0000] {ml_response_dag.py:36} INFO - 10
[2023-05-09T04:57:56.981+0000] {ml_response_dag.py:37} INFO - Inserted to db
[2023-05-09T04:57:56.982+0000] {ml_response_dag.py:35} INFO - {'value': '843', 'score': 0.05, 'ocr_score': 0.96, 'bounding_box': [0.84, 0.04, 0.6, 0.52]}
[2023-05-09T04:57:56.982+0000] {ml_response_dag.py:36} INFO - 10
[2023-05-09T04:57:56.982+0000] {ml_response_dag.py:37} INFO - Inserted to db
[2023-05-09T04:57:56.983+0000] {ml_response_dag.py:35} INFO - {'value': '517', 'score': 0.75, 'ocr_score': 0.74, 'bounding_box': [0.65, 0.92, 0.1, 0.59]}
[2023-05-09T04:57:56.983+0000] {ml_response_dag.py:36} INFO - 10
[2023-05-09T04:57:56.983+0000] {ml_response_dag.py:37} INFO - Inserted to db
[2023-05-09T04:57:56.984+0000] {ml_response_dag.py:35} INFO - {}
[2023-05-09T04:57:56.984+0000] {ml_response_dag.py:36} INFO - 11
[2023-05-09T04:57:56.984+0000] {ml_response_dag.py:37} INFO - Inserted to db
[2023-05-09T04:57:56.985+0000] {ml_response_dag.py:35} INFO - {}
[2023-05-09T04:57:56.985+0000] {ml_response_dag.py:36} INFO - 11
[2023-05-09T04:57:56.985+0000] {ml_response_dag.py:37} INFO - Inserted to db
[2023-05-09T04:57:56.986+0000] {ml_response_dag.py:35} INFO - {'value': '288', 'score': 0.6, 'ocr_score': 0.29, 'bounding_box': [0.96, 0.39, 0.81, 0.96]}
[2023-05-09T04:57:56.986+0000] {ml_response_dag.py:36} INFO - 11
[2023-05-09T04:57:56.986+0000] {ml_response_dag.py:37} INFO - Inserted to db
[2023-05-09T04:57:56.987+0000] {ml_response_dag.py:35} INFO - {'value': '878', 'score': 0.44, 'ocr_score': 0.56, 'bounding_box': [0.46, 0.03, 0.06, 0.3]}
[2023-05-09T04:57:56.987+0000] {ml_response_dag.py:36} INFO - 11
[2023-05-09T04:57:56.987+0000] {ml_response_dag.py:37} INFO - Inserted to db
[2023-05-09T04:57:56.988+0000] {ml_response_dag.py:35} INFO - {}
[2023-05-09T04:57:56.988+0000] {ml_response_dag.py:36} INFO - 11
[2023-05-09T04:57:56.988+0000] {ml_response_dag.py:37} INFO - Inserted to db
[2023-05-09T04:57:56.988+0000] {ml_response_dag.py:35} INFO - {}
[2023-05-09T04:57:56.989+0000] {ml_response_dag.py:36} INFO - 11
[2023-05-09T04:57:56.989+0000] {ml_response_dag.py:37} INFO - Inserted to db
[2023-05-09T04:57:56.990+0000] {ml_response_dag.py:35} INFO - {}
[2023-05-09T04:57:56.990+0000] {ml_response_dag.py:36} INFO - 11
[2023-05-09T04:57:56.990+0000] {ml_response_dag.py:37} INFO - Inserted to db
[2023-05-09T04:57:56.991+0000] {ml_response_dag.py:35} INFO - {'value': '650', 'score': 0.79, 'ocr_score': 0.64, 'bounding_box': [0.13, 0.78, 0.29, 0.37]}
[2023-05-09T04:57:56.992+0000] {ml_response_dag.py:36} INFO - 11
[2023-05-09T04:57:56.992+0000] {ml_response_dag.py:37} INFO - Inserted to db
[2023-05-09T04:57:56.992+0000] {ml_response_dag.py:35} INFO - {}
[2023-05-09T04:57:56.993+0000] {ml_response_dag.py:36} INFO - 11
[2023-05-09T04:57:56.993+0000] {ml_response_dag.py:37} INFO - Inserted to db
[2023-05-09T04:57:56.994+0000] {ml_response_dag.py:35} INFO - {'value': '643', 'score': 0.23, 'ocr_score': 0.72, 'bounding_box': [0.01, 0.39, 0.58, 0.53]}
[2023-05-09T04:57:56.994+0000] {ml_response_dag.py:36} INFO - 12
[2023-05-09T04:57:56.994+0000] {ml_response_dag.py:37} INFO - Inserted to db
[2023-05-09T04:57:56.995+0000] {ml_response_dag.py:35} INFO - {}
[2023-05-09T04:57:56.995+0000] {ml_response_dag.py:36} INFO - 13
[2023-05-09T04:57:56.995+0000] {ml_response_dag.py:37} INFO - Inserted to db
[2023-05-09T04:57:56.996+0000] {ml_response_dag.py:35} INFO - {}
[2023-05-09T04:57:56.996+0000] {ml_response_dag.py:36} INFO - 14
[2023-05-09T04:57:56.996+0000] {ml_response_dag.py:37} INFO - Inserted to db
[2023-05-09T04:57:56.997+0000] {ml_response_dag.py:35} INFO - {'value': '141', 'score': 0.27, 'ocr_score': 0.93, 'bounding_box': [0.24, 0.73, 0.11, 0.89]}
[2023-05-09T04:57:56.997+0000] {ml_response_dag.py:36} INFO - 15
[2023-05-09T04:57:56.997+0000] {ml_response_dag.py:37} INFO - Inserted to db
[2023-05-09T04:57:56.997+0000] {ml_response_dag.py:35} INFO - {'value': '59', 'score': 0.45, 'ocr_score': 0.57, 'bounding_box': [0.45, 0.64, 0.68, 0.17]}
[2023-05-09T04:57:56.998+0000] {ml_response_dag.py:36} INFO - 15
[2023-05-09T04:57:56.998+0000] {ml_response_dag.py:37} INFO - Inserted to db
[2023-05-09T04:57:56.998+0000] {ml_response_dag.py:35} INFO - {'value': '333', 'score': 0.34, 'ocr_score': 0.85, 'bounding_box': [0.81, 0.57, 0.99, 0.77]}
[2023-05-09T04:57:56.999+0000] {ml_response_dag.py:36} INFO - 15
[2023-05-09T04:57:56.999+0000] {ml_response_dag.py:37} INFO - Inserted to db
[2023-05-09T04:57:56.999+0000] {ml_response_dag.py:35} INFO - {'value': '257', 'score': 0.11, 'ocr_score': 0.43, 'bounding_box': [0.37, 0.55, 0.53, 0.66]}
[2023-05-09T04:57:57.000+0000] {ml_response_dag.py:36} INFO - 15
[2023-05-09T04:57:57.000+0000] {ml_response_dag.py:37} INFO - Inserted to db
[2023-05-09T04:57:57.000+0000] {ml_response_dag.py:35} INFO - {'value': '190', 'score': 0.21, 'ocr_score': 0.83, 'bounding_box': [0.88, 0.83, 0.57, 0.11]}
[2023-05-09T04:57:57.001+0000] {ml_response_dag.py:36} INFO - 15
[2023-05-09T04:57:57.001+0000] {ml_response_dag.py:37} INFO - Inserted to db
[2023-05-09T04:57:57.001+0000] {ml_response_dag.py:35} INFO - {}
[2023-05-09T04:57:57.001+0000] {ml_response_dag.py:36} INFO - 15
[2023-05-09T04:57:57.002+0000] {ml_response_dag.py:37} INFO - Inserted to db
[2023-05-09T04:57:57.002+0000] {ml_response_dag.py:35} INFO - {}
[2023-05-09T04:57:57.002+0000] {ml_response_dag.py:36} INFO - 15
[2023-05-09T04:57:57.003+0000] {ml_response_dag.py:37} INFO - Inserted to db
[2023-05-09T04:57:57.005+0000] {ml_response_dag.py:35} INFO - {}
[2023-05-09T04:57:57.005+0000] {ml_response_dag.py:36} INFO - 15
[2023-05-09T04:57:57.005+0000] {ml_response_dag.py:37} INFO - Inserted to db
[2023-05-09T04:57:57.006+0000] {ml_response_dag.py:35} INFO - {'value': '475', 'score': 0.57, 'ocr_score': 0.49, 'bounding_box': [0.4, 0.3, 0.99, 0.32]}
[2023-05-09T04:57:57.006+0000] {ml_response_dag.py:36} INFO - 15
[2023-05-09T04:57:57.006+0000] {ml_response_dag.py:37} INFO - Inserted to db
[2023-05-09T04:57:57.007+0000] {ml_response_dag.py:35} INFO - {'value': '745', 'score': 0.84, 'ocr_score': 0.82, 'bounding_box': [0.84, 0.57, 0.94, 0.44]}
[2023-05-09T04:57:57.007+0000] {ml_response_dag.py:36} INFO - 16
[2023-05-09T04:57:57.007+0000] {ml_response_dag.py:37} INFO - Inserted to db
[2023-05-09T04:57:57.008+0000] {python.py:183} INFO - Done. Returned value was: None
[2023-05-09T04:57:57.027+0000] {taskinstance.py:1373} INFO - Marking task as SUCCESS. dag_id=veryfi_extract_total, task_id=extract_and_load, execution_date=20230508T172000, start_date=20230509T045756, end_date=20230509T045757
[2023-05-09T04:57:57.098+0000] {local_task_job_runner.py:232} INFO - Task exited with return code 0
[2023-05-09T04:57:57.135+0000] {taskinstance.py:2674} INFO - 0 downstream tasks scheduled from follow-on schedule check
