[2023-05-09T04:57:26.669+0000] {taskinstance.py:1125} INFO - Dependencies all met for dep_context=non-requeueable deps ti=<TaskInstance: veryfi_extract_total.extract_and_load scheduled__2023-05-08T08:40:00+00:00 [queued]>
[2023-05-09T04:57:26.707+0000] {taskinstance.py:1125} INFO - Dependencies all met for dep_context=requeueable deps ti=<TaskInstance: veryfi_extract_total.extract_and_load scheduled__2023-05-08T08:40:00+00:00 [queued]>
[2023-05-09T04:57:26.716+0000] {taskinstance.py:1331} INFO - Starting attempt 1 of 2
[2023-05-09T04:57:26.762+0000] {taskinstance.py:1350} INFO - Executing <Task(PythonOperator): extract_and_load> on 2023-05-08 08:40:00+00:00
[2023-05-09T04:57:26.775+0000] {standard_task_runner.py:57} INFO - Started process 1645 to run task
[2023-05-09T04:57:26.789+0000] {standard_task_runner.py:84} INFO - Running: ['***', 'tasks', 'run', 'veryfi_extract_total', 'extract_and_load', 'scheduled__2023-05-08T08:40:00+00:00', '--job-id', '444', '--raw', '--subdir', 'DAGS_FOLDER/ml_response_dag.py', '--cfg-path', '/tmp/tmp500qpp_2']
[2023-05-09T04:57:26.803+0000] {standard_task_runner.py:85} INFO - Job 444: Subtask extract_and_load
[2023-05-09T04:57:27.121+0000] {task_command.py:410} INFO - Running <TaskInstance: veryfi_extract_total.extract_and_load scheduled__2023-05-08T08:40:00+00:00 [running]> on host aa4b7d3de44b
[2023-05-09T04:57:27.662+0000] {taskinstance.py:1570} INFO - Exporting env vars: AIRFLOW_CTX_DAG_OWNER='***' AIRFLOW_CTX_DAG_ID='veryfi_extract_total' AIRFLOW_CTX_TASK_ID='extract_and_load' AIRFLOW_CTX_EXECUTION_DATE='2023-05-08T08:40:00+00:00' AIRFLOW_CTX_TRY_NUMBER='1' AIRFLOW_CTX_DAG_RUN_ID='scheduled__2023-05-08T08:40:00+00:00'
[2023-05-09T04:57:27.752+0000] {ml_response_dag.py:35} INFO - {}
[2023-05-09T04:57:27.766+0000] {ml_response_dag.py:36} INFO - 1
[2023-05-09T04:57:27.768+0000] {ml_response_dag.py:37} INFO - Inserted to db
[2023-05-09T04:57:27.781+0000] {ml_response_dag.py:35} INFO - {'value': '544', 'score': 0.22, 'ocr_score': 0.81, 'bounding_box': [0.22, 0.37, 0.38, 0.52]}
[2023-05-09T04:57:27.782+0000] {ml_response_dag.py:36} INFO - 1
[2023-05-09T04:57:27.788+0000] {ml_response_dag.py:37} INFO - Inserted to db
[2023-05-09T04:57:27.789+0000] {ml_response_dag.py:35} INFO - {}
[2023-05-09T04:57:27.809+0000] {ml_response_dag.py:36} INFO - 1
[2023-05-09T04:57:27.811+0000] {ml_response_dag.py:37} INFO - Inserted to db
[2023-05-09T04:57:27.812+0000] {ml_response_dag.py:35} INFO - {}
[2023-05-09T04:57:27.812+0000] {ml_response_dag.py:36} INFO - 1
[2023-05-09T04:57:27.813+0000] {ml_response_dag.py:37} INFO - Inserted to db
[2023-05-09T04:57:27.817+0000] {ml_response_dag.py:35} INFO - {}
[2023-05-09T04:57:27.823+0000] {ml_response_dag.py:36} INFO - 1
[2023-05-09T04:57:27.824+0000] {ml_response_dag.py:37} INFO - Inserted to db
[2023-05-09T04:57:27.833+0000] {ml_response_dag.py:35} INFO - {}
[2023-05-09T04:57:27.833+0000] {ml_response_dag.py:36} INFO - 1
[2023-05-09T04:57:27.834+0000] {ml_response_dag.py:37} INFO - Inserted to db
[2023-05-09T04:57:27.842+0000] {ml_response_dag.py:35} INFO - {'value': '660', 'score': 0.48, 'ocr_score': 0.32, 'bounding_box': [0.07, 0.82, 0.06, 0.37]}
[2023-05-09T04:57:27.844+0000] {ml_response_dag.py:36} INFO - 1
[2023-05-09T04:57:27.845+0000] {ml_response_dag.py:37} INFO - Inserted to db
[2023-05-09T04:57:27.846+0000] {ml_response_dag.py:35} INFO - {}
[2023-05-09T04:57:27.847+0000] {ml_response_dag.py:36} INFO - 1
[2023-05-09T04:57:27.847+0000] {ml_response_dag.py:37} INFO - Inserted to db
[2023-05-09T04:57:27.849+0000] {ml_response_dag.py:35} INFO - {'value': '801', 'score': 0.92, 'ocr_score': 0.28, 'bounding_box': [0.56, 0.9, 0.37, 0.79]}
[2023-05-09T04:57:27.852+0000] {ml_response_dag.py:36} INFO - 1
[2023-05-09T04:57:27.869+0000] {ml_response_dag.py:37} INFO - Inserted to db
[2023-05-09T04:57:27.897+0000] {ml_response_dag.py:35} INFO - {}
[2023-05-09T04:57:27.898+0000] {ml_response_dag.py:36} INFO - 2
[2023-05-09T04:57:27.900+0000] {ml_response_dag.py:37} INFO - Inserted to db
[2023-05-09T04:57:27.901+0000] {ml_response_dag.py:35} INFO - {}
[2023-05-09T04:57:27.902+0000] {ml_response_dag.py:36} INFO - 2
[2023-05-09T04:57:27.903+0000] {ml_response_dag.py:37} INFO - Inserted to db
[2023-05-09T04:57:27.908+0000] {ml_response_dag.py:35} INFO - {'value': '880', 'score': 0.06, 'ocr_score': 0.1, 'bounding_box': [0.76, 0.47, 0.16, 0.27]}
[2023-05-09T04:57:27.908+0000] {ml_response_dag.py:36} INFO - 2
[2023-05-09T04:57:27.916+0000] {ml_response_dag.py:37} INFO - Inserted to db
[2023-05-09T04:57:27.919+0000] {ml_response_dag.py:35} INFO - {'value': '380', 'score': 0.11, 'ocr_score': 0.36, 'bounding_box': [0.99, 0.15, 0.39, 0.03]}
[2023-05-09T04:57:27.920+0000] {ml_response_dag.py:36} INFO - 2
[2023-05-09T04:57:27.921+0000] {ml_response_dag.py:37} INFO - Inserted to db
[2023-05-09T04:57:27.921+0000] {ml_response_dag.py:35} INFO - {}
[2023-05-09T04:57:27.922+0000] {ml_response_dag.py:36} INFO - 2
[2023-05-09T04:57:27.931+0000] {ml_response_dag.py:37} INFO - Inserted to db
[2023-05-09T04:57:27.936+0000] {ml_response_dag.py:35} INFO - {'value': '770', 'score': 0.37, 'ocr_score': 0.84, 'bounding_box': [0.79, 0.15, 0.82, 0.6]}
[2023-05-09T04:57:27.938+0000] {ml_response_dag.py:36} INFO - 2
[2023-05-09T04:57:27.946+0000] {ml_response_dag.py:37} INFO - Inserted to db
[2023-05-09T04:57:27.950+0000] {ml_response_dag.py:35} INFO - {}
[2023-05-09T04:57:27.950+0000] {ml_response_dag.py:36} INFO - 2
[2023-05-09T04:57:27.951+0000] {ml_response_dag.py:37} INFO - Inserted to db
[2023-05-09T04:57:27.954+0000] {ml_response_dag.py:35} INFO - {}
[2023-05-09T04:57:27.957+0000] {ml_response_dag.py:36} INFO - 2
[2023-05-09T04:57:27.958+0000] {ml_response_dag.py:37} INFO - Inserted to db
[2023-05-09T04:57:27.960+0000] {ml_response_dag.py:35} INFO - {}
[2023-05-09T04:57:27.961+0000] {ml_response_dag.py:36} INFO - 2
[2023-05-09T04:57:27.962+0000] {ml_response_dag.py:37} INFO - Inserted to db
[2023-05-09T04:57:27.964+0000] {ml_response_dag.py:35} INFO - {}
[2023-05-09T04:57:27.966+0000] {ml_response_dag.py:36} INFO - 3
[2023-05-09T04:57:27.969+0000] {ml_response_dag.py:37} INFO - Inserted to db
[2023-05-09T04:57:27.972+0000] {ml_response_dag.py:35} INFO - {}
[2023-05-09T04:57:27.973+0000] {ml_response_dag.py:36} INFO - 4
[2023-05-09T04:57:27.974+0000] {ml_response_dag.py:37} INFO - Inserted to db
[2023-05-09T04:57:27.984+0000] {ml_response_dag.py:35} INFO - {}
[2023-05-09T04:57:27.987+0000] {ml_response_dag.py:36} INFO - 5
[2023-05-09T04:57:27.987+0000] {ml_response_dag.py:37} INFO - Inserted to db
[2023-05-09T04:57:27.993+0000] {ml_response_dag.py:35} INFO - {}
[2023-05-09T04:57:27.994+0000] {ml_response_dag.py:36} INFO - 5
[2023-05-09T04:57:27.996+0000] {ml_response_dag.py:37} INFO - Inserted to db
[2023-05-09T04:57:28.020+0000] {ml_response_dag.py:35} INFO - {'value': '418', 'score': 0.49, 'ocr_score': 0.15, 'bounding_box': [0.88, 0.92, 0.46, 0.3]}
[2023-05-09T04:57:28.049+0000] {ml_response_dag.py:36} INFO - 5
[2023-05-09T04:57:28.067+0000] {ml_response_dag.py:37} INFO - Inserted to db
[2023-05-09T04:57:28.083+0000] {ml_response_dag.py:35} INFO - {}
[2023-05-09T04:57:28.091+0000] {ml_response_dag.py:36} INFO - 5
[2023-05-09T04:57:28.100+0000] {ml_response_dag.py:37} INFO - Inserted to db
[2023-05-09T04:57:28.141+0000] {ml_response_dag.py:35} INFO - {}
[2023-05-09T04:57:28.144+0000] {ml_response_dag.py:36} INFO - 5
[2023-05-09T04:57:28.145+0000] {ml_response_dag.py:37} INFO - Inserted to db
[2023-05-09T04:57:28.151+0000] {ml_response_dag.py:35} INFO - {'value': '78', 'score': 0.03, 'ocr_score': 0.66, 'bounding_box': [0.31, 0.81, 0.43, 0.03]}
[2023-05-09T04:57:28.152+0000] {ml_response_dag.py:36} INFO - 5
[2023-05-09T04:57:28.157+0000] {ml_response_dag.py:37} INFO - Inserted to db
[2023-05-09T04:57:28.160+0000] {ml_response_dag.py:35} INFO - {}
[2023-05-09T04:57:28.164+0000] {ml_response_dag.py:36} INFO - 5
[2023-05-09T04:57:28.168+0000] {ml_response_dag.py:37} INFO - Inserted to db
[2023-05-09T04:57:28.172+0000] {ml_response_dag.py:35} INFO - {'value': '889', 'score': 0.72, 'ocr_score': 0.56, 'bounding_box': [0.38, 0.17, 0.28, 1.0]}
[2023-05-09T04:57:28.176+0000] {ml_response_dag.py:36} INFO - 5
[2023-05-09T04:57:28.178+0000] {ml_response_dag.py:37} INFO - Inserted to db
[2023-05-09T04:57:28.194+0000] {ml_response_dag.py:35} INFO - {'value': '292', 'score': 0.23, 'ocr_score': 0.39, 'bounding_box': [0.45, 0.93, 0.07, 0.2]}
[2023-05-09T04:57:28.194+0000] {ml_response_dag.py:36} INFO - 5
[2023-05-09T04:57:28.195+0000] {ml_response_dag.py:37} INFO - Inserted to db
[2023-05-09T04:57:28.197+0000] {ml_response_dag.py:35} INFO - {}
[2023-05-09T04:57:28.197+0000] {ml_response_dag.py:36} INFO - 6
[2023-05-09T04:57:28.197+0000] {ml_response_dag.py:37} INFO - Inserted to db
[2023-05-09T04:57:28.198+0000] {ml_response_dag.py:35} INFO - {'value': '542', 'score': 0.01, 'ocr_score': 0.03, 'bounding_box': [0.27, 0.53, 0.77, 0.97]}
[2023-05-09T04:57:28.199+0000] {ml_response_dag.py:36} INFO - 7
[2023-05-09T04:57:28.199+0000] {ml_response_dag.py:37} INFO - Inserted to db
[2023-05-09T04:57:28.201+0000] {ml_response_dag.py:35} INFO - {'value': '342', 'score': 0.56, 'ocr_score': 0.14, 'bounding_box': [0.77, 0.91, 0.18, 0.2]}
[2023-05-09T04:57:28.209+0000] {ml_response_dag.py:36} INFO - 7
[2023-05-09T04:57:28.217+0000] {ml_response_dag.py:37} INFO - Inserted to db
[2023-05-09T04:57:28.218+0000] {ml_response_dag.py:35} INFO - {'value': '967', 'score': 0.78, 'ocr_score': 0.39, 'bounding_box': [0.86, 0.38, 0.41, 0.36]}
[2023-05-09T04:57:28.219+0000] {ml_response_dag.py:36} INFO - 7
[2023-05-09T04:57:28.222+0000] {ml_response_dag.py:37} INFO - Inserted to db
[2023-05-09T04:57:28.224+0000] {ml_response_dag.py:35} INFO - {'value': '100', 'score': 0.68, 'ocr_score': 0.75, 'bounding_box': [0.32, 0.6, 0.97, 0.05]}
[2023-05-09T04:57:28.225+0000] {ml_response_dag.py:36} INFO - 7
[2023-05-09T04:57:28.226+0000] {ml_response_dag.py:37} INFO - Inserted to db
[2023-05-09T04:57:28.227+0000] {ml_response_dag.py:35} INFO - {}
[2023-05-09T04:57:28.228+0000] {ml_response_dag.py:36} INFO - 7
[2023-05-09T04:57:28.231+0000] {ml_response_dag.py:37} INFO - Inserted to db
[2023-05-09T04:57:28.232+0000] {ml_response_dag.py:35} INFO - {}
[2023-05-09T04:57:28.232+0000] {ml_response_dag.py:36} INFO - 7
[2023-05-09T04:57:28.233+0000] {ml_response_dag.py:37} INFO - Inserted to db
[2023-05-09T04:57:28.234+0000] {ml_response_dag.py:35} INFO - {'value': '858', 'score': 0.94, 'ocr_score': 0.64, 'bounding_box': [0.22, 0.37, 0.17, 0.07]}
[2023-05-09T04:57:28.235+0000] {ml_response_dag.py:36} INFO - 7
[2023-05-09T04:57:28.236+0000] {ml_response_dag.py:37} INFO - Inserted to db
[2023-05-09T04:57:28.238+0000] {ml_response_dag.py:35} INFO - {}
[2023-05-09T04:57:28.239+0000] {ml_response_dag.py:36} INFO - 7
[2023-05-09T04:57:28.247+0000] {ml_response_dag.py:37} INFO - Inserted to db
[2023-05-09T04:57:28.251+0000] {ml_response_dag.py:35} INFO - {'value': '633', 'score': 0.77, 'ocr_score': 0.17, 'bounding_box': [0.44, 0.56, 0.26, 0.15]}
[2023-05-09T04:57:28.252+0000] {ml_response_dag.py:36} INFO - 7
[2023-05-09T04:57:28.253+0000] {ml_response_dag.py:37} INFO - Inserted to db
[2023-05-09T04:57:28.261+0000] {ml_response_dag.py:35} INFO - {'value': '609', 'score': 0.47, 'ocr_score': 0.56, 'bounding_box': [0.3, 0.87, 0.78, 0.92]}
[2023-05-09T04:57:28.262+0000] {ml_response_dag.py:36} INFO - 8
[2023-05-09T04:57:28.262+0000] {ml_response_dag.py:37} INFO - Inserted to db
[2023-05-09T04:57:28.263+0000] {ml_response_dag.py:35} INFO - {'value': '331', 'score': 0.49, 'ocr_score': 0.99, 'bounding_box': [0.55, 0.36, 0.08, 0.43]}
[2023-05-09T04:57:28.264+0000] {ml_response_dag.py:36} INFO - 8
[2023-05-09T04:57:28.271+0000] {ml_response_dag.py:37} INFO - Inserted to db
[2023-05-09T04:57:28.283+0000] {ml_response_dag.py:35} INFO - {'value': '142', 'score': 0.0, 'ocr_score': 0.58, 'bounding_box': [0.17, 0.36, 0.83, 0.62]}
[2023-05-09T04:57:28.298+0000] {ml_response_dag.py:36} INFO - 8
[2023-05-09T04:57:28.299+0000] {ml_response_dag.py:37} INFO - Inserted to db
[2023-05-09T04:57:28.301+0000] {ml_response_dag.py:35} INFO - {}
[2023-05-09T04:57:28.301+0000] {ml_response_dag.py:36} INFO - 8
[2023-05-09T04:57:28.302+0000] {ml_response_dag.py:37} INFO - Inserted to db
[2023-05-09T04:57:28.302+0000] {ml_response_dag.py:35} INFO - {}
[2023-05-09T04:57:28.303+0000] {ml_response_dag.py:36} INFO - 8
[2023-05-09T04:57:28.304+0000] {ml_response_dag.py:37} INFO - Inserted to db
[2023-05-09T04:57:28.305+0000] {ml_response_dag.py:35} INFO - {}
[2023-05-09T04:57:28.306+0000] {ml_response_dag.py:36} INFO - 8
[2023-05-09T04:57:28.312+0000] {ml_response_dag.py:37} INFO - Inserted to db
[2023-05-09T04:57:28.316+0000] {ml_response_dag.py:35} INFO - {'value': '826', 'score': 0.74, 'ocr_score': 0.69, 'bounding_box': [0.98, 0.11, 0.14, 0.96]}
[2023-05-09T04:57:28.317+0000] {ml_response_dag.py:36} INFO - 8
[2023-05-09T04:57:28.335+0000] {ml_response_dag.py:37} INFO - Inserted to db
[2023-05-09T04:57:28.337+0000] {ml_response_dag.py:35} INFO - {}
[2023-05-09T04:57:28.338+0000] {ml_response_dag.py:36} INFO - 8
[2023-05-09T04:57:28.338+0000] {ml_response_dag.py:37} INFO - Inserted to db
[2023-05-09T04:57:28.340+0000] {ml_response_dag.py:35} INFO - {'value': '299', 'score': 0.85, 'ocr_score': 0.04, 'bounding_box': [0.14, 0.46, 0.06, 0.65]}
[2023-05-09T04:57:28.346+0000] {ml_response_dag.py:36} INFO - 8
[2023-05-09T04:57:28.354+0000] {ml_response_dag.py:37} INFO - Inserted to db
[2023-05-09T04:57:28.358+0000] {ml_response_dag.py:35} INFO - {'value': '362', 'score': 0.62, 'ocr_score': 0.51, 'bounding_box': [0.42, 0.48, 0.21, 0.45]}
[2023-05-09T04:57:28.362+0000] {ml_response_dag.py:36} INFO - 9
[2023-05-09T04:57:28.364+0000] {ml_response_dag.py:37} INFO - Inserted to db
[2023-05-09T04:57:28.365+0000] {ml_response_dag.py:35} INFO - {'value': '288', 'score': 0.77, 'ocr_score': 0.23, 'bounding_box': [0.16, 0.03, 0.68, 0.81]}
[2023-05-09T04:57:28.368+0000] {ml_response_dag.py:36} INFO - 9
[2023-05-09T04:57:28.372+0000] {ml_response_dag.py:37} INFO - Inserted to db
[2023-05-09T04:57:28.375+0000] {ml_response_dag.py:35} INFO - {'value': '803', 'score': 0.03, 'ocr_score': 0.42, 'bounding_box': [0.05, 0.5, 0.56, 0.95]}
[2023-05-09T04:57:28.376+0000] {ml_response_dag.py:36} INFO - 9
[2023-05-09T04:57:28.376+0000] {ml_response_dag.py:37} INFO - Inserted to db
[2023-05-09T04:57:28.378+0000] {ml_response_dag.py:35} INFO - {'value': '750', 'score': 0.85, 'ocr_score': 0.27, 'bounding_box': [0.71, 0.07, 0.54, 0.9]}
[2023-05-09T04:57:28.378+0000] {ml_response_dag.py:36} INFO - 9
[2023-05-09T04:57:28.381+0000] {ml_response_dag.py:37} INFO - Inserted to db
[2023-05-09T04:57:28.385+0000] {ml_response_dag.py:35} INFO - {'value': '148', 'score': 0.41, 'ocr_score': 0.97, 'bounding_box': [0.44, 0.51, 0.69, 0.67]}
[2023-05-09T04:57:28.388+0000] {ml_response_dag.py:36} INFO - 9
[2023-05-09T04:57:28.390+0000] {ml_response_dag.py:37} INFO - Inserted to db
[2023-05-09T04:57:28.393+0000] {ml_response_dag.py:35} INFO - {'value': '161', 'score': 0.49, 'ocr_score': 0.58, 'bounding_box': [0.51, 0.51, 0.55, 0.06]}
[2023-05-09T04:57:28.394+0000] {ml_response_dag.py:36} INFO - 9
[2023-05-09T04:57:28.403+0000] {ml_response_dag.py:37} INFO - Inserted to db
[2023-05-09T04:57:28.411+0000] {ml_response_dag.py:35} INFO - {}
[2023-05-09T04:57:28.416+0000] {ml_response_dag.py:36} INFO - 9
[2023-05-09T04:57:28.417+0000] {ml_response_dag.py:37} INFO - Inserted to db
[2023-05-09T04:57:28.420+0000] {ml_response_dag.py:35} INFO - {}
[2023-05-09T04:57:28.421+0000] {ml_response_dag.py:36} INFO - 9
[2023-05-09T04:57:28.422+0000] {ml_response_dag.py:37} INFO - Inserted to db
[2023-05-09T04:57:28.430+0000] {ml_response_dag.py:35} INFO - {}
[2023-05-09T04:57:28.432+0000] {ml_response_dag.py:36} INFO - 9
[2023-05-09T04:57:28.441+0000] {ml_response_dag.py:37} INFO - Inserted to db
[2023-05-09T04:57:28.446+0000] {ml_response_dag.py:35} INFO - {'value': '842', 'score': 0.47, 'ocr_score': 0.75, 'bounding_box': [0.16, 0.91, 0.32, 0.53]}
[2023-05-09T04:57:28.452+0000] {ml_response_dag.py:36} INFO - 10
[2023-05-09T04:57:28.463+0000] {ml_response_dag.py:37} INFO - Inserted to db
[2023-05-09T04:57:28.469+0000] {ml_response_dag.py:35} INFO - {}
[2023-05-09T04:57:28.487+0000] {ml_response_dag.py:36} INFO - 10
[2023-05-09T04:57:28.491+0000] {ml_response_dag.py:37} INFO - Inserted to db
[2023-05-09T04:57:28.499+0000] {ml_response_dag.py:35} INFO - {}
[2023-05-09T04:57:28.503+0000] {ml_response_dag.py:36} INFO - 10
[2023-05-09T04:57:28.507+0000] {ml_response_dag.py:37} INFO - Inserted to db
[2023-05-09T04:57:28.518+0000] {ml_response_dag.py:35} INFO - {'value': '458', 'score': 0.81, 'ocr_score': 0.31, 'bounding_box': [0.69, 0.54, 0.48, 0.39]}
[2023-05-09T04:57:28.520+0000] {ml_response_dag.py:36} INFO - 10
[2023-05-09T04:57:28.520+0000] {ml_response_dag.py:37} INFO - Inserted to db
[2023-05-09T04:57:28.529+0000] {ml_response_dag.py:35} INFO - {'value': '776', 'score': 0.77, 'ocr_score': 0.34, 'bounding_box': [0.76, 0.85, 0.56, 0.82]}
[2023-05-09T04:57:28.533+0000] {ml_response_dag.py:36} INFO - 10
[2023-05-09T04:57:28.541+0000] {ml_response_dag.py:37} INFO - Inserted to db
[2023-05-09T04:57:28.544+0000] {ml_response_dag.py:35} INFO - {}
[2023-05-09T04:57:28.545+0000] {ml_response_dag.py:36} INFO - 10
[2023-05-09T04:57:28.546+0000] {ml_response_dag.py:37} INFO - Inserted to db
[2023-05-09T04:57:28.551+0000] {ml_response_dag.py:35} INFO - {'value': '51', 'score': 0.76, 'ocr_score': 0.29, 'bounding_box': [0.79, 0.88, 0.43, 0.21]}
[2023-05-09T04:57:28.559+0000] {ml_response_dag.py:36} INFO - 10
[2023-05-09T04:57:28.592+0000] {ml_response_dag.py:37} INFO - Inserted to db
[2023-05-09T04:57:28.613+0000] {ml_response_dag.py:35} INFO - {'value': '843', 'score': 0.05, 'ocr_score': 0.96, 'bounding_box': [0.84, 0.04, 0.6, 0.52]}
[2023-05-09T04:57:28.615+0000] {ml_response_dag.py:36} INFO - 10
[2023-05-09T04:57:28.616+0000] {ml_response_dag.py:37} INFO - Inserted to db
[2023-05-09T04:57:28.619+0000] {ml_response_dag.py:35} INFO - {'value': '517', 'score': 0.75, 'ocr_score': 0.74, 'bounding_box': [0.65, 0.92, 0.1, 0.59]}
[2023-05-09T04:57:28.665+0000] {ml_response_dag.py:36} INFO - 10
[2023-05-09T04:57:28.672+0000] {ml_response_dag.py:37} INFO - Inserted to db
[2023-05-09T04:57:28.698+0000] {ml_response_dag.py:35} INFO - {}
[2023-05-09T04:57:28.705+0000] {ml_response_dag.py:36} INFO - 11
[2023-05-09T04:57:28.711+0000] {ml_response_dag.py:37} INFO - Inserted to db
[2023-05-09T04:57:28.713+0000] {ml_response_dag.py:35} INFO - {}
[2023-05-09T04:57:28.721+0000] {ml_response_dag.py:36} INFO - 11
[2023-05-09T04:57:28.723+0000] {ml_response_dag.py:37} INFO - Inserted to db
[2023-05-09T04:57:28.727+0000] {ml_response_dag.py:35} INFO - {'value': '288', 'score': 0.6, 'ocr_score': 0.29, 'bounding_box': [0.96, 0.39, 0.81, 0.96]}
[2023-05-09T04:57:28.745+0000] {ml_response_dag.py:36} INFO - 11
[2023-05-09T04:57:28.748+0000] {ml_response_dag.py:37} INFO - Inserted to db
[2023-05-09T04:57:28.753+0000] {ml_response_dag.py:35} INFO - {'value': '878', 'score': 0.44, 'ocr_score': 0.56, 'bounding_box': [0.46, 0.03, 0.06, 0.3]}
[2023-05-09T04:57:28.763+0000] {ml_response_dag.py:36} INFO - 11
[2023-05-09T04:57:28.783+0000] {ml_response_dag.py:37} INFO - Inserted to db
[2023-05-09T04:57:28.792+0000] {ml_response_dag.py:35} INFO - {}
[2023-05-09T04:57:28.796+0000] {ml_response_dag.py:36} INFO - 11
[2023-05-09T04:57:28.799+0000] {ml_response_dag.py:37} INFO - Inserted to db
[2023-05-09T04:57:28.801+0000] {ml_response_dag.py:35} INFO - {}
[2023-05-09T04:57:28.803+0000] {ml_response_dag.py:36} INFO - 11
[2023-05-09T04:57:28.804+0000] {ml_response_dag.py:37} INFO - Inserted to db
[2023-05-09T04:57:28.809+0000] {ml_response_dag.py:35} INFO - {}
[2023-05-09T04:57:28.810+0000] {ml_response_dag.py:36} INFO - 11
[2023-05-09T04:57:28.811+0000] {ml_response_dag.py:37} INFO - Inserted to db
[2023-05-09T04:57:28.812+0000] {ml_response_dag.py:35} INFO - {'value': '650', 'score': 0.79, 'ocr_score': 0.64, 'bounding_box': [0.13, 0.78, 0.29, 0.37]}
[2023-05-09T04:57:28.813+0000] {ml_response_dag.py:36} INFO - 11
[2023-05-09T04:57:28.814+0000] {ml_response_dag.py:37} INFO - Inserted to db
[2023-05-09T04:57:28.815+0000] {ml_response_dag.py:35} INFO - {}
[2023-05-09T04:57:28.815+0000] {ml_response_dag.py:36} INFO - 11
[2023-05-09T04:57:28.816+0000] {ml_response_dag.py:37} INFO - Inserted to db
[2023-05-09T04:57:28.819+0000] {ml_response_dag.py:35} INFO - {'value': '643', 'score': 0.23, 'ocr_score': 0.72, 'bounding_box': [0.01, 0.39, 0.58, 0.53]}
[2023-05-09T04:57:28.821+0000] {ml_response_dag.py:36} INFO - 12
[2023-05-09T04:57:28.821+0000] {ml_response_dag.py:37} INFO - Inserted to db
[2023-05-09T04:57:28.822+0000] {ml_response_dag.py:35} INFO - {}
[2023-05-09T04:57:28.823+0000] {ml_response_dag.py:36} INFO - 13
[2023-05-09T04:57:28.823+0000] {ml_response_dag.py:37} INFO - Inserted to db
[2023-05-09T04:57:28.824+0000] {ml_response_dag.py:35} INFO - {}
[2023-05-09T04:57:28.831+0000] {ml_response_dag.py:36} INFO - 14
[2023-05-09T04:57:28.832+0000] {ml_response_dag.py:37} INFO - Inserted to db
[2023-05-09T04:57:28.833+0000] {ml_response_dag.py:35} INFO - {'value': '141', 'score': 0.27, 'ocr_score': 0.93, 'bounding_box': [0.24, 0.73, 0.11, 0.89]}
[2023-05-09T04:57:28.833+0000] {ml_response_dag.py:36} INFO - 15
[2023-05-09T04:57:28.834+0000] {ml_response_dag.py:37} INFO - Inserted to db
[2023-05-09T04:57:28.837+0000] {ml_response_dag.py:35} INFO - {'value': '59', 'score': 0.45, 'ocr_score': 0.57, 'bounding_box': [0.45, 0.64, 0.68, 0.17]}
[2023-05-09T04:57:28.853+0000] {ml_response_dag.py:36} INFO - 15
[2023-05-09T04:57:28.869+0000] {ml_response_dag.py:37} INFO - Inserted to db
[2023-05-09T04:57:28.873+0000] {ml_response_dag.py:35} INFO - {'value': '333', 'score': 0.34, 'ocr_score': 0.85, 'bounding_box': [0.81, 0.57, 0.99, 0.77]}
[2023-05-09T04:57:28.875+0000] {ml_response_dag.py:36} INFO - 15
[2023-05-09T04:57:28.879+0000] {ml_response_dag.py:37} INFO - Inserted to db
[2023-05-09T04:57:28.882+0000] {ml_response_dag.py:35} INFO - {'value': '257', 'score': 0.11, 'ocr_score': 0.43, 'bounding_box': [0.37, 0.55, 0.53, 0.66]}
[2023-05-09T04:57:28.884+0000] {ml_response_dag.py:36} INFO - 15
[2023-05-09T04:57:28.886+0000] {ml_response_dag.py:37} INFO - Inserted to db
[2023-05-09T04:57:28.887+0000] {ml_response_dag.py:35} INFO - {'value': '190', 'score': 0.21, 'ocr_score': 0.83, 'bounding_box': [0.88, 0.83, 0.57, 0.11]}
[2023-05-09T04:57:28.905+0000] {ml_response_dag.py:36} INFO - 15
[2023-05-09T04:57:28.917+0000] {ml_response_dag.py:37} INFO - Inserted to db
[2023-05-09T04:57:28.953+0000] {ml_response_dag.py:35} INFO - {}
[2023-05-09T04:57:28.960+0000] {ml_response_dag.py:36} INFO - 15
[2023-05-09T04:57:28.961+0000] {ml_response_dag.py:37} INFO - Inserted to db
[2023-05-09T04:57:28.965+0000] {ml_response_dag.py:35} INFO - {}
[2023-05-09T04:57:28.972+0000] {ml_response_dag.py:36} INFO - 15
[2023-05-09T04:57:28.976+0000] {ml_response_dag.py:37} INFO - Inserted to db
[2023-05-09T04:57:28.999+0000] {ml_response_dag.py:35} INFO - {}
[2023-05-09T04:57:29.000+0000] {ml_response_dag.py:36} INFO - 15
[2023-05-09T04:57:29.002+0000] {ml_response_dag.py:37} INFO - Inserted to db
[2023-05-09T04:57:29.019+0000] {ml_response_dag.py:35} INFO - {'value': '475', 'score': 0.57, 'ocr_score': 0.49, 'bounding_box': [0.4, 0.3, 0.99, 0.32]}
[2023-05-09T04:57:29.022+0000] {ml_response_dag.py:36} INFO - 15
[2023-05-09T04:57:29.024+0000] {ml_response_dag.py:37} INFO - Inserted to db
[2023-05-09T04:57:29.033+0000] {ml_response_dag.py:35} INFO - {'value': '745', 'score': 0.84, 'ocr_score': 0.82, 'bounding_box': [0.84, 0.57, 0.94, 0.44]}
[2023-05-09T04:57:29.035+0000] {ml_response_dag.py:36} INFO - 16
[2023-05-09T04:57:29.036+0000] {ml_response_dag.py:37} INFO - Inserted to db
[2023-05-09T04:57:29.045+0000] {python.py:183} INFO - Done. Returned value was: None
[2023-05-09T04:57:29.648+0000] {taskinstance.py:1373} INFO - Marking task as SUCCESS. dag_id=veryfi_extract_total, task_id=extract_and_load, execution_date=20230508T084000, start_date=20230509T045726, end_date=20230509T045729
[2023-05-09T04:57:29.923+0000] {local_task_job_runner.py:232} INFO - Task exited with return code 0
[2023-05-09T04:57:30.151+0000] {taskinstance.py:2674} INFO - 0 downstream tasks scheduled from follow-on schedule check
