[2023-05-08T23:13:46.464+0000] {taskinstance.py:1125} INFO - Dependencies all met for dep_context=non-requeueable deps ti=<TaskInstance: veryfi_extract_total.extract_and_load scheduled__2023-05-08T00:20:00+00:00 [queued]>
[2023-05-08T23:13:46.481+0000] {taskinstance.py:1125} INFO - Dependencies all met for dep_context=requeueable deps ti=<TaskInstance: veryfi_extract_total.extract_and_load scheduled__2023-05-08T00:20:00+00:00 [queued]>
[2023-05-08T23:13:46.483+0000] {taskinstance.py:1331} INFO - Starting attempt 1 of 2
[2023-05-08T23:13:46.500+0000] {taskinstance.py:1350} INFO - Executing <Task(PythonOperator): extract_and_load> on 2023-05-08 00:20:00+00:00
[2023-05-08T23:13:46.511+0000] {standard_task_runner.py:57} INFO - Started process 372 to run task
[2023-05-08T23:13:46.525+0000] {standard_task_runner.py:84} INFO - Running: ['***', 'tasks', 'run', 'veryfi_extract_total', 'extract_and_load', 'scheduled__2023-05-08T00:20:00+00:00', '--job-id', '75', '--raw', '--subdir', 'DAGS_FOLDER/ml_response_dag.py', '--cfg-path', '/tmp/tmpn5c87rlm']
[2023-05-08T23:13:46.526+0000] {standard_task_runner.py:85} INFO - Job 75: Subtask extract_and_load
[2023-05-08T23:13:46.656+0000] {task_command.py:410} INFO - Running <TaskInstance: veryfi_extract_total.extract_and_load scheduled__2023-05-08T00:20:00+00:00 [running]> on host 916d3785c91c
[2023-05-08T23:13:46.869+0000] {taskinstance.py:1570} INFO - Exporting env vars: AIRFLOW_CTX_DAG_OWNER='***' AIRFLOW_CTX_DAG_ID='veryfi_extract_total' AIRFLOW_CTX_TASK_ID='extract_and_load' AIRFLOW_CTX_EXECUTION_DATE='2023-05-08T00:20:00+00:00' AIRFLOW_CTX_TRY_NUMBER='1' AIRFLOW_CTX_DAG_RUN_ID='scheduled__2023-05-08T00:20:00+00:00'
[2023-05-08T23:13:46.883+0000] {taskinstance.py:1847} ERROR - Task failed with exception
Traceback (most recent call last):
  File "/home/airflow/.local/lib/python3.7/site-packages/airflow/operators/python.py", line 181, in execute
    return_value = self.execute_callable()
  File "/home/airflow/.local/lib/python3.7/site-packages/airflow/operators/python.py", line 198, in execute_callable
    return self.python_callable(*self.op_args, **self.op_kwargs)
  File "/opt/airflow/dags/ml_response_dag.py", line 31, in extract_total
    cur.execute("INSERT INTO parsed_total (total) VALUES (%s)", (total,))
psycopg2.ProgrammingError: can't adapt type 'dict'
[2023-05-08T23:13:46.905+0000] {taskinstance.py:1373} INFO - Marking task as UP_FOR_RETRY. dag_id=veryfi_extract_total, task_id=extract_and_load, execution_date=20230508T002000, start_date=20230508T231346, end_date=20230508T231346
[2023-05-08T23:13:46.925+0000] {standard_task_runner.py:109} ERROR - Failed to execute job 75 for task extract_and_load (can't adapt type 'dict'; 372)
[2023-05-08T23:13:46.967+0000] {local_task_job_runner.py:232} INFO - Task exited with return code 1
[2023-05-08T23:13:47.000+0000] {taskinstance.py:2674} INFO - 0 downstream tasks scheduled from follow-on schedule check
[2023-05-09T04:45:43.755+0000] {taskinstance.py:1125} INFO - Dependencies all met for dep_context=non-requeueable deps ti=<TaskInstance: veryfi_extract_total.extract_and_load scheduled__2023-05-08T00:20:00+00:00 [queued]>
[2023-05-09T04:45:43.766+0000] {taskinstance.py:1125} INFO - Dependencies all met for dep_context=requeueable deps ti=<TaskInstance: veryfi_extract_total.extract_and_load scheduled__2023-05-08T00:20:00+00:00 [queued]>
[2023-05-09T04:45:43.770+0000] {taskinstance.py:1331} INFO - Starting attempt 1 of 2
[2023-05-09T04:45:43.792+0000] {taskinstance.py:1350} INFO - Executing <Task(PythonOperator): extract_and_load> on 2023-05-08 00:20:00+00:00
[2023-05-09T04:45:43.797+0000] {standard_task_runner.py:57} INFO - Started process 909 to run task
[2023-05-09T04:45:43.806+0000] {standard_task_runner.py:84} INFO - Running: ['***', 'tasks', 'run', 'veryfi_extract_total', 'extract_and_load', 'scheduled__2023-05-08T00:20:00+00:00', '--job-id', '175', '--raw', '--subdir', 'DAGS_FOLDER/ml_response_dag.py', '--cfg-path', '/tmp/tmpfs7qtca6']
[2023-05-09T04:45:43.808+0000] {standard_task_runner.py:85} INFO - Job 175: Subtask extract_and_load
[2023-05-09T04:45:43.970+0000] {task_command.py:410} INFO - Running <TaskInstance: veryfi_extract_total.extract_and_load scheduled__2023-05-08T00:20:00+00:00 [running]> on host aa4b7d3de44b
[2023-05-09T04:45:44.223+0000] {taskinstance.py:1570} INFO - Exporting env vars: AIRFLOW_CTX_DAG_OWNER='***' AIRFLOW_CTX_DAG_ID='veryfi_extract_total' AIRFLOW_CTX_TASK_ID='extract_and_load' AIRFLOW_CTX_EXECUTION_DATE='2023-05-08T00:20:00+00:00' AIRFLOW_CTX_TRY_NUMBER='1' AIRFLOW_CTX_DAG_RUN_ID='scheduled__2023-05-08T00:20:00+00:00'
[2023-05-09T04:45:44.242+0000] {ml_response_dag.py:36} INFO - {}
[2023-05-09T04:45:44.243+0000] {ml_response_dag.py:37} INFO - 1
[2023-05-09T04:45:44.244+0000] {ml_response_dag.py:36} INFO - {'value': '544', 'score': 0.22, 'ocr_score': 0.81, 'bounding_box': [0.22, 0.37, 0.38, 0.52]}
[2023-05-09T04:45:44.244+0000] {ml_response_dag.py:37} INFO - 1
[2023-05-09T04:45:44.245+0000] {ml_response_dag.py:36} INFO - {}
[2023-05-09T04:45:44.245+0000] {ml_response_dag.py:37} INFO - 1
[2023-05-09T04:45:44.246+0000] {ml_response_dag.py:36} INFO - {}
[2023-05-09T04:45:44.246+0000] {ml_response_dag.py:37} INFO - 1
[2023-05-09T04:45:44.247+0000] {ml_response_dag.py:36} INFO - {}
[2023-05-09T04:45:44.247+0000] {ml_response_dag.py:37} INFO - 1
[2023-05-09T04:45:44.247+0000] {ml_response_dag.py:36} INFO - {}
[2023-05-09T04:45:44.248+0000] {ml_response_dag.py:37} INFO - 1
[2023-05-09T04:45:44.248+0000] {ml_response_dag.py:36} INFO - {'value': '660', 'score': 0.48, 'ocr_score': 0.32, 'bounding_box': [0.07, 0.82, 0.06, 0.37]}
[2023-05-09T04:45:44.249+0000] {ml_response_dag.py:37} INFO - 1
[2023-05-09T04:45:44.249+0000] {ml_response_dag.py:36} INFO - {}
[2023-05-09T04:45:44.250+0000] {ml_response_dag.py:37} INFO - 1
[2023-05-09T04:45:44.250+0000] {ml_response_dag.py:36} INFO - {'value': '801', 'score': 0.92, 'ocr_score': 0.28, 'bounding_box': [0.56, 0.9, 0.37, 0.79]}
[2023-05-09T04:45:44.250+0000] {ml_response_dag.py:37} INFO - 1
[2023-05-09T04:45:44.251+0000] {ml_response_dag.py:36} INFO - {}
[2023-05-09T04:45:44.251+0000] {ml_response_dag.py:37} INFO - 2
[2023-05-09T04:45:44.252+0000] {ml_response_dag.py:36} INFO - {}
[2023-05-09T04:45:44.252+0000] {ml_response_dag.py:37} INFO - 2
[2023-05-09T04:45:44.253+0000] {ml_response_dag.py:36} INFO - {'value': '880', 'score': 0.06, 'ocr_score': 0.1, 'bounding_box': [0.76, 0.47, 0.16, 0.27]}
[2023-05-09T04:45:44.254+0000] {ml_response_dag.py:37} INFO - 2
[2023-05-09T04:45:44.255+0000] {ml_response_dag.py:36} INFO - {'value': '380', 'score': 0.11, 'ocr_score': 0.36, 'bounding_box': [0.99, 0.15, 0.39, 0.03]}
[2023-05-09T04:45:44.255+0000] {ml_response_dag.py:37} INFO - 2
[2023-05-09T04:45:44.255+0000] {ml_response_dag.py:36} INFO - {}
[2023-05-09T04:45:44.256+0000] {ml_response_dag.py:37} INFO - 2
[2023-05-09T04:45:44.256+0000] {ml_response_dag.py:36} INFO - {'value': '770', 'score': 0.37, 'ocr_score': 0.84, 'bounding_box': [0.79, 0.15, 0.82, 0.6]}
[2023-05-09T04:45:44.256+0000] {ml_response_dag.py:37} INFO - 2
[2023-05-09T04:45:44.257+0000] {ml_response_dag.py:36} INFO - {}
[2023-05-09T04:45:44.257+0000] {ml_response_dag.py:37} INFO - 2
[2023-05-09T04:45:44.257+0000] {ml_response_dag.py:36} INFO - {}
[2023-05-09T04:45:44.258+0000] {ml_response_dag.py:37} INFO - 2
[2023-05-09T04:45:44.258+0000] {ml_response_dag.py:36} INFO - {}
[2023-05-09T04:45:44.258+0000] {ml_response_dag.py:37} INFO - 2
[2023-05-09T04:45:44.258+0000] {ml_response_dag.py:36} INFO - {}
[2023-05-09T04:45:44.259+0000] {ml_response_dag.py:37} INFO - 3
[2023-05-09T04:45:44.259+0000] {ml_response_dag.py:36} INFO - {}
[2023-05-09T04:45:44.259+0000] {ml_response_dag.py:37} INFO - 4
[2023-05-09T04:45:44.260+0000] {ml_response_dag.py:36} INFO - {}
[2023-05-09T04:45:44.260+0000] {ml_response_dag.py:37} INFO - 5
[2023-05-09T04:45:44.261+0000] {ml_response_dag.py:36} INFO - {}
[2023-05-09T04:45:44.261+0000] {ml_response_dag.py:37} INFO - 5
[2023-05-09T04:45:44.261+0000] {ml_response_dag.py:36} INFO - {'value': '418', 'score': 0.49, 'ocr_score': 0.15, 'bounding_box': [0.88, 0.92, 0.46, 0.3]}
[2023-05-09T04:45:44.262+0000] {ml_response_dag.py:37} INFO - 5
[2023-05-09T04:45:44.262+0000] {ml_response_dag.py:36} INFO - {}
[2023-05-09T04:45:44.263+0000] {ml_response_dag.py:37} INFO - 5
[2023-05-09T04:45:44.263+0000] {ml_response_dag.py:36} INFO - {}
[2023-05-09T04:45:44.269+0000] {ml_response_dag.py:37} INFO - 5
[2023-05-09T04:45:44.269+0000] {ml_response_dag.py:36} INFO - {'value': '78', 'score': 0.03, 'ocr_score': 0.66, 'bounding_box': [0.31, 0.81, 0.43, 0.03]}
[2023-05-09T04:45:44.270+0000] {ml_response_dag.py:37} INFO - 5
[2023-05-09T04:45:44.271+0000] {ml_response_dag.py:36} INFO - {}
[2023-05-09T04:45:44.271+0000] {ml_response_dag.py:37} INFO - 5
[2023-05-09T04:45:44.271+0000] {ml_response_dag.py:36} INFO - {'value': '889', 'score': 0.72, 'ocr_score': 0.56, 'bounding_box': [0.38, 0.17, 0.28, 1.0]}
[2023-05-09T04:45:44.273+0000] {ml_response_dag.py:37} INFO - 5
[2023-05-09T04:45:44.273+0000] {ml_response_dag.py:36} INFO - {'value': '292', 'score': 0.23, 'ocr_score': 0.39, 'bounding_box': [0.45, 0.93, 0.07, 0.2]}
[2023-05-09T04:45:44.273+0000] {ml_response_dag.py:37} INFO - 5
[2023-05-09T04:45:44.273+0000] {ml_response_dag.py:36} INFO - {}
[2023-05-09T04:45:44.274+0000] {ml_response_dag.py:37} INFO - 6
[2023-05-09T04:45:44.274+0000] {ml_response_dag.py:36} INFO - {'value': '542', 'score': 0.01, 'ocr_score': 0.03, 'bounding_box': [0.27, 0.53, 0.77, 0.97]}
[2023-05-09T04:45:44.274+0000] {ml_response_dag.py:37} INFO - 7
[2023-05-09T04:45:44.276+0000] {ml_response_dag.py:36} INFO - {'value': '342', 'score': 0.56, 'ocr_score': 0.14, 'bounding_box': [0.77, 0.91, 0.18, 0.2]}
[2023-05-09T04:45:44.276+0000] {ml_response_dag.py:37} INFO - 7
[2023-05-09T04:45:44.276+0000] {ml_response_dag.py:36} INFO - {'value': '967', 'score': 0.78, 'ocr_score': 0.39, 'bounding_box': [0.86, 0.38, 0.41, 0.36]}
[2023-05-09T04:45:44.277+0000] {ml_response_dag.py:37} INFO - 7
[2023-05-09T04:45:44.277+0000] {ml_response_dag.py:36} INFO - {'value': '100', 'score': 0.68, 'ocr_score': 0.75, 'bounding_box': [0.32, 0.6, 0.97, 0.05]}
[2023-05-09T04:45:44.277+0000] {ml_response_dag.py:37} INFO - 7
[2023-05-09T04:45:44.278+0000] {ml_response_dag.py:36} INFO - {}
[2023-05-09T04:45:44.278+0000] {ml_response_dag.py:37} INFO - 7
[2023-05-09T04:45:44.278+0000] {ml_response_dag.py:36} INFO - {}
[2023-05-09T04:45:44.279+0000] {ml_response_dag.py:37} INFO - 7
[2023-05-09T04:45:44.280+0000] {ml_response_dag.py:36} INFO - {'value': '858', 'score': 0.94, 'ocr_score': 0.64, 'bounding_box': [0.22, 0.37, 0.17, 0.07]}
[2023-05-09T04:45:44.280+0000] {ml_response_dag.py:37} INFO - 7
[2023-05-09T04:45:44.281+0000] {ml_response_dag.py:36} INFO - {}
[2023-05-09T04:45:44.281+0000] {ml_response_dag.py:37} INFO - 7
[2023-05-09T04:45:44.281+0000] {ml_response_dag.py:36} INFO - {'value': '633', 'score': 0.77, 'ocr_score': 0.17, 'bounding_box': [0.44, 0.56, 0.26, 0.15]}
[2023-05-09T04:45:44.282+0000] {ml_response_dag.py:37} INFO - 7
[2023-05-09T04:45:44.282+0000] {ml_response_dag.py:36} INFO - {'value': '609', 'score': 0.47, 'ocr_score': 0.56, 'bounding_box': [0.3, 0.87, 0.78, 0.92]}
[2023-05-09T04:45:44.283+0000] {ml_response_dag.py:37} INFO - 8
[2023-05-09T04:45:44.283+0000] {ml_response_dag.py:36} INFO - {'value': '331', 'score': 0.49, 'ocr_score': 0.99, 'bounding_box': [0.55, 0.36, 0.08, 0.43]}
[2023-05-09T04:45:44.283+0000] {ml_response_dag.py:37} INFO - 8
[2023-05-09T04:45:44.284+0000] {ml_response_dag.py:36} INFO - {'value': '142', 'score': 0.0, 'ocr_score': 0.58, 'bounding_box': [0.17, 0.36, 0.83, 0.62]}
[2023-05-09T04:45:44.284+0000] {ml_response_dag.py:37} INFO - 8
[2023-05-09T04:45:44.284+0000] {ml_response_dag.py:36} INFO - {}
[2023-05-09T04:45:44.285+0000] {ml_response_dag.py:37} INFO - 8
[2023-05-09T04:45:44.285+0000] {ml_response_dag.py:36} INFO - {}
[2023-05-09T04:45:44.286+0000] {ml_response_dag.py:37} INFO - 8
[2023-05-09T04:45:44.286+0000] {ml_response_dag.py:36} INFO - {}
[2023-05-09T04:45:44.287+0000] {ml_response_dag.py:37} INFO - 8
[2023-05-09T04:45:44.287+0000] {ml_response_dag.py:36} INFO - {'value': '826', 'score': 0.74, 'ocr_score': 0.69, 'bounding_box': [0.98, 0.11, 0.14, 0.96]}
[2023-05-09T04:45:44.287+0000] {ml_response_dag.py:37} INFO - 8
[2023-05-09T04:45:44.288+0000] {ml_response_dag.py:36} INFO - {}
[2023-05-09T04:45:44.292+0000] {ml_response_dag.py:37} INFO - 8
[2023-05-09T04:45:44.294+0000] {ml_response_dag.py:36} INFO - {'value': '299', 'score': 0.85, 'ocr_score': 0.04, 'bounding_box': [0.14, 0.46, 0.06, 0.65]}
[2023-05-09T04:45:44.297+0000] {ml_response_dag.py:37} INFO - 8
[2023-05-09T04:45:44.298+0000] {ml_response_dag.py:36} INFO - {'value': '362', 'score': 0.62, 'ocr_score': 0.51, 'bounding_box': [0.42, 0.48, 0.21, 0.45]}
[2023-05-09T04:45:44.299+0000] {ml_response_dag.py:37} INFO - 9
[2023-05-09T04:45:44.299+0000] {ml_response_dag.py:36} INFO - {'value': '288', 'score': 0.77, 'ocr_score': 0.23, 'bounding_box': [0.16, 0.03, 0.68, 0.81]}
[2023-05-09T04:45:44.300+0000] {ml_response_dag.py:37} INFO - 9
[2023-05-09T04:45:44.300+0000] {ml_response_dag.py:36} INFO - {'value': '803', 'score': 0.03, 'ocr_score': 0.42, 'bounding_box': [0.05, 0.5, 0.56, 0.95]}
[2023-05-09T04:45:44.300+0000] {ml_response_dag.py:37} INFO - 9
[2023-05-09T04:45:44.301+0000] {ml_response_dag.py:36} INFO - {'value': '750', 'score': 0.85, 'ocr_score': 0.27, 'bounding_box': [0.71, 0.07, 0.54, 0.9]}
[2023-05-09T04:45:44.301+0000] {ml_response_dag.py:37} INFO - 9
[2023-05-09T04:45:44.302+0000] {ml_response_dag.py:36} INFO - {'value': '148', 'score': 0.41, 'ocr_score': 0.97, 'bounding_box': [0.44, 0.51, 0.69, 0.67]}
[2023-05-09T04:45:44.302+0000] {ml_response_dag.py:37} INFO - 9
[2023-05-09T04:45:44.303+0000] {ml_response_dag.py:36} INFO - {'value': '161', 'score': 0.49, 'ocr_score': 0.58, 'bounding_box': [0.51, 0.51, 0.55, 0.06]}
[2023-05-09T04:45:44.304+0000] {ml_response_dag.py:37} INFO - 9
[2023-05-09T04:45:44.304+0000] {ml_response_dag.py:36} INFO - {}
[2023-05-09T04:45:44.305+0000] {ml_response_dag.py:37} INFO - 9
[2023-05-09T04:45:44.305+0000] {ml_response_dag.py:36} INFO - {}
[2023-05-09T04:45:44.306+0000] {ml_response_dag.py:37} INFO - 9
[2023-05-09T04:45:44.306+0000] {ml_response_dag.py:36} INFO - {}
[2023-05-09T04:45:44.307+0000] {ml_response_dag.py:37} INFO - 9
[2023-05-09T04:45:44.308+0000] {ml_response_dag.py:36} INFO - {'value': '842', 'score': 0.47, 'ocr_score': 0.75, 'bounding_box': [0.16, 0.91, 0.32, 0.53]}
[2023-05-09T04:45:44.308+0000] {ml_response_dag.py:37} INFO - 10
[2023-05-09T04:45:44.308+0000] {ml_response_dag.py:36} INFO - {}
[2023-05-09T04:45:44.309+0000] {ml_response_dag.py:37} INFO - 10
[2023-05-09T04:45:44.309+0000] {ml_response_dag.py:36} INFO - {}
[2023-05-09T04:45:44.309+0000] {ml_response_dag.py:37} INFO - 10
[2023-05-09T04:45:44.310+0000] {ml_response_dag.py:36} INFO - {'value': '458', 'score': 0.81, 'ocr_score': 0.31, 'bounding_box': [0.69, 0.54, 0.48, 0.39]}
[2023-05-09T04:45:44.310+0000] {ml_response_dag.py:37} INFO - 10
[2023-05-09T04:45:44.311+0000] {ml_response_dag.py:36} INFO - {'value': '776', 'score': 0.77, 'ocr_score': 0.34, 'bounding_box': [0.76, 0.85, 0.56, 0.82]}
[2023-05-09T04:45:44.311+0000] {ml_response_dag.py:37} INFO - 10
[2023-05-09T04:45:44.311+0000] {ml_response_dag.py:36} INFO - {}
[2023-05-09T04:45:44.312+0000] {ml_response_dag.py:37} INFO - 10
[2023-05-09T04:45:44.312+0000] {ml_response_dag.py:36} INFO - {'value': '51', 'score': 0.76, 'ocr_score': 0.29, 'bounding_box': [0.79, 0.88, 0.43, 0.21]}
[2023-05-09T04:45:44.313+0000] {ml_response_dag.py:37} INFO - 10
[2023-05-09T04:45:44.313+0000] {ml_response_dag.py:36} INFO - {'value': '843', 'score': 0.05, 'ocr_score': 0.96, 'bounding_box': [0.84, 0.04, 0.6, 0.52]}
[2023-05-09T04:45:44.314+0000] {ml_response_dag.py:37} INFO - 10
[2023-05-09T04:45:44.314+0000] {ml_response_dag.py:36} INFO - {'value': '517', 'score': 0.75, 'ocr_score': 0.74, 'bounding_box': [0.65, 0.92, 0.1, 0.59]}
[2023-05-09T04:45:44.316+0000] {ml_response_dag.py:37} INFO - 10
[2023-05-09T04:45:44.317+0000] {ml_response_dag.py:36} INFO - {}
[2023-05-09T04:45:44.318+0000] {ml_response_dag.py:37} INFO - 11
[2023-05-09T04:45:44.318+0000] {ml_response_dag.py:36} INFO - {}
[2023-05-09T04:45:44.319+0000] {ml_response_dag.py:37} INFO - 11
[2023-05-09T04:45:44.319+0000] {ml_response_dag.py:36} INFO - {'value': '288', 'score': 0.6, 'ocr_score': 0.29, 'bounding_box': [0.96, 0.39, 0.81, 0.96]}
[2023-05-09T04:45:44.320+0000] {ml_response_dag.py:37} INFO - 11
[2023-05-09T04:45:44.320+0000] {ml_response_dag.py:36} INFO - {'value': '878', 'score': 0.44, 'ocr_score': 0.56, 'bounding_box': [0.46, 0.03, 0.06, 0.3]}
[2023-05-09T04:45:44.320+0000] {ml_response_dag.py:37} INFO - 11
[2023-05-09T04:45:44.321+0000] {ml_response_dag.py:36} INFO - {}
[2023-05-09T04:45:44.323+0000] {ml_response_dag.py:37} INFO - 11
[2023-05-09T04:45:44.323+0000] {ml_response_dag.py:36} INFO - {}
[2023-05-09T04:45:44.323+0000] {ml_response_dag.py:37} INFO - 11
[2023-05-09T04:45:44.324+0000] {ml_response_dag.py:36} INFO - {}
[2023-05-09T04:45:44.324+0000] {ml_response_dag.py:37} INFO - 11
[2023-05-09T04:45:44.324+0000] {ml_response_dag.py:36} INFO - {'value': '650', 'score': 0.79, 'ocr_score': 0.64, 'bounding_box': [0.13, 0.78, 0.29, 0.37]}
[2023-05-09T04:45:44.325+0000] {ml_response_dag.py:37} INFO - 11
[2023-05-09T04:45:44.325+0000] {ml_response_dag.py:36} INFO - {}
[2023-05-09T04:45:44.326+0000] {ml_response_dag.py:37} INFO - 11
[2023-05-09T04:45:44.326+0000] {ml_response_dag.py:36} INFO - {'value': '643', 'score': 0.23, 'ocr_score': 0.72, 'bounding_box': [0.01, 0.39, 0.58, 0.53]}
[2023-05-09T04:45:44.326+0000] {ml_response_dag.py:37} INFO - 12
[2023-05-09T04:45:44.327+0000] {ml_response_dag.py:36} INFO - {}
[2023-05-09T04:45:44.327+0000] {ml_response_dag.py:37} INFO - 13
[2023-05-09T04:45:44.327+0000] {ml_response_dag.py:36} INFO - {}
[2023-05-09T04:45:44.328+0000] {ml_response_dag.py:37} INFO - 14
[2023-05-09T04:45:44.329+0000] {ml_response_dag.py:36} INFO - {'value': '141', 'score': 0.27, 'ocr_score': 0.93, 'bounding_box': [0.24, 0.73, 0.11, 0.89]}
[2023-05-09T04:45:44.329+0000] {ml_response_dag.py:37} INFO - 15
[2023-05-09T04:45:44.330+0000] {ml_response_dag.py:36} INFO - {'value': '59', 'score': 0.45, 'ocr_score': 0.57, 'bounding_box': [0.45, 0.64, 0.68, 0.17]}
[2023-05-09T04:45:44.330+0000] {ml_response_dag.py:37} INFO - 15
[2023-05-09T04:45:44.330+0000] {ml_response_dag.py:36} INFO - {'value': '333', 'score': 0.34, 'ocr_score': 0.85, 'bounding_box': [0.81, 0.57, 0.99, 0.77]}
[2023-05-09T04:45:44.331+0000] {ml_response_dag.py:37} INFO - 15
[2023-05-09T04:45:44.331+0000] {ml_response_dag.py:36} INFO - {'value': '257', 'score': 0.11, 'ocr_score': 0.43, 'bounding_box': [0.37, 0.55, 0.53, 0.66]}
[2023-05-09T04:45:44.331+0000] {ml_response_dag.py:37} INFO - 15
[2023-05-09T04:45:44.332+0000] {ml_response_dag.py:36} INFO - {'value': '190', 'score': 0.21, 'ocr_score': 0.83, 'bounding_box': [0.88, 0.83, 0.57, 0.11]}
[2023-05-09T04:45:44.332+0000] {ml_response_dag.py:37} INFO - 15
[2023-05-09T04:45:44.332+0000] {ml_response_dag.py:36} INFO - {}
[2023-05-09T04:45:44.333+0000] {ml_response_dag.py:37} INFO - 15
[2023-05-09T04:45:44.333+0000] {ml_response_dag.py:36} INFO - {}
[2023-05-09T04:45:44.333+0000] {ml_response_dag.py:37} INFO - 15
[2023-05-09T04:45:44.333+0000] {ml_response_dag.py:36} INFO - {}
[2023-05-09T04:45:44.334+0000] {ml_response_dag.py:37} INFO - 15
[2023-05-09T04:45:44.334+0000] {ml_response_dag.py:36} INFO - {'value': '475', 'score': 0.57, 'ocr_score': 0.49, 'bounding_box': [0.4, 0.3, 0.99, 0.32]}
[2023-05-09T04:45:44.334+0000] {ml_response_dag.py:37} INFO - 15
[2023-05-09T04:45:44.335+0000] {ml_response_dag.py:36} INFO - {'value': '745', 'score': 0.84, 'ocr_score': 0.82, 'bounding_box': [0.84, 0.57, 0.94, 0.44]}
[2023-05-09T04:45:44.335+0000] {ml_response_dag.py:37} INFO - 16
[2023-05-09T04:45:44.335+0000] {python.py:183} INFO - Done. Returned value was: None
[2023-05-09T04:45:44.355+0000] {taskinstance.py:1373} INFO - Marking task as SUCCESS. dag_id=veryfi_extract_total, task_id=extract_and_load, execution_date=20230508T002000, start_date=20230509T044543, end_date=20230509T044544
[2023-05-09T04:45:44.432+0000] {local_task_job_runner.py:232} INFO - Task exited with return code 0
[2023-05-09T04:45:44.475+0000] {taskinstance.py:2674} INFO - 0 downstream tasks scheduled from follow-on schedule check
[2023-05-09T04:56:45.281+0000] {taskinstance.py:1125} INFO - Dependencies all met for dep_context=non-requeueable deps ti=<TaskInstance: veryfi_extract_total.extract_and_load scheduled__2023-05-08T00:20:00+00:00 [queued]>
[2023-05-09T04:56:45.492+0000] {taskinstance.py:1125} INFO - Dependencies all met for dep_context=requeueable deps ti=<TaskInstance: veryfi_extract_total.extract_and_load scheduled__2023-05-08T00:20:00+00:00 [queued]>
[2023-05-09T04:56:45.494+0000] {taskinstance.py:1331} INFO - Starting attempt 1 of 2
[2023-05-09T04:56:45.555+0000] {taskinstance.py:1350} INFO - Executing <Task(PythonOperator): extract_and_load> on 2023-05-08 00:20:00+00:00
[2023-05-09T04:56:45.588+0000] {standard_task_runner.py:57} INFO - Started process 1536 to run task
[2023-05-09T04:56:45.640+0000] {standard_task_runner.py:84} INFO - Running: ['***', 'tasks', 'run', 'veryfi_extract_total', 'extract_and_load', 'scheduled__2023-05-08T00:20:00+00:00', '--job-id', '394', '--raw', '--subdir', 'DAGS_FOLDER/ml_response_dag.py', '--cfg-path', '/tmp/tmpemqxglit']
[2023-05-09T04:56:45.646+0000] {standard_task_runner.py:85} INFO - Job 394: Subtask extract_and_load
[2023-05-09T04:56:46.065+0000] {task_command.py:410} INFO - Running <TaskInstance: veryfi_extract_total.extract_and_load scheduled__2023-05-08T00:20:00+00:00 [running]> on host aa4b7d3de44b
[2023-05-09T04:56:46.519+0000] {taskinstance.py:1570} INFO - Exporting env vars: AIRFLOW_CTX_DAG_OWNER='***' AIRFLOW_CTX_DAG_ID='veryfi_extract_total' AIRFLOW_CTX_TASK_ID='extract_and_load' AIRFLOW_CTX_EXECUTION_DATE='2023-05-08T00:20:00+00:00' AIRFLOW_CTX_TRY_NUMBER='1' AIRFLOW_CTX_DAG_RUN_ID='scheduled__2023-05-08T00:20:00+00:00'
[2023-05-09T04:56:46.651+0000] {ml_response_dag.py:35} INFO - {}
[2023-05-09T04:56:46.654+0000] {ml_response_dag.py:36} INFO - 1
[2023-05-09T04:56:46.655+0000] {ml_response_dag.py:37} INFO - Inserted to db
[2023-05-09T04:56:46.680+0000] {ml_response_dag.py:35} INFO - {'value': '544', 'score': 0.22, 'ocr_score': 0.81, 'bounding_box': [0.22, 0.37, 0.38, 0.52]}
[2023-05-09T04:56:46.681+0000] {ml_response_dag.py:36} INFO - 1
[2023-05-09T04:56:46.685+0000] {ml_response_dag.py:37} INFO - Inserted to db
[2023-05-09T04:56:46.706+0000] {ml_response_dag.py:35} INFO - {}
[2023-05-09T04:56:46.707+0000] {ml_response_dag.py:36} INFO - 1
[2023-05-09T04:56:46.708+0000] {ml_response_dag.py:37} INFO - Inserted to db
[2023-05-09T04:56:46.710+0000] {ml_response_dag.py:35} INFO - {}
[2023-05-09T04:56:46.710+0000] {ml_response_dag.py:36} INFO - 1
[2023-05-09T04:56:46.712+0000] {ml_response_dag.py:37} INFO - Inserted to db
[2023-05-09T04:56:46.715+0000] {ml_response_dag.py:35} INFO - {}
[2023-05-09T04:56:46.716+0000] {ml_response_dag.py:36} INFO - 1
[2023-05-09T04:56:46.717+0000] {ml_response_dag.py:37} INFO - Inserted to db
[2023-05-09T04:56:46.718+0000] {ml_response_dag.py:35} INFO - {}
[2023-05-09T04:56:46.719+0000] {ml_response_dag.py:36} INFO - 1
[2023-05-09T04:56:46.720+0000] {ml_response_dag.py:37} INFO - Inserted to db
[2023-05-09T04:56:46.725+0000] {ml_response_dag.py:35} INFO - {'value': '660', 'score': 0.48, 'ocr_score': 0.32, 'bounding_box': [0.07, 0.82, 0.06, 0.37]}
[2023-05-09T04:56:46.732+0000] {ml_response_dag.py:36} INFO - 1
[2023-05-09T04:56:46.734+0000] {ml_response_dag.py:37} INFO - Inserted to db
[2023-05-09T04:56:46.736+0000] {ml_response_dag.py:35} INFO - {}
[2023-05-09T04:56:46.737+0000] {ml_response_dag.py:36} INFO - 1
[2023-05-09T04:56:46.737+0000] {ml_response_dag.py:37} INFO - Inserted to db
[2023-05-09T04:56:46.738+0000] {ml_response_dag.py:35} INFO - {'value': '801', 'score': 0.92, 'ocr_score': 0.28, 'bounding_box': [0.56, 0.9, 0.37, 0.79]}
[2023-05-09T04:56:46.738+0000] {ml_response_dag.py:36} INFO - 1
[2023-05-09T04:56:46.739+0000] {ml_response_dag.py:37} INFO - Inserted to db
[2023-05-09T04:56:46.740+0000] {ml_response_dag.py:35} INFO - {}
[2023-05-09T04:56:46.742+0000] {ml_response_dag.py:36} INFO - 2
[2023-05-09T04:56:46.742+0000] {ml_response_dag.py:37} INFO - Inserted to db
[2023-05-09T04:56:46.744+0000] {ml_response_dag.py:35} INFO - {}
[2023-05-09T04:56:46.746+0000] {ml_response_dag.py:36} INFO - 2
[2023-05-09T04:56:46.753+0000] {ml_response_dag.py:37} INFO - Inserted to db
[2023-05-09T04:56:46.757+0000] {ml_response_dag.py:35} INFO - {'value': '880', 'score': 0.06, 'ocr_score': 0.1, 'bounding_box': [0.76, 0.47, 0.16, 0.27]}
[2023-05-09T04:56:46.758+0000] {ml_response_dag.py:36} INFO - 2
[2023-05-09T04:56:46.758+0000] {ml_response_dag.py:37} INFO - Inserted to db
[2023-05-09T04:56:46.760+0000] {ml_response_dag.py:35} INFO - {'value': '380', 'score': 0.11, 'ocr_score': 0.36, 'bounding_box': [0.99, 0.15, 0.39, 0.03]}
[2023-05-09T04:56:46.760+0000] {ml_response_dag.py:36} INFO - 2
[2023-05-09T04:56:46.761+0000] {ml_response_dag.py:37} INFO - Inserted to db
[2023-05-09T04:56:46.762+0000] {ml_response_dag.py:35} INFO - {}
[2023-05-09T04:56:46.762+0000] {ml_response_dag.py:36} INFO - 2
[2023-05-09T04:56:46.762+0000] {ml_response_dag.py:37} INFO - Inserted to db
[2023-05-09T04:56:46.766+0000] {ml_response_dag.py:35} INFO - {'value': '770', 'score': 0.37, 'ocr_score': 0.84, 'bounding_box': [0.79, 0.15, 0.82, 0.6]}
[2023-05-09T04:56:46.767+0000] {ml_response_dag.py:36} INFO - 2
[2023-05-09T04:56:46.768+0000] {ml_response_dag.py:37} INFO - Inserted to db
[2023-05-09T04:56:46.769+0000] {ml_response_dag.py:35} INFO - {}
[2023-05-09T04:56:46.770+0000] {ml_response_dag.py:36} INFO - 2
[2023-05-09T04:56:46.771+0000] {ml_response_dag.py:37} INFO - Inserted to db
[2023-05-09T04:56:46.772+0000] {ml_response_dag.py:35} INFO - {}
[2023-05-09T04:56:46.772+0000] {ml_response_dag.py:36} INFO - 2
[2023-05-09T04:56:46.773+0000] {ml_response_dag.py:37} INFO - Inserted to db
[2023-05-09T04:56:46.774+0000] {ml_response_dag.py:35} INFO - {}
[2023-05-09T04:56:46.774+0000] {ml_response_dag.py:36} INFO - 2
[2023-05-09T04:56:46.775+0000] {ml_response_dag.py:37} INFO - Inserted to db
[2023-05-09T04:56:46.775+0000] {ml_response_dag.py:35} INFO - {}
[2023-05-09T04:56:46.780+0000] {ml_response_dag.py:36} INFO - 3
[2023-05-09T04:56:46.780+0000] {ml_response_dag.py:37} INFO - Inserted to db
[2023-05-09T04:56:46.781+0000] {ml_response_dag.py:35} INFO - {}
[2023-05-09T04:56:46.781+0000] {ml_response_dag.py:36} INFO - 4
[2023-05-09T04:56:46.782+0000] {ml_response_dag.py:37} INFO - Inserted to db
[2023-05-09T04:56:46.783+0000] {ml_response_dag.py:35} INFO - {}
[2023-05-09T04:56:46.783+0000] {ml_response_dag.py:36} INFO - 5
[2023-05-09T04:56:46.784+0000] {ml_response_dag.py:37} INFO - Inserted to db
[2023-05-09T04:56:46.787+0000] {ml_response_dag.py:35} INFO - {}
[2023-05-09T04:56:46.787+0000] {ml_response_dag.py:36} INFO - 5
[2023-05-09T04:56:46.788+0000] {ml_response_dag.py:37} INFO - Inserted to db
[2023-05-09T04:56:46.789+0000] {ml_response_dag.py:35} INFO - {'value': '418', 'score': 0.49, 'ocr_score': 0.15, 'bounding_box': [0.88, 0.92, 0.46, 0.3]}
[2023-05-09T04:56:46.790+0000] {ml_response_dag.py:36} INFO - 5
[2023-05-09T04:56:46.790+0000] {ml_response_dag.py:37} INFO - Inserted to db
[2023-05-09T04:56:46.793+0000] {ml_response_dag.py:35} INFO - {}
[2023-05-09T04:56:46.794+0000] {ml_response_dag.py:36} INFO - 5
[2023-05-09T04:56:46.795+0000] {ml_response_dag.py:37} INFO - Inserted to db
[2023-05-09T04:56:46.797+0000] {ml_response_dag.py:35} INFO - {}
[2023-05-09T04:56:46.800+0000] {ml_response_dag.py:36} INFO - 5
[2023-05-09T04:56:46.802+0000] {ml_response_dag.py:37} INFO - Inserted to db
[2023-05-09T04:56:46.803+0000] {ml_response_dag.py:35} INFO - {'value': '78', 'score': 0.03, 'ocr_score': 0.66, 'bounding_box': [0.31, 0.81, 0.43, 0.03]}
[2023-05-09T04:56:46.805+0000] {ml_response_dag.py:36} INFO - 5
[2023-05-09T04:56:46.805+0000] {ml_response_dag.py:37} INFO - Inserted to db
[2023-05-09T04:56:46.806+0000] {ml_response_dag.py:35} INFO - {}
[2023-05-09T04:56:46.807+0000] {ml_response_dag.py:36} INFO - 5
[2023-05-09T04:56:46.808+0000] {ml_response_dag.py:37} INFO - Inserted to db
[2023-05-09T04:56:46.811+0000] {ml_response_dag.py:35} INFO - {'value': '889', 'score': 0.72, 'ocr_score': 0.56, 'bounding_box': [0.38, 0.17, 0.28, 1.0]}
[2023-05-09T04:56:46.812+0000] {ml_response_dag.py:36} INFO - 5
[2023-05-09T04:56:46.813+0000] {ml_response_dag.py:37} INFO - Inserted to db
[2023-05-09T04:56:46.825+0000] {ml_response_dag.py:35} INFO - {'value': '292', 'score': 0.23, 'ocr_score': 0.39, 'bounding_box': [0.45, 0.93, 0.07, 0.2]}
[2023-05-09T04:56:46.826+0000] {ml_response_dag.py:36} INFO - 5
[2023-05-09T04:56:46.826+0000] {ml_response_dag.py:37} INFO - Inserted to db
[2023-05-09T04:56:46.828+0000] {ml_response_dag.py:35} INFO - {}
[2023-05-09T04:56:46.830+0000] {ml_response_dag.py:36} INFO - 6
[2023-05-09T04:56:46.832+0000] {ml_response_dag.py:37} INFO - Inserted to db
[2023-05-09T04:56:46.832+0000] {ml_response_dag.py:35} INFO - {'value': '542', 'score': 0.01, 'ocr_score': 0.03, 'bounding_box': [0.27, 0.53, 0.77, 0.97]}
[2023-05-09T04:56:46.833+0000] {ml_response_dag.py:36} INFO - 7
[2023-05-09T04:56:46.834+0000] {ml_response_dag.py:37} INFO - Inserted to db
[2023-05-09T04:56:46.834+0000] {ml_response_dag.py:35} INFO - {'value': '342', 'score': 0.56, 'ocr_score': 0.14, 'bounding_box': [0.77, 0.91, 0.18, 0.2]}
[2023-05-09T04:56:46.835+0000] {ml_response_dag.py:36} INFO - 7
[2023-05-09T04:56:46.836+0000] {ml_response_dag.py:37} INFO - Inserted to db
[2023-05-09T04:56:46.838+0000] {ml_response_dag.py:35} INFO - {'value': '967', 'score': 0.78, 'ocr_score': 0.39, 'bounding_box': [0.86, 0.38, 0.41, 0.36]}
[2023-05-09T04:56:46.839+0000] {ml_response_dag.py:36} INFO - 7
[2023-05-09T04:56:46.839+0000] {ml_response_dag.py:37} INFO - Inserted to db
[2023-05-09T04:56:46.841+0000] {ml_response_dag.py:35} INFO - {'value': '100', 'score': 0.68, 'ocr_score': 0.75, 'bounding_box': [0.32, 0.6, 0.97, 0.05]}
[2023-05-09T04:56:46.841+0000] {ml_response_dag.py:36} INFO - 7
[2023-05-09T04:56:46.842+0000] {ml_response_dag.py:37} INFO - Inserted to db
[2023-05-09T04:56:46.842+0000] {ml_response_dag.py:35} INFO - {}
[2023-05-09T04:56:46.843+0000] {ml_response_dag.py:36} INFO - 7
[2023-05-09T04:56:46.843+0000] {ml_response_dag.py:37} INFO - Inserted to db
[2023-05-09T04:56:46.844+0000] {ml_response_dag.py:35} INFO - {}
[2023-05-09T04:56:46.844+0000] {ml_response_dag.py:36} INFO - 7
[2023-05-09T04:56:46.845+0000] {ml_response_dag.py:37} INFO - Inserted to db
[2023-05-09T04:56:46.845+0000] {ml_response_dag.py:35} INFO - {'value': '858', 'score': 0.94, 'ocr_score': 0.64, 'bounding_box': [0.22, 0.37, 0.17, 0.07]}
[2023-05-09T04:56:46.846+0000] {ml_response_dag.py:36} INFO - 7
[2023-05-09T04:56:46.848+0000] {ml_response_dag.py:37} INFO - Inserted to db
[2023-05-09T04:56:46.849+0000] {ml_response_dag.py:35} INFO - {}
[2023-05-09T04:56:46.849+0000] {ml_response_dag.py:36} INFO - 7
[2023-05-09T04:56:46.849+0000] {ml_response_dag.py:37} INFO - Inserted to db
[2023-05-09T04:56:46.850+0000] {ml_response_dag.py:35} INFO - {'value': '633', 'score': 0.77, 'ocr_score': 0.17, 'bounding_box': [0.44, 0.56, 0.26, 0.15]}
[2023-05-09T04:56:46.851+0000] {ml_response_dag.py:36} INFO - 7
[2023-05-09T04:56:46.851+0000] {ml_response_dag.py:37} INFO - Inserted to db
[2023-05-09T04:56:46.854+0000] {ml_response_dag.py:35} INFO - {'value': '609', 'score': 0.47, 'ocr_score': 0.56, 'bounding_box': [0.3, 0.87, 0.78, 0.92]}
[2023-05-09T04:56:46.855+0000] {ml_response_dag.py:36} INFO - 8
[2023-05-09T04:56:46.855+0000] {ml_response_dag.py:37} INFO - Inserted to db
[2023-05-09T04:56:46.857+0000] {ml_response_dag.py:35} INFO - {'value': '331', 'score': 0.49, 'ocr_score': 0.99, 'bounding_box': [0.55, 0.36, 0.08, 0.43]}
[2023-05-09T04:56:46.858+0000] {ml_response_dag.py:36} INFO - 8
[2023-05-09T04:56:46.858+0000] {ml_response_dag.py:37} INFO - Inserted to db
[2023-05-09T04:56:46.860+0000] {ml_response_dag.py:35} INFO - {'value': '142', 'score': 0.0, 'ocr_score': 0.58, 'bounding_box': [0.17, 0.36, 0.83, 0.62]}
[2023-05-09T04:56:46.861+0000] {ml_response_dag.py:36} INFO - 8
[2023-05-09T04:56:46.862+0000] {ml_response_dag.py:37} INFO - Inserted to db
[2023-05-09T04:56:46.869+0000] {ml_response_dag.py:35} INFO - {}
[2023-05-09T04:56:46.880+0000] {ml_response_dag.py:36} INFO - 8
[2023-05-09T04:56:46.883+0000] {ml_response_dag.py:37} INFO - Inserted to db
[2023-05-09T04:56:46.889+0000] {ml_response_dag.py:35} INFO - {}
[2023-05-09T04:56:46.890+0000] {ml_response_dag.py:36} INFO - 8
[2023-05-09T04:56:46.890+0000] {ml_response_dag.py:37} INFO - Inserted to db
[2023-05-09T04:56:46.891+0000] {ml_response_dag.py:35} INFO - {}
[2023-05-09T04:56:46.891+0000] {ml_response_dag.py:36} INFO - 8
[2023-05-09T04:56:46.892+0000] {ml_response_dag.py:37} INFO - Inserted to db
[2023-05-09T04:56:46.892+0000] {ml_response_dag.py:35} INFO - {'value': '826', 'score': 0.74, 'ocr_score': 0.69, 'bounding_box': [0.98, 0.11, 0.14, 0.96]}
[2023-05-09T04:56:46.892+0000] {ml_response_dag.py:36} INFO - 8
[2023-05-09T04:56:46.893+0000] {ml_response_dag.py:37} INFO - Inserted to db
[2023-05-09T04:56:46.900+0000] {ml_response_dag.py:35} INFO - {}
[2023-05-09T04:56:46.902+0000] {ml_response_dag.py:36} INFO - 8
[2023-05-09T04:56:46.903+0000] {ml_response_dag.py:37} INFO - Inserted to db
[2023-05-09T04:56:46.906+0000] {ml_response_dag.py:35} INFO - {'value': '299', 'score': 0.85, 'ocr_score': 0.04, 'bounding_box': [0.14, 0.46, 0.06, 0.65]}
[2023-05-09T04:56:46.909+0000] {ml_response_dag.py:36} INFO - 8
[2023-05-09T04:56:46.910+0000] {ml_response_dag.py:37} INFO - Inserted to db
[2023-05-09T04:56:46.914+0000] {ml_response_dag.py:35} INFO - {'value': '362', 'score': 0.62, 'ocr_score': 0.51, 'bounding_box': [0.42, 0.48, 0.21, 0.45]}
[2023-05-09T04:56:46.915+0000] {ml_response_dag.py:36} INFO - 9
[2023-05-09T04:56:46.915+0000] {ml_response_dag.py:37} INFO - Inserted to db
[2023-05-09T04:56:46.917+0000] {ml_response_dag.py:35} INFO - {'value': '288', 'score': 0.77, 'ocr_score': 0.23, 'bounding_box': [0.16, 0.03, 0.68, 0.81]}
[2023-05-09T04:56:46.919+0000] {ml_response_dag.py:36} INFO - 9
[2023-05-09T04:56:46.921+0000] {ml_response_dag.py:37} INFO - Inserted to db
[2023-05-09T04:56:46.922+0000] {ml_response_dag.py:35} INFO - {'value': '803', 'score': 0.03, 'ocr_score': 0.42, 'bounding_box': [0.05, 0.5, 0.56, 0.95]}
[2023-05-09T04:56:46.926+0000] {ml_response_dag.py:36} INFO - 9
[2023-05-09T04:56:46.926+0000] {ml_response_dag.py:37} INFO - Inserted to db
[2023-05-09T04:56:46.928+0000] {ml_response_dag.py:35} INFO - {'value': '750', 'score': 0.85, 'ocr_score': 0.27, 'bounding_box': [0.71, 0.07, 0.54, 0.9]}
[2023-05-09T04:56:46.929+0000] {ml_response_dag.py:36} INFO - 9
[2023-05-09T04:56:46.929+0000] {ml_response_dag.py:37} INFO - Inserted to db
[2023-05-09T04:56:46.930+0000] {ml_response_dag.py:35} INFO - {'value': '148', 'score': 0.41, 'ocr_score': 0.97, 'bounding_box': [0.44, 0.51, 0.69, 0.67]}
[2023-05-09T04:56:46.931+0000] {ml_response_dag.py:36} INFO - 9
[2023-05-09T04:56:46.931+0000] {ml_response_dag.py:37} INFO - Inserted to db
[2023-05-09T04:56:46.932+0000] {ml_response_dag.py:35} INFO - {'value': '161', 'score': 0.49, 'ocr_score': 0.58, 'bounding_box': [0.51, 0.51, 0.55, 0.06]}
[2023-05-09T04:56:46.932+0000] {ml_response_dag.py:36} INFO - 9
[2023-05-09T04:56:46.933+0000] {ml_response_dag.py:37} INFO - Inserted to db
[2023-05-09T04:56:46.933+0000] {ml_response_dag.py:35} INFO - {}
[2023-05-09T04:56:46.933+0000] {ml_response_dag.py:36} INFO - 9
[2023-05-09T04:56:46.934+0000] {ml_response_dag.py:37} INFO - Inserted to db
[2023-05-09T04:56:46.934+0000] {ml_response_dag.py:35} INFO - {}
[2023-05-09T04:56:46.935+0000] {ml_response_dag.py:36} INFO - 9
[2023-05-09T04:56:46.935+0000] {ml_response_dag.py:37} INFO - Inserted to db
[2023-05-09T04:56:46.951+0000] {ml_response_dag.py:35} INFO - {}
[2023-05-09T04:56:46.952+0000] {ml_response_dag.py:36} INFO - 9
[2023-05-09T04:56:46.953+0000] {ml_response_dag.py:37} INFO - Inserted to db
[2023-05-09T04:56:46.953+0000] {ml_response_dag.py:35} INFO - {'value': '842', 'score': 0.47, 'ocr_score': 0.75, 'bounding_box': [0.16, 0.91, 0.32, 0.53]}
[2023-05-09T04:56:46.954+0000] {ml_response_dag.py:36} INFO - 10
[2023-05-09T04:56:46.954+0000] {ml_response_dag.py:37} INFO - Inserted to db
[2023-05-09T04:56:46.955+0000] {ml_response_dag.py:35} INFO - {}
[2023-05-09T04:56:46.956+0000] {ml_response_dag.py:36} INFO - 10
[2023-05-09T04:56:46.956+0000] {ml_response_dag.py:37} INFO - Inserted to db
[2023-05-09T04:56:46.957+0000] {ml_response_dag.py:35} INFO - {}
[2023-05-09T04:56:46.958+0000] {ml_response_dag.py:36} INFO - 10
[2023-05-09T04:56:46.959+0000] {ml_response_dag.py:37} INFO - Inserted to db
[2023-05-09T04:56:46.966+0000] {ml_response_dag.py:35} INFO - {'value': '458', 'score': 0.81, 'ocr_score': 0.31, 'bounding_box': [0.69, 0.54, 0.48, 0.39]}
[2023-05-09T04:56:46.967+0000] {ml_response_dag.py:36} INFO - 10
[2023-05-09T04:56:46.977+0000] {ml_response_dag.py:37} INFO - Inserted to db
[2023-05-09T04:56:47.005+0000] {ml_response_dag.py:35} INFO - {'value': '776', 'score': 0.77, 'ocr_score': 0.34, 'bounding_box': [0.76, 0.85, 0.56, 0.82]}
[2023-05-09T04:56:47.009+0000] {ml_response_dag.py:36} INFO - 10
[2023-05-09T04:56:47.018+0000] {ml_response_dag.py:37} INFO - Inserted to db
[2023-05-09T04:56:47.032+0000] {ml_response_dag.py:35} INFO - {}
[2023-05-09T04:56:47.035+0000] {ml_response_dag.py:36} INFO - 10
[2023-05-09T04:56:47.035+0000] {ml_response_dag.py:37} INFO - Inserted to db
[2023-05-09T04:56:47.036+0000] {ml_response_dag.py:35} INFO - {'value': '51', 'score': 0.76, 'ocr_score': 0.29, 'bounding_box': [0.79, 0.88, 0.43, 0.21]}
[2023-05-09T04:56:47.036+0000] {ml_response_dag.py:36} INFO - 10
[2023-05-09T04:56:47.037+0000] {ml_response_dag.py:37} INFO - Inserted to db
[2023-05-09T04:56:47.038+0000] {ml_response_dag.py:35} INFO - {'value': '843', 'score': 0.05, 'ocr_score': 0.96, 'bounding_box': [0.84, 0.04, 0.6, 0.52]}
[2023-05-09T04:56:47.039+0000] {ml_response_dag.py:36} INFO - 10
[2023-05-09T04:56:47.040+0000] {ml_response_dag.py:37} INFO - Inserted to db
[2023-05-09T04:56:47.044+0000] {ml_response_dag.py:35} INFO - {'value': '517', 'score': 0.75, 'ocr_score': 0.74, 'bounding_box': [0.65, 0.92, 0.1, 0.59]}
[2023-05-09T04:56:47.045+0000] {ml_response_dag.py:36} INFO - 10
[2023-05-09T04:56:47.046+0000] {ml_response_dag.py:37} INFO - Inserted to db
[2023-05-09T04:56:47.048+0000] {ml_response_dag.py:35} INFO - {}
[2023-05-09T04:56:47.051+0000] {ml_response_dag.py:36} INFO - 11
[2023-05-09T04:56:47.051+0000] {ml_response_dag.py:37} INFO - Inserted to db
[2023-05-09T04:56:47.082+0000] {ml_response_dag.py:35} INFO - {}
[2023-05-09T04:56:47.085+0000] {ml_response_dag.py:36} INFO - 11
[2023-05-09T04:56:47.086+0000] {ml_response_dag.py:37} INFO - Inserted to db
[2023-05-09T04:56:47.089+0000] {ml_response_dag.py:35} INFO - {'value': '288', 'score': 0.6, 'ocr_score': 0.29, 'bounding_box': [0.96, 0.39, 0.81, 0.96]}
[2023-05-09T04:56:47.090+0000] {ml_response_dag.py:36} INFO - 11
[2023-05-09T04:56:47.091+0000] {ml_response_dag.py:37} INFO - Inserted to db
[2023-05-09T04:56:47.106+0000] {ml_response_dag.py:35} INFO - {'value': '878', 'score': 0.44, 'ocr_score': 0.56, 'bounding_box': [0.46, 0.03, 0.06, 0.3]}
[2023-05-09T04:56:47.108+0000] {ml_response_dag.py:36} INFO - 11
[2023-05-09T04:56:47.109+0000] {ml_response_dag.py:37} INFO - Inserted to db
[2023-05-09T04:56:47.111+0000] {ml_response_dag.py:35} INFO - {}
[2023-05-09T04:56:47.111+0000] {ml_response_dag.py:36} INFO - 11
[2023-05-09T04:56:47.112+0000] {ml_response_dag.py:37} INFO - Inserted to db
[2023-05-09T04:56:47.113+0000] {ml_response_dag.py:35} INFO - {}
[2023-05-09T04:56:47.113+0000] {ml_response_dag.py:36} INFO - 11
[2023-05-09T04:56:47.113+0000] {ml_response_dag.py:37} INFO - Inserted to db
[2023-05-09T04:56:47.114+0000] {ml_response_dag.py:35} INFO - {}
[2023-05-09T04:56:47.115+0000] {ml_response_dag.py:36} INFO - 11
[2023-05-09T04:56:47.115+0000] {ml_response_dag.py:37} INFO - Inserted to db
[2023-05-09T04:56:47.116+0000] {ml_response_dag.py:35} INFO - {'value': '650', 'score': 0.79, 'ocr_score': 0.64, 'bounding_box': [0.13, 0.78, 0.29, 0.37]}
[2023-05-09T04:56:47.117+0000] {ml_response_dag.py:36} INFO - 11
[2023-05-09T04:56:47.118+0000] {ml_response_dag.py:37} INFO - Inserted to db
[2023-05-09T04:56:47.119+0000] {ml_response_dag.py:35} INFO - {}
[2023-05-09T04:56:47.120+0000] {ml_response_dag.py:36} INFO - 11
[2023-05-09T04:56:47.121+0000] {ml_response_dag.py:37} INFO - Inserted to db
[2023-05-09T04:56:47.122+0000] {ml_response_dag.py:35} INFO - {'value': '643', 'score': 0.23, 'ocr_score': 0.72, 'bounding_box': [0.01, 0.39, 0.58, 0.53]}
[2023-05-09T04:56:47.123+0000] {ml_response_dag.py:36} INFO - 12
[2023-05-09T04:56:47.123+0000] {ml_response_dag.py:37} INFO - Inserted to db
[2023-05-09T04:56:47.133+0000] {ml_response_dag.py:35} INFO - {}
[2023-05-09T04:56:47.139+0000] {ml_response_dag.py:36} INFO - 13
[2023-05-09T04:56:47.140+0000] {ml_response_dag.py:37} INFO - Inserted to db
[2023-05-09T04:56:47.142+0000] {ml_response_dag.py:35} INFO - {}
[2023-05-09T04:56:47.145+0000] {ml_response_dag.py:36} INFO - 14
[2023-05-09T04:56:47.148+0000] {ml_response_dag.py:37} INFO - Inserted to db
[2023-05-09T04:56:47.149+0000] {ml_response_dag.py:35} INFO - {'value': '141', 'score': 0.27, 'ocr_score': 0.93, 'bounding_box': [0.24, 0.73, 0.11, 0.89]}
[2023-05-09T04:56:47.151+0000] {ml_response_dag.py:36} INFO - 15
[2023-05-09T04:56:47.151+0000] {ml_response_dag.py:37} INFO - Inserted to db
[2023-05-09T04:56:47.156+0000] {ml_response_dag.py:35} INFO - {'value': '59', 'score': 0.45, 'ocr_score': 0.57, 'bounding_box': [0.45, 0.64, 0.68, 0.17]}
[2023-05-09T04:56:47.160+0000] {ml_response_dag.py:36} INFO - 15
[2023-05-09T04:56:47.168+0000] {ml_response_dag.py:37} INFO - Inserted to db
[2023-05-09T04:56:47.190+0000] {ml_response_dag.py:35} INFO - {'value': '333', 'score': 0.34, 'ocr_score': 0.85, 'bounding_box': [0.81, 0.57, 0.99, 0.77]}
[2023-05-09T04:56:47.193+0000] {ml_response_dag.py:36} INFO - 15
[2023-05-09T04:56:47.195+0000] {ml_response_dag.py:37} INFO - Inserted to db
[2023-05-09T04:56:47.197+0000] {ml_response_dag.py:35} INFO - {'value': '257', 'score': 0.11, 'ocr_score': 0.43, 'bounding_box': [0.37, 0.55, 0.53, 0.66]}
[2023-05-09T04:56:47.198+0000] {ml_response_dag.py:36} INFO - 15
[2023-05-09T04:56:47.199+0000] {ml_response_dag.py:37} INFO - Inserted to db
[2023-05-09T04:56:47.201+0000] {ml_response_dag.py:35} INFO - {'value': '190', 'score': 0.21, 'ocr_score': 0.83, 'bounding_box': [0.88, 0.83, 0.57, 0.11]}
[2023-05-09T04:56:47.202+0000] {ml_response_dag.py:36} INFO - 15
[2023-05-09T04:56:47.203+0000] {ml_response_dag.py:37} INFO - Inserted to db
[2023-05-09T04:56:47.204+0000] {ml_response_dag.py:35} INFO - {}
[2023-05-09T04:56:47.206+0000] {ml_response_dag.py:36} INFO - 15
[2023-05-09T04:56:47.207+0000] {ml_response_dag.py:37} INFO - Inserted to db
[2023-05-09T04:56:47.215+0000] {ml_response_dag.py:35} INFO - {}
[2023-05-09T04:56:47.237+0000] {ml_response_dag.py:36} INFO - 15
[2023-05-09T04:56:47.238+0000] {ml_response_dag.py:37} INFO - Inserted to db
[2023-05-09T04:56:47.253+0000] {ml_response_dag.py:35} INFO - {}
[2023-05-09T04:56:47.255+0000] {ml_response_dag.py:36} INFO - 15
[2023-05-09T04:56:47.256+0000] {ml_response_dag.py:37} INFO - Inserted to db
[2023-05-09T04:56:47.257+0000] {ml_response_dag.py:35} INFO - {'value': '475', 'score': 0.57, 'ocr_score': 0.49, 'bounding_box': [0.4, 0.3, 0.99, 0.32]}
[2023-05-09T04:56:47.258+0000] {ml_response_dag.py:36} INFO - 15
[2023-05-09T04:56:47.258+0000] {ml_response_dag.py:37} INFO - Inserted to db
[2023-05-09T04:56:47.270+0000] {ml_response_dag.py:35} INFO - {'value': '745', 'score': 0.84, 'ocr_score': 0.82, 'bounding_box': [0.84, 0.57, 0.94, 0.44]}
[2023-05-09T04:56:47.274+0000] {ml_response_dag.py:36} INFO - 16
[2023-05-09T04:56:47.275+0000] {ml_response_dag.py:37} INFO - Inserted to db
[2023-05-09T04:56:47.299+0000] {python.py:183} INFO - Done. Returned value was: None
[2023-05-09T04:56:47.469+0000] {taskinstance.py:1373} INFO - Marking task as SUCCESS. dag_id=veryfi_extract_total, task_id=extract_and_load, execution_date=20230508T002000, start_date=20230509T045645, end_date=20230509T045647
[2023-05-09T04:56:47.557+0000] {local_task_job_runner.py:232} INFO - Task exited with return code 0
[2023-05-09T04:56:47.699+0000] {taskinstance.py:2674} INFO - 0 downstream tasks scheduled from follow-on schedule check
