[2023-05-09T04:48:58.897+0000] {taskinstance.py:1125} INFO - Dependencies all met for dep_context=non-requeueable deps ti=<TaskInstance: veryfi_extract_total.extract_and_load scheduled__2023-05-08T18:42:00+00:00 [queued]>
[2023-05-09T04:48:58.916+0000] {taskinstance.py:1125} INFO - Dependencies all met for dep_context=requeueable deps ti=<TaskInstance: veryfi_extract_total.extract_and_load scheduled__2023-05-08T18:42:00+00:00 [queued]>
[2023-05-09T04:48:58.921+0000] {taskinstance.py:1331} INFO - Starting attempt 1 of 2
[2023-05-09T04:48:58.950+0000] {taskinstance.py:1350} INFO - Executing <Task(PythonOperator): extract_and_load> on 2023-05-08 18:42:00+00:00
[2023-05-09T04:48:58.960+0000] {standard_task_runner.py:57} INFO - Started process 1268 to run task
[2023-05-09T04:48:58.984+0000] {standard_task_runner.py:84} INFO - Running: ['***', 'tasks', 'run', 'veryfi_extract_total', 'extract_and_load', 'scheduled__2023-05-08T18:42:00+00:00', '--job-id', '328', '--raw', '--subdir', 'DAGS_FOLDER/ml_response_dag.py', '--cfg-path', '/tmp/tmpwaspgrh0']
[2023-05-09T04:48:58.985+0000] {standard_task_runner.py:85} INFO - Job 328: Subtask extract_and_load
[2023-05-09T04:48:59.227+0000] {task_command.py:410} INFO - Running <TaskInstance: veryfi_extract_total.extract_and_load scheduled__2023-05-08T18:42:00+00:00 [running]> on host aa4b7d3de44b
[2023-05-09T04:48:59.724+0000] {taskinstance.py:1570} INFO - Exporting env vars: AIRFLOW_CTX_DAG_OWNER='***' AIRFLOW_CTX_DAG_ID='veryfi_extract_total' AIRFLOW_CTX_TASK_ID='extract_and_load' AIRFLOW_CTX_EXECUTION_DATE='2023-05-08T18:42:00+00:00' AIRFLOW_CTX_TRY_NUMBER='1' AIRFLOW_CTX_DAG_RUN_ID='scheduled__2023-05-08T18:42:00+00:00'
[2023-05-09T04:48:59.749+0000] {ml_response_dag.py:36} INFO - {}
[2023-05-09T04:48:59.750+0000] {ml_response_dag.py:37} INFO - 1
[2023-05-09T04:48:59.750+0000] {ml_response_dag.py:36} INFO - {'value': '544', 'score': 0.22, 'ocr_score': 0.81, 'bounding_box': [0.22, 0.37, 0.38, 0.52]}
[2023-05-09T04:48:59.751+0000] {ml_response_dag.py:37} INFO - 1
[2023-05-09T04:48:59.761+0000] {ml_response_dag.py:36} INFO - {}
[2023-05-09T04:48:59.763+0000] {ml_response_dag.py:37} INFO - 1
[2023-05-09T04:48:59.778+0000] {ml_response_dag.py:36} INFO - {}
[2023-05-09T04:48:59.783+0000] {ml_response_dag.py:37} INFO - 1
[2023-05-09T04:48:59.788+0000] {ml_response_dag.py:36} INFO - {}
[2023-05-09T04:48:59.789+0000] {ml_response_dag.py:37} INFO - 1
[2023-05-09T04:48:59.796+0000] {ml_response_dag.py:36} INFO - {}
[2023-05-09T04:48:59.799+0000] {ml_response_dag.py:37} INFO - 1
[2023-05-09T04:48:59.802+0000] {ml_response_dag.py:36} INFO - {'value': '660', 'score': 0.48, 'ocr_score': 0.32, 'bounding_box': [0.07, 0.82, 0.06, 0.37]}
[2023-05-09T04:48:59.805+0000] {ml_response_dag.py:37} INFO - 1
[2023-05-09T04:48:59.805+0000] {ml_response_dag.py:36} INFO - {}
[2023-05-09T04:48:59.807+0000] {ml_response_dag.py:37} INFO - 1
[2023-05-09T04:48:59.807+0000] {ml_response_dag.py:36} INFO - {'value': '801', 'score': 0.92, 'ocr_score': 0.28, 'bounding_box': [0.56, 0.9, 0.37, 0.79]}
[2023-05-09T04:48:59.808+0000] {ml_response_dag.py:37} INFO - 1
[2023-05-09T04:48:59.808+0000] {ml_response_dag.py:36} INFO - {}
[2023-05-09T04:48:59.809+0000] {ml_response_dag.py:37} INFO - 2
[2023-05-09T04:48:59.810+0000] {ml_response_dag.py:36} INFO - {}
[2023-05-09T04:48:59.810+0000] {ml_response_dag.py:37} INFO - 2
[2023-05-09T04:48:59.810+0000] {ml_response_dag.py:36} INFO - {'value': '880', 'score': 0.06, 'ocr_score': 0.1, 'bounding_box': [0.76, 0.47, 0.16, 0.27]}
[2023-05-09T04:48:59.811+0000] {ml_response_dag.py:37} INFO - 2
[2023-05-09T04:48:59.811+0000] {ml_response_dag.py:36} INFO - {'value': '380', 'score': 0.11, 'ocr_score': 0.36, 'bounding_box': [0.99, 0.15, 0.39, 0.03]}
[2023-05-09T04:48:59.813+0000] {ml_response_dag.py:37} INFO - 2
[2023-05-09T04:48:59.814+0000] {ml_response_dag.py:36} INFO - {}
[2023-05-09T04:48:59.816+0000] {ml_response_dag.py:37} INFO - 2
[2023-05-09T04:48:59.818+0000] {ml_response_dag.py:36} INFO - {'value': '770', 'score': 0.37, 'ocr_score': 0.84, 'bounding_box': [0.79, 0.15, 0.82, 0.6]}
[2023-05-09T04:48:59.819+0000] {ml_response_dag.py:37} INFO - 2
[2023-05-09T04:48:59.821+0000] {ml_response_dag.py:36} INFO - {}
[2023-05-09T04:48:59.823+0000] {ml_response_dag.py:37} INFO - 2
[2023-05-09T04:48:59.832+0000] {ml_response_dag.py:36} INFO - {}
[2023-05-09T04:48:59.835+0000] {ml_response_dag.py:37} INFO - 2
[2023-05-09T04:48:59.837+0000] {ml_response_dag.py:36} INFO - {}
[2023-05-09T04:48:59.839+0000] {ml_response_dag.py:37} INFO - 2
[2023-05-09T04:48:59.840+0000] {ml_response_dag.py:36} INFO - {}
[2023-05-09T04:48:59.840+0000] {ml_response_dag.py:37} INFO - 3
[2023-05-09T04:48:59.841+0000] {ml_response_dag.py:36} INFO - {}
[2023-05-09T04:48:59.842+0000] {ml_response_dag.py:37} INFO - 4
[2023-05-09T04:48:59.842+0000] {ml_response_dag.py:36} INFO - {}
[2023-05-09T04:48:59.842+0000] {ml_response_dag.py:37} INFO - 5
[2023-05-09T04:48:59.843+0000] {ml_response_dag.py:36} INFO - {}
[2023-05-09T04:48:59.843+0000] {ml_response_dag.py:37} INFO - 5
[2023-05-09T04:48:59.844+0000] {ml_response_dag.py:36} INFO - {'value': '418', 'score': 0.49, 'ocr_score': 0.15, 'bounding_box': [0.88, 0.92, 0.46, 0.3]}
[2023-05-09T04:48:59.844+0000] {ml_response_dag.py:37} INFO - 5
[2023-05-09T04:48:59.844+0000] {ml_response_dag.py:36} INFO - {}
[2023-05-09T04:48:59.845+0000] {ml_response_dag.py:37} INFO - 5
[2023-05-09T04:48:59.845+0000] {ml_response_dag.py:36} INFO - {}
[2023-05-09T04:48:59.845+0000] {ml_response_dag.py:37} INFO - 5
[2023-05-09T04:48:59.847+0000] {ml_response_dag.py:36} INFO - {'value': '78', 'score': 0.03, 'ocr_score': 0.66, 'bounding_box': [0.31, 0.81, 0.43, 0.03]}
[2023-05-09T04:48:59.848+0000] {ml_response_dag.py:37} INFO - 5
[2023-05-09T04:48:59.851+0000] {ml_response_dag.py:36} INFO - {}
[2023-05-09T04:48:59.851+0000] {ml_response_dag.py:37} INFO - 5
[2023-05-09T04:48:59.852+0000] {ml_response_dag.py:36} INFO - {'value': '889', 'score': 0.72, 'ocr_score': 0.56, 'bounding_box': [0.38, 0.17, 0.28, 1.0]}
[2023-05-09T04:48:59.853+0000] {ml_response_dag.py:37} INFO - 5
[2023-05-09T04:48:59.854+0000] {ml_response_dag.py:36} INFO - {'value': '292', 'score': 0.23, 'ocr_score': 0.39, 'bounding_box': [0.45, 0.93, 0.07, 0.2]}
[2023-05-09T04:48:59.855+0000] {ml_response_dag.py:37} INFO - 5
[2023-05-09T04:48:59.855+0000] {ml_response_dag.py:36} INFO - {}
[2023-05-09T04:48:59.856+0000] {ml_response_dag.py:37} INFO - 6
[2023-05-09T04:48:59.856+0000] {ml_response_dag.py:36} INFO - {'value': '542', 'score': 0.01, 'ocr_score': 0.03, 'bounding_box': [0.27, 0.53, 0.77, 0.97]}
[2023-05-09T04:48:59.857+0000] {ml_response_dag.py:37} INFO - 7
[2023-05-09T04:48:59.858+0000] {ml_response_dag.py:36} INFO - {'value': '342', 'score': 0.56, 'ocr_score': 0.14, 'bounding_box': [0.77, 0.91, 0.18, 0.2]}
[2023-05-09T04:48:59.859+0000] {ml_response_dag.py:37} INFO - 7
[2023-05-09T04:48:59.860+0000] {ml_response_dag.py:36} INFO - {'value': '967', 'score': 0.78, 'ocr_score': 0.39, 'bounding_box': [0.86, 0.38, 0.41, 0.36]}
[2023-05-09T04:48:59.864+0000] {ml_response_dag.py:37} INFO - 7
[2023-05-09T04:48:59.871+0000] {ml_response_dag.py:36} INFO - {'value': '100', 'score': 0.68, 'ocr_score': 0.75, 'bounding_box': [0.32, 0.6, 0.97, 0.05]}
[2023-05-09T04:48:59.872+0000] {ml_response_dag.py:37} INFO - 7
[2023-05-09T04:48:59.876+0000] {ml_response_dag.py:36} INFO - {}
[2023-05-09T04:48:59.877+0000] {ml_response_dag.py:37} INFO - 7
[2023-05-09T04:48:59.878+0000] {ml_response_dag.py:36} INFO - {}
[2023-05-09T04:48:59.880+0000] {ml_response_dag.py:37} INFO - 7
[2023-05-09T04:48:59.880+0000] {ml_response_dag.py:36} INFO - {'value': '858', 'score': 0.94, 'ocr_score': 0.64, 'bounding_box': [0.22, 0.37, 0.17, 0.07]}
[2023-05-09T04:48:59.882+0000] {ml_response_dag.py:37} INFO - 7
[2023-05-09T04:48:59.883+0000] {ml_response_dag.py:36} INFO - {}
[2023-05-09T04:48:59.884+0000] {ml_response_dag.py:37} INFO - 7
[2023-05-09T04:48:59.885+0000] {ml_response_dag.py:36} INFO - {'value': '633', 'score': 0.77, 'ocr_score': 0.17, 'bounding_box': [0.44, 0.56, 0.26, 0.15]}
[2023-05-09T04:48:59.885+0000] {ml_response_dag.py:37} INFO - 7
[2023-05-09T04:48:59.886+0000] {ml_response_dag.py:36} INFO - {'value': '609', 'score': 0.47, 'ocr_score': 0.56, 'bounding_box': [0.3, 0.87, 0.78, 0.92]}
[2023-05-09T04:48:59.887+0000] {ml_response_dag.py:37} INFO - 8
[2023-05-09T04:48:59.887+0000] {ml_response_dag.py:36} INFO - {'value': '331', 'score': 0.49, 'ocr_score': 0.99, 'bounding_box': [0.55, 0.36, 0.08, 0.43]}
[2023-05-09T04:48:59.888+0000] {ml_response_dag.py:37} INFO - 8
[2023-05-09T04:48:59.888+0000] {ml_response_dag.py:36} INFO - {'value': '142', 'score': 0.0, 'ocr_score': 0.58, 'bounding_box': [0.17, 0.36, 0.83, 0.62]}
[2023-05-09T04:48:59.888+0000] {ml_response_dag.py:37} INFO - 8
[2023-05-09T04:48:59.889+0000] {ml_response_dag.py:36} INFO - {}
[2023-05-09T04:48:59.889+0000] {ml_response_dag.py:37} INFO - 8
[2023-05-09T04:48:59.893+0000] {ml_response_dag.py:36} INFO - {}
[2023-05-09T04:48:59.894+0000] {ml_response_dag.py:37} INFO - 8
[2023-05-09T04:48:59.896+0000] {ml_response_dag.py:36} INFO - {}
[2023-05-09T04:48:59.898+0000] {ml_response_dag.py:37} INFO - 8
[2023-05-09T04:48:59.901+0000] {ml_response_dag.py:36} INFO - {'value': '826', 'score': 0.74, 'ocr_score': 0.69, 'bounding_box': [0.98, 0.11, 0.14, 0.96]}
[2023-05-09T04:48:59.902+0000] {ml_response_dag.py:37} INFO - 8
[2023-05-09T04:48:59.903+0000] {ml_response_dag.py:36} INFO - {}
[2023-05-09T04:48:59.903+0000] {ml_response_dag.py:37} INFO - 8
[2023-05-09T04:48:59.904+0000] {ml_response_dag.py:36} INFO - {'value': '299', 'score': 0.85, 'ocr_score': 0.04, 'bounding_box': [0.14, 0.46, 0.06, 0.65]}
[2023-05-09T04:48:59.905+0000] {ml_response_dag.py:37} INFO - 8
[2023-05-09T04:48:59.906+0000] {ml_response_dag.py:36} INFO - {'value': '362', 'score': 0.62, 'ocr_score': 0.51, 'bounding_box': [0.42, 0.48, 0.21, 0.45]}
[2023-05-09T04:48:59.909+0000] {ml_response_dag.py:37} INFO - 9
[2023-05-09T04:48:59.916+0000] {ml_response_dag.py:36} INFO - {'value': '288', 'score': 0.77, 'ocr_score': 0.23, 'bounding_box': [0.16, 0.03, 0.68, 0.81]}
[2023-05-09T04:48:59.919+0000] {ml_response_dag.py:37} INFO - 9
[2023-05-09T04:48:59.923+0000] {ml_response_dag.py:36} INFO - {'value': '803', 'score': 0.03, 'ocr_score': 0.42, 'bounding_box': [0.05, 0.5, 0.56, 0.95]}
[2023-05-09T04:48:59.925+0000] {ml_response_dag.py:37} INFO - 9
[2023-05-09T04:48:59.926+0000] {ml_response_dag.py:36} INFO - {'value': '750', 'score': 0.85, 'ocr_score': 0.27, 'bounding_box': [0.71, 0.07, 0.54, 0.9]}
[2023-05-09T04:48:59.930+0000] {ml_response_dag.py:37} INFO - 9
[2023-05-09T04:48:59.931+0000] {ml_response_dag.py:36} INFO - {'value': '148', 'score': 0.41, 'ocr_score': 0.97, 'bounding_box': [0.44, 0.51, 0.69, 0.67]}
[2023-05-09T04:48:59.936+0000] {ml_response_dag.py:37} INFO - 9
[2023-05-09T04:48:59.936+0000] {ml_response_dag.py:36} INFO - {'value': '161', 'score': 0.49, 'ocr_score': 0.58, 'bounding_box': [0.51, 0.51, 0.55, 0.06]}
[2023-05-09T04:48:59.937+0000] {ml_response_dag.py:37} INFO - 9
[2023-05-09T04:48:59.937+0000] {ml_response_dag.py:36} INFO - {}
[2023-05-09T04:48:59.939+0000] {ml_response_dag.py:37} INFO - 9
[2023-05-09T04:48:59.940+0000] {ml_response_dag.py:36} INFO - {}
[2023-05-09T04:48:59.940+0000] {ml_response_dag.py:37} INFO - 9
[2023-05-09T04:48:59.941+0000] {ml_response_dag.py:36} INFO - {}
[2023-05-09T04:48:59.941+0000] {ml_response_dag.py:37} INFO - 9
[2023-05-09T04:48:59.942+0000] {ml_response_dag.py:36} INFO - {'value': '842', 'score': 0.47, 'ocr_score': 0.75, 'bounding_box': [0.16, 0.91, 0.32, 0.53]}
[2023-05-09T04:48:59.945+0000] {ml_response_dag.py:37} INFO - 10
[2023-05-09T04:48:59.951+0000] {ml_response_dag.py:36} INFO - {}
[2023-05-09T04:48:59.957+0000] {ml_response_dag.py:37} INFO - 10
[2023-05-09T04:48:59.958+0000] {ml_response_dag.py:36} INFO - {}
[2023-05-09T04:48:59.959+0000] {ml_response_dag.py:37} INFO - 10
[2023-05-09T04:48:59.960+0000] {ml_response_dag.py:36} INFO - {'value': '458', 'score': 0.81, 'ocr_score': 0.31, 'bounding_box': [0.69, 0.54, 0.48, 0.39]}
[2023-05-09T04:48:59.961+0000] {ml_response_dag.py:37} INFO - 10
[2023-05-09T04:48:59.966+0000] {ml_response_dag.py:36} INFO - {'value': '776', 'score': 0.77, 'ocr_score': 0.34, 'bounding_box': [0.76, 0.85, 0.56, 0.82]}
[2023-05-09T04:48:59.968+0000] {ml_response_dag.py:37} INFO - 10
[2023-05-09T04:48:59.968+0000] {ml_response_dag.py:36} INFO - {}
[2023-05-09T04:48:59.968+0000] {ml_response_dag.py:37} INFO - 10
[2023-05-09T04:48:59.969+0000] {ml_response_dag.py:36} INFO - {'value': '51', 'score': 0.76, 'ocr_score': 0.29, 'bounding_box': [0.79, 0.88, 0.43, 0.21]}
[2023-05-09T04:48:59.969+0000] {ml_response_dag.py:37} INFO - 10
[2023-05-09T04:48:59.970+0000] {ml_response_dag.py:36} INFO - {'value': '843', 'score': 0.05, 'ocr_score': 0.96, 'bounding_box': [0.84, 0.04, 0.6, 0.52]}
[2023-05-09T04:48:59.973+0000] {ml_response_dag.py:37} INFO - 10
[2023-05-09T04:48:59.974+0000] {ml_response_dag.py:36} INFO - {'value': '517', 'score': 0.75, 'ocr_score': 0.74, 'bounding_box': [0.65, 0.92, 0.1, 0.59]}
[2023-05-09T04:48:59.974+0000] {ml_response_dag.py:37} INFO - 10
[2023-05-09T04:48:59.975+0000] {ml_response_dag.py:36} INFO - {}
[2023-05-09T04:48:59.976+0000] {ml_response_dag.py:37} INFO - 11
[2023-05-09T04:48:59.976+0000] {ml_response_dag.py:36} INFO - {}
[2023-05-09T04:48:59.977+0000] {ml_response_dag.py:37} INFO - 11
[2023-05-09T04:48:59.978+0000] {ml_response_dag.py:36} INFO - {'value': '288', 'score': 0.6, 'ocr_score': 0.29, 'bounding_box': [0.96, 0.39, 0.81, 0.96]}
[2023-05-09T04:48:59.978+0000] {ml_response_dag.py:37} INFO - 11
[2023-05-09T04:48:59.983+0000] {ml_response_dag.py:36} INFO - {'value': '878', 'score': 0.44, 'ocr_score': 0.56, 'bounding_box': [0.46, 0.03, 0.06, 0.3]}
[2023-05-09T04:48:59.984+0000] {ml_response_dag.py:37} INFO - 11
[2023-05-09T04:48:59.984+0000] {ml_response_dag.py:36} INFO - {}
[2023-05-09T04:48:59.985+0000] {ml_response_dag.py:37} INFO - 11
[2023-05-09T04:48:59.986+0000] {ml_response_dag.py:36} INFO - {}
[2023-05-09T04:48:59.986+0000] {ml_response_dag.py:37} INFO - 11
[2023-05-09T04:48:59.986+0000] {ml_response_dag.py:36} INFO - {}
[2023-05-09T04:48:59.987+0000] {ml_response_dag.py:37} INFO - 11
[2023-05-09T04:48:59.988+0000] {ml_response_dag.py:36} INFO - {'value': '650', 'score': 0.79, 'ocr_score': 0.64, 'bounding_box': [0.13, 0.78, 0.29, 0.37]}
[2023-05-09T04:48:59.989+0000] {ml_response_dag.py:37} INFO - 11
[2023-05-09T04:48:59.989+0000] {ml_response_dag.py:36} INFO - {}
[2023-05-09T04:48:59.989+0000] {ml_response_dag.py:37} INFO - 11
[2023-05-09T04:48:59.990+0000] {ml_response_dag.py:36} INFO - {'value': '643', 'score': 0.23, 'ocr_score': 0.72, 'bounding_box': [0.01, 0.39, 0.58, 0.53]}
[2023-05-09T04:48:59.990+0000] {ml_response_dag.py:37} INFO - 12
[2023-05-09T04:48:59.991+0000] {ml_response_dag.py:36} INFO - {}
[2023-05-09T04:48:59.991+0000] {ml_response_dag.py:37} INFO - 13
[2023-05-09T04:48:59.992+0000] {ml_response_dag.py:36} INFO - {}
[2023-05-09T04:48:59.992+0000] {ml_response_dag.py:37} INFO - 14
[2023-05-09T04:48:59.993+0000] {ml_response_dag.py:36} INFO - {'value': '141', 'score': 0.27, 'ocr_score': 0.93, 'bounding_box': [0.24, 0.73, 0.11, 0.89]}
[2023-05-09T04:48:59.993+0000] {ml_response_dag.py:37} INFO - 15
[2023-05-09T04:48:59.994+0000] {ml_response_dag.py:36} INFO - {'value': '59', 'score': 0.45, 'ocr_score': 0.57, 'bounding_box': [0.45, 0.64, 0.68, 0.17]}
[2023-05-09T04:48:59.997+0000] {ml_response_dag.py:37} INFO - 15
[2023-05-09T04:48:59.998+0000] {ml_response_dag.py:36} INFO - {'value': '333', 'score': 0.34, 'ocr_score': 0.85, 'bounding_box': [0.81, 0.57, 0.99, 0.77]}
[2023-05-09T04:48:59.999+0000] {ml_response_dag.py:37} INFO - 15
[2023-05-09T04:49:00.000+0000] {ml_response_dag.py:36} INFO - {'value': '257', 'score': 0.11, 'ocr_score': 0.43, 'bounding_box': [0.37, 0.55, 0.53, 0.66]}
[2023-05-09T04:49:00.004+0000] {ml_response_dag.py:37} INFO - 15
[2023-05-09T04:49:00.007+0000] {ml_response_dag.py:36} INFO - {'value': '190', 'score': 0.21, 'ocr_score': 0.83, 'bounding_box': [0.88, 0.83, 0.57, 0.11]}
[2023-05-09T04:49:00.011+0000] {ml_response_dag.py:37} INFO - 15
[2023-05-09T04:49:00.016+0000] {ml_response_dag.py:36} INFO - {}
[2023-05-09T04:49:00.024+0000] {ml_response_dag.py:37} INFO - 15
[2023-05-09T04:49:00.027+0000] {ml_response_dag.py:36} INFO - {}
[2023-05-09T04:49:00.028+0000] {ml_response_dag.py:37} INFO - 15
[2023-05-09T04:49:00.029+0000] {ml_response_dag.py:36} INFO - {}
[2023-05-09T04:49:00.032+0000] {ml_response_dag.py:37} INFO - 15
[2023-05-09T04:49:00.033+0000] {ml_response_dag.py:36} INFO - {'value': '475', 'score': 0.57, 'ocr_score': 0.49, 'bounding_box': [0.4, 0.3, 0.99, 0.32]}
[2023-05-09T04:49:00.034+0000] {ml_response_dag.py:37} INFO - 15
[2023-05-09T04:49:00.036+0000] {ml_response_dag.py:36} INFO - {'value': '745', 'score': 0.84, 'ocr_score': 0.82, 'bounding_box': [0.84, 0.57, 0.94, 0.44]}
[2023-05-09T04:49:00.037+0000] {ml_response_dag.py:37} INFO - 16
[2023-05-09T04:49:00.039+0000] {python.py:183} INFO - Done. Returned value was: None
[2023-05-09T04:49:00.086+0000] {taskinstance.py:1373} INFO - Marking task as SUCCESS. dag_id=veryfi_extract_total, task_id=extract_and_load, execution_date=20230508T184200, start_date=20230509T044858, end_date=20230509T044900
[2023-05-09T04:49:00.132+0000] {local_task_job_runner.py:232} INFO - Task exited with return code 0
[2023-05-09T04:49:00.189+0000] {taskinstance.py:2674} INFO - 0 downstream tasks scheduled from follow-on schedule check
