[2023-05-09T04:57:26.331+0000] {taskinstance.py:1125} INFO - Dependencies all met for dep_context=non-requeueable deps ti=<TaskInstance: veryfi_extract_total.extract_and_load scheduled__2023-05-08T08:20:00+00:00 [queued]>
[2023-05-09T04:57:26.343+0000] {taskinstance.py:1125} INFO - Dependencies all met for dep_context=requeueable deps ti=<TaskInstance: veryfi_extract_total.extract_and_load scheduled__2023-05-08T08:20:00+00:00 [queued]>
[2023-05-09T04:57:26.344+0000] {taskinstance.py:1331} INFO - Starting attempt 1 of 2
[2023-05-09T04:57:26.376+0000] {taskinstance.py:1350} INFO - Executing <Task(PythonOperator): extract_and_load> on 2023-05-08 08:20:00+00:00
[2023-05-09T04:57:26.388+0000] {standard_task_runner.py:57} INFO - Started process 1642 to run task
[2023-05-09T04:57:26.399+0000] {standard_task_runner.py:84} INFO - Running: ['***', 'tasks', 'run', 'veryfi_extract_total', 'extract_and_load', 'scheduled__2023-05-08T08:20:00+00:00', '--job-id', '442', '--raw', '--subdir', 'DAGS_FOLDER/ml_response_dag.py', '--cfg-path', '/tmp/tmp3zc9vh9o']
[2023-05-09T04:57:26.404+0000] {standard_task_runner.py:85} INFO - Job 442: Subtask extract_and_load
[2023-05-09T04:57:26.676+0000] {task_command.py:410} INFO - Running <TaskInstance: veryfi_extract_total.extract_and_load scheduled__2023-05-08T08:20:00+00:00 [running]> on host aa4b7d3de44b
[2023-05-09T04:57:27.129+0000] {taskinstance.py:1570} INFO - Exporting env vars: AIRFLOW_CTX_DAG_OWNER='***' AIRFLOW_CTX_DAG_ID='veryfi_extract_total' AIRFLOW_CTX_TASK_ID='extract_and_load' AIRFLOW_CTX_EXECUTION_DATE='2023-05-08T08:20:00+00:00' AIRFLOW_CTX_TRY_NUMBER='1' AIRFLOW_CTX_DAG_RUN_ID='scheduled__2023-05-08T08:20:00+00:00'
[2023-05-09T04:57:27.181+0000] {ml_response_dag.py:35} INFO - {}
[2023-05-09T04:57:27.182+0000] {ml_response_dag.py:36} INFO - 1
[2023-05-09T04:57:27.183+0000] {ml_response_dag.py:37} INFO - Inserted to db
[2023-05-09T04:57:27.187+0000] {ml_response_dag.py:35} INFO - {'value': '544', 'score': 0.22, 'ocr_score': 0.81, 'bounding_box': [0.22, 0.37, 0.38, 0.52]}
[2023-05-09T04:57:27.189+0000] {ml_response_dag.py:36} INFO - 1
[2023-05-09T04:57:27.190+0000] {ml_response_dag.py:37} INFO - Inserted to db
[2023-05-09T04:57:27.192+0000] {ml_response_dag.py:35} INFO - {}
[2023-05-09T04:57:27.193+0000] {ml_response_dag.py:36} INFO - 1
[2023-05-09T04:57:27.194+0000] {ml_response_dag.py:37} INFO - Inserted to db
[2023-05-09T04:57:27.194+0000] {ml_response_dag.py:35} INFO - {}
[2023-05-09T04:57:27.196+0000] {ml_response_dag.py:36} INFO - 1
[2023-05-09T04:57:27.197+0000] {ml_response_dag.py:37} INFO - Inserted to db
[2023-05-09T04:57:27.218+0000] {ml_response_dag.py:35} INFO - {}
[2023-05-09T04:57:27.228+0000] {ml_response_dag.py:36} INFO - 1
[2023-05-09T04:57:27.229+0000] {ml_response_dag.py:37} INFO - Inserted to db
[2023-05-09T04:57:27.235+0000] {ml_response_dag.py:35} INFO - {}
[2023-05-09T04:57:27.238+0000] {ml_response_dag.py:36} INFO - 1
[2023-05-09T04:57:27.239+0000] {ml_response_dag.py:37} INFO - Inserted to db
[2023-05-09T04:57:27.240+0000] {ml_response_dag.py:35} INFO - {'value': '660', 'score': 0.48, 'ocr_score': 0.32, 'bounding_box': [0.07, 0.82, 0.06, 0.37]}
[2023-05-09T04:57:27.241+0000] {ml_response_dag.py:36} INFO - 1
[2023-05-09T04:57:27.242+0000] {ml_response_dag.py:37} INFO - Inserted to db
[2023-05-09T04:57:27.247+0000] {ml_response_dag.py:35} INFO - {}
[2023-05-09T04:57:27.249+0000] {ml_response_dag.py:36} INFO - 1
[2023-05-09T04:57:27.250+0000] {ml_response_dag.py:37} INFO - Inserted to db
[2023-05-09T04:57:27.253+0000] {ml_response_dag.py:35} INFO - {'value': '801', 'score': 0.92, 'ocr_score': 0.28, 'bounding_box': [0.56, 0.9, 0.37, 0.79]}
[2023-05-09T04:57:27.256+0000] {ml_response_dag.py:36} INFO - 1
[2023-05-09T04:57:27.258+0000] {ml_response_dag.py:37} INFO - Inserted to db
[2023-05-09T04:57:27.260+0000] {ml_response_dag.py:35} INFO - {}
[2023-05-09T04:57:27.260+0000] {ml_response_dag.py:36} INFO - 2
[2023-05-09T04:57:27.263+0000] {ml_response_dag.py:37} INFO - Inserted to db
[2023-05-09T04:57:27.264+0000] {ml_response_dag.py:35} INFO - {}
[2023-05-09T04:57:27.266+0000] {ml_response_dag.py:36} INFO - 2
[2023-05-09T04:57:27.267+0000] {ml_response_dag.py:37} INFO - Inserted to db
[2023-05-09T04:57:27.272+0000] {ml_response_dag.py:35} INFO - {'value': '880', 'score': 0.06, 'ocr_score': 0.1, 'bounding_box': [0.76, 0.47, 0.16, 0.27]}
[2023-05-09T04:57:27.274+0000] {ml_response_dag.py:36} INFO - 2
[2023-05-09T04:57:27.275+0000] {ml_response_dag.py:37} INFO - Inserted to db
[2023-05-09T04:57:27.277+0000] {ml_response_dag.py:35} INFO - {'value': '380', 'score': 0.11, 'ocr_score': 0.36, 'bounding_box': [0.99, 0.15, 0.39, 0.03]}
[2023-05-09T04:57:27.278+0000] {ml_response_dag.py:36} INFO - 2
[2023-05-09T04:57:27.280+0000] {ml_response_dag.py:37} INFO - Inserted to db
[2023-05-09T04:57:27.281+0000] {ml_response_dag.py:35} INFO - {}
[2023-05-09T04:57:27.291+0000] {ml_response_dag.py:36} INFO - 2
[2023-05-09T04:57:27.303+0000] {ml_response_dag.py:37} INFO - Inserted to db
[2023-05-09T04:57:27.304+0000] {ml_response_dag.py:35} INFO - {'value': '770', 'score': 0.37, 'ocr_score': 0.84, 'bounding_box': [0.79, 0.15, 0.82, 0.6]}
[2023-05-09T04:57:27.307+0000] {ml_response_dag.py:36} INFO - 2
[2023-05-09T04:57:27.309+0000] {ml_response_dag.py:37} INFO - Inserted to db
[2023-05-09T04:57:27.312+0000] {ml_response_dag.py:35} INFO - {}
[2023-05-09T04:57:27.312+0000] {ml_response_dag.py:36} INFO - 2
[2023-05-09T04:57:27.314+0000] {ml_response_dag.py:37} INFO - Inserted to db
[2023-05-09T04:57:27.316+0000] {ml_response_dag.py:35} INFO - {}
[2023-05-09T04:57:27.318+0000] {ml_response_dag.py:36} INFO - 2
[2023-05-09T04:57:27.319+0000] {ml_response_dag.py:37} INFO - Inserted to db
[2023-05-09T04:57:27.321+0000] {ml_response_dag.py:35} INFO - {}
[2023-05-09T04:57:27.322+0000] {ml_response_dag.py:36} INFO - 2
[2023-05-09T04:57:27.324+0000] {ml_response_dag.py:37} INFO - Inserted to db
[2023-05-09T04:57:27.327+0000] {ml_response_dag.py:35} INFO - {}
[2023-05-09T04:57:27.329+0000] {ml_response_dag.py:36} INFO - 3
[2023-05-09T04:57:27.330+0000] {ml_response_dag.py:37} INFO - Inserted to db
[2023-05-09T04:57:27.337+0000] {ml_response_dag.py:35} INFO - {}
[2023-05-09T04:57:27.340+0000] {ml_response_dag.py:36} INFO - 4
[2023-05-09T04:57:27.341+0000] {ml_response_dag.py:37} INFO - Inserted to db
[2023-05-09T04:57:27.344+0000] {ml_response_dag.py:35} INFO - {}
[2023-05-09T04:57:27.353+0000] {ml_response_dag.py:36} INFO - 5
[2023-05-09T04:57:27.353+0000] {ml_response_dag.py:37} INFO - Inserted to db
[2023-05-09T04:57:27.356+0000] {ml_response_dag.py:35} INFO - {}
[2023-05-09T04:57:27.358+0000] {ml_response_dag.py:36} INFO - 5
[2023-05-09T04:57:27.360+0000] {ml_response_dag.py:37} INFO - Inserted to db
[2023-05-09T04:57:27.369+0000] {ml_response_dag.py:35} INFO - {'value': '418', 'score': 0.49, 'ocr_score': 0.15, 'bounding_box': [0.88, 0.92, 0.46, 0.3]}
[2023-05-09T04:57:27.370+0000] {ml_response_dag.py:36} INFO - 5
[2023-05-09T04:57:27.371+0000] {ml_response_dag.py:37} INFO - Inserted to db
[2023-05-09T04:57:27.373+0000] {ml_response_dag.py:35} INFO - {}
[2023-05-09T04:57:27.374+0000] {ml_response_dag.py:36} INFO - 5
[2023-05-09T04:57:27.375+0000] {ml_response_dag.py:37} INFO - Inserted to db
[2023-05-09T04:57:27.376+0000] {ml_response_dag.py:35} INFO - {}
[2023-05-09T04:57:27.377+0000] {ml_response_dag.py:36} INFO - 5
[2023-05-09T04:57:27.379+0000] {ml_response_dag.py:37} INFO - Inserted to db
[2023-05-09T04:57:27.387+0000] {ml_response_dag.py:35} INFO - {'value': '78', 'score': 0.03, 'ocr_score': 0.66, 'bounding_box': [0.31, 0.81, 0.43, 0.03]}
[2023-05-09T04:57:27.388+0000] {ml_response_dag.py:36} INFO - 5
[2023-05-09T04:57:27.390+0000] {ml_response_dag.py:37} INFO - Inserted to db
[2023-05-09T04:57:27.391+0000] {ml_response_dag.py:35} INFO - {}
[2023-05-09T04:57:27.392+0000] {ml_response_dag.py:36} INFO - 5
[2023-05-09T04:57:27.392+0000] {ml_response_dag.py:37} INFO - Inserted to db
[2023-05-09T04:57:27.397+0000] {ml_response_dag.py:35} INFO - {'value': '889', 'score': 0.72, 'ocr_score': 0.56, 'bounding_box': [0.38, 0.17, 0.28, 1.0]}
[2023-05-09T04:57:27.400+0000] {ml_response_dag.py:36} INFO - 5
[2023-05-09T04:57:27.404+0000] {ml_response_dag.py:37} INFO - Inserted to db
[2023-05-09T04:57:27.407+0000] {ml_response_dag.py:35} INFO - {'value': '292', 'score': 0.23, 'ocr_score': 0.39, 'bounding_box': [0.45, 0.93, 0.07, 0.2]}
[2023-05-09T04:57:27.408+0000] {ml_response_dag.py:36} INFO - 5
[2023-05-09T04:57:27.408+0000] {ml_response_dag.py:37} INFO - Inserted to db
[2023-05-09T04:57:27.409+0000] {ml_response_dag.py:35} INFO - {}
[2023-05-09T04:57:27.410+0000] {ml_response_dag.py:36} INFO - 6
[2023-05-09T04:57:27.416+0000] {ml_response_dag.py:37} INFO - Inserted to db
[2023-05-09T04:57:27.418+0000] {ml_response_dag.py:35} INFO - {'value': '542', 'score': 0.01, 'ocr_score': 0.03, 'bounding_box': [0.27, 0.53, 0.77, 0.97]}
[2023-05-09T04:57:27.419+0000] {ml_response_dag.py:36} INFO - 7
[2023-05-09T04:57:27.419+0000] {ml_response_dag.py:37} INFO - Inserted to db
[2023-05-09T04:57:27.423+0000] {ml_response_dag.py:35} INFO - {'value': '342', 'score': 0.56, 'ocr_score': 0.14, 'bounding_box': [0.77, 0.91, 0.18, 0.2]}
[2023-05-09T04:57:27.425+0000] {ml_response_dag.py:36} INFO - 7
[2023-05-09T04:57:27.425+0000] {ml_response_dag.py:37} INFO - Inserted to db
[2023-05-09T04:57:27.426+0000] {ml_response_dag.py:35} INFO - {'value': '967', 'score': 0.78, 'ocr_score': 0.39, 'bounding_box': [0.86, 0.38, 0.41, 0.36]}
[2023-05-09T04:57:27.427+0000] {ml_response_dag.py:36} INFO - 7
[2023-05-09T04:57:27.429+0000] {ml_response_dag.py:37} INFO - Inserted to db
[2023-05-09T04:57:27.440+0000] {ml_response_dag.py:35} INFO - {'value': '100', 'score': 0.68, 'ocr_score': 0.75, 'bounding_box': [0.32, 0.6, 0.97, 0.05]}
[2023-05-09T04:57:27.442+0000] {ml_response_dag.py:36} INFO - 7
[2023-05-09T04:57:27.443+0000] {ml_response_dag.py:37} INFO - Inserted to db
[2023-05-09T04:57:27.446+0000] {ml_response_dag.py:35} INFO - {}
[2023-05-09T04:57:27.447+0000] {ml_response_dag.py:36} INFO - 7
[2023-05-09T04:57:27.450+0000] {ml_response_dag.py:37} INFO - Inserted to db
[2023-05-09T04:57:27.454+0000] {ml_response_dag.py:35} INFO - {}
[2023-05-09T04:57:27.454+0000] {ml_response_dag.py:36} INFO - 7
[2023-05-09T04:57:27.455+0000] {ml_response_dag.py:37} INFO - Inserted to db
[2023-05-09T04:57:27.457+0000] {ml_response_dag.py:35} INFO - {'value': '858', 'score': 0.94, 'ocr_score': 0.64, 'bounding_box': [0.22, 0.37, 0.17, 0.07]}
[2023-05-09T04:57:27.458+0000] {ml_response_dag.py:36} INFO - 7
[2023-05-09T04:57:27.460+0000] {ml_response_dag.py:37} INFO - Inserted to db
[2023-05-09T04:57:27.471+0000] {ml_response_dag.py:35} INFO - {}
[2023-05-09T04:57:27.477+0000] {ml_response_dag.py:36} INFO - 7
[2023-05-09T04:57:27.483+0000] {ml_response_dag.py:37} INFO - Inserted to db
[2023-05-09T04:57:27.485+0000] {ml_response_dag.py:35} INFO - {'value': '633', 'score': 0.77, 'ocr_score': 0.17, 'bounding_box': [0.44, 0.56, 0.26, 0.15]}
[2023-05-09T04:57:27.487+0000] {ml_response_dag.py:36} INFO - 7
[2023-05-09T04:57:27.491+0000] {ml_response_dag.py:37} INFO - Inserted to db
[2023-05-09T04:57:27.492+0000] {ml_response_dag.py:35} INFO - {'value': '609', 'score': 0.47, 'ocr_score': 0.56, 'bounding_box': [0.3, 0.87, 0.78, 0.92]}
[2023-05-09T04:57:27.495+0000] {ml_response_dag.py:36} INFO - 8
[2023-05-09T04:57:27.496+0000] {ml_response_dag.py:37} INFO - Inserted to db
[2023-05-09T04:57:27.513+0000] {ml_response_dag.py:35} INFO - {'value': '331', 'score': 0.49, 'ocr_score': 0.99, 'bounding_box': [0.55, 0.36, 0.08, 0.43]}
[2023-05-09T04:57:27.516+0000] {ml_response_dag.py:36} INFO - 8
[2023-05-09T04:57:27.517+0000] {ml_response_dag.py:37} INFO - Inserted to db
[2023-05-09T04:57:27.543+0000] {ml_response_dag.py:35} INFO - {'value': '142', 'score': 0.0, 'ocr_score': 0.58, 'bounding_box': [0.17, 0.36, 0.83, 0.62]}
[2023-05-09T04:57:27.551+0000] {ml_response_dag.py:36} INFO - 8
[2023-05-09T04:57:27.556+0000] {ml_response_dag.py:37} INFO - Inserted to db
[2023-05-09T04:57:27.564+0000] {ml_response_dag.py:35} INFO - {}
[2023-05-09T04:57:27.565+0000] {ml_response_dag.py:36} INFO - 8
[2023-05-09T04:57:27.574+0000] {ml_response_dag.py:37} INFO - Inserted to db
[2023-05-09T04:57:27.575+0000] {ml_response_dag.py:35} INFO - {}
[2023-05-09T04:57:27.579+0000] {ml_response_dag.py:36} INFO - 8
[2023-05-09T04:57:27.581+0000] {ml_response_dag.py:37} INFO - Inserted to db
[2023-05-09T04:57:27.582+0000] {ml_response_dag.py:35} INFO - {}
[2023-05-09T04:57:27.583+0000] {ml_response_dag.py:36} INFO - 8
[2023-05-09T04:57:27.585+0000] {ml_response_dag.py:37} INFO - Inserted to db
[2023-05-09T04:57:27.586+0000] {ml_response_dag.py:35} INFO - {'value': '826', 'score': 0.74, 'ocr_score': 0.69, 'bounding_box': [0.98, 0.11, 0.14, 0.96]}
[2023-05-09T04:57:27.587+0000] {ml_response_dag.py:36} INFO - 8
[2023-05-09T04:57:27.588+0000] {ml_response_dag.py:37} INFO - Inserted to db
[2023-05-09T04:57:27.589+0000] {ml_response_dag.py:35} INFO - {}
[2023-05-09T04:57:27.589+0000] {ml_response_dag.py:36} INFO - 8
[2023-05-09T04:57:27.590+0000] {ml_response_dag.py:37} INFO - Inserted to db
[2023-05-09T04:57:27.600+0000] {ml_response_dag.py:35} INFO - {'value': '299', 'score': 0.85, 'ocr_score': 0.04, 'bounding_box': [0.14, 0.46, 0.06, 0.65]}
[2023-05-09T04:57:27.602+0000] {ml_response_dag.py:36} INFO - 8
[2023-05-09T04:57:27.606+0000] {ml_response_dag.py:37} INFO - Inserted to db
[2023-05-09T04:57:27.612+0000] {ml_response_dag.py:35} INFO - {'value': '362', 'score': 0.62, 'ocr_score': 0.51, 'bounding_box': [0.42, 0.48, 0.21, 0.45]}
[2023-05-09T04:57:27.614+0000] {ml_response_dag.py:36} INFO - 9
[2023-05-09T04:57:27.615+0000] {ml_response_dag.py:37} INFO - Inserted to db
[2023-05-09T04:57:27.620+0000] {ml_response_dag.py:35} INFO - {'value': '288', 'score': 0.77, 'ocr_score': 0.23, 'bounding_box': [0.16, 0.03, 0.68, 0.81]}
[2023-05-09T04:57:27.630+0000] {ml_response_dag.py:36} INFO - 9
[2023-05-09T04:57:27.631+0000] {ml_response_dag.py:37} INFO - Inserted to db
[2023-05-09T04:57:27.633+0000] {ml_response_dag.py:35} INFO - {'value': '803', 'score': 0.03, 'ocr_score': 0.42, 'bounding_box': [0.05, 0.5, 0.56, 0.95]}
[2023-05-09T04:57:27.635+0000] {ml_response_dag.py:36} INFO - 9
[2023-05-09T04:57:27.635+0000] {ml_response_dag.py:37} INFO - Inserted to db
[2023-05-09T04:57:27.637+0000] {ml_response_dag.py:35} INFO - {'value': '750', 'score': 0.85, 'ocr_score': 0.27, 'bounding_box': [0.71, 0.07, 0.54, 0.9]}
[2023-05-09T04:57:27.637+0000] {ml_response_dag.py:36} INFO - 9
[2023-05-09T04:57:27.638+0000] {ml_response_dag.py:37} INFO - Inserted to db
[2023-05-09T04:57:27.640+0000] {ml_response_dag.py:35} INFO - {'value': '148', 'score': 0.41, 'ocr_score': 0.97, 'bounding_box': [0.44, 0.51, 0.69, 0.67]}
[2023-05-09T04:57:27.640+0000] {ml_response_dag.py:36} INFO - 9
[2023-05-09T04:57:27.641+0000] {ml_response_dag.py:37} INFO - Inserted to db
[2023-05-09T04:57:27.641+0000] {ml_response_dag.py:35} INFO - {'value': '161', 'score': 0.49, 'ocr_score': 0.58, 'bounding_box': [0.51, 0.51, 0.55, 0.06]}
[2023-05-09T04:57:27.642+0000] {ml_response_dag.py:36} INFO - 9
[2023-05-09T04:57:27.642+0000] {ml_response_dag.py:37} INFO - Inserted to db
[2023-05-09T04:57:27.643+0000] {ml_response_dag.py:35} INFO - {}
[2023-05-09T04:57:27.644+0000] {ml_response_dag.py:36} INFO - 9
[2023-05-09T04:57:27.645+0000] {ml_response_dag.py:37} INFO - Inserted to db
[2023-05-09T04:57:27.649+0000] {ml_response_dag.py:35} INFO - {}
[2023-05-09T04:57:27.650+0000] {ml_response_dag.py:36} INFO - 9
[2023-05-09T04:57:27.651+0000] {ml_response_dag.py:37} INFO - Inserted to db
[2023-05-09T04:57:27.653+0000] {ml_response_dag.py:35} INFO - {}
[2023-05-09T04:57:27.654+0000] {ml_response_dag.py:36} INFO - 9
[2023-05-09T04:57:27.654+0000] {ml_response_dag.py:37} INFO - Inserted to db
[2023-05-09T04:57:27.655+0000] {ml_response_dag.py:35} INFO - {'value': '842', 'score': 0.47, 'ocr_score': 0.75, 'bounding_box': [0.16, 0.91, 0.32, 0.53]}
[2023-05-09T04:57:27.656+0000] {ml_response_dag.py:36} INFO - 10
[2023-05-09T04:57:27.656+0000] {ml_response_dag.py:37} INFO - Inserted to db
[2023-05-09T04:57:27.658+0000] {ml_response_dag.py:35} INFO - {}
[2023-05-09T04:57:27.658+0000] {ml_response_dag.py:36} INFO - 10
[2023-05-09T04:57:27.659+0000] {ml_response_dag.py:37} INFO - Inserted to db
[2023-05-09T04:57:27.664+0000] {ml_response_dag.py:35} INFO - {}
[2023-05-09T04:57:27.670+0000] {ml_response_dag.py:36} INFO - 10
[2023-05-09T04:57:27.670+0000] {ml_response_dag.py:37} INFO - Inserted to db
[2023-05-09T04:57:27.670+0000] {ml_response_dag.py:35} INFO - {'value': '458', 'score': 0.81, 'ocr_score': 0.31, 'bounding_box': [0.69, 0.54, 0.48, 0.39]}
[2023-05-09T04:57:27.671+0000] {ml_response_dag.py:36} INFO - 10
[2023-05-09T04:57:27.671+0000] {ml_response_dag.py:37} INFO - Inserted to db
[2023-05-09T04:57:27.672+0000] {ml_response_dag.py:35} INFO - {'value': '776', 'score': 0.77, 'ocr_score': 0.34, 'bounding_box': [0.76, 0.85, 0.56, 0.82]}
[2023-05-09T04:57:27.672+0000] {ml_response_dag.py:36} INFO - 10
[2023-05-09T04:57:27.672+0000] {ml_response_dag.py:37} INFO - Inserted to db
[2023-05-09T04:57:27.675+0000] {ml_response_dag.py:35} INFO - {}
[2023-05-09T04:57:27.675+0000] {ml_response_dag.py:36} INFO - 10
[2023-05-09T04:57:27.676+0000] {ml_response_dag.py:37} INFO - Inserted to db
[2023-05-09T04:57:27.677+0000] {ml_response_dag.py:35} INFO - {'value': '51', 'score': 0.76, 'ocr_score': 0.29, 'bounding_box': [0.79, 0.88, 0.43, 0.21]}
[2023-05-09T04:57:27.678+0000] {ml_response_dag.py:36} INFO - 10
[2023-05-09T04:57:27.686+0000] {ml_response_dag.py:37} INFO - Inserted to db
[2023-05-09T04:57:27.707+0000] {ml_response_dag.py:35} INFO - {'value': '843', 'score': 0.05, 'ocr_score': 0.96, 'bounding_box': [0.84, 0.04, 0.6, 0.52]}
[2023-05-09T04:57:27.713+0000] {ml_response_dag.py:36} INFO - 10
[2023-05-09T04:57:27.722+0000] {ml_response_dag.py:37} INFO - Inserted to db
[2023-05-09T04:57:27.733+0000] {ml_response_dag.py:35} INFO - {'value': '517', 'score': 0.75, 'ocr_score': 0.74, 'bounding_box': [0.65, 0.92, 0.1, 0.59]}
[2023-05-09T04:57:27.735+0000] {ml_response_dag.py:36} INFO - 10
[2023-05-09T04:57:27.736+0000] {ml_response_dag.py:37} INFO - Inserted to db
[2023-05-09T04:57:27.744+0000] {ml_response_dag.py:35} INFO - {}
[2023-05-09T04:57:27.746+0000] {ml_response_dag.py:36} INFO - 11
[2023-05-09T04:57:27.748+0000] {ml_response_dag.py:37} INFO - Inserted to db
[2023-05-09T04:57:27.751+0000] {ml_response_dag.py:35} INFO - {}
[2023-05-09T04:57:27.756+0000] {ml_response_dag.py:36} INFO - 11
[2023-05-09T04:57:27.760+0000] {ml_response_dag.py:37} INFO - Inserted to db
[2023-05-09T04:57:27.762+0000] {ml_response_dag.py:35} INFO - {'value': '288', 'score': 0.6, 'ocr_score': 0.29, 'bounding_box': [0.96, 0.39, 0.81, 0.96]}
[2023-05-09T04:57:27.764+0000] {ml_response_dag.py:36} INFO - 11
[2023-05-09T04:57:27.770+0000] {ml_response_dag.py:37} INFO - Inserted to db
[2023-05-09T04:57:27.773+0000] {ml_response_dag.py:35} INFO - {'value': '878', 'score': 0.44, 'ocr_score': 0.56, 'bounding_box': [0.46, 0.03, 0.06, 0.3]}
[2023-05-09T04:57:27.774+0000] {ml_response_dag.py:36} INFO - 11
[2023-05-09T04:57:27.774+0000] {ml_response_dag.py:37} INFO - Inserted to db
[2023-05-09T04:57:27.775+0000] {ml_response_dag.py:35} INFO - {}
[2023-05-09T04:57:27.776+0000] {ml_response_dag.py:36} INFO - 11
[2023-05-09T04:57:27.776+0000] {ml_response_dag.py:37} INFO - Inserted to db
[2023-05-09T04:57:27.778+0000] {ml_response_dag.py:35} INFO - {}
[2023-05-09T04:57:27.778+0000] {ml_response_dag.py:36} INFO - 11
[2023-05-09T04:57:27.779+0000] {ml_response_dag.py:37} INFO - Inserted to db
[2023-05-09T04:57:27.804+0000] {ml_response_dag.py:35} INFO - {}
[2023-05-09T04:57:27.805+0000] {ml_response_dag.py:36} INFO - 11
[2023-05-09T04:57:27.809+0000] {ml_response_dag.py:37} INFO - Inserted to db
[2023-05-09T04:57:27.811+0000] {ml_response_dag.py:35} INFO - {'value': '650', 'score': 0.79, 'ocr_score': 0.64, 'bounding_box': [0.13, 0.78, 0.29, 0.37]}
[2023-05-09T04:57:27.812+0000] {ml_response_dag.py:36} INFO - 11
[2023-05-09T04:57:27.812+0000] {ml_response_dag.py:37} INFO - Inserted to db
[2023-05-09T04:57:27.814+0000] {ml_response_dag.py:35} INFO - {}
[2023-05-09T04:57:27.817+0000] {ml_response_dag.py:36} INFO - 11
[2023-05-09T04:57:27.824+0000] {ml_response_dag.py:37} INFO - Inserted to db
[2023-05-09T04:57:27.831+0000] {ml_response_dag.py:35} INFO - {'value': '643', 'score': 0.23, 'ocr_score': 0.72, 'bounding_box': [0.01, 0.39, 0.58, 0.53]}
[2023-05-09T04:57:27.842+0000] {ml_response_dag.py:36} INFO - 12
[2023-05-09T04:57:27.844+0000] {ml_response_dag.py:37} INFO - Inserted to db
[2023-05-09T04:57:27.845+0000] {ml_response_dag.py:35} INFO - {}
[2023-05-09T04:57:27.845+0000] {ml_response_dag.py:36} INFO - 13
[2023-05-09T04:57:27.846+0000] {ml_response_dag.py:37} INFO - Inserted to db
[2023-05-09T04:57:27.847+0000] {ml_response_dag.py:35} INFO - {}
[2023-05-09T04:57:27.848+0000] {ml_response_dag.py:36} INFO - 14
[2023-05-09T04:57:27.849+0000] {ml_response_dag.py:37} INFO - Inserted to db
[2023-05-09T04:57:27.850+0000] {ml_response_dag.py:35} INFO - {'value': '141', 'score': 0.27, 'ocr_score': 0.93, 'bounding_box': [0.24, 0.73, 0.11, 0.89]}
[2023-05-09T04:57:27.869+0000] {ml_response_dag.py:36} INFO - 15
[2023-05-09T04:57:27.870+0000] {ml_response_dag.py:37} INFO - Inserted to db
[2023-05-09T04:57:27.873+0000] {ml_response_dag.py:35} INFO - {'value': '59', 'score': 0.45, 'ocr_score': 0.57, 'bounding_box': [0.45, 0.64, 0.68, 0.17]}
[2023-05-09T04:57:27.885+0000] {ml_response_dag.py:36} INFO - 15
[2023-05-09T04:57:27.889+0000] {ml_response_dag.py:37} INFO - Inserted to db
[2023-05-09T04:57:27.890+0000] {ml_response_dag.py:35} INFO - {'value': '333', 'score': 0.34, 'ocr_score': 0.85, 'bounding_box': [0.81, 0.57, 0.99, 0.77]}
[2023-05-09T04:57:27.890+0000] {ml_response_dag.py:36} INFO - 15
[2023-05-09T04:57:27.891+0000] {ml_response_dag.py:37} INFO - Inserted to db
[2023-05-09T04:57:27.892+0000] {ml_response_dag.py:35} INFO - {'value': '257', 'score': 0.11, 'ocr_score': 0.43, 'bounding_box': [0.37, 0.55, 0.53, 0.66]}
[2023-05-09T04:57:27.892+0000] {ml_response_dag.py:36} INFO - 15
[2023-05-09T04:57:27.893+0000] {ml_response_dag.py:37} INFO - Inserted to db
[2023-05-09T04:57:27.894+0000] {ml_response_dag.py:35} INFO - {'value': '190', 'score': 0.21, 'ocr_score': 0.83, 'bounding_box': [0.88, 0.83, 0.57, 0.11]}
[2023-05-09T04:57:27.895+0000] {ml_response_dag.py:36} INFO - 15
[2023-05-09T04:57:27.896+0000] {ml_response_dag.py:37} INFO - Inserted to db
[2023-05-09T04:57:27.901+0000] {ml_response_dag.py:35} INFO - {}
[2023-05-09T04:57:27.902+0000] {ml_response_dag.py:36} INFO - 15
[2023-05-09T04:57:27.902+0000] {ml_response_dag.py:37} INFO - Inserted to db
[2023-05-09T04:57:27.903+0000] {ml_response_dag.py:35} INFO - {}
[2023-05-09T04:57:27.906+0000] {ml_response_dag.py:36} INFO - 15
[2023-05-09T04:57:27.907+0000] {ml_response_dag.py:37} INFO - Inserted to db
[2023-05-09T04:57:27.908+0000] {ml_response_dag.py:35} INFO - {}
[2023-05-09T04:57:27.908+0000] {ml_response_dag.py:36} INFO - 15
[2023-05-09T04:57:27.909+0000] {ml_response_dag.py:37} INFO - Inserted to db
[2023-05-09T04:57:27.910+0000] {ml_response_dag.py:35} INFO - {'value': '475', 'score': 0.57, 'ocr_score': 0.49, 'bounding_box': [0.4, 0.3, 0.99, 0.32]}
[2023-05-09T04:57:27.911+0000] {ml_response_dag.py:36} INFO - 15
[2023-05-09T04:57:27.911+0000] {ml_response_dag.py:37} INFO - Inserted to db
[2023-05-09T04:57:27.911+0000] {ml_response_dag.py:35} INFO - {'value': '745', 'score': 0.84, 'ocr_score': 0.82, 'bounding_box': [0.84, 0.57, 0.94, 0.44]}
[2023-05-09T04:57:27.912+0000] {ml_response_dag.py:36} INFO - 16
[2023-05-09T04:57:27.913+0000] {ml_response_dag.py:37} INFO - Inserted to db
[2023-05-09T04:57:27.927+0000] {python.py:183} INFO - Done. Returned value was: None
[2023-05-09T04:57:28.198+0000] {taskinstance.py:1373} INFO - Marking task as SUCCESS. dag_id=veryfi_extract_total, task_id=extract_and_load, execution_date=20230508T082000, start_date=20230509T045726, end_date=20230509T045728
[2023-05-09T04:57:28.446+0000] {local_task_job_runner.py:232} INFO - Task exited with return code 0
[2023-05-09T04:57:28.706+0000] {taskinstance.py:2674} INFO - 0 downstream tasks scheduled from follow-on schedule check
