[2023-05-08T22:42:37.364+0000] {taskinstance.py:1125} INFO - Dependencies all met for dep_context=non-requeueable deps ti=<TaskInstance: veryfi_extract_total.extract_and_load scheduled__2023-05-08T00:13:00+00:00 [queued]>
[2023-05-08T22:42:37.381+0000] {taskinstance.py:1125} INFO - Dependencies all met for dep_context=requeueable deps ti=<TaskInstance: veryfi_extract_total.extract_and_load scheduled__2023-05-08T00:13:00+00:00 [queued]>
[2023-05-08T22:42:37.382+0000] {taskinstance.py:1331} INFO - Starting attempt 1 of 2
[2023-05-08T22:42:37.400+0000] {taskinstance.py:1350} INFO - Executing <Task(PythonOperator): extract_and_load> on 2023-05-08 00:13:00+00:00
[2023-05-08T22:42:37.407+0000] {standard_task_runner.py:57} INFO - Started process 249 to run task
[2023-05-08T22:42:37.414+0000] {standard_task_runner.py:84} INFO - Running: ['***', 'tasks', 'run', 'veryfi_extract_total', 'extract_and_load', 'scheduled__2023-05-08T00:13:00+00:00', '--job-id', '52', '--raw', '--subdir', 'DAGS_FOLDER/ml_response_dag.py', '--cfg-path', '/tmp/tmplwzs9yes']
[2023-05-08T22:42:37.415+0000] {standard_task_runner.py:85} INFO - Job 52: Subtask extract_and_load
[2023-05-08T22:42:37.520+0000] {task_command.py:410} INFO - Running <TaskInstance: veryfi_extract_total.extract_and_load scheduled__2023-05-08T00:13:00+00:00 [running]> on host 916d3785c91c
[2023-05-08T22:42:37.675+0000] {taskinstance.py:1570} INFO - Exporting env vars: AIRFLOW_CTX_DAG_OWNER='***' AIRFLOW_CTX_DAG_ID='veryfi_extract_total' AIRFLOW_CTX_TASK_ID='extract_and_load' AIRFLOW_CTX_EXECUTION_DATE='2023-05-08T00:13:00+00:00' AIRFLOW_CTX_TRY_NUMBER='1' AIRFLOW_CTX_DAG_RUN_ID='scheduled__2023-05-08T00:13:00+00:00'
[2023-05-08T22:42:37.676+0000] {taskinstance.py:1847} ERROR - Task failed with exception
Traceback (most recent call last):
  File "/home/airflow/.local/lib/python3.7/site-packages/airflow/operators/python.py", line 181, in execute
    return_value = self.execute_callable()
  File "/home/airflow/.local/lib/python3.7/site-packages/airflow/operators/python.py", line 198, in execute_callable
    return self.python_callable(*self.op_args, **self.op_kwargs)
  File "/opt/airflow/dags/ml_response_dag.py", line 22, in extract_total
    password="airflow"
  File "/home/airflow/.local/lib/python3.7/site-packages/psycopg2/__init__.py", line 122, in connect
    conn = _connect(dsn, connection_factory=connection_factory, **kwasync)
psycopg2.OperationalError: connection to server at "localhost" (127.0.0.1), port 5432 failed: Connection refused
	Is the server running on that host and accepting TCP/IP connections?
connection to server at "localhost" (::1), port 5432 failed: Cannot assign requested address
	Is the server running on that host and accepting TCP/IP connections?

[2023-05-08T22:42:37.700+0000] {taskinstance.py:1373} INFO - Marking task as UP_FOR_RETRY. dag_id=veryfi_extract_total, task_id=extract_and_load, execution_date=20230508T001300, start_date=20230508T224237, end_date=20230508T224237
[2023-05-08T22:42:37.717+0000] {standard_task_runner.py:109} ERROR - Failed to execute job 52 for task extract_and_load (connection to server at "localhost" (127.0.0.1), port 5432 failed: Connection refused
	Is the server running on that host and accepting TCP/IP connections?
connection to server at "localhost" (::1), port 5432 failed: Cannot assign requested address
	Is the server running on that host and accepting TCP/IP connections?
; 249)
[2023-05-08T22:42:37.752+0000] {local_task_job_runner.py:232} INFO - Task exited with return code 1
[2023-05-08T22:42:37.805+0000] {taskinstance.py:2674} INFO - 0 downstream tasks scheduled from follow-on schedule check
[2023-05-09T04:45:35.888+0000] {taskinstance.py:1125} INFO - Dependencies all met for dep_context=non-requeueable deps ti=<TaskInstance: veryfi_extract_total.extract_and_load scheduled__2023-05-08T00:13:00+00:00 [queued]>
[2023-05-09T04:45:35.926+0000] {taskinstance.py:1125} INFO - Dependencies all met for dep_context=requeueable deps ti=<TaskInstance: veryfi_extract_total.extract_and_load scheduled__2023-05-08T00:13:00+00:00 [queued]>
[2023-05-09T04:45:35.927+0000] {taskinstance.py:1331} INFO - Starting attempt 1 of 2
[2023-05-09T04:45:36.001+0000] {taskinstance.py:1350} INFO - Executing <Task(PythonOperator): extract_and_load> on 2023-05-08 00:13:00+00:00
[2023-05-09T04:45:36.022+0000] {standard_task_runner.py:57} INFO - Started process 884 to run task
[2023-05-09T04:45:36.035+0000] {standard_task_runner.py:84} INFO - Running: ['***', 'tasks', 'run', 'veryfi_extract_total', 'extract_and_load', 'scheduled__2023-05-08T00:13:00+00:00', '--job-id', '161', '--raw', '--subdir', 'DAGS_FOLDER/ml_response_dag.py', '--cfg-path', '/tmp/tmp6vjkassa']
[2023-05-09T04:45:36.036+0000] {standard_task_runner.py:85} INFO - Job 161: Subtask extract_and_load
[2023-05-09T04:45:36.208+0000] {task_command.py:410} INFO - Running <TaskInstance: veryfi_extract_total.extract_and_load scheduled__2023-05-08T00:13:00+00:00 [running]> on host aa4b7d3de44b
[2023-05-09T04:45:36.463+0000] {taskinstance.py:1570} INFO - Exporting env vars: AIRFLOW_CTX_DAG_OWNER='***' AIRFLOW_CTX_DAG_ID='veryfi_extract_total' AIRFLOW_CTX_TASK_ID='extract_and_load' AIRFLOW_CTX_EXECUTION_DATE='2023-05-08T00:13:00+00:00' AIRFLOW_CTX_TRY_NUMBER='1' AIRFLOW_CTX_DAG_RUN_ID='scheduled__2023-05-08T00:13:00+00:00'
[2023-05-09T04:45:36.481+0000] {ml_response_dag.py:36} INFO - {}
[2023-05-09T04:45:36.481+0000] {ml_response_dag.py:37} INFO - 1
[2023-05-09T04:45:36.482+0000] {ml_response_dag.py:36} INFO - {'value': '544', 'score': 0.22, 'ocr_score': 0.81, 'bounding_box': [0.22, 0.37, 0.38, 0.52]}
[2023-05-09T04:45:36.482+0000] {ml_response_dag.py:37} INFO - 1
[2023-05-09T04:45:36.483+0000] {ml_response_dag.py:36} INFO - {}
[2023-05-09T04:45:36.483+0000] {ml_response_dag.py:37} INFO - 1
[2023-05-09T04:45:36.484+0000] {ml_response_dag.py:36} INFO - {}
[2023-05-09T04:45:36.484+0000] {ml_response_dag.py:37} INFO - 1
[2023-05-09T04:45:36.485+0000] {ml_response_dag.py:36} INFO - {}
[2023-05-09T04:45:36.485+0000] {ml_response_dag.py:37} INFO - 1
[2023-05-09T04:45:36.485+0000] {ml_response_dag.py:36} INFO - {}
[2023-05-09T04:45:36.486+0000] {ml_response_dag.py:37} INFO - 1
[2023-05-09T04:45:36.486+0000] {ml_response_dag.py:36} INFO - {'value': '660', 'score': 0.48, 'ocr_score': 0.32, 'bounding_box': [0.07, 0.82, 0.06, 0.37]}
[2023-05-09T04:45:36.486+0000] {ml_response_dag.py:37} INFO - 1
[2023-05-09T04:45:36.487+0000] {ml_response_dag.py:36} INFO - {}
[2023-05-09T04:45:36.487+0000] {ml_response_dag.py:37} INFO - 1
[2023-05-09T04:45:36.488+0000] {ml_response_dag.py:36} INFO - {'value': '801', 'score': 0.92, 'ocr_score': 0.28, 'bounding_box': [0.56, 0.9, 0.37, 0.79]}
[2023-05-09T04:45:36.489+0000] {ml_response_dag.py:37} INFO - 1
[2023-05-09T04:45:36.489+0000] {ml_response_dag.py:36} INFO - {}
[2023-05-09T04:45:36.491+0000] {ml_response_dag.py:37} INFO - 2
[2023-05-09T04:45:36.491+0000] {ml_response_dag.py:36} INFO - {}
[2023-05-09T04:45:36.496+0000] {ml_response_dag.py:37} INFO - 2
[2023-05-09T04:45:36.497+0000] {ml_response_dag.py:36} INFO - {'value': '880', 'score': 0.06, 'ocr_score': 0.1, 'bounding_box': [0.76, 0.47, 0.16, 0.27]}
[2023-05-09T04:45:36.497+0000] {ml_response_dag.py:37} INFO - 2
[2023-05-09T04:45:36.498+0000] {ml_response_dag.py:36} INFO - {'value': '380', 'score': 0.11, 'ocr_score': 0.36, 'bounding_box': [0.99, 0.15, 0.39, 0.03]}
[2023-05-09T04:45:36.499+0000] {ml_response_dag.py:37} INFO - 2
[2023-05-09T04:45:36.500+0000] {ml_response_dag.py:36} INFO - {}
[2023-05-09T04:45:36.500+0000] {ml_response_dag.py:37} INFO - 2
[2023-05-09T04:45:36.500+0000] {ml_response_dag.py:36} INFO - {'value': '770', 'score': 0.37, 'ocr_score': 0.84, 'bounding_box': [0.79, 0.15, 0.82, 0.6]}
[2023-05-09T04:45:36.501+0000] {ml_response_dag.py:37} INFO - 2
[2023-05-09T04:45:36.501+0000] {ml_response_dag.py:36} INFO - {}
[2023-05-09T04:45:36.502+0000] {ml_response_dag.py:37} INFO - 2
[2023-05-09T04:45:36.502+0000] {ml_response_dag.py:36} INFO - {}
[2023-05-09T04:45:36.503+0000] {ml_response_dag.py:37} INFO - 2
[2023-05-09T04:45:36.503+0000] {ml_response_dag.py:36} INFO - {}
[2023-05-09T04:45:36.504+0000] {ml_response_dag.py:37} INFO - 2
[2023-05-09T04:45:36.504+0000] {ml_response_dag.py:36} INFO - {}
[2023-05-09T04:45:36.505+0000] {ml_response_dag.py:37} INFO - 3
[2023-05-09T04:45:36.505+0000] {ml_response_dag.py:36} INFO - {}
[2023-05-09T04:45:36.505+0000] {ml_response_dag.py:37} INFO - 4
[2023-05-09T04:45:36.506+0000] {ml_response_dag.py:36} INFO - {}
[2023-05-09T04:45:36.507+0000] {ml_response_dag.py:37} INFO - 5
[2023-05-09T04:45:36.507+0000] {ml_response_dag.py:36} INFO - {}
[2023-05-09T04:45:36.507+0000] {ml_response_dag.py:37} INFO - 5
[2023-05-09T04:45:36.508+0000] {ml_response_dag.py:36} INFO - {'value': '418', 'score': 0.49, 'ocr_score': 0.15, 'bounding_box': [0.88, 0.92, 0.46, 0.3]}
[2023-05-09T04:45:36.508+0000] {ml_response_dag.py:37} INFO - 5
[2023-05-09T04:45:36.508+0000] {ml_response_dag.py:36} INFO - {}
[2023-05-09T04:45:36.509+0000] {ml_response_dag.py:37} INFO - 5
[2023-05-09T04:45:36.509+0000] {ml_response_dag.py:36} INFO - {}
[2023-05-09T04:45:36.509+0000] {ml_response_dag.py:37} INFO - 5
[2023-05-09T04:45:36.510+0000] {ml_response_dag.py:36} INFO - {'value': '78', 'score': 0.03, 'ocr_score': 0.66, 'bounding_box': [0.31, 0.81, 0.43, 0.03]}
[2023-05-09T04:45:36.511+0000] {ml_response_dag.py:37} INFO - 5
[2023-05-09T04:45:36.511+0000] {ml_response_dag.py:36} INFO - {}
[2023-05-09T04:45:36.512+0000] {ml_response_dag.py:37} INFO - 5
[2023-05-09T04:45:36.513+0000] {ml_response_dag.py:36} INFO - {'value': '889', 'score': 0.72, 'ocr_score': 0.56, 'bounding_box': [0.38, 0.17, 0.28, 1.0]}
[2023-05-09T04:45:36.513+0000] {ml_response_dag.py:37} INFO - 5
[2023-05-09T04:45:36.514+0000] {ml_response_dag.py:36} INFO - {'value': '292', 'score': 0.23, 'ocr_score': 0.39, 'bounding_box': [0.45, 0.93, 0.07, 0.2]}
[2023-05-09T04:45:36.516+0000] {ml_response_dag.py:37} INFO - 5
[2023-05-09T04:45:36.518+0000] {ml_response_dag.py:36} INFO - {}
[2023-05-09T04:45:36.519+0000] {ml_response_dag.py:37} INFO - 6
[2023-05-09T04:45:36.519+0000] {ml_response_dag.py:36} INFO - {'value': '542', 'score': 0.01, 'ocr_score': 0.03, 'bounding_box': [0.27, 0.53, 0.77, 0.97]}
[2023-05-09T04:45:36.520+0000] {ml_response_dag.py:37} INFO - 7
[2023-05-09T04:45:36.521+0000] {ml_response_dag.py:36} INFO - {'value': '342', 'score': 0.56, 'ocr_score': 0.14, 'bounding_box': [0.77, 0.91, 0.18, 0.2]}
[2023-05-09T04:45:36.521+0000] {ml_response_dag.py:37} INFO - 7
[2023-05-09T04:45:36.522+0000] {ml_response_dag.py:36} INFO - {'value': '967', 'score': 0.78, 'ocr_score': 0.39, 'bounding_box': [0.86, 0.38, 0.41, 0.36]}
[2023-05-09T04:45:36.522+0000] {ml_response_dag.py:37} INFO - 7
[2023-05-09T04:45:36.523+0000] {ml_response_dag.py:36} INFO - {'value': '100', 'score': 0.68, 'ocr_score': 0.75, 'bounding_box': [0.32, 0.6, 0.97, 0.05]}
[2023-05-09T04:45:36.523+0000] {ml_response_dag.py:37} INFO - 7
[2023-05-09T04:45:36.523+0000] {ml_response_dag.py:36} INFO - {}
[2023-05-09T04:45:36.524+0000] {ml_response_dag.py:37} INFO - 7
[2023-05-09T04:45:36.525+0000] {ml_response_dag.py:36} INFO - {}
[2023-05-09T04:45:36.529+0000] {ml_response_dag.py:37} INFO - 7
[2023-05-09T04:45:36.530+0000] {ml_response_dag.py:36} INFO - {'value': '858', 'score': 0.94, 'ocr_score': 0.64, 'bounding_box': [0.22, 0.37, 0.17, 0.07]}
[2023-05-09T04:45:36.536+0000] {ml_response_dag.py:37} INFO - 7
[2023-05-09T04:45:36.543+0000] {ml_response_dag.py:36} INFO - {}
[2023-05-09T04:45:36.545+0000] {ml_response_dag.py:37} INFO - 7
[2023-05-09T04:45:36.546+0000] {ml_response_dag.py:36} INFO - {'value': '633', 'score': 0.77, 'ocr_score': 0.17, 'bounding_box': [0.44, 0.56, 0.26, 0.15]}
[2023-05-09T04:45:36.546+0000] {ml_response_dag.py:37} INFO - 7
[2023-05-09T04:45:36.548+0000] {ml_response_dag.py:36} INFO - {'value': '609', 'score': 0.47, 'ocr_score': 0.56, 'bounding_box': [0.3, 0.87, 0.78, 0.92]}
[2023-05-09T04:45:36.549+0000] {ml_response_dag.py:37} INFO - 8
[2023-05-09T04:45:36.549+0000] {ml_response_dag.py:36} INFO - {'value': '331', 'score': 0.49, 'ocr_score': 0.99, 'bounding_box': [0.55, 0.36, 0.08, 0.43]}
[2023-05-09T04:45:36.551+0000] {ml_response_dag.py:37} INFO - 8
[2023-05-09T04:45:36.553+0000] {ml_response_dag.py:36} INFO - {'value': '142', 'score': 0.0, 'ocr_score': 0.58, 'bounding_box': [0.17, 0.36, 0.83, 0.62]}
[2023-05-09T04:45:36.554+0000] {ml_response_dag.py:37} INFO - 8
[2023-05-09T04:45:36.555+0000] {ml_response_dag.py:36} INFO - {}
[2023-05-09T04:45:36.555+0000] {ml_response_dag.py:37} INFO - 8
[2023-05-09T04:45:36.556+0000] {ml_response_dag.py:36} INFO - {}
[2023-05-09T04:45:36.557+0000] {ml_response_dag.py:37} INFO - 8
[2023-05-09T04:45:36.557+0000] {ml_response_dag.py:36} INFO - {}
[2023-05-09T04:45:36.558+0000] {ml_response_dag.py:37} INFO - 8
[2023-05-09T04:45:36.558+0000] {ml_response_dag.py:36} INFO - {'value': '826', 'score': 0.74, 'ocr_score': 0.69, 'bounding_box': [0.98, 0.11, 0.14, 0.96]}
[2023-05-09T04:45:36.559+0000] {ml_response_dag.py:37} INFO - 8
[2023-05-09T04:45:36.560+0000] {ml_response_dag.py:36} INFO - {}
[2023-05-09T04:45:36.561+0000] {ml_response_dag.py:37} INFO - 8
[2023-05-09T04:45:36.561+0000] {ml_response_dag.py:36} INFO - {'value': '299', 'score': 0.85, 'ocr_score': 0.04, 'bounding_box': [0.14, 0.46, 0.06, 0.65]}
[2023-05-09T04:45:36.565+0000] {ml_response_dag.py:37} INFO - 8
[2023-05-09T04:45:36.565+0000] {ml_response_dag.py:36} INFO - {'value': '362', 'score': 0.62, 'ocr_score': 0.51, 'bounding_box': [0.42, 0.48, 0.21, 0.45]}
[2023-05-09T04:45:36.566+0000] {ml_response_dag.py:37} INFO - 9
[2023-05-09T04:45:36.566+0000] {ml_response_dag.py:36} INFO - {'value': '288', 'score': 0.77, 'ocr_score': 0.23, 'bounding_box': [0.16, 0.03, 0.68, 0.81]}
[2023-05-09T04:45:36.567+0000] {ml_response_dag.py:37} INFO - 9
[2023-05-09T04:45:36.567+0000] {ml_response_dag.py:36} INFO - {'value': '803', 'score': 0.03, 'ocr_score': 0.42, 'bounding_box': [0.05, 0.5, 0.56, 0.95]}
[2023-05-09T04:45:36.568+0000] {ml_response_dag.py:37} INFO - 9
[2023-05-09T04:45:36.568+0000] {ml_response_dag.py:36} INFO - {'value': '750', 'score': 0.85, 'ocr_score': 0.27, 'bounding_box': [0.71, 0.07, 0.54, 0.9]}
[2023-05-09T04:45:36.569+0000] {ml_response_dag.py:37} INFO - 9
[2023-05-09T04:45:36.569+0000] {ml_response_dag.py:36} INFO - {'value': '148', 'score': 0.41, 'ocr_score': 0.97, 'bounding_box': [0.44, 0.51, 0.69, 0.67]}
[2023-05-09T04:45:36.570+0000] {ml_response_dag.py:37} INFO - 9
[2023-05-09T04:45:36.571+0000] {ml_response_dag.py:36} INFO - {'value': '161', 'score': 0.49, 'ocr_score': 0.58, 'bounding_box': [0.51, 0.51, 0.55, 0.06]}
[2023-05-09T04:45:36.573+0000] {ml_response_dag.py:37} INFO - 9
[2023-05-09T04:45:36.574+0000] {ml_response_dag.py:36} INFO - {}
[2023-05-09T04:45:36.574+0000] {ml_response_dag.py:37} INFO - 9
[2023-05-09T04:45:36.575+0000] {ml_response_dag.py:36} INFO - {}
[2023-05-09T04:45:36.578+0000] {ml_response_dag.py:37} INFO - 9
[2023-05-09T04:45:36.579+0000] {ml_response_dag.py:36} INFO - {}
[2023-05-09T04:45:36.579+0000] {ml_response_dag.py:37} INFO - 9
[2023-05-09T04:45:36.580+0000] {ml_response_dag.py:36} INFO - {'value': '842', 'score': 0.47, 'ocr_score': 0.75, 'bounding_box': [0.16, 0.91, 0.32, 0.53]}
[2023-05-09T04:45:36.580+0000] {ml_response_dag.py:37} INFO - 10
[2023-05-09T04:45:36.581+0000] {ml_response_dag.py:36} INFO - {}
[2023-05-09T04:45:36.581+0000] {ml_response_dag.py:37} INFO - 10
[2023-05-09T04:45:36.581+0000] {ml_response_dag.py:36} INFO - {}
[2023-05-09T04:45:36.582+0000] {ml_response_dag.py:37} INFO - 10
[2023-05-09T04:45:36.582+0000] {ml_response_dag.py:36} INFO - {'value': '458', 'score': 0.81, 'ocr_score': 0.31, 'bounding_box': [0.69, 0.54, 0.48, 0.39]}
[2023-05-09T04:45:36.582+0000] {ml_response_dag.py:37} INFO - 10
[2023-05-09T04:45:36.583+0000] {ml_response_dag.py:36} INFO - {'value': '776', 'score': 0.77, 'ocr_score': 0.34, 'bounding_box': [0.76, 0.85, 0.56, 0.82]}
[2023-05-09T04:45:36.583+0000] {ml_response_dag.py:37} INFO - 10
[2023-05-09T04:45:36.583+0000] {ml_response_dag.py:36} INFO - {}
[2023-05-09T04:45:36.584+0000] {ml_response_dag.py:37} INFO - 10
[2023-05-09T04:45:36.584+0000] {ml_response_dag.py:36} INFO - {'value': '51', 'score': 0.76, 'ocr_score': 0.29, 'bounding_box': [0.79, 0.88, 0.43, 0.21]}
[2023-05-09T04:45:36.584+0000] {ml_response_dag.py:37} INFO - 10
[2023-05-09T04:45:36.587+0000] {ml_response_dag.py:36} INFO - {'value': '843', 'score': 0.05, 'ocr_score': 0.96, 'bounding_box': [0.84, 0.04, 0.6, 0.52]}
[2023-05-09T04:45:36.589+0000] {ml_response_dag.py:37} INFO - 10
[2023-05-09T04:45:36.592+0000] {ml_response_dag.py:36} INFO - {'value': '517', 'score': 0.75, 'ocr_score': 0.74, 'bounding_box': [0.65, 0.92, 0.1, 0.59]}
[2023-05-09T04:45:36.594+0000] {ml_response_dag.py:37} INFO - 10
[2023-05-09T04:45:36.595+0000] {ml_response_dag.py:36} INFO - {}
[2023-05-09T04:45:36.595+0000] {ml_response_dag.py:37} INFO - 11
[2023-05-09T04:45:36.596+0000] {ml_response_dag.py:36} INFO - {}
[2023-05-09T04:45:36.596+0000] {ml_response_dag.py:37} INFO - 11
[2023-05-09T04:45:36.597+0000] {ml_response_dag.py:36} INFO - {'value': '288', 'score': 0.6, 'ocr_score': 0.29, 'bounding_box': [0.96, 0.39, 0.81, 0.96]}
[2023-05-09T04:45:36.598+0000] {ml_response_dag.py:37} INFO - 11
[2023-05-09T04:45:36.598+0000] {ml_response_dag.py:36} INFO - {'value': '878', 'score': 0.44, 'ocr_score': 0.56, 'bounding_box': [0.46, 0.03, 0.06, 0.3]}
[2023-05-09T04:45:36.599+0000] {ml_response_dag.py:37} INFO - 11
[2023-05-09T04:45:36.599+0000] {ml_response_dag.py:36} INFO - {}
[2023-05-09T04:45:36.600+0000] {ml_response_dag.py:37} INFO - 11
[2023-05-09T04:45:36.600+0000] {ml_response_dag.py:36} INFO - {}
[2023-05-09T04:45:36.600+0000] {ml_response_dag.py:37} INFO - 11
[2023-05-09T04:45:36.601+0000] {ml_response_dag.py:36} INFO - {}
[2023-05-09T04:45:36.601+0000] {ml_response_dag.py:37} INFO - 11
[2023-05-09T04:45:36.601+0000] {ml_response_dag.py:36} INFO - {'value': '650', 'score': 0.79, 'ocr_score': 0.64, 'bounding_box': [0.13, 0.78, 0.29, 0.37]}
[2023-05-09T04:45:36.602+0000] {ml_response_dag.py:37} INFO - 11
[2023-05-09T04:45:36.602+0000] {ml_response_dag.py:36} INFO - {}
[2023-05-09T04:45:36.604+0000] {ml_response_dag.py:37} INFO - 11
[2023-05-09T04:45:36.606+0000] {ml_response_dag.py:36} INFO - {'value': '643', 'score': 0.23, 'ocr_score': 0.72, 'bounding_box': [0.01, 0.39, 0.58, 0.53]}
[2023-05-09T04:45:36.608+0000] {ml_response_dag.py:37} INFO - 12
[2023-05-09T04:45:36.611+0000] {ml_response_dag.py:36} INFO - {}
[2023-05-09T04:45:36.612+0000] {ml_response_dag.py:37} INFO - 13
[2023-05-09T04:45:36.613+0000] {ml_response_dag.py:36} INFO - {}
[2023-05-09T04:45:36.615+0000] {ml_response_dag.py:37} INFO - 14
[2023-05-09T04:45:36.617+0000] {ml_response_dag.py:36} INFO - {'value': '141', 'score': 0.27, 'ocr_score': 0.93, 'bounding_box': [0.24, 0.73, 0.11, 0.89]}
[2023-05-09T04:45:36.619+0000] {ml_response_dag.py:37} INFO - 15
[2023-05-09T04:45:36.621+0000] {ml_response_dag.py:36} INFO - {'value': '59', 'score': 0.45, 'ocr_score': 0.57, 'bounding_box': [0.45, 0.64, 0.68, 0.17]}
[2023-05-09T04:45:36.622+0000] {ml_response_dag.py:37} INFO - 15
[2023-05-09T04:45:36.622+0000] {ml_response_dag.py:36} INFO - {'value': '333', 'score': 0.34, 'ocr_score': 0.85, 'bounding_box': [0.81, 0.57, 0.99, 0.77]}
[2023-05-09T04:45:36.623+0000] {ml_response_dag.py:37} INFO - 15
[2023-05-09T04:45:36.623+0000] {ml_response_dag.py:36} INFO - {'value': '257', 'score': 0.11, 'ocr_score': 0.43, 'bounding_box': [0.37, 0.55, 0.53, 0.66]}
[2023-05-09T04:45:36.624+0000] {ml_response_dag.py:37} INFO - 15
[2023-05-09T04:45:36.624+0000] {ml_response_dag.py:36} INFO - {'value': '190', 'score': 0.21, 'ocr_score': 0.83, 'bounding_box': [0.88, 0.83, 0.57, 0.11]}
[2023-05-09T04:45:36.625+0000] {ml_response_dag.py:37} INFO - 15
[2023-05-09T04:45:36.625+0000] {ml_response_dag.py:36} INFO - {}
[2023-05-09T04:45:36.626+0000] {ml_response_dag.py:37} INFO - 15
[2023-05-09T04:45:36.627+0000] {ml_response_dag.py:36} INFO - {}
[2023-05-09T04:45:36.628+0000] {ml_response_dag.py:37} INFO - 15
[2023-05-09T04:45:36.631+0000] {ml_response_dag.py:36} INFO - {}
[2023-05-09T04:45:36.633+0000] {ml_response_dag.py:37} INFO - 15
[2023-05-09T04:45:36.635+0000] {ml_response_dag.py:36} INFO - {'value': '475', 'score': 0.57, 'ocr_score': 0.49, 'bounding_box': [0.4, 0.3, 0.99, 0.32]}
[2023-05-09T04:45:36.638+0000] {ml_response_dag.py:37} INFO - 15
[2023-05-09T04:45:36.639+0000] {ml_response_dag.py:36} INFO - {'value': '745', 'score': 0.84, 'ocr_score': 0.82, 'bounding_box': [0.84, 0.57, 0.94, 0.44]}
[2023-05-09T04:45:36.641+0000] {ml_response_dag.py:37} INFO - 16
[2023-05-09T04:45:36.642+0000] {python.py:183} INFO - Done. Returned value was: None
[2023-05-09T04:45:36.663+0000] {taskinstance.py:1373} INFO - Marking task as SUCCESS. dag_id=veryfi_extract_total, task_id=extract_and_load, execution_date=20230508T001300, start_date=20230509T044535, end_date=20230509T044536
[2023-05-09T04:45:36.705+0000] {local_task_job_runner.py:232} INFO - Task exited with return code 0
[2023-05-09T04:45:36.751+0000] {taskinstance.py:2674} INFO - 0 downstream tasks scheduled from follow-on schedule check
