[2023-05-09T04:57:35.081+0000] {taskinstance.py:1125} INFO - Dependencies all met for dep_context=non-requeueable deps ti=<TaskInstance: veryfi_extract_total.extract_and_load scheduled__2023-05-08T10:30:00+00:00 [queued]>
[2023-05-09T04:57:35.107+0000] {taskinstance.py:1125} INFO - Dependencies all met for dep_context=requeueable deps ti=<TaskInstance: veryfi_extract_total.extract_and_load scheduled__2023-05-08T10:30:00+00:00 [queued]>
[2023-05-09T04:57:35.108+0000] {taskinstance.py:1331} INFO - Starting attempt 1 of 2
[2023-05-09T04:57:35.188+0000] {taskinstance.py:1350} INFO - Executing <Task(PythonOperator): extract_and_load> on 2023-05-08 10:30:00+00:00
[2023-05-09T04:57:35.222+0000] {standard_task_runner.py:57} INFO - Started process 1668 to run task
[2023-05-09T04:57:35.261+0000] {standard_task_runner.py:84} INFO - Running: ['***', 'tasks', 'run', 'veryfi_extract_total', 'extract_and_load', 'scheduled__2023-05-08T10:30:00+00:00', '--job-id', '455', '--raw', '--subdir', 'DAGS_FOLDER/ml_response_dag.py', '--cfg-path', '/tmp/tmp6dwehovy']
[2023-05-09T04:57:35.267+0000] {standard_task_runner.py:85} INFO - Job 455: Subtask extract_and_load
[2023-05-09T04:57:35.590+0000] {task_command.py:410} INFO - Running <TaskInstance: veryfi_extract_total.extract_and_load scheduled__2023-05-08T10:30:00+00:00 [running]> on host aa4b7d3de44b
[2023-05-09T04:57:36.409+0000] {taskinstance.py:1570} INFO - Exporting env vars: AIRFLOW_CTX_DAG_OWNER='***' AIRFLOW_CTX_DAG_ID='veryfi_extract_total' AIRFLOW_CTX_TASK_ID='extract_and_load' AIRFLOW_CTX_EXECUTION_DATE='2023-05-08T10:30:00+00:00' AIRFLOW_CTX_TRY_NUMBER='1' AIRFLOW_CTX_DAG_RUN_ID='scheduled__2023-05-08T10:30:00+00:00'
[2023-05-09T04:57:36.458+0000] {ml_response_dag.py:35} INFO - {}
[2023-05-09T04:57:36.462+0000] {ml_response_dag.py:36} INFO - 1
[2023-05-09T04:57:36.465+0000] {ml_response_dag.py:37} INFO - Inserted to db
[2023-05-09T04:57:36.476+0000] {ml_response_dag.py:35} INFO - {'value': '544', 'score': 0.22, 'ocr_score': 0.81, 'bounding_box': [0.22, 0.37, 0.38, 0.52]}
[2023-05-09T04:57:36.478+0000] {ml_response_dag.py:36} INFO - 1
[2023-05-09T04:57:36.479+0000] {ml_response_dag.py:37} INFO - Inserted to db
[2023-05-09T04:57:36.480+0000] {ml_response_dag.py:35} INFO - {}
[2023-05-09T04:57:36.481+0000] {ml_response_dag.py:36} INFO - 1
[2023-05-09T04:57:36.481+0000] {ml_response_dag.py:37} INFO - Inserted to db
[2023-05-09T04:57:36.489+0000] {ml_response_dag.py:35} INFO - {}
[2023-05-09T04:57:36.493+0000] {ml_response_dag.py:36} INFO - 1
[2023-05-09T04:57:36.496+0000] {ml_response_dag.py:37} INFO - Inserted to db
[2023-05-09T04:57:36.497+0000] {ml_response_dag.py:35} INFO - {}
[2023-05-09T04:57:36.499+0000] {ml_response_dag.py:36} INFO - 1
[2023-05-09T04:57:36.499+0000] {ml_response_dag.py:37} INFO - Inserted to db
[2023-05-09T04:57:36.500+0000] {ml_response_dag.py:35} INFO - {}
[2023-05-09T04:57:36.501+0000] {ml_response_dag.py:36} INFO - 1
[2023-05-09T04:57:36.501+0000] {ml_response_dag.py:37} INFO - Inserted to db
[2023-05-09T04:57:36.502+0000] {ml_response_dag.py:35} INFO - {'value': '660', 'score': 0.48, 'ocr_score': 0.32, 'bounding_box': [0.07, 0.82, 0.06, 0.37]}
[2023-05-09T04:57:36.502+0000] {ml_response_dag.py:36} INFO - 1
[2023-05-09T04:57:36.502+0000] {ml_response_dag.py:37} INFO - Inserted to db
[2023-05-09T04:57:36.503+0000] {ml_response_dag.py:35} INFO - {}
[2023-05-09T04:57:36.503+0000] {ml_response_dag.py:36} INFO - 1
[2023-05-09T04:57:36.503+0000] {ml_response_dag.py:37} INFO - Inserted to db
[2023-05-09T04:57:36.504+0000] {ml_response_dag.py:35} INFO - {'value': '801', 'score': 0.92, 'ocr_score': 0.28, 'bounding_box': [0.56, 0.9, 0.37, 0.79]}
[2023-05-09T04:57:36.504+0000] {ml_response_dag.py:36} INFO - 1
[2023-05-09T04:57:36.505+0000] {ml_response_dag.py:37} INFO - Inserted to db
[2023-05-09T04:57:36.507+0000] {ml_response_dag.py:35} INFO - {}
[2023-05-09T04:57:36.507+0000] {ml_response_dag.py:36} INFO - 2
[2023-05-09T04:57:36.507+0000] {ml_response_dag.py:37} INFO - Inserted to db
[2023-05-09T04:57:36.508+0000] {ml_response_dag.py:35} INFO - {}
[2023-05-09T04:57:36.508+0000] {ml_response_dag.py:36} INFO - 2
[2023-05-09T04:57:36.509+0000] {ml_response_dag.py:37} INFO - Inserted to db
[2023-05-09T04:57:36.509+0000] {ml_response_dag.py:35} INFO - {'value': '880', 'score': 0.06, 'ocr_score': 0.1, 'bounding_box': [0.76, 0.47, 0.16, 0.27]}
[2023-05-09T04:57:36.510+0000] {ml_response_dag.py:36} INFO - 2
[2023-05-09T04:57:36.510+0000] {ml_response_dag.py:37} INFO - Inserted to db
[2023-05-09T04:57:36.511+0000] {ml_response_dag.py:35} INFO - {'value': '380', 'score': 0.11, 'ocr_score': 0.36, 'bounding_box': [0.99, 0.15, 0.39, 0.03]}
[2023-05-09T04:57:36.511+0000] {ml_response_dag.py:36} INFO - 2
[2023-05-09T04:57:36.516+0000] {ml_response_dag.py:37} INFO - Inserted to db
[2023-05-09T04:57:36.517+0000] {ml_response_dag.py:35} INFO - {}
[2023-05-09T04:57:36.517+0000] {ml_response_dag.py:36} INFO - 2
[2023-05-09T04:57:36.518+0000] {ml_response_dag.py:37} INFO - Inserted to db
[2023-05-09T04:57:36.518+0000] {ml_response_dag.py:35} INFO - {'value': '770', 'score': 0.37, 'ocr_score': 0.84, 'bounding_box': [0.79, 0.15, 0.82, 0.6]}
[2023-05-09T04:57:36.519+0000] {ml_response_dag.py:36} INFO - 2
[2023-05-09T04:57:36.519+0000] {ml_response_dag.py:37} INFO - Inserted to db
[2023-05-09T04:57:36.520+0000] {ml_response_dag.py:35} INFO - {}
[2023-05-09T04:57:36.520+0000] {ml_response_dag.py:36} INFO - 2
[2023-05-09T04:57:36.521+0000] {ml_response_dag.py:37} INFO - Inserted to db
[2023-05-09T04:57:36.521+0000] {ml_response_dag.py:35} INFO - {}
[2023-05-09T04:57:36.522+0000] {ml_response_dag.py:36} INFO - 2
[2023-05-09T04:57:36.522+0000] {ml_response_dag.py:37} INFO - Inserted to db
[2023-05-09T04:57:36.525+0000] {ml_response_dag.py:35} INFO - {}
[2023-05-09T04:57:36.528+0000] {ml_response_dag.py:36} INFO - 2
[2023-05-09T04:57:36.529+0000] {ml_response_dag.py:37} INFO - Inserted to db
[2023-05-09T04:57:36.533+0000] {ml_response_dag.py:35} INFO - {}
[2023-05-09T04:57:36.534+0000] {ml_response_dag.py:36} INFO - 3
[2023-05-09T04:57:36.534+0000] {ml_response_dag.py:37} INFO - Inserted to db
[2023-05-09T04:57:36.540+0000] {ml_response_dag.py:35} INFO - {}
[2023-05-09T04:57:36.541+0000] {ml_response_dag.py:36} INFO - 4
[2023-05-09T04:57:36.542+0000] {ml_response_dag.py:37} INFO - Inserted to db
[2023-05-09T04:57:36.545+0000] {ml_response_dag.py:35} INFO - {}
[2023-05-09T04:57:36.546+0000] {ml_response_dag.py:36} INFO - 5
[2023-05-09T04:57:36.547+0000] {ml_response_dag.py:37} INFO - Inserted to db
[2023-05-09T04:57:36.551+0000] {ml_response_dag.py:35} INFO - {}
[2023-05-09T04:57:36.552+0000] {ml_response_dag.py:36} INFO - 5
[2023-05-09T04:57:36.555+0000] {ml_response_dag.py:37} INFO - Inserted to db
[2023-05-09T04:57:36.556+0000] {ml_response_dag.py:35} INFO - {'value': '418', 'score': 0.49, 'ocr_score': 0.15, 'bounding_box': [0.88, 0.92, 0.46, 0.3]}
[2023-05-09T04:57:36.558+0000] {ml_response_dag.py:36} INFO - 5
[2023-05-09T04:57:36.559+0000] {ml_response_dag.py:37} INFO - Inserted to db
[2023-05-09T04:57:36.561+0000] {ml_response_dag.py:35} INFO - {}
[2023-05-09T04:57:36.561+0000] {ml_response_dag.py:36} INFO - 5
[2023-05-09T04:57:36.566+0000] {ml_response_dag.py:37} INFO - Inserted to db
[2023-05-09T04:57:36.568+0000] {ml_response_dag.py:35} INFO - {}
[2023-05-09T04:57:36.569+0000] {ml_response_dag.py:36} INFO - 5
[2023-05-09T04:57:36.571+0000] {ml_response_dag.py:37} INFO - Inserted to db
[2023-05-09T04:57:36.572+0000] {ml_response_dag.py:35} INFO - {'value': '78', 'score': 0.03, 'ocr_score': 0.66, 'bounding_box': [0.31, 0.81, 0.43, 0.03]}
[2023-05-09T04:57:36.579+0000] {ml_response_dag.py:36} INFO - 5
[2023-05-09T04:57:36.582+0000] {ml_response_dag.py:37} INFO - Inserted to db
[2023-05-09T04:57:36.589+0000] {ml_response_dag.py:35} INFO - {}
[2023-05-09T04:57:36.590+0000] {ml_response_dag.py:36} INFO - 5
[2023-05-09T04:57:36.590+0000] {ml_response_dag.py:37} INFO - Inserted to db
[2023-05-09T04:57:36.598+0000] {ml_response_dag.py:35} INFO - {'value': '889', 'score': 0.72, 'ocr_score': 0.56, 'bounding_box': [0.38, 0.17, 0.28, 1.0]}
[2023-05-09T04:57:36.600+0000] {ml_response_dag.py:36} INFO - 5
[2023-05-09T04:57:36.602+0000] {ml_response_dag.py:37} INFO - Inserted to db
[2023-05-09T04:57:36.606+0000] {ml_response_dag.py:35} INFO - {'value': '292', 'score': 0.23, 'ocr_score': 0.39, 'bounding_box': [0.45, 0.93, 0.07, 0.2]}
[2023-05-09T04:57:36.610+0000] {ml_response_dag.py:36} INFO - 5
[2023-05-09T04:57:36.612+0000] {ml_response_dag.py:37} INFO - Inserted to db
[2023-05-09T04:57:36.613+0000] {ml_response_dag.py:35} INFO - {}
[2023-05-09T04:57:36.619+0000] {ml_response_dag.py:36} INFO - 6
[2023-05-09T04:57:36.627+0000] {ml_response_dag.py:37} INFO - Inserted to db
[2023-05-09T04:57:36.629+0000] {ml_response_dag.py:35} INFO - {'value': '542', 'score': 0.01, 'ocr_score': 0.03, 'bounding_box': [0.27, 0.53, 0.77, 0.97]}
[2023-05-09T04:57:36.631+0000] {ml_response_dag.py:36} INFO - 7
[2023-05-09T04:57:36.632+0000] {ml_response_dag.py:37} INFO - Inserted to db
[2023-05-09T04:57:36.637+0000] {ml_response_dag.py:35} INFO - {'value': '342', 'score': 0.56, 'ocr_score': 0.14, 'bounding_box': [0.77, 0.91, 0.18, 0.2]}
[2023-05-09T04:57:36.639+0000] {ml_response_dag.py:36} INFO - 7
[2023-05-09T04:57:36.640+0000] {ml_response_dag.py:37} INFO - Inserted to db
[2023-05-09T04:57:36.644+0000] {ml_response_dag.py:35} INFO - {'value': '967', 'score': 0.78, 'ocr_score': 0.39, 'bounding_box': [0.86, 0.38, 0.41, 0.36]}
[2023-05-09T04:57:36.645+0000] {ml_response_dag.py:36} INFO - 7
[2023-05-09T04:57:36.647+0000] {ml_response_dag.py:37} INFO - Inserted to db
[2023-05-09T04:57:36.653+0000] {ml_response_dag.py:35} INFO - {'value': '100', 'score': 0.68, 'ocr_score': 0.75, 'bounding_box': [0.32, 0.6, 0.97, 0.05]}
[2023-05-09T04:57:36.653+0000] {ml_response_dag.py:36} INFO - 7
[2023-05-09T04:57:36.654+0000] {ml_response_dag.py:37} INFO - Inserted to db
[2023-05-09T04:57:36.655+0000] {ml_response_dag.py:35} INFO - {}
[2023-05-09T04:57:36.655+0000] {ml_response_dag.py:36} INFO - 7
[2023-05-09T04:57:36.656+0000] {ml_response_dag.py:37} INFO - Inserted to db
[2023-05-09T04:57:36.658+0000] {ml_response_dag.py:35} INFO - {}
[2023-05-09T04:57:36.672+0000] {ml_response_dag.py:36} INFO - 7
[2023-05-09T04:57:36.679+0000] {ml_response_dag.py:37} INFO - Inserted to db
[2023-05-09T04:57:36.681+0000] {ml_response_dag.py:35} INFO - {'value': '858', 'score': 0.94, 'ocr_score': 0.64, 'bounding_box': [0.22, 0.37, 0.17, 0.07]}
[2023-05-09T04:57:36.683+0000] {ml_response_dag.py:36} INFO - 7
[2023-05-09T04:57:36.683+0000] {ml_response_dag.py:37} INFO - Inserted to db
[2023-05-09T04:57:36.685+0000] {ml_response_dag.py:35} INFO - {}
[2023-05-09T04:57:36.686+0000] {ml_response_dag.py:36} INFO - 7
[2023-05-09T04:57:36.689+0000] {ml_response_dag.py:37} INFO - Inserted to db
[2023-05-09T04:57:36.691+0000] {ml_response_dag.py:35} INFO - {'value': '633', 'score': 0.77, 'ocr_score': 0.17, 'bounding_box': [0.44, 0.56, 0.26, 0.15]}
[2023-05-09T04:57:36.692+0000] {ml_response_dag.py:36} INFO - 7
[2023-05-09T04:57:36.693+0000] {ml_response_dag.py:37} INFO - Inserted to db
[2023-05-09T04:57:36.694+0000] {ml_response_dag.py:35} INFO - {'value': '609', 'score': 0.47, 'ocr_score': 0.56, 'bounding_box': [0.3, 0.87, 0.78, 0.92]}
[2023-05-09T04:57:36.695+0000] {ml_response_dag.py:36} INFO - 8
[2023-05-09T04:57:36.696+0000] {ml_response_dag.py:37} INFO - Inserted to db
[2023-05-09T04:57:36.697+0000] {ml_response_dag.py:35} INFO - {'value': '331', 'score': 0.49, 'ocr_score': 0.99, 'bounding_box': [0.55, 0.36, 0.08, 0.43]}
[2023-05-09T04:57:36.697+0000] {ml_response_dag.py:36} INFO - 8
[2023-05-09T04:57:36.698+0000] {ml_response_dag.py:37} INFO - Inserted to db
[2023-05-09T04:57:36.699+0000] {ml_response_dag.py:35} INFO - {'value': '142', 'score': 0.0, 'ocr_score': 0.58, 'bounding_box': [0.17, 0.36, 0.83, 0.62]}
[2023-05-09T04:57:36.699+0000] {ml_response_dag.py:36} INFO - 8
[2023-05-09T04:57:36.699+0000] {ml_response_dag.py:37} INFO - Inserted to db
[2023-05-09T04:57:36.700+0000] {ml_response_dag.py:35} INFO - {}
[2023-05-09T04:57:36.710+0000] {ml_response_dag.py:36} INFO - 8
[2023-05-09T04:57:36.713+0000] {ml_response_dag.py:37} INFO - Inserted to db
[2023-05-09T04:57:36.714+0000] {ml_response_dag.py:35} INFO - {}
[2023-05-09T04:57:36.722+0000] {ml_response_dag.py:36} INFO - 8
[2023-05-09T04:57:36.735+0000] {ml_response_dag.py:37} INFO - Inserted to db
[2023-05-09T04:57:36.744+0000] {ml_response_dag.py:35} INFO - {}
[2023-05-09T04:57:36.746+0000] {ml_response_dag.py:36} INFO - 8
[2023-05-09T04:57:36.747+0000] {ml_response_dag.py:37} INFO - Inserted to db
[2023-05-09T04:57:36.747+0000] {ml_response_dag.py:35} INFO - {'value': '826', 'score': 0.74, 'ocr_score': 0.69, 'bounding_box': [0.98, 0.11, 0.14, 0.96]}
[2023-05-09T04:57:36.758+0000] {ml_response_dag.py:36} INFO - 8
[2023-05-09T04:57:36.759+0000] {ml_response_dag.py:37} INFO - Inserted to db
[2023-05-09T04:57:36.760+0000] {ml_response_dag.py:35} INFO - {}
[2023-05-09T04:57:36.760+0000] {ml_response_dag.py:36} INFO - 8
[2023-05-09T04:57:36.760+0000] {ml_response_dag.py:37} INFO - Inserted to db
[2023-05-09T04:57:36.762+0000] {ml_response_dag.py:35} INFO - {'value': '299', 'score': 0.85, 'ocr_score': 0.04, 'bounding_box': [0.14, 0.46, 0.06, 0.65]}
[2023-05-09T04:57:36.764+0000] {ml_response_dag.py:36} INFO - 8
[2023-05-09T04:57:36.765+0000] {ml_response_dag.py:37} INFO - Inserted to db
[2023-05-09T04:57:36.765+0000] {ml_response_dag.py:35} INFO - {'value': '362', 'score': 0.62, 'ocr_score': 0.51, 'bounding_box': [0.42, 0.48, 0.21, 0.45]}
[2023-05-09T04:57:36.767+0000] {ml_response_dag.py:36} INFO - 9
[2023-05-09T04:57:36.767+0000] {ml_response_dag.py:37} INFO - Inserted to db
[2023-05-09T04:57:36.768+0000] {ml_response_dag.py:35} INFO - {'value': '288', 'score': 0.77, 'ocr_score': 0.23, 'bounding_box': [0.16, 0.03, 0.68, 0.81]}
[2023-05-09T04:57:36.768+0000] {ml_response_dag.py:36} INFO - 9
[2023-05-09T04:57:36.769+0000] {ml_response_dag.py:37} INFO - Inserted to db
[2023-05-09T04:57:36.770+0000] {ml_response_dag.py:35} INFO - {'value': '803', 'score': 0.03, 'ocr_score': 0.42, 'bounding_box': [0.05, 0.5, 0.56, 0.95]}
[2023-05-09T04:57:36.771+0000] {ml_response_dag.py:36} INFO - 9
[2023-05-09T04:57:36.772+0000] {ml_response_dag.py:37} INFO - Inserted to db
[2023-05-09T04:57:36.773+0000] {ml_response_dag.py:35} INFO - {'value': '750', 'score': 0.85, 'ocr_score': 0.27, 'bounding_box': [0.71, 0.07, 0.54, 0.9]}
[2023-05-09T04:57:36.774+0000] {ml_response_dag.py:36} INFO - 9
[2023-05-09T04:57:36.775+0000] {ml_response_dag.py:37} INFO - Inserted to db
[2023-05-09T04:57:36.776+0000] {ml_response_dag.py:35} INFO - {'value': '148', 'score': 0.41, 'ocr_score': 0.97, 'bounding_box': [0.44, 0.51, 0.69, 0.67]}
[2023-05-09T04:57:36.776+0000] {ml_response_dag.py:36} INFO - 9
[2023-05-09T04:57:36.778+0000] {ml_response_dag.py:37} INFO - Inserted to db
[2023-05-09T04:57:36.778+0000] {ml_response_dag.py:35} INFO - {'value': '161', 'score': 0.49, 'ocr_score': 0.58, 'bounding_box': [0.51, 0.51, 0.55, 0.06]}
[2023-05-09T04:57:36.779+0000] {ml_response_dag.py:36} INFO - 9
[2023-05-09T04:57:36.779+0000] {ml_response_dag.py:37} INFO - Inserted to db
[2023-05-09T04:57:36.805+0000] {ml_response_dag.py:35} INFO - {}
[2023-05-09T04:57:36.816+0000] {ml_response_dag.py:36} INFO - 9
[2023-05-09T04:57:36.818+0000] {ml_response_dag.py:37} INFO - Inserted to db
[2023-05-09T04:57:36.828+0000] {ml_response_dag.py:35} INFO - {}
[2023-05-09T04:57:36.829+0000] {ml_response_dag.py:36} INFO - 9
[2023-05-09T04:57:36.830+0000] {ml_response_dag.py:37} INFO - Inserted to db
[2023-05-09T04:57:36.833+0000] {ml_response_dag.py:35} INFO - {}
[2023-05-09T04:57:36.834+0000] {ml_response_dag.py:36} INFO - 9
[2023-05-09T04:57:36.836+0000] {ml_response_dag.py:37} INFO - Inserted to db
[2023-05-09T04:57:36.843+0000] {ml_response_dag.py:35} INFO - {'value': '842', 'score': 0.47, 'ocr_score': 0.75, 'bounding_box': [0.16, 0.91, 0.32, 0.53]}
[2023-05-09T04:57:36.845+0000] {ml_response_dag.py:36} INFO - 10
[2023-05-09T04:57:36.845+0000] {ml_response_dag.py:37} INFO - Inserted to db
[2023-05-09T04:57:36.849+0000] {ml_response_dag.py:35} INFO - {}
[2023-05-09T04:57:36.849+0000] {ml_response_dag.py:36} INFO - 10
[2023-05-09T04:57:36.850+0000] {ml_response_dag.py:37} INFO - Inserted to db
[2023-05-09T04:57:36.852+0000] {ml_response_dag.py:35} INFO - {}
[2023-05-09T04:57:36.857+0000] {ml_response_dag.py:36} INFO - 10
[2023-05-09T04:57:36.859+0000] {ml_response_dag.py:37} INFO - Inserted to db
[2023-05-09T04:57:36.866+0000] {ml_response_dag.py:35} INFO - {'value': '458', 'score': 0.81, 'ocr_score': 0.31, 'bounding_box': [0.69, 0.54, 0.48, 0.39]}
[2023-05-09T04:57:36.867+0000] {ml_response_dag.py:36} INFO - 10
[2023-05-09T04:57:36.869+0000] {ml_response_dag.py:37} INFO - Inserted to db
[2023-05-09T04:57:36.874+0000] {ml_response_dag.py:35} INFO - {'value': '776', 'score': 0.77, 'ocr_score': 0.34, 'bounding_box': [0.76, 0.85, 0.56, 0.82]}
[2023-05-09T04:57:36.875+0000] {ml_response_dag.py:36} INFO - 10
[2023-05-09T04:57:36.876+0000] {ml_response_dag.py:37} INFO - Inserted to db
[2023-05-09T04:57:36.878+0000] {ml_response_dag.py:35} INFO - {}
[2023-05-09T04:57:36.881+0000] {ml_response_dag.py:36} INFO - 10
[2023-05-09T04:57:36.885+0000] {ml_response_dag.py:37} INFO - Inserted to db
[2023-05-09T04:57:36.886+0000] {ml_response_dag.py:35} INFO - {'value': '51', 'score': 0.76, 'ocr_score': 0.29, 'bounding_box': [0.79, 0.88, 0.43, 0.21]}
[2023-05-09T04:57:36.887+0000] {ml_response_dag.py:36} INFO - 10
[2023-05-09T04:57:36.887+0000] {ml_response_dag.py:37} INFO - Inserted to db
[2023-05-09T04:57:36.888+0000] {ml_response_dag.py:35} INFO - {'value': '843', 'score': 0.05, 'ocr_score': 0.96, 'bounding_box': [0.84, 0.04, 0.6, 0.52]}
[2023-05-09T04:57:36.890+0000] {ml_response_dag.py:36} INFO - 10
[2023-05-09T04:57:36.891+0000] {ml_response_dag.py:37} INFO - Inserted to db
[2023-05-09T04:57:36.897+0000] {ml_response_dag.py:35} INFO - {'value': '517', 'score': 0.75, 'ocr_score': 0.74, 'bounding_box': [0.65, 0.92, 0.1, 0.59]}
[2023-05-09T04:57:36.897+0000] {ml_response_dag.py:36} INFO - 10
[2023-05-09T04:57:36.898+0000] {ml_response_dag.py:37} INFO - Inserted to db
[2023-05-09T04:57:36.899+0000] {ml_response_dag.py:35} INFO - {}
[2023-05-09T04:57:36.899+0000] {ml_response_dag.py:36} INFO - 11
[2023-05-09T04:57:36.899+0000] {ml_response_dag.py:37} INFO - Inserted to db
[2023-05-09T04:57:36.900+0000] {ml_response_dag.py:35} INFO - {}
[2023-05-09T04:57:36.901+0000] {ml_response_dag.py:36} INFO - 11
[2023-05-09T04:57:36.903+0000] {ml_response_dag.py:37} INFO - Inserted to db
[2023-05-09T04:57:36.903+0000] {ml_response_dag.py:35} INFO - {'value': '288', 'score': 0.6, 'ocr_score': 0.29, 'bounding_box': [0.96, 0.39, 0.81, 0.96]}
[2023-05-09T04:57:36.908+0000] {ml_response_dag.py:36} INFO - 11
[2023-05-09T04:57:36.909+0000] {ml_response_dag.py:37} INFO - Inserted to db
[2023-05-09T04:57:36.909+0000] {ml_response_dag.py:35} INFO - {'value': '878', 'score': 0.44, 'ocr_score': 0.56, 'bounding_box': [0.46, 0.03, 0.06, 0.3]}
[2023-05-09T04:57:36.910+0000] {ml_response_dag.py:36} INFO - 11
[2023-05-09T04:57:36.910+0000] {ml_response_dag.py:37} INFO - Inserted to db
[2023-05-09T04:57:36.911+0000] {ml_response_dag.py:35} INFO - {}
[2023-05-09T04:57:36.912+0000] {ml_response_dag.py:36} INFO - 11
[2023-05-09T04:57:36.912+0000] {ml_response_dag.py:37} INFO - Inserted to db
[2023-05-09T04:57:36.913+0000] {ml_response_dag.py:35} INFO - {}
[2023-05-09T04:57:36.913+0000] {ml_response_dag.py:36} INFO - 11
[2023-05-09T04:57:36.914+0000] {ml_response_dag.py:37} INFO - Inserted to db
[2023-05-09T04:57:36.914+0000] {ml_response_dag.py:35} INFO - {}
[2023-05-09T04:57:36.915+0000] {ml_response_dag.py:36} INFO - 11
[2023-05-09T04:57:36.915+0000] {ml_response_dag.py:37} INFO - Inserted to db
[2023-05-09T04:57:36.916+0000] {ml_response_dag.py:35} INFO - {'value': '650', 'score': 0.79, 'ocr_score': 0.64, 'bounding_box': [0.13, 0.78, 0.29, 0.37]}
[2023-05-09T04:57:36.917+0000] {ml_response_dag.py:36} INFO - 11
[2023-05-09T04:57:36.927+0000] {ml_response_dag.py:37} INFO - Inserted to db
[2023-05-09T04:57:36.935+0000] {ml_response_dag.py:35} INFO - {}
[2023-05-09T04:57:36.937+0000] {ml_response_dag.py:36} INFO - 11
[2023-05-09T04:57:36.938+0000] {ml_response_dag.py:37} INFO - Inserted to db
[2023-05-09T04:57:36.945+0000] {ml_response_dag.py:35} INFO - {'value': '643', 'score': 0.23, 'ocr_score': 0.72, 'bounding_box': [0.01, 0.39, 0.58, 0.53]}
[2023-05-09T04:57:36.950+0000] {ml_response_dag.py:36} INFO - 12
[2023-05-09T04:57:36.952+0000] {ml_response_dag.py:37} INFO - Inserted to db
[2023-05-09T04:57:36.957+0000] {ml_response_dag.py:35} INFO - {}
[2023-05-09T04:57:36.958+0000] {ml_response_dag.py:36} INFO - 13
[2023-05-09T04:57:36.960+0000] {ml_response_dag.py:37} INFO - Inserted to db
[2023-05-09T04:57:36.961+0000] {ml_response_dag.py:35} INFO - {}
[2023-05-09T04:57:36.962+0000] {ml_response_dag.py:36} INFO - 14
[2023-05-09T04:57:36.964+0000] {ml_response_dag.py:37} INFO - Inserted to db
[2023-05-09T04:57:36.971+0000] {ml_response_dag.py:35} INFO - {'value': '141', 'score': 0.27, 'ocr_score': 0.93, 'bounding_box': [0.24, 0.73, 0.11, 0.89]}
[2023-05-09T04:57:36.972+0000] {ml_response_dag.py:36} INFO - 15
[2023-05-09T04:57:36.975+0000] {ml_response_dag.py:37} INFO - Inserted to db
[2023-05-09T04:57:36.977+0000] {ml_response_dag.py:35} INFO - {'value': '59', 'score': 0.45, 'ocr_score': 0.57, 'bounding_box': [0.45, 0.64, 0.68, 0.17]}
[2023-05-09T04:57:36.984+0000] {ml_response_dag.py:36} INFO - 15
[2023-05-09T04:57:36.987+0000] {ml_response_dag.py:37} INFO - Inserted to db
[2023-05-09T04:57:36.989+0000] {ml_response_dag.py:35} INFO - {'value': '333', 'score': 0.34, 'ocr_score': 0.85, 'bounding_box': [0.81, 0.57, 0.99, 0.77]}
[2023-05-09T04:57:36.989+0000] {ml_response_dag.py:36} INFO - 15
[2023-05-09T04:57:36.990+0000] {ml_response_dag.py:37} INFO - Inserted to db
[2023-05-09T04:57:36.991+0000] {ml_response_dag.py:35} INFO - {'value': '257', 'score': 0.11, 'ocr_score': 0.43, 'bounding_box': [0.37, 0.55, 0.53, 0.66]}
[2023-05-09T04:57:36.991+0000] {ml_response_dag.py:36} INFO - 15
[2023-05-09T04:57:36.992+0000] {ml_response_dag.py:37} INFO - Inserted to db
[2023-05-09T04:57:36.992+0000] {ml_response_dag.py:35} INFO - {'value': '190', 'score': 0.21, 'ocr_score': 0.83, 'bounding_box': [0.88, 0.83, 0.57, 0.11]}
[2023-05-09T04:57:36.993+0000] {ml_response_dag.py:36} INFO - 15
[2023-05-09T04:57:36.993+0000] {ml_response_dag.py:37} INFO - Inserted to db
[2023-05-09T04:57:36.994+0000] {ml_response_dag.py:35} INFO - {}
[2023-05-09T04:57:36.995+0000] {ml_response_dag.py:36} INFO - 15
[2023-05-09T04:57:36.995+0000] {ml_response_dag.py:37} INFO - Inserted to db
[2023-05-09T04:57:36.996+0000] {ml_response_dag.py:35} INFO - {}
[2023-05-09T04:57:36.996+0000] {ml_response_dag.py:36} INFO - 15
[2023-05-09T04:57:36.996+0000] {ml_response_dag.py:37} INFO - Inserted to db
[2023-05-09T04:57:36.998+0000] {ml_response_dag.py:35} INFO - {}
[2023-05-09T04:57:36.999+0000] {ml_response_dag.py:36} INFO - 15
[2023-05-09T04:57:37.000+0000] {ml_response_dag.py:37} INFO - Inserted to db
[2023-05-09T04:57:37.001+0000] {ml_response_dag.py:35} INFO - {'value': '475', 'score': 0.57, 'ocr_score': 0.49, 'bounding_box': [0.4, 0.3, 0.99, 0.32]}
[2023-05-09T04:57:37.006+0000] {ml_response_dag.py:36} INFO - 15
[2023-05-09T04:57:37.007+0000] {ml_response_dag.py:37} INFO - Inserted to db
[2023-05-09T04:57:37.009+0000] {ml_response_dag.py:35} INFO - {'value': '745', 'score': 0.84, 'ocr_score': 0.82, 'bounding_box': [0.84, 0.57, 0.94, 0.44]}
[2023-05-09T04:57:37.010+0000] {ml_response_dag.py:36} INFO - 16
[2023-05-09T04:57:37.010+0000] {ml_response_dag.py:37} INFO - Inserted to db
[2023-05-09T04:57:37.013+0000] {python.py:183} INFO - Done. Returned value was: None
[2023-05-09T04:57:37.161+0000] {taskinstance.py:1373} INFO - Marking task as SUCCESS. dag_id=veryfi_extract_total, task_id=extract_and_load, execution_date=20230508T103000, start_date=20230509T045735, end_date=20230509T045737
[2023-05-09T04:57:37.269+0000] {local_task_job_runner.py:232} INFO - Task exited with return code 0
[2023-05-09T04:57:37.381+0000] {taskinstance.py:2674} INFO - 0 downstream tasks scheduled from follow-on schedule check
