[2023-05-09T04:46:06.982+0000] {taskinstance.py:1125} INFO - Dependencies all met for dep_context=non-requeueable deps ti=<TaskInstance: veryfi_extract_total.extract_and_load scheduled__2023-05-08T00:40:30+00:00 [queued]>
[2023-05-09T04:46:06.995+0000] {taskinstance.py:1125} INFO - Dependencies all met for dep_context=requeueable deps ti=<TaskInstance: veryfi_extract_total.extract_and_load scheduled__2023-05-08T00:40:30+00:00 [queued]>
[2023-05-09T04:46:06.997+0000] {taskinstance.py:1331} INFO - Starting attempt 1 of 2
[2023-05-09T04:46:07.032+0000] {taskinstance.py:1350} INFO - Executing <Task(PythonOperator): extract_and_load> on 2023-05-08 00:40:30+00:00
[2023-05-09T04:46:07.050+0000] {standard_task_runner.py:57} INFO - Started process 1001 to run task
[2023-05-09T04:46:07.061+0000] {standard_task_runner.py:84} INFO - Running: ['***', 'tasks', 'run', 'veryfi_extract_total', 'extract_and_load', 'scheduled__2023-05-08T00:40:30+00:00', '--job-id', '216', '--raw', '--subdir', 'DAGS_FOLDER/ml_response_dag.py', '--cfg-path', '/tmp/tmpe0b1ft0i']
[2023-05-09T04:46:07.063+0000] {standard_task_runner.py:85} INFO - Job 216: Subtask extract_and_load
[2023-05-09T04:46:07.242+0000] {task_command.py:410} INFO - Running <TaskInstance: veryfi_extract_total.extract_and_load scheduled__2023-05-08T00:40:30+00:00 [running]> on host aa4b7d3de44b
[2023-05-09T04:46:07.584+0000] {taskinstance.py:1570} INFO - Exporting env vars: AIRFLOW_CTX_DAG_OWNER='***' AIRFLOW_CTX_DAG_ID='veryfi_extract_total' AIRFLOW_CTX_TASK_ID='extract_and_load' AIRFLOW_CTX_EXECUTION_DATE='2023-05-08T00:40:30+00:00' AIRFLOW_CTX_TRY_NUMBER='1' AIRFLOW_CTX_DAG_RUN_ID='scheduled__2023-05-08T00:40:30+00:00'
[2023-05-09T04:46:07.613+0000] {ml_response_dag.py:36} INFO - {}
[2023-05-09T04:46:07.616+0000] {ml_response_dag.py:37} INFO - 1
[2023-05-09T04:46:07.618+0000] {ml_response_dag.py:36} INFO - {'value': '544', 'score': 0.22, 'ocr_score': 0.81, 'bounding_box': [0.22, 0.37, 0.38, 0.52]}
[2023-05-09T04:46:07.620+0000] {ml_response_dag.py:37} INFO - 1
[2023-05-09T04:46:07.625+0000] {ml_response_dag.py:36} INFO - {}
[2023-05-09T04:46:07.630+0000] {ml_response_dag.py:37} INFO - 1
[2023-05-09T04:46:07.632+0000] {ml_response_dag.py:36} INFO - {}
[2023-05-09T04:46:07.637+0000] {ml_response_dag.py:37} INFO - 1
[2023-05-09T04:46:07.640+0000] {ml_response_dag.py:36} INFO - {}
[2023-05-09T04:46:07.641+0000] {ml_response_dag.py:37} INFO - 1
[2023-05-09T04:46:07.642+0000] {ml_response_dag.py:36} INFO - {}
[2023-05-09T04:46:07.643+0000] {ml_response_dag.py:37} INFO - 1
[2023-05-09T04:46:07.643+0000] {ml_response_dag.py:36} INFO - {'value': '660', 'score': 0.48, 'ocr_score': 0.32, 'bounding_box': [0.07, 0.82, 0.06, 0.37]}
[2023-05-09T04:46:07.644+0000] {ml_response_dag.py:37} INFO - 1
[2023-05-09T04:46:07.644+0000] {ml_response_dag.py:36} INFO - {}
[2023-05-09T04:46:07.645+0000] {ml_response_dag.py:37} INFO - 1
[2023-05-09T04:46:07.646+0000] {ml_response_dag.py:36} INFO - {'value': '801', 'score': 0.92, 'ocr_score': 0.28, 'bounding_box': [0.56, 0.9, 0.37, 0.79]}
[2023-05-09T04:46:07.646+0000] {ml_response_dag.py:37} INFO - 1
[2023-05-09T04:46:07.651+0000] {ml_response_dag.py:36} INFO - {}
[2023-05-09T04:46:07.652+0000] {ml_response_dag.py:37} INFO - 2
[2023-05-09T04:46:07.652+0000] {ml_response_dag.py:36} INFO - {}
[2023-05-09T04:46:07.653+0000] {ml_response_dag.py:37} INFO - 2
[2023-05-09T04:46:07.654+0000] {ml_response_dag.py:36} INFO - {'value': '880', 'score': 0.06, 'ocr_score': 0.1, 'bounding_box': [0.76, 0.47, 0.16, 0.27]}
[2023-05-09T04:46:07.657+0000] {ml_response_dag.py:37} INFO - 2
[2023-05-09T04:46:07.658+0000] {ml_response_dag.py:36} INFO - {'value': '380', 'score': 0.11, 'ocr_score': 0.36, 'bounding_box': [0.99, 0.15, 0.39, 0.03]}
[2023-05-09T04:46:07.659+0000] {ml_response_dag.py:37} INFO - 2
[2023-05-09T04:46:07.660+0000] {ml_response_dag.py:36} INFO - {}
[2023-05-09T04:46:07.661+0000] {ml_response_dag.py:37} INFO - 2
[2023-05-09T04:46:07.661+0000] {ml_response_dag.py:36} INFO - {'value': '770', 'score': 0.37, 'ocr_score': 0.84, 'bounding_box': [0.79, 0.15, 0.82, 0.6]}
[2023-05-09T04:46:07.661+0000] {ml_response_dag.py:37} INFO - 2
[2023-05-09T04:46:07.667+0000] {ml_response_dag.py:36} INFO - {}
[2023-05-09T04:46:07.668+0000] {ml_response_dag.py:37} INFO - 2
[2023-05-09T04:46:07.670+0000] {ml_response_dag.py:36} INFO - {}
[2023-05-09T04:46:07.670+0000] {ml_response_dag.py:37} INFO - 2
[2023-05-09T04:46:07.672+0000] {ml_response_dag.py:36} INFO - {}
[2023-05-09T04:46:07.672+0000] {ml_response_dag.py:37} INFO - 2
[2023-05-09T04:46:07.673+0000] {ml_response_dag.py:36} INFO - {}
[2023-05-09T04:46:07.673+0000] {ml_response_dag.py:37} INFO - 3
[2023-05-09T04:46:07.674+0000] {ml_response_dag.py:36} INFO - {}
[2023-05-09T04:46:07.675+0000] {ml_response_dag.py:37} INFO - 4
[2023-05-09T04:46:07.675+0000] {ml_response_dag.py:36} INFO - {}
[2023-05-09T04:46:07.677+0000] {ml_response_dag.py:37} INFO - 5
[2023-05-09T04:46:07.678+0000] {ml_response_dag.py:36} INFO - {}
[2023-05-09T04:46:07.679+0000] {ml_response_dag.py:37} INFO - 5
[2023-05-09T04:46:07.683+0000] {ml_response_dag.py:36} INFO - {'value': '418', 'score': 0.49, 'ocr_score': 0.15, 'bounding_box': [0.88, 0.92, 0.46, 0.3]}
[2023-05-09T04:46:07.684+0000] {ml_response_dag.py:37} INFO - 5
[2023-05-09T04:46:07.685+0000] {ml_response_dag.py:36} INFO - {}
[2023-05-09T04:46:07.691+0000] {ml_response_dag.py:37} INFO - 5
[2023-05-09T04:46:07.692+0000] {ml_response_dag.py:36} INFO - {}
[2023-05-09T04:46:07.693+0000] {ml_response_dag.py:37} INFO - 5
[2023-05-09T04:46:07.695+0000] {ml_response_dag.py:36} INFO - {'value': '78', 'score': 0.03, 'ocr_score': 0.66, 'bounding_box': [0.31, 0.81, 0.43, 0.03]}
[2023-05-09T04:46:07.696+0000] {ml_response_dag.py:37} INFO - 5
[2023-05-09T04:46:07.698+0000] {ml_response_dag.py:36} INFO - {}
[2023-05-09T04:46:07.699+0000] {ml_response_dag.py:37} INFO - 5
[2023-05-09T04:46:07.706+0000] {ml_response_dag.py:36} INFO - {'value': '889', 'score': 0.72, 'ocr_score': 0.56, 'bounding_box': [0.38, 0.17, 0.28, 1.0]}
[2023-05-09T04:46:07.707+0000] {ml_response_dag.py:37} INFO - 5
[2023-05-09T04:46:07.724+0000] {ml_response_dag.py:36} INFO - {'value': '292', 'score': 0.23, 'ocr_score': 0.39, 'bounding_box': [0.45, 0.93, 0.07, 0.2]}
[2023-05-09T04:46:07.724+0000] {ml_response_dag.py:37} INFO - 5
[2023-05-09T04:46:07.725+0000] {ml_response_dag.py:36} INFO - {}
[2023-05-09T04:46:07.725+0000] {ml_response_dag.py:37} INFO - 6
[2023-05-09T04:46:07.726+0000] {ml_response_dag.py:36} INFO - {'value': '542', 'score': 0.01, 'ocr_score': 0.03, 'bounding_box': [0.27, 0.53, 0.77, 0.97]}
[2023-05-09T04:46:07.730+0000] {ml_response_dag.py:37} INFO - 7
[2023-05-09T04:46:07.731+0000] {ml_response_dag.py:36} INFO - {'value': '342', 'score': 0.56, 'ocr_score': 0.14, 'bounding_box': [0.77, 0.91, 0.18, 0.2]}
[2023-05-09T04:46:07.733+0000] {ml_response_dag.py:37} INFO - 7
[2023-05-09T04:46:07.733+0000] {ml_response_dag.py:36} INFO - {'value': '967', 'score': 0.78, 'ocr_score': 0.39, 'bounding_box': [0.86, 0.38, 0.41, 0.36]}
[2023-05-09T04:46:07.736+0000] {ml_response_dag.py:37} INFO - 7
[2023-05-09T04:46:07.736+0000] {ml_response_dag.py:36} INFO - {'value': '100', 'score': 0.68, 'ocr_score': 0.75, 'bounding_box': [0.32, 0.6, 0.97, 0.05]}
[2023-05-09T04:46:07.737+0000] {ml_response_dag.py:37} INFO - 7
[2023-05-09T04:46:07.738+0000] {ml_response_dag.py:36} INFO - {}
[2023-05-09T04:46:07.738+0000] {ml_response_dag.py:37} INFO - 7
[2023-05-09T04:46:07.739+0000] {ml_response_dag.py:36} INFO - {}
[2023-05-09T04:46:07.739+0000] {ml_response_dag.py:37} INFO - 7
[2023-05-09T04:46:07.740+0000] {ml_response_dag.py:36} INFO - {'value': '858', 'score': 0.94, 'ocr_score': 0.64, 'bounding_box': [0.22, 0.37, 0.17, 0.07]}
[2023-05-09T04:46:07.741+0000] {ml_response_dag.py:37} INFO - 7
[2023-05-09T04:46:07.748+0000] {ml_response_dag.py:36} INFO - {}
[2023-05-09T04:46:07.748+0000] {ml_response_dag.py:37} INFO - 7
[2023-05-09T04:46:07.749+0000] {ml_response_dag.py:36} INFO - {'value': '633', 'score': 0.77, 'ocr_score': 0.17, 'bounding_box': [0.44, 0.56, 0.26, 0.15]}
[2023-05-09T04:46:07.750+0000] {ml_response_dag.py:37} INFO - 7
[2023-05-09T04:46:07.751+0000] {ml_response_dag.py:36} INFO - {'value': '609', 'score': 0.47, 'ocr_score': 0.56, 'bounding_box': [0.3, 0.87, 0.78, 0.92]}
[2023-05-09T04:46:07.751+0000] {ml_response_dag.py:37} INFO - 8
[2023-05-09T04:46:07.752+0000] {ml_response_dag.py:36} INFO - {'value': '331', 'score': 0.49, 'ocr_score': 0.99, 'bounding_box': [0.55, 0.36, 0.08, 0.43]}
[2023-05-09T04:46:07.752+0000] {ml_response_dag.py:37} INFO - 8
[2023-05-09T04:46:07.753+0000] {ml_response_dag.py:36} INFO - {'value': '142', 'score': 0.0, 'ocr_score': 0.58, 'bounding_box': [0.17, 0.36, 0.83, 0.62]}
[2023-05-09T04:46:07.755+0000] {ml_response_dag.py:37} INFO - 8
[2023-05-09T04:46:07.758+0000] {ml_response_dag.py:36} INFO - {}
[2023-05-09T04:46:07.759+0000] {ml_response_dag.py:37} INFO - 8
[2023-05-09T04:46:07.760+0000] {ml_response_dag.py:36} INFO - {}
[2023-05-09T04:46:07.760+0000] {ml_response_dag.py:37} INFO - 8
[2023-05-09T04:46:07.761+0000] {ml_response_dag.py:36} INFO - {}
[2023-05-09T04:46:07.761+0000] {ml_response_dag.py:37} INFO - 8
[2023-05-09T04:46:07.761+0000] {ml_response_dag.py:36} INFO - {'value': '826', 'score': 0.74, 'ocr_score': 0.69, 'bounding_box': [0.98, 0.11, 0.14, 0.96]}
[2023-05-09T04:46:07.762+0000] {ml_response_dag.py:37} INFO - 8
[2023-05-09T04:46:07.763+0000] {ml_response_dag.py:36} INFO - {}
[2023-05-09T04:46:07.763+0000] {ml_response_dag.py:37} INFO - 8
[2023-05-09T04:46:07.763+0000] {ml_response_dag.py:36} INFO - {'value': '299', 'score': 0.85, 'ocr_score': 0.04, 'bounding_box': [0.14, 0.46, 0.06, 0.65]}
[2023-05-09T04:46:07.764+0000] {ml_response_dag.py:37} INFO - 8
[2023-05-09T04:46:07.764+0000] {ml_response_dag.py:36} INFO - {'value': '362', 'score': 0.62, 'ocr_score': 0.51, 'bounding_box': [0.42, 0.48, 0.21, 0.45]}
[2023-05-09T04:46:07.765+0000] {ml_response_dag.py:37} INFO - 9
[2023-05-09T04:46:07.771+0000] {ml_response_dag.py:36} INFO - {'value': '288', 'score': 0.77, 'ocr_score': 0.23, 'bounding_box': [0.16, 0.03, 0.68, 0.81]}
[2023-05-09T04:46:07.775+0000] {ml_response_dag.py:37} INFO - 9
[2023-05-09T04:46:07.776+0000] {ml_response_dag.py:36} INFO - {'value': '803', 'score': 0.03, 'ocr_score': 0.42, 'bounding_box': [0.05, 0.5, 0.56, 0.95]}
[2023-05-09T04:46:07.776+0000] {ml_response_dag.py:37} INFO - 9
[2023-05-09T04:46:07.777+0000] {ml_response_dag.py:36} INFO - {'value': '750', 'score': 0.85, 'ocr_score': 0.27, 'bounding_box': [0.71, 0.07, 0.54, 0.9]}
[2023-05-09T04:46:07.778+0000] {ml_response_dag.py:37} INFO - 9
[2023-05-09T04:46:07.779+0000] {ml_response_dag.py:36} INFO - {'value': '148', 'score': 0.41, 'ocr_score': 0.97, 'bounding_box': [0.44, 0.51, 0.69, 0.67]}
[2023-05-09T04:46:07.780+0000] {ml_response_dag.py:37} INFO - 9
[2023-05-09T04:46:07.781+0000] {ml_response_dag.py:36} INFO - {'value': '161', 'score': 0.49, 'ocr_score': 0.58, 'bounding_box': [0.51, 0.51, 0.55, 0.06]}
[2023-05-09T04:46:07.782+0000] {ml_response_dag.py:37} INFO - 9
[2023-05-09T04:46:07.784+0000] {ml_response_dag.py:36} INFO - {}
[2023-05-09T04:46:07.785+0000] {ml_response_dag.py:37} INFO - 9
[2023-05-09T04:46:07.785+0000] {ml_response_dag.py:36} INFO - {}
[2023-05-09T04:46:07.786+0000] {ml_response_dag.py:37} INFO - 9
[2023-05-09T04:46:07.787+0000] {ml_response_dag.py:36} INFO - {}
[2023-05-09T04:46:07.787+0000] {ml_response_dag.py:37} INFO - 9
[2023-05-09T04:46:07.788+0000] {ml_response_dag.py:36} INFO - {'value': '842', 'score': 0.47, 'ocr_score': 0.75, 'bounding_box': [0.16, 0.91, 0.32, 0.53]}
[2023-05-09T04:46:07.789+0000] {ml_response_dag.py:37} INFO - 10
[2023-05-09T04:46:07.790+0000] {ml_response_dag.py:36} INFO - {}
[2023-05-09T04:46:07.791+0000] {ml_response_dag.py:37} INFO - 10
[2023-05-09T04:46:07.792+0000] {ml_response_dag.py:36} INFO - {}
[2023-05-09T04:46:07.796+0000] {ml_response_dag.py:37} INFO - 10
[2023-05-09T04:46:07.797+0000] {ml_response_dag.py:36} INFO - {'value': '458', 'score': 0.81, 'ocr_score': 0.31, 'bounding_box': [0.69, 0.54, 0.48, 0.39]}
[2023-05-09T04:46:07.799+0000] {ml_response_dag.py:37} INFO - 10
[2023-05-09T04:46:07.799+0000] {ml_response_dag.py:36} INFO - {'value': '776', 'score': 0.77, 'ocr_score': 0.34, 'bounding_box': [0.76, 0.85, 0.56, 0.82]}
[2023-05-09T04:46:07.801+0000] {ml_response_dag.py:37} INFO - 10
[2023-05-09T04:46:07.802+0000] {ml_response_dag.py:36} INFO - {}
[2023-05-09T04:46:07.803+0000] {ml_response_dag.py:37} INFO - 10
[2023-05-09T04:46:07.804+0000] {ml_response_dag.py:36} INFO - {'value': '51', 'score': 0.76, 'ocr_score': 0.29, 'bounding_box': [0.79, 0.88, 0.43, 0.21]}
[2023-05-09T04:46:07.805+0000] {ml_response_dag.py:37} INFO - 10
[2023-05-09T04:46:07.806+0000] {ml_response_dag.py:36} INFO - {'value': '843', 'score': 0.05, 'ocr_score': 0.96, 'bounding_box': [0.84, 0.04, 0.6, 0.52]}
[2023-05-09T04:46:07.807+0000] {ml_response_dag.py:37} INFO - 10
[2023-05-09T04:46:07.808+0000] {ml_response_dag.py:36} INFO - {'value': '517', 'score': 0.75, 'ocr_score': 0.74, 'bounding_box': [0.65, 0.92, 0.1, 0.59]}
[2023-05-09T04:46:07.809+0000] {ml_response_dag.py:37} INFO - 10
[2023-05-09T04:46:07.810+0000] {ml_response_dag.py:36} INFO - {}
[2023-05-09T04:46:07.810+0000] {ml_response_dag.py:37} INFO - 11
[2023-05-09T04:46:07.811+0000] {ml_response_dag.py:36} INFO - {}
[2023-05-09T04:46:07.812+0000] {ml_response_dag.py:37} INFO - 11
[2023-05-09T04:46:07.816+0000] {ml_response_dag.py:36} INFO - {'value': '288', 'score': 0.6, 'ocr_score': 0.29, 'bounding_box': [0.96, 0.39, 0.81, 0.96]}
[2023-05-09T04:46:07.817+0000] {ml_response_dag.py:37} INFO - 11
[2023-05-09T04:46:07.818+0000] {ml_response_dag.py:36} INFO - {'value': '878', 'score': 0.44, 'ocr_score': 0.56, 'bounding_box': [0.46, 0.03, 0.06, 0.3]}
[2023-05-09T04:46:07.819+0000] {ml_response_dag.py:37} INFO - 11
[2023-05-09T04:46:07.820+0000] {ml_response_dag.py:36} INFO - {}
[2023-05-09T04:46:07.820+0000] {ml_response_dag.py:37} INFO - 11
[2023-05-09T04:46:07.820+0000] {ml_response_dag.py:36} INFO - {}
[2023-05-09T04:46:07.821+0000] {ml_response_dag.py:37} INFO - 11
[2023-05-09T04:46:07.821+0000] {ml_response_dag.py:36} INFO - {}
[2023-05-09T04:46:07.822+0000] {ml_response_dag.py:37} INFO - 11
[2023-05-09T04:46:07.822+0000] {ml_response_dag.py:36} INFO - {'value': '650', 'score': 0.79, 'ocr_score': 0.64, 'bounding_box': [0.13, 0.78, 0.29, 0.37]}
[2023-05-09T04:46:07.822+0000] {ml_response_dag.py:37} INFO - 11
[2023-05-09T04:46:07.824+0000] {ml_response_dag.py:36} INFO - {}
[2023-05-09T04:46:07.824+0000] {ml_response_dag.py:37} INFO - 11
[2023-05-09T04:46:07.825+0000] {ml_response_dag.py:36} INFO - {'value': '643', 'score': 0.23, 'ocr_score': 0.72, 'bounding_box': [0.01, 0.39, 0.58, 0.53]}
[2023-05-09T04:46:07.825+0000] {ml_response_dag.py:37} INFO - 12
[2023-05-09T04:46:07.826+0000] {ml_response_dag.py:36} INFO - {}
[2023-05-09T04:46:07.826+0000] {ml_response_dag.py:37} INFO - 13
[2023-05-09T04:46:07.826+0000] {ml_response_dag.py:36} INFO - {}
[2023-05-09T04:46:07.827+0000] {ml_response_dag.py:37} INFO - 14
[2023-05-09T04:46:07.827+0000] {ml_response_dag.py:36} INFO - {'value': '141', 'score': 0.27, 'ocr_score': 0.93, 'bounding_box': [0.24, 0.73, 0.11, 0.89]}
[2023-05-09T04:46:07.827+0000] {ml_response_dag.py:37} INFO - 15
[2023-05-09T04:46:07.828+0000] {ml_response_dag.py:36} INFO - {'value': '59', 'score': 0.45, 'ocr_score': 0.57, 'bounding_box': [0.45, 0.64, 0.68, 0.17]}
[2023-05-09T04:46:07.828+0000] {ml_response_dag.py:37} INFO - 15
[2023-05-09T04:46:07.829+0000] {ml_response_dag.py:36} INFO - {'value': '333', 'score': 0.34, 'ocr_score': 0.85, 'bounding_box': [0.81, 0.57, 0.99, 0.77]}
[2023-05-09T04:46:07.829+0000] {ml_response_dag.py:37} INFO - 15
[2023-05-09T04:46:07.830+0000] {ml_response_dag.py:36} INFO - {'value': '257', 'score': 0.11, 'ocr_score': 0.43, 'bounding_box': [0.37, 0.55, 0.53, 0.66]}
[2023-05-09T04:46:07.831+0000] {ml_response_dag.py:37} INFO - 15
[2023-05-09T04:46:07.831+0000] {ml_response_dag.py:36} INFO - {'value': '190', 'score': 0.21, 'ocr_score': 0.83, 'bounding_box': [0.88, 0.83, 0.57, 0.11]}
[2023-05-09T04:46:07.832+0000] {ml_response_dag.py:37} INFO - 15
[2023-05-09T04:46:07.832+0000] {ml_response_dag.py:36} INFO - {}
[2023-05-09T04:46:07.835+0000] {ml_response_dag.py:37} INFO - 15
[2023-05-09T04:46:07.835+0000] {ml_response_dag.py:36} INFO - {}
[2023-05-09T04:46:07.835+0000] {ml_response_dag.py:37} INFO - 15
[2023-05-09T04:46:07.836+0000] {ml_response_dag.py:36} INFO - {}
[2023-05-09T04:46:07.836+0000] {ml_response_dag.py:37} INFO - 15
[2023-05-09T04:46:07.836+0000] {ml_response_dag.py:36} INFO - {'value': '475', 'score': 0.57, 'ocr_score': 0.49, 'bounding_box': [0.4, 0.3, 0.99, 0.32]}
[2023-05-09T04:46:07.837+0000] {ml_response_dag.py:37} INFO - 15
[2023-05-09T04:46:07.837+0000] {ml_response_dag.py:36} INFO - {'value': '745', 'score': 0.84, 'ocr_score': 0.82, 'bounding_box': [0.84, 0.57, 0.94, 0.44]}
[2023-05-09T04:46:07.837+0000] {ml_response_dag.py:37} INFO - 16
[2023-05-09T04:46:07.838+0000] {python.py:183} INFO - Done. Returned value was: None
[2023-05-09T04:46:07.898+0000] {taskinstance.py:1373} INFO - Marking task as SUCCESS. dag_id=veryfi_extract_total, task_id=extract_and_load, execution_date=20230508T004030, start_date=20230509T044606, end_date=20230509T044607
[2023-05-09T04:46:08.021+0000] {local_task_job_runner.py:232} INFO - Task exited with return code 0
[2023-05-09T04:46:08.078+0000] {taskinstance.py:2674} INFO - 0 downstream tasks scheduled from follow-on schedule check
