[2023-05-08T23:15:19.580+0000] {taskinstance.py:1125} INFO - Dependencies all met for dep_context=non-requeueable deps ti=<TaskInstance: veryfi_extract_total.extract_and_load scheduled__2023-05-08T00:05:30+00:00 [queued]>
[2023-05-08T23:15:19.647+0000] {taskinstance.py:1125} INFO - Dependencies all met for dep_context=requeueable deps ti=<TaskInstance: veryfi_extract_total.extract_and_load scheduled__2023-05-08T00:05:30+00:00 [queued]>
[2023-05-08T23:15:19.658+0000] {taskinstance.py:1331} INFO - Starting attempt 1 of 2
[2023-05-08T23:15:19.708+0000] {taskinstance.py:1350} INFO - Executing <Task(PythonOperator): extract_and_load> on 2023-05-08 00:05:30+00:00
[2023-05-08T23:15:19.726+0000] {standard_task_runner.py:57} INFO - Started process 430 to run task
[2023-05-08T23:15:19.750+0000] {standard_task_runner.py:84} INFO - Running: ['***', 'tasks', 'run', 'veryfi_extract_total', 'extract_and_load', 'scheduled__2023-05-08T00:05:30+00:00', '--job-id', '90', '--raw', '--subdir', 'DAGS_FOLDER/ml_response_dag.py', '--cfg-path', '/tmp/tmpivtnxskv']
[2023-05-08T23:15:19.754+0000] {standard_task_runner.py:85} INFO - Job 90: Subtask extract_and_load
[2023-05-08T23:15:19.940+0000] {task_command.py:410} INFO - Running <TaskInstance: veryfi_extract_total.extract_and_load scheduled__2023-05-08T00:05:30+00:00 [running]> on host 916d3785c91c
[2023-05-08T23:15:20.218+0000] {taskinstance.py:1570} INFO - Exporting env vars: AIRFLOW_CTX_DAG_OWNER='***' AIRFLOW_CTX_DAG_ID='veryfi_extract_total' AIRFLOW_CTX_TASK_ID='extract_and_load' AIRFLOW_CTX_EXECUTION_DATE='2023-05-08T00:05:30+00:00' AIRFLOW_CTX_TRY_NUMBER='1' AIRFLOW_CTX_DAG_RUN_ID='scheduled__2023-05-08T00:05:30+00:00'
[2023-05-08T23:15:20.229+0000] {taskinstance.py:1847} ERROR - Task failed with exception
Traceback (most recent call last):
  File "/home/airflow/.local/lib/python3.7/site-packages/airflow/operators/python.py", line 181, in execute
    return_value = self.execute_callable()
  File "/home/airflow/.local/lib/python3.7/site-packages/airflow/operators/python.py", line 198, in execute_callable
    return self.python_callable(*self.op_args, **self.op_kwargs)
  File "/opt/airflow/dags/ml_response_dag.py", line 31, in extract_total
    cur.execute("INSERT INTO parsed_total (total) VALUES (%s)", (total,))
psycopg2.ProgrammingError: can't adapt type 'dict'
[2023-05-08T23:15:20.252+0000] {taskinstance.py:1373} INFO - Marking task as UP_FOR_RETRY. dag_id=veryfi_extract_total, task_id=extract_and_load, execution_date=20230508T000530, start_date=20230508T231519, end_date=20230508T231520
[2023-05-08T23:15:20.273+0000] {standard_task_runner.py:109} ERROR - Failed to execute job 90 for task extract_and_load (can't adapt type 'dict'; 430)
[2023-05-08T23:15:20.313+0000] {local_task_job_runner.py:232} INFO - Task exited with return code 1
[2023-05-08T23:15:20.353+0000] {taskinstance.py:2674} INFO - 0 downstream tasks scheduled from follow-on schedule check
[2023-05-09T04:45:23.643+0000] {taskinstance.py:1125} INFO - Dependencies all met for dep_context=non-requeueable deps ti=<TaskInstance: veryfi_extract_total.extract_and_load scheduled__2023-05-08T00:05:30+00:00 [queued]>
[2023-05-09T04:45:23.684+0000] {taskinstance.py:1125} INFO - Dependencies all met for dep_context=requeueable deps ti=<TaskInstance: veryfi_extract_total.extract_and_load scheduled__2023-05-08T00:05:30+00:00 [queued]>
[2023-05-09T04:45:23.685+0000] {taskinstance.py:1331} INFO - Starting attempt 1 of 2
[2023-05-09T04:45:23.712+0000] {taskinstance.py:1350} INFO - Executing <Task(PythonOperator): extract_and_load> on 2023-05-08 00:05:30+00:00
[2023-05-09T04:45:23.771+0000] {standard_task_runner.py:57} INFO - Started process 845 to run task
[2023-05-09T04:45:23.786+0000] {standard_task_runner.py:84} INFO - Running: ['***', 'tasks', 'run', 'veryfi_extract_total', 'extract_and_load', 'scheduled__2023-05-08T00:05:30+00:00', '--job-id', '146', '--raw', '--subdir', 'DAGS_FOLDER/ml_response_dag.py', '--cfg-path', '/tmp/tmpbq59gurj']
[2023-05-09T04:45:23.790+0000] {standard_task_runner.py:85} INFO - Job 146: Subtask extract_and_load
[2023-05-09T04:45:24.227+0000] {task_command.py:410} INFO - Running <TaskInstance: veryfi_extract_total.extract_and_load scheduled__2023-05-08T00:05:30+00:00 [running]> on host aa4b7d3de44b
[2023-05-09T04:45:24.716+0000] {taskinstance.py:1570} INFO - Exporting env vars: AIRFLOW_CTX_DAG_OWNER='***' AIRFLOW_CTX_DAG_ID='veryfi_extract_total' AIRFLOW_CTX_TASK_ID='extract_and_load' AIRFLOW_CTX_EXECUTION_DATE='2023-05-08T00:05:30+00:00' AIRFLOW_CTX_TRY_NUMBER='1' AIRFLOW_CTX_DAG_RUN_ID='scheduled__2023-05-08T00:05:30+00:00'
[2023-05-09T04:45:24.792+0000] {ml_response_dag.py:36} INFO - {}
[2023-05-09T04:45:24.794+0000] {ml_response_dag.py:37} INFO - 1
[2023-05-09T04:45:24.794+0000] {ml_response_dag.py:36} INFO - {'value': '544', 'score': 0.22, 'ocr_score': 0.81, 'bounding_box': [0.22, 0.37, 0.38, 0.52]}
[2023-05-09T04:45:24.795+0000] {ml_response_dag.py:37} INFO - 1
[2023-05-09T04:45:24.795+0000] {ml_response_dag.py:36} INFO - {}
[2023-05-09T04:45:24.796+0000] {ml_response_dag.py:37} INFO - 1
[2023-05-09T04:45:24.796+0000] {ml_response_dag.py:36} INFO - {}
[2023-05-09T04:45:24.797+0000] {ml_response_dag.py:37} INFO - 1
[2023-05-09T04:45:24.797+0000] {ml_response_dag.py:36} INFO - {}
[2023-05-09T04:45:24.798+0000] {ml_response_dag.py:37} INFO - 1
[2023-05-09T04:45:24.800+0000] {ml_response_dag.py:36} INFO - {}
[2023-05-09T04:45:24.800+0000] {ml_response_dag.py:37} INFO - 1
[2023-05-09T04:45:24.802+0000] {ml_response_dag.py:36} INFO - {'value': '660', 'score': 0.48, 'ocr_score': 0.32, 'bounding_box': [0.07, 0.82, 0.06, 0.37]}
[2023-05-09T04:45:24.803+0000] {ml_response_dag.py:37} INFO - 1
[2023-05-09T04:45:24.804+0000] {ml_response_dag.py:36} INFO - {}
[2023-05-09T04:45:24.805+0000] {ml_response_dag.py:37} INFO - 1
[2023-05-09T04:45:24.806+0000] {ml_response_dag.py:36} INFO - {'value': '801', 'score': 0.92, 'ocr_score': 0.28, 'bounding_box': [0.56, 0.9, 0.37, 0.79]}
[2023-05-09T04:45:24.807+0000] {ml_response_dag.py:37} INFO - 1
[2023-05-09T04:45:24.808+0000] {ml_response_dag.py:36} INFO - {}
[2023-05-09T04:45:24.809+0000] {ml_response_dag.py:37} INFO - 2
[2023-05-09T04:45:24.813+0000] {ml_response_dag.py:36} INFO - {}
[2023-05-09T04:45:24.814+0000] {ml_response_dag.py:37} INFO - 2
[2023-05-09T04:45:24.815+0000] {ml_response_dag.py:36} INFO - {'value': '880', 'score': 0.06, 'ocr_score': 0.1, 'bounding_box': [0.76, 0.47, 0.16, 0.27]}
[2023-05-09T04:45:24.818+0000] {ml_response_dag.py:37} INFO - 2
[2023-05-09T04:45:24.819+0000] {ml_response_dag.py:36} INFO - {'value': '380', 'score': 0.11, 'ocr_score': 0.36, 'bounding_box': [0.99, 0.15, 0.39, 0.03]}
[2023-05-09T04:45:24.821+0000] {ml_response_dag.py:37} INFO - 2
[2023-05-09T04:45:24.822+0000] {ml_response_dag.py:36} INFO - {}
[2023-05-09T04:45:24.827+0000] {ml_response_dag.py:37} INFO - 2
[2023-05-09T04:45:24.828+0000] {ml_response_dag.py:36} INFO - {'value': '770', 'score': 0.37, 'ocr_score': 0.84, 'bounding_box': [0.79, 0.15, 0.82, 0.6]}
[2023-05-09T04:45:24.828+0000] {ml_response_dag.py:37} INFO - 2
[2023-05-09T04:45:24.829+0000] {ml_response_dag.py:36} INFO - {}
[2023-05-09T04:45:24.829+0000] {ml_response_dag.py:37} INFO - 2
[2023-05-09T04:45:24.830+0000] {ml_response_dag.py:36} INFO - {}
[2023-05-09T04:45:24.832+0000] {ml_response_dag.py:37} INFO - 2
[2023-05-09T04:45:24.832+0000] {ml_response_dag.py:36} INFO - {}
[2023-05-09T04:45:24.833+0000] {ml_response_dag.py:37} INFO - 2
[2023-05-09T04:45:24.834+0000] {ml_response_dag.py:36} INFO - {}
[2023-05-09T04:45:24.838+0000] {ml_response_dag.py:37} INFO - 3
[2023-05-09T04:45:24.839+0000] {ml_response_dag.py:36} INFO - {}
[2023-05-09T04:45:24.840+0000] {ml_response_dag.py:37} INFO - 4
[2023-05-09T04:45:24.841+0000] {ml_response_dag.py:36} INFO - {}
[2023-05-09T04:45:24.842+0000] {ml_response_dag.py:37} INFO - 5
[2023-05-09T04:45:24.842+0000] {ml_response_dag.py:36} INFO - {}
[2023-05-09T04:45:24.843+0000] {ml_response_dag.py:37} INFO - 5
[2023-05-09T04:45:24.843+0000] {ml_response_dag.py:36} INFO - {'value': '418', 'score': 0.49, 'ocr_score': 0.15, 'bounding_box': [0.88, 0.92, 0.46, 0.3]}
[2023-05-09T04:45:24.848+0000] {ml_response_dag.py:37} INFO - 5
[2023-05-09T04:45:24.861+0000] {ml_response_dag.py:36} INFO - {}
[2023-05-09T04:45:24.864+0000] {ml_response_dag.py:37} INFO - 5
[2023-05-09T04:45:24.864+0000] {ml_response_dag.py:36} INFO - {}
[2023-05-09T04:45:24.865+0000] {ml_response_dag.py:37} INFO - 5
[2023-05-09T04:45:24.866+0000] {ml_response_dag.py:36} INFO - {'value': '78', 'score': 0.03, 'ocr_score': 0.66, 'bounding_box': [0.31, 0.81, 0.43, 0.03]}
[2023-05-09T04:45:24.866+0000] {ml_response_dag.py:37} INFO - 5
[2023-05-09T04:45:24.867+0000] {ml_response_dag.py:36} INFO - {}
[2023-05-09T04:45:24.868+0000] {ml_response_dag.py:37} INFO - 5
[2023-05-09T04:45:24.869+0000] {ml_response_dag.py:36} INFO - {'value': '889', 'score': 0.72, 'ocr_score': 0.56, 'bounding_box': [0.38, 0.17, 0.28, 1.0]}
[2023-05-09T04:45:24.869+0000] {ml_response_dag.py:37} INFO - 5
[2023-05-09T04:45:24.870+0000] {ml_response_dag.py:36} INFO - {'value': '292', 'score': 0.23, 'ocr_score': 0.39, 'bounding_box': [0.45, 0.93, 0.07, 0.2]}
[2023-05-09T04:45:24.870+0000] {ml_response_dag.py:37} INFO - 5
[2023-05-09T04:45:24.871+0000] {ml_response_dag.py:36} INFO - {}
[2023-05-09T04:45:24.872+0000] {ml_response_dag.py:37} INFO - 6
[2023-05-09T04:45:24.872+0000] {ml_response_dag.py:36} INFO - {'value': '542', 'score': 0.01, 'ocr_score': 0.03, 'bounding_box': [0.27, 0.53, 0.77, 0.97]}
[2023-05-09T04:45:24.873+0000] {ml_response_dag.py:37} INFO - 7
[2023-05-09T04:45:24.873+0000] {ml_response_dag.py:36} INFO - {'value': '342', 'score': 0.56, 'ocr_score': 0.14, 'bounding_box': [0.77, 0.91, 0.18, 0.2]}
[2023-05-09T04:45:24.874+0000] {ml_response_dag.py:37} INFO - 7
[2023-05-09T04:45:24.878+0000] {ml_response_dag.py:36} INFO - {'value': '967', 'score': 0.78, 'ocr_score': 0.39, 'bounding_box': [0.86, 0.38, 0.41, 0.36]}
[2023-05-09T04:45:24.879+0000] {ml_response_dag.py:37} INFO - 7
[2023-05-09T04:45:24.880+0000] {ml_response_dag.py:36} INFO - {'value': '100', 'score': 0.68, 'ocr_score': 0.75, 'bounding_box': [0.32, 0.6, 0.97, 0.05]}
[2023-05-09T04:45:24.882+0000] {ml_response_dag.py:37} INFO - 7
[2023-05-09T04:45:24.891+0000] {ml_response_dag.py:36} INFO - {}
[2023-05-09T04:45:24.896+0000] {ml_response_dag.py:37} INFO - 7
[2023-05-09T04:45:24.897+0000] {ml_response_dag.py:36} INFO - {}
[2023-05-09T04:45:24.899+0000] {ml_response_dag.py:37} INFO - 7
[2023-05-09T04:45:24.900+0000] {ml_response_dag.py:36} INFO - {'value': '858', 'score': 0.94, 'ocr_score': 0.64, 'bounding_box': [0.22, 0.37, 0.17, 0.07]}
[2023-05-09T04:45:24.901+0000] {ml_response_dag.py:37} INFO - 7
[2023-05-09T04:45:24.904+0000] {ml_response_dag.py:36} INFO - {}
[2023-05-09T04:45:24.905+0000] {ml_response_dag.py:37} INFO - 7
[2023-05-09T04:45:24.909+0000] {ml_response_dag.py:36} INFO - {'value': '633', 'score': 0.77, 'ocr_score': 0.17, 'bounding_box': [0.44, 0.56, 0.26, 0.15]}
[2023-05-09T04:45:24.909+0000] {ml_response_dag.py:37} INFO - 7
[2023-05-09T04:45:24.910+0000] {ml_response_dag.py:36} INFO - {'value': '609', 'score': 0.47, 'ocr_score': 0.56, 'bounding_box': [0.3, 0.87, 0.78, 0.92]}
[2023-05-09T04:45:24.911+0000] {ml_response_dag.py:37} INFO - 8
[2023-05-09T04:45:24.911+0000] {ml_response_dag.py:36} INFO - {'value': '331', 'score': 0.49, 'ocr_score': 0.99, 'bounding_box': [0.55, 0.36, 0.08, 0.43]}
[2023-05-09T04:45:24.911+0000] {ml_response_dag.py:37} INFO - 8
[2023-05-09T04:45:24.912+0000] {ml_response_dag.py:36} INFO - {'value': '142', 'score': 0.0, 'ocr_score': 0.58, 'bounding_box': [0.17, 0.36, 0.83, 0.62]}
[2023-05-09T04:45:24.912+0000] {ml_response_dag.py:37} INFO - 8
[2023-05-09T04:45:24.913+0000] {ml_response_dag.py:36} INFO - {}
[2023-05-09T04:45:24.914+0000] {ml_response_dag.py:37} INFO - 8
[2023-05-09T04:45:24.915+0000] {ml_response_dag.py:36} INFO - {}
[2023-05-09T04:45:24.915+0000] {ml_response_dag.py:37} INFO - 8
[2023-05-09T04:45:24.918+0000] {ml_response_dag.py:36} INFO - {}
[2023-05-09T04:45:24.923+0000] {ml_response_dag.py:37} INFO - 8
[2023-05-09T04:45:24.925+0000] {ml_response_dag.py:36} INFO - {'value': '826', 'score': 0.74, 'ocr_score': 0.69, 'bounding_box': [0.98, 0.11, 0.14, 0.96]}
[2023-05-09T04:45:24.936+0000] {ml_response_dag.py:37} INFO - 8
[2023-05-09T04:45:24.961+0000] {ml_response_dag.py:36} INFO - {}
[2023-05-09T04:45:24.966+0000] {ml_response_dag.py:37} INFO - 8
[2023-05-09T04:45:24.969+0000] {ml_response_dag.py:36} INFO - {'value': '299', 'score': 0.85, 'ocr_score': 0.04, 'bounding_box': [0.14, 0.46, 0.06, 0.65]}
[2023-05-09T04:45:24.973+0000] {ml_response_dag.py:37} INFO - 8
[2023-05-09T04:45:24.977+0000] {ml_response_dag.py:36} INFO - {'value': '362', 'score': 0.62, 'ocr_score': 0.51, 'bounding_box': [0.42, 0.48, 0.21, 0.45]}
[2023-05-09T04:45:24.980+0000] {ml_response_dag.py:37} INFO - 9
[2023-05-09T04:45:24.982+0000] {ml_response_dag.py:36} INFO - {'value': '288', 'score': 0.77, 'ocr_score': 0.23, 'bounding_box': [0.16, 0.03, 0.68, 0.81]}
[2023-05-09T04:45:24.988+0000] {ml_response_dag.py:37} INFO - 9
[2023-05-09T04:45:24.992+0000] {ml_response_dag.py:36} INFO - {'value': '803', 'score': 0.03, 'ocr_score': 0.42, 'bounding_box': [0.05, 0.5, 0.56, 0.95]}
[2023-05-09T04:45:24.997+0000] {ml_response_dag.py:37} INFO - 9
[2023-05-09T04:45:25.002+0000] {ml_response_dag.py:36} INFO - {'value': '750', 'score': 0.85, 'ocr_score': 0.27, 'bounding_box': [0.71, 0.07, 0.54, 0.9]}
[2023-05-09T04:45:25.005+0000] {ml_response_dag.py:37} INFO - 9
[2023-05-09T04:45:25.007+0000] {ml_response_dag.py:36} INFO - {'value': '148', 'score': 0.41, 'ocr_score': 0.97, 'bounding_box': [0.44, 0.51, 0.69, 0.67]}
[2023-05-09T04:45:25.010+0000] {ml_response_dag.py:37} INFO - 9
[2023-05-09T04:45:25.011+0000] {ml_response_dag.py:36} INFO - {'value': '161', 'score': 0.49, 'ocr_score': 0.58, 'bounding_box': [0.51, 0.51, 0.55, 0.06]}
[2023-05-09T04:45:25.012+0000] {ml_response_dag.py:37} INFO - 9
[2023-05-09T04:45:25.013+0000] {ml_response_dag.py:36} INFO - {}
[2023-05-09T04:45:25.014+0000] {ml_response_dag.py:37} INFO - 9
[2023-05-09T04:45:25.015+0000] {ml_response_dag.py:36} INFO - {}
[2023-05-09T04:45:25.016+0000] {ml_response_dag.py:37} INFO - 9
[2023-05-09T04:45:25.016+0000] {ml_response_dag.py:36} INFO - {}
[2023-05-09T04:45:25.017+0000] {ml_response_dag.py:37} INFO - 9
[2023-05-09T04:45:25.018+0000] {ml_response_dag.py:36} INFO - {'value': '842', 'score': 0.47, 'ocr_score': 0.75, 'bounding_box': [0.16, 0.91, 0.32, 0.53]}
[2023-05-09T04:45:25.018+0000] {ml_response_dag.py:37} INFO - 10
[2023-05-09T04:45:25.019+0000] {ml_response_dag.py:36} INFO - {}
[2023-05-09T04:45:25.024+0000] {ml_response_dag.py:37} INFO - 10
[2023-05-09T04:45:25.025+0000] {ml_response_dag.py:36} INFO - {}
[2023-05-09T04:45:25.026+0000] {ml_response_dag.py:37} INFO - 10
[2023-05-09T04:45:25.027+0000] {ml_response_dag.py:36} INFO - {'value': '458', 'score': 0.81, 'ocr_score': 0.31, 'bounding_box': [0.69, 0.54, 0.48, 0.39]}
[2023-05-09T04:45:25.027+0000] {ml_response_dag.py:37} INFO - 10
[2023-05-09T04:45:25.028+0000] {ml_response_dag.py:36} INFO - {'value': '776', 'score': 0.77, 'ocr_score': 0.34, 'bounding_box': [0.76, 0.85, 0.56, 0.82]}
[2023-05-09T04:45:25.029+0000] {ml_response_dag.py:37} INFO - 10
[2023-05-09T04:45:25.029+0000] {ml_response_dag.py:36} INFO - {}
[2023-05-09T04:45:25.029+0000] {ml_response_dag.py:37} INFO - 10
[2023-05-09T04:45:25.030+0000] {ml_response_dag.py:36} INFO - {'value': '51', 'score': 0.76, 'ocr_score': 0.29, 'bounding_box': [0.79, 0.88, 0.43, 0.21]}
[2023-05-09T04:45:25.030+0000] {ml_response_dag.py:37} INFO - 10
[2023-05-09T04:45:25.031+0000] {ml_response_dag.py:36} INFO - {'value': '843', 'score': 0.05, 'ocr_score': 0.96, 'bounding_box': [0.84, 0.04, 0.6, 0.52]}
[2023-05-09T04:45:25.031+0000] {ml_response_dag.py:37} INFO - 10
[2023-05-09T04:45:25.032+0000] {ml_response_dag.py:36} INFO - {'value': '517', 'score': 0.75, 'ocr_score': 0.74, 'bounding_box': [0.65, 0.92, 0.1, 0.59]}
[2023-05-09T04:45:25.033+0000] {ml_response_dag.py:37} INFO - 10
[2023-05-09T04:45:25.033+0000] {ml_response_dag.py:36} INFO - {}
[2023-05-09T04:45:25.034+0000] {ml_response_dag.py:37} INFO - 11
[2023-05-09T04:45:25.034+0000] {ml_response_dag.py:36} INFO - {}
[2023-05-09T04:45:25.035+0000] {ml_response_dag.py:37} INFO - 11
[2023-05-09T04:45:25.035+0000] {ml_response_dag.py:36} INFO - {'value': '288', 'score': 0.6, 'ocr_score': 0.29, 'bounding_box': [0.96, 0.39, 0.81, 0.96]}
[2023-05-09T04:45:25.036+0000] {ml_response_dag.py:37} INFO - 11
[2023-05-09T04:45:25.037+0000] {ml_response_dag.py:36} INFO - {'value': '878', 'score': 0.44, 'ocr_score': 0.56, 'bounding_box': [0.46, 0.03, 0.06, 0.3]}
[2023-05-09T04:45:25.038+0000] {ml_response_dag.py:37} INFO - 11
[2023-05-09T04:45:25.039+0000] {ml_response_dag.py:36} INFO - {}
[2023-05-09T04:45:25.040+0000] {ml_response_dag.py:37} INFO - 11
[2023-05-09T04:45:25.040+0000] {ml_response_dag.py:36} INFO - {}
[2023-05-09T04:45:25.041+0000] {ml_response_dag.py:37} INFO - 11
[2023-05-09T04:45:25.050+0000] {ml_response_dag.py:36} INFO - {}
[2023-05-09T04:45:25.052+0000] {ml_response_dag.py:37} INFO - 11
[2023-05-09T04:45:25.054+0000] {ml_response_dag.py:36} INFO - {'value': '650', 'score': 0.79, 'ocr_score': 0.64, 'bounding_box': [0.13, 0.78, 0.29, 0.37]}
[2023-05-09T04:45:25.056+0000] {ml_response_dag.py:37} INFO - 11
[2023-05-09T04:45:25.058+0000] {ml_response_dag.py:36} INFO - {}
[2023-05-09T04:45:25.070+0000] {ml_response_dag.py:37} INFO - 11
[2023-05-09T04:45:25.071+0000] {ml_response_dag.py:36} INFO - {'value': '643', 'score': 0.23, 'ocr_score': 0.72, 'bounding_box': [0.01, 0.39, 0.58, 0.53]}
[2023-05-09T04:45:25.072+0000] {ml_response_dag.py:37} INFO - 12
[2023-05-09T04:45:25.074+0000] {ml_response_dag.py:36} INFO - {}
[2023-05-09T04:45:25.074+0000] {ml_response_dag.py:37} INFO - 13
[2023-05-09T04:45:25.075+0000] {ml_response_dag.py:36} INFO - {}
[2023-05-09T04:45:25.075+0000] {ml_response_dag.py:37} INFO - 14
[2023-05-09T04:45:25.076+0000] {ml_response_dag.py:36} INFO - {'value': '141', 'score': 0.27, 'ocr_score': 0.93, 'bounding_box': [0.24, 0.73, 0.11, 0.89]}
[2023-05-09T04:45:25.076+0000] {ml_response_dag.py:37} INFO - 15
[2023-05-09T04:45:25.077+0000] {ml_response_dag.py:36} INFO - {'value': '59', 'score': 0.45, 'ocr_score': 0.57, 'bounding_box': [0.45, 0.64, 0.68, 0.17]}
[2023-05-09T04:45:25.077+0000] {ml_response_dag.py:37} INFO - 15
[2023-05-09T04:45:25.078+0000] {ml_response_dag.py:36} INFO - {'value': '333', 'score': 0.34, 'ocr_score': 0.85, 'bounding_box': [0.81, 0.57, 0.99, 0.77]}
[2023-05-09T04:45:25.079+0000] {ml_response_dag.py:37} INFO - 15
[2023-05-09T04:45:25.079+0000] {ml_response_dag.py:36} INFO - {'value': '257', 'score': 0.11, 'ocr_score': 0.43, 'bounding_box': [0.37, 0.55, 0.53, 0.66]}
[2023-05-09T04:45:25.080+0000] {ml_response_dag.py:37} INFO - 15
[2023-05-09T04:45:25.081+0000] {ml_response_dag.py:36} INFO - {'value': '190', 'score': 0.21, 'ocr_score': 0.83, 'bounding_box': [0.88, 0.83, 0.57, 0.11]}
[2023-05-09T04:45:25.082+0000] {ml_response_dag.py:37} INFO - 15
[2023-05-09T04:45:25.083+0000] {ml_response_dag.py:36} INFO - {}
[2023-05-09T04:45:25.083+0000] {ml_response_dag.py:37} INFO - 15
[2023-05-09T04:45:25.084+0000] {ml_response_dag.py:36} INFO - {}
[2023-05-09T04:45:25.084+0000] {ml_response_dag.py:37} INFO - 15
[2023-05-09T04:45:25.085+0000] {ml_response_dag.py:36} INFO - {}
[2023-05-09T04:45:25.086+0000] {ml_response_dag.py:37} INFO - 15
[2023-05-09T04:45:25.092+0000] {ml_response_dag.py:36} INFO - {'value': '475', 'score': 0.57, 'ocr_score': 0.49, 'bounding_box': [0.4, 0.3, 0.99, 0.32]}
[2023-05-09T04:45:25.093+0000] {ml_response_dag.py:37} INFO - 15
[2023-05-09T04:45:25.094+0000] {ml_response_dag.py:36} INFO - {'value': '745', 'score': 0.84, 'ocr_score': 0.82, 'bounding_box': [0.84, 0.57, 0.94, 0.44]}
[2023-05-09T04:45:25.096+0000] {ml_response_dag.py:37} INFO - 16
[2023-05-09T04:45:25.101+0000] {python.py:183} INFO - Done. Returned value was: None
[2023-05-09T04:45:25.179+0000] {taskinstance.py:1373} INFO - Marking task as SUCCESS. dag_id=veryfi_extract_total, task_id=extract_and_load, execution_date=20230508T000530, start_date=20230509T044523, end_date=20230509T044525
[2023-05-09T04:45:25.283+0000] {local_task_job_runner.py:232} INFO - Task exited with return code 0
[2023-05-09T04:45:25.367+0000] {taskinstance.py:2674} INFO - 0 downstream tasks scheduled from follow-on schedule check
