[2023-05-09T04:57:40.967+0000] {taskinstance.py:1125} INFO - Dependencies all met for dep_context=non-requeueable deps ti=<TaskInstance: veryfi_extract_total.extract_and_load scheduled__2023-05-08T12:40:00+00:00 [queued]>
[2023-05-09T04:57:40.990+0000] {taskinstance.py:1125} INFO - Dependencies all met for dep_context=requeueable deps ti=<TaskInstance: veryfi_extract_total.extract_and_load scheduled__2023-05-08T12:40:00+00:00 [queued]>
[2023-05-09T04:57:40.993+0000] {taskinstance.py:1331} INFO - Starting attempt 1 of 2
[2023-05-09T04:57:41.139+0000] {taskinstance.py:1350} INFO - Executing <Task(PythonOperator): extract_and_load> on 2023-05-08 12:40:00+00:00
[2023-05-09T04:57:41.201+0000] {standard_task_runner.py:57} INFO - Started process 1704 to run task
[2023-05-09T04:57:41.270+0000] {standard_task_runner.py:84} INFO - Running: ['***', 'tasks', 'run', 'veryfi_extract_total', 'extract_and_load', 'scheduled__2023-05-08T12:40:00+00:00', '--job-id', '468', '--raw', '--subdir', 'DAGS_FOLDER/ml_response_dag.py', '--cfg-path', '/tmp/tmpu2lrr1qa']
[2023-05-09T04:57:41.282+0000] {standard_task_runner.py:85} INFO - Job 468: Subtask extract_and_load
[2023-05-09T04:57:41.582+0000] {task_command.py:410} INFO - Running <TaskInstance: veryfi_extract_total.extract_and_load scheduled__2023-05-08T12:40:00+00:00 [running]> on host aa4b7d3de44b
[2023-05-09T04:57:42.127+0000] {taskinstance.py:1570} INFO - Exporting env vars: AIRFLOW_CTX_DAG_OWNER='***' AIRFLOW_CTX_DAG_ID='veryfi_extract_total' AIRFLOW_CTX_TASK_ID='extract_and_load' AIRFLOW_CTX_EXECUTION_DATE='2023-05-08T12:40:00+00:00' AIRFLOW_CTX_TRY_NUMBER='1' AIRFLOW_CTX_DAG_RUN_ID='scheduled__2023-05-08T12:40:00+00:00'
[2023-05-09T04:57:42.166+0000] {ml_response_dag.py:35} INFO - {}
[2023-05-09T04:57:42.167+0000] {ml_response_dag.py:36} INFO - 1
[2023-05-09T04:57:42.167+0000] {ml_response_dag.py:37} INFO - Inserted to db
[2023-05-09T04:57:42.168+0000] {ml_response_dag.py:35} INFO - {'value': '544', 'score': 0.22, 'ocr_score': 0.81, 'bounding_box': [0.22, 0.37, 0.38, 0.52]}
[2023-05-09T04:57:42.168+0000] {ml_response_dag.py:36} INFO - 1
[2023-05-09T04:57:42.169+0000] {ml_response_dag.py:37} INFO - Inserted to db
[2023-05-09T04:57:42.170+0000] {ml_response_dag.py:35} INFO - {}
[2023-05-09T04:57:42.170+0000] {ml_response_dag.py:36} INFO - 1
[2023-05-09T04:57:42.170+0000] {ml_response_dag.py:37} INFO - Inserted to db
[2023-05-09T04:57:42.171+0000] {ml_response_dag.py:35} INFO - {}
[2023-05-09T04:57:42.171+0000] {ml_response_dag.py:36} INFO - 1
[2023-05-09T04:57:42.171+0000] {ml_response_dag.py:37} INFO - Inserted to db
[2023-05-09T04:57:42.171+0000] {ml_response_dag.py:35} INFO - {}
[2023-05-09T04:57:42.172+0000] {ml_response_dag.py:36} INFO - 1
[2023-05-09T04:57:42.173+0000] {ml_response_dag.py:37} INFO - Inserted to db
[2023-05-09T04:57:42.173+0000] {ml_response_dag.py:35} INFO - {}
[2023-05-09T04:57:42.173+0000] {ml_response_dag.py:36} INFO - 1
[2023-05-09T04:57:42.174+0000] {ml_response_dag.py:37} INFO - Inserted to db
[2023-05-09T04:57:42.174+0000] {ml_response_dag.py:35} INFO - {'value': '660', 'score': 0.48, 'ocr_score': 0.32, 'bounding_box': [0.07, 0.82, 0.06, 0.37]}
[2023-05-09T04:57:42.174+0000] {ml_response_dag.py:36} INFO - 1
[2023-05-09T04:57:42.175+0000] {ml_response_dag.py:37} INFO - Inserted to db
[2023-05-09T04:57:42.175+0000] {ml_response_dag.py:35} INFO - {}
[2023-05-09T04:57:42.176+0000] {ml_response_dag.py:36} INFO - 1
[2023-05-09T04:57:42.176+0000] {ml_response_dag.py:37} INFO - Inserted to db
[2023-05-09T04:57:42.182+0000] {ml_response_dag.py:35} INFO - {'value': '801', 'score': 0.92, 'ocr_score': 0.28, 'bounding_box': [0.56, 0.9, 0.37, 0.79]}
[2023-05-09T04:57:42.183+0000] {ml_response_dag.py:36} INFO - 1
[2023-05-09T04:57:42.183+0000] {ml_response_dag.py:37} INFO - Inserted to db
[2023-05-09T04:57:42.184+0000] {ml_response_dag.py:35} INFO - {}
[2023-05-09T04:57:42.184+0000] {ml_response_dag.py:36} INFO - 2
[2023-05-09T04:57:42.185+0000] {ml_response_dag.py:37} INFO - Inserted to db
[2023-05-09T04:57:42.185+0000] {ml_response_dag.py:35} INFO - {}
[2023-05-09T04:57:42.186+0000] {ml_response_dag.py:36} INFO - 2
[2023-05-09T04:57:42.188+0000] {ml_response_dag.py:37} INFO - Inserted to db
[2023-05-09T04:57:42.191+0000] {ml_response_dag.py:35} INFO - {'value': '880', 'score': 0.06, 'ocr_score': 0.1, 'bounding_box': [0.76, 0.47, 0.16, 0.27]}
[2023-05-09T04:57:42.202+0000] {ml_response_dag.py:36} INFO - 2
[2023-05-09T04:57:42.202+0000] {ml_response_dag.py:37} INFO - Inserted to db
[2023-05-09T04:57:42.204+0000] {ml_response_dag.py:35} INFO - {'value': '380', 'score': 0.11, 'ocr_score': 0.36, 'bounding_box': [0.99, 0.15, 0.39, 0.03]}
[2023-05-09T04:57:42.205+0000] {ml_response_dag.py:36} INFO - 2
[2023-05-09T04:57:42.206+0000] {ml_response_dag.py:37} INFO - Inserted to db
[2023-05-09T04:57:42.206+0000] {ml_response_dag.py:35} INFO - {}
[2023-05-09T04:57:42.209+0000] {ml_response_dag.py:36} INFO - 2
[2023-05-09T04:57:42.210+0000] {ml_response_dag.py:37} INFO - Inserted to db
[2023-05-09T04:57:42.211+0000] {ml_response_dag.py:35} INFO - {'value': '770', 'score': 0.37, 'ocr_score': 0.84, 'bounding_box': [0.79, 0.15, 0.82, 0.6]}
[2023-05-09T04:57:42.212+0000] {ml_response_dag.py:36} INFO - 2
[2023-05-09T04:57:42.214+0000] {ml_response_dag.py:37} INFO - Inserted to db
[2023-05-09T04:57:42.217+0000] {ml_response_dag.py:35} INFO - {}
[2023-05-09T04:57:42.217+0000] {ml_response_dag.py:36} INFO - 2
[2023-05-09T04:57:42.218+0000] {ml_response_dag.py:37} INFO - Inserted to db
[2023-05-09T04:57:42.220+0000] {ml_response_dag.py:35} INFO - {}
[2023-05-09T04:57:42.221+0000] {ml_response_dag.py:36} INFO - 2
[2023-05-09T04:57:42.221+0000] {ml_response_dag.py:37} INFO - Inserted to db
[2023-05-09T04:57:42.222+0000] {ml_response_dag.py:35} INFO - {}
[2023-05-09T04:57:42.222+0000] {ml_response_dag.py:36} INFO - 2
[2023-05-09T04:57:42.223+0000] {ml_response_dag.py:37} INFO - Inserted to db
[2023-05-09T04:57:42.224+0000] {ml_response_dag.py:35} INFO - {}
[2023-05-09T04:57:42.229+0000] {ml_response_dag.py:36} INFO - 3
[2023-05-09T04:57:42.230+0000] {ml_response_dag.py:37} INFO - Inserted to db
[2023-05-09T04:57:42.232+0000] {ml_response_dag.py:35} INFO - {}
[2023-05-09T04:57:42.243+0000] {ml_response_dag.py:36} INFO - 4
[2023-05-09T04:57:42.250+0000] {ml_response_dag.py:37} INFO - Inserted to db
[2023-05-09T04:57:42.262+0000] {ml_response_dag.py:35} INFO - {}
[2023-05-09T04:57:42.266+0000] {ml_response_dag.py:36} INFO - 5
[2023-05-09T04:57:42.273+0000] {ml_response_dag.py:37} INFO - Inserted to db
[2023-05-09T04:57:42.276+0000] {ml_response_dag.py:35} INFO - {}
[2023-05-09T04:57:42.278+0000] {ml_response_dag.py:36} INFO - 5
[2023-05-09T04:57:42.278+0000] {ml_response_dag.py:37} INFO - Inserted to db
[2023-05-09T04:57:42.280+0000] {ml_response_dag.py:35} INFO - {'value': '418', 'score': 0.49, 'ocr_score': 0.15, 'bounding_box': [0.88, 0.92, 0.46, 0.3]}
[2023-05-09T04:57:42.281+0000] {ml_response_dag.py:36} INFO - 5
[2023-05-09T04:57:42.281+0000] {ml_response_dag.py:37} INFO - Inserted to db
[2023-05-09T04:57:42.283+0000] {ml_response_dag.py:35} INFO - {}
[2023-05-09T04:57:42.283+0000] {ml_response_dag.py:36} INFO - 5
[2023-05-09T04:57:42.283+0000] {ml_response_dag.py:37} INFO - Inserted to db
[2023-05-09T04:57:42.285+0000] {ml_response_dag.py:35} INFO - {}
[2023-05-09T04:57:42.285+0000] {ml_response_dag.py:36} INFO - 5
[2023-05-09T04:57:42.285+0000] {ml_response_dag.py:37} INFO - Inserted to db
[2023-05-09T04:57:42.286+0000] {ml_response_dag.py:35} INFO - {'value': '78', 'score': 0.03, 'ocr_score': 0.66, 'bounding_box': [0.31, 0.81, 0.43, 0.03]}
[2023-05-09T04:57:42.287+0000] {ml_response_dag.py:36} INFO - 5
[2023-05-09T04:57:42.287+0000] {ml_response_dag.py:37} INFO - Inserted to db
[2023-05-09T04:57:42.288+0000] {ml_response_dag.py:35} INFO - {}
[2023-05-09T04:57:42.288+0000] {ml_response_dag.py:36} INFO - 5
[2023-05-09T04:57:42.289+0000] {ml_response_dag.py:37} INFO - Inserted to db
[2023-05-09T04:57:42.290+0000] {ml_response_dag.py:35} INFO - {'value': '889', 'score': 0.72, 'ocr_score': 0.56, 'bounding_box': [0.38, 0.17, 0.28, 1.0]}
[2023-05-09T04:57:42.291+0000] {ml_response_dag.py:36} INFO - 5
[2023-05-09T04:57:42.292+0000] {ml_response_dag.py:37} INFO - Inserted to db
[2023-05-09T04:57:42.293+0000] {ml_response_dag.py:35} INFO - {'value': '292', 'score': 0.23, 'ocr_score': 0.39, 'bounding_box': [0.45, 0.93, 0.07, 0.2]}
[2023-05-09T04:57:42.293+0000] {ml_response_dag.py:36} INFO - 5
[2023-05-09T04:57:42.294+0000] {ml_response_dag.py:37} INFO - Inserted to db
[2023-05-09T04:57:42.295+0000] {ml_response_dag.py:35} INFO - {}
[2023-05-09T04:57:42.295+0000] {ml_response_dag.py:36} INFO - 6
[2023-05-09T04:57:42.296+0000] {ml_response_dag.py:37} INFO - Inserted to db
[2023-05-09T04:57:42.302+0000] {ml_response_dag.py:35} INFO - {'value': '542', 'score': 0.01, 'ocr_score': 0.03, 'bounding_box': [0.27, 0.53, 0.77, 0.97]}
[2023-05-09T04:57:42.303+0000] {ml_response_dag.py:36} INFO - 7
[2023-05-09T04:57:42.304+0000] {ml_response_dag.py:37} INFO - Inserted to db
[2023-05-09T04:57:42.305+0000] {ml_response_dag.py:35} INFO - {'value': '342', 'score': 0.56, 'ocr_score': 0.14, 'bounding_box': [0.77, 0.91, 0.18, 0.2]}
[2023-05-09T04:57:42.308+0000] {ml_response_dag.py:36} INFO - 7
[2023-05-09T04:57:42.308+0000] {ml_response_dag.py:37} INFO - Inserted to db
[2023-05-09T04:57:42.309+0000] {ml_response_dag.py:35} INFO - {'value': '967', 'score': 0.78, 'ocr_score': 0.39, 'bounding_box': [0.86, 0.38, 0.41, 0.36]}
[2023-05-09T04:57:42.310+0000] {ml_response_dag.py:36} INFO - 7
[2023-05-09T04:57:42.310+0000] {ml_response_dag.py:37} INFO - Inserted to db
[2023-05-09T04:57:42.311+0000] {ml_response_dag.py:35} INFO - {'value': '100', 'score': 0.68, 'ocr_score': 0.75, 'bounding_box': [0.32, 0.6, 0.97, 0.05]}
[2023-05-09T04:57:42.311+0000] {ml_response_dag.py:36} INFO - 7
[2023-05-09T04:57:42.312+0000] {ml_response_dag.py:37} INFO - Inserted to db
[2023-05-09T04:57:42.325+0000] {ml_response_dag.py:35} INFO - {}
[2023-05-09T04:57:42.326+0000] {ml_response_dag.py:36} INFO - 7
[2023-05-09T04:57:42.329+0000] {ml_response_dag.py:37} INFO - Inserted to db
[2023-05-09T04:57:42.332+0000] {ml_response_dag.py:35} INFO - {}
[2023-05-09T04:57:42.333+0000] {ml_response_dag.py:36} INFO - 7
[2023-05-09T04:57:42.335+0000] {ml_response_dag.py:37} INFO - Inserted to db
[2023-05-09T04:57:42.344+0000] {ml_response_dag.py:35} INFO - {'value': '858', 'score': 0.94, 'ocr_score': 0.64, 'bounding_box': [0.22, 0.37, 0.17, 0.07]}
[2023-05-09T04:57:42.348+0000] {ml_response_dag.py:36} INFO - 7
[2023-05-09T04:57:42.350+0000] {ml_response_dag.py:37} INFO - Inserted to db
[2023-05-09T04:57:42.352+0000] {ml_response_dag.py:35} INFO - {}
[2023-05-09T04:57:42.352+0000] {ml_response_dag.py:36} INFO - 7
[2023-05-09T04:57:42.354+0000] {ml_response_dag.py:37} INFO - Inserted to db
[2023-05-09T04:57:42.355+0000] {ml_response_dag.py:35} INFO - {'value': '633', 'score': 0.77, 'ocr_score': 0.17, 'bounding_box': [0.44, 0.56, 0.26, 0.15]}
[2023-05-09T04:57:42.355+0000] {ml_response_dag.py:36} INFO - 7
[2023-05-09T04:57:42.356+0000] {ml_response_dag.py:37} INFO - Inserted to db
[2023-05-09T04:57:42.358+0000] {ml_response_dag.py:35} INFO - {'value': '609', 'score': 0.47, 'ocr_score': 0.56, 'bounding_box': [0.3, 0.87, 0.78, 0.92]}
[2023-05-09T04:57:42.361+0000] {ml_response_dag.py:36} INFO - 8
[2023-05-09T04:57:42.365+0000] {ml_response_dag.py:37} INFO - Inserted to db
[2023-05-09T04:57:42.369+0000] {ml_response_dag.py:35} INFO - {'value': '331', 'score': 0.49, 'ocr_score': 0.99, 'bounding_box': [0.55, 0.36, 0.08, 0.43]}
[2023-05-09T04:57:42.369+0000] {ml_response_dag.py:36} INFO - 8
[2023-05-09T04:57:42.370+0000] {ml_response_dag.py:37} INFO - Inserted to db
[2023-05-09T04:57:42.377+0000] {ml_response_dag.py:35} INFO - {'value': '142', 'score': 0.0, 'ocr_score': 0.58, 'bounding_box': [0.17, 0.36, 0.83, 0.62]}
[2023-05-09T04:57:42.382+0000] {ml_response_dag.py:36} INFO - 8
[2023-05-09T04:57:42.384+0000] {ml_response_dag.py:37} INFO - Inserted to db
[2023-05-09T04:57:42.388+0000] {ml_response_dag.py:35} INFO - {}
[2023-05-09T04:57:42.389+0000] {ml_response_dag.py:36} INFO - 8
[2023-05-09T04:57:42.390+0000] {ml_response_dag.py:37} INFO - Inserted to db
[2023-05-09T04:57:42.397+0000] {ml_response_dag.py:35} INFO - {}
[2023-05-09T04:57:42.399+0000] {ml_response_dag.py:36} INFO - 8
[2023-05-09T04:57:42.400+0000] {ml_response_dag.py:37} INFO - Inserted to db
[2023-05-09T04:57:42.403+0000] {ml_response_dag.py:35} INFO - {}
[2023-05-09T04:57:42.403+0000] {ml_response_dag.py:36} INFO - 8
[2023-05-09T04:57:42.404+0000] {ml_response_dag.py:37} INFO - Inserted to db
[2023-05-09T04:57:42.405+0000] {ml_response_dag.py:35} INFO - {'value': '826', 'score': 0.74, 'ocr_score': 0.69, 'bounding_box': [0.98, 0.11, 0.14, 0.96]}
[2023-05-09T04:57:42.406+0000] {ml_response_dag.py:36} INFO - 8
[2023-05-09T04:57:42.406+0000] {ml_response_dag.py:37} INFO - Inserted to db
[2023-05-09T04:57:42.407+0000] {ml_response_dag.py:35} INFO - {}
[2023-05-09T04:57:42.409+0000] {ml_response_dag.py:36} INFO - 8
[2023-05-09T04:57:42.411+0000] {ml_response_dag.py:37} INFO - Inserted to db
[2023-05-09T04:57:42.412+0000] {ml_response_dag.py:35} INFO - {'value': '299', 'score': 0.85, 'ocr_score': 0.04, 'bounding_box': [0.14, 0.46, 0.06, 0.65]}
[2023-05-09T04:57:42.413+0000] {ml_response_dag.py:36} INFO - 8
[2023-05-09T04:57:42.413+0000] {ml_response_dag.py:37} INFO - Inserted to db
[2023-05-09T04:57:42.415+0000] {ml_response_dag.py:35} INFO - {'value': '362', 'score': 0.62, 'ocr_score': 0.51, 'bounding_box': [0.42, 0.48, 0.21, 0.45]}
[2023-05-09T04:57:42.416+0000] {ml_response_dag.py:36} INFO - 9
[2023-05-09T04:57:42.419+0000] {ml_response_dag.py:37} INFO - Inserted to db
[2023-05-09T04:57:42.420+0000] {ml_response_dag.py:35} INFO - {'value': '288', 'score': 0.77, 'ocr_score': 0.23, 'bounding_box': [0.16, 0.03, 0.68, 0.81]}
[2023-05-09T04:57:42.420+0000] {ml_response_dag.py:36} INFO - 9
[2023-05-09T04:57:42.421+0000] {ml_response_dag.py:37} INFO - Inserted to db
[2023-05-09T04:57:42.422+0000] {ml_response_dag.py:35} INFO - {'value': '803', 'score': 0.03, 'ocr_score': 0.42, 'bounding_box': [0.05, 0.5, 0.56, 0.95]}
[2023-05-09T04:57:42.422+0000] {ml_response_dag.py:36} INFO - 9
[2023-05-09T04:57:42.423+0000] {ml_response_dag.py:37} INFO - Inserted to db
[2023-05-09T04:57:42.424+0000] {ml_response_dag.py:35} INFO - {'value': '750', 'score': 0.85, 'ocr_score': 0.27, 'bounding_box': [0.71, 0.07, 0.54, 0.9]}
[2023-05-09T04:57:42.425+0000] {ml_response_dag.py:36} INFO - 9
[2023-05-09T04:57:42.425+0000] {ml_response_dag.py:37} INFO - Inserted to db
[2023-05-09T04:57:42.426+0000] {ml_response_dag.py:35} INFO - {'value': '148', 'score': 0.41, 'ocr_score': 0.97, 'bounding_box': [0.44, 0.51, 0.69, 0.67]}
[2023-05-09T04:57:42.426+0000] {ml_response_dag.py:36} INFO - 9
[2023-05-09T04:57:42.428+0000] {ml_response_dag.py:37} INFO - Inserted to db
[2023-05-09T04:57:42.428+0000] {ml_response_dag.py:35} INFO - {'value': '161', 'score': 0.49, 'ocr_score': 0.58, 'bounding_box': [0.51, 0.51, 0.55, 0.06]}
[2023-05-09T04:57:42.430+0000] {ml_response_dag.py:36} INFO - 9
[2023-05-09T04:57:42.431+0000] {ml_response_dag.py:37} INFO - Inserted to db
[2023-05-09T04:57:42.432+0000] {ml_response_dag.py:35} INFO - {}
[2023-05-09T04:57:42.432+0000] {ml_response_dag.py:36} INFO - 9
[2023-05-09T04:57:42.435+0000] {ml_response_dag.py:37} INFO - Inserted to db
[2023-05-09T04:57:42.436+0000] {ml_response_dag.py:35} INFO - {}
[2023-05-09T04:57:42.438+0000] {ml_response_dag.py:36} INFO - 9
[2023-05-09T04:57:42.438+0000] {ml_response_dag.py:37} INFO - Inserted to db
[2023-05-09T04:57:42.439+0000] {ml_response_dag.py:35} INFO - {}
[2023-05-09T04:57:42.440+0000] {ml_response_dag.py:36} INFO - 9
[2023-05-09T04:57:42.440+0000] {ml_response_dag.py:37} INFO - Inserted to db
[2023-05-09T04:57:42.443+0000] {ml_response_dag.py:35} INFO - {'value': '842', 'score': 0.47, 'ocr_score': 0.75, 'bounding_box': [0.16, 0.91, 0.32, 0.53]}
[2023-05-09T04:57:42.444+0000] {ml_response_dag.py:36} INFO - 10
[2023-05-09T04:57:42.448+0000] {ml_response_dag.py:37} INFO - Inserted to db
[2023-05-09T04:57:42.457+0000] {ml_response_dag.py:35} INFO - {}
[2023-05-09T04:57:42.459+0000] {ml_response_dag.py:36} INFO - 10
[2023-05-09T04:57:42.459+0000] {ml_response_dag.py:37} INFO - Inserted to db
[2023-05-09T04:57:42.461+0000] {ml_response_dag.py:35} INFO - {}
[2023-05-09T04:57:42.463+0000] {ml_response_dag.py:36} INFO - 10
[2023-05-09T04:57:42.464+0000] {ml_response_dag.py:37} INFO - Inserted to db
[2023-05-09T04:57:42.466+0000] {ml_response_dag.py:35} INFO - {'value': '458', 'score': 0.81, 'ocr_score': 0.31, 'bounding_box': [0.69, 0.54, 0.48, 0.39]}
[2023-05-09T04:57:42.467+0000] {ml_response_dag.py:36} INFO - 10
[2023-05-09T04:57:42.470+0000] {ml_response_dag.py:37} INFO - Inserted to db
[2023-05-09T04:57:42.472+0000] {ml_response_dag.py:35} INFO - {'value': '776', 'score': 0.77, 'ocr_score': 0.34, 'bounding_box': [0.76, 0.85, 0.56, 0.82]}
[2023-05-09T04:57:42.475+0000] {ml_response_dag.py:36} INFO - 10
[2023-05-09T04:57:42.476+0000] {ml_response_dag.py:37} INFO - Inserted to db
[2023-05-09T04:57:42.477+0000] {ml_response_dag.py:35} INFO - {}
[2023-05-09T04:57:42.477+0000] {ml_response_dag.py:36} INFO - 10
[2023-05-09T04:57:42.479+0000] {ml_response_dag.py:37} INFO - Inserted to db
[2023-05-09T04:57:42.481+0000] {ml_response_dag.py:35} INFO - {'value': '51', 'score': 0.76, 'ocr_score': 0.29, 'bounding_box': [0.79, 0.88, 0.43, 0.21]}
[2023-05-09T04:57:42.482+0000] {ml_response_dag.py:36} INFO - 10
[2023-05-09T04:57:42.483+0000] {ml_response_dag.py:37} INFO - Inserted to db
[2023-05-09T04:57:42.485+0000] {ml_response_dag.py:35} INFO - {'value': '843', 'score': 0.05, 'ocr_score': 0.96, 'bounding_box': [0.84, 0.04, 0.6, 0.52]}
[2023-05-09T04:57:42.485+0000] {ml_response_dag.py:36} INFO - 10
[2023-05-09T04:57:42.487+0000] {ml_response_dag.py:37} INFO - Inserted to db
[2023-05-09T04:57:42.490+0000] {ml_response_dag.py:35} INFO - {'value': '517', 'score': 0.75, 'ocr_score': 0.74, 'bounding_box': [0.65, 0.92, 0.1, 0.59]}
[2023-05-09T04:57:42.498+0000] {ml_response_dag.py:36} INFO - 10
[2023-05-09T04:57:42.500+0000] {ml_response_dag.py:37} INFO - Inserted to db
[2023-05-09T04:57:42.501+0000] {ml_response_dag.py:35} INFO - {}
[2023-05-09T04:57:42.504+0000] {ml_response_dag.py:36} INFO - 11
[2023-05-09T04:57:42.510+0000] {ml_response_dag.py:37} INFO - Inserted to db
[2023-05-09T04:57:42.514+0000] {ml_response_dag.py:35} INFO - {}
[2023-05-09T04:57:42.524+0000] {ml_response_dag.py:36} INFO - 11
[2023-05-09T04:57:42.532+0000] {ml_response_dag.py:37} INFO - Inserted to db
[2023-05-09T04:57:42.533+0000] {ml_response_dag.py:35} INFO - {'value': '288', 'score': 0.6, 'ocr_score': 0.29, 'bounding_box': [0.96, 0.39, 0.81, 0.96]}
[2023-05-09T04:57:42.534+0000] {ml_response_dag.py:36} INFO - 11
[2023-05-09T04:57:42.536+0000] {ml_response_dag.py:37} INFO - Inserted to db
[2023-05-09T04:57:42.541+0000] {ml_response_dag.py:35} INFO - {'value': '878', 'score': 0.44, 'ocr_score': 0.56, 'bounding_box': [0.46, 0.03, 0.06, 0.3]}
[2023-05-09T04:57:42.545+0000] {ml_response_dag.py:36} INFO - 11
[2023-05-09T04:57:42.546+0000] {ml_response_dag.py:37} INFO - Inserted to db
[2023-05-09T04:57:42.550+0000] {ml_response_dag.py:35} INFO - {}
[2023-05-09T04:57:42.551+0000] {ml_response_dag.py:36} INFO - 11
[2023-05-09T04:57:42.552+0000] {ml_response_dag.py:37} INFO - Inserted to db
[2023-05-09T04:57:42.553+0000] {ml_response_dag.py:35} INFO - {}
[2023-05-09T04:57:42.554+0000] {ml_response_dag.py:36} INFO - 11
[2023-05-09T04:57:42.584+0000] {ml_response_dag.py:37} INFO - Inserted to db
[2023-05-09T04:57:42.592+0000] {ml_response_dag.py:35} INFO - {}
[2023-05-09T04:57:42.593+0000] {ml_response_dag.py:36} INFO - 11
[2023-05-09T04:57:42.599+0000] {ml_response_dag.py:37} INFO - Inserted to db
[2023-05-09T04:57:42.603+0000] {ml_response_dag.py:35} INFO - {'value': '650', 'score': 0.79, 'ocr_score': 0.64, 'bounding_box': [0.13, 0.78, 0.29, 0.37]}
[2023-05-09T04:57:42.605+0000] {ml_response_dag.py:36} INFO - 11
[2023-05-09T04:57:42.606+0000] {ml_response_dag.py:37} INFO - Inserted to db
[2023-05-09T04:57:42.613+0000] {ml_response_dag.py:35} INFO - {}
[2023-05-09T04:57:42.614+0000] {ml_response_dag.py:36} INFO - 11
[2023-05-09T04:57:42.615+0000] {ml_response_dag.py:37} INFO - Inserted to db
[2023-05-09T04:57:42.616+0000] {ml_response_dag.py:35} INFO - {'value': '643', 'score': 0.23, 'ocr_score': 0.72, 'bounding_box': [0.01, 0.39, 0.58, 0.53]}
[2023-05-09T04:57:42.621+0000] {ml_response_dag.py:36} INFO - 12
[2023-05-09T04:57:42.623+0000] {ml_response_dag.py:37} INFO - Inserted to db
[2023-05-09T04:57:42.624+0000] {ml_response_dag.py:35} INFO - {}
[2023-05-09T04:57:42.626+0000] {ml_response_dag.py:36} INFO - 13
[2023-05-09T04:57:42.628+0000] {ml_response_dag.py:37} INFO - Inserted to db
[2023-05-09T04:57:42.629+0000] {ml_response_dag.py:35} INFO - {}
[2023-05-09T04:57:42.630+0000] {ml_response_dag.py:36} INFO - 14
[2023-05-09T04:57:42.630+0000] {ml_response_dag.py:37} INFO - Inserted to db
[2023-05-09T04:57:42.631+0000] {ml_response_dag.py:35} INFO - {'value': '141', 'score': 0.27, 'ocr_score': 0.93, 'bounding_box': [0.24, 0.73, 0.11, 0.89]}
[2023-05-09T04:57:42.632+0000] {ml_response_dag.py:36} INFO - 15
[2023-05-09T04:57:42.633+0000] {ml_response_dag.py:37} INFO - Inserted to db
[2023-05-09T04:57:42.635+0000] {ml_response_dag.py:35} INFO - {'value': '59', 'score': 0.45, 'ocr_score': 0.57, 'bounding_box': [0.45, 0.64, 0.68, 0.17]}
[2023-05-09T04:57:42.637+0000] {ml_response_dag.py:36} INFO - 15
[2023-05-09T04:57:42.638+0000] {ml_response_dag.py:37} INFO - Inserted to db
[2023-05-09T04:57:42.640+0000] {ml_response_dag.py:35} INFO - {'value': '333', 'score': 0.34, 'ocr_score': 0.85, 'bounding_box': [0.81, 0.57, 0.99, 0.77]}
[2023-05-09T04:57:42.641+0000] {ml_response_dag.py:36} INFO - 15
[2023-05-09T04:57:42.642+0000] {ml_response_dag.py:37} INFO - Inserted to db
[2023-05-09T04:57:42.644+0000] {ml_response_dag.py:35} INFO - {'value': '257', 'score': 0.11, 'ocr_score': 0.43, 'bounding_box': [0.37, 0.55, 0.53, 0.66]}
[2023-05-09T04:57:42.645+0000] {ml_response_dag.py:36} INFO - 15
[2023-05-09T04:57:42.646+0000] {ml_response_dag.py:37} INFO - Inserted to db
[2023-05-09T04:57:42.649+0000] {ml_response_dag.py:35} INFO - {'value': '190', 'score': 0.21, 'ocr_score': 0.83, 'bounding_box': [0.88, 0.83, 0.57, 0.11]}
[2023-05-09T04:57:42.651+0000] {ml_response_dag.py:36} INFO - 15
[2023-05-09T04:57:42.651+0000] {ml_response_dag.py:37} INFO - Inserted to db
[2023-05-09T04:57:42.652+0000] {ml_response_dag.py:35} INFO - {}
[2023-05-09T04:57:42.652+0000] {ml_response_dag.py:36} INFO - 15
[2023-05-09T04:57:42.653+0000] {ml_response_dag.py:37} INFO - Inserted to db
[2023-05-09T04:57:42.653+0000] {ml_response_dag.py:35} INFO - {}
[2023-05-09T04:57:42.654+0000] {ml_response_dag.py:36} INFO - 15
[2023-05-09T04:57:42.654+0000] {ml_response_dag.py:37} INFO - Inserted to db
[2023-05-09T04:57:42.658+0000] {ml_response_dag.py:35} INFO - {}
[2023-05-09T04:57:42.660+0000] {ml_response_dag.py:36} INFO - 15
[2023-05-09T04:57:42.661+0000] {ml_response_dag.py:37} INFO - Inserted to db
[2023-05-09T04:57:42.662+0000] {ml_response_dag.py:35} INFO - {'value': '475', 'score': 0.57, 'ocr_score': 0.49, 'bounding_box': [0.4, 0.3, 0.99, 0.32]}
[2023-05-09T04:57:42.665+0000] {ml_response_dag.py:36} INFO - 15
[2023-05-09T04:57:42.666+0000] {ml_response_dag.py:37} INFO - Inserted to db
[2023-05-09T04:57:42.666+0000] {ml_response_dag.py:35} INFO - {'value': '745', 'score': 0.84, 'ocr_score': 0.82, 'bounding_box': [0.84, 0.57, 0.94, 0.44]}
[2023-05-09T04:57:42.668+0000] {ml_response_dag.py:36} INFO - 16
[2023-05-09T04:57:42.668+0000] {ml_response_dag.py:37} INFO - Inserted to db
[2023-05-09T04:57:42.672+0000] {python.py:183} INFO - Done. Returned value was: None
[2023-05-09T04:57:42.739+0000] {taskinstance.py:1373} INFO - Marking task as SUCCESS. dag_id=veryfi_extract_total, task_id=extract_and_load, execution_date=20230508T124000, start_date=20230509T045740, end_date=20230509T045742
[2023-05-09T04:57:42.893+0000] {local_task_job_runner.py:232} INFO - Task exited with return code 0
[2023-05-09T04:57:43.056+0000] {taskinstance.py:2674} INFO - 0 downstream tasks scheduled from follow-on schedule check
