[2023-05-08T20:36:09.809+0000] {processor.py:156} INFO - Started process (PID=35) to work on /home/airflow/.local/lib/python3.7/site-packages/airflow/example_dags/example_branch_operator.py
[2023-05-08T20:36:09.810+0000] {processor.py:799} INFO - Processing file /home/airflow/.local/lib/python3.7/site-packages/airflow/example_dags/example_branch_operator.py for tasks to queue
[2023-05-08T20:36:09.811+0000] {logging_mixin.py:149} INFO - [2023-05-08T20:36:09.811+0000] {dagbag.py:541} INFO - Filling up the DagBag from /home/airflow/.local/lib/python3.7/site-packages/airflow/example_dags/example_branch_operator.py
[2023-05-08T20:36:09.837+0000] {processor.py:809} INFO - DAG(s) dict_keys(['example_branch_operator']) retrieved from /home/airflow/.local/lib/python3.7/site-packages/airflow/example_dags/example_branch_operator.py
[2023-05-08T20:36:09.874+0000] {logging_mixin.py:149} INFO - [2023-05-08T20:36:09.874+0000] {dag.py:2726} INFO - Sync 1 DAGs
[2023-05-08T20:36:09.917+0000] {logging_mixin.py:149} INFO - [2023-05-08T20:36:09.917+0000] {dag.py:3490} INFO - Setting next_dagrun for example_branch_operator to 2023-05-07T00:00:00+00:00, run_after=2023-05-08T00:00:00+00:00
[2023-05-08T20:36:09.951+0000] {processor.py:178} INFO - Processing /home/airflow/.local/lib/python3.7/site-packages/airflow/example_dags/example_branch_operator.py took 0.155 seconds
[2023-05-08T20:36:40.297+0000] {processor.py:156} INFO - Started process (PID=91) to work on /home/airflow/.local/lib/python3.7/site-packages/airflow/example_dags/example_branch_operator.py
[2023-05-08T20:36:40.298+0000] {processor.py:799} INFO - Processing file /home/airflow/.local/lib/python3.7/site-packages/airflow/example_dags/example_branch_operator.py for tasks to queue
[2023-05-08T20:36:40.299+0000] {logging_mixin.py:149} INFO - [2023-05-08T20:36:40.299+0000] {dagbag.py:541} INFO - Filling up the DagBag from /home/airflow/.local/lib/python3.7/site-packages/airflow/example_dags/example_branch_operator.py
[2023-05-08T20:36:40.305+0000] {processor.py:809} INFO - DAG(s) dict_keys(['example_branch_operator']) retrieved from /home/airflow/.local/lib/python3.7/site-packages/airflow/example_dags/example_branch_operator.py
[2023-05-08T20:36:40.328+0000] {logging_mixin.py:149} INFO - [2023-05-08T20:36:40.327+0000] {dag.py:2726} INFO - Sync 1 DAGs
[2023-05-08T20:36:40.348+0000] {logging_mixin.py:149} INFO - [2023-05-08T20:36:40.348+0000] {dag.py:3490} INFO - Setting next_dagrun for example_branch_operator to 2023-05-07T00:00:00+00:00, run_after=2023-05-08T00:00:00+00:00
[2023-05-08T20:36:40.361+0000] {processor.py:178} INFO - Processing /home/airflow/.local/lib/python3.7/site-packages/airflow/example_dags/example_branch_operator.py took 0.065 seconds
[2023-05-08T20:37:10.639+0000] {processor.py:156} INFO - Started process (PID=147) to work on /home/airflow/.local/lib/python3.7/site-packages/airflow/example_dags/example_branch_operator.py
[2023-05-08T20:37:10.640+0000] {processor.py:799} INFO - Processing file /home/airflow/.local/lib/python3.7/site-packages/airflow/example_dags/example_branch_operator.py for tasks to queue
[2023-05-08T20:37:10.640+0000] {logging_mixin.py:149} INFO - [2023-05-08T20:37:10.640+0000] {dagbag.py:541} INFO - Filling up the DagBag from /home/airflow/.local/lib/python3.7/site-packages/airflow/example_dags/example_branch_operator.py
[2023-05-08T20:37:10.647+0000] {processor.py:809} INFO - DAG(s) dict_keys(['example_branch_operator']) retrieved from /home/airflow/.local/lib/python3.7/site-packages/airflow/example_dags/example_branch_operator.py
[2023-05-08T20:37:10.675+0000] {logging_mixin.py:149} INFO - [2023-05-08T20:37:10.675+0000] {dag.py:2726} INFO - Sync 1 DAGs
[2023-05-08T20:37:10.698+0000] {logging_mixin.py:149} INFO - [2023-05-08T20:37:10.698+0000] {dag.py:3490} INFO - Setting next_dagrun for example_branch_operator to 2023-05-07T00:00:00+00:00, run_after=2023-05-08T00:00:00+00:00
[2023-05-08T20:37:10.715+0000] {processor.py:178} INFO - Processing /home/airflow/.local/lib/python3.7/site-packages/airflow/example_dags/example_branch_operator.py took 0.079 seconds
[2023-05-08T20:37:41.522+0000] {processor.py:156} INFO - Started process (PID=203) to work on /home/airflow/.local/lib/python3.7/site-packages/airflow/example_dags/example_branch_operator.py
[2023-05-08T20:37:41.523+0000] {processor.py:799} INFO - Processing file /home/airflow/.local/lib/python3.7/site-packages/airflow/example_dags/example_branch_operator.py for tasks to queue
[2023-05-08T20:37:41.524+0000] {logging_mixin.py:149} INFO - [2023-05-08T20:37:41.524+0000] {dagbag.py:541} INFO - Filling up the DagBag from /home/airflow/.local/lib/python3.7/site-packages/airflow/example_dags/example_branch_operator.py
[2023-05-08T20:37:41.530+0000] {processor.py:809} INFO - DAG(s) dict_keys(['example_branch_operator']) retrieved from /home/airflow/.local/lib/python3.7/site-packages/airflow/example_dags/example_branch_operator.py
[2023-05-08T20:37:41.555+0000] {logging_mixin.py:149} INFO - [2023-05-08T20:37:41.555+0000] {dag.py:2726} INFO - Sync 1 DAGs
[2023-05-08T20:37:41.576+0000] {logging_mixin.py:149} INFO - [2023-05-08T20:37:41.576+0000] {dag.py:3490} INFO - Setting next_dagrun for example_branch_operator to 2023-05-07T00:00:00+00:00, run_after=2023-05-08T00:00:00+00:00
[2023-05-08T20:37:41.595+0000] {processor.py:178} INFO - Processing /home/airflow/.local/lib/python3.7/site-packages/airflow/example_dags/example_branch_operator.py took 0.076 seconds
[2023-05-08T20:38:12.292+0000] {processor.py:156} INFO - Started process (PID=260) to work on /home/airflow/.local/lib/python3.7/site-packages/airflow/example_dags/example_branch_operator.py
[2023-05-08T20:38:12.294+0000] {processor.py:799} INFO - Processing file /home/airflow/.local/lib/python3.7/site-packages/airflow/example_dags/example_branch_operator.py for tasks to queue
[2023-05-08T20:38:12.294+0000] {logging_mixin.py:149} INFO - [2023-05-08T20:38:12.294+0000] {dagbag.py:541} INFO - Filling up the DagBag from /home/airflow/.local/lib/python3.7/site-packages/airflow/example_dags/example_branch_operator.py
[2023-05-08T20:38:12.300+0000] {processor.py:809} INFO - DAG(s) dict_keys(['example_branch_operator']) retrieved from /home/airflow/.local/lib/python3.7/site-packages/airflow/example_dags/example_branch_operator.py
[2023-05-08T20:38:12.325+0000] {logging_mixin.py:149} INFO - [2023-05-08T20:38:12.325+0000] {dag.py:2726} INFO - Sync 1 DAGs
[2023-05-08T20:38:12.347+0000] {logging_mixin.py:149} INFO - [2023-05-08T20:38:12.347+0000] {dag.py:3490} INFO - Setting next_dagrun for example_branch_operator to 2023-05-07T00:00:00+00:00, run_after=2023-05-08T00:00:00+00:00
[2023-05-08T20:38:12.362+0000] {processor.py:178} INFO - Processing /home/airflow/.local/lib/python3.7/site-packages/airflow/example_dags/example_branch_operator.py took 0.072 seconds
[2023-05-08T20:38:43.000+0000] {processor.py:156} INFO - Started process (PID=316) to work on /home/airflow/.local/lib/python3.7/site-packages/airflow/example_dags/example_branch_operator.py
[2023-05-08T20:38:43.001+0000] {processor.py:799} INFO - Processing file /home/airflow/.local/lib/python3.7/site-packages/airflow/example_dags/example_branch_operator.py for tasks to queue
[2023-05-08T20:38:43.001+0000] {logging_mixin.py:149} INFO - [2023-05-08T20:38:43.001+0000] {dagbag.py:541} INFO - Filling up the DagBag from /home/airflow/.local/lib/python3.7/site-packages/airflow/example_dags/example_branch_operator.py
[2023-05-08T20:38:43.008+0000] {processor.py:809} INFO - DAG(s) dict_keys(['example_branch_operator']) retrieved from /home/airflow/.local/lib/python3.7/site-packages/airflow/example_dags/example_branch_operator.py
[2023-05-08T20:38:43.031+0000] {logging_mixin.py:149} INFO - [2023-05-08T20:38:43.031+0000] {dag.py:2726} INFO - Sync 1 DAGs
[2023-05-08T20:38:43.050+0000] {logging_mixin.py:149} INFO - [2023-05-08T20:38:43.050+0000] {dag.py:3490} INFO - Setting next_dagrun for example_branch_operator to 2023-05-07T00:00:00+00:00, run_after=2023-05-08T00:00:00+00:00
[2023-05-08T20:38:43.063+0000] {processor.py:178} INFO - Processing /home/airflow/.local/lib/python3.7/site-packages/airflow/example_dags/example_branch_operator.py took 0.066 seconds
[2023-05-08T20:39:13.586+0000] {processor.py:156} INFO - Started process (PID=372) to work on /home/airflow/.local/lib/python3.7/site-packages/airflow/example_dags/example_branch_operator.py
[2023-05-08T20:39:13.587+0000] {processor.py:799} INFO - Processing file /home/airflow/.local/lib/python3.7/site-packages/airflow/example_dags/example_branch_operator.py for tasks to queue
[2023-05-08T20:39:13.588+0000] {logging_mixin.py:149} INFO - [2023-05-08T20:39:13.588+0000] {dagbag.py:541} INFO - Filling up the DagBag from /home/airflow/.local/lib/python3.7/site-packages/airflow/example_dags/example_branch_operator.py
[2023-05-08T20:39:13.594+0000] {processor.py:809} INFO - DAG(s) dict_keys(['example_branch_operator']) retrieved from /home/airflow/.local/lib/python3.7/site-packages/airflow/example_dags/example_branch_operator.py
[2023-05-08T20:39:13.617+0000] {logging_mixin.py:149} INFO - [2023-05-08T20:39:13.617+0000] {dag.py:2726} INFO - Sync 1 DAGs
[2023-05-08T20:39:13.637+0000] {logging_mixin.py:149} INFO - [2023-05-08T20:39:13.637+0000] {dag.py:3490} INFO - Setting next_dagrun for example_branch_operator to 2023-05-07T00:00:00+00:00, run_after=2023-05-08T00:00:00+00:00
[2023-05-08T20:39:13.651+0000] {processor.py:178} INFO - Processing /home/airflow/.local/lib/python3.7/site-packages/airflow/example_dags/example_branch_operator.py took 0.067 seconds
[2023-05-08T20:39:44.120+0000] {processor.py:156} INFO - Started process (PID=427) to work on /home/airflow/.local/lib/python3.7/site-packages/airflow/example_dags/example_branch_operator.py
[2023-05-08T20:39:44.122+0000] {processor.py:799} INFO - Processing file /home/airflow/.local/lib/python3.7/site-packages/airflow/example_dags/example_branch_operator.py for tasks to queue
[2023-05-08T20:39:44.122+0000] {logging_mixin.py:149} INFO - [2023-05-08T20:39:44.122+0000] {dagbag.py:541} INFO - Filling up the DagBag from /home/airflow/.local/lib/python3.7/site-packages/airflow/example_dags/example_branch_operator.py
[2023-05-08T20:39:44.128+0000] {processor.py:809} INFO - DAG(s) dict_keys(['example_branch_operator']) retrieved from /home/airflow/.local/lib/python3.7/site-packages/airflow/example_dags/example_branch_operator.py
[2023-05-08T20:39:44.152+0000] {logging_mixin.py:149} INFO - [2023-05-08T20:39:44.152+0000] {dag.py:2726} INFO - Sync 1 DAGs
[2023-05-08T20:39:44.178+0000] {logging_mixin.py:149} INFO - [2023-05-08T20:39:44.178+0000] {dag.py:3490} INFO - Setting next_dagrun for example_branch_operator to 2023-05-07T00:00:00+00:00, run_after=2023-05-08T00:00:00+00:00
[2023-05-08T20:39:44.192+0000] {processor.py:178} INFO - Processing /home/airflow/.local/lib/python3.7/site-packages/airflow/example_dags/example_branch_operator.py took 0.074 seconds
[2023-05-08T22:15:45.371+0000] {processor.py:156} INFO - Started process (PID=35) to work on /home/airflow/.local/lib/python3.7/site-packages/airflow/example_dags/example_branch_operator.py
[2023-05-08T22:15:45.373+0000] {processor.py:799} INFO - Processing file /home/airflow/.local/lib/python3.7/site-packages/airflow/example_dags/example_branch_operator.py for tasks to queue
[2023-05-08T22:15:45.374+0000] {logging_mixin.py:149} INFO - [2023-05-08T22:15:45.374+0000] {dagbag.py:541} INFO - Filling up the DagBag from /home/airflow/.local/lib/python3.7/site-packages/airflow/example_dags/example_branch_operator.py
[2023-05-08T22:15:45.383+0000] {processor.py:809} INFO - DAG(s) dict_keys(['example_branch_operator']) retrieved from /home/airflow/.local/lib/python3.7/site-packages/airflow/example_dags/example_branch_operator.py
[2023-05-08T22:15:45.410+0000] {logging_mixin.py:149} INFO - [2023-05-08T22:15:45.410+0000] {dag.py:2726} INFO - Sync 1 DAGs
[2023-05-08T22:15:45.438+0000] {logging_mixin.py:149} INFO - [2023-05-08T22:15:45.437+0000] {dag.py:3490} INFO - Setting next_dagrun for example_branch_operator to 2023-05-07T00:00:00+00:00, run_after=2023-05-08T00:00:00+00:00
[2023-05-08T22:15:45.457+0000] {processor.py:178} INFO - Processing /home/airflow/.local/lib/python3.7/site-packages/airflow/example_dags/example_branch_operator.py took 0.090 seconds
[2023-05-08T22:16:15.527+0000] {processor.py:156} INFO - Started process (PID=92) to work on /home/airflow/.local/lib/python3.7/site-packages/airflow/example_dags/example_branch_operator.py
[2023-05-08T22:16:15.528+0000] {processor.py:799} INFO - Processing file /home/airflow/.local/lib/python3.7/site-packages/airflow/example_dags/example_branch_operator.py for tasks to queue
[2023-05-08T22:16:15.529+0000] {logging_mixin.py:149} INFO - [2023-05-08T22:16:15.529+0000] {dagbag.py:541} INFO - Filling up the DagBag from /home/airflow/.local/lib/python3.7/site-packages/airflow/example_dags/example_branch_operator.py
[2023-05-08T22:16:15.535+0000] {processor.py:809} INFO - DAG(s) dict_keys(['example_branch_operator']) retrieved from /home/airflow/.local/lib/python3.7/site-packages/airflow/example_dags/example_branch_operator.py
[2023-05-08T22:16:15.563+0000] {logging_mixin.py:149} INFO - [2023-05-08T22:16:15.563+0000] {dag.py:2726} INFO - Sync 1 DAGs
[2023-05-08T22:16:15.584+0000] {logging_mixin.py:149} INFO - [2023-05-08T22:16:15.583+0000] {dag.py:3490} INFO - Setting next_dagrun for example_branch_operator to 2023-05-07T00:00:00+00:00, run_after=2023-05-08T00:00:00+00:00
[2023-05-08T22:16:15.598+0000] {processor.py:178} INFO - Processing /home/airflow/.local/lib/python3.7/site-packages/airflow/example_dags/example_branch_operator.py took 0.073 seconds
[2023-05-08T22:16:45.756+0000] {processor.py:156} INFO - Started process (PID=149) to work on /home/airflow/.local/lib/python3.7/site-packages/airflow/example_dags/example_branch_operator.py
[2023-05-08T22:16:45.757+0000] {processor.py:799} INFO - Processing file /home/airflow/.local/lib/python3.7/site-packages/airflow/example_dags/example_branch_operator.py for tasks to queue
[2023-05-08T22:16:45.758+0000] {logging_mixin.py:149} INFO - [2023-05-08T22:16:45.758+0000] {dagbag.py:541} INFO - Filling up the DagBag from /home/airflow/.local/lib/python3.7/site-packages/airflow/example_dags/example_branch_operator.py
[2023-05-08T22:16:45.764+0000] {processor.py:809} INFO - DAG(s) dict_keys(['example_branch_operator']) retrieved from /home/airflow/.local/lib/python3.7/site-packages/airflow/example_dags/example_branch_operator.py
[2023-05-08T22:16:45.792+0000] {logging_mixin.py:149} INFO - [2023-05-08T22:16:45.792+0000] {dag.py:2726} INFO - Sync 1 DAGs
[2023-05-08T22:16:45.814+0000] {logging_mixin.py:149} INFO - [2023-05-08T22:16:45.813+0000] {dag.py:3490} INFO - Setting next_dagrun for example_branch_operator to 2023-05-07T00:00:00+00:00, run_after=2023-05-08T00:00:00+00:00
[2023-05-08T22:16:45.829+0000] {processor.py:178} INFO - Processing /home/airflow/.local/lib/python3.7/site-packages/airflow/example_dags/example_branch_operator.py took 0.075 seconds
[2023-05-08T22:17:16.588+0000] {processor.py:156} INFO - Started process (PID=206) to work on /home/airflow/.local/lib/python3.7/site-packages/airflow/example_dags/example_branch_operator.py
[2023-05-08T22:17:16.589+0000] {processor.py:799} INFO - Processing file /home/airflow/.local/lib/python3.7/site-packages/airflow/example_dags/example_branch_operator.py for tasks to queue
[2023-05-08T22:17:16.590+0000] {logging_mixin.py:149} INFO - [2023-05-08T22:17:16.590+0000] {dagbag.py:541} INFO - Filling up the DagBag from /home/airflow/.local/lib/python3.7/site-packages/airflow/example_dags/example_branch_operator.py
[2023-05-08T22:17:16.596+0000] {processor.py:809} INFO - DAG(s) dict_keys(['example_branch_operator']) retrieved from /home/airflow/.local/lib/python3.7/site-packages/airflow/example_dags/example_branch_operator.py
[2023-05-08T22:17:16.618+0000] {logging_mixin.py:149} INFO - [2023-05-08T22:17:16.618+0000] {dag.py:2726} INFO - Sync 1 DAGs
[2023-05-08T22:17:16.640+0000] {logging_mixin.py:149} INFO - [2023-05-08T22:17:16.640+0000] {dag.py:3490} INFO - Setting next_dagrun for example_branch_operator to 2023-05-07T00:00:00+00:00, run_after=2023-05-08T00:00:00+00:00
[2023-05-08T22:17:16.654+0000] {processor.py:178} INFO - Processing /home/airflow/.local/lib/python3.7/site-packages/airflow/example_dags/example_branch_operator.py took 0.068 seconds
[2023-05-08T22:17:47.589+0000] {processor.py:156} INFO - Started process (PID=263) to work on /home/airflow/.local/lib/python3.7/site-packages/airflow/example_dags/example_branch_operator.py
[2023-05-08T22:17:47.590+0000] {processor.py:799} INFO - Processing file /home/airflow/.local/lib/python3.7/site-packages/airflow/example_dags/example_branch_operator.py for tasks to queue
[2023-05-08T22:17:47.590+0000] {logging_mixin.py:149} INFO - [2023-05-08T22:17:47.590+0000] {dagbag.py:541} INFO - Filling up the DagBag from /home/airflow/.local/lib/python3.7/site-packages/airflow/example_dags/example_branch_operator.py
[2023-05-08T22:17:47.596+0000] {processor.py:809} INFO - DAG(s) dict_keys(['example_branch_operator']) retrieved from /home/airflow/.local/lib/python3.7/site-packages/airflow/example_dags/example_branch_operator.py
[2023-05-08T22:17:47.619+0000] {logging_mixin.py:149} INFO - [2023-05-08T22:17:47.619+0000] {dag.py:2726} INFO - Sync 1 DAGs
[2023-05-08T22:17:47.639+0000] {logging_mixin.py:149} INFO - [2023-05-08T22:17:47.639+0000] {dag.py:3490} INFO - Setting next_dagrun for example_branch_operator to 2023-05-07T00:00:00+00:00, run_after=2023-05-08T00:00:00+00:00
[2023-05-08T22:17:47.656+0000] {processor.py:178} INFO - Processing /home/airflow/.local/lib/python3.7/site-packages/airflow/example_dags/example_branch_operator.py took 0.070 seconds
[2023-05-08T22:18:18.290+0000] {processor.py:156} INFO - Started process (PID=320) to work on /home/airflow/.local/lib/python3.7/site-packages/airflow/example_dags/example_branch_operator.py
[2023-05-08T22:18:18.291+0000] {processor.py:799} INFO - Processing file /home/airflow/.local/lib/python3.7/site-packages/airflow/example_dags/example_branch_operator.py for tasks to queue
[2023-05-08T22:18:18.292+0000] {logging_mixin.py:149} INFO - [2023-05-08T22:18:18.292+0000] {dagbag.py:541} INFO - Filling up the DagBag from /home/airflow/.local/lib/python3.7/site-packages/airflow/example_dags/example_branch_operator.py
[2023-05-08T22:18:18.298+0000] {processor.py:809} INFO - DAG(s) dict_keys(['example_branch_operator']) retrieved from /home/airflow/.local/lib/python3.7/site-packages/airflow/example_dags/example_branch_operator.py
[2023-05-08T22:18:18.326+0000] {logging_mixin.py:149} INFO - [2023-05-08T22:18:18.326+0000] {dag.py:2726} INFO - Sync 1 DAGs
[2023-05-08T22:18:18.350+0000] {logging_mixin.py:149} INFO - [2023-05-08T22:18:18.349+0000] {dag.py:3490} INFO - Setting next_dagrun for example_branch_operator to 2023-05-07T00:00:00+00:00, run_after=2023-05-08T00:00:00+00:00
[2023-05-08T22:18:18.365+0000] {processor.py:178} INFO - Processing /home/airflow/.local/lib/python3.7/site-packages/airflow/example_dags/example_branch_operator.py took 0.077 seconds
[2023-05-08T22:18:49.352+0000] {processor.py:156} INFO - Started process (PID=377) to work on /home/airflow/.local/lib/python3.7/site-packages/airflow/example_dags/example_branch_operator.py
[2023-05-08T22:18:49.353+0000] {processor.py:799} INFO - Processing file /home/airflow/.local/lib/python3.7/site-packages/airflow/example_dags/example_branch_operator.py for tasks to queue
[2023-05-08T22:18:49.354+0000] {logging_mixin.py:149} INFO - [2023-05-08T22:18:49.353+0000] {dagbag.py:541} INFO - Filling up the DagBag from /home/airflow/.local/lib/python3.7/site-packages/airflow/example_dags/example_branch_operator.py
[2023-05-08T22:18:49.360+0000] {processor.py:809} INFO - DAG(s) dict_keys(['example_branch_operator']) retrieved from /home/airflow/.local/lib/python3.7/site-packages/airflow/example_dags/example_branch_operator.py
[2023-05-08T22:18:49.381+0000] {logging_mixin.py:149} INFO - [2023-05-08T22:18:49.381+0000] {dag.py:2726} INFO - Sync 1 DAGs
[2023-05-08T22:18:49.402+0000] {logging_mixin.py:149} INFO - [2023-05-08T22:18:49.402+0000] {dag.py:3490} INFO - Setting next_dagrun for example_branch_operator to 2023-05-07T00:00:00+00:00, run_after=2023-05-08T00:00:00+00:00
[2023-05-08T22:18:49.416+0000] {processor.py:178} INFO - Processing /home/airflow/.local/lib/python3.7/site-packages/airflow/example_dags/example_branch_operator.py took 0.066 seconds
[2023-05-08T22:19:20.336+0000] {processor.py:156} INFO - Started process (PID=434) to work on /home/airflow/.local/lib/python3.7/site-packages/airflow/example_dags/example_branch_operator.py
[2023-05-08T22:19:20.336+0000] {processor.py:799} INFO - Processing file /home/airflow/.local/lib/python3.7/site-packages/airflow/example_dags/example_branch_operator.py for tasks to queue
[2023-05-08T22:19:20.338+0000] {logging_mixin.py:149} INFO - [2023-05-08T22:19:20.338+0000] {dagbag.py:541} INFO - Filling up the DagBag from /home/airflow/.local/lib/python3.7/site-packages/airflow/example_dags/example_branch_operator.py
[2023-05-08T22:19:20.344+0000] {processor.py:809} INFO - DAG(s) dict_keys(['example_branch_operator']) retrieved from /home/airflow/.local/lib/python3.7/site-packages/airflow/example_dags/example_branch_operator.py
[2023-05-08T22:19:20.366+0000] {logging_mixin.py:149} INFO - [2023-05-08T22:19:20.366+0000] {dag.py:2726} INFO - Sync 1 DAGs
[2023-05-08T22:19:20.387+0000] {logging_mixin.py:149} INFO - [2023-05-08T22:19:20.387+0000] {dag.py:3490} INFO - Setting next_dagrun for example_branch_operator to 2023-05-07T00:00:00+00:00, run_after=2023-05-08T00:00:00+00:00
[2023-05-08T22:19:20.401+0000] {processor.py:178} INFO - Processing /home/airflow/.local/lib/python3.7/site-packages/airflow/example_dags/example_branch_operator.py took 0.068 seconds
[2023-05-08T22:19:51.034+0000] {processor.py:156} INFO - Started process (PID=491) to work on /home/airflow/.local/lib/python3.7/site-packages/airflow/example_dags/example_branch_operator.py
[2023-05-08T22:19:51.034+0000] {processor.py:799} INFO - Processing file /home/airflow/.local/lib/python3.7/site-packages/airflow/example_dags/example_branch_operator.py for tasks to queue
[2023-05-08T22:19:51.035+0000] {logging_mixin.py:149} INFO - [2023-05-08T22:19:51.035+0000] {dagbag.py:541} INFO - Filling up the DagBag from /home/airflow/.local/lib/python3.7/site-packages/airflow/example_dags/example_branch_operator.py
[2023-05-08T22:19:51.041+0000] {processor.py:809} INFO - DAG(s) dict_keys(['example_branch_operator']) retrieved from /home/airflow/.local/lib/python3.7/site-packages/airflow/example_dags/example_branch_operator.py
[2023-05-08T22:19:51.063+0000] {logging_mixin.py:149} INFO - [2023-05-08T22:19:51.063+0000] {dag.py:2726} INFO - Sync 1 DAGs
[2023-05-08T22:19:51.083+0000] {logging_mixin.py:149} INFO - [2023-05-08T22:19:51.083+0000] {dag.py:3490} INFO - Setting next_dagrun for example_branch_operator to 2023-05-07T00:00:00+00:00, run_after=2023-05-08T00:00:00+00:00
[2023-05-08T22:19:51.098+0000] {processor.py:178} INFO - Processing /home/airflow/.local/lib/python3.7/site-packages/airflow/example_dags/example_branch_operator.py took 0.067 seconds
[2023-05-08T22:20:21.781+0000] {processor.py:156} INFO - Started process (PID=549) to work on /home/airflow/.local/lib/python3.7/site-packages/airflow/example_dags/example_branch_operator.py
[2023-05-08T22:20:21.782+0000] {processor.py:799} INFO - Processing file /home/airflow/.local/lib/python3.7/site-packages/airflow/example_dags/example_branch_operator.py for tasks to queue
[2023-05-08T22:20:21.783+0000] {logging_mixin.py:149} INFO - [2023-05-08T22:20:21.783+0000] {dagbag.py:541} INFO - Filling up the DagBag from /home/airflow/.local/lib/python3.7/site-packages/airflow/example_dags/example_branch_operator.py
[2023-05-08T22:20:21.789+0000] {processor.py:809} INFO - DAG(s) dict_keys(['example_branch_operator']) retrieved from /home/airflow/.local/lib/python3.7/site-packages/airflow/example_dags/example_branch_operator.py
[2023-05-08T22:20:21.811+0000] {logging_mixin.py:149} INFO - [2023-05-08T22:20:21.811+0000] {dag.py:2726} INFO - Sync 1 DAGs
[2023-05-08T22:20:21.837+0000] {logging_mixin.py:149} INFO - [2023-05-08T22:20:21.837+0000] {dag.py:3490} INFO - Setting next_dagrun for example_branch_operator to 2023-05-07T00:00:00+00:00, run_after=2023-05-08T00:00:00+00:00
[2023-05-08T22:20:21.853+0000] {processor.py:178} INFO - Processing /home/airflow/.local/lib/python3.7/site-packages/airflow/example_dags/example_branch_operator.py took 0.074 seconds
[2023-05-08T22:20:52.597+0000] {processor.py:156} INFO - Started process (PID=606) to work on /home/airflow/.local/lib/python3.7/site-packages/airflow/example_dags/example_branch_operator.py
[2023-05-08T22:20:52.598+0000] {processor.py:799} INFO - Processing file /home/airflow/.local/lib/python3.7/site-packages/airflow/example_dags/example_branch_operator.py for tasks to queue
[2023-05-08T22:20:52.598+0000] {logging_mixin.py:149} INFO - [2023-05-08T22:20:52.598+0000] {dagbag.py:541} INFO - Filling up the DagBag from /home/airflow/.local/lib/python3.7/site-packages/airflow/example_dags/example_branch_operator.py
[2023-05-08T22:20:52.604+0000] {processor.py:809} INFO - DAG(s) dict_keys(['example_branch_operator']) retrieved from /home/airflow/.local/lib/python3.7/site-packages/airflow/example_dags/example_branch_operator.py
[2023-05-08T22:20:52.626+0000] {logging_mixin.py:149} INFO - [2023-05-08T22:20:52.626+0000] {dag.py:2726} INFO - Sync 1 DAGs
[2023-05-08T22:20:52.646+0000] {logging_mixin.py:149} INFO - [2023-05-08T22:20:52.646+0000] {dag.py:3490} INFO - Setting next_dagrun for example_branch_operator to 2023-05-07T00:00:00+00:00, run_after=2023-05-08T00:00:00+00:00
[2023-05-08T22:20:52.659+0000] {processor.py:178} INFO - Processing /home/airflow/.local/lib/python3.7/site-packages/airflow/example_dags/example_branch_operator.py took 0.065 seconds
[2023-05-08T22:21:23.468+0000] {processor.py:156} INFO - Started process (PID=663) to work on /home/airflow/.local/lib/python3.7/site-packages/airflow/example_dags/example_branch_operator.py
[2023-05-08T22:21:23.469+0000] {processor.py:799} INFO - Processing file /home/airflow/.local/lib/python3.7/site-packages/airflow/example_dags/example_branch_operator.py for tasks to queue
[2023-05-08T22:21:23.469+0000] {logging_mixin.py:149} INFO - [2023-05-08T22:21:23.469+0000] {dagbag.py:541} INFO - Filling up the DagBag from /home/airflow/.local/lib/python3.7/site-packages/airflow/example_dags/example_branch_operator.py
[2023-05-08T22:21:23.476+0000] {processor.py:809} INFO - DAG(s) dict_keys(['example_branch_operator']) retrieved from /home/airflow/.local/lib/python3.7/site-packages/airflow/example_dags/example_branch_operator.py
[2023-05-08T22:21:23.506+0000] {logging_mixin.py:149} INFO - [2023-05-08T22:21:23.506+0000] {dag.py:2726} INFO - Sync 1 DAGs
[2023-05-08T22:21:23.529+0000] {logging_mixin.py:149} INFO - [2023-05-08T22:21:23.529+0000] {dag.py:3490} INFO - Setting next_dagrun for example_branch_operator to 2023-05-07T00:00:00+00:00, run_after=2023-05-08T00:00:00+00:00
[2023-05-08T22:21:23.549+0000] {processor.py:178} INFO - Processing /home/airflow/.local/lib/python3.7/site-packages/airflow/example_dags/example_branch_operator.py took 0.084 seconds
[2023-05-08T22:22:06.815+0000] {processor.py:156} INFO - Started process (PID=36) to work on /home/airflow/.local/lib/python3.7/site-packages/airflow/example_dags/example_branch_operator.py
[2023-05-08T22:22:06.816+0000] {processor.py:799} INFO - Processing file /home/airflow/.local/lib/python3.7/site-packages/airflow/example_dags/example_branch_operator.py for tasks to queue
[2023-05-08T22:22:06.817+0000] {logging_mixin.py:149} INFO - [2023-05-08T22:22:06.817+0000] {dagbag.py:541} INFO - Filling up the DagBag from /home/airflow/.local/lib/python3.7/site-packages/airflow/example_dags/example_branch_operator.py
[2023-05-08T22:22:06.826+0000] {processor.py:809} INFO - DAG(s) dict_keys(['example_branch_operator']) retrieved from /home/airflow/.local/lib/python3.7/site-packages/airflow/example_dags/example_branch_operator.py
[2023-05-08T22:22:06.843+0000] {logging_mixin.py:149} INFO - [2023-05-08T22:22:06.843+0000] {dag.py:2726} INFO - Sync 1 DAGs
[2023-05-08T22:22:06.875+0000] {logging_mixin.py:149} INFO - [2023-05-08T22:22:06.875+0000] {dag.py:3490} INFO - Setting next_dagrun for example_branch_operator to 2023-05-07T00:00:00+00:00, run_after=2023-05-08T00:00:00+00:00
[2023-05-08T22:22:06.894+0000] {processor.py:178} INFO - Processing /home/airflow/.local/lib/python3.7/site-packages/airflow/example_dags/example_branch_operator.py took 0.082 seconds
[2023-05-08T22:22:37.133+0000] {processor.py:156} INFO - Started process (PID=93) to work on /home/airflow/.local/lib/python3.7/site-packages/airflow/example_dags/example_branch_operator.py
[2023-05-08T22:22:37.135+0000] {processor.py:799} INFO - Processing file /home/airflow/.local/lib/python3.7/site-packages/airflow/example_dags/example_branch_operator.py for tasks to queue
[2023-05-08T22:22:37.136+0000] {logging_mixin.py:149} INFO - [2023-05-08T22:22:37.136+0000] {dagbag.py:541} INFO - Filling up the DagBag from /home/airflow/.local/lib/python3.7/site-packages/airflow/example_dags/example_branch_operator.py
[2023-05-08T22:22:37.143+0000] {processor.py:809} INFO - DAG(s) dict_keys(['example_branch_operator']) retrieved from /home/airflow/.local/lib/python3.7/site-packages/airflow/example_dags/example_branch_operator.py
[2023-05-08T22:22:37.166+0000] {logging_mixin.py:149} INFO - [2023-05-08T22:22:37.166+0000] {dag.py:2726} INFO - Sync 1 DAGs
[2023-05-08T22:22:37.195+0000] {logging_mixin.py:149} INFO - [2023-05-08T22:22:37.194+0000] {dag.py:3490} INFO - Setting next_dagrun for example_branch_operator to 2023-05-07T00:00:00+00:00, run_after=2023-05-08T00:00:00+00:00
[2023-05-08T22:22:37.210+0000] {processor.py:178} INFO - Processing /home/airflow/.local/lib/python3.7/site-packages/airflow/example_dags/example_branch_operator.py took 0.080 seconds
[2023-05-08T22:23:07.384+0000] {processor.py:156} INFO - Started process (PID=150) to work on /home/airflow/.local/lib/python3.7/site-packages/airflow/example_dags/example_branch_operator.py
[2023-05-08T22:23:07.385+0000] {processor.py:799} INFO - Processing file /home/airflow/.local/lib/python3.7/site-packages/airflow/example_dags/example_branch_operator.py for tasks to queue
[2023-05-08T22:23:07.385+0000] {logging_mixin.py:149} INFO - [2023-05-08T22:23:07.385+0000] {dagbag.py:541} INFO - Filling up the DagBag from /home/airflow/.local/lib/python3.7/site-packages/airflow/example_dags/example_branch_operator.py
[2023-05-08T22:23:07.392+0000] {processor.py:809} INFO - DAG(s) dict_keys(['example_branch_operator']) retrieved from /home/airflow/.local/lib/python3.7/site-packages/airflow/example_dags/example_branch_operator.py
[2023-05-08T22:23:07.416+0000] {logging_mixin.py:149} INFO - [2023-05-08T22:23:07.416+0000] {dag.py:2726} INFO - Sync 1 DAGs
[2023-05-08T22:23:07.440+0000] {logging_mixin.py:149} INFO - [2023-05-08T22:23:07.440+0000] {dag.py:3490} INFO - Setting next_dagrun for example_branch_operator to 2023-05-07T00:00:00+00:00, run_after=2023-05-08T00:00:00+00:00
[2023-05-08T22:23:07.455+0000] {processor.py:178} INFO - Processing /home/airflow/.local/lib/python3.7/site-packages/airflow/example_dags/example_branch_operator.py took 0.073 seconds
[2023-05-08T22:23:38.324+0000] {processor.py:156} INFO - Started process (PID=207) to work on /home/airflow/.local/lib/python3.7/site-packages/airflow/example_dags/example_branch_operator.py
[2023-05-08T22:23:38.324+0000] {processor.py:799} INFO - Processing file /home/airflow/.local/lib/python3.7/site-packages/airflow/example_dags/example_branch_operator.py for tasks to queue
[2023-05-08T22:23:38.325+0000] {logging_mixin.py:149} INFO - [2023-05-08T22:23:38.325+0000] {dagbag.py:541} INFO - Filling up the DagBag from /home/airflow/.local/lib/python3.7/site-packages/airflow/example_dags/example_branch_operator.py
[2023-05-08T22:23:38.331+0000] {processor.py:809} INFO - DAG(s) dict_keys(['example_branch_operator']) retrieved from /home/airflow/.local/lib/python3.7/site-packages/airflow/example_dags/example_branch_operator.py
[2023-05-08T22:23:38.353+0000] {logging_mixin.py:149} INFO - [2023-05-08T22:23:38.353+0000] {dag.py:2726} INFO - Sync 1 DAGs
[2023-05-08T22:23:38.376+0000] {logging_mixin.py:149} INFO - [2023-05-08T22:23:38.375+0000] {dag.py:3490} INFO - Setting next_dagrun for example_branch_operator to 2023-05-07T00:00:00+00:00, run_after=2023-05-08T00:00:00+00:00
[2023-05-08T22:23:38.390+0000] {processor.py:178} INFO - Processing /home/airflow/.local/lib/python3.7/site-packages/airflow/example_dags/example_branch_operator.py took 0.069 seconds
[2023-05-08T22:24:09.078+0000] {processor.py:156} INFO - Started process (PID=264) to work on /home/airflow/.local/lib/python3.7/site-packages/airflow/example_dags/example_branch_operator.py
[2023-05-08T22:24:09.079+0000] {processor.py:799} INFO - Processing file /home/airflow/.local/lib/python3.7/site-packages/airflow/example_dags/example_branch_operator.py for tasks to queue
[2023-05-08T22:24:09.080+0000] {logging_mixin.py:149} INFO - [2023-05-08T22:24:09.080+0000] {dagbag.py:541} INFO - Filling up the DagBag from /home/airflow/.local/lib/python3.7/site-packages/airflow/example_dags/example_branch_operator.py
[2023-05-08T22:24:09.086+0000] {processor.py:809} INFO - DAG(s) dict_keys(['example_branch_operator']) retrieved from /home/airflow/.local/lib/python3.7/site-packages/airflow/example_dags/example_branch_operator.py
[2023-05-08T22:24:09.108+0000] {logging_mixin.py:149} INFO - [2023-05-08T22:24:09.108+0000] {dag.py:2726} INFO - Sync 1 DAGs
[2023-05-08T22:24:09.130+0000] {logging_mixin.py:149} INFO - [2023-05-08T22:24:09.130+0000] {dag.py:3490} INFO - Setting next_dagrun for example_branch_operator to 2023-05-07T00:00:00+00:00, run_after=2023-05-08T00:00:00+00:00
[2023-05-08T22:24:09.149+0000] {processor.py:178} INFO - Processing /home/airflow/.local/lib/python3.7/site-packages/airflow/example_dags/example_branch_operator.py took 0.073 seconds
[2023-05-08T22:24:39.848+0000] {processor.py:156} INFO - Started process (PID=321) to work on /home/airflow/.local/lib/python3.7/site-packages/airflow/example_dags/example_branch_operator.py
[2023-05-08T22:24:39.849+0000] {processor.py:799} INFO - Processing file /home/airflow/.local/lib/python3.7/site-packages/airflow/example_dags/example_branch_operator.py for tasks to queue
[2023-05-08T22:24:39.849+0000] {logging_mixin.py:149} INFO - [2023-05-08T22:24:39.849+0000] {dagbag.py:541} INFO - Filling up the DagBag from /home/airflow/.local/lib/python3.7/site-packages/airflow/example_dags/example_branch_operator.py
[2023-05-08T22:24:39.855+0000] {processor.py:809} INFO - DAG(s) dict_keys(['example_branch_operator']) retrieved from /home/airflow/.local/lib/python3.7/site-packages/airflow/example_dags/example_branch_operator.py
[2023-05-08T22:24:39.878+0000] {logging_mixin.py:149} INFO - [2023-05-08T22:24:39.878+0000] {dag.py:2726} INFO - Sync 1 DAGs
[2023-05-08T22:24:39.898+0000] {logging_mixin.py:149} INFO - [2023-05-08T22:24:39.898+0000] {dag.py:3490} INFO - Setting next_dagrun for example_branch_operator to 2023-05-07T00:00:00+00:00, run_after=2023-05-08T00:00:00+00:00
[2023-05-08T22:24:39.913+0000] {processor.py:178} INFO - Processing /home/airflow/.local/lib/python3.7/site-packages/airflow/example_dags/example_branch_operator.py took 0.067 seconds
[2023-05-08T22:25:10.557+0000] {processor.py:156} INFO - Started process (PID=378) to work on /home/airflow/.local/lib/python3.7/site-packages/airflow/example_dags/example_branch_operator.py
[2023-05-08T22:25:10.558+0000] {processor.py:799} INFO - Processing file /home/airflow/.local/lib/python3.7/site-packages/airflow/example_dags/example_branch_operator.py for tasks to queue
[2023-05-08T22:25:10.559+0000] {logging_mixin.py:149} INFO - [2023-05-08T22:25:10.558+0000] {dagbag.py:541} INFO - Filling up the DagBag from /home/airflow/.local/lib/python3.7/site-packages/airflow/example_dags/example_branch_operator.py
[2023-05-08T22:25:10.564+0000] {processor.py:809} INFO - DAG(s) dict_keys(['example_branch_operator']) retrieved from /home/airflow/.local/lib/python3.7/site-packages/airflow/example_dags/example_branch_operator.py
[2023-05-08T22:25:10.588+0000] {logging_mixin.py:149} INFO - [2023-05-08T22:25:10.588+0000] {dag.py:2726} INFO - Sync 1 DAGs
[2023-05-08T22:25:10.609+0000] {logging_mixin.py:149} INFO - [2023-05-08T22:25:10.609+0000] {dag.py:3490} INFO - Setting next_dagrun for example_branch_operator to 2023-05-07T00:00:00+00:00, run_after=2023-05-08T00:00:00+00:00
[2023-05-08T22:25:10.622+0000] {processor.py:178} INFO - Processing /home/airflow/.local/lib/python3.7/site-packages/airflow/example_dags/example_branch_operator.py took 0.068 seconds
[2023-05-08T22:25:58.245+0000] {processor.py:156} INFO - Started process (PID=36) to work on /home/airflow/.local/lib/python3.7/site-packages/airflow/example_dags/example_branch_operator.py
[2023-05-08T22:25:58.246+0000] {processor.py:799} INFO - Processing file /home/airflow/.local/lib/python3.7/site-packages/airflow/example_dags/example_branch_operator.py for tasks to queue
[2023-05-08T22:25:58.247+0000] {logging_mixin.py:149} INFO - [2023-05-08T22:25:58.247+0000] {dagbag.py:541} INFO - Filling up the DagBag from /home/airflow/.local/lib/python3.7/site-packages/airflow/example_dags/example_branch_operator.py
[2023-05-08T22:25:58.258+0000] {processor.py:809} INFO - DAG(s) dict_keys(['example_branch_operator']) retrieved from /home/airflow/.local/lib/python3.7/site-packages/airflow/example_dags/example_branch_operator.py
[2023-05-08T22:25:58.284+0000] {logging_mixin.py:149} INFO - [2023-05-08T22:25:58.284+0000] {dag.py:2726} INFO - Sync 1 DAGs
[2023-05-08T22:25:58.312+0000] {logging_mixin.py:149} INFO - [2023-05-08T22:25:58.312+0000] {dag.py:3490} INFO - Setting next_dagrun for example_branch_operator to 2023-05-07T00:00:00+00:00, run_after=2023-05-08T00:00:00+00:00
[2023-05-08T22:25:58.328+0000] {processor.py:178} INFO - Processing /home/airflow/.local/lib/python3.7/site-packages/airflow/example_dags/example_branch_operator.py took 0.085 seconds
[2023-05-08T22:26:28.586+0000] {processor.py:156} INFO - Started process (PID=93) to work on /home/airflow/.local/lib/python3.7/site-packages/airflow/example_dags/example_branch_operator.py
[2023-05-08T22:26:28.588+0000] {processor.py:799} INFO - Processing file /home/airflow/.local/lib/python3.7/site-packages/airflow/example_dags/example_branch_operator.py for tasks to queue
[2023-05-08T22:26:28.588+0000] {logging_mixin.py:149} INFO - [2023-05-08T22:26:28.588+0000] {dagbag.py:541} INFO - Filling up the DagBag from /home/airflow/.local/lib/python3.7/site-packages/airflow/example_dags/example_branch_operator.py
[2023-05-08T22:26:28.595+0000] {processor.py:809} INFO - DAG(s) dict_keys(['example_branch_operator']) retrieved from /home/airflow/.local/lib/python3.7/site-packages/airflow/example_dags/example_branch_operator.py
[2023-05-08T22:26:28.617+0000] {logging_mixin.py:149} INFO - [2023-05-08T22:26:28.617+0000] {dag.py:2726} INFO - Sync 1 DAGs
[2023-05-08T22:26:28.640+0000] {logging_mixin.py:149} INFO - [2023-05-08T22:26:28.640+0000] {dag.py:3490} INFO - Setting next_dagrun for example_branch_operator to 2023-05-07T00:00:00+00:00, run_after=2023-05-08T00:00:00+00:00
[2023-05-08T22:26:28.659+0000] {processor.py:178} INFO - Processing /home/airflow/.local/lib/python3.7/site-packages/airflow/example_dags/example_branch_operator.py took 0.075 seconds
[2023-05-08T22:26:59.538+0000] {processor.py:156} INFO - Started process (PID=150) to work on /home/airflow/.local/lib/python3.7/site-packages/airflow/example_dags/example_branch_operator.py
[2023-05-08T22:26:59.539+0000] {processor.py:799} INFO - Processing file /home/airflow/.local/lib/python3.7/site-packages/airflow/example_dags/example_branch_operator.py for tasks to queue
[2023-05-08T22:26:59.540+0000] {logging_mixin.py:149} INFO - [2023-05-08T22:26:59.540+0000] {dagbag.py:541} INFO - Filling up the DagBag from /home/airflow/.local/lib/python3.7/site-packages/airflow/example_dags/example_branch_operator.py
[2023-05-08T22:26:59.545+0000] {processor.py:809} INFO - DAG(s) dict_keys(['example_branch_operator']) retrieved from /home/airflow/.local/lib/python3.7/site-packages/airflow/example_dags/example_branch_operator.py
[2023-05-08T22:26:59.568+0000] {logging_mixin.py:149} INFO - [2023-05-08T22:26:59.568+0000] {dag.py:2726} INFO - Sync 1 DAGs
[2023-05-08T22:26:59.588+0000] {logging_mixin.py:149} INFO - [2023-05-08T22:26:59.588+0000] {dag.py:3490} INFO - Setting next_dagrun for example_branch_operator to 2023-05-07T00:00:00+00:00, run_after=2023-05-08T00:00:00+00:00
[2023-05-08T22:26:59.603+0000] {processor.py:178} INFO - Processing /home/airflow/.local/lib/python3.7/site-packages/airflow/example_dags/example_branch_operator.py took 0.067 seconds
[2023-05-08T22:27:30.426+0000] {processor.py:156} INFO - Started process (PID=207) to work on /home/airflow/.local/lib/python3.7/site-packages/airflow/example_dags/example_branch_operator.py
[2023-05-08T22:27:30.427+0000] {processor.py:799} INFO - Processing file /home/airflow/.local/lib/python3.7/site-packages/airflow/example_dags/example_branch_operator.py for tasks to queue
[2023-05-08T22:27:30.428+0000] {logging_mixin.py:149} INFO - [2023-05-08T22:27:30.428+0000] {dagbag.py:541} INFO - Filling up the DagBag from /home/airflow/.local/lib/python3.7/site-packages/airflow/example_dags/example_branch_operator.py
[2023-05-08T22:27:30.434+0000] {processor.py:809} INFO - DAG(s) dict_keys(['example_branch_operator']) retrieved from /home/airflow/.local/lib/python3.7/site-packages/airflow/example_dags/example_branch_operator.py
[2023-05-08T22:27:30.456+0000] {logging_mixin.py:149} INFO - [2023-05-08T22:27:30.456+0000] {dag.py:2726} INFO - Sync 1 DAGs
[2023-05-08T22:27:30.476+0000] {logging_mixin.py:149} INFO - [2023-05-08T22:27:30.476+0000] {dag.py:3490} INFO - Setting next_dagrun for example_branch_operator to 2023-05-07T00:00:00+00:00, run_after=2023-05-08T00:00:00+00:00
[2023-05-08T22:27:30.492+0000] {processor.py:178} INFO - Processing /home/airflow/.local/lib/python3.7/site-packages/airflow/example_dags/example_branch_operator.py took 0.068 seconds
[2023-05-08T22:28:00.977+0000] {processor.py:156} INFO - Started process (PID=264) to work on /home/airflow/.local/lib/python3.7/site-packages/airflow/example_dags/example_branch_operator.py
[2023-05-08T22:28:00.978+0000] {processor.py:799} INFO - Processing file /home/airflow/.local/lib/python3.7/site-packages/airflow/example_dags/example_branch_operator.py for tasks to queue
[2023-05-08T22:28:00.979+0000] {logging_mixin.py:149} INFO - [2023-05-08T22:28:00.979+0000] {dagbag.py:541} INFO - Filling up the DagBag from /home/airflow/.local/lib/python3.7/site-packages/airflow/example_dags/example_branch_operator.py
[2023-05-08T22:28:00.984+0000] {processor.py:809} INFO - DAG(s) dict_keys(['example_branch_operator']) retrieved from /home/airflow/.local/lib/python3.7/site-packages/airflow/example_dags/example_branch_operator.py
[2023-05-08T22:28:01.007+0000] {logging_mixin.py:149} INFO - [2023-05-08T22:28:01.007+0000] {dag.py:2726} INFO - Sync 1 DAGs
[2023-05-08T22:28:01.027+0000] {logging_mixin.py:149} INFO - [2023-05-08T22:28:01.027+0000] {dag.py:3490} INFO - Setting next_dagrun for example_branch_operator to 2023-05-07T00:00:00+00:00, run_after=2023-05-08T00:00:00+00:00
[2023-05-08T22:28:01.040+0000] {processor.py:178} INFO - Processing /home/airflow/.local/lib/python3.7/site-packages/airflow/example_dags/example_branch_operator.py took 0.065 seconds
[2023-05-08T22:28:31.653+0000] {processor.py:156} INFO - Started process (PID=321) to work on /home/airflow/.local/lib/python3.7/site-packages/airflow/example_dags/example_branch_operator.py
[2023-05-08T22:28:31.654+0000] {processor.py:799} INFO - Processing file /home/airflow/.local/lib/python3.7/site-packages/airflow/example_dags/example_branch_operator.py for tasks to queue
[2023-05-08T22:28:31.654+0000] {logging_mixin.py:149} INFO - [2023-05-08T22:28:31.654+0000] {dagbag.py:541} INFO - Filling up the DagBag from /home/airflow/.local/lib/python3.7/site-packages/airflow/example_dags/example_branch_operator.py
[2023-05-08T22:28:31.661+0000] {processor.py:809} INFO - DAG(s) dict_keys(['example_branch_operator']) retrieved from /home/airflow/.local/lib/python3.7/site-packages/airflow/example_dags/example_branch_operator.py
[2023-05-08T22:28:31.685+0000] {logging_mixin.py:149} INFO - [2023-05-08T22:28:31.685+0000] {dag.py:2726} INFO - Sync 1 DAGs
[2023-05-08T22:28:31.705+0000] {logging_mixin.py:149} INFO - [2023-05-08T22:28:31.705+0000] {dag.py:3490} INFO - Setting next_dagrun for example_branch_operator to 2023-05-07T00:00:00+00:00, run_after=2023-05-08T00:00:00+00:00
[2023-05-08T22:28:31.720+0000] {processor.py:178} INFO - Processing /home/airflow/.local/lib/python3.7/site-packages/airflow/example_dags/example_branch_operator.py took 0.069 seconds
[2023-05-08T22:29:02.500+0000] {processor.py:156} INFO - Started process (PID=378) to work on /home/airflow/.local/lib/python3.7/site-packages/airflow/example_dags/example_branch_operator.py
[2023-05-08T22:29:02.501+0000] {processor.py:799} INFO - Processing file /home/airflow/.local/lib/python3.7/site-packages/airflow/example_dags/example_branch_operator.py for tasks to queue
[2023-05-08T22:29:02.502+0000] {logging_mixin.py:149} INFO - [2023-05-08T22:29:02.502+0000] {dagbag.py:541} INFO - Filling up the DagBag from /home/airflow/.local/lib/python3.7/site-packages/airflow/example_dags/example_branch_operator.py
[2023-05-08T22:29:02.508+0000] {processor.py:809} INFO - DAG(s) dict_keys(['example_branch_operator']) retrieved from /home/airflow/.local/lib/python3.7/site-packages/airflow/example_dags/example_branch_operator.py
[2023-05-08T22:29:02.531+0000] {logging_mixin.py:149} INFO - [2023-05-08T22:29:02.530+0000] {dag.py:2726} INFO - Sync 1 DAGs
[2023-05-08T22:29:02.550+0000] {logging_mixin.py:149} INFO - [2023-05-08T22:29:02.550+0000] {dag.py:3490} INFO - Setting next_dagrun for example_branch_operator to 2023-05-07T00:00:00+00:00, run_after=2023-05-08T00:00:00+00:00
[2023-05-08T22:29:02.567+0000] {processor.py:178} INFO - Processing /home/airflow/.local/lib/python3.7/site-packages/airflow/example_dags/example_branch_operator.py took 0.069 seconds
[2023-05-08T22:29:32.963+0000] {processor.py:156} INFO - Started process (PID=435) to work on /home/airflow/.local/lib/python3.7/site-packages/airflow/example_dags/example_branch_operator.py
[2023-05-08T22:29:32.964+0000] {processor.py:799} INFO - Processing file /home/airflow/.local/lib/python3.7/site-packages/airflow/example_dags/example_branch_operator.py for tasks to queue
[2023-05-08T22:29:32.964+0000] {logging_mixin.py:149} INFO - [2023-05-08T22:29:32.964+0000] {dagbag.py:541} INFO - Filling up the DagBag from /home/airflow/.local/lib/python3.7/site-packages/airflow/example_dags/example_branch_operator.py
[2023-05-08T22:29:32.970+0000] {processor.py:809} INFO - DAG(s) dict_keys(['example_branch_operator']) retrieved from /home/airflow/.local/lib/python3.7/site-packages/airflow/example_dags/example_branch_operator.py
[2023-05-08T22:29:32.992+0000] {logging_mixin.py:149} INFO - [2023-05-08T22:29:32.992+0000] {dag.py:2726} INFO - Sync 1 DAGs
[2023-05-08T22:29:33.013+0000] {logging_mixin.py:149} INFO - [2023-05-08T22:29:33.013+0000] {dag.py:3490} INFO - Setting next_dagrun for example_branch_operator to 2023-05-07T00:00:00+00:00, run_after=2023-05-08T00:00:00+00:00
[2023-05-08T22:29:33.027+0000] {processor.py:178} INFO - Processing /home/airflow/.local/lib/python3.7/site-packages/airflow/example_dags/example_branch_operator.py took 0.066 seconds
[2023-05-08T22:30:03.736+0000] {processor.py:156} INFO - Started process (PID=492) to work on /home/airflow/.local/lib/python3.7/site-packages/airflow/example_dags/example_branch_operator.py
[2023-05-08T22:30:03.737+0000] {processor.py:799} INFO - Processing file /home/airflow/.local/lib/python3.7/site-packages/airflow/example_dags/example_branch_operator.py for tasks to queue
[2023-05-08T22:30:03.738+0000] {logging_mixin.py:149} INFO - [2023-05-08T22:30:03.738+0000] {dagbag.py:541} INFO - Filling up the DagBag from /home/airflow/.local/lib/python3.7/site-packages/airflow/example_dags/example_branch_operator.py
[2023-05-08T22:30:03.744+0000] {processor.py:809} INFO - DAG(s) dict_keys(['example_branch_operator']) retrieved from /home/airflow/.local/lib/python3.7/site-packages/airflow/example_dags/example_branch_operator.py
[2023-05-08T22:30:03.767+0000] {logging_mixin.py:149} INFO - [2023-05-08T22:30:03.767+0000] {dag.py:2726} INFO - Sync 1 DAGs
[2023-05-08T22:30:03.787+0000] {logging_mixin.py:149} INFO - [2023-05-08T22:30:03.787+0000] {dag.py:3490} INFO - Setting next_dagrun for example_branch_operator to 2023-05-07T00:00:00+00:00, run_after=2023-05-08T00:00:00+00:00
[2023-05-08T22:30:03.800+0000] {processor.py:178} INFO - Processing /home/airflow/.local/lib/python3.7/site-packages/airflow/example_dags/example_branch_operator.py took 0.066 seconds
[2023-05-08T22:30:34.564+0000] {processor.py:156} INFO - Started process (PID=549) to work on /home/airflow/.local/lib/python3.7/site-packages/airflow/example_dags/example_branch_operator.py
[2023-05-08T22:30:34.565+0000] {processor.py:799} INFO - Processing file /home/airflow/.local/lib/python3.7/site-packages/airflow/example_dags/example_branch_operator.py for tasks to queue
[2023-05-08T22:30:34.565+0000] {logging_mixin.py:149} INFO - [2023-05-08T22:30:34.565+0000] {dagbag.py:541} INFO - Filling up the DagBag from /home/airflow/.local/lib/python3.7/site-packages/airflow/example_dags/example_branch_operator.py
[2023-05-08T22:30:34.571+0000] {processor.py:809} INFO - DAG(s) dict_keys(['example_branch_operator']) retrieved from /home/airflow/.local/lib/python3.7/site-packages/airflow/example_dags/example_branch_operator.py
[2023-05-08T22:30:34.594+0000] {logging_mixin.py:149} INFO - [2023-05-08T22:30:34.594+0000] {dag.py:2726} INFO - Sync 1 DAGs
[2023-05-08T22:30:34.613+0000] {logging_mixin.py:149} INFO - [2023-05-08T22:30:34.613+0000] {dag.py:3490} INFO - Setting next_dagrun for example_branch_operator to 2023-05-07T00:00:00+00:00, run_after=2023-05-08T00:00:00+00:00
[2023-05-08T22:30:34.626+0000] {processor.py:178} INFO - Processing /home/airflow/.local/lib/python3.7/site-packages/airflow/example_dags/example_branch_operator.py took 0.064 seconds
[2023-05-08T22:31:05.382+0000] {processor.py:156} INFO - Started process (PID=606) to work on /home/airflow/.local/lib/python3.7/site-packages/airflow/example_dags/example_branch_operator.py
[2023-05-08T22:31:05.383+0000] {processor.py:799} INFO - Processing file /home/airflow/.local/lib/python3.7/site-packages/airflow/example_dags/example_branch_operator.py for tasks to queue
[2023-05-08T22:31:05.384+0000] {logging_mixin.py:149} INFO - [2023-05-08T22:31:05.383+0000] {dagbag.py:541} INFO - Filling up the DagBag from /home/airflow/.local/lib/python3.7/site-packages/airflow/example_dags/example_branch_operator.py
[2023-05-08T22:31:05.389+0000] {processor.py:809} INFO - DAG(s) dict_keys(['example_branch_operator']) retrieved from /home/airflow/.local/lib/python3.7/site-packages/airflow/example_dags/example_branch_operator.py
[2023-05-08T22:31:05.412+0000] {logging_mixin.py:149} INFO - [2023-05-08T22:31:05.412+0000] {dag.py:2726} INFO - Sync 1 DAGs
[2023-05-08T22:31:05.433+0000] {logging_mixin.py:149} INFO - [2023-05-08T22:31:05.432+0000] {dag.py:3490} INFO - Setting next_dagrun for example_branch_operator to 2023-05-07T00:00:00+00:00, run_after=2023-05-08T00:00:00+00:00
[2023-05-08T22:31:05.450+0000] {processor.py:178} INFO - Processing /home/airflow/.local/lib/python3.7/site-packages/airflow/example_dags/example_branch_operator.py took 0.070 seconds
[2023-05-08T22:31:36.160+0000] {processor.py:156} INFO - Started process (PID=663) to work on /home/airflow/.local/lib/python3.7/site-packages/airflow/example_dags/example_branch_operator.py
[2023-05-08T22:31:36.161+0000] {processor.py:799} INFO - Processing file /home/airflow/.local/lib/python3.7/site-packages/airflow/example_dags/example_branch_operator.py for tasks to queue
[2023-05-08T22:31:36.162+0000] {logging_mixin.py:149} INFO - [2023-05-08T22:31:36.161+0000] {dagbag.py:541} INFO - Filling up the DagBag from /home/airflow/.local/lib/python3.7/site-packages/airflow/example_dags/example_branch_operator.py
[2023-05-08T22:31:36.167+0000] {processor.py:809} INFO - DAG(s) dict_keys(['example_branch_operator']) retrieved from /home/airflow/.local/lib/python3.7/site-packages/airflow/example_dags/example_branch_operator.py
[2023-05-08T22:31:36.197+0000] {logging_mixin.py:149} INFO - [2023-05-08T22:31:36.197+0000] {dag.py:2726} INFO - Sync 1 DAGs
[2023-05-08T22:31:36.223+0000] {logging_mixin.py:149} INFO - [2023-05-08T22:31:36.223+0000] {dag.py:3490} INFO - Setting next_dagrun for example_branch_operator to 2023-05-07T00:00:00+00:00, run_after=2023-05-08T00:00:00+00:00
[2023-05-08T22:31:36.244+0000] {processor.py:178} INFO - Processing /home/airflow/.local/lib/python3.7/site-packages/airflow/example_dags/example_branch_operator.py took 0.086 seconds
[2023-05-08T22:32:06.713+0000] {processor.py:156} INFO - Started process (PID=720) to work on /home/airflow/.local/lib/python3.7/site-packages/airflow/example_dags/example_branch_operator.py
[2023-05-08T22:32:06.713+0000] {processor.py:799} INFO - Processing file /home/airflow/.local/lib/python3.7/site-packages/airflow/example_dags/example_branch_operator.py for tasks to queue
[2023-05-08T22:32:06.714+0000] {logging_mixin.py:149} INFO - [2023-05-08T22:32:06.714+0000] {dagbag.py:541} INFO - Filling up the DagBag from /home/airflow/.local/lib/python3.7/site-packages/airflow/example_dags/example_branch_operator.py
[2023-05-08T22:32:06.720+0000] {processor.py:809} INFO - DAG(s) dict_keys(['example_branch_operator']) retrieved from /home/airflow/.local/lib/python3.7/site-packages/airflow/example_dags/example_branch_operator.py
[2023-05-08T22:32:06.742+0000] {logging_mixin.py:149} INFO - [2023-05-08T22:32:06.742+0000] {dag.py:2726} INFO - Sync 1 DAGs
[2023-05-08T22:32:06.762+0000] {logging_mixin.py:149} INFO - [2023-05-08T22:32:06.762+0000] {dag.py:3490} INFO - Setting next_dagrun for example_branch_operator to 2023-05-07T00:00:00+00:00, run_after=2023-05-08T00:00:00+00:00
[2023-05-08T22:32:06.777+0000] {processor.py:178} INFO - Processing /home/airflow/.local/lib/python3.7/site-packages/airflow/example_dags/example_branch_operator.py took 0.066 seconds
[2023-05-08T22:32:37.556+0000] {processor.py:156} INFO - Started process (PID=777) to work on /home/airflow/.local/lib/python3.7/site-packages/airflow/example_dags/example_branch_operator.py
[2023-05-08T22:32:37.557+0000] {processor.py:799} INFO - Processing file /home/airflow/.local/lib/python3.7/site-packages/airflow/example_dags/example_branch_operator.py for tasks to queue
[2023-05-08T22:32:37.558+0000] {logging_mixin.py:149} INFO - [2023-05-08T22:32:37.558+0000] {dagbag.py:541} INFO - Filling up the DagBag from /home/airflow/.local/lib/python3.7/site-packages/airflow/example_dags/example_branch_operator.py
[2023-05-08T22:32:37.564+0000] {processor.py:809} INFO - DAG(s) dict_keys(['example_branch_operator']) retrieved from /home/airflow/.local/lib/python3.7/site-packages/airflow/example_dags/example_branch_operator.py
[2023-05-08T22:32:37.586+0000] {logging_mixin.py:149} INFO - [2023-05-08T22:32:37.586+0000] {dag.py:2726} INFO - Sync 1 DAGs
[2023-05-08T22:32:37.607+0000] {logging_mixin.py:149} INFO - [2023-05-08T22:32:37.607+0000] {dag.py:3490} INFO - Setting next_dagrun for example_branch_operator to 2023-05-07T00:00:00+00:00, run_after=2023-05-08T00:00:00+00:00
[2023-05-08T22:32:37.619+0000] {processor.py:178} INFO - Processing /home/airflow/.local/lib/python3.7/site-packages/airflow/example_dags/example_branch_operator.py took 0.065 seconds
[2023-05-08T22:33:08.519+0000] {processor.py:156} INFO - Started process (PID=834) to work on /home/airflow/.local/lib/python3.7/site-packages/airflow/example_dags/example_branch_operator.py
[2023-05-08T22:33:08.520+0000] {processor.py:799} INFO - Processing file /home/airflow/.local/lib/python3.7/site-packages/airflow/example_dags/example_branch_operator.py for tasks to queue
[2023-05-08T22:33:08.521+0000] {logging_mixin.py:149} INFO - [2023-05-08T22:33:08.521+0000] {dagbag.py:541} INFO - Filling up the DagBag from /home/airflow/.local/lib/python3.7/site-packages/airflow/example_dags/example_branch_operator.py
[2023-05-08T22:33:08.527+0000] {processor.py:809} INFO - DAG(s) dict_keys(['example_branch_operator']) retrieved from /home/airflow/.local/lib/python3.7/site-packages/airflow/example_dags/example_branch_operator.py
[2023-05-08T22:33:08.551+0000] {logging_mixin.py:149} INFO - [2023-05-08T22:33:08.550+0000] {dag.py:2726} INFO - Sync 1 DAGs
[2023-05-08T22:33:08.570+0000] {logging_mixin.py:149} INFO - [2023-05-08T22:33:08.570+0000] {dag.py:3490} INFO - Setting next_dagrun for example_branch_operator to 2023-05-07T00:00:00+00:00, run_after=2023-05-08T00:00:00+00:00
[2023-05-08T22:33:08.585+0000] {processor.py:178} INFO - Processing /home/airflow/.local/lib/python3.7/site-packages/airflow/example_dags/example_branch_operator.py took 0.069 seconds
[2023-05-08T22:33:38.821+0000] {processor.py:156} INFO - Started process (PID=891) to work on /home/airflow/.local/lib/python3.7/site-packages/airflow/example_dags/example_branch_operator.py
[2023-05-08T22:33:38.823+0000] {processor.py:799} INFO - Processing file /home/airflow/.local/lib/python3.7/site-packages/airflow/example_dags/example_branch_operator.py for tasks to queue
[2023-05-08T22:33:38.825+0000] {logging_mixin.py:149} INFO - [2023-05-08T22:33:38.824+0000] {dagbag.py:541} INFO - Filling up the DagBag from /home/airflow/.local/lib/python3.7/site-packages/airflow/example_dags/example_branch_operator.py
[2023-05-08T22:33:38.831+0000] {processor.py:809} INFO - DAG(s) dict_keys(['example_branch_operator']) retrieved from /home/airflow/.local/lib/python3.7/site-packages/airflow/example_dags/example_branch_operator.py
[2023-05-08T22:33:38.860+0000] {logging_mixin.py:149} INFO - [2023-05-08T22:33:38.860+0000] {dag.py:2726} INFO - Sync 1 DAGs
[2023-05-08T22:33:38.886+0000] {logging_mixin.py:149} INFO - [2023-05-08T22:33:38.886+0000] {dag.py:3490} INFO - Setting next_dagrun for example_branch_operator to 2023-05-07T00:00:00+00:00, run_after=2023-05-08T00:00:00+00:00
[2023-05-08T22:33:38.900+0000] {processor.py:178} INFO - Processing /home/airflow/.local/lib/python3.7/site-packages/airflow/example_dags/example_branch_operator.py took 0.084 seconds
[2023-05-08T22:34:09.221+0000] {processor.py:156} INFO - Started process (PID=948) to work on /home/airflow/.local/lib/python3.7/site-packages/airflow/example_dags/example_branch_operator.py
[2023-05-08T22:34:09.223+0000] {processor.py:799} INFO - Processing file /home/airflow/.local/lib/python3.7/site-packages/airflow/example_dags/example_branch_operator.py for tasks to queue
[2023-05-08T22:34:09.224+0000] {logging_mixin.py:149} INFO - [2023-05-08T22:34:09.224+0000] {dagbag.py:541} INFO - Filling up the DagBag from /home/airflow/.local/lib/python3.7/site-packages/airflow/example_dags/example_branch_operator.py
[2023-05-08T22:34:09.232+0000] {processor.py:809} INFO - DAG(s) dict_keys(['example_branch_operator']) retrieved from /home/airflow/.local/lib/python3.7/site-packages/airflow/example_dags/example_branch_operator.py
[2023-05-08T22:34:09.265+0000] {logging_mixin.py:149} INFO - [2023-05-08T22:34:09.265+0000] {dag.py:2726} INFO - Sync 1 DAGs
[2023-05-08T22:34:09.316+0000] {logging_mixin.py:149} INFO - [2023-05-08T22:34:09.315+0000] {dag.py:3490} INFO - Setting next_dagrun for example_branch_operator to 2023-05-07T00:00:00+00:00, run_after=2023-05-08T00:00:00+00:00
[2023-05-08T22:34:09.341+0000] {processor.py:178} INFO - Processing /home/airflow/.local/lib/python3.7/site-packages/airflow/example_dags/example_branch_operator.py took 0.124 seconds
[2023-05-08T22:34:39.502+0000] {processor.py:156} INFO - Started process (PID=1006) to work on /home/airflow/.local/lib/python3.7/site-packages/airflow/example_dags/example_branch_operator.py
[2023-05-08T22:34:39.503+0000] {processor.py:799} INFO - Processing file /home/airflow/.local/lib/python3.7/site-packages/airflow/example_dags/example_branch_operator.py for tasks to queue
[2023-05-08T22:34:39.504+0000] {logging_mixin.py:149} INFO - [2023-05-08T22:34:39.504+0000] {dagbag.py:541} INFO - Filling up the DagBag from /home/airflow/.local/lib/python3.7/site-packages/airflow/example_dags/example_branch_operator.py
[2023-05-08T22:34:39.511+0000] {processor.py:809} INFO - DAG(s) dict_keys(['example_branch_operator']) retrieved from /home/airflow/.local/lib/python3.7/site-packages/airflow/example_dags/example_branch_operator.py
[2023-05-08T22:34:39.547+0000] {logging_mixin.py:149} INFO - [2023-05-08T22:34:39.547+0000] {dag.py:2726} INFO - Sync 1 DAGs
[2023-05-08T22:34:39.575+0000] {logging_mixin.py:149} INFO - [2023-05-08T22:34:39.574+0000] {dag.py:3490} INFO - Setting next_dagrun for example_branch_operator to 2023-05-07T00:00:00+00:00, run_after=2023-05-08T00:00:00+00:00
[2023-05-08T22:34:39.592+0000] {processor.py:178} INFO - Processing /home/airflow/.local/lib/python3.7/site-packages/airflow/example_dags/example_branch_operator.py took 0.093 seconds
[2023-05-08T22:35:09.661+0000] {processor.py:156} INFO - Started process (PID=1062) to work on /home/airflow/.local/lib/python3.7/site-packages/airflow/example_dags/example_branch_operator.py
[2023-05-08T22:35:09.662+0000] {processor.py:799} INFO - Processing file /home/airflow/.local/lib/python3.7/site-packages/airflow/example_dags/example_branch_operator.py for tasks to queue
[2023-05-08T22:35:09.663+0000] {logging_mixin.py:149} INFO - [2023-05-08T22:35:09.663+0000] {dagbag.py:541} INFO - Filling up the DagBag from /home/airflow/.local/lib/python3.7/site-packages/airflow/example_dags/example_branch_operator.py
[2023-05-08T22:35:09.669+0000] {processor.py:809} INFO - DAG(s) dict_keys(['example_branch_operator']) retrieved from /home/airflow/.local/lib/python3.7/site-packages/airflow/example_dags/example_branch_operator.py
[2023-05-08T22:35:09.693+0000] {logging_mixin.py:149} INFO - [2023-05-08T22:35:09.693+0000] {dag.py:2726} INFO - Sync 1 DAGs
[2023-05-08T22:35:09.713+0000] {logging_mixin.py:149} INFO - [2023-05-08T22:35:09.713+0000] {dag.py:3490} INFO - Setting next_dagrun for example_branch_operator to 2023-05-07T00:00:00+00:00, run_after=2023-05-08T00:00:00+00:00
[2023-05-08T22:35:09.728+0000] {processor.py:178} INFO - Processing /home/airflow/.local/lib/python3.7/site-packages/airflow/example_dags/example_branch_operator.py took 0.070 seconds
