[2023-05-08T20:36:10.069+0000] {processor.py:156} INFO - Started process (PID=38) to work on /home/airflow/.local/lib/python3.7/site-packages/airflow/example_dags/example_nested_branch_dag.py
[2023-05-08T20:36:10.071+0000] {processor.py:799} INFO - Processing file /home/airflow/.local/lib/python3.7/site-packages/airflow/example_dags/example_nested_branch_dag.py for tasks to queue
[2023-05-08T20:36:10.074+0000] {logging_mixin.py:149} INFO - [2023-05-08T20:36:10.074+0000] {dagbag.py:541} INFO - Filling up the DagBag from /home/airflow/.local/lib/python3.7/site-packages/airflow/example_dags/example_nested_branch_dag.py
[2023-05-08T20:36:10.095+0000] {processor.py:809} INFO - DAG(s) dict_keys(['example_nested_branch_dag']) retrieved from /home/airflow/.local/lib/python3.7/site-packages/airflow/example_dags/example_nested_branch_dag.py
[2023-05-08T20:36:10.129+0000] {logging_mixin.py:149} INFO - [2023-05-08T20:36:10.129+0000] {dag.py:2726} INFO - Sync 1 DAGs
[2023-05-08T20:36:10.169+0000] {logging_mixin.py:149} INFO - [2023-05-08T20:36:10.169+0000] {dag.py:3490} INFO - Setting next_dagrun for example_nested_branch_dag to 2023-05-07T00:00:00+00:00, run_after=2023-05-08T00:00:00+00:00
[2023-05-08T20:36:10.186+0000] {processor.py:178} INFO - Processing /home/airflow/.local/lib/python3.7/site-packages/airflow/example_dags/example_nested_branch_dag.py took 0.120 seconds
[2023-05-08T20:36:40.467+0000] {processor.py:156} INFO - Started process (PID=94) to work on /home/airflow/.local/lib/python3.7/site-packages/airflow/example_dags/example_nested_branch_dag.py
[2023-05-08T20:36:40.468+0000] {processor.py:799} INFO - Processing file /home/airflow/.local/lib/python3.7/site-packages/airflow/example_dags/example_nested_branch_dag.py for tasks to queue
[2023-05-08T20:36:40.469+0000] {logging_mixin.py:149} INFO - [2023-05-08T20:36:40.469+0000] {dagbag.py:541} INFO - Filling up the DagBag from /home/airflow/.local/lib/python3.7/site-packages/airflow/example_dags/example_nested_branch_dag.py
[2023-05-08T20:36:40.476+0000] {processor.py:809} INFO - DAG(s) dict_keys(['example_nested_branch_dag']) retrieved from /home/airflow/.local/lib/python3.7/site-packages/airflow/example_dags/example_nested_branch_dag.py
[2023-05-08T20:36:40.499+0000] {logging_mixin.py:149} INFO - [2023-05-08T20:36:40.499+0000] {dag.py:2726} INFO - Sync 1 DAGs
[2023-05-08T20:36:40.519+0000] {logging_mixin.py:149} INFO - [2023-05-08T20:36:40.519+0000] {dag.py:3490} INFO - Setting next_dagrun for example_nested_branch_dag to 2023-05-07T00:00:00+00:00, run_after=2023-05-08T00:00:00+00:00
[2023-05-08T20:36:40.532+0000] {processor.py:178} INFO - Processing /home/airflow/.local/lib/python3.7/site-packages/airflow/example_dags/example_nested_branch_dag.py took 0.067 seconds
[2023-05-08T20:37:10.780+0000] {processor.py:156} INFO - Started process (PID=150) to work on /home/airflow/.local/lib/python3.7/site-packages/airflow/example_dags/example_nested_branch_dag.py
[2023-05-08T20:37:10.781+0000] {processor.py:799} INFO - Processing file /home/airflow/.local/lib/python3.7/site-packages/airflow/example_dags/example_nested_branch_dag.py for tasks to queue
[2023-05-08T20:37:10.781+0000] {logging_mixin.py:149} INFO - [2023-05-08T20:37:10.781+0000] {dagbag.py:541} INFO - Filling up the DagBag from /home/airflow/.local/lib/python3.7/site-packages/airflow/example_dags/example_nested_branch_dag.py
[2023-05-08T20:37:10.788+0000] {processor.py:809} INFO - DAG(s) dict_keys(['example_nested_branch_dag']) retrieved from /home/airflow/.local/lib/python3.7/site-packages/airflow/example_dags/example_nested_branch_dag.py
[2023-05-08T20:37:10.814+0000] {logging_mixin.py:149} INFO - [2023-05-08T20:37:10.814+0000] {dag.py:2726} INFO - Sync 1 DAGs
[2023-05-08T20:37:10.842+0000] {logging_mixin.py:149} INFO - [2023-05-08T20:37:10.841+0000] {dag.py:3490} INFO - Setting next_dagrun for example_nested_branch_dag to 2023-05-07T00:00:00+00:00, run_after=2023-05-08T00:00:00+00:00
[2023-05-08T20:37:10.864+0000] {processor.py:178} INFO - Processing /home/airflow/.local/lib/python3.7/site-packages/airflow/example_dags/example_nested_branch_dag.py took 0.087 seconds
[2023-05-08T20:37:41.655+0000] {processor.py:156} INFO - Started process (PID=206) to work on /home/airflow/.local/lib/python3.7/site-packages/airflow/example_dags/example_nested_branch_dag.py
[2023-05-08T20:37:41.656+0000] {processor.py:799} INFO - Processing file /home/airflow/.local/lib/python3.7/site-packages/airflow/example_dags/example_nested_branch_dag.py for tasks to queue
[2023-05-08T20:37:41.657+0000] {logging_mixin.py:149} INFO - [2023-05-08T20:37:41.657+0000] {dagbag.py:541} INFO - Filling up the DagBag from /home/airflow/.local/lib/python3.7/site-packages/airflow/example_dags/example_nested_branch_dag.py
[2023-05-08T20:37:41.664+0000] {processor.py:809} INFO - DAG(s) dict_keys(['example_nested_branch_dag']) retrieved from /home/airflow/.local/lib/python3.7/site-packages/airflow/example_dags/example_nested_branch_dag.py
[2023-05-08T20:37:41.687+0000] {logging_mixin.py:149} INFO - [2023-05-08T20:37:41.687+0000] {dag.py:2726} INFO - Sync 1 DAGs
[2023-05-08T20:37:41.710+0000] {logging_mixin.py:149} INFO - [2023-05-08T20:37:41.710+0000] {dag.py:3490} INFO - Setting next_dagrun for example_nested_branch_dag to 2023-05-07T00:00:00+00:00, run_after=2023-05-08T00:00:00+00:00
[2023-05-08T20:37:41.726+0000] {processor.py:178} INFO - Processing /home/airflow/.local/lib/python3.7/site-packages/airflow/example_dags/example_nested_branch_dag.py took 0.073 seconds
[2023-05-08T20:38:12.414+0000] {processor.py:156} INFO - Started process (PID=263) to work on /home/airflow/.local/lib/python3.7/site-packages/airflow/example_dags/example_nested_branch_dag.py
[2023-05-08T20:38:12.415+0000] {processor.py:799} INFO - Processing file /home/airflow/.local/lib/python3.7/site-packages/airflow/example_dags/example_nested_branch_dag.py for tasks to queue
[2023-05-08T20:38:12.416+0000] {logging_mixin.py:149} INFO - [2023-05-08T20:38:12.416+0000] {dagbag.py:541} INFO - Filling up the DagBag from /home/airflow/.local/lib/python3.7/site-packages/airflow/example_dags/example_nested_branch_dag.py
[2023-05-08T20:38:12.422+0000] {processor.py:809} INFO - DAG(s) dict_keys(['example_nested_branch_dag']) retrieved from /home/airflow/.local/lib/python3.7/site-packages/airflow/example_dags/example_nested_branch_dag.py
[2023-05-08T20:38:12.445+0000] {logging_mixin.py:149} INFO - [2023-05-08T20:38:12.445+0000] {dag.py:2726} INFO - Sync 1 DAGs
[2023-05-08T20:38:12.468+0000] {logging_mixin.py:149} INFO - [2023-05-08T20:38:12.468+0000] {dag.py:3490} INFO - Setting next_dagrun for example_nested_branch_dag to 2023-05-07T00:00:00+00:00, run_after=2023-05-08T00:00:00+00:00
[2023-05-08T20:38:12.484+0000] {processor.py:178} INFO - Processing /home/airflow/.local/lib/python3.7/site-packages/airflow/example_dags/example_nested_branch_dag.py took 0.072 seconds
[2023-05-08T20:38:43.117+0000] {processor.py:156} INFO - Started process (PID=319) to work on /home/airflow/.local/lib/python3.7/site-packages/airflow/example_dags/example_nested_branch_dag.py
[2023-05-08T20:38:43.118+0000] {processor.py:799} INFO - Processing file /home/airflow/.local/lib/python3.7/site-packages/airflow/example_dags/example_nested_branch_dag.py for tasks to queue
[2023-05-08T20:38:43.119+0000] {logging_mixin.py:149} INFO - [2023-05-08T20:38:43.119+0000] {dagbag.py:541} INFO - Filling up the DagBag from /home/airflow/.local/lib/python3.7/site-packages/airflow/example_dags/example_nested_branch_dag.py
[2023-05-08T20:38:43.125+0000] {processor.py:809} INFO - DAG(s) dict_keys(['example_nested_branch_dag']) retrieved from /home/airflow/.local/lib/python3.7/site-packages/airflow/example_dags/example_nested_branch_dag.py
[2023-05-08T20:38:43.148+0000] {logging_mixin.py:149} INFO - [2023-05-08T20:38:43.148+0000] {dag.py:2726} INFO - Sync 1 DAGs
[2023-05-08T20:38:43.167+0000] {logging_mixin.py:149} INFO - [2023-05-08T20:38:43.167+0000] {dag.py:3490} INFO - Setting next_dagrun for example_nested_branch_dag to 2023-05-07T00:00:00+00:00, run_after=2023-05-08T00:00:00+00:00
[2023-05-08T20:38:43.180+0000] {processor.py:178} INFO - Processing /home/airflow/.local/lib/python3.7/site-packages/airflow/example_dags/example_nested_branch_dag.py took 0.065 seconds
[2023-05-08T20:39:13.706+0000] {processor.py:156} INFO - Started process (PID=375) to work on /home/airflow/.local/lib/python3.7/site-packages/airflow/example_dags/example_nested_branch_dag.py
[2023-05-08T20:39:13.707+0000] {processor.py:799} INFO - Processing file /home/airflow/.local/lib/python3.7/site-packages/airflow/example_dags/example_nested_branch_dag.py for tasks to queue
[2023-05-08T20:39:13.708+0000] {logging_mixin.py:149} INFO - [2023-05-08T20:39:13.708+0000] {dagbag.py:541} INFO - Filling up the DagBag from /home/airflow/.local/lib/python3.7/site-packages/airflow/example_dags/example_nested_branch_dag.py
[2023-05-08T20:39:13.714+0000] {processor.py:809} INFO - DAG(s) dict_keys(['example_nested_branch_dag']) retrieved from /home/airflow/.local/lib/python3.7/site-packages/airflow/example_dags/example_nested_branch_dag.py
[2023-05-08T20:39:13.738+0000] {logging_mixin.py:149} INFO - [2023-05-08T20:39:13.738+0000] {dag.py:2726} INFO - Sync 1 DAGs
[2023-05-08T20:39:13.758+0000] {logging_mixin.py:149} INFO - [2023-05-08T20:39:13.758+0000] {dag.py:3490} INFO - Setting next_dagrun for example_nested_branch_dag to 2023-05-07T00:00:00+00:00, run_after=2023-05-08T00:00:00+00:00
[2023-05-08T20:39:13.771+0000] {processor.py:178} INFO - Processing /home/airflow/.local/lib/python3.7/site-packages/airflow/example_dags/example_nested_branch_dag.py took 0.067 seconds
[2023-05-08T20:39:44.247+0000] {processor.py:156} INFO - Started process (PID=430) to work on /home/airflow/.local/lib/python3.7/site-packages/airflow/example_dags/example_nested_branch_dag.py
[2023-05-08T20:39:44.248+0000] {processor.py:799} INFO - Processing file /home/airflow/.local/lib/python3.7/site-packages/airflow/example_dags/example_nested_branch_dag.py for tasks to queue
[2023-05-08T20:39:44.248+0000] {logging_mixin.py:149} INFO - [2023-05-08T20:39:44.248+0000] {dagbag.py:541} INFO - Filling up the DagBag from /home/airflow/.local/lib/python3.7/site-packages/airflow/example_dags/example_nested_branch_dag.py
[2023-05-08T20:39:44.255+0000] {processor.py:809} INFO - DAG(s) dict_keys(['example_nested_branch_dag']) retrieved from /home/airflow/.local/lib/python3.7/site-packages/airflow/example_dags/example_nested_branch_dag.py
[2023-05-08T20:39:44.278+0000] {logging_mixin.py:149} INFO - [2023-05-08T20:39:44.278+0000] {dag.py:2726} INFO - Sync 1 DAGs
[2023-05-08T20:39:44.298+0000] {logging_mixin.py:149} INFO - [2023-05-08T20:39:44.298+0000] {dag.py:3490} INFO - Setting next_dagrun for example_nested_branch_dag to 2023-05-07T00:00:00+00:00, run_after=2023-05-08T00:00:00+00:00
[2023-05-08T20:39:44.311+0000] {processor.py:178} INFO - Processing /home/airflow/.local/lib/python3.7/site-packages/airflow/example_dags/example_nested_branch_dag.py took 0.067 seconds
[2023-05-08T22:15:45.521+0000] {processor.py:156} INFO - Started process (PID=38) to work on /home/airflow/.local/lib/python3.7/site-packages/airflow/example_dags/example_nested_branch_dag.py
[2023-05-08T22:15:45.522+0000] {processor.py:799} INFO - Processing file /home/airflow/.local/lib/python3.7/site-packages/airflow/example_dags/example_nested_branch_dag.py for tasks to queue
[2023-05-08T22:15:45.523+0000] {logging_mixin.py:149} INFO - [2023-05-08T22:15:45.523+0000] {dagbag.py:541} INFO - Filling up the DagBag from /home/airflow/.local/lib/python3.7/site-packages/airflow/example_dags/example_nested_branch_dag.py
[2023-05-08T22:15:45.533+0000] {processor.py:809} INFO - DAG(s) dict_keys(['example_nested_branch_dag']) retrieved from /home/airflow/.local/lib/python3.7/site-packages/airflow/example_dags/example_nested_branch_dag.py
[2023-05-08T22:15:45.556+0000] {logging_mixin.py:149} INFO - [2023-05-08T22:15:45.556+0000] {dag.py:2726} INFO - Sync 1 DAGs
[2023-05-08T22:15:45.597+0000] {logging_mixin.py:149} INFO - [2023-05-08T22:15:45.597+0000] {dag.py:3490} INFO - Setting next_dagrun for example_nested_branch_dag to 2023-05-07T00:00:00+00:00, run_after=2023-05-08T00:00:00+00:00
[2023-05-08T22:15:45.619+0000] {processor.py:178} INFO - Processing /home/airflow/.local/lib/python3.7/site-packages/airflow/example_dags/example_nested_branch_dag.py took 0.101 seconds
[2023-05-08T22:16:15.722+0000] {processor.py:156} INFO - Started process (PID=95) to work on /home/airflow/.local/lib/python3.7/site-packages/airflow/example_dags/example_nested_branch_dag.py
[2023-05-08T22:16:15.723+0000] {processor.py:799} INFO - Processing file /home/airflow/.local/lib/python3.7/site-packages/airflow/example_dags/example_nested_branch_dag.py for tasks to queue
[2023-05-08T22:16:15.723+0000] {logging_mixin.py:149} INFO - [2023-05-08T22:16:15.723+0000] {dagbag.py:541} INFO - Filling up the DagBag from /home/airflow/.local/lib/python3.7/site-packages/airflow/example_dags/example_nested_branch_dag.py
[2023-05-08T22:16:15.730+0000] {processor.py:809} INFO - DAG(s) dict_keys(['example_nested_branch_dag']) retrieved from /home/airflow/.local/lib/python3.7/site-packages/airflow/example_dags/example_nested_branch_dag.py
[2023-05-08T22:16:15.751+0000] {logging_mixin.py:149} INFO - [2023-05-08T22:16:15.751+0000] {dag.py:2726} INFO - Sync 1 DAGs
[2023-05-08T22:16:15.771+0000] {logging_mixin.py:149} INFO - [2023-05-08T22:16:15.771+0000] {dag.py:3490} INFO - Setting next_dagrun for example_nested_branch_dag to 2023-05-07T00:00:00+00:00, run_after=2023-05-08T00:00:00+00:00
[2023-05-08T22:16:15.785+0000] {processor.py:178} INFO - Processing /home/airflow/.local/lib/python3.7/site-packages/airflow/example_dags/example_nested_branch_dag.py took 0.065 seconds
[2023-05-08T22:16:45.916+0000] {processor.py:156} INFO - Started process (PID=152) to work on /home/airflow/.local/lib/python3.7/site-packages/airflow/example_dags/example_nested_branch_dag.py
[2023-05-08T22:16:45.918+0000] {processor.py:799} INFO - Processing file /home/airflow/.local/lib/python3.7/site-packages/airflow/example_dags/example_nested_branch_dag.py for tasks to queue
[2023-05-08T22:16:45.919+0000] {logging_mixin.py:149} INFO - [2023-05-08T22:16:45.918+0000] {dagbag.py:541} INFO - Filling up the DagBag from /home/airflow/.local/lib/python3.7/site-packages/airflow/example_dags/example_nested_branch_dag.py
[2023-05-08T22:16:45.926+0000] {processor.py:809} INFO - DAG(s) dict_keys(['example_nested_branch_dag']) retrieved from /home/airflow/.local/lib/python3.7/site-packages/airflow/example_dags/example_nested_branch_dag.py
[2023-05-08T22:16:45.949+0000] {logging_mixin.py:149} INFO - [2023-05-08T22:16:45.949+0000] {dag.py:2726} INFO - Sync 1 DAGs
[2023-05-08T22:16:45.969+0000] {logging_mixin.py:149} INFO - [2023-05-08T22:16:45.969+0000] {dag.py:3490} INFO - Setting next_dagrun for example_nested_branch_dag to 2023-05-07T00:00:00+00:00, run_after=2023-05-08T00:00:00+00:00
[2023-05-08T22:16:45.983+0000] {processor.py:178} INFO - Processing /home/airflow/.local/lib/python3.7/site-packages/airflow/example_dags/example_nested_branch_dag.py took 0.069 seconds
[2023-05-08T22:17:16.781+0000] {processor.py:156} INFO - Started process (PID=209) to work on /home/airflow/.local/lib/python3.7/site-packages/airflow/example_dags/example_nested_branch_dag.py
[2023-05-08T22:17:16.782+0000] {processor.py:799} INFO - Processing file /home/airflow/.local/lib/python3.7/site-packages/airflow/example_dags/example_nested_branch_dag.py for tasks to queue
[2023-05-08T22:17:16.782+0000] {logging_mixin.py:149} INFO - [2023-05-08T22:17:16.782+0000] {dagbag.py:541} INFO - Filling up the DagBag from /home/airflow/.local/lib/python3.7/site-packages/airflow/example_dags/example_nested_branch_dag.py
[2023-05-08T22:17:16.789+0000] {processor.py:809} INFO - DAG(s) dict_keys(['example_nested_branch_dag']) retrieved from /home/airflow/.local/lib/python3.7/site-packages/airflow/example_dags/example_nested_branch_dag.py
[2023-05-08T22:17:16.811+0000] {logging_mixin.py:149} INFO - [2023-05-08T22:17:16.811+0000] {dag.py:2726} INFO - Sync 1 DAGs
[2023-05-08T22:17:16.831+0000] {logging_mixin.py:149} INFO - [2023-05-08T22:17:16.831+0000] {dag.py:3490} INFO - Setting next_dagrun for example_nested_branch_dag to 2023-05-07T00:00:00+00:00, run_after=2023-05-08T00:00:00+00:00
[2023-05-08T22:17:16.846+0000] {processor.py:178} INFO - Processing /home/airflow/.local/lib/python3.7/site-packages/airflow/example_dags/example_nested_branch_dag.py took 0.068 seconds
[2023-05-08T22:17:47.757+0000] {processor.py:156} INFO - Started process (PID=266) to work on /home/airflow/.local/lib/python3.7/site-packages/airflow/example_dags/example_nested_branch_dag.py
[2023-05-08T22:17:47.758+0000] {processor.py:799} INFO - Processing file /home/airflow/.local/lib/python3.7/site-packages/airflow/example_dags/example_nested_branch_dag.py for tasks to queue
[2023-05-08T22:17:47.759+0000] {logging_mixin.py:149} INFO - [2023-05-08T22:17:47.759+0000] {dagbag.py:541} INFO - Filling up the DagBag from /home/airflow/.local/lib/python3.7/site-packages/airflow/example_dags/example_nested_branch_dag.py
[2023-05-08T22:17:47.766+0000] {processor.py:809} INFO - DAG(s) dict_keys(['example_nested_branch_dag']) retrieved from /home/airflow/.local/lib/python3.7/site-packages/airflow/example_dags/example_nested_branch_dag.py
[2023-05-08T22:17:47.788+0000] {logging_mixin.py:149} INFO - [2023-05-08T22:17:47.788+0000] {dag.py:2726} INFO - Sync 1 DAGs
[2023-05-08T22:17:47.809+0000] {logging_mixin.py:149} INFO - [2023-05-08T22:17:47.809+0000] {dag.py:3490} INFO - Setting next_dagrun for example_nested_branch_dag to 2023-05-07T00:00:00+00:00, run_after=2023-05-08T00:00:00+00:00
[2023-05-08T22:17:47.823+0000] {processor.py:178} INFO - Processing /home/airflow/.local/lib/python3.7/site-packages/airflow/example_dags/example_nested_branch_dag.py took 0.068 seconds
[2023-05-08T22:18:18.471+0000] {processor.py:156} INFO - Started process (PID=323) to work on /home/airflow/.local/lib/python3.7/site-packages/airflow/example_dags/example_nested_branch_dag.py
[2023-05-08T22:18:18.472+0000] {processor.py:799} INFO - Processing file /home/airflow/.local/lib/python3.7/site-packages/airflow/example_dags/example_nested_branch_dag.py for tasks to queue
[2023-05-08T22:18:18.473+0000] {logging_mixin.py:149} INFO - [2023-05-08T22:18:18.472+0000] {dagbag.py:541} INFO - Filling up the DagBag from /home/airflow/.local/lib/python3.7/site-packages/airflow/example_dags/example_nested_branch_dag.py
[2023-05-08T22:18:18.479+0000] {processor.py:809} INFO - DAG(s) dict_keys(['example_nested_branch_dag']) retrieved from /home/airflow/.local/lib/python3.7/site-packages/airflow/example_dags/example_nested_branch_dag.py
[2023-05-08T22:18:18.503+0000] {logging_mixin.py:149} INFO - [2023-05-08T22:18:18.503+0000] {dag.py:2726} INFO - Sync 1 DAGs
[2023-05-08T22:18:18.523+0000] {logging_mixin.py:149} INFO - [2023-05-08T22:18:18.523+0000] {dag.py:3490} INFO - Setting next_dagrun for example_nested_branch_dag to 2023-05-07T00:00:00+00:00, run_after=2023-05-08T00:00:00+00:00
[2023-05-08T22:18:18.537+0000] {processor.py:178} INFO - Processing /home/airflow/.local/lib/python3.7/site-packages/airflow/example_dags/example_nested_branch_dag.py took 0.069 seconds
[2023-05-08T22:18:49.547+0000] {processor.py:156} INFO - Started process (PID=380) to work on /home/airflow/.local/lib/python3.7/site-packages/airflow/example_dags/example_nested_branch_dag.py
[2023-05-08T22:18:49.548+0000] {processor.py:799} INFO - Processing file /home/airflow/.local/lib/python3.7/site-packages/airflow/example_dags/example_nested_branch_dag.py for tasks to queue
[2023-05-08T22:18:49.549+0000] {logging_mixin.py:149} INFO - [2023-05-08T22:18:49.549+0000] {dagbag.py:541} INFO - Filling up the DagBag from /home/airflow/.local/lib/python3.7/site-packages/airflow/example_dags/example_nested_branch_dag.py
[2023-05-08T22:18:49.556+0000] {processor.py:809} INFO - DAG(s) dict_keys(['example_nested_branch_dag']) retrieved from /home/airflow/.local/lib/python3.7/site-packages/airflow/example_dags/example_nested_branch_dag.py
[2023-05-08T22:18:49.579+0000] {logging_mixin.py:149} INFO - [2023-05-08T22:18:49.579+0000] {dag.py:2726} INFO - Sync 1 DAGs
[2023-05-08T22:18:49.600+0000] {logging_mixin.py:149} INFO - [2023-05-08T22:18:49.600+0000] {dag.py:3490} INFO - Setting next_dagrun for example_nested_branch_dag to 2023-05-07T00:00:00+00:00, run_after=2023-05-08T00:00:00+00:00
[2023-05-08T22:18:49.616+0000] {processor.py:178} INFO - Processing /home/airflow/.local/lib/python3.7/site-packages/airflow/example_dags/example_nested_branch_dag.py took 0.071 seconds
[2023-05-08T22:19:20.506+0000] {processor.py:156} INFO - Started process (PID=437) to work on /home/airflow/.local/lib/python3.7/site-packages/airflow/example_dags/example_nested_branch_dag.py
[2023-05-08T22:19:20.507+0000] {processor.py:799} INFO - Processing file /home/airflow/.local/lib/python3.7/site-packages/airflow/example_dags/example_nested_branch_dag.py for tasks to queue
[2023-05-08T22:19:20.507+0000] {logging_mixin.py:149} INFO - [2023-05-08T22:19:20.507+0000] {dagbag.py:541} INFO - Filling up the DagBag from /home/airflow/.local/lib/python3.7/site-packages/airflow/example_dags/example_nested_branch_dag.py
[2023-05-08T22:19:20.514+0000] {processor.py:809} INFO - DAG(s) dict_keys(['example_nested_branch_dag']) retrieved from /home/airflow/.local/lib/python3.7/site-packages/airflow/example_dags/example_nested_branch_dag.py
[2023-05-08T22:19:20.538+0000] {logging_mixin.py:149} INFO - [2023-05-08T22:19:20.538+0000] {dag.py:2726} INFO - Sync 1 DAGs
[2023-05-08T22:19:20.558+0000] {logging_mixin.py:149} INFO - [2023-05-08T22:19:20.558+0000] {dag.py:3490} INFO - Setting next_dagrun for example_nested_branch_dag to 2023-05-07T00:00:00+00:00, run_after=2023-05-08T00:00:00+00:00
[2023-05-08T22:19:20.571+0000] {processor.py:178} INFO - Processing /home/airflow/.local/lib/python3.7/site-packages/airflow/example_dags/example_nested_branch_dag.py took 0.069 seconds
[2023-05-08T22:19:51.224+0000] {processor.py:156} INFO - Started process (PID=494) to work on /home/airflow/.local/lib/python3.7/site-packages/airflow/example_dags/example_nested_branch_dag.py
[2023-05-08T22:19:51.225+0000] {processor.py:799} INFO - Processing file /home/airflow/.local/lib/python3.7/site-packages/airflow/example_dags/example_nested_branch_dag.py for tasks to queue
[2023-05-08T22:19:51.225+0000] {logging_mixin.py:149} INFO - [2023-05-08T22:19:51.225+0000] {dagbag.py:541} INFO - Filling up the DagBag from /home/airflow/.local/lib/python3.7/site-packages/airflow/example_dags/example_nested_branch_dag.py
[2023-05-08T22:19:51.232+0000] {processor.py:809} INFO - DAG(s) dict_keys(['example_nested_branch_dag']) retrieved from /home/airflow/.local/lib/python3.7/site-packages/airflow/example_dags/example_nested_branch_dag.py
[2023-05-08T22:19:51.253+0000] {logging_mixin.py:149} INFO - [2023-05-08T22:19:51.253+0000] {dag.py:2726} INFO - Sync 1 DAGs
[2023-05-08T22:19:51.273+0000] {logging_mixin.py:149} INFO - [2023-05-08T22:19:51.273+0000] {dag.py:3490} INFO - Setting next_dagrun for example_nested_branch_dag to 2023-05-07T00:00:00+00:00, run_after=2023-05-08T00:00:00+00:00
[2023-05-08T22:19:51.290+0000] {processor.py:178} INFO - Processing /home/airflow/.local/lib/python3.7/site-packages/airflow/example_dags/example_nested_branch_dag.py took 0.068 seconds
[2023-05-08T22:20:21.954+0000] {processor.py:156} INFO - Started process (PID=552) to work on /home/airflow/.local/lib/python3.7/site-packages/airflow/example_dags/example_nested_branch_dag.py
[2023-05-08T22:20:21.955+0000] {processor.py:799} INFO - Processing file /home/airflow/.local/lib/python3.7/site-packages/airflow/example_dags/example_nested_branch_dag.py for tasks to queue
[2023-05-08T22:20:21.956+0000] {logging_mixin.py:149} INFO - [2023-05-08T22:20:21.956+0000] {dagbag.py:541} INFO - Filling up the DagBag from /home/airflow/.local/lib/python3.7/site-packages/airflow/example_dags/example_nested_branch_dag.py
[2023-05-08T22:20:21.963+0000] {processor.py:809} INFO - DAG(s) dict_keys(['example_nested_branch_dag']) retrieved from /home/airflow/.local/lib/python3.7/site-packages/airflow/example_dags/example_nested_branch_dag.py
[2023-05-08T22:20:21.988+0000] {logging_mixin.py:149} INFO - [2023-05-08T22:20:21.988+0000] {dag.py:2726} INFO - Sync 1 DAGs
[2023-05-08T22:20:22.009+0000] {logging_mixin.py:149} INFO - [2023-05-08T22:20:22.009+0000] {dag.py:3490} INFO - Setting next_dagrun for example_nested_branch_dag to 2023-05-07T00:00:00+00:00, run_after=2023-05-08T00:00:00+00:00
[2023-05-08T22:20:22.022+0000] {processor.py:178} INFO - Processing /home/airflow/.local/lib/python3.7/site-packages/airflow/example_dags/example_nested_branch_dag.py took 0.071 seconds
[2023-05-08T22:20:52.789+0000] {processor.py:156} INFO - Started process (PID=609) to work on /home/airflow/.local/lib/python3.7/site-packages/airflow/example_dags/example_nested_branch_dag.py
[2023-05-08T22:20:52.790+0000] {processor.py:799} INFO - Processing file /home/airflow/.local/lib/python3.7/site-packages/airflow/example_dags/example_nested_branch_dag.py for tasks to queue
[2023-05-08T22:20:52.790+0000] {logging_mixin.py:149} INFO - [2023-05-08T22:20:52.790+0000] {dagbag.py:541} INFO - Filling up the DagBag from /home/airflow/.local/lib/python3.7/site-packages/airflow/example_dags/example_nested_branch_dag.py
[2023-05-08T22:20:52.797+0000] {processor.py:809} INFO - DAG(s) dict_keys(['example_nested_branch_dag']) retrieved from /home/airflow/.local/lib/python3.7/site-packages/airflow/example_dags/example_nested_branch_dag.py
[2023-05-08T22:20:52.818+0000] {logging_mixin.py:149} INFO - [2023-05-08T22:20:52.818+0000] {dag.py:2726} INFO - Sync 1 DAGs
[2023-05-08T22:20:52.838+0000] {logging_mixin.py:149} INFO - [2023-05-08T22:20:52.838+0000] {dag.py:3490} INFO - Setting next_dagrun for example_nested_branch_dag to 2023-05-07T00:00:00+00:00, run_after=2023-05-08T00:00:00+00:00
[2023-05-08T22:20:52.851+0000] {processor.py:178} INFO - Processing /home/airflow/.local/lib/python3.7/site-packages/airflow/example_dags/example_nested_branch_dag.py took 0.065 seconds
[2023-05-08T22:21:23.668+0000] {processor.py:156} INFO - Started process (PID=666) to work on /home/airflow/.local/lib/python3.7/site-packages/airflow/example_dags/example_nested_branch_dag.py
[2023-05-08T22:21:23.670+0000] {processor.py:799} INFO - Processing file /home/airflow/.local/lib/python3.7/site-packages/airflow/example_dags/example_nested_branch_dag.py for tasks to queue
[2023-05-08T22:21:23.670+0000] {logging_mixin.py:149} INFO - [2023-05-08T22:21:23.670+0000] {dagbag.py:541} INFO - Filling up the DagBag from /home/airflow/.local/lib/python3.7/site-packages/airflow/example_dags/example_nested_branch_dag.py
[2023-05-08T22:21:23.677+0000] {processor.py:809} INFO - DAG(s) dict_keys(['example_nested_branch_dag']) retrieved from /home/airflow/.local/lib/python3.7/site-packages/airflow/example_dags/example_nested_branch_dag.py
[2023-05-08T22:21:23.701+0000] {logging_mixin.py:149} INFO - [2023-05-08T22:21:23.701+0000] {dag.py:2726} INFO - Sync 1 DAGs
[2023-05-08T22:21:23.722+0000] {logging_mixin.py:149} INFO - [2023-05-08T22:21:23.722+0000] {dag.py:3490} INFO - Setting next_dagrun for example_nested_branch_dag to 2023-05-07T00:00:00+00:00, run_after=2023-05-08T00:00:00+00:00
[2023-05-08T22:21:23.735+0000] {processor.py:178} INFO - Processing /home/airflow/.local/lib/python3.7/site-packages/airflow/example_dags/example_nested_branch_dag.py took 0.069 seconds
[2023-05-08T22:22:06.996+0000] {processor.py:156} INFO - Started process (PID=39) to work on /home/airflow/.local/lib/python3.7/site-packages/airflow/example_dags/example_nested_branch_dag.py
[2023-05-08T22:22:06.997+0000] {processor.py:799} INFO - Processing file /home/airflow/.local/lib/python3.7/site-packages/airflow/example_dags/example_nested_branch_dag.py for tasks to queue
[2023-05-08T22:22:06.998+0000] {logging_mixin.py:149} INFO - [2023-05-08T22:22:06.997+0000] {dagbag.py:541} INFO - Filling up the DagBag from /home/airflow/.local/lib/python3.7/site-packages/airflow/example_dags/example_nested_branch_dag.py
[2023-05-08T22:22:07.006+0000] {processor.py:809} INFO - DAG(s) dict_keys(['example_nested_branch_dag']) retrieved from /home/airflow/.local/lib/python3.7/site-packages/airflow/example_dags/example_nested_branch_dag.py
[2023-05-08T22:22:07.026+0000] {logging_mixin.py:149} INFO - [2023-05-08T22:22:07.026+0000] {dag.py:2726} INFO - Sync 1 DAGs
[2023-05-08T22:22:07.055+0000] {logging_mixin.py:149} INFO - [2023-05-08T22:22:07.055+0000] {dag.py:3490} INFO - Setting next_dagrun for example_nested_branch_dag to 2023-05-07T00:00:00+00:00, run_after=2023-05-08T00:00:00+00:00
[2023-05-08T22:22:07.074+0000] {processor.py:178} INFO - Processing /home/airflow/.local/lib/python3.7/site-packages/airflow/example_dags/example_nested_branch_dag.py took 0.088 seconds
[2023-05-08T22:22:37.318+0000] {processor.py:156} INFO - Started process (PID=96) to work on /home/airflow/.local/lib/python3.7/site-packages/airflow/example_dags/example_nested_branch_dag.py
[2023-05-08T22:22:37.319+0000] {processor.py:799} INFO - Processing file /home/airflow/.local/lib/python3.7/site-packages/airflow/example_dags/example_nested_branch_dag.py for tasks to queue
[2023-05-08T22:22:37.319+0000] {logging_mixin.py:149} INFO - [2023-05-08T22:22:37.319+0000] {dagbag.py:541} INFO - Filling up the DagBag from /home/airflow/.local/lib/python3.7/site-packages/airflow/example_dags/example_nested_branch_dag.py
[2023-05-08T22:22:37.327+0000] {processor.py:809} INFO - DAG(s) dict_keys(['example_nested_branch_dag']) retrieved from /home/airflow/.local/lib/python3.7/site-packages/airflow/example_dags/example_nested_branch_dag.py
[2023-05-08T22:22:37.363+0000] {logging_mixin.py:149} INFO - [2023-05-08T22:22:37.362+0000] {dag.py:2726} INFO - Sync 1 DAGs
[2023-05-08T22:22:37.388+0000] {logging_mixin.py:149} INFO - [2023-05-08T22:22:37.388+0000] {dag.py:3490} INFO - Setting next_dagrun for example_nested_branch_dag to 2023-05-07T00:00:00+00:00, run_after=2023-05-08T00:00:00+00:00
[2023-05-08T22:22:37.403+0000] {processor.py:178} INFO - Processing /home/airflow/.local/lib/python3.7/site-packages/airflow/example_dags/example_nested_branch_dag.py took 0.088 seconds
[2023-05-08T22:23:07.512+0000] {processor.py:156} INFO - Started process (PID=153) to work on /home/airflow/.local/lib/python3.7/site-packages/airflow/example_dags/example_nested_branch_dag.py
[2023-05-08T22:23:07.513+0000] {processor.py:799} INFO - Processing file /home/airflow/.local/lib/python3.7/site-packages/airflow/example_dags/example_nested_branch_dag.py for tasks to queue
[2023-05-08T22:23:07.514+0000] {logging_mixin.py:149} INFO - [2023-05-08T22:23:07.514+0000] {dagbag.py:541} INFO - Filling up the DagBag from /home/airflow/.local/lib/python3.7/site-packages/airflow/example_dags/example_nested_branch_dag.py
[2023-05-08T22:23:07.521+0000] {processor.py:809} INFO - DAG(s) dict_keys(['example_nested_branch_dag']) retrieved from /home/airflow/.local/lib/python3.7/site-packages/airflow/example_dags/example_nested_branch_dag.py
[2023-05-08T22:23:07.545+0000] {logging_mixin.py:149} INFO - [2023-05-08T22:23:07.545+0000] {dag.py:2726} INFO - Sync 1 DAGs
[2023-05-08T22:23:07.567+0000] {logging_mixin.py:149} INFO - [2023-05-08T22:23:07.567+0000] {dag.py:3490} INFO - Setting next_dagrun for example_nested_branch_dag to 2023-05-07T00:00:00+00:00, run_after=2023-05-08T00:00:00+00:00
[2023-05-08T22:23:07.582+0000] {processor.py:178} INFO - Processing /home/airflow/.local/lib/python3.7/site-packages/airflow/example_dags/example_nested_branch_dag.py took 0.072 seconds
[2023-05-08T22:23:38.503+0000] {processor.py:156} INFO - Started process (PID=210) to work on /home/airflow/.local/lib/python3.7/site-packages/airflow/example_dags/example_nested_branch_dag.py
[2023-05-08T22:23:38.505+0000] {processor.py:799} INFO - Processing file /home/airflow/.local/lib/python3.7/site-packages/airflow/example_dags/example_nested_branch_dag.py for tasks to queue
[2023-05-08T22:23:38.505+0000] {logging_mixin.py:149} INFO - [2023-05-08T22:23:38.505+0000] {dagbag.py:541} INFO - Filling up the DagBag from /home/airflow/.local/lib/python3.7/site-packages/airflow/example_dags/example_nested_branch_dag.py
[2023-05-08T22:23:38.512+0000] {processor.py:809} INFO - DAG(s) dict_keys(['example_nested_branch_dag']) retrieved from /home/airflow/.local/lib/python3.7/site-packages/airflow/example_dags/example_nested_branch_dag.py
[2023-05-08T22:23:38.541+0000] {logging_mixin.py:149} INFO - [2023-05-08T22:23:38.541+0000] {dag.py:2726} INFO - Sync 1 DAGs
[2023-05-08T22:23:38.562+0000] {logging_mixin.py:149} INFO - [2023-05-08T22:23:38.562+0000] {dag.py:3490} INFO - Setting next_dagrun for example_nested_branch_dag to 2023-05-07T00:00:00+00:00, run_after=2023-05-08T00:00:00+00:00
[2023-05-08T22:23:38.575+0000] {processor.py:178} INFO - Processing /home/airflow/.local/lib/python3.7/site-packages/airflow/example_dags/example_nested_branch_dag.py took 0.074 seconds
[2023-05-08T22:24:09.273+0000] {processor.py:156} INFO - Started process (PID=267) to work on /home/airflow/.local/lib/python3.7/site-packages/airflow/example_dags/example_nested_branch_dag.py
[2023-05-08T22:24:09.274+0000] {processor.py:799} INFO - Processing file /home/airflow/.local/lib/python3.7/site-packages/airflow/example_dags/example_nested_branch_dag.py for tasks to queue
[2023-05-08T22:24:09.275+0000] {logging_mixin.py:149} INFO - [2023-05-08T22:24:09.275+0000] {dagbag.py:541} INFO - Filling up the DagBag from /home/airflow/.local/lib/python3.7/site-packages/airflow/example_dags/example_nested_branch_dag.py
[2023-05-08T22:24:09.282+0000] {processor.py:809} INFO - DAG(s) dict_keys(['example_nested_branch_dag']) retrieved from /home/airflow/.local/lib/python3.7/site-packages/airflow/example_dags/example_nested_branch_dag.py
[2023-05-08T22:24:09.304+0000] {logging_mixin.py:149} INFO - [2023-05-08T22:24:09.304+0000] {dag.py:2726} INFO - Sync 1 DAGs
[2023-05-08T22:24:09.328+0000] {logging_mixin.py:149} INFO - [2023-05-08T22:24:09.328+0000] {dag.py:3490} INFO - Setting next_dagrun for example_nested_branch_dag to 2023-05-07T00:00:00+00:00, run_after=2023-05-08T00:00:00+00:00
[2023-05-08T22:24:09.356+0000] {processor.py:178} INFO - Processing /home/airflow/.local/lib/python3.7/site-packages/airflow/example_dags/example_nested_branch_dag.py took 0.085 seconds
[2023-05-08T22:24:40.033+0000] {processor.py:156} INFO - Started process (PID=324) to work on /home/airflow/.local/lib/python3.7/site-packages/airflow/example_dags/example_nested_branch_dag.py
[2023-05-08T22:24:40.034+0000] {processor.py:799} INFO - Processing file /home/airflow/.local/lib/python3.7/site-packages/airflow/example_dags/example_nested_branch_dag.py for tasks to queue
[2023-05-08T22:24:40.035+0000] {logging_mixin.py:149} INFO - [2023-05-08T22:24:40.035+0000] {dagbag.py:541} INFO - Filling up the DagBag from /home/airflow/.local/lib/python3.7/site-packages/airflow/example_dags/example_nested_branch_dag.py
[2023-05-08T22:24:40.041+0000] {processor.py:809} INFO - DAG(s) dict_keys(['example_nested_branch_dag']) retrieved from /home/airflow/.local/lib/python3.7/site-packages/airflow/example_dags/example_nested_branch_dag.py
[2023-05-08T22:24:40.063+0000] {logging_mixin.py:149} INFO - [2023-05-08T22:24:40.063+0000] {dag.py:2726} INFO - Sync 1 DAGs
[2023-05-08T22:24:40.083+0000] {logging_mixin.py:149} INFO - [2023-05-08T22:24:40.083+0000] {dag.py:3490} INFO - Setting next_dagrun for example_nested_branch_dag to 2023-05-07T00:00:00+00:00, run_after=2023-05-08T00:00:00+00:00
[2023-05-08T22:24:40.098+0000] {processor.py:178} INFO - Processing /home/airflow/.local/lib/python3.7/site-packages/airflow/example_dags/example_nested_branch_dag.py took 0.067 seconds
[2023-05-08T22:25:10.750+0000] {processor.py:156} INFO - Started process (PID=381) to work on /home/airflow/.local/lib/python3.7/site-packages/airflow/example_dags/example_nested_branch_dag.py
[2023-05-08T22:25:10.751+0000] {processor.py:799} INFO - Processing file /home/airflow/.local/lib/python3.7/site-packages/airflow/example_dags/example_nested_branch_dag.py for tasks to queue
[2023-05-08T22:25:10.751+0000] {logging_mixin.py:149} INFO - [2023-05-08T22:25:10.751+0000] {dagbag.py:541} INFO - Filling up the DagBag from /home/airflow/.local/lib/python3.7/site-packages/airflow/example_dags/example_nested_branch_dag.py
[2023-05-08T22:25:10.757+0000] {processor.py:809} INFO - DAG(s) dict_keys(['example_nested_branch_dag']) retrieved from /home/airflow/.local/lib/python3.7/site-packages/airflow/example_dags/example_nested_branch_dag.py
[2023-05-08T22:25:10.779+0000] {logging_mixin.py:149} INFO - [2023-05-08T22:25:10.779+0000] {dag.py:2726} INFO - Sync 1 DAGs
[2023-05-08T22:25:10.799+0000] {logging_mixin.py:149} INFO - [2023-05-08T22:25:10.799+0000] {dag.py:3490} INFO - Setting next_dagrun for example_nested_branch_dag to 2023-05-07T00:00:00+00:00, run_after=2023-05-08T00:00:00+00:00
[2023-05-08T22:25:10.814+0000] {processor.py:178} INFO - Processing /home/airflow/.local/lib/python3.7/site-packages/airflow/example_dags/example_nested_branch_dag.py took 0.067 seconds
[2023-05-08T22:25:58.428+0000] {processor.py:156} INFO - Started process (PID=39) to work on /home/airflow/.local/lib/python3.7/site-packages/airflow/example_dags/example_nested_branch_dag.py
[2023-05-08T22:25:58.429+0000] {processor.py:799} INFO - Processing file /home/airflow/.local/lib/python3.7/site-packages/airflow/example_dags/example_nested_branch_dag.py for tasks to queue
[2023-05-08T22:25:58.430+0000] {logging_mixin.py:149} INFO - [2023-05-08T22:25:58.430+0000] {dagbag.py:541} INFO - Filling up the DagBag from /home/airflow/.local/lib/python3.7/site-packages/airflow/example_dags/example_nested_branch_dag.py
[2023-05-08T22:25:58.439+0000] {processor.py:809} INFO - DAG(s) dict_keys(['example_nested_branch_dag']) retrieved from /home/airflow/.local/lib/python3.7/site-packages/airflow/example_dags/example_nested_branch_dag.py
[2023-05-08T22:25:58.456+0000] {logging_mixin.py:149} INFO - [2023-05-08T22:25:58.456+0000] {dag.py:2726} INFO - Sync 1 DAGs
[2023-05-08T22:25:58.481+0000] {logging_mixin.py:149} INFO - [2023-05-08T22:25:58.481+0000] {dag.py:3490} INFO - Setting next_dagrun for example_nested_branch_dag to 2023-05-07T00:00:00+00:00, run_after=2023-05-08T00:00:00+00:00
[2023-05-08T22:25:58.496+0000] {processor.py:178} INFO - Processing /home/airflow/.local/lib/python3.7/site-packages/airflow/example_dags/example_nested_branch_dag.py took 0.070 seconds
[2023-05-08T22:26:28.810+0000] {processor.py:156} INFO - Started process (PID=96) to work on /home/airflow/.local/lib/python3.7/site-packages/airflow/example_dags/example_nested_branch_dag.py
[2023-05-08T22:26:28.811+0000] {processor.py:799} INFO - Processing file /home/airflow/.local/lib/python3.7/site-packages/airflow/example_dags/example_nested_branch_dag.py for tasks to queue
[2023-05-08T22:26:28.812+0000] {logging_mixin.py:149} INFO - [2023-05-08T22:26:28.812+0000] {dagbag.py:541} INFO - Filling up the DagBag from /home/airflow/.local/lib/python3.7/site-packages/airflow/example_dags/example_nested_branch_dag.py
[2023-05-08T22:26:28.820+0000] {processor.py:809} INFO - DAG(s) dict_keys(['example_nested_branch_dag']) retrieved from /home/airflow/.local/lib/python3.7/site-packages/airflow/example_dags/example_nested_branch_dag.py
[2023-05-08T22:26:28.844+0000] {logging_mixin.py:149} INFO - [2023-05-08T22:26:28.844+0000] {dag.py:2726} INFO - Sync 1 DAGs
[2023-05-08T22:26:28.871+0000] {logging_mixin.py:149} INFO - [2023-05-08T22:26:28.871+0000] {dag.py:3490} INFO - Setting next_dagrun for example_nested_branch_dag to 2023-05-07T00:00:00+00:00, run_after=2023-05-08T00:00:00+00:00
[2023-05-08T22:26:28.892+0000] {processor.py:178} INFO - Processing /home/airflow/.local/lib/python3.7/site-packages/airflow/example_dags/example_nested_branch_dag.py took 0.084 seconds
[2023-05-08T22:26:59.731+0000] {processor.py:156} INFO - Started process (PID=153) to work on /home/airflow/.local/lib/python3.7/site-packages/airflow/example_dags/example_nested_branch_dag.py
[2023-05-08T22:26:59.732+0000] {processor.py:799} INFO - Processing file /home/airflow/.local/lib/python3.7/site-packages/airflow/example_dags/example_nested_branch_dag.py for tasks to queue
[2023-05-08T22:26:59.732+0000] {logging_mixin.py:149} INFO - [2023-05-08T22:26:59.732+0000] {dagbag.py:541} INFO - Filling up the DagBag from /home/airflow/.local/lib/python3.7/site-packages/airflow/example_dags/example_nested_branch_dag.py
[2023-05-08T22:26:59.739+0000] {processor.py:809} INFO - DAG(s) dict_keys(['example_nested_branch_dag']) retrieved from /home/airflow/.local/lib/python3.7/site-packages/airflow/example_dags/example_nested_branch_dag.py
[2023-05-08T22:26:59.761+0000] {logging_mixin.py:149} INFO - [2023-05-08T22:26:59.760+0000] {dag.py:2726} INFO - Sync 1 DAGs
[2023-05-08T22:26:59.780+0000] {logging_mixin.py:149} INFO - [2023-05-08T22:26:59.780+0000] {dag.py:3490} INFO - Setting next_dagrun for example_nested_branch_dag to 2023-05-07T00:00:00+00:00, run_after=2023-05-08T00:00:00+00:00
[2023-05-08T22:26:59.793+0000] {processor.py:178} INFO - Processing /home/airflow/.local/lib/python3.7/site-packages/airflow/example_dags/example_nested_branch_dag.py took 0.065 seconds
[2023-05-08T22:27:30.626+0000] {processor.py:156} INFO - Started process (PID=210) to work on /home/airflow/.local/lib/python3.7/site-packages/airflow/example_dags/example_nested_branch_dag.py
[2023-05-08T22:27:30.627+0000] {processor.py:799} INFO - Processing file /home/airflow/.local/lib/python3.7/site-packages/airflow/example_dags/example_nested_branch_dag.py for tasks to queue
[2023-05-08T22:27:30.627+0000] {logging_mixin.py:149} INFO - [2023-05-08T22:27:30.627+0000] {dagbag.py:541} INFO - Filling up the DagBag from /home/airflow/.local/lib/python3.7/site-packages/airflow/example_dags/example_nested_branch_dag.py
[2023-05-08T22:27:30.634+0000] {processor.py:809} INFO - DAG(s) dict_keys(['example_nested_branch_dag']) retrieved from /home/airflow/.local/lib/python3.7/site-packages/airflow/example_dags/example_nested_branch_dag.py
[2023-05-08T22:27:30.656+0000] {logging_mixin.py:149} INFO - [2023-05-08T22:27:30.656+0000] {dag.py:2726} INFO - Sync 1 DAGs
[2023-05-08T22:27:30.677+0000] {logging_mixin.py:149} INFO - [2023-05-08T22:27:30.677+0000] {dag.py:3490} INFO - Setting next_dagrun for example_nested_branch_dag to 2023-05-07T00:00:00+00:00, run_after=2023-05-08T00:00:00+00:00
[2023-05-08T22:27:30.691+0000] {processor.py:178} INFO - Processing /home/airflow/.local/lib/python3.7/site-packages/airflow/example_dags/example_nested_branch_dag.py took 0.068 seconds
[2023-05-08T22:28:01.178+0000] {processor.py:156} INFO - Started process (PID=267) to work on /home/airflow/.local/lib/python3.7/site-packages/airflow/example_dags/example_nested_branch_dag.py
[2023-05-08T22:28:01.179+0000] {processor.py:799} INFO - Processing file /home/airflow/.local/lib/python3.7/site-packages/airflow/example_dags/example_nested_branch_dag.py for tasks to queue
[2023-05-08T22:28:01.180+0000] {logging_mixin.py:149} INFO - [2023-05-08T22:28:01.180+0000] {dagbag.py:541} INFO - Filling up the DagBag from /home/airflow/.local/lib/python3.7/site-packages/airflow/example_dags/example_nested_branch_dag.py
[2023-05-08T22:28:01.187+0000] {processor.py:809} INFO - DAG(s) dict_keys(['example_nested_branch_dag']) retrieved from /home/airflow/.local/lib/python3.7/site-packages/airflow/example_dags/example_nested_branch_dag.py
[2023-05-08T22:28:01.209+0000] {logging_mixin.py:149} INFO - [2023-05-08T22:28:01.209+0000] {dag.py:2726} INFO - Sync 1 DAGs
[2023-05-08T22:28:01.230+0000] {logging_mixin.py:149} INFO - [2023-05-08T22:28:01.230+0000] {dag.py:3490} INFO - Setting next_dagrun for example_nested_branch_dag to 2023-05-07T00:00:00+00:00, run_after=2023-05-08T00:00:00+00:00
[2023-05-08T22:28:01.244+0000] {processor.py:178} INFO - Processing /home/airflow/.local/lib/python3.7/site-packages/airflow/example_dags/example_nested_branch_dag.py took 0.070 seconds
[2023-05-08T22:28:31.823+0000] {processor.py:156} INFO - Started process (PID=324) to work on /home/airflow/.local/lib/python3.7/site-packages/airflow/example_dags/example_nested_branch_dag.py
[2023-05-08T22:28:31.824+0000] {processor.py:799} INFO - Processing file /home/airflow/.local/lib/python3.7/site-packages/airflow/example_dags/example_nested_branch_dag.py for tasks to queue
[2023-05-08T22:28:31.824+0000] {logging_mixin.py:149} INFO - [2023-05-08T22:28:31.824+0000] {dagbag.py:541} INFO - Filling up the DagBag from /home/airflow/.local/lib/python3.7/site-packages/airflow/example_dags/example_nested_branch_dag.py
[2023-05-08T22:28:31.832+0000] {processor.py:809} INFO - DAG(s) dict_keys(['example_nested_branch_dag']) retrieved from /home/airflow/.local/lib/python3.7/site-packages/airflow/example_dags/example_nested_branch_dag.py
[2023-05-08T22:28:31.856+0000] {logging_mixin.py:149} INFO - [2023-05-08T22:28:31.856+0000] {dag.py:2726} INFO - Sync 1 DAGs
[2023-05-08T22:28:31.885+0000] {logging_mixin.py:149} INFO - [2023-05-08T22:28:31.885+0000] {dag.py:3490} INFO - Setting next_dagrun for example_nested_branch_dag to 2023-05-07T00:00:00+00:00, run_after=2023-05-08T00:00:00+00:00
[2023-05-08T22:28:31.903+0000] {processor.py:178} INFO - Processing /home/airflow/.local/lib/python3.7/site-packages/airflow/example_dags/example_nested_branch_dag.py took 0.082 seconds
[2023-05-08T22:29:02.680+0000] {processor.py:156} INFO - Started process (PID=381) to work on /home/airflow/.local/lib/python3.7/site-packages/airflow/example_dags/example_nested_branch_dag.py
[2023-05-08T22:29:02.681+0000] {processor.py:799} INFO - Processing file /home/airflow/.local/lib/python3.7/site-packages/airflow/example_dags/example_nested_branch_dag.py for tasks to queue
[2023-05-08T22:29:02.682+0000] {logging_mixin.py:149} INFO - [2023-05-08T22:29:02.682+0000] {dagbag.py:541} INFO - Filling up the DagBag from /home/airflow/.local/lib/python3.7/site-packages/airflow/example_dags/example_nested_branch_dag.py
[2023-05-08T22:29:02.689+0000] {processor.py:809} INFO - DAG(s) dict_keys(['example_nested_branch_dag']) retrieved from /home/airflow/.local/lib/python3.7/site-packages/airflow/example_dags/example_nested_branch_dag.py
[2023-05-08T22:29:02.712+0000] {logging_mixin.py:149} INFO - [2023-05-08T22:29:02.712+0000] {dag.py:2726} INFO - Sync 1 DAGs
[2023-05-08T22:29:02.732+0000] {logging_mixin.py:149} INFO - [2023-05-08T22:29:02.732+0000] {dag.py:3490} INFO - Setting next_dagrun for example_nested_branch_dag to 2023-05-07T00:00:00+00:00, run_after=2023-05-08T00:00:00+00:00
[2023-05-08T22:29:02.746+0000] {processor.py:178} INFO - Processing /home/airflow/.local/lib/python3.7/site-packages/airflow/example_dags/example_nested_branch_dag.py took 0.068 seconds
[2023-05-08T22:29:33.227+0000] {processor.py:156} INFO - Started process (PID=438) to work on /home/airflow/.local/lib/python3.7/site-packages/airflow/example_dags/example_nested_branch_dag.py
[2023-05-08T22:29:33.229+0000] {processor.py:799} INFO - Processing file /home/airflow/.local/lib/python3.7/site-packages/airflow/example_dags/example_nested_branch_dag.py for tasks to queue
[2023-05-08T22:29:33.229+0000] {logging_mixin.py:149} INFO - [2023-05-08T22:29:33.229+0000] {dagbag.py:541} INFO - Filling up the DagBag from /home/airflow/.local/lib/python3.7/site-packages/airflow/example_dags/example_nested_branch_dag.py
[2023-05-08T22:29:33.236+0000] {processor.py:809} INFO - DAG(s) dict_keys(['example_nested_branch_dag']) retrieved from /home/airflow/.local/lib/python3.7/site-packages/airflow/example_dags/example_nested_branch_dag.py
[2023-05-08T22:29:33.263+0000] {logging_mixin.py:149} INFO - [2023-05-08T22:29:33.263+0000] {dag.py:2726} INFO - Sync 1 DAGs
[2023-05-08T22:29:33.283+0000] {logging_mixin.py:149} INFO - [2023-05-08T22:29:33.283+0000] {dag.py:3490} INFO - Setting next_dagrun for example_nested_branch_dag to 2023-05-07T00:00:00+00:00, run_after=2023-05-08T00:00:00+00:00
[2023-05-08T22:29:33.297+0000] {processor.py:178} INFO - Processing /home/airflow/.local/lib/python3.7/site-packages/airflow/example_dags/example_nested_branch_dag.py took 0.072 seconds
[2023-05-08T22:30:03.939+0000] {processor.py:156} INFO - Started process (PID=495) to work on /home/airflow/.local/lib/python3.7/site-packages/airflow/example_dags/example_nested_branch_dag.py
[2023-05-08T22:30:03.940+0000] {processor.py:799} INFO - Processing file /home/airflow/.local/lib/python3.7/site-packages/airflow/example_dags/example_nested_branch_dag.py for tasks to queue
[2023-05-08T22:30:03.941+0000] {logging_mixin.py:149} INFO - [2023-05-08T22:30:03.941+0000] {dagbag.py:541} INFO - Filling up the DagBag from /home/airflow/.local/lib/python3.7/site-packages/airflow/example_dags/example_nested_branch_dag.py
[2023-05-08T22:30:03.947+0000] {processor.py:809} INFO - DAG(s) dict_keys(['example_nested_branch_dag']) retrieved from /home/airflow/.local/lib/python3.7/site-packages/airflow/example_dags/example_nested_branch_dag.py
[2023-05-08T22:30:03.970+0000] {logging_mixin.py:149} INFO - [2023-05-08T22:30:03.970+0000] {dag.py:2726} INFO - Sync 1 DAGs
[2023-05-08T22:30:03.989+0000] {logging_mixin.py:149} INFO - [2023-05-08T22:30:03.989+0000] {dag.py:3490} INFO - Setting next_dagrun for example_nested_branch_dag to 2023-05-07T00:00:00+00:00, run_after=2023-05-08T00:00:00+00:00
[2023-05-08T22:30:04.003+0000] {processor.py:178} INFO - Processing /home/airflow/.local/lib/python3.7/site-packages/airflow/example_dags/example_nested_branch_dag.py took 0.066 seconds
[2023-05-08T22:30:34.757+0000] {processor.py:156} INFO - Started process (PID=552) to work on /home/airflow/.local/lib/python3.7/site-packages/airflow/example_dags/example_nested_branch_dag.py
[2023-05-08T22:30:34.758+0000] {processor.py:799} INFO - Processing file /home/airflow/.local/lib/python3.7/site-packages/airflow/example_dags/example_nested_branch_dag.py for tasks to queue
[2023-05-08T22:30:34.759+0000] {logging_mixin.py:149} INFO - [2023-05-08T22:30:34.759+0000] {dagbag.py:541} INFO - Filling up the DagBag from /home/airflow/.local/lib/python3.7/site-packages/airflow/example_dags/example_nested_branch_dag.py
[2023-05-08T22:30:34.765+0000] {processor.py:809} INFO - DAG(s) dict_keys(['example_nested_branch_dag']) retrieved from /home/airflow/.local/lib/python3.7/site-packages/airflow/example_dags/example_nested_branch_dag.py
[2023-05-08T22:30:34.797+0000] {logging_mixin.py:149} INFO - [2023-05-08T22:30:34.797+0000] {dag.py:2726} INFO - Sync 1 DAGs
[2023-05-08T22:30:34.818+0000] {logging_mixin.py:149} INFO - [2023-05-08T22:30:34.818+0000] {dag.py:3490} INFO - Setting next_dagrun for example_nested_branch_dag to 2023-05-07T00:00:00+00:00, run_after=2023-05-08T00:00:00+00:00
[2023-05-08T22:30:34.833+0000] {processor.py:178} INFO - Processing /home/airflow/.local/lib/python3.7/site-packages/airflow/example_dags/example_nested_branch_dag.py took 0.078 seconds
[2023-05-08T22:31:05.648+0000] {processor.py:156} INFO - Started process (PID=609) to work on /home/airflow/.local/lib/python3.7/site-packages/airflow/example_dags/example_nested_branch_dag.py
[2023-05-08T22:31:05.649+0000] {processor.py:799} INFO - Processing file /home/airflow/.local/lib/python3.7/site-packages/airflow/example_dags/example_nested_branch_dag.py for tasks to queue
[2023-05-08T22:31:05.650+0000] {logging_mixin.py:149} INFO - [2023-05-08T22:31:05.650+0000] {dagbag.py:541} INFO - Filling up the DagBag from /home/airflow/.local/lib/python3.7/site-packages/airflow/example_dags/example_nested_branch_dag.py
[2023-05-08T22:31:05.659+0000] {processor.py:809} INFO - DAG(s) dict_keys(['example_nested_branch_dag']) retrieved from /home/airflow/.local/lib/python3.7/site-packages/airflow/example_dags/example_nested_branch_dag.py
[2023-05-08T22:31:05.686+0000] {logging_mixin.py:149} INFO - [2023-05-08T22:31:05.686+0000] {dag.py:2726} INFO - Sync 1 DAGs
[2023-05-08T22:31:05.711+0000] {logging_mixin.py:149} INFO - [2023-05-08T22:31:05.711+0000] {dag.py:3490} INFO - Setting next_dagrun for example_nested_branch_dag to 2023-05-07T00:00:00+00:00, run_after=2023-05-08T00:00:00+00:00
[2023-05-08T22:31:05.733+0000] {processor.py:178} INFO - Processing /home/airflow/.local/lib/python3.7/site-packages/airflow/example_dags/example_nested_branch_dag.py took 0.089 seconds
[2023-05-08T22:31:36.355+0000] {processor.py:156} INFO - Started process (PID=666) to work on /home/airflow/.local/lib/python3.7/site-packages/airflow/example_dags/example_nested_branch_dag.py
[2023-05-08T22:31:36.357+0000] {processor.py:799} INFO - Processing file /home/airflow/.local/lib/python3.7/site-packages/airflow/example_dags/example_nested_branch_dag.py for tasks to queue
[2023-05-08T22:31:36.358+0000] {logging_mixin.py:149} INFO - [2023-05-08T22:31:36.357+0000] {dagbag.py:541} INFO - Filling up the DagBag from /home/airflow/.local/lib/python3.7/site-packages/airflow/example_dags/example_nested_branch_dag.py
[2023-05-08T22:31:36.365+0000] {processor.py:809} INFO - DAG(s) dict_keys(['example_nested_branch_dag']) retrieved from /home/airflow/.local/lib/python3.7/site-packages/airflow/example_dags/example_nested_branch_dag.py
[2023-05-08T22:31:36.388+0000] {logging_mixin.py:149} INFO - [2023-05-08T22:31:36.388+0000] {dag.py:2726} INFO - Sync 1 DAGs
[2023-05-08T22:31:36.414+0000] {logging_mixin.py:149} INFO - [2023-05-08T22:31:36.414+0000] {dag.py:3490} INFO - Setting next_dagrun for example_nested_branch_dag to 2023-05-07T00:00:00+00:00, run_after=2023-05-08T00:00:00+00:00
[2023-05-08T22:31:36.429+0000] {processor.py:178} INFO - Processing /home/airflow/.local/lib/python3.7/site-packages/airflow/example_dags/example_nested_branch_dag.py took 0.076 seconds
[2023-05-08T22:32:06.899+0000] {processor.py:156} INFO - Started process (PID=723) to work on /home/airflow/.local/lib/python3.7/site-packages/airflow/example_dags/example_nested_branch_dag.py
[2023-05-08T22:32:06.900+0000] {processor.py:799} INFO - Processing file /home/airflow/.local/lib/python3.7/site-packages/airflow/example_dags/example_nested_branch_dag.py for tasks to queue
[2023-05-08T22:32:06.901+0000] {logging_mixin.py:149} INFO - [2023-05-08T22:32:06.901+0000] {dagbag.py:541} INFO - Filling up the DagBag from /home/airflow/.local/lib/python3.7/site-packages/airflow/example_dags/example_nested_branch_dag.py
[2023-05-08T22:32:06.907+0000] {processor.py:809} INFO - DAG(s) dict_keys(['example_nested_branch_dag']) retrieved from /home/airflow/.local/lib/python3.7/site-packages/airflow/example_dags/example_nested_branch_dag.py
[2023-05-08T22:32:06.928+0000] {logging_mixin.py:149} INFO - [2023-05-08T22:32:06.928+0000] {dag.py:2726} INFO - Sync 1 DAGs
[2023-05-08T22:32:06.949+0000] {logging_mixin.py:149} INFO - [2023-05-08T22:32:06.949+0000] {dag.py:3490} INFO - Setting next_dagrun for example_nested_branch_dag to 2023-05-07T00:00:00+00:00, run_after=2023-05-08T00:00:00+00:00
[2023-05-08T22:32:06.962+0000] {processor.py:178} INFO - Processing /home/airflow/.local/lib/python3.7/site-packages/airflow/example_dags/example_nested_branch_dag.py took 0.066 seconds
[2023-05-08T22:32:37.757+0000] {processor.py:156} INFO - Started process (PID=780) to work on /home/airflow/.local/lib/python3.7/site-packages/airflow/example_dags/example_nested_branch_dag.py
[2023-05-08T22:32:37.758+0000] {processor.py:799} INFO - Processing file /home/airflow/.local/lib/python3.7/site-packages/airflow/example_dags/example_nested_branch_dag.py for tasks to queue
[2023-05-08T22:32:37.759+0000] {logging_mixin.py:149} INFO - [2023-05-08T22:32:37.759+0000] {dagbag.py:541} INFO - Filling up the DagBag from /home/airflow/.local/lib/python3.7/site-packages/airflow/example_dags/example_nested_branch_dag.py
[2023-05-08T22:32:37.767+0000] {processor.py:809} INFO - DAG(s) dict_keys(['example_nested_branch_dag']) retrieved from /home/airflow/.local/lib/python3.7/site-packages/airflow/example_dags/example_nested_branch_dag.py
[2023-05-08T22:32:37.791+0000] {logging_mixin.py:149} INFO - [2023-05-08T22:32:37.791+0000] {dag.py:2726} INFO - Sync 1 DAGs
[2023-05-08T22:32:37.812+0000] {logging_mixin.py:149} INFO - [2023-05-08T22:32:37.811+0000] {dag.py:3490} INFO - Setting next_dagrun for example_nested_branch_dag to 2023-05-07T00:00:00+00:00, run_after=2023-05-08T00:00:00+00:00
[2023-05-08T22:32:37.825+0000] {processor.py:178} INFO - Processing /home/airflow/.local/lib/python3.7/site-packages/airflow/example_dags/example_nested_branch_dag.py took 0.071 seconds
[2023-05-08T22:33:08.635+0000] {processor.py:156} INFO - Started process (PID=837) to work on /home/airflow/.local/lib/python3.7/site-packages/airflow/example_dags/example_nested_branch_dag.py
[2023-05-08T22:33:08.636+0000] {processor.py:799} INFO - Processing file /home/airflow/.local/lib/python3.7/site-packages/airflow/example_dags/example_nested_branch_dag.py for tasks to queue
[2023-05-08T22:33:08.637+0000] {logging_mixin.py:149} INFO - [2023-05-08T22:33:08.637+0000] {dagbag.py:541} INFO - Filling up the DagBag from /home/airflow/.local/lib/python3.7/site-packages/airflow/example_dags/example_nested_branch_dag.py
[2023-05-08T22:33:08.643+0000] {processor.py:809} INFO - DAG(s) dict_keys(['example_nested_branch_dag']) retrieved from /home/airflow/.local/lib/python3.7/site-packages/airflow/example_dags/example_nested_branch_dag.py
[2023-05-08T22:33:08.668+0000] {logging_mixin.py:149} INFO - [2023-05-08T22:33:08.668+0000] {dag.py:2726} INFO - Sync 1 DAGs
[2023-05-08T22:33:08.688+0000] {logging_mixin.py:149} INFO - [2023-05-08T22:33:08.688+0000] {dag.py:3490} INFO - Setting next_dagrun for example_nested_branch_dag to 2023-05-07T00:00:00+00:00, run_after=2023-05-08T00:00:00+00:00
[2023-05-08T22:33:08.701+0000] {processor.py:178} INFO - Processing /home/airflow/.local/lib/python3.7/site-packages/airflow/example_dags/example_nested_branch_dag.py took 0.068 seconds
[2023-05-08T22:33:38.964+0000] {processor.py:156} INFO - Started process (PID=894) to work on /home/airflow/.local/lib/python3.7/site-packages/airflow/example_dags/example_nested_branch_dag.py
[2023-05-08T22:33:38.966+0000] {processor.py:799} INFO - Processing file /home/airflow/.local/lib/python3.7/site-packages/airflow/example_dags/example_nested_branch_dag.py for tasks to queue
[2023-05-08T22:33:38.967+0000] {logging_mixin.py:149} INFO - [2023-05-08T22:33:38.967+0000] {dagbag.py:541} INFO - Filling up the DagBag from /home/airflow/.local/lib/python3.7/site-packages/airflow/example_dags/example_nested_branch_dag.py
[2023-05-08T22:33:38.973+0000] {processor.py:809} INFO - DAG(s) dict_keys(['example_nested_branch_dag']) retrieved from /home/airflow/.local/lib/python3.7/site-packages/airflow/example_dags/example_nested_branch_dag.py
[2023-05-08T22:33:38.999+0000] {logging_mixin.py:149} INFO - [2023-05-08T22:33:38.999+0000] {dag.py:2726} INFO - Sync 1 DAGs
[2023-05-08T22:33:39.023+0000] {logging_mixin.py:149} INFO - [2023-05-08T22:33:39.023+0000] {dag.py:3490} INFO - Setting next_dagrun for example_nested_branch_dag to 2023-05-07T00:00:00+00:00, run_after=2023-05-08T00:00:00+00:00
[2023-05-08T22:33:39.037+0000] {processor.py:178} INFO - Processing /home/airflow/.local/lib/python3.7/site-packages/airflow/example_dags/example_nested_branch_dag.py took 0.077 seconds
[2023-05-08T22:34:09.413+0000] {processor.py:156} INFO - Started process (PID=951) to work on /home/airflow/.local/lib/python3.7/site-packages/airflow/example_dags/example_nested_branch_dag.py
[2023-05-08T22:34:09.415+0000] {processor.py:799} INFO - Processing file /home/airflow/.local/lib/python3.7/site-packages/airflow/example_dags/example_nested_branch_dag.py for tasks to queue
[2023-05-08T22:34:09.416+0000] {logging_mixin.py:149} INFO - [2023-05-08T22:34:09.416+0000] {dagbag.py:541} INFO - Filling up the DagBag from /home/airflow/.local/lib/python3.7/site-packages/airflow/example_dags/example_nested_branch_dag.py
[2023-05-08T22:34:09.427+0000] {processor.py:809} INFO - DAG(s) dict_keys(['example_nested_branch_dag']) retrieved from /home/airflow/.local/lib/python3.7/site-packages/airflow/example_dags/example_nested_branch_dag.py
[2023-05-08T22:34:09.461+0000] {logging_mixin.py:149} INFO - [2023-05-08T22:34:09.461+0000] {dag.py:2726} INFO - Sync 1 DAGs
[2023-05-08T22:34:09.515+0000] {logging_mixin.py:149} INFO - [2023-05-08T22:34:09.515+0000] {dag.py:3490} INFO - Setting next_dagrun for example_nested_branch_dag to 2023-05-07T00:00:00+00:00, run_after=2023-05-08T00:00:00+00:00
[2023-05-08T22:34:09.533+0000] {processor.py:178} INFO - Processing /home/airflow/.local/lib/python3.7/site-packages/airflow/example_dags/example_nested_branch_dag.py took 0.123 seconds
[2023-05-08T22:34:39.653+0000] {processor.py:156} INFO - Started process (PID=1009) to work on /home/airflow/.local/lib/python3.7/site-packages/airflow/example_dags/example_nested_branch_dag.py
[2023-05-08T22:34:39.654+0000] {processor.py:799} INFO - Processing file /home/airflow/.local/lib/python3.7/site-packages/airflow/example_dags/example_nested_branch_dag.py for tasks to queue
[2023-05-08T22:34:39.655+0000] {logging_mixin.py:149} INFO - [2023-05-08T22:34:39.655+0000] {dagbag.py:541} INFO - Filling up the DagBag from /home/airflow/.local/lib/python3.7/site-packages/airflow/example_dags/example_nested_branch_dag.py
[2023-05-08T22:34:39.664+0000] {processor.py:809} INFO - DAG(s) dict_keys(['example_nested_branch_dag']) retrieved from /home/airflow/.local/lib/python3.7/site-packages/airflow/example_dags/example_nested_branch_dag.py
[2023-05-08T22:34:39.693+0000] {logging_mixin.py:149} INFO - [2023-05-08T22:34:39.693+0000] {dag.py:2726} INFO - Sync 1 DAGs
[2023-05-08T22:34:39.717+0000] {logging_mixin.py:149} INFO - [2023-05-08T22:34:39.717+0000] {dag.py:3490} INFO - Setting next_dagrun for example_nested_branch_dag to 2023-05-07T00:00:00+00:00, run_after=2023-05-08T00:00:00+00:00
[2023-05-08T22:34:39.736+0000] {processor.py:178} INFO - Processing /home/airflow/.local/lib/python3.7/site-packages/airflow/example_dags/example_nested_branch_dag.py took 0.087 seconds
[2023-05-08T22:35:09.785+0000] {processor.py:156} INFO - Started process (PID=1065) to work on /home/airflow/.local/lib/python3.7/site-packages/airflow/example_dags/example_nested_branch_dag.py
[2023-05-08T22:35:09.786+0000] {processor.py:799} INFO - Processing file /home/airflow/.local/lib/python3.7/site-packages/airflow/example_dags/example_nested_branch_dag.py for tasks to queue
[2023-05-08T22:35:09.787+0000] {logging_mixin.py:149} INFO - [2023-05-08T22:35:09.787+0000] {dagbag.py:541} INFO - Filling up the DagBag from /home/airflow/.local/lib/python3.7/site-packages/airflow/example_dags/example_nested_branch_dag.py
[2023-05-08T22:35:09.793+0000] {processor.py:809} INFO - DAG(s) dict_keys(['example_nested_branch_dag']) retrieved from /home/airflow/.local/lib/python3.7/site-packages/airflow/example_dags/example_nested_branch_dag.py
[2023-05-08T22:35:09.815+0000] {logging_mixin.py:149} INFO - [2023-05-08T22:35:09.815+0000] {dag.py:2726} INFO - Sync 1 DAGs
[2023-05-08T22:35:09.837+0000] {logging_mixin.py:149} INFO - [2023-05-08T22:35:09.837+0000] {dag.py:3490} INFO - Setting next_dagrun for example_nested_branch_dag to 2023-05-07T00:00:00+00:00, run_after=2023-05-08T00:00:00+00:00
[2023-05-08T22:35:09.850+0000] {processor.py:178} INFO - Processing /home/airflow/.local/lib/python3.7/site-packages/airflow/example_dags/example_nested_branch_dag.py took 0.067 seconds
