[2023-05-08T20:36:09.888+0000] {processor.py:156} INFO - Started process (PID=36) to work on /home/airflow/.local/lib/python3.7/site-packages/airflow/example_dags/example_dag_decorator.py
[2023-05-08T20:36:09.889+0000] {processor.py:799} INFO - Processing file /home/airflow/.local/lib/python3.7/site-packages/airflow/example_dags/example_dag_decorator.py for tasks to queue
[2023-05-08T20:36:09.890+0000] {logging_mixin.py:149} INFO - [2023-05-08T20:36:09.890+0000] {dagbag.py:541} INFO - Filling up the DagBag from /home/airflow/.local/lib/python3.7/site-packages/airflow/example_dags/example_dag_decorator.py
[2023-05-08T20:36:09.897+0000] {logging_mixin.py:149} INFO - [2023-05-08T20:36:09.897+0000] {taskmixin.py:211} WARNING - Dependency <Task(_PythonDecoratedOperator): prepare_email>, send_email already registered for DAG: example_dag_decorator
[2023-05-08T20:36:09.898+0000] {logging_mixin.py:149} INFO - [2023-05-08T20:36:09.898+0000] {taskmixin.py:211} WARNING - Dependency <Task(EmailOperator): send_email>, prepare_email already registered for DAG: example_dag_decorator
[2023-05-08T20:36:09.910+0000] {processor.py:809} INFO - DAG(s) dict_keys(['example_dag_decorator']) retrieved from /home/airflow/.local/lib/python3.7/site-packages/airflow/example_dags/example_dag_decorator.py
[2023-05-08T20:36:09.938+0000] {logging_mixin.py:149} INFO - [2023-05-08T20:36:09.938+0000] {dag.py:2726} INFO - Sync 1 DAGs
[2023-05-08T20:36:09.992+0000] {logging_mixin.py:149} INFO - [2023-05-08T20:36:09.991+0000] {dag.py:3490} INFO - Setting next_dagrun for example_dag_decorator to None, run_after=None
[2023-05-08T20:36:10.021+0000] {processor.py:178} INFO - Processing /home/airflow/.local/lib/python3.7/site-packages/airflow/example_dags/example_dag_decorator.py took 0.136 seconds
[2023-05-08T20:36:40.381+0000] {processor.py:156} INFO - Started process (PID=92) to work on /home/airflow/.local/lib/python3.7/site-packages/airflow/example_dags/example_dag_decorator.py
[2023-05-08T20:36:40.382+0000] {processor.py:799} INFO - Processing file /home/airflow/.local/lib/python3.7/site-packages/airflow/example_dags/example_dag_decorator.py for tasks to queue
[2023-05-08T20:36:40.382+0000] {logging_mixin.py:149} INFO - [2023-05-08T20:36:40.382+0000] {dagbag.py:541} INFO - Filling up the DagBag from /home/airflow/.local/lib/python3.7/site-packages/airflow/example_dags/example_dag_decorator.py
[2023-05-08T20:36:40.387+0000] {logging_mixin.py:149} INFO - [2023-05-08T20:36:40.387+0000] {taskmixin.py:211} WARNING - Dependency <Task(_PythonDecoratedOperator): prepare_email>, send_email already registered for DAG: example_dag_decorator
[2023-05-08T20:36:40.387+0000] {logging_mixin.py:149} INFO - [2023-05-08T20:36:40.387+0000] {taskmixin.py:211} WARNING - Dependency <Task(EmailOperator): send_email>, prepare_email already registered for DAG: example_dag_decorator
[2023-05-08T20:36:40.395+0000] {processor.py:809} INFO - DAG(s) dict_keys(['example_dag_decorator']) retrieved from /home/airflow/.local/lib/python3.7/site-packages/airflow/example_dags/example_dag_decorator.py
[2023-05-08T20:36:40.445+0000] {logging_mixin.py:149} INFO - [2023-05-08T20:36:40.445+0000] {dag.py:2726} INFO - Sync 1 DAGs
[2023-05-08T20:36:40.464+0000] {logging_mixin.py:149} INFO - [2023-05-08T20:36:40.464+0000] {dag.py:3490} INFO - Setting next_dagrun for example_dag_decorator to None, run_after=None
[2023-05-08T20:36:40.480+0000] {processor.py:178} INFO - Processing /home/airflow/.local/lib/python3.7/site-packages/airflow/example_dags/example_dag_decorator.py took 0.103 seconds
[2023-05-08T20:37:10.642+0000] {processor.py:156} INFO - Started process (PID=148) to work on /home/airflow/.local/lib/python3.7/site-packages/airflow/example_dags/example_dag_decorator.py
[2023-05-08T20:37:10.643+0000] {processor.py:799} INFO - Processing file /home/airflow/.local/lib/python3.7/site-packages/airflow/example_dags/example_dag_decorator.py for tasks to queue
[2023-05-08T20:37:10.644+0000] {logging_mixin.py:149} INFO - [2023-05-08T20:37:10.644+0000] {dagbag.py:541} INFO - Filling up the DagBag from /home/airflow/.local/lib/python3.7/site-packages/airflow/example_dags/example_dag_decorator.py
[2023-05-08T20:37:10.649+0000] {logging_mixin.py:149} INFO - [2023-05-08T20:37:10.649+0000] {taskmixin.py:211} WARNING - Dependency <Task(_PythonDecoratedOperator): prepare_email>, send_email already registered for DAG: example_dag_decorator
[2023-05-08T20:37:10.649+0000] {logging_mixin.py:149} INFO - [2023-05-08T20:37:10.649+0000] {taskmixin.py:211} WARNING - Dependency <Task(EmailOperator): send_email>, prepare_email already registered for DAG: example_dag_decorator
[2023-05-08T20:37:10.657+0000] {processor.py:809} INFO - DAG(s) dict_keys(['example_dag_decorator']) retrieved from /home/airflow/.local/lib/python3.7/site-packages/airflow/example_dags/example_dag_decorator.py
[2023-05-08T20:37:10.712+0000] {logging_mixin.py:149} INFO - [2023-05-08T20:37:10.712+0000] {dag.py:2726} INFO - Sync 1 DAGs
[2023-05-08T20:37:10.741+0000] {logging_mixin.py:149} INFO - [2023-05-08T20:37:10.741+0000] {dag.py:3490} INFO - Setting next_dagrun for example_dag_decorator to None, run_after=None
[2023-05-08T20:37:10.757+0000] {processor.py:178} INFO - Processing /home/airflow/.local/lib/python3.7/site-packages/airflow/example_dags/example_dag_decorator.py took 0.118 seconds
[2023-05-08T20:37:41.526+0000] {processor.py:156} INFO - Started process (PID=204) to work on /home/airflow/.local/lib/python3.7/site-packages/airflow/example_dags/example_dag_decorator.py
[2023-05-08T20:37:41.527+0000] {processor.py:799} INFO - Processing file /home/airflow/.local/lib/python3.7/site-packages/airflow/example_dags/example_dag_decorator.py for tasks to queue
[2023-05-08T20:37:41.527+0000] {logging_mixin.py:149} INFO - [2023-05-08T20:37:41.527+0000] {dagbag.py:541} INFO - Filling up the DagBag from /home/airflow/.local/lib/python3.7/site-packages/airflow/example_dags/example_dag_decorator.py
[2023-05-08T20:37:41.532+0000] {logging_mixin.py:149} INFO - [2023-05-08T20:37:41.532+0000] {taskmixin.py:211} WARNING - Dependency <Task(_PythonDecoratedOperator): prepare_email>, send_email already registered for DAG: example_dag_decorator
[2023-05-08T20:37:41.532+0000] {logging_mixin.py:149} INFO - [2023-05-08T20:37:41.532+0000] {taskmixin.py:211} WARNING - Dependency <Task(EmailOperator): send_email>, prepare_email already registered for DAG: example_dag_decorator
[2023-05-08T20:37:41.539+0000] {processor.py:809} INFO - DAG(s) dict_keys(['example_dag_decorator']) retrieved from /home/airflow/.local/lib/python3.7/site-packages/airflow/example_dags/example_dag_decorator.py
[2023-05-08T20:37:41.595+0000] {logging_mixin.py:149} INFO - [2023-05-08T20:37:41.595+0000] {dag.py:2726} INFO - Sync 1 DAGs
[2023-05-08T20:37:41.616+0000] {logging_mixin.py:149} INFO - [2023-05-08T20:37:41.616+0000] {dag.py:3490} INFO - Setting next_dagrun for example_dag_decorator to None, run_after=None
[2023-05-08T20:37:41.633+0000] {processor.py:178} INFO - Processing /home/airflow/.local/lib/python3.7/site-packages/airflow/example_dags/example_dag_decorator.py took 0.110 seconds
[2023-05-08T20:38:12.296+0000] {processor.py:156} INFO - Started process (PID=261) to work on /home/airflow/.local/lib/python3.7/site-packages/airflow/example_dags/example_dag_decorator.py
[2023-05-08T20:38:12.297+0000] {processor.py:799} INFO - Processing file /home/airflow/.local/lib/python3.7/site-packages/airflow/example_dags/example_dag_decorator.py for tasks to queue
[2023-05-08T20:38:12.298+0000] {logging_mixin.py:149} INFO - [2023-05-08T20:38:12.297+0000] {dagbag.py:541} INFO - Filling up the DagBag from /home/airflow/.local/lib/python3.7/site-packages/airflow/example_dags/example_dag_decorator.py
[2023-05-08T20:38:12.302+0000] {logging_mixin.py:149} INFO - [2023-05-08T20:38:12.302+0000] {taskmixin.py:211} WARNING - Dependency <Task(_PythonDecoratedOperator): prepare_email>, send_email already registered for DAG: example_dag_decorator
[2023-05-08T20:38:12.302+0000] {logging_mixin.py:149} INFO - [2023-05-08T20:38:12.302+0000] {taskmixin.py:211} WARNING - Dependency <Task(EmailOperator): send_email>, prepare_email already registered for DAG: example_dag_decorator
[2023-05-08T20:38:12.309+0000] {processor.py:809} INFO - DAG(s) dict_keys(['example_dag_decorator']) retrieved from /home/airflow/.local/lib/python3.7/site-packages/airflow/example_dags/example_dag_decorator.py
[2023-05-08T20:38:12.360+0000] {logging_mixin.py:149} INFO - [2023-05-08T20:38:12.360+0000] {dag.py:2726} INFO - Sync 1 DAGs
[2023-05-08T20:38:12.379+0000] {logging_mixin.py:149} INFO - [2023-05-08T20:38:12.379+0000] {dag.py:3490} INFO - Setting next_dagrun for example_dag_decorator to None, run_after=None
[2023-05-08T20:38:12.394+0000] {processor.py:178} INFO - Processing /home/airflow/.local/lib/python3.7/site-packages/airflow/example_dags/example_dag_decorator.py took 0.101 seconds
[2023-05-08T20:38:43.003+0000] {processor.py:156} INFO - Started process (PID=317) to work on /home/airflow/.local/lib/python3.7/site-packages/airflow/example_dags/example_dag_decorator.py
[2023-05-08T20:38:43.004+0000] {processor.py:799} INFO - Processing file /home/airflow/.local/lib/python3.7/site-packages/airflow/example_dags/example_dag_decorator.py for tasks to queue
[2023-05-08T20:38:43.004+0000] {logging_mixin.py:149} INFO - [2023-05-08T20:38:43.004+0000] {dagbag.py:541} INFO - Filling up the DagBag from /home/airflow/.local/lib/python3.7/site-packages/airflow/example_dags/example_dag_decorator.py
[2023-05-08T20:38:43.009+0000] {logging_mixin.py:149} INFO - [2023-05-08T20:38:43.008+0000] {taskmixin.py:211} WARNING - Dependency <Task(_PythonDecoratedOperator): prepare_email>, send_email already registered for DAG: example_dag_decorator
[2023-05-08T20:38:43.009+0000] {logging_mixin.py:149} INFO - [2023-05-08T20:38:43.009+0000] {taskmixin.py:211} WARNING - Dependency <Task(EmailOperator): send_email>, prepare_email already registered for DAG: example_dag_decorator
[2023-05-08T20:38:43.015+0000] {processor.py:809} INFO - DAG(s) dict_keys(['example_dag_decorator']) retrieved from /home/airflow/.local/lib/python3.7/site-packages/airflow/example_dags/example_dag_decorator.py
[2023-05-08T20:38:43.063+0000] {logging_mixin.py:149} INFO - [2023-05-08T20:38:43.063+0000] {dag.py:2726} INFO - Sync 1 DAGs
[2023-05-08T20:38:43.085+0000] {logging_mixin.py:149} INFO - [2023-05-08T20:38:43.085+0000] {dag.py:3490} INFO - Setting next_dagrun for example_dag_decorator to None, run_after=None
[2023-05-08T20:38:43.098+0000] {processor.py:178} INFO - Processing /home/airflow/.local/lib/python3.7/site-packages/airflow/example_dags/example_dag_decorator.py took 0.097 seconds
[2023-05-08T20:39:13.589+0000] {processor.py:156} INFO - Started process (PID=373) to work on /home/airflow/.local/lib/python3.7/site-packages/airflow/example_dags/example_dag_decorator.py
[2023-05-08T20:39:13.590+0000] {processor.py:799} INFO - Processing file /home/airflow/.local/lib/python3.7/site-packages/airflow/example_dags/example_dag_decorator.py for tasks to queue
[2023-05-08T20:39:13.590+0000] {logging_mixin.py:149} INFO - [2023-05-08T20:39:13.590+0000] {dagbag.py:541} INFO - Filling up the DagBag from /home/airflow/.local/lib/python3.7/site-packages/airflow/example_dags/example_dag_decorator.py
[2023-05-08T20:39:13.595+0000] {logging_mixin.py:149} INFO - [2023-05-08T20:39:13.594+0000] {taskmixin.py:211} WARNING - Dependency <Task(_PythonDecoratedOperator): prepare_email>, send_email already registered for DAG: example_dag_decorator
[2023-05-08T20:39:13.595+0000] {logging_mixin.py:149} INFO - [2023-05-08T20:39:13.595+0000] {taskmixin.py:211} WARNING - Dependency <Task(EmailOperator): send_email>, prepare_email already registered for DAG: example_dag_decorator
[2023-05-08T20:39:13.601+0000] {processor.py:809} INFO - DAG(s) dict_keys(['example_dag_decorator']) retrieved from /home/airflow/.local/lib/python3.7/site-packages/airflow/example_dags/example_dag_decorator.py
[2023-05-08T20:39:13.649+0000] {logging_mixin.py:149} INFO - [2023-05-08T20:39:13.649+0000] {dag.py:2726} INFO - Sync 1 DAGs
[2023-05-08T20:39:13.667+0000] {logging_mixin.py:149} INFO - [2023-05-08T20:39:13.667+0000] {dag.py:3490} INFO - Setting next_dagrun for example_dag_decorator to None, run_after=None
[2023-05-08T20:39:13.682+0000] {processor.py:178} INFO - Processing /home/airflow/.local/lib/python3.7/site-packages/airflow/example_dags/example_dag_decorator.py took 0.095 seconds
[2023-05-08T20:39:44.124+0000] {processor.py:156} INFO - Started process (PID=428) to work on /home/airflow/.local/lib/python3.7/site-packages/airflow/example_dags/example_dag_decorator.py
[2023-05-08T20:39:44.125+0000] {processor.py:799} INFO - Processing file /home/airflow/.local/lib/python3.7/site-packages/airflow/example_dags/example_dag_decorator.py for tasks to queue
[2023-05-08T20:39:44.125+0000] {logging_mixin.py:149} INFO - [2023-05-08T20:39:44.125+0000] {dagbag.py:541} INFO - Filling up the DagBag from /home/airflow/.local/lib/python3.7/site-packages/airflow/example_dags/example_dag_decorator.py
[2023-05-08T20:39:44.130+0000] {logging_mixin.py:149} INFO - [2023-05-08T20:39:44.129+0000] {taskmixin.py:211} WARNING - Dependency <Task(_PythonDecoratedOperator): prepare_email>, send_email already registered for DAG: example_dag_decorator
[2023-05-08T20:39:44.130+0000] {logging_mixin.py:149} INFO - [2023-05-08T20:39:44.130+0000] {taskmixin.py:211} WARNING - Dependency <Task(EmailOperator): send_email>, prepare_email already registered for DAG: example_dag_decorator
[2023-05-08T20:39:44.137+0000] {processor.py:809} INFO - DAG(s) dict_keys(['example_dag_decorator']) retrieved from /home/airflow/.local/lib/python3.7/site-packages/airflow/example_dags/example_dag_decorator.py
[2023-05-08T20:39:44.189+0000] {logging_mixin.py:149} INFO - [2023-05-08T20:39:44.189+0000] {dag.py:2726} INFO - Sync 1 DAGs
[2023-05-08T20:39:44.209+0000] {logging_mixin.py:149} INFO - [2023-05-08T20:39:44.209+0000] {dag.py:3490} INFO - Setting next_dagrun for example_dag_decorator to None, run_after=None
[2023-05-08T20:39:44.223+0000] {processor.py:178} INFO - Processing /home/airflow/.local/lib/python3.7/site-packages/airflow/example_dags/example_dag_decorator.py took 0.102 seconds
[2023-05-08T22:15:45.405+0000] {processor.py:156} INFO - Started process (PID=36) to work on /home/airflow/.local/lib/python3.7/site-packages/airflow/example_dags/example_dag_decorator.py
[2023-05-08T22:15:45.406+0000] {processor.py:799} INFO - Processing file /home/airflow/.local/lib/python3.7/site-packages/airflow/example_dags/example_dag_decorator.py for tasks to queue
[2023-05-08T22:15:45.407+0000] {logging_mixin.py:149} INFO - [2023-05-08T22:15:45.407+0000] {dagbag.py:541} INFO - Filling up the DagBag from /home/airflow/.local/lib/python3.7/site-packages/airflow/example_dags/example_dag_decorator.py
[2023-05-08T22:15:45.413+0000] {logging_mixin.py:149} INFO - [2023-05-08T22:15:45.413+0000] {taskmixin.py:211} WARNING - Dependency <Task(_PythonDecoratedOperator): prepare_email>, send_email already registered for DAG: example_dag_decorator
[2023-05-08T22:15:45.414+0000] {logging_mixin.py:149} INFO - [2023-05-08T22:15:45.414+0000] {taskmixin.py:211} WARNING - Dependency <Task(EmailOperator): send_email>, prepare_email already registered for DAG: example_dag_decorator
[2023-05-08T22:15:45.423+0000] {processor.py:809} INFO - DAG(s) dict_keys(['example_dag_decorator']) retrieved from /home/airflow/.local/lib/python3.7/site-packages/airflow/example_dags/example_dag_decorator.py
[2023-05-08T22:15:45.447+0000] {logging_mixin.py:149} INFO - [2023-05-08T22:15:45.447+0000] {dag.py:2726} INFO - Sync 1 DAGs
[2023-05-08T22:15:45.473+0000] {logging_mixin.py:149} INFO - [2023-05-08T22:15:45.473+0000] {dag.py:3490} INFO - Setting next_dagrun for example_dag_decorator to None, run_after=None
[2023-05-08T22:15:45.494+0000] {processor.py:178} INFO - Processing /home/airflow/.local/lib/python3.7/site-packages/airflow/example_dags/example_dag_decorator.py took 0.092 seconds
[2023-05-08T22:16:15.603+0000] {processor.py:156} INFO - Started process (PID=93) to work on /home/airflow/.local/lib/python3.7/site-packages/airflow/example_dags/example_dag_decorator.py
[2023-05-08T22:16:15.604+0000] {processor.py:799} INFO - Processing file /home/airflow/.local/lib/python3.7/site-packages/airflow/example_dags/example_dag_decorator.py for tasks to queue
[2023-05-08T22:16:15.605+0000] {logging_mixin.py:149} INFO - [2023-05-08T22:16:15.605+0000] {dagbag.py:541} INFO - Filling up the DagBag from /home/airflow/.local/lib/python3.7/site-packages/airflow/example_dags/example_dag_decorator.py
[2023-05-08T22:16:15.610+0000] {logging_mixin.py:149} INFO - [2023-05-08T22:16:15.610+0000] {taskmixin.py:211} WARNING - Dependency <Task(_PythonDecoratedOperator): prepare_email>, send_email already registered for DAG: example_dag_decorator
[2023-05-08T22:16:15.610+0000] {logging_mixin.py:149} INFO - [2023-05-08T22:16:15.610+0000] {taskmixin.py:211} WARNING - Dependency <Task(EmailOperator): send_email>, prepare_email already registered for DAG: example_dag_decorator
[2023-05-08T22:16:15.618+0000] {processor.py:809} INFO - DAG(s) dict_keys(['example_dag_decorator']) retrieved from /home/airflow/.local/lib/python3.7/site-packages/airflow/example_dags/example_dag_decorator.py
[2023-05-08T22:16:15.684+0000] {logging_mixin.py:149} INFO - [2023-05-08T22:16:15.684+0000] {dag.py:2726} INFO - Sync 1 DAGs
[2023-05-08T22:16:15.702+0000] {logging_mixin.py:149} INFO - [2023-05-08T22:16:15.702+0000] {dag.py:3490} INFO - Setting next_dagrun for example_dag_decorator to None, run_after=None
[2023-05-08T22:16:15.717+0000] {processor.py:178} INFO - Processing /home/airflow/.local/lib/python3.7/site-packages/airflow/example_dags/example_dag_decorator.py took 0.118 seconds
[2023-05-08T22:16:45.784+0000] {processor.py:156} INFO - Started process (PID=150) to work on /home/airflow/.local/lib/python3.7/site-packages/airflow/example_dags/example_dag_decorator.py
[2023-05-08T22:16:45.786+0000] {processor.py:799} INFO - Processing file /home/airflow/.local/lib/python3.7/site-packages/airflow/example_dags/example_dag_decorator.py for tasks to queue
[2023-05-08T22:16:45.787+0000] {logging_mixin.py:149} INFO - [2023-05-08T22:16:45.787+0000] {dagbag.py:541} INFO - Filling up the DagBag from /home/airflow/.local/lib/python3.7/site-packages/airflow/example_dags/example_dag_decorator.py
[2023-05-08T22:16:45.792+0000] {logging_mixin.py:149} INFO - [2023-05-08T22:16:45.792+0000] {taskmixin.py:211} WARNING - Dependency <Task(_PythonDecoratedOperator): prepare_email>, send_email already registered for DAG: example_dag_decorator
[2023-05-08T22:16:45.792+0000] {logging_mixin.py:149} INFO - [2023-05-08T22:16:45.792+0000] {taskmixin.py:211} WARNING - Dependency <Task(EmailOperator): send_email>, prepare_email already registered for DAG: example_dag_decorator
[2023-05-08T22:16:45.799+0000] {processor.py:809} INFO - DAG(s) dict_keys(['example_dag_decorator']) retrieved from /home/airflow/.local/lib/python3.7/site-packages/airflow/example_dags/example_dag_decorator.py
[2023-05-08T22:16:45.855+0000] {logging_mixin.py:149} INFO - [2023-05-08T22:16:45.855+0000] {dag.py:2726} INFO - Sync 1 DAGs
[2023-05-08T22:16:45.879+0000] {logging_mixin.py:149} INFO - [2023-05-08T22:16:45.879+0000] {dag.py:3490} INFO - Setting next_dagrun for example_dag_decorator to None, run_after=None
[2023-05-08T22:16:45.895+0000] {processor.py:178} INFO - Processing /home/airflow/.local/lib/python3.7/site-packages/airflow/example_dags/example_dag_decorator.py took 0.113 seconds
[2023-05-08T22:17:16.670+0000] {processor.py:156} INFO - Started process (PID=207) to work on /home/airflow/.local/lib/python3.7/site-packages/airflow/example_dags/example_dag_decorator.py
[2023-05-08T22:17:16.671+0000] {processor.py:799} INFO - Processing file /home/airflow/.local/lib/python3.7/site-packages/airflow/example_dags/example_dag_decorator.py for tasks to queue
[2023-05-08T22:17:16.671+0000] {logging_mixin.py:149} INFO - [2023-05-08T22:17:16.671+0000] {dagbag.py:541} INFO - Filling up the DagBag from /home/airflow/.local/lib/python3.7/site-packages/airflow/example_dags/example_dag_decorator.py
[2023-05-08T22:17:16.676+0000] {logging_mixin.py:149} INFO - [2023-05-08T22:17:16.675+0000] {taskmixin.py:211} WARNING - Dependency <Task(_PythonDecoratedOperator): prepare_email>, send_email already registered for DAG: example_dag_decorator
[2023-05-08T22:17:16.676+0000] {logging_mixin.py:149} INFO - [2023-05-08T22:17:16.676+0000] {taskmixin.py:211} WARNING - Dependency <Task(EmailOperator): send_email>, prepare_email already registered for DAG: example_dag_decorator
[2023-05-08T22:17:16.682+0000] {processor.py:809} INFO - DAG(s) dict_keys(['example_dag_decorator']) retrieved from /home/airflow/.local/lib/python3.7/site-packages/airflow/example_dags/example_dag_decorator.py
[2023-05-08T22:17:16.728+0000] {logging_mixin.py:149} INFO - [2023-05-08T22:17:16.728+0000] {dag.py:2726} INFO - Sync 1 DAGs
[2023-05-08T22:17:16.744+0000] {logging_mixin.py:149} INFO - [2023-05-08T22:17:16.744+0000] {dag.py:3490} INFO - Setting next_dagrun for example_dag_decorator to None, run_after=None
[2023-05-08T22:17:16.758+0000] {processor.py:178} INFO - Processing /home/airflow/.local/lib/python3.7/site-packages/airflow/example_dags/example_dag_decorator.py took 0.091 seconds
[2023-05-08T22:17:47.667+0000] {processor.py:156} INFO - Started process (PID=264) to work on /home/airflow/.local/lib/python3.7/site-packages/airflow/example_dags/example_dag_decorator.py
[2023-05-08T22:17:47.668+0000] {processor.py:799} INFO - Processing file /home/airflow/.local/lib/python3.7/site-packages/airflow/example_dags/example_dag_decorator.py for tasks to queue
[2023-05-08T22:17:47.668+0000] {logging_mixin.py:149} INFO - [2023-05-08T22:17:47.668+0000] {dagbag.py:541} INFO - Filling up the DagBag from /home/airflow/.local/lib/python3.7/site-packages/airflow/example_dags/example_dag_decorator.py
[2023-05-08T22:17:47.673+0000] {logging_mixin.py:149} INFO - [2023-05-08T22:17:47.673+0000] {taskmixin.py:211} WARNING - Dependency <Task(_PythonDecoratedOperator): prepare_email>, send_email already registered for DAG: example_dag_decorator
[2023-05-08T22:17:47.673+0000] {logging_mixin.py:149} INFO - [2023-05-08T22:17:47.673+0000] {taskmixin.py:211} WARNING - Dependency <Task(EmailOperator): send_email>, prepare_email already registered for DAG: example_dag_decorator
[2023-05-08T22:17:47.679+0000] {processor.py:809} INFO - DAG(s) dict_keys(['example_dag_decorator']) retrieved from /home/airflow/.local/lib/python3.7/site-packages/airflow/example_dags/example_dag_decorator.py
[2023-05-08T22:17:47.728+0000] {logging_mixin.py:149} INFO - [2023-05-08T22:17:47.728+0000] {dag.py:2726} INFO - Sync 1 DAGs
[2023-05-08T22:17:47.750+0000] {logging_mixin.py:149} INFO - [2023-05-08T22:17:47.750+0000] {dag.py:3490} INFO - Setting next_dagrun for example_dag_decorator to None, run_after=None
[2023-05-08T22:17:47.765+0000] {processor.py:178} INFO - Processing /home/airflow/.local/lib/python3.7/site-packages/airflow/example_dags/example_dag_decorator.py took 0.100 seconds
[2023-05-08T22:18:18.378+0000] {processor.py:156} INFO - Started process (PID=321) to work on /home/airflow/.local/lib/python3.7/site-packages/airflow/example_dags/example_dag_decorator.py
[2023-05-08T22:18:18.379+0000] {processor.py:799} INFO - Processing file /home/airflow/.local/lib/python3.7/site-packages/airflow/example_dags/example_dag_decorator.py for tasks to queue
[2023-05-08T22:18:18.380+0000] {logging_mixin.py:149} INFO - [2023-05-08T22:18:18.380+0000] {dagbag.py:541} INFO - Filling up the DagBag from /home/airflow/.local/lib/python3.7/site-packages/airflow/example_dags/example_dag_decorator.py
[2023-05-08T22:18:18.385+0000] {logging_mixin.py:149} INFO - [2023-05-08T22:18:18.384+0000] {taskmixin.py:211} WARNING - Dependency <Task(_PythonDecoratedOperator): prepare_email>, send_email already registered for DAG: example_dag_decorator
[2023-05-08T22:18:18.385+0000] {logging_mixin.py:149} INFO - [2023-05-08T22:18:18.385+0000] {taskmixin.py:211} WARNING - Dependency <Task(EmailOperator): send_email>, prepare_email already registered for DAG: example_dag_decorator
[2023-05-08T22:18:18.391+0000] {processor.py:809} INFO - DAG(s) dict_keys(['example_dag_decorator']) retrieved from /home/airflow/.local/lib/python3.7/site-packages/airflow/example_dags/example_dag_decorator.py
[2023-05-08T22:18:18.447+0000] {logging_mixin.py:149} INFO - [2023-05-08T22:18:18.447+0000] {dag.py:2726} INFO - Sync 1 DAGs
[2023-05-08T22:18:18.469+0000] {logging_mixin.py:149} INFO - [2023-05-08T22:18:18.469+0000] {dag.py:3490} INFO - Setting next_dagrun for example_dag_decorator to None, run_after=None
[2023-05-08T22:18:18.483+0000] {processor.py:178} INFO - Processing /home/airflow/.local/lib/python3.7/site-packages/airflow/example_dags/example_dag_decorator.py took 0.107 seconds
[2023-05-08T22:18:49.430+0000] {processor.py:156} INFO - Started process (PID=378) to work on /home/airflow/.local/lib/python3.7/site-packages/airflow/example_dags/example_dag_decorator.py
[2023-05-08T22:18:49.431+0000] {processor.py:799} INFO - Processing file /home/airflow/.local/lib/python3.7/site-packages/airflow/example_dags/example_dag_decorator.py for tasks to queue
[2023-05-08T22:18:49.432+0000] {logging_mixin.py:149} INFO - [2023-05-08T22:18:49.432+0000] {dagbag.py:541} INFO - Filling up the DagBag from /home/airflow/.local/lib/python3.7/site-packages/airflow/example_dags/example_dag_decorator.py
[2023-05-08T22:18:49.436+0000] {logging_mixin.py:149} INFO - [2023-05-08T22:18:49.436+0000] {taskmixin.py:211} WARNING - Dependency <Task(_PythonDecoratedOperator): prepare_email>, send_email already registered for DAG: example_dag_decorator
[2023-05-08T22:18:49.437+0000] {logging_mixin.py:149} INFO - [2023-05-08T22:18:49.437+0000] {taskmixin.py:211} WARNING - Dependency <Task(EmailOperator): send_email>, prepare_email already registered for DAG: example_dag_decorator
[2023-05-08T22:18:49.442+0000] {processor.py:809} INFO - DAG(s) dict_keys(['example_dag_decorator']) retrieved from /home/airflow/.local/lib/python3.7/site-packages/airflow/example_dags/example_dag_decorator.py
[2023-05-08T22:18:49.492+0000] {logging_mixin.py:149} INFO - [2023-05-08T22:18:49.492+0000] {dag.py:2726} INFO - Sync 1 DAGs
[2023-05-08T22:18:49.509+0000] {logging_mixin.py:149} INFO - [2023-05-08T22:18:49.509+0000] {dag.py:3490} INFO - Setting next_dagrun for example_dag_decorator to None, run_after=None
[2023-05-08T22:18:49.524+0000] {processor.py:178} INFO - Processing /home/airflow/.local/lib/python3.7/site-packages/airflow/example_dags/example_dag_decorator.py took 0.096 seconds
[2023-05-08T22:19:20.413+0000] {processor.py:156} INFO - Started process (PID=435) to work on /home/airflow/.local/lib/python3.7/site-packages/airflow/example_dags/example_dag_decorator.py
[2023-05-08T22:19:20.414+0000] {processor.py:799} INFO - Processing file /home/airflow/.local/lib/python3.7/site-packages/airflow/example_dags/example_dag_decorator.py for tasks to queue
[2023-05-08T22:19:20.415+0000] {logging_mixin.py:149} INFO - [2023-05-08T22:19:20.415+0000] {dagbag.py:541} INFO - Filling up the DagBag from /home/airflow/.local/lib/python3.7/site-packages/airflow/example_dags/example_dag_decorator.py
[2023-05-08T22:19:20.419+0000] {logging_mixin.py:149} INFO - [2023-05-08T22:19:20.419+0000] {taskmixin.py:211} WARNING - Dependency <Task(_PythonDecoratedOperator): prepare_email>, send_email already registered for DAG: example_dag_decorator
[2023-05-08T22:19:20.420+0000] {logging_mixin.py:149} INFO - [2023-05-08T22:19:20.420+0000] {taskmixin.py:211} WARNING - Dependency <Task(EmailOperator): send_email>, prepare_email already registered for DAG: example_dag_decorator
[2023-05-08T22:19:20.426+0000] {processor.py:809} INFO - DAG(s) dict_keys(['example_dag_decorator']) retrieved from /home/airflow/.local/lib/python3.7/site-packages/airflow/example_dags/example_dag_decorator.py
[2023-05-08T22:19:20.475+0000] {logging_mixin.py:149} INFO - [2023-05-08T22:19:20.475+0000] {dag.py:2726} INFO - Sync 1 DAGs
[2023-05-08T22:19:20.498+0000] {logging_mixin.py:149} INFO - [2023-05-08T22:19:20.498+0000] {dag.py:3490} INFO - Setting next_dagrun for example_dag_decorator to None, run_after=None
[2023-05-08T22:19:20.513+0000] {processor.py:178} INFO - Processing /home/airflow/.local/lib/python3.7/site-packages/airflow/example_dags/example_dag_decorator.py took 0.102 seconds
[2023-05-08T22:19:51.115+0000] {processor.py:156} INFO - Started process (PID=492) to work on /home/airflow/.local/lib/python3.7/site-packages/airflow/example_dags/example_dag_decorator.py
[2023-05-08T22:19:51.116+0000] {processor.py:799} INFO - Processing file /home/airflow/.local/lib/python3.7/site-packages/airflow/example_dags/example_dag_decorator.py for tasks to queue
[2023-05-08T22:19:51.116+0000] {logging_mixin.py:149} INFO - [2023-05-08T22:19:51.116+0000] {dagbag.py:541} INFO - Filling up the DagBag from /home/airflow/.local/lib/python3.7/site-packages/airflow/example_dags/example_dag_decorator.py
[2023-05-08T22:19:51.121+0000] {logging_mixin.py:149} INFO - [2023-05-08T22:19:51.121+0000] {taskmixin.py:211} WARNING - Dependency <Task(_PythonDecoratedOperator): prepare_email>, send_email already registered for DAG: example_dag_decorator
[2023-05-08T22:19:51.121+0000] {logging_mixin.py:149} INFO - [2023-05-08T22:19:51.121+0000] {taskmixin.py:211} WARNING - Dependency <Task(EmailOperator): send_email>, prepare_email already registered for DAG: example_dag_decorator
[2023-05-08T22:19:51.127+0000] {processor.py:809} INFO - DAG(s) dict_keys(['example_dag_decorator']) retrieved from /home/airflow/.local/lib/python3.7/site-packages/airflow/example_dags/example_dag_decorator.py
[2023-05-08T22:19:51.171+0000] {logging_mixin.py:149} INFO - [2023-05-08T22:19:51.171+0000] {dag.py:2726} INFO - Sync 1 DAGs
[2023-05-08T22:19:51.189+0000] {logging_mixin.py:149} INFO - [2023-05-08T22:19:51.189+0000] {dag.py:3490} INFO - Setting next_dagrun for example_dag_decorator to None, run_after=None
[2023-05-08T22:19:51.202+0000] {processor.py:178} INFO - Processing /home/airflow/.local/lib/python3.7/site-packages/airflow/example_dags/example_dag_decorator.py took 0.090 seconds
[2023-05-08T22:20:21.863+0000] {processor.py:156} INFO - Started process (PID=550) to work on /home/airflow/.local/lib/python3.7/site-packages/airflow/example_dags/example_dag_decorator.py
[2023-05-08T22:20:21.864+0000] {processor.py:799} INFO - Processing file /home/airflow/.local/lib/python3.7/site-packages/airflow/example_dags/example_dag_decorator.py for tasks to queue
[2023-05-08T22:20:21.865+0000] {logging_mixin.py:149} INFO - [2023-05-08T22:20:21.864+0000] {dagbag.py:541} INFO - Filling up the DagBag from /home/airflow/.local/lib/python3.7/site-packages/airflow/example_dags/example_dag_decorator.py
[2023-05-08T22:20:21.869+0000] {logging_mixin.py:149} INFO - [2023-05-08T22:20:21.869+0000] {taskmixin.py:211} WARNING - Dependency <Task(_PythonDecoratedOperator): prepare_email>, send_email already registered for DAG: example_dag_decorator
[2023-05-08T22:20:21.869+0000] {logging_mixin.py:149} INFO - [2023-05-08T22:20:21.869+0000] {taskmixin.py:211} WARNING - Dependency <Task(EmailOperator): send_email>, prepare_email already registered for DAG: example_dag_decorator
[2023-05-08T22:20:21.876+0000] {processor.py:809} INFO - DAG(s) dict_keys(['example_dag_decorator']) retrieved from /home/airflow/.local/lib/python3.7/site-packages/airflow/example_dags/example_dag_decorator.py
[2023-05-08T22:20:21.930+0000] {logging_mixin.py:149} INFO - [2023-05-08T22:20:21.930+0000] {dag.py:2726} INFO - Sync 1 DAGs
[2023-05-08T22:20:21.949+0000] {logging_mixin.py:149} INFO - [2023-05-08T22:20:21.949+0000] {dag.py:3490} INFO - Setting next_dagrun for example_dag_decorator to None, run_after=None
[2023-05-08T22:20:21.963+0000] {processor.py:178} INFO - Processing /home/airflow/.local/lib/python3.7/site-packages/airflow/example_dags/example_dag_decorator.py took 0.103 seconds
[2023-05-08T22:20:52.675+0000] {processor.py:156} INFO - Started process (PID=607) to work on /home/airflow/.local/lib/python3.7/site-packages/airflow/example_dags/example_dag_decorator.py
[2023-05-08T22:20:52.676+0000] {processor.py:799} INFO - Processing file /home/airflow/.local/lib/python3.7/site-packages/airflow/example_dags/example_dag_decorator.py for tasks to queue
[2023-05-08T22:20:52.677+0000] {logging_mixin.py:149} INFO - [2023-05-08T22:20:52.677+0000] {dagbag.py:541} INFO - Filling up the DagBag from /home/airflow/.local/lib/python3.7/site-packages/airflow/example_dags/example_dag_decorator.py
[2023-05-08T22:20:52.681+0000] {logging_mixin.py:149} INFO - [2023-05-08T22:20:52.681+0000] {taskmixin.py:211} WARNING - Dependency <Task(_PythonDecoratedOperator): prepare_email>, send_email already registered for DAG: example_dag_decorator
[2023-05-08T22:20:52.682+0000] {logging_mixin.py:149} INFO - [2023-05-08T22:20:52.682+0000] {taskmixin.py:211} WARNING - Dependency <Task(EmailOperator): send_email>, prepare_email already registered for DAG: example_dag_decorator
[2023-05-08T22:20:52.687+0000] {processor.py:809} INFO - DAG(s) dict_keys(['example_dag_decorator']) retrieved from /home/airflow/.local/lib/python3.7/site-packages/airflow/example_dags/example_dag_decorator.py
[2023-05-08T22:20:52.734+0000] {logging_mixin.py:149} INFO - [2023-05-08T22:20:52.734+0000] {dag.py:2726} INFO - Sync 1 DAGs
[2023-05-08T22:20:52.753+0000] {logging_mixin.py:149} INFO - [2023-05-08T22:20:52.753+0000] {dag.py:3490} INFO - Setting next_dagrun for example_dag_decorator to None, run_after=None
[2023-05-08T22:20:52.767+0000] {processor.py:178} INFO - Processing /home/airflow/.local/lib/python3.7/site-packages/airflow/example_dags/example_dag_decorator.py took 0.094 seconds
[2023-05-08T22:21:23.576+0000] {processor.py:156} INFO - Started process (PID=664) to work on /home/airflow/.local/lib/python3.7/site-packages/airflow/example_dags/example_dag_decorator.py
[2023-05-08T22:21:23.577+0000] {processor.py:799} INFO - Processing file /home/airflow/.local/lib/python3.7/site-packages/airflow/example_dags/example_dag_decorator.py for tasks to queue
[2023-05-08T22:21:23.578+0000] {logging_mixin.py:149} INFO - [2023-05-08T22:21:23.578+0000] {dagbag.py:541} INFO - Filling up the DagBag from /home/airflow/.local/lib/python3.7/site-packages/airflow/example_dags/example_dag_decorator.py
[2023-05-08T22:21:23.582+0000] {logging_mixin.py:149} INFO - [2023-05-08T22:21:23.582+0000] {taskmixin.py:211} WARNING - Dependency <Task(_PythonDecoratedOperator): prepare_email>, send_email already registered for DAG: example_dag_decorator
[2023-05-08T22:21:23.583+0000] {logging_mixin.py:149} INFO - [2023-05-08T22:21:23.583+0000] {taskmixin.py:211} WARNING - Dependency <Task(EmailOperator): send_email>, prepare_email already registered for DAG: example_dag_decorator
[2023-05-08T22:21:23.589+0000] {processor.py:809} INFO - DAG(s) dict_keys(['example_dag_decorator']) retrieved from /home/airflow/.local/lib/python3.7/site-packages/airflow/example_dags/example_dag_decorator.py
[2023-05-08T22:21:23.651+0000] {logging_mixin.py:149} INFO - [2023-05-08T22:21:23.651+0000] {dag.py:2726} INFO - Sync 1 DAGs
[2023-05-08T22:21:23.673+0000] {logging_mixin.py:149} INFO - [2023-05-08T22:21:23.672+0000] {dag.py:3490} INFO - Setting next_dagrun for example_dag_decorator to None, run_after=None
[2023-05-08T22:21:23.687+0000] {processor.py:178} INFO - Processing /home/airflow/.local/lib/python3.7/site-packages/airflow/example_dags/example_dag_decorator.py took 0.113 seconds
[2023-05-08T22:22:06.872+0000] {processor.py:156} INFO - Started process (PID=37) to work on /home/airflow/.local/lib/python3.7/site-packages/airflow/example_dags/example_dag_decorator.py
[2023-05-08T22:22:06.873+0000] {processor.py:799} INFO - Processing file /home/airflow/.local/lib/python3.7/site-packages/airflow/example_dags/example_dag_decorator.py for tasks to queue
[2023-05-08T22:22:06.874+0000] {logging_mixin.py:149} INFO - [2023-05-08T22:22:06.874+0000] {dagbag.py:541} INFO - Filling up the DagBag from /home/airflow/.local/lib/python3.7/site-packages/airflow/example_dags/example_dag_decorator.py
[2023-05-08T22:22:06.881+0000] {logging_mixin.py:149} INFO - [2023-05-08T22:22:06.881+0000] {taskmixin.py:211} WARNING - Dependency <Task(_PythonDecoratedOperator): prepare_email>, send_email already registered for DAG: example_dag_decorator
[2023-05-08T22:22:06.882+0000] {logging_mixin.py:149} INFO - [2023-05-08T22:22:06.882+0000] {taskmixin.py:211} WARNING - Dependency <Task(EmailOperator): send_email>, prepare_email already registered for DAG: example_dag_decorator
[2023-05-08T22:22:06.897+0000] {processor.py:809} INFO - DAG(s) dict_keys(['example_dag_decorator']) retrieved from /home/airflow/.local/lib/python3.7/site-packages/airflow/example_dags/example_dag_decorator.py
[2023-05-08T22:22:06.915+0000] {logging_mixin.py:149} INFO - [2023-05-08T22:22:06.915+0000] {dag.py:2726} INFO - Sync 1 DAGs
[2023-05-08T22:22:06.940+0000] {logging_mixin.py:149} INFO - [2023-05-08T22:22:06.940+0000] {dag.py:3490} INFO - Setting next_dagrun for example_dag_decorator to None, run_after=None
[2023-05-08T22:22:06.959+0000] {processor.py:178} INFO - Processing /home/airflow/.local/lib/python3.7/site-packages/airflow/example_dags/example_dag_decorator.py took 0.092 seconds
[2023-05-08T22:22:37.219+0000] {processor.py:156} INFO - Started process (PID=94) to work on /home/airflow/.local/lib/python3.7/site-packages/airflow/example_dags/example_dag_decorator.py
[2023-05-08T22:22:37.220+0000] {processor.py:799} INFO - Processing file /home/airflow/.local/lib/python3.7/site-packages/airflow/example_dags/example_dag_decorator.py for tasks to queue
[2023-05-08T22:22:37.220+0000] {logging_mixin.py:149} INFO - [2023-05-08T22:22:37.220+0000] {dagbag.py:541} INFO - Filling up the DagBag from /home/airflow/.local/lib/python3.7/site-packages/airflow/example_dags/example_dag_decorator.py
[2023-05-08T22:22:37.225+0000] {logging_mixin.py:149} INFO - [2023-05-08T22:22:37.225+0000] {taskmixin.py:211} WARNING - Dependency <Task(_PythonDecoratedOperator): prepare_email>, send_email already registered for DAG: example_dag_decorator
[2023-05-08T22:22:37.225+0000] {logging_mixin.py:149} INFO - [2023-05-08T22:22:37.225+0000] {taskmixin.py:211} WARNING - Dependency <Task(EmailOperator): send_email>, prepare_email already registered for DAG: example_dag_decorator
[2023-05-08T22:22:37.232+0000] {processor.py:809} INFO - DAG(s) dict_keys(['example_dag_decorator']) retrieved from /home/airflow/.local/lib/python3.7/site-packages/airflow/example_dags/example_dag_decorator.py
[2023-05-08T22:22:37.282+0000] {logging_mixin.py:149} INFO - [2023-05-08T22:22:37.282+0000] {dag.py:2726} INFO - Sync 1 DAGs
[2023-05-08T22:22:37.302+0000] {logging_mixin.py:149} INFO - [2023-05-08T22:22:37.302+0000] {dag.py:3490} INFO - Setting next_dagrun for example_dag_decorator to None, run_after=None
[2023-05-08T22:22:37.317+0000] {processor.py:178} INFO - Processing /home/airflow/.local/lib/python3.7/site-packages/airflow/example_dags/example_dag_decorator.py took 0.101 seconds
[2023-05-08T22:23:07.388+0000] {processor.py:156} INFO - Started process (PID=151) to work on /home/airflow/.local/lib/python3.7/site-packages/airflow/example_dags/example_dag_decorator.py
[2023-05-08T22:23:07.389+0000] {processor.py:799} INFO - Processing file /home/airflow/.local/lib/python3.7/site-packages/airflow/example_dags/example_dag_decorator.py for tasks to queue
[2023-05-08T22:23:07.389+0000] {logging_mixin.py:149} INFO - [2023-05-08T22:23:07.389+0000] {dagbag.py:541} INFO - Filling up the DagBag from /home/airflow/.local/lib/python3.7/site-packages/airflow/example_dags/example_dag_decorator.py
[2023-05-08T22:23:07.394+0000] {logging_mixin.py:149} INFO - [2023-05-08T22:23:07.394+0000] {taskmixin.py:211} WARNING - Dependency <Task(_PythonDecoratedOperator): prepare_email>, send_email already registered for DAG: example_dag_decorator
[2023-05-08T22:23:07.394+0000] {logging_mixin.py:149} INFO - [2023-05-08T22:23:07.394+0000] {taskmixin.py:211} WARNING - Dependency <Task(EmailOperator): send_email>, prepare_email already registered for DAG: example_dag_decorator
[2023-05-08T22:23:07.402+0000] {processor.py:809} INFO - DAG(s) dict_keys(['example_dag_decorator']) retrieved from /home/airflow/.local/lib/python3.7/site-packages/airflow/example_dags/example_dag_decorator.py
[2023-05-08T22:23:07.457+0000] {logging_mixin.py:149} INFO - [2023-05-08T22:23:07.456+0000] {dag.py:2726} INFO - Sync 1 DAGs
[2023-05-08T22:23:07.477+0000] {logging_mixin.py:149} INFO - [2023-05-08T22:23:07.477+0000] {dag.py:3490} INFO - Setting next_dagrun for example_dag_decorator to None, run_after=None
[2023-05-08T22:23:07.491+0000] {processor.py:178} INFO - Processing /home/airflow/.local/lib/python3.7/site-packages/airflow/example_dags/example_dag_decorator.py took 0.106 seconds
[2023-05-08T22:23:38.407+0000] {processor.py:156} INFO - Started process (PID=208) to work on /home/airflow/.local/lib/python3.7/site-packages/airflow/example_dags/example_dag_decorator.py
[2023-05-08T22:23:38.409+0000] {processor.py:799} INFO - Processing file /home/airflow/.local/lib/python3.7/site-packages/airflow/example_dags/example_dag_decorator.py for tasks to queue
[2023-05-08T22:23:38.409+0000] {logging_mixin.py:149} INFO - [2023-05-08T22:23:38.409+0000] {dagbag.py:541} INFO - Filling up the DagBag from /home/airflow/.local/lib/python3.7/site-packages/airflow/example_dags/example_dag_decorator.py
[2023-05-08T22:23:38.414+0000] {logging_mixin.py:149} INFO - [2023-05-08T22:23:38.414+0000] {taskmixin.py:211} WARNING - Dependency <Task(_PythonDecoratedOperator): prepare_email>, send_email already registered for DAG: example_dag_decorator
[2023-05-08T22:23:38.415+0000] {logging_mixin.py:149} INFO - [2023-05-08T22:23:38.414+0000] {taskmixin.py:211} WARNING - Dependency <Task(EmailOperator): send_email>, prepare_email already registered for DAG: example_dag_decorator
[2023-05-08T22:23:38.422+0000] {processor.py:809} INFO - DAG(s) dict_keys(['example_dag_decorator']) retrieved from /home/airflow/.local/lib/python3.7/site-packages/airflow/example_dags/example_dag_decorator.py
[2023-05-08T22:23:38.469+0000] {logging_mixin.py:149} INFO - [2023-05-08T22:23:38.469+0000] {dag.py:2726} INFO - Sync 1 DAGs
[2023-05-08T22:23:38.497+0000] {logging_mixin.py:149} INFO - [2023-05-08T22:23:38.497+0000] {dag.py:3490} INFO - Setting next_dagrun for example_dag_decorator to None, run_after=None
[2023-05-08T22:23:38.511+0000] {processor.py:178} INFO - Processing /home/airflow/.local/lib/python3.7/site-packages/airflow/example_dags/example_dag_decorator.py took 0.107 seconds
[2023-05-08T22:24:09.165+0000] {processor.py:156} INFO - Started process (PID=265) to work on /home/airflow/.local/lib/python3.7/site-packages/airflow/example_dags/example_dag_decorator.py
[2023-05-08T22:24:09.166+0000] {processor.py:799} INFO - Processing file /home/airflow/.local/lib/python3.7/site-packages/airflow/example_dags/example_dag_decorator.py for tasks to queue
[2023-05-08T22:24:09.166+0000] {logging_mixin.py:149} INFO - [2023-05-08T22:24:09.166+0000] {dagbag.py:541} INFO - Filling up the DagBag from /home/airflow/.local/lib/python3.7/site-packages/airflow/example_dags/example_dag_decorator.py
[2023-05-08T22:24:09.171+0000] {logging_mixin.py:149} INFO - [2023-05-08T22:24:09.171+0000] {taskmixin.py:211} WARNING - Dependency <Task(_PythonDecoratedOperator): prepare_email>, send_email already registered for DAG: example_dag_decorator
[2023-05-08T22:24:09.171+0000] {logging_mixin.py:149} INFO - [2023-05-08T22:24:09.171+0000] {taskmixin.py:211} WARNING - Dependency <Task(EmailOperator): send_email>, prepare_email already registered for DAG: example_dag_decorator
[2023-05-08T22:24:09.177+0000] {processor.py:809} INFO - DAG(s) dict_keys(['example_dag_decorator']) retrieved from /home/airflow/.local/lib/python3.7/site-packages/airflow/example_dags/example_dag_decorator.py
[2023-05-08T22:24:09.222+0000] {logging_mixin.py:149} INFO - [2023-05-08T22:24:09.222+0000] {dag.py:2726} INFO - Sync 1 DAGs
[2023-05-08T22:24:09.239+0000] {logging_mixin.py:149} INFO - [2023-05-08T22:24:09.239+0000] {dag.py:3490} INFO - Setting next_dagrun for example_dag_decorator to None, run_after=None
[2023-05-08T22:24:09.252+0000] {processor.py:178} INFO - Processing /home/airflow/.local/lib/python3.7/site-packages/airflow/example_dags/example_dag_decorator.py took 0.090 seconds
[2023-05-08T22:24:39.927+0000] {processor.py:156} INFO - Started process (PID=322) to work on /home/airflow/.local/lib/python3.7/site-packages/airflow/example_dags/example_dag_decorator.py
[2023-05-08T22:24:39.928+0000] {processor.py:799} INFO - Processing file /home/airflow/.local/lib/python3.7/site-packages/airflow/example_dags/example_dag_decorator.py for tasks to queue
[2023-05-08T22:24:39.928+0000] {logging_mixin.py:149} INFO - [2023-05-08T22:24:39.928+0000] {dagbag.py:541} INFO - Filling up the DagBag from /home/airflow/.local/lib/python3.7/site-packages/airflow/example_dags/example_dag_decorator.py
[2023-05-08T22:24:39.933+0000] {logging_mixin.py:149} INFO - [2023-05-08T22:24:39.933+0000] {taskmixin.py:211} WARNING - Dependency <Task(_PythonDecoratedOperator): prepare_email>, send_email already registered for DAG: example_dag_decorator
[2023-05-08T22:24:39.933+0000] {logging_mixin.py:149} INFO - [2023-05-08T22:24:39.933+0000] {taskmixin.py:211} WARNING - Dependency <Task(EmailOperator): send_email>, prepare_email already registered for DAG: example_dag_decorator
[2023-05-08T22:24:39.939+0000] {processor.py:809} INFO - DAG(s) dict_keys(['example_dag_decorator']) retrieved from /home/airflow/.local/lib/python3.7/site-packages/airflow/example_dags/example_dag_decorator.py
[2023-05-08T22:24:39.982+0000] {logging_mixin.py:149} INFO - [2023-05-08T22:24:39.982+0000] {dag.py:2726} INFO - Sync 1 DAGs
[2023-05-08T22:24:39.998+0000] {logging_mixin.py:149} INFO - [2023-05-08T22:24:39.998+0000] {dag.py:3490} INFO - Setting next_dagrun for example_dag_decorator to None, run_after=None
[2023-05-08T22:24:40.012+0000] {processor.py:178} INFO - Processing /home/airflow/.local/lib/python3.7/site-packages/airflow/example_dags/example_dag_decorator.py took 0.087 seconds
[2023-05-08T22:25:10.641+0000] {processor.py:156} INFO - Started process (PID=379) to work on /home/airflow/.local/lib/python3.7/site-packages/airflow/example_dags/example_dag_decorator.py
[2023-05-08T22:25:10.642+0000] {processor.py:799} INFO - Processing file /home/airflow/.local/lib/python3.7/site-packages/airflow/example_dags/example_dag_decorator.py for tasks to queue
[2023-05-08T22:25:10.643+0000] {logging_mixin.py:149} INFO - [2023-05-08T22:25:10.643+0000] {dagbag.py:541} INFO - Filling up the DagBag from /home/airflow/.local/lib/python3.7/site-packages/airflow/example_dags/example_dag_decorator.py
[2023-05-08T22:25:10.647+0000] {logging_mixin.py:149} INFO - [2023-05-08T22:25:10.647+0000] {taskmixin.py:211} WARNING - Dependency <Task(_PythonDecoratedOperator): prepare_email>, send_email already registered for DAG: example_dag_decorator
[2023-05-08T22:25:10.648+0000] {logging_mixin.py:149} INFO - [2023-05-08T22:25:10.647+0000] {taskmixin.py:211} WARNING - Dependency <Task(EmailOperator): send_email>, prepare_email already registered for DAG: example_dag_decorator
[2023-05-08T22:25:10.653+0000] {processor.py:809} INFO - DAG(s) dict_keys(['example_dag_decorator']) retrieved from /home/airflow/.local/lib/python3.7/site-packages/airflow/example_dags/example_dag_decorator.py
[2023-05-08T22:25:10.697+0000] {logging_mixin.py:149} INFO - [2023-05-08T22:25:10.697+0000] {dag.py:2726} INFO - Sync 1 DAGs
[2023-05-08T22:25:10.715+0000] {logging_mixin.py:149} INFO - [2023-05-08T22:25:10.714+0000] {dag.py:3490} INFO - Setting next_dagrun for example_dag_decorator to None, run_after=None
[2023-05-08T22:25:10.728+0000] {processor.py:178} INFO - Processing /home/airflow/.local/lib/python3.7/site-packages/airflow/example_dags/example_dag_decorator.py took 0.089 seconds
[2023-05-08T22:25:58.330+0000] {processor.py:156} INFO - Started process (PID=37) to work on /home/airflow/.local/lib/python3.7/site-packages/airflow/example_dags/example_dag_decorator.py
[2023-05-08T22:25:58.332+0000] {processor.py:799} INFO - Processing file /home/airflow/.local/lib/python3.7/site-packages/airflow/example_dags/example_dag_decorator.py for tasks to queue
[2023-05-08T22:25:58.333+0000] {logging_mixin.py:149} INFO - [2023-05-08T22:25:58.333+0000] {dagbag.py:541} INFO - Filling up the DagBag from /home/airflow/.local/lib/python3.7/site-packages/airflow/example_dags/example_dag_decorator.py
[2023-05-08T22:25:58.339+0000] {logging_mixin.py:149} INFO - [2023-05-08T22:25:58.339+0000] {taskmixin.py:211} WARNING - Dependency <Task(_PythonDecoratedOperator): prepare_email>, send_email already registered for DAG: example_dag_decorator
[2023-05-08T22:25:58.339+0000] {logging_mixin.py:149} INFO - [2023-05-08T22:25:58.339+0000] {taskmixin.py:211} WARNING - Dependency <Task(EmailOperator): send_email>, prepare_email already registered for DAG: example_dag_decorator
[2023-05-08T22:25:58.349+0000] {processor.py:809} INFO - DAG(s) dict_keys(['example_dag_decorator']) retrieved from /home/airflow/.local/lib/python3.7/site-packages/airflow/example_dags/example_dag_decorator.py
[2023-05-08T22:25:58.364+0000] {logging_mixin.py:149} INFO - [2023-05-08T22:25:58.364+0000] {dag.py:2726} INFO - Sync 1 DAGs
[2023-05-08T22:25:58.388+0000] {logging_mixin.py:149} INFO - [2023-05-08T22:25:58.388+0000] {dag.py:3490} INFO - Setting next_dagrun for example_dag_decorator to None, run_after=None
[2023-05-08T22:25:58.402+0000] {processor.py:178} INFO - Processing /home/airflow/.local/lib/python3.7/site-packages/airflow/example_dags/example_dag_decorator.py took 0.074 seconds
[2023-05-08T22:26:28.676+0000] {processor.py:156} INFO - Started process (PID=94) to work on /home/airflow/.local/lib/python3.7/site-packages/airflow/example_dags/example_dag_decorator.py
[2023-05-08T22:26:28.677+0000] {processor.py:799} INFO - Processing file /home/airflow/.local/lib/python3.7/site-packages/airflow/example_dags/example_dag_decorator.py for tasks to queue
[2023-05-08T22:26:28.677+0000] {logging_mixin.py:149} INFO - [2023-05-08T22:26:28.677+0000] {dagbag.py:541} INFO - Filling up the DagBag from /home/airflow/.local/lib/python3.7/site-packages/airflow/example_dags/example_dag_decorator.py
[2023-05-08T22:26:28.682+0000] {logging_mixin.py:149} INFO - [2023-05-08T22:26:28.682+0000] {taskmixin.py:211} WARNING - Dependency <Task(_PythonDecoratedOperator): prepare_email>, send_email already registered for DAG: example_dag_decorator
[2023-05-08T22:26:28.682+0000] {logging_mixin.py:149} INFO - [2023-05-08T22:26:28.682+0000] {taskmixin.py:211} WARNING - Dependency <Task(EmailOperator): send_email>, prepare_email already registered for DAG: example_dag_decorator
[2023-05-08T22:26:28.689+0000] {processor.py:809} INFO - DAG(s) dict_keys(['example_dag_decorator']) retrieved from /home/airflow/.local/lib/python3.7/site-packages/airflow/example_dags/example_dag_decorator.py
[2023-05-08T22:26:28.739+0000] {logging_mixin.py:149} INFO - [2023-05-08T22:26:28.739+0000] {dag.py:2726} INFO - Sync 1 DAGs
[2023-05-08T22:26:28.757+0000] {logging_mixin.py:149} INFO - [2023-05-08T22:26:28.757+0000] {dag.py:3490} INFO - Setting next_dagrun for example_dag_decorator to None, run_after=None
[2023-05-08T22:26:28.779+0000] {processor.py:178} INFO - Processing /home/airflow/.local/lib/python3.7/site-packages/airflow/example_dags/example_dag_decorator.py took 0.105 seconds
[2023-05-08T22:26:59.618+0000] {processor.py:156} INFO - Started process (PID=151) to work on /home/airflow/.local/lib/python3.7/site-packages/airflow/example_dags/example_dag_decorator.py
[2023-05-08T22:26:59.619+0000] {processor.py:799} INFO - Processing file /home/airflow/.local/lib/python3.7/site-packages/airflow/example_dags/example_dag_decorator.py for tasks to queue
[2023-05-08T22:26:59.619+0000] {logging_mixin.py:149} INFO - [2023-05-08T22:26:59.619+0000] {dagbag.py:541} INFO - Filling up the DagBag from /home/airflow/.local/lib/python3.7/site-packages/airflow/example_dags/example_dag_decorator.py
[2023-05-08T22:26:59.623+0000] {logging_mixin.py:149} INFO - [2023-05-08T22:26:59.623+0000] {taskmixin.py:211} WARNING - Dependency <Task(_PythonDecoratedOperator): prepare_email>, send_email already registered for DAG: example_dag_decorator
[2023-05-08T22:26:59.624+0000] {logging_mixin.py:149} INFO - [2023-05-08T22:26:59.624+0000] {taskmixin.py:211} WARNING - Dependency <Task(EmailOperator): send_email>, prepare_email already registered for DAG: example_dag_decorator
[2023-05-08T22:26:59.630+0000] {processor.py:809} INFO - DAG(s) dict_keys(['example_dag_decorator']) retrieved from /home/airflow/.local/lib/python3.7/site-packages/airflow/example_dags/example_dag_decorator.py
[2023-05-08T22:26:59.674+0000] {logging_mixin.py:149} INFO - [2023-05-08T22:26:59.674+0000] {dag.py:2726} INFO - Sync 1 DAGs
[2023-05-08T22:26:59.694+0000] {logging_mixin.py:149} INFO - [2023-05-08T22:26:59.694+0000] {dag.py:3490} INFO - Setting next_dagrun for example_dag_decorator to None, run_after=None
[2023-05-08T22:26:59.709+0000] {processor.py:178} INFO - Processing /home/airflow/.local/lib/python3.7/site-packages/airflow/example_dags/example_dag_decorator.py took 0.093 seconds
[2023-05-08T22:27:30.514+0000] {processor.py:156} INFO - Started process (PID=208) to work on /home/airflow/.local/lib/python3.7/site-packages/airflow/example_dags/example_dag_decorator.py
[2023-05-08T22:27:30.515+0000] {processor.py:799} INFO - Processing file /home/airflow/.local/lib/python3.7/site-packages/airflow/example_dags/example_dag_decorator.py for tasks to queue
[2023-05-08T22:27:30.516+0000] {logging_mixin.py:149} INFO - [2023-05-08T22:27:30.516+0000] {dagbag.py:541} INFO - Filling up the DagBag from /home/airflow/.local/lib/python3.7/site-packages/airflow/example_dags/example_dag_decorator.py
[2023-05-08T22:27:30.521+0000] {logging_mixin.py:149} INFO - [2023-05-08T22:27:30.521+0000] {taskmixin.py:211} WARNING - Dependency <Task(_PythonDecoratedOperator): prepare_email>, send_email already registered for DAG: example_dag_decorator
[2023-05-08T22:27:30.521+0000] {logging_mixin.py:149} INFO - [2023-05-08T22:27:30.521+0000] {taskmixin.py:211} WARNING - Dependency <Task(EmailOperator): send_email>, prepare_email already registered for DAG: example_dag_decorator
[2023-05-08T22:27:30.528+0000] {processor.py:809} INFO - DAG(s) dict_keys(['example_dag_decorator']) retrieved from /home/airflow/.local/lib/python3.7/site-packages/airflow/example_dags/example_dag_decorator.py
[2023-05-08T22:27:30.573+0000] {logging_mixin.py:149} INFO - [2023-05-08T22:27:30.573+0000] {dag.py:2726} INFO - Sync 1 DAGs
[2023-05-08T22:27:30.590+0000] {logging_mixin.py:149} INFO - [2023-05-08T22:27:30.590+0000] {dag.py:3490} INFO - Setting next_dagrun for example_dag_decorator to None, run_after=None
[2023-05-08T22:27:30.604+0000] {processor.py:178} INFO - Processing /home/airflow/.local/lib/python3.7/site-packages/airflow/example_dags/example_dag_decorator.py took 0.093 seconds
[2023-05-08T22:28:01.064+0000] {processor.py:156} INFO - Started process (PID=265) to work on /home/airflow/.local/lib/python3.7/site-packages/airflow/example_dags/example_dag_decorator.py
[2023-05-08T22:28:01.065+0000] {processor.py:799} INFO - Processing file /home/airflow/.local/lib/python3.7/site-packages/airflow/example_dags/example_dag_decorator.py for tasks to queue
[2023-05-08T22:28:01.065+0000] {logging_mixin.py:149} INFO - [2023-05-08T22:28:01.065+0000] {dagbag.py:541} INFO - Filling up the DagBag from /home/airflow/.local/lib/python3.7/site-packages/airflow/example_dags/example_dag_decorator.py
[2023-05-08T22:28:01.070+0000] {logging_mixin.py:149} INFO - [2023-05-08T22:28:01.070+0000] {taskmixin.py:211} WARNING - Dependency <Task(_PythonDecoratedOperator): prepare_email>, send_email already registered for DAG: example_dag_decorator
[2023-05-08T22:28:01.070+0000] {logging_mixin.py:149} INFO - [2023-05-08T22:28:01.070+0000] {taskmixin.py:211} WARNING - Dependency <Task(EmailOperator): send_email>, prepare_email already registered for DAG: example_dag_decorator
[2023-05-08T22:28:01.078+0000] {processor.py:809} INFO - DAG(s) dict_keys(['example_dag_decorator']) retrieved from /home/airflow/.local/lib/python3.7/site-packages/airflow/example_dags/example_dag_decorator.py
[2023-05-08T22:28:01.126+0000] {logging_mixin.py:149} INFO - [2023-05-08T22:28:01.126+0000] {dag.py:2726} INFO - Sync 1 DAGs
[2023-05-08T22:28:01.143+0000] {logging_mixin.py:149} INFO - [2023-05-08T22:28:01.143+0000] {dag.py:3490} INFO - Setting next_dagrun for example_dag_decorator to None, run_after=None
[2023-05-08T22:28:01.156+0000] {processor.py:178} INFO - Processing /home/airflow/.local/lib/python3.7/site-packages/airflow/example_dags/example_dag_decorator.py took 0.095 seconds
[2023-05-08T22:28:31.735+0000] {processor.py:156} INFO - Started process (PID=322) to work on /home/airflow/.local/lib/python3.7/site-packages/airflow/example_dags/example_dag_decorator.py
[2023-05-08T22:28:31.736+0000] {processor.py:799} INFO - Processing file /home/airflow/.local/lib/python3.7/site-packages/airflow/example_dags/example_dag_decorator.py for tasks to queue
[2023-05-08T22:28:31.737+0000] {logging_mixin.py:149} INFO - [2023-05-08T22:28:31.737+0000] {dagbag.py:541} INFO - Filling up the DagBag from /home/airflow/.local/lib/python3.7/site-packages/airflow/example_dags/example_dag_decorator.py
[2023-05-08T22:28:31.742+0000] {logging_mixin.py:149} INFO - [2023-05-08T22:28:31.741+0000] {taskmixin.py:211} WARNING - Dependency <Task(_PythonDecoratedOperator): prepare_email>, send_email already registered for DAG: example_dag_decorator
[2023-05-08T22:28:31.742+0000] {logging_mixin.py:149} INFO - [2023-05-08T22:28:31.742+0000] {taskmixin.py:211} WARNING - Dependency <Task(EmailOperator): send_email>, prepare_email already registered for DAG: example_dag_decorator
[2023-05-08T22:28:31.749+0000] {processor.py:809} INFO - DAG(s) dict_keys(['example_dag_decorator']) retrieved from /home/airflow/.local/lib/python3.7/site-packages/airflow/example_dags/example_dag_decorator.py
[2023-05-08T22:28:31.798+0000] {logging_mixin.py:149} INFO - [2023-05-08T22:28:31.798+0000] {dag.py:2726} INFO - Sync 1 DAGs
[2023-05-08T22:28:31.817+0000] {logging_mixin.py:149} INFO - [2023-05-08T22:28:31.817+0000] {dag.py:3490} INFO - Setting next_dagrun for example_dag_decorator to None, run_after=None
[2023-05-08T22:28:31.831+0000] {processor.py:178} INFO - Processing /home/airflow/.local/lib/python3.7/site-packages/airflow/example_dags/example_dag_decorator.py took 0.098 seconds
[2023-05-08T22:29:02.591+0000] {processor.py:156} INFO - Started process (PID=379) to work on /home/airflow/.local/lib/python3.7/site-packages/airflow/example_dags/example_dag_decorator.py
[2023-05-08T22:29:02.592+0000] {processor.py:799} INFO - Processing file /home/airflow/.local/lib/python3.7/site-packages/airflow/example_dags/example_dag_decorator.py for tasks to queue
[2023-05-08T22:29:02.592+0000] {logging_mixin.py:149} INFO - [2023-05-08T22:29:02.592+0000] {dagbag.py:541} INFO - Filling up the DagBag from /home/airflow/.local/lib/python3.7/site-packages/airflow/example_dags/example_dag_decorator.py
[2023-05-08T22:29:02.597+0000] {logging_mixin.py:149} INFO - [2023-05-08T22:29:02.597+0000] {taskmixin.py:211} WARNING - Dependency <Task(_PythonDecoratedOperator): prepare_email>, send_email already registered for DAG: example_dag_decorator
[2023-05-08T22:29:02.597+0000] {logging_mixin.py:149} INFO - [2023-05-08T22:29:02.597+0000] {taskmixin.py:211} WARNING - Dependency <Task(EmailOperator): send_email>, prepare_email already registered for DAG: example_dag_decorator
[2023-05-08T22:29:02.603+0000] {processor.py:809} INFO - DAG(s) dict_keys(['example_dag_decorator']) retrieved from /home/airflow/.local/lib/python3.7/site-packages/airflow/example_dags/example_dag_decorator.py
[2023-05-08T22:29:02.655+0000] {logging_mixin.py:149} INFO - [2023-05-08T22:29:02.654+0000] {dag.py:2726} INFO - Sync 1 DAGs
[2023-05-08T22:29:02.674+0000] {logging_mixin.py:149} INFO - [2023-05-08T22:29:02.673+0000] {dag.py:3490} INFO - Setting next_dagrun for example_dag_decorator to None, run_after=None
[2023-05-08T22:29:02.689+0000] {processor.py:178} INFO - Processing /home/airflow/.local/lib/python3.7/site-packages/airflow/example_dags/example_dag_decorator.py took 0.103 seconds
[2023-05-08T22:29:33.048+0000] {processor.py:156} INFO - Started process (PID=436) to work on /home/airflow/.local/lib/python3.7/site-packages/airflow/example_dags/example_dag_decorator.py
[2023-05-08T22:29:33.049+0000] {processor.py:799} INFO - Processing file /home/airflow/.local/lib/python3.7/site-packages/airflow/example_dags/example_dag_decorator.py for tasks to queue
[2023-05-08T22:29:33.050+0000] {logging_mixin.py:149} INFO - [2023-05-08T22:29:33.050+0000] {dagbag.py:541} INFO - Filling up the DagBag from /home/airflow/.local/lib/python3.7/site-packages/airflow/example_dags/example_dag_decorator.py
[2023-05-08T22:29:33.054+0000] {logging_mixin.py:149} INFO - [2023-05-08T22:29:33.054+0000] {taskmixin.py:211} WARNING - Dependency <Task(_PythonDecoratedOperator): prepare_email>, send_email already registered for DAG: example_dag_decorator
[2023-05-08T22:29:33.054+0000] {logging_mixin.py:149} INFO - [2023-05-08T22:29:33.054+0000] {taskmixin.py:211} WARNING - Dependency <Task(EmailOperator): send_email>, prepare_email already registered for DAG: example_dag_decorator
[2023-05-08T22:29:33.060+0000] {processor.py:809} INFO - DAG(s) dict_keys(['example_dag_decorator']) retrieved from /home/airflow/.local/lib/python3.7/site-packages/airflow/example_dags/example_dag_decorator.py
[2023-05-08T22:29:33.105+0000] {logging_mixin.py:149} INFO - [2023-05-08T22:29:33.105+0000] {dag.py:2726} INFO - Sync 1 DAGs
[2023-05-08T22:29:33.121+0000] {logging_mixin.py:149} INFO - [2023-05-08T22:29:33.121+0000] {dag.py:3490} INFO - Setting next_dagrun for example_dag_decorator to None, run_after=None
[2023-05-08T22:29:33.134+0000] {processor.py:178} INFO - Processing /home/airflow/.local/lib/python3.7/site-packages/airflow/example_dags/example_dag_decorator.py took 0.088 seconds
[2023-05-08T22:30:03.825+0000] {processor.py:156} INFO - Started process (PID=493) to work on /home/airflow/.local/lib/python3.7/site-packages/airflow/example_dags/example_dag_decorator.py
[2023-05-08T22:30:03.826+0000] {processor.py:799} INFO - Processing file /home/airflow/.local/lib/python3.7/site-packages/airflow/example_dags/example_dag_decorator.py for tasks to queue
[2023-05-08T22:30:03.827+0000] {logging_mixin.py:149} INFO - [2023-05-08T22:30:03.827+0000] {dagbag.py:541} INFO - Filling up the DagBag from /home/airflow/.local/lib/python3.7/site-packages/airflow/example_dags/example_dag_decorator.py
[2023-05-08T22:30:03.832+0000] {logging_mixin.py:149} INFO - [2023-05-08T22:30:03.832+0000] {taskmixin.py:211} WARNING - Dependency <Task(_PythonDecoratedOperator): prepare_email>, send_email already registered for DAG: example_dag_decorator
[2023-05-08T22:30:03.832+0000] {logging_mixin.py:149} INFO - [2023-05-08T22:30:03.832+0000] {taskmixin.py:211} WARNING - Dependency <Task(EmailOperator): send_email>, prepare_email already registered for DAG: example_dag_decorator
[2023-05-08T22:30:03.839+0000] {processor.py:809} INFO - DAG(s) dict_keys(['example_dag_decorator']) retrieved from /home/airflow/.local/lib/python3.7/site-packages/airflow/example_dags/example_dag_decorator.py
[2023-05-08T22:30:03.885+0000] {logging_mixin.py:149} INFO - [2023-05-08T22:30:03.885+0000] {dag.py:2726} INFO - Sync 1 DAGs
[2023-05-08T22:30:03.903+0000] {logging_mixin.py:149} INFO - [2023-05-08T22:30:03.903+0000] {dag.py:3490} INFO - Setting next_dagrun for example_dag_decorator to None, run_after=None
[2023-05-08T22:30:03.917+0000] {processor.py:178} INFO - Processing /home/airflow/.local/lib/python3.7/site-packages/airflow/example_dags/example_dag_decorator.py took 0.094 seconds
[2023-05-08T22:30:34.646+0000] {processor.py:156} INFO - Started process (PID=550) to work on /home/airflow/.local/lib/python3.7/site-packages/airflow/example_dags/example_dag_decorator.py
[2023-05-08T22:30:34.647+0000] {processor.py:799} INFO - Processing file /home/airflow/.local/lib/python3.7/site-packages/airflow/example_dags/example_dag_decorator.py for tasks to queue
[2023-05-08T22:30:34.648+0000] {logging_mixin.py:149} INFO - [2023-05-08T22:30:34.647+0000] {dagbag.py:541} INFO - Filling up the DagBag from /home/airflow/.local/lib/python3.7/site-packages/airflow/example_dags/example_dag_decorator.py
[2023-05-08T22:30:34.652+0000] {logging_mixin.py:149} INFO - [2023-05-08T22:30:34.652+0000] {taskmixin.py:211} WARNING - Dependency <Task(_PythonDecoratedOperator): prepare_email>, send_email already registered for DAG: example_dag_decorator
[2023-05-08T22:30:34.652+0000] {logging_mixin.py:149} INFO - [2023-05-08T22:30:34.652+0000] {taskmixin.py:211} WARNING - Dependency <Task(EmailOperator): send_email>, prepare_email already registered for DAG: example_dag_decorator
[2023-05-08T22:30:34.658+0000] {processor.py:809} INFO - DAG(s) dict_keys(['example_dag_decorator']) retrieved from /home/airflow/.local/lib/python3.7/site-packages/airflow/example_dags/example_dag_decorator.py
[2023-05-08T22:30:34.705+0000] {logging_mixin.py:149} INFO - [2023-05-08T22:30:34.705+0000] {dag.py:2726} INFO - Sync 1 DAGs
[2023-05-08T22:30:34.722+0000] {logging_mixin.py:149} INFO - [2023-05-08T22:30:34.722+0000] {dag.py:3490} INFO - Setting next_dagrun for example_dag_decorator to None, run_after=None
[2023-05-08T22:30:34.735+0000] {processor.py:178} INFO - Processing /home/airflow/.local/lib/python3.7/site-packages/airflow/example_dags/example_dag_decorator.py took 0.091 seconds
[2023-05-08T22:31:05.490+0000] {processor.py:156} INFO - Started process (PID=607) to work on /home/airflow/.local/lib/python3.7/site-packages/airflow/example_dags/example_dag_decorator.py
[2023-05-08T22:31:05.492+0000] {processor.py:799} INFO - Processing file /home/airflow/.local/lib/python3.7/site-packages/airflow/example_dags/example_dag_decorator.py for tasks to queue
[2023-05-08T22:31:05.494+0000] {logging_mixin.py:149} INFO - [2023-05-08T22:31:05.494+0000] {dagbag.py:541} INFO - Filling up the DagBag from /home/airflow/.local/lib/python3.7/site-packages/airflow/example_dags/example_dag_decorator.py
[2023-05-08T22:31:05.503+0000] {logging_mixin.py:149} INFO - [2023-05-08T22:31:05.503+0000] {taskmixin.py:211} WARNING - Dependency <Task(_PythonDecoratedOperator): prepare_email>, send_email already registered for DAG: example_dag_decorator
[2023-05-08T22:31:05.504+0000] {logging_mixin.py:149} INFO - [2023-05-08T22:31:05.504+0000] {taskmixin.py:211} WARNING - Dependency <Task(EmailOperator): send_email>, prepare_email already registered for DAG: example_dag_decorator
[2023-05-08T22:31:05.516+0000] {processor.py:809} INFO - DAG(s) dict_keys(['example_dag_decorator']) retrieved from /home/airflow/.local/lib/python3.7/site-packages/airflow/example_dags/example_dag_decorator.py
[2023-05-08T22:31:05.576+0000] {logging_mixin.py:149} INFO - [2023-05-08T22:31:05.576+0000] {dag.py:2726} INFO - Sync 1 DAGs
[2023-05-08T22:31:05.600+0000] {logging_mixin.py:149} INFO - [2023-05-08T22:31:05.600+0000] {dag.py:3490} INFO - Setting next_dagrun for example_dag_decorator to None, run_after=None
[2023-05-08T22:31:05.618+0000] {processor.py:178} INFO - Processing /home/airflow/.local/lib/python3.7/site-packages/airflow/example_dags/example_dag_decorator.py took 0.137 seconds
[2023-05-08T22:31:36.263+0000] {processor.py:156} INFO - Started process (PID=664) to work on /home/airflow/.local/lib/python3.7/site-packages/airflow/example_dags/example_dag_decorator.py
[2023-05-08T22:31:36.264+0000] {processor.py:799} INFO - Processing file /home/airflow/.local/lib/python3.7/site-packages/airflow/example_dags/example_dag_decorator.py for tasks to queue
[2023-05-08T22:31:36.264+0000] {logging_mixin.py:149} INFO - [2023-05-08T22:31:36.264+0000] {dagbag.py:541} INFO - Filling up the DagBag from /home/airflow/.local/lib/python3.7/site-packages/airflow/example_dags/example_dag_decorator.py
[2023-05-08T22:31:36.269+0000] {logging_mixin.py:149} INFO - [2023-05-08T22:31:36.269+0000] {taskmixin.py:211} WARNING - Dependency <Task(_PythonDecoratedOperator): prepare_email>, send_email already registered for DAG: example_dag_decorator
[2023-05-08T22:31:36.269+0000] {logging_mixin.py:149} INFO - [2023-05-08T22:31:36.269+0000] {taskmixin.py:211} WARNING - Dependency <Task(EmailOperator): send_email>, prepare_email already registered for DAG: example_dag_decorator
[2023-05-08T22:31:36.276+0000] {processor.py:809} INFO - DAG(s) dict_keys(['example_dag_decorator']) retrieved from /home/airflow/.local/lib/python3.7/site-packages/airflow/example_dags/example_dag_decorator.py
[2023-05-08T22:31:36.324+0000] {logging_mixin.py:149} INFO - [2023-05-08T22:31:36.324+0000] {dag.py:2726} INFO - Sync 1 DAGs
[2023-05-08T22:31:36.344+0000] {logging_mixin.py:149} INFO - [2023-05-08T22:31:36.344+0000] {dag.py:3490} INFO - Setting next_dagrun for example_dag_decorator to None, run_after=None
[2023-05-08T22:31:36.359+0000] {processor.py:178} INFO - Processing /home/airflow/.local/lib/python3.7/site-packages/airflow/example_dags/example_dag_decorator.py took 0.098 seconds
[2023-05-08T22:32:06.791+0000] {processor.py:156} INFO - Started process (PID=721) to work on /home/airflow/.local/lib/python3.7/site-packages/airflow/example_dags/example_dag_decorator.py
[2023-05-08T22:32:06.792+0000] {processor.py:799} INFO - Processing file /home/airflow/.local/lib/python3.7/site-packages/airflow/example_dags/example_dag_decorator.py for tasks to queue
[2023-05-08T22:32:06.793+0000] {logging_mixin.py:149} INFO - [2023-05-08T22:32:06.793+0000] {dagbag.py:541} INFO - Filling up the DagBag from /home/airflow/.local/lib/python3.7/site-packages/airflow/example_dags/example_dag_decorator.py
[2023-05-08T22:32:06.797+0000] {logging_mixin.py:149} INFO - [2023-05-08T22:32:06.797+0000] {taskmixin.py:211} WARNING - Dependency <Task(_PythonDecoratedOperator): prepare_email>, send_email already registered for DAG: example_dag_decorator
[2023-05-08T22:32:06.797+0000] {logging_mixin.py:149} INFO - [2023-05-08T22:32:06.797+0000] {taskmixin.py:211} WARNING - Dependency <Task(EmailOperator): send_email>, prepare_email already registered for DAG: example_dag_decorator
[2023-05-08T22:32:06.804+0000] {processor.py:809} INFO - DAG(s) dict_keys(['example_dag_decorator']) retrieved from /home/airflow/.local/lib/python3.7/site-packages/airflow/example_dags/example_dag_decorator.py
[2023-05-08T22:32:06.847+0000] {logging_mixin.py:149} INFO - [2023-05-08T22:32:06.847+0000] {dag.py:2726} INFO - Sync 1 DAGs
[2023-05-08T22:32:06.864+0000] {logging_mixin.py:149} INFO - [2023-05-08T22:32:06.864+0000] {dag.py:3490} INFO - Setting next_dagrun for example_dag_decorator to None, run_after=None
[2023-05-08T22:32:06.877+0000] {processor.py:178} INFO - Processing /home/airflow/.local/lib/python3.7/site-packages/airflow/example_dags/example_dag_decorator.py took 0.088 seconds
[2023-05-08T22:32:37.638+0000] {processor.py:156} INFO - Started process (PID=778) to work on /home/airflow/.local/lib/python3.7/site-packages/airflow/example_dags/example_dag_decorator.py
[2023-05-08T22:32:37.640+0000] {processor.py:799} INFO - Processing file /home/airflow/.local/lib/python3.7/site-packages/airflow/example_dags/example_dag_decorator.py for tasks to queue
[2023-05-08T22:32:37.640+0000] {logging_mixin.py:149} INFO - [2023-05-08T22:32:37.640+0000] {dagbag.py:541} INFO - Filling up the DagBag from /home/airflow/.local/lib/python3.7/site-packages/airflow/example_dags/example_dag_decorator.py
[2023-05-08T22:32:37.645+0000] {logging_mixin.py:149} INFO - [2023-05-08T22:32:37.645+0000] {taskmixin.py:211} WARNING - Dependency <Task(_PythonDecoratedOperator): prepare_email>, send_email already registered for DAG: example_dag_decorator
[2023-05-08T22:32:37.645+0000] {logging_mixin.py:149} INFO - [2023-05-08T22:32:37.645+0000] {taskmixin.py:211} WARNING - Dependency <Task(EmailOperator): send_email>, prepare_email already registered for DAG: example_dag_decorator
[2023-05-08T22:32:37.651+0000] {processor.py:809} INFO - DAG(s) dict_keys(['example_dag_decorator']) retrieved from /home/airflow/.local/lib/python3.7/site-packages/airflow/example_dags/example_dag_decorator.py
[2023-05-08T22:32:37.699+0000] {logging_mixin.py:149} INFO - [2023-05-08T22:32:37.699+0000] {dag.py:2726} INFO - Sync 1 DAGs
[2023-05-08T22:32:37.717+0000] {logging_mixin.py:149} INFO - [2023-05-08T22:32:37.717+0000] {dag.py:3490} INFO - Setting next_dagrun for example_dag_decorator to None, run_after=None
[2023-05-08T22:32:37.730+0000] {processor.py:178} INFO - Processing /home/airflow/.local/lib/python3.7/site-packages/airflow/example_dags/example_dag_decorator.py took 0.094 seconds
[2023-05-08T22:33:08.521+0000] {processor.py:156} INFO - Started process (PID=835) to work on /home/airflow/.local/lib/python3.7/site-packages/airflow/example_dags/example_dag_decorator.py
[2023-05-08T22:33:08.522+0000] {processor.py:799} INFO - Processing file /home/airflow/.local/lib/python3.7/site-packages/airflow/example_dags/example_dag_decorator.py for tasks to queue
[2023-05-08T22:33:08.523+0000] {logging_mixin.py:149} INFO - [2023-05-08T22:33:08.523+0000] {dagbag.py:541} INFO - Filling up the DagBag from /home/airflow/.local/lib/python3.7/site-packages/airflow/example_dags/example_dag_decorator.py
[2023-05-08T22:33:08.527+0000] {logging_mixin.py:149} INFO - [2023-05-08T22:33:08.527+0000] {taskmixin.py:211} WARNING - Dependency <Task(_PythonDecoratedOperator): prepare_email>, send_email already registered for DAG: example_dag_decorator
[2023-05-08T22:33:08.527+0000] {logging_mixin.py:149} INFO - [2023-05-08T22:33:08.527+0000] {taskmixin.py:211} WARNING - Dependency <Task(EmailOperator): send_email>, prepare_email already registered for DAG: example_dag_decorator
[2023-05-08T22:33:08.534+0000] {processor.py:809} INFO - DAG(s) dict_keys(['example_dag_decorator']) retrieved from /home/airflow/.local/lib/python3.7/site-packages/airflow/example_dags/example_dag_decorator.py
[2023-05-08T22:33:08.583+0000] {logging_mixin.py:149} INFO - [2023-05-08T22:33:08.583+0000] {dag.py:2726} INFO - Sync 1 DAGs
[2023-05-08T22:33:08.600+0000] {logging_mixin.py:149} INFO - [2023-05-08T22:33:08.600+0000] {dag.py:3490} INFO - Setting next_dagrun for example_dag_decorator to None, run_after=None
[2023-05-08T22:33:08.614+0000] {processor.py:178} INFO - Processing /home/airflow/.local/lib/python3.7/site-packages/airflow/example_dags/example_dag_decorator.py took 0.095 seconds
[2023-05-08T22:33:38.828+0000] {processor.py:156} INFO - Started process (PID=892) to work on /home/airflow/.local/lib/python3.7/site-packages/airflow/example_dags/example_dag_decorator.py
[2023-05-08T22:33:38.829+0000] {processor.py:799} INFO - Processing file /home/airflow/.local/lib/python3.7/site-packages/airflow/example_dags/example_dag_decorator.py for tasks to queue
[2023-05-08T22:33:38.830+0000] {logging_mixin.py:149} INFO - [2023-05-08T22:33:38.829+0000] {dagbag.py:541} INFO - Filling up the DagBag from /home/airflow/.local/lib/python3.7/site-packages/airflow/example_dags/example_dag_decorator.py
[2023-05-08T22:33:38.835+0000] {logging_mixin.py:149} INFO - [2023-05-08T22:33:38.835+0000] {taskmixin.py:211} WARNING - Dependency <Task(_PythonDecoratedOperator): prepare_email>, send_email already registered for DAG: example_dag_decorator
[2023-05-08T22:33:38.836+0000] {logging_mixin.py:149} INFO - [2023-05-08T22:33:38.836+0000] {taskmixin.py:211} WARNING - Dependency <Task(EmailOperator): send_email>, prepare_email already registered for DAG: example_dag_decorator
[2023-05-08T22:33:38.846+0000] {processor.py:809} INFO - DAG(s) dict_keys(['example_dag_decorator']) retrieved from /home/airflow/.local/lib/python3.7/site-packages/airflow/example_dags/example_dag_decorator.py
[2023-05-08T22:33:38.902+0000] {logging_mixin.py:149} INFO - [2023-05-08T22:33:38.901+0000] {dag.py:2726} INFO - Sync 1 DAGs
[2023-05-08T22:33:38.924+0000] {logging_mixin.py:149} INFO - [2023-05-08T22:33:38.924+0000] {dag.py:3490} INFO - Setting next_dagrun for example_dag_decorator to None, run_after=None
[2023-05-08T22:33:38.938+0000] {processor.py:178} INFO - Processing /home/airflow/.local/lib/python3.7/site-packages/airflow/example_dags/example_dag_decorator.py took 0.113 seconds
[2023-05-08T22:34:09.224+0000] {processor.py:156} INFO - Started process (PID=949) to work on /home/airflow/.local/lib/python3.7/site-packages/airflow/example_dags/example_dag_decorator.py
[2023-05-08T22:34:09.225+0000] {processor.py:799} INFO - Processing file /home/airflow/.local/lib/python3.7/site-packages/airflow/example_dags/example_dag_decorator.py for tasks to queue
[2023-05-08T22:34:09.226+0000] {logging_mixin.py:149} INFO - [2023-05-08T22:34:09.226+0000] {dagbag.py:541} INFO - Filling up the DagBag from /home/airflow/.local/lib/python3.7/site-packages/airflow/example_dags/example_dag_decorator.py
[2023-05-08T22:34:09.232+0000] {logging_mixin.py:149} INFO - [2023-05-08T22:34:09.232+0000] {taskmixin.py:211} WARNING - Dependency <Task(_PythonDecoratedOperator): prepare_email>, send_email already registered for DAG: example_dag_decorator
[2023-05-08T22:34:09.233+0000] {logging_mixin.py:149} INFO - [2023-05-08T22:34:09.232+0000] {taskmixin.py:211} WARNING - Dependency <Task(EmailOperator): send_email>, prepare_email already registered for DAG: example_dag_decorator
[2023-05-08T22:34:09.243+0000] {processor.py:809} INFO - DAG(s) dict_keys(['example_dag_decorator']) retrieved from /home/airflow/.local/lib/python3.7/site-packages/airflow/example_dags/example_dag_decorator.py
[2023-05-08T22:34:09.328+0000] {logging_mixin.py:149} INFO - [2023-05-08T22:34:09.328+0000] {dag.py:2726} INFO - Sync 1 DAGs
[2023-05-08T22:34:09.356+0000] {logging_mixin.py:149} INFO - [2023-05-08T22:34:09.356+0000] {dag.py:3490} INFO - Setting next_dagrun for example_dag_decorator to None, run_after=None
[2023-05-08T22:34:09.386+0000] {processor.py:178} INFO - Processing /home/airflow/.local/lib/python3.7/site-packages/airflow/example_dags/example_dag_decorator.py took 0.165 seconds
[2023-05-08T22:34:39.506+0000] {processor.py:156} INFO - Started process (PID=1007) to work on /home/airflow/.local/lib/python3.7/site-packages/airflow/example_dags/example_dag_decorator.py
[2023-05-08T22:34:39.507+0000] {processor.py:799} INFO - Processing file /home/airflow/.local/lib/python3.7/site-packages/airflow/example_dags/example_dag_decorator.py for tasks to queue
[2023-05-08T22:34:39.508+0000] {logging_mixin.py:149} INFO - [2023-05-08T22:34:39.508+0000] {dagbag.py:541} INFO - Filling up the DagBag from /home/airflow/.local/lib/python3.7/site-packages/airflow/example_dags/example_dag_decorator.py
[2023-05-08T22:34:39.512+0000] {logging_mixin.py:149} INFO - [2023-05-08T22:34:39.512+0000] {taskmixin.py:211} WARNING - Dependency <Task(_PythonDecoratedOperator): prepare_email>, send_email already registered for DAG: example_dag_decorator
[2023-05-08T22:34:39.513+0000] {logging_mixin.py:149} INFO - [2023-05-08T22:34:39.512+0000] {taskmixin.py:211} WARNING - Dependency <Task(EmailOperator): send_email>, prepare_email already registered for DAG: example_dag_decorator
[2023-05-08T22:34:39.520+0000] {processor.py:809} INFO - DAG(s) dict_keys(['example_dag_decorator']) retrieved from /home/airflow/.local/lib/python3.7/site-packages/airflow/example_dags/example_dag_decorator.py
[2023-05-08T22:34:39.591+0000] {logging_mixin.py:149} INFO - [2023-05-08T22:34:39.590+0000] {dag.py:2726} INFO - Sync 1 DAGs
[2023-05-08T22:34:39.614+0000] {logging_mixin.py:149} INFO - [2023-05-08T22:34:39.614+0000] {dag.py:3490} INFO - Setting next_dagrun for example_dag_decorator to None, run_after=None
[2023-05-08T22:34:39.629+0000] {processor.py:178} INFO - Processing /home/airflow/.local/lib/python3.7/site-packages/airflow/example_dags/example_dag_decorator.py took 0.126 seconds
[2023-05-08T22:35:09.663+0000] {processor.py:156} INFO - Started process (PID=1063) to work on /home/airflow/.local/lib/python3.7/site-packages/airflow/example_dags/example_dag_decorator.py
[2023-05-08T22:35:09.664+0000] {processor.py:799} INFO - Processing file /home/airflow/.local/lib/python3.7/site-packages/airflow/example_dags/example_dag_decorator.py for tasks to queue
[2023-05-08T22:35:09.665+0000] {logging_mixin.py:149} INFO - [2023-05-08T22:35:09.665+0000] {dagbag.py:541} INFO - Filling up the DagBag from /home/airflow/.local/lib/python3.7/site-packages/airflow/example_dags/example_dag_decorator.py
[2023-05-08T22:35:09.669+0000] {logging_mixin.py:149} INFO - [2023-05-08T22:35:09.669+0000] {taskmixin.py:211} WARNING - Dependency <Task(_PythonDecoratedOperator): prepare_email>, send_email already registered for DAG: example_dag_decorator
[2023-05-08T22:35:09.670+0000] {logging_mixin.py:149} INFO - [2023-05-08T22:35:09.670+0000] {taskmixin.py:211} WARNING - Dependency <Task(EmailOperator): send_email>, prepare_email already registered for DAG: example_dag_decorator
[2023-05-08T22:35:09.676+0000] {processor.py:809} INFO - DAG(s) dict_keys(['example_dag_decorator']) retrieved from /home/airflow/.local/lib/python3.7/site-packages/airflow/example_dags/example_dag_decorator.py
[2023-05-08T22:35:09.725+0000] {logging_mixin.py:149} INFO - [2023-05-08T22:35:09.725+0000] {dag.py:2726} INFO - Sync 1 DAGs
[2023-05-08T22:35:09.745+0000] {logging_mixin.py:149} INFO - [2023-05-08T22:35:09.745+0000] {dag.py:3490} INFO - Setting next_dagrun for example_dag_decorator to None, run_after=None
[2023-05-08T22:35:09.759+0000] {processor.py:178} INFO - Processing /home/airflow/.local/lib/python3.7/site-packages/airflow/example_dags/example_dag_decorator.py took 0.098 seconds
