[2023-05-08T20:36:13.710+0000] {processor.py:156} INFO - Started process (PID=63) to work on /home/airflow/.local/lib/python3.7/site-packages/airflow/example_dags/example_external_task_marker_dag.py
[2023-05-08T20:36:13.711+0000] {processor.py:799} INFO - Processing file /home/airflow/.local/lib/python3.7/site-packages/airflow/example_dags/example_external_task_marker_dag.py for tasks to queue
[2023-05-08T20:36:13.712+0000] {logging_mixin.py:149} INFO - [2023-05-08T20:36:13.712+0000] {dagbag.py:541} INFO - Filling up the DagBag from /home/airflow/.local/lib/python3.7/site-packages/airflow/example_dags/example_external_task_marker_dag.py
[2023-05-08T20:36:13.720+0000] {processor.py:809} INFO - DAG(s) dict_keys(['example_external_task_marker_child', 'example_external_task_marker_parent']) retrieved from /home/airflow/.local/lib/python3.7/site-packages/airflow/example_dags/example_external_task_marker_dag.py
[2023-05-08T20:36:13.771+0000] {logging_mixin.py:149} INFO - [2023-05-08T20:36:13.771+0000] {dag.py:2726} INFO - Sync 2 DAGs
[2023-05-08T20:36:13.803+0000] {logging_mixin.py:149} INFO - [2023-05-08T20:36:13.803+0000] {dag.py:3490} INFO - Setting next_dagrun for example_external_task_marker_child to None, run_after=None
[2023-05-08T20:36:13.808+0000] {logging_mixin.py:149} INFO - [2023-05-08T20:36:13.808+0000] {dag.py:3490} INFO - Setting next_dagrun for example_external_task_marker_parent to None, run_after=None
[2023-05-08T20:36:13.826+0000] {processor.py:178} INFO - Processing /home/airflow/.local/lib/python3.7/site-packages/airflow/example_dags/example_external_task_marker_dag.py took 0.119 seconds
[2023-05-08T20:36:43.915+0000] {processor.py:156} INFO - Started process (PID=119) to work on /home/airflow/.local/lib/python3.7/site-packages/airflow/example_dags/example_external_task_marker_dag.py
[2023-05-08T20:36:43.915+0000] {processor.py:799} INFO - Processing file /home/airflow/.local/lib/python3.7/site-packages/airflow/example_dags/example_external_task_marker_dag.py for tasks to queue
[2023-05-08T20:36:43.916+0000] {logging_mixin.py:149} INFO - [2023-05-08T20:36:43.916+0000] {dagbag.py:541} INFO - Filling up the DagBag from /home/airflow/.local/lib/python3.7/site-packages/airflow/example_dags/example_external_task_marker_dag.py
[2023-05-08T20:36:43.920+0000] {processor.py:809} INFO - DAG(s) dict_keys(['example_external_task_marker_parent', 'example_external_task_marker_child']) retrieved from /home/airflow/.local/lib/python3.7/site-packages/airflow/example_dags/example_external_task_marker_dag.py
[2023-05-08T20:36:43.943+0000] {logging_mixin.py:149} INFO - [2023-05-08T20:36:43.943+0000] {dag.py:2726} INFO - Sync 2 DAGs
[2023-05-08T20:36:43.963+0000] {logging_mixin.py:149} INFO - [2023-05-08T20:36:43.963+0000] {dag.py:3490} INFO - Setting next_dagrun for example_external_task_marker_child to None, run_after=None
[2023-05-08T20:36:43.966+0000] {logging_mixin.py:149} INFO - [2023-05-08T20:36:43.966+0000] {dag.py:3490} INFO - Setting next_dagrun for example_external_task_marker_parent to None, run_after=None
[2023-05-08T20:36:43.980+0000] {processor.py:178} INFO - Processing /home/airflow/.local/lib/python3.7/site-packages/airflow/example_dags/example_external_task_marker_dag.py took 0.068 seconds
[2023-05-08T20:37:14.154+0000] {processor.py:156} INFO - Started process (PID=175) to work on /home/airflow/.local/lib/python3.7/site-packages/airflow/example_dags/example_external_task_marker_dag.py
[2023-05-08T20:37:14.155+0000] {processor.py:799} INFO - Processing file /home/airflow/.local/lib/python3.7/site-packages/airflow/example_dags/example_external_task_marker_dag.py for tasks to queue
[2023-05-08T20:37:14.156+0000] {logging_mixin.py:149} INFO - [2023-05-08T20:37:14.156+0000] {dagbag.py:541} INFO - Filling up the DagBag from /home/airflow/.local/lib/python3.7/site-packages/airflow/example_dags/example_external_task_marker_dag.py
[2023-05-08T20:37:14.162+0000] {processor.py:809} INFO - DAG(s) dict_keys(['example_external_task_marker_parent', 'example_external_task_marker_child']) retrieved from /home/airflow/.local/lib/python3.7/site-packages/airflow/example_dags/example_external_task_marker_dag.py
[2023-05-08T20:37:14.194+0000] {logging_mixin.py:149} INFO - [2023-05-08T20:37:14.194+0000] {dag.py:2726} INFO - Sync 2 DAGs
[2023-05-08T20:37:14.217+0000] {logging_mixin.py:149} INFO - [2023-05-08T20:37:14.217+0000] {dag.py:3490} INFO - Setting next_dagrun for example_external_task_marker_child to None, run_after=None
[2023-05-08T20:37:14.219+0000] {logging_mixin.py:149} INFO - [2023-05-08T20:37:14.219+0000] {dag.py:3490} INFO - Setting next_dagrun for example_external_task_marker_parent to None, run_after=None
[2023-05-08T20:37:14.232+0000] {processor.py:178} INFO - Processing /home/airflow/.local/lib/python3.7/site-packages/airflow/example_dags/example_external_task_marker_dag.py took 0.081 seconds
[2023-05-08T20:37:44.936+0000] {processor.py:156} INFO - Started process (PID=231) to work on /home/airflow/.local/lib/python3.7/site-packages/airflow/example_dags/example_external_task_marker_dag.py
[2023-05-08T20:37:44.937+0000] {processor.py:799} INFO - Processing file /home/airflow/.local/lib/python3.7/site-packages/airflow/example_dags/example_external_task_marker_dag.py for tasks to queue
[2023-05-08T20:37:44.938+0000] {logging_mixin.py:149} INFO - [2023-05-08T20:37:44.938+0000] {dagbag.py:541} INFO - Filling up the DagBag from /home/airflow/.local/lib/python3.7/site-packages/airflow/example_dags/example_external_task_marker_dag.py
[2023-05-08T20:37:44.943+0000] {processor.py:809} INFO - DAG(s) dict_keys(['example_external_task_marker_child', 'example_external_task_marker_parent']) retrieved from /home/airflow/.local/lib/python3.7/site-packages/airflow/example_dags/example_external_task_marker_dag.py
[2023-05-08T20:37:44.973+0000] {logging_mixin.py:149} INFO - [2023-05-08T20:37:44.973+0000] {dag.py:2726} INFO - Sync 2 DAGs
[2023-05-08T20:37:44.999+0000] {logging_mixin.py:149} INFO - [2023-05-08T20:37:44.999+0000] {dag.py:3490} INFO - Setting next_dagrun for example_external_task_marker_child to None, run_after=None
[2023-05-08T20:37:45.001+0000] {logging_mixin.py:149} INFO - [2023-05-08T20:37:45.001+0000] {dag.py:3490} INFO - Setting next_dagrun for example_external_task_marker_parent to None, run_after=None
[2023-05-08T20:37:45.012+0000] {processor.py:178} INFO - Processing /home/airflow/.local/lib/python3.7/site-packages/airflow/example_dags/example_external_task_marker_dag.py took 0.080 seconds
[2023-05-08T20:38:15.700+0000] {processor.py:156} INFO - Started process (PID=288) to work on /home/airflow/.local/lib/python3.7/site-packages/airflow/example_dags/example_external_task_marker_dag.py
[2023-05-08T20:38:15.701+0000] {processor.py:799} INFO - Processing file /home/airflow/.local/lib/python3.7/site-packages/airflow/example_dags/example_external_task_marker_dag.py for tasks to queue
[2023-05-08T20:38:15.702+0000] {logging_mixin.py:149} INFO - [2023-05-08T20:38:15.701+0000] {dagbag.py:541} INFO - Filling up the DagBag from /home/airflow/.local/lib/python3.7/site-packages/airflow/example_dags/example_external_task_marker_dag.py
[2023-05-08T20:38:15.705+0000] {processor.py:809} INFO - DAG(s) dict_keys(['example_external_task_marker_child', 'example_external_task_marker_parent']) retrieved from /home/airflow/.local/lib/python3.7/site-packages/airflow/example_dags/example_external_task_marker_dag.py
[2023-05-08T20:38:15.729+0000] {logging_mixin.py:149} INFO - [2023-05-08T20:38:15.729+0000] {dag.py:2726} INFO - Sync 2 DAGs
[2023-05-08T20:38:15.750+0000] {logging_mixin.py:149} INFO - [2023-05-08T20:38:15.750+0000] {dag.py:3490} INFO - Setting next_dagrun for example_external_task_marker_child to None, run_after=None
[2023-05-08T20:38:15.752+0000] {logging_mixin.py:149} INFO - [2023-05-08T20:38:15.752+0000] {dag.py:3490} INFO - Setting next_dagrun for example_external_task_marker_parent to None, run_after=None
[2023-05-08T20:38:15.764+0000] {processor.py:178} INFO - Processing /home/airflow/.local/lib/python3.7/site-packages/airflow/example_dags/example_external_task_marker_dag.py took 0.066 seconds
[2023-05-08T20:38:46.273+0000] {processor.py:156} INFO - Started process (PID=344) to work on /home/airflow/.local/lib/python3.7/site-packages/airflow/example_dags/example_external_task_marker_dag.py
[2023-05-08T20:38:46.274+0000] {processor.py:799} INFO - Processing file /home/airflow/.local/lib/python3.7/site-packages/airflow/example_dags/example_external_task_marker_dag.py for tasks to queue
[2023-05-08T20:38:46.275+0000] {logging_mixin.py:149} INFO - [2023-05-08T20:38:46.275+0000] {dagbag.py:541} INFO - Filling up the DagBag from /home/airflow/.local/lib/python3.7/site-packages/airflow/example_dags/example_external_task_marker_dag.py
[2023-05-08T20:38:46.279+0000] {processor.py:809} INFO - DAG(s) dict_keys(['example_external_task_marker_child', 'example_external_task_marker_parent']) retrieved from /home/airflow/.local/lib/python3.7/site-packages/airflow/example_dags/example_external_task_marker_dag.py
[2023-05-08T20:38:46.304+0000] {logging_mixin.py:149} INFO - [2023-05-08T20:38:46.304+0000] {dag.py:2726} INFO - Sync 2 DAGs
[2023-05-08T20:38:46.324+0000] {logging_mixin.py:149} INFO - [2023-05-08T20:38:46.324+0000] {dag.py:3490} INFO - Setting next_dagrun for example_external_task_marker_child to None, run_after=None
[2023-05-08T20:38:46.327+0000] {logging_mixin.py:149} INFO - [2023-05-08T20:38:46.327+0000] {dag.py:3490} INFO - Setting next_dagrun for example_external_task_marker_parent to None, run_after=None
[2023-05-08T20:38:46.339+0000] {processor.py:178} INFO - Processing /home/airflow/.local/lib/python3.7/site-packages/airflow/example_dags/example_external_task_marker_dag.py took 0.068 seconds
[2023-05-08T20:39:16.908+0000] {processor.py:156} INFO - Started process (PID=400) to work on /home/airflow/.local/lib/python3.7/site-packages/airflow/example_dags/example_external_task_marker_dag.py
[2023-05-08T20:39:16.909+0000] {processor.py:799} INFO - Processing file /home/airflow/.local/lib/python3.7/site-packages/airflow/example_dags/example_external_task_marker_dag.py for tasks to queue
[2023-05-08T20:39:16.910+0000] {logging_mixin.py:149} INFO - [2023-05-08T20:39:16.910+0000] {dagbag.py:541} INFO - Filling up the DagBag from /home/airflow/.local/lib/python3.7/site-packages/airflow/example_dags/example_external_task_marker_dag.py
[2023-05-08T20:39:16.914+0000] {processor.py:809} INFO - DAG(s) dict_keys(['example_external_task_marker_child', 'example_external_task_marker_parent']) retrieved from /home/airflow/.local/lib/python3.7/site-packages/airflow/example_dags/example_external_task_marker_dag.py
[2023-05-08T20:39:16.939+0000] {logging_mixin.py:149} INFO - [2023-05-08T20:39:16.939+0000] {dag.py:2726} INFO - Sync 2 DAGs
[2023-05-08T20:39:16.960+0000] {logging_mixin.py:149} INFO - [2023-05-08T20:39:16.959+0000] {dag.py:3490} INFO - Setting next_dagrun for example_external_task_marker_child to None, run_after=None
[2023-05-08T20:39:16.962+0000] {logging_mixin.py:149} INFO - [2023-05-08T20:39:16.962+0000] {dag.py:3490} INFO - Setting next_dagrun for example_external_task_marker_parent to None, run_after=None
[2023-05-08T20:39:16.975+0000] {processor.py:178} INFO - Processing /home/airflow/.local/lib/python3.7/site-packages/airflow/example_dags/example_external_task_marker_dag.py took 0.069 seconds
[2023-05-08T22:15:48.401+0000] {processor.py:156} INFO - Started process (PID=63) to work on /home/airflow/.local/lib/python3.7/site-packages/airflow/example_dags/example_external_task_marker_dag.py
[2023-05-08T22:15:48.403+0000] {processor.py:799} INFO - Processing file /home/airflow/.local/lib/python3.7/site-packages/airflow/example_dags/example_external_task_marker_dag.py for tasks to queue
[2023-05-08T22:15:48.404+0000] {logging_mixin.py:149} INFO - [2023-05-08T22:15:48.404+0000] {dagbag.py:541} INFO - Filling up the DagBag from /home/airflow/.local/lib/python3.7/site-packages/airflow/example_dags/example_external_task_marker_dag.py
[2023-05-08T22:15:48.411+0000] {processor.py:809} INFO - DAG(s) dict_keys(['example_external_task_marker_child', 'example_external_task_marker_parent']) retrieved from /home/airflow/.local/lib/python3.7/site-packages/airflow/example_dags/example_external_task_marker_dag.py
[2023-05-08T22:15:48.528+0000] {logging_mixin.py:149} INFO - [2023-05-08T22:15:48.528+0000] {dag.py:2726} INFO - Sync 2 DAGs
[2023-05-08T22:15:48.571+0000] {logging_mixin.py:149} INFO - [2023-05-08T22:15:48.570+0000] {dag.py:3490} INFO - Setting next_dagrun for example_external_task_marker_child to None, run_after=None
[2023-05-08T22:15:48.575+0000] {logging_mixin.py:149} INFO - [2023-05-08T22:15:48.574+0000] {dag.py:3490} INFO - Setting next_dagrun for example_external_task_marker_parent to None, run_after=None
[2023-05-08T22:15:48.594+0000] {processor.py:178} INFO - Processing /home/airflow/.local/lib/python3.7/site-packages/airflow/example_dags/example_external_task_marker_dag.py took 0.197 seconds
[2023-05-08T22:16:19.080+0000] {processor.py:156} INFO - Started process (PID=120) to work on /home/airflow/.local/lib/python3.7/site-packages/airflow/example_dags/example_external_task_marker_dag.py
[2023-05-08T22:16:19.081+0000] {processor.py:799} INFO - Processing file /home/airflow/.local/lib/python3.7/site-packages/airflow/example_dags/example_external_task_marker_dag.py for tasks to queue
[2023-05-08T22:16:19.082+0000] {logging_mixin.py:149} INFO - [2023-05-08T22:16:19.081+0000] {dagbag.py:541} INFO - Filling up the DagBag from /home/airflow/.local/lib/python3.7/site-packages/airflow/example_dags/example_external_task_marker_dag.py
[2023-05-08T22:16:19.087+0000] {processor.py:809} INFO - DAG(s) dict_keys(['example_external_task_marker_parent', 'example_external_task_marker_child']) retrieved from /home/airflow/.local/lib/python3.7/site-packages/airflow/example_dags/example_external_task_marker_dag.py
[2023-05-08T22:16:19.131+0000] {logging_mixin.py:149} INFO - [2023-05-08T22:16:19.131+0000] {dag.py:2726} INFO - Sync 2 DAGs
[2023-05-08T22:16:19.148+0000] {logging_mixin.py:149} INFO - [2023-05-08T22:16:19.148+0000] {dag.py:3490} INFO - Setting next_dagrun for example_external_task_marker_child to None, run_after=None
[2023-05-08T22:16:19.150+0000] {logging_mixin.py:149} INFO - [2023-05-08T22:16:19.150+0000] {dag.py:3490} INFO - Setting next_dagrun for example_external_task_marker_parent to None, run_after=None
[2023-05-08T22:16:19.162+0000] {processor.py:178} INFO - Processing /home/airflow/.local/lib/python3.7/site-packages/airflow/example_dags/example_external_task_marker_dag.py took 0.085 seconds
[2023-05-08T22:16:49.220+0000] {processor.py:156} INFO - Started process (PID=177) to work on /home/airflow/.local/lib/python3.7/site-packages/airflow/example_dags/example_external_task_marker_dag.py
[2023-05-08T22:16:49.221+0000] {processor.py:799} INFO - Processing file /home/airflow/.local/lib/python3.7/site-packages/airflow/example_dags/example_external_task_marker_dag.py for tasks to queue
[2023-05-08T22:16:49.222+0000] {logging_mixin.py:149} INFO - [2023-05-08T22:16:49.221+0000] {dagbag.py:541} INFO - Filling up the DagBag from /home/airflow/.local/lib/python3.7/site-packages/airflow/example_dags/example_external_task_marker_dag.py
[2023-05-08T22:16:49.226+0000] {processor.py:809} INFO - DAG(s) dict_keys(['example_external_task_marker_child', 'example_external_task_marker_parent']) retrieved from /home/airflow/.local/lib/python3.7/site-packages/airflow/example_dags/example_external_task_marker_dag.py
[2023-05-08T22:16:49.248+0000] {logging_mixin.py:149} INFO - [2023-05-08T22:16:49.248+0000] {dag.py:2726} INFO - Sync 2 DAGs
[2023-05-08T22:16:49.267+0000] {logging_mixin.py:149} INFO - [2023-05-08T22:16:49.267+0000] {dag.py:3490} INFO - Setting next_dagrun for example_external_task_marker_child to None, run_after=None
[2023-05-08T22:16:49.270+0000] {logging_mixin.py:149} INFO - [2023-05-08T22:16:49.270+0000] {dag.py:3490} INFO - Setting next_dagrun for example_external_task_marker_parent to None, run_after=None
[2023-05-08T22:16:49.280+0000] {processor.py:178} INFO - Processing /home/airflow/.local/lib/python3.7/site-packages/airflow/example_dags/example_external_task_marker_dag.py took 0.064 seconds
[2023-05-08T22:17:20.106+0000] {processor.py:156} INFO - Started process (PID=234) to work on /home/airflow/.local/lib/python3.7/site-packages/airflow/example_dags/example_external_task_marker_dag.py
[2023-05-08T22:17:20.107+0000] {processor.py:799} INFO - Processing file /home/airflow/.local/lib/python3.7/site-packages/airflow/example_dags/example_external_task_marker_dag.py for tasks to queue
[2023-05-08T22:17:20.108+0000] {logging_mixin.py:149} INFO - [2023-05-08T22:17:20.108+0000] {dagbag.py:541} INFO - Filling up the DagBag from /home/airflow/.local/lib/python3.7/site-packages/airflow/example_dags/example_external_task_marker_dag.py
[2023-05-08T22:17:20.112+0000] {processor.py:809} INFO - DAG(s) dict_keys(['example_external_task_marker_parent', 'example_external_task_marker_child']) retrieved from /home/airflow/.local/lib/python3.7/site-packages/airflow/example_dags/example_external_task_marker_dag.py
[2023-05-08T22:17:20.134+0000] {logging_mixin.py:149} INFO - [2023-05-08T22:17:20.134+0000] {dag.py:2726} INFO - Sync 2 DAGs
[2023-05-08T22:17:20.156+0000] {logging_mixin.py:149} INFO - [2023-05-08T22:17:20.156+0000] {dag.py:3490} INFO - Setting next_dagrun for example_external_task_marker_child to None, run_after=None
[2023-05-08T22:17:20.159+0000] {logging_mixin.py:149} INFO - [2023-05-08T22:17:20.159+0000] {dag.py:3490} INFO - Setting next_dagrun for example_external_task_marker_parent to None, run_after=None
[2023-05-08T22:17:20.173+0000] {processor.py:178} INFO - Processing /home/airflow/.local/lib/python3.7/site-packages/airflow/example_dags/example_external_task_marker_dag.py took 0.070 seconds
[2023-05-08T22:17:51.007+0000] {processor.py:156} INFO - Started process (PID=291) to work on /home/airflow/.local/lib/python3.7/site-packages/airflow/example_dags/example_external_task_marker_dag.py
[2023-05-08T22:17:51.008+0000] {processor.py:799} INFO - Processing file /home/airflow/.local/lib/python3.7/site-packages/airflow/example_dags/example_external_task_marker_dag.py for tasks to queue
[2023-05-08T22:17:51.009+0000] {logging_mixin.py:149} INFO - [2023-05-08T22:17:51.009+0000] {dagbag.py:541} INFO - Filling up the DagBag from /home/airflow/.local/lib/python3.7/site-packages/airflow/example_dags/example_external_task_marker_dag.py
[2023-05-08T22:17:51.013+0000] {processor.py:809} INFO - DAG(s) dict_keys(['example_external_task_marker_parent', 'example_external_task_marker_child']) retrieved from /home/airflow/.local/lib/python3.7/site-packages/airflow/example_dags/example_external_task_marker_dag.py
[2023-05-08T22:17:51.035+0000] {logging_mixin.py:149} INFO - [2023-05-08T22:17:51.035+0000] {dag.py:2726} INFO - Sync 2 DAGs
[2023-05-08T22:17:51.054+0000] {logging_mixin.py:149} INFO - [2023-05-08T22:17:51.054+0000] {dag.py:3490} INFO - Setting next_dagrun for example_external_task_marker_child to None, run_after=None
[2023-05-08T22:17:51.056+0000] {logging_mixin.py:149} INFO - [2023-05-08T22:17:51.056+0000] {dag.py:3490} INFO - Setting next_dagrun for example_external_task_marker_parent to None, run_after=None
[2023-05-08T22:17:51.067+0000] {processor.py:178} INFO - Processing /home/airflow/.local/lib/python3.7/site-packages/airflow/example_dags/example_external_task_marker_dag.py took 0.063 seconds
[2023-05-08T22:18:21.858+0000] {processor.py:156} INFO - Started process (PID=348) to work on /home/airflow/.local/lib/python3.7/site-packages/airflow/example_dags/example_external_task_marker_dag.py
[2023-05-08T22:18:21.860+0000] {processor.py:799} INFO - Processing file /home/airflow/.local/lib/python3.7/site-packages/airflow/example_dags/example_external_task_marker_dag.py for tasks to queue
[2023-05-08T22:18:21.860+0000] {logging_mixin.py:149} INFO - [2023-05-08T22:18:21.860+0000] {dagbag.py:541} INFO - Filling up the DagBag from /home/airflow/.local/lib/python3.7/site-packages/airflow/example_dags/example_external_task_marker_dag.py
[2023-05-08T22:18:21.865+0000] {processor.py:809} INFO - DAG(s) dict_keys(['example_external_task_marker_child', 'example_external_task_marker_parent']) retrieved from /home/airflow/.local/lib/python3.7/site-packages/airflow/example_dags/example_external_task_marker_dag.py
[2023-05-08T22:18:21.911+0000] {logging_mixin.py:149} INFO - [2023-05-08T22:18:21.911+0000] {dag.py:2726} INFO - Sync 2 DAGs
[2023-05-08T22:18:21.943+0000] {logging_mixin.py:149} INFO - [2023-05-08T22:18:21.943+0000] {dag.py:3490} INFO - Setting next_dagrun for example_external_task_marker_child to None, run_after=None
[2023-05-08T22:18:21.946+0000] {logging_mixin.py:149} INFO - [2023-05-08T22:18:21.946+0000] {dag.py:3490} INFO - Setting next_dagrun for example_external_task_marker_parent to None, run_after=None
[2023-05-08T22:18:21.960+0000] {processor.py:178} INFO - Processing /home/airflow/.local/lib/python3.7/site-packages/airflow/example_dags/example_external_task_marker_dag.py took 0.105 seconds
[2023-05-08T22:18:52.988+0000] {processor.py:156} INFO - Started process (PID=405) to work on /home/airflow/.local/lib/python3.7/site-packages/airflow/example_dags/example_external_task_marker_dag.py
[2023-05-08T22:18:52.989+0000] {processor.py:799} INFO - Processing file /home/airflow/.local/lib/python3.7/site-packages/airflow/example_dags/example_external_task_marker_dag.py for tasks to queue
[2023-05-08T22:18:52.990+0000] {logging_mixin.py:149} INFO - [2023-05-08T22:18:52.990+0000] {dagbag.py:541} INFO - Filling up the DagBag from /home/airflow/.local/lib/python3.7/site-packages/airflow/example_dags/example_external_task_marker_dag.py
[2023-05-08T22:18:52.994+0000] {processor.py:809} INFO - DAG(s) dict_keys(['example_external_task_marker_child', 'example_external_task_marker_parent']) retrieved from /home/airflow/.local/lib/python3.7/site-packages/airflow/example_dags/example_external_task_marker_dag.py
[2023-05-08T22:18:53.020+0000] {logging_mixin.py:149} INFO - [2023-05-08T22:18:53.019+0000] {dag.py:2726} INFO - Sync 2 DAGs
[2023-05-08T22:18:53.039+0000] {logging_mixin.py:149} INFO - [2023-05-08T22:18:53.039+0000] {dag.py:3490} INFO - Setting next_dagrun for example_external_task_marker_child to None, run_after=None
[2023-05-08T22:18:53.041+0000] {logging_mixin.py:149} INFO - [2023-05-08T22:18:53.041+0000] {dag.py:3490} INFO - Setting next_dagrun for example_external_task_marker_parent to None, run_after=None
[2023-05-08T22:18:53.055+0000] {processor.py:178} INFO - Processing /home/airflow/.local/lib/python3.7/site-packages/airflow/example_dags/example_external_task_marker_dag.py took 0.069 seconds
[2023-05-08T22:19:23.728+0000] {processor.py:156} INFO - Started process (PID=462) to work on /home/airflow/.local/lib/python3.7/site-packages/airflow/example_dags/example_external_task_marker_dag.py
[2023-05-08T22:19:23.729+0000] {processor.py:799} INFO - Processing file /home/airflow/.local/lib/python3.7/site-packages/airflow/example_dags/example_external_task_marker_dag.py for tasks to queue
[2023-05-08T22:19:23.730+0000] {logging_mixin.py:149} INFO - [2023-05-08T22:19:23.730+0000] {dagbag.py:541} INFO - Filling up the DagBag from /home/airflow/.local/lib/python3.7/site-packages/airflow/example_dags/example_external_task_marker_dag.py
[2023-05-08T22:19:23.734+0000] {processor.py:809} INFO - DAG(s) dict_keys(['example_external_task_marker_child', 'example_external_task_marker_parent']) retrieved from /home/airflow/.local/lib/python3.7/site-packages/airflow/example_dags/example_external_task_marker_dag.py
[2023-05-08T22:19:23.758+0000] {logging_mixin.py:149} INFO - [2023-05-08T22:19:23.758+0000] {dag.py:2726} INFO - Sync 2 DAGs
[2023-05-08T22:19:23.777+0000] {logging_mixin.py:149} INFO - [2023-05-08T22:19:23.777+0000] {dag.py:3490} INFO - Setting next_dagrun for example_external_task_marker_child to None, run_after=None
[2023-05-08T22:19:23.780+0000] {logging_mixin.py:149} INFO - [2023-05-08T22:19:23.780+0000] {dag.py:3490} INFO - Setting next_dagrun for example_external_task_marker_parent to None, run_after=None
[2023-05-08T22:19:23.791+0000] {processor.py:178} INFO - Processing /home/airflow/.local/lib/python3.7/site-packages/airflow/example_dags/example_external_task_marker_dag.py took 0.065 seconds
[2023-05-08T22:19:54.426+0000] {processor.py:156} INFO - Started process (PID=519) to work on /home/airflow/.local/lib/python3.7/site-packages/airflow/example_dags/example_external_task_marker_dag.py
[2023-05-08T22:19:54.427+0000] {processor.py:799} INFO - Processing file /home/airflow/.local/lib/python3.7/site-packages/airflow/example_dags/example_external_task_marker_dag.py for tasks to queue
[2023-05-08T22:19:54.428+0000] {logging_mixin.py:149} INFO - [2023-05-08T22:19:54.427+0000] {dagbag.py:541} INFO - Filling up the DagBag from /home/airflow/.local/lib/python3.7/site-packages/airflow/example_dags/example_external_task_marker_dag.py
[2023-05-08T22:19:54.432+0000] {processor.py:809} INFO - DAG(s) dict_keys(['example_external_task_marker_parent', 'example_external_task_marker_child']) retrieved from /home/airflow/.local/lib/python3.7/site-packages/airflow/example_dags/example_external_task_marker_dag.py
[2023-05-08T22:19:54.456+0000] {logging_mixin.py:149} INFO - [2023-05-08T22:19:54.456+0000] {dag.py:2726} INFO - Sync 2 DAGs
[2023-05-08T22:19:54.477+0000] {logging_mixin.py:149} INFO - [2023-05-08T22:19:54.477+0000] {dag.py:3490} INFO - Setting next_dagrun for example_external_task_marker_child to None, run_after=None
[2023-05-08T22:19:54.479+0000] {logging_mixin.py:149} INFO - [2023-05-08T22:19:54.479+0000] {dag.py:3490} INFO - Setting next_dagrun for example_external_task_marker_parent to None, run_after=None
[2023-05-08T22:19:54.490+0000] {processor.py:178} INFO - Processing /home/airflow/.local/lib/python3.7/site-packages/airflow/example_dags/example_external_task_marker_dag.py took 0.067 seconds
[2023-05-08T22:20:25.224+0000] {processor.py:156} INFO - Started process (PID=577) to work on /home/airflow/.local/lib/python3.7/site-packages/airflow/example_dags/example_external_task_marker_dag.py
[2023-05-08T22:20:25.225+0000] {processor.py:799} INFO - Processing file /home/airflow/.local/lib/python3.7/site-packages/airflow/example_dags/example_external_task_marker_dag.py for tasks to queue
[2023-05-08T22:20:25.225+0000] {logging_mixin.py:149} INFO - [2023-05-08T22:20:25.225+0000] {dagbag.py:541} INFO - Filling up the DagBag from /home/airflow/.local/lib/python3.7/site-packages/airflow/example_dags/example_external_task_marker_dag.py
[2023-05-08T22:20:25.230+0000] {processor.py:809} INFO - DAG(s) dict_keys(['example_external_task_marker_parent', 'example_external_task_marker_child']) retrieved from /home/airflow/.local/lib/python3.7/site-packages/airflow/example_dags/example_external_task_marker_dag.py
[2023-05-08T22:20:25.253+0000] {logging_mixin.py:149} INFO - [2023-05-08T22:20:25.253+0000] {dag.py:2726} INFO - Sync 2 DAGs
[2023-05-08T22:20:25.272+0000] {logging_mixin.py:149} INFO - [2023-05-08T22:20:25.272+0000] {dag.py:3490} INFO - Setting next_dagrun for example_external_task_marker_child to None, run_after=None
[2023-05-08T22:20:25.274+0000] {logging_mixin.py:149} INFO - [2023-05-08T22:20:25.274+0000] {dag.py:3490} INFO - Setting next_dagrun for example_external_task_marker_parent to None, run_after=None
[2023-05-08T22:20:25.288+0000] {processor.py:178} INFO - Processing /home/airflow/.local/lib/python3.7/site-packages/airflow/example_dags/example_external_task_marker_dag.py took 0.066 seconds
[2023-05-08T22:20:56.030+0000] {processor.py:156} INFO - Started process (PID=634) to work on /home/airflow/.local/lib/python3.7/site-packages/airflow/example_dags/example_external_task_marker_dag.py
[2023-05-08T22:20:56.031+0000] {processor.py:799} INFO - Processing file /home/airflow/.local/lib/python3.7/site-packages/airflow/example_dags/example_external_task_marker_dag.py for tasks to queue
[2023-05-08T22:20:56.032+0000] {logging_mixin.py:149} INFO - [2023-05-08T22:20:56.032+0000] {dagbag.py:541} INFO - Filling up the DagBag from /home/airflow/.local/lib/python3.7/site-packages/airflow/example_dags/example_external_task_marker_dag.py
[2023-05-08T22:20:56.036+0000] {processor.py:809} INFO - DAG(s) dict_keys(['example_external_task_marker_parent', 'example_external_task_marker_child']) retrieved from /home/airflow/.local/lib/python3.7/site-packages/airflow/example_dags/example_external_task_marker_dag.py
[2023-05-08T22:20:56.058+0000] {logging_mixin.py:149} INFO - [2023-05-08T22:20:56.058+0000] {dag.py:2726} INFO - Sync 2 DAGs
[2023-05-08T22:20:56.077+0000] {logging_mixin.py:149} INFO - [2023-05-08T22:20:56.077+0000] {dag.py:3490} INFO - Setting next_dagrun for example_external_task_marker_child to None, run_after=None
[2023-05-08T22:20:56.080+0000] {logging_mixin.py:149} INFO - [2023-05-08T22:20:56.080+0000] {dag.py:3490} INFO - Setting next_dagrun for example_external_task_marker_parent to None, run_after=None
[2023-05-08T22:20:56.090+0000] {processor.py:178} INFO - Processing /home/airflow/.local/lib/python3.7/site-packages/airflow/example_dags/example_external_task_marker_dag.py took 0.063 seconds
[2023-05-08T22:21:26.872+0000] {processor.py:156} INFO - Started process (PID=691) to work on /home/airflow/.local/lib/python3.7/site-packages/airflow/example_dags/example_external_task_marker_dag.py
[2023-05-08T22:21:26.872+0000] {processor.py:799} INFO - Processing file /home/airflow/.local/lib/python3.7/site-packages/airflow/example_dags/example_external_task_marker_dag.py for tasks to queue
[2023-05-08T22:21:26.873+0000] {logging_mixin.py:149} INFO - [2023-05-08T22:21:26.873+0000] {dagbag.py:541} INFO - Filling up the DagBag from /home/airflow/.local/lib/python3.7/site-packages/airflow/example_dags/example_external_task_marker_dag.py
[2023-05-08T22:21:26.878+0000] {processor.py:809} INFO - DAG(s) dict_keys(['example_external_task_marker_child', 'example_external_task_marker_parent']) retrieved from /home/airflow/.local/lib/python3.7/site-packages/airflow/example_dags/example_external_task_marker_dag.py
[2023-05-08T22:21:26.899+0000] {logging_mixin.py:149} INFO - [2023-05-08T22:21:26.899+0000] {dag.py:2726} INFO - Sync 2 DAGs
[2023-05-08T22:21:26.919+0000] {logging_mixin.py:149} INFO - [2023-05-08T22:21:26.919+0000] {dag.py:3490} INFO - Setting next_dagrun for example_external_task_marker_child to None, run_after=None
[2023-05-08T22:21:26.921+0000] {logging_mixin.py:149} INFO - [2023-05-08T22:21:26.921+0000] {dag.py:3490} INFO - Setting next_dagrun for example_external_task_marker_parent to None, run_after=None
[2023-05-08T22:21:26.932+0000] {processor.py:178} INFO - Processing /home/airflow/.local/lib/python3.7/site-packages/airflow/example_dags/example_external_task_marker_dag.py took 0.063 seconds
[2023-05-08T22:22:09.418+0000] {processor.py:156} INFO - Started process (PID=64) to work on /home/airflow/.local/lib/python3.7/site-packages/airflow/example_dags/example_external_task_marker_dag.py
[2023-05-08T22:22:09.420+0000] {processor.py:799} INFO - Processing file /home/airflow/.local/lib/python3.7/site-packages/airflow/example_dags/example_external_task_marker_dag.py for tasks to queue
[2023-05-08T22:22:09.421+0000] {logging_mixin.py:149} INFO - [2023-05-08T22:22:09.421+0000] {dagbag.py:541} INFO - Filling up the DagBag from /home/airflow/.local/lib/python3.7/site-packages/airflow/example_dags/example_external_task_marker_dag.py
[2023-05-08T22:22:09.435+0000] {processor.py:809} INFO - DAG(s) dict_keys(['example_external_task_marker_parent', 'example_external_task_marker_child']) retrieved from /home/airflow/.local/lib/python3.7/site-packages/airflow/example_dags/example_external_task_marker_dag.py
[2023-05-08T22:22:09.566+0000] {logging_mixin.py:149} INFO - [2023-05-08T22:22:09.566+0000] {dag.py:2726} INFO - Sync 2 DAGs
[2023-05-08T22:22:09.657+0000] {logging_mixin.py:149} INFO - [2023-05-08T22:22:09.657+0000] {dag.py:3490} INFO - Setting next_dagrun for example_external_task_marker_child to None, run_after=None
[2023-05-08T22:22:09.670+0000] {logging_mixin.py:149} INFO - [2023-05-08T22:22:09.670+0000] {dag.py:3490} INFO - Setting next_dagrun for example_external_task_marker_parent to None, run_after=None
[2023-05-08T22:22:09.687+0000] {processor.py:178} INFO - Processing /home/airflow/.local/lib/python3.7/site-packages/airflow/example_dags/example_external_task_marker_dag.py took 0.272 seconds
[2023-05-08T22:22:40.720+0000] {processor.py:156} INFO - Started process (PID=121) to work on /home/airflow/.local/lib/python3.7/site-packages/airflow/example_dags/example_external_task_marker_dag.py
[2023-05-08T22:22:40.723+0000] {processor.py:799} INFO - Processing file /home/airflow/.local/lib/python3.7/site-packages/airflow/example_dags/example_external_task_marker_dag.py for tasks to queue
[2023-05-08T22:22:40.724+0000] {logging_mixin.py:149} INFO - [2023-05-08T22:22:40.724+0000] {dagbag.py:541} INFO - Filling up the DagBag from /home/airflow/.local/lib/python3.7/site-packages/airflow/example_dags/example_external_task_marker_dag.py
[2023-05-08T22:22:40.732+0000] {processor.py:809} INFO - DAG(s) dict_keys(['example_external_task_marker_child', 'example_external_task_marker_parent']) retrieved from /home/airflow/.local/lib/python3.7/site-packages/airflow/example_dags/example_external_task_marker_dag.py
[2023-05-08T22:22:40.762+0000] {logging_mixin.py:149} INFO - [2023-05-08T22:22:40.762+0000] {dag.py:2726} INFO - Sync 2 DAGs
[2023-05-08T22:22:40.783+0000] {logging_mixin.py:149} INFO - [2023-05-08T22:22:40.783+0000] {dag.py:3490} INFO - Setting next_dagrun for example_external_task_marker_child to None, run_after=None
[2023-05-08T22:22:40.785+0000] {logging_mixin.py:149} INFO - [2023-05-08T22:22:40.785+0000] {dag.py:3490} INFO - Setting next_dagrun for example_external_task_marker_parent to None, run_after=None
[2023-05-08T22:22:40.798+0000] {processor.py:178} INFO - Processing /home/airflow/.local/lib/python3.7/site-packages/airflow/example_dags/example_external_task_marker_dag.py took 0.083 seconds
[2023-05-08T22:23:10.985+0000] {processor.py:156} INFO - Started process (PID=178) to work on /home/airflow/.local/lib/python3.7/site-packages/airflow/example_dags/example_external_task_marker_dag.py
[2023-05-08T22:23:10.987+0000] {processor.py:799} INFO - Processing file /home/airflow/.local/lib/python3.7/site-packages/airflow/example_dags/example_external_task_marker_dag.py for tasks to queue
[2023-05-08T22:23:10.988+0000] {logging_mixin.py:149} INFO - [2023-05-08T22:23:10.988+0000] {dagbag.py:541} INFO - Filling up the DagBag from /home/airflow/.local/lib/python3.7/site-packages/airflow/example_dags/example_external_task_marker_dag.py
[2023-05-08T22:23:10.995+0000] {processor.py:809} INFO - DAG(s) dict_keys(['example_external_task_marker_child', 'example_external_task_marker_parent']) retrieved from /home/airflow/.local/lib/python3.7/site-packages/airflow/example_dags/example_external_task_marker_dag.py
[2023-05-08T22:23:11.026+0000] {logging_mixin.py:149} INFO - [2023-05-08T22:23:11.026+0000] {dag.py:2726} INFO - Sync 2 DAGs
[2023-05-08T22:23:11.046+0000] {logging_mixin.py:149} INFO - [2023-05-08T22:23:11.046+0000] {dag.py:3490} INFO - Setting next_dagrun for example_external_task_marker_child to None, run_after=None
[2023-05-08T22:23:11.049+0000] {logging_mixin.py:149} INFO - [2023-05-08T22:23:11.049+0000] {dag.py:3490} INFO - Setting next_dagrun for example_external_task_marker_parent to None, run_after=None
[2023-05-08T22:23:11.060+0000] {processor.py:178} INFO - Processing /home/airflow/.local/lib/python3.7/site-packages/airflow/example_dags/example_external_task_marker_dag.py took 0.081 seconds
[2023-05-08T22:23:41.706+0000] {processor.py:156} INFO - Started process (PID=235) to work on /home/airflow/.local/lib/python3.7/site-packages/airflow/example_dags/example_external_task_marker_dag.py
[2023-05-08T22:23:41.708+0000] {processor.py:799} INFO - Processing file /home/airflow/.local/lib/python3.7/site-packages/airflow/example_dags/example_external_task_marker_dag.py for tasks to queue
[2023-05-08T22:23:41.709+0000] {logging_mixin.py:149} INFO - [2023-05-08T22:23:41.709+0000] {dagbag.py:541} INFO - Filling up the DagBag from /home/airflow/.local/lib/python3.7/site-packages/airflow/example_dags/example_external_task_marker_dag.py
[2023-05-08T22:23:41.716+0000] {processor.py:809} INFO - DAG(s) dict_keys(['example_external_task_marker_child', 'example_external_task_marker_parent']) retrieved from /home/airflow/.local/lib/python3.7/site-packages/airflow/example_dags/example_external_task_marker_dag.py
[2023-05-08T22:23:41.747+0000] {logging_mixin.py:149} INFO - [2023-05-08T22:23:41.747+0000] {dag.py:2726} INFO - Sync 2 DAGs
[2023-05-08T22:23:41.768+0000] {logging_mixin.py:149} INFO - [2023-05-08T22:23:41.768+0000] {dag.py:3490} INFO - Setting next_dagrun for example_external_task_marker_child to None, run_after=None
[2023-05-08T22:23:41.771+0000] {logging_mixin.py:149} INFO - [2023-05-08T22:23:41.771+0000] {dag.py:3490} INFO - Setting next_dagrun for example_external_task_marker_parent to None, run_after=None
[2023-05-08T22:23:41.784+0000] {processor.py:178} INFO - Processing /home/airflow/.local/lib/python3.7/site-packages/airflow/example_dags/example_external_task_marker_dag.py took 0.084 seconds
[2023-05-08T22:24:12.552+0000] {processor.py:156} INFO - Started process (PID=292) to work on /home/airflow/.local/lib/python3.7/site-packages/airflow/example_dags/example_external_task_marker_dag.py
[2023-05-08T22:24:12.556+0000] {processor.py:799} INFO - Processing file /home/airflow/.local/lib/python3.7/site-packages/airflow/example_dags/example_external_task_marker_dag.py for tasks to queue
[2023-05-08T22:24:12.557+0000] {logging_mixin.py:149} INFO - [2023-05-08T22:24:12.557+0000] {dagbag.py:541} INFO - Filling up the DagBag from /home/airflow/.local/lib/python3.7/site-packages/airflow/example_dags/example_external_task_marker_dag.py
[2023-05-08T22:24:12.564+0000] {processor.py:809} INFO - DAG(s) dict_keys(['example_external_task_marker_parent', 'example_external_task_marker_child']) retrieved from /home/airflow/.local/lib/python3.7/site-packages/airflow/example_dags/example_external_task_marker_dag.py
[2023-05-08T22:24:12.594+0000] {logging_mixin.py:149} INFO - [2023-05-08T22:24:12.594+0000] {dag.py:2726} INFO - Sync 2 DAGs
[2023-05-08T22:24:12.613+0000] {logging_mixin.py:149} INFO - [2023-05-08T22:24:12.613+0000] {dag.py:3490} INFO - Setting next_dagrun for example_external_task_marker_child to None, run_after=None
[2023-05-08T22:24:12.616+0000] {logging_mixin.py:149} INFO - [2023-05-08T22:24:12.616+0000] {dag.py:3490} INFO - Setting next_dagrun for example_external_task_marker_parent to None, run_after=None
[2023-05-08T22:24:12.628+0000] {processor.py:178} INFO - Processing /home/airflow/.local/lib/python3.7/site-packages/airflow/example_dags/example_external_task_marker_dag.py took 0.081 seconds
[2023-05-08T22:24:43.318+0000] {processor.py:156} INFO - Started process (PID=349) to work on /home/airflow/.local/lib/python3.7/site-packages/airflow/example_dags/example_external_task_marker_dag.py
[2023-05-08T22:24:43.319+0000] {processor.py:799} INFO - Processing file /home/airflow/.local/lib/python3.7/site-packages/airflow/example_dags/example_external_task_marker_dag.py for tasks to queue
[2023-05-08T22:24:43.320+0000] {logging_mixin.py:149} INFO - [2023-05-08T22:24:43.320+0000] {dagbag.py:541} INFO - Filling up the DagBag from /home/airflow/.local/lib/python3.7/site-packages/airflow/example_dags/example_external_task_marker_dag.py
[2023-05-08T22:24:43.325+0000] {processor.py:809} INFO - DAG(s) dict_keys(['example_external_task_marker_child', 'example_external_task_marker_parent']) retrieved from /home/airflow/.local/lib/python3.7/site-packages/airflow/example_dags/example_external_task_marker_dag.py
[2023-05-08T22:24:43.351+0000] {logging_mixin.py:149} INFO - [2023-05-08T22:24:43.351+0000] {dag.py:2726} INFO - Sync 2 DAGs
[2023-05-08T22:24:43.374+0000] {logging_mixin.py:149} INFO - [2023-05-08T22:24:43.374+0000] {dag.py:3490} INFO - Setting next_dagrun for example_external_task_marker_child to None, run_after=None
[2023-05-08T22:24:43.376+0000] {logging_mixin.py:149} INFO - [2023-05-08T22:24:43.376+0000] {dag.py:3490} INFO - Setting next_dagrun for example_external_task_marker_parent to None, run_after=None
[2023-05-08T22:24:43.388+0000] {processor.py:178} INFO - Processing /home/airflow/.local/lib/python3.7/site-packages/airflow/example_dags/example_external_task_marker_dag.py took 0.074 seconds
[2023-05-08T22:25:13.995+0000] {processor.py:156} INFO - Started process (PID=406) to work on /home/airflow/.local/lib/python3.7/site-packages/airflow/example_dags/example_external_task_marker_dag.py
[2023-05-08T22:25:13.999+0000] {processor.py:799} INFO - Processing file /home/airflow/.local/lib/python3.7/site-packages/airflow/example_dags/example_external_task_marker_dag.py for tasks to queue
[2023-05-08T22:25:14.001+0000] {logging_mixin.py:149} INFO - [2023-05-08T22:25:14.000+0000] {dagbag.py:541} INFO - Filling up the DagBag from /home/airflow/.local/lib/python3.7/site-packages/airflow/example_dags/example_external_task_marker_dag.py
[2023-05-08T22:25:14.011+0000] {processor.py:809} INFO - DAG(s) dict_keys(['example_external_task_marker_child', 'example_external_task_marker_parent']) retrieved from /home/airflow/.local/lib/python3.7/site-packages/airflow/example_dags/example_external_task_marker_dag.py
[2023-05-08T22:25:14.047+0000] {logging_mixin.py:149} INFO - [2023-05-08T22:25:14.047+0000] {dag.py:2726} INFO - Sync 2 DAGs
[2023-05-08T22:25:14.069+0000] {logging_mixin.py:149} INFO - [2023-05-08T22:25:14.069+0000] {dag.py:3490} INFO - Setting next_dagrun for example_external_task_marker_child to None, run_after=None
[2023-05-08T22:25:14.072+0000] {logging_mixin.py:149} INFO - [2023-05-08T22:25:14.072+0000] {dag.py:3490} INFO - Setting next_dagrun for example_external_task_marker_parent to None, run_after=None
[2023-05-08T22:25:14.090+0000] {processor.py:178} INFO - Processing /home/airflow/.local/lib/python3.7/site-packages/airflow/example_dags/example_external_task_marker_dag.py took 0.103 seconds
[2023-05-08T22:26:00.559+0000] {processor.py:156} INFO - Started process (PID=64) to work on /home/airflow/.local/lib/python3.7/site-packages/airflow/example_dags/example_external_task_marker_dag.py
[2023-05-08T22:26:00.561+0000] {processor.py:799} INFO - Processing file /home/airflow/.local/lib/python3.7/site-packages/airflow/example_dags/example_external_task_marker_dag.py for tasks to queue
[2023-05-08T22:26:00.562+0000] {logging_mixin.py:149} INFO - [2023-05-08T22:26:00.562+0000] {dagbag.py:541} INFO - Filling up the DagBag from /home/airflow/.local/lib/python3.7/site-packages/airflow/example_dags/example_external_task_marker_dag.py
[2023-05-08T22:26:00.573+0000] {processor.py:809} INFO - DAG(s) dict_keys(['example_external_task_marker_child', 'example_external_task_marker_parent']) retrieved from /home/airflow/.local/lib/python3.7/site-packages/airflow/example_dags/example_external_task_marker_dag.py
[2023-05-08T22:26:00.609+0000] {logging_mixin.py:149} INFO - [2023-05-08T22:26:00.609+0000] {dag.py:2726} INFO - Sync 2 DAGs
[2023-05-08T22:26:00.644+0000] {logging_mixin.py:149} INFO - [2023-05-08T22:26:00.644+0000] {dag.py:3490} INFO - Setting next_dagrun for example_external_task_marker_child to None, run_after=None
[2023-05-08T22:26:00.649+0000] {logging_mixin.py:149} INFO - [2023-05-08T22:26:00.649+0000] {dag.py:3490} INFO - Setting next_dagrun for example_external_task_marker_parent to None, run_after=None
[2023-05-08T22:26:00.674+0000] {processor.py:178} INFO - Processing /home/airflow/.local/lib/python3.7/site-packages/airflow/example_dags/example_external_task_marker_dag.py took 0.119 seconds
[2023-05-08T22:26:31.205+0000] {processor.py:156} INFO - Started process (PID=121) to work on /home/airflow/.local/lib/python3.7/site-packages/airflow/example_dags/example_external_task_marker_dag.py
[2023-05-08T22:26:31.206+0000] {processor.py:799} INFO - Processing file /home/airflow/.local/lib/python3.7/site-packages/airflow/example_dags/example_external_task_marker_dag.py for tasks to queue
[2023-05-08T22:26:31.206+0000] {logging_mixin.py:149} INFO - [2023-05-08T22:26:31.206+0000] {dagbag.py:541} INFO - Filling up the DagBag from /home/airflow/.local/lib/python3.7/site-packages/airflow/example_dags/example_external_task_marker_dag.py
[2023-05-08T22:26:31.211+0000] {processor.py:809} INFO - DAG(s) dict_keys(['example_external_task_marker_child', 'example_external_task_marker_parent']) retrieved from /home/airflow/.local/lib/python3.7/site-packages/airflow/example_dags/example_external_task_marker_dag.py
[2023-05-08T22:26:31.259+0000] {logging_mixin.py:149} INFO - [2023-05-08T22:26:31.259+0000] {dag.py:2726} INFO - Sync 2 DAGs
[2023-05-08T22:26:31.279+0000] {logging_mixin.py:149} INFO - [2023-05-08T22:26:31.279+0000] {dag.py:3490} INFO - Setting next_dagrun for example_external_task_marker_child to None, run_after=None
[2023-05-08T22:26:31.281+0000] {logging_mixin.py:149} INFO - [2023-05-08T22:26:31.281+0000] {dag.py:3490} INFO - Setting next_dagrun for example_external_task_marker_parent to None, run_after=None
[2023-05-08T22:26:31.295+0000] {processor.py:178} INFO - Processing /home/airflow/.local/lib/python3.7/site-packages/airflow/example_dags/example_external_task_marker_dag.py took 0.094 seconds
[2023-05-08T22:27:02.104+0000] {processor.py:156} INFO - Started process (PID=178) to work on /home/airflow/.local/lib/python3.7/site-packages/airflow/example_dags/example_external_task_marker_dag.py
[2023-05-08T22:27:02.105+0000] {processor.py:799} INFO - Processing file /home/airflow/.local/lib/python3.7/site-packages/airflow/example_dags/example_external_task_marker_dag.py for tasks to queue
[2023-05-08T22:27:02.106+0000] {logging_mixin.py:149} INFO - [2023-05-08T22:27:02.106+0000] {dagbag.py:541} INFO - Filling up the DagBag from /home/airflow/.local/lib/python3.7/site-packages/airflow/example_dags/example_external_task_marker_dag.py
[2023-05-08T22:27:02.110+0000] {processor.py:809} INFO - DAG(s) dict_keys(['example_external_task_marker_parent', 'example_external_task_marker_child']) retrieved from /home/airflow/.local/lib/python3.7/site-packages/airflow/example_dags/example_external_task_marker_dag.py
[2023-05-08T22:27:02.132+0000] {logging_mixin.py:149} INFO - [2023-05-08T22:27:02.132+0000] {dag.py:2726} INFO - Sync 2 DAGs
[2023-05-08T22:27:02.152+0000] {logging_mixin.py:149} INFO - [2023-05-08T22:27:02.152+0000] {dag.py:3490} INFO - Setting next_dagrun for example_external_task_marker_child to None, run_after=None
[2023-05-08T22:27:02.155+0000] {logging_mixin.py:149} INFO - [2023-05-08T22:27:02.155+0000] {dag.py:3490} INFO - Setting next_dagrun for example_external_task_marker_parent to None, run_after=None
[2023-05-08T22:27:02.166+0000] {processor.py:178} INFO - Processing /home/airflow/.local/lib/python3.7/site-packages/airflow/example_dags/example_external_task_marker_dag.py took 0.065 seconds
[2023-05-08T22:27:32.844+0000] {processor.py:156} INFO - Started process (PID=235) to work on /home/airflow/.local/lib/python3.7/site-packages/airflow/example_dags/example_external_task_marker_dag.py
[2023-05-08T22:27:32.845+0000] {processor.py:799} INFO - Processing file /home/airflow/.local/lib/python3.7/site-packages/airflow/example_dags/example_external_task_marker_dag.py for tasks to queue
[2023-05-08T22:27:32.846+0000] {logging_mixin.py:149} INFO - [2023-05-08T22:27:32.846+0000] {dagbag.py:541} INFO - Filling up the DagBag from /home/airflow/.local/lib/python3.7/site-packages/airflow/example_dags/example_external_task_marker_dag.py
[2023-05-08T22:27:32.850+0000] {processor.py:809} INFO - DAG(s) dict_keys(['example_external_task_marker_child', 'example_external_task_marker_parent']) retrieved from /home/airflow/.local/lib/python3.7/site-packages/airflow/example_dags/example_external_task_marker_dag.py
[2023-05-08T22:27:32.872+0000] {logging_mixin.py:149} INFO - [2023-05-08T22:27:32.872+0000] {dag.py:2726} INFO - Sync 2 DAGs
[2023-05-08T22:27:32.892+0000] {logging_mixin.py:149} INFO - [2023-05-08T22:27:32.892+0000] {dag.py:3490} INFO - Setting next_dagrun for example_external_task_marker_child to None, run_after=None
[2023-05-08T22:27:32.894+0000] {logging_mixin.py:149} INFO - [2023-05-08T22:27:32.894+0000] {dag.py:3490} INFO - Setting next_dagrun for example_external_task_marker_parent to None, run_after=None
[2023-05-08T22:27:32.906+0000] {processor.py:178} INFO - Processing /home/airflow/.local/lib/python3.7/site-packages/airflow/example_dags/example_external_task_marker_dag.py took 0.064 seconds
[2023-05-08T22:28:03.315+0000] {processor.py:156} INFO - Started process (PID=292) to work on /home/airflow/.local/lib/python3.7/site-packages/airflow/example_dags/example_external_task_marker_dag.py
[2023-05-08T22:28:03.316+0000] {processor.py:799} INFO - Processing file /home/airflow/.local/lib/python3.7/site-packages/airflow/example_dags/example_external_task_marker_dag.py for tasks to queue
[2023-05-08T22:28:03.317+0000] {logging_mixin.py:149} INFO - [2023-05-08T22:28:03.317+0000] {dagbag.py:541} INFO - Filling up the DagBag from /home/airflow/.local/lib/python3.7/site-packages/airflow/example_dags/example_external_task_marker_dag.py
[2023-05-08T22:28:03.321+0000] {processor.py:809} INFO - DAG(s) dict_keys(['example_external_task_marker_child', 'example_external_task_marker_parent']) retrieved from /home/airflow/.local/lib/python3.7/site-packages/airflow/example_dags/example_external_task_marker_dag.py
[2023-05-08T22:28:03.347+0000] {logging_mixin.py:149} INFO - [2023-05-08T22:28:03.347+0000] {dag.py:2726} INFO - Sync 2 DAGs
[2023-05-08T22:28:03.367+0000] {logging_mixin.py:149} INFO - [2023-05-08T22:28:03.367+0000] {dag.py:3490} INFO - Setting next_dagrun for example_external_task_marker_child to None, run_after=None
[2023-05-08T22:28:03.370+0000] {logging_mixin.py:149} INFO - [2023-05-08T22:28:03.370+0000] {dag.py:3490} INFO - Setting next_dagrun for example_external_task_marker_parent to None, run_after=None
[2023-05-08T22:28:03.382+0000] {processor.py:178} INFO - Processing /home/airflow/.local/lib/python3.7/site-packages/airflow/example_dags/example_external_task_marker_dag.py took 0.070 seconds
[2023-05-08T22:28:34.019+0000] {processor.py:156} INFO - Started process (PID=349) to work on /home/airflow/.local/lib/python3.7/site-packages/airflow/example_dags/example_external_task_marker_dag.py
[2023-05-08T22:28:34.020+0000] {processor.py:799} INFO - Processing file /home/airflow/.local/lib/python3.7/site-packages/airflow/example_dags/example_external_task_marker_dag.py for tasks to queue
[2023-05-08T22:28:34.021+0000] {logging_mixin.py:149} INFO - [2023-05-08T22:28:34.021+0000] {dagbag.py:541} INFO - Filling up the DagBag from /home/airflow/.local/lib/python3.7/site-packages/airflow/example_dags/example_external_task_marker_dag.py
[2023-05-08T22:28:34.027+0000] {processor.py:809} INFO - DAG(s) dict_keys(['example_external_task_marker_child', 'example_external_task_marker_parent']) retrieved from /home/airflow/.local/lib/python3.7/site-packages/airflow/example_dags/example_external_task_marker_dag.py
[2023-05-08T22:28:34.055+0000] {logging_mixin.py:149} INFO - [2023-05-08T22:28:34.055+0000] {dag.py:2726} INFO - Sync 2 DAGs
[2023-05-08T22:28:34.076+0000] {logging_mixin.py:149} INFO - [2023-05-08T22:28:34.076+0000] {dag.py:3490} INFO - Setting next_dagrun for example_external_task_marker_child to None, run_after=None
[2023-05-08T22:28:34.079+0000] {logging_mixin.py:149} INFO - [2023-05-08T22:28:34.079+0000] {dag.py:3490} INFO - Setting next_dagrun for example_external_task_marker_parent to None, run_after=None
[2023-05-08T22:28:34.091+0000] {processor.py:178} INFO - Processing /home/airflow/.local/lib/python3.7/site-packages/airflow/example_dags/example_external_task_marker_dag.py took 0.073 seconds
[2023-05-08T22:29:04.877+0000] {processor.py:156} INFO - Started process (PID=406) to work on /home/airflow/.local/lib/python3.7/site-packages/airflow/example_dags/example_external_task_marker_dag.py
[2023-05-08T22:29:04.878+0000] {processor.py:799} INFO - Processing file /home/airflow/.local/lib/python3.7/site-packages/airflow/example_dags/example_external_task_marker_dag.py for tasks to queue
[2023-05-08T22:29:04.879+0000] {logging_mixin.py:149} INFO - [2023-05-08T22:29:04.879+0000] {dagbag.py:541} INFO - Filling up the DagBag from /home/airflow/.local/lib/python3.7/site-packages/airflow/example_dags/example_external_task_marker_dag.py
[2023-05-08T22:29:04.883+0000] {processor.py:809} INFO - DAG(s) dict_keys(['example_external_task_marker_child', 'example_external_task_marker_parent']) retrieved from /home/airflow/.local/lib/python3.7/site-packages/airflow/example_dags/example_external_task_marker_dag.py
[2023-05-08T22:29:04.905+0000] {logging_mixin.py:149} INFO - [2023-05-08T22:29:04.905+0000] {dag.py:2726} INFO - Sync 2 DAGs
[2023-05-08T22:29:04.926+0000] {logging_mixin.py:149} INFO - [2023-05-08T22:29:04.926+0000] {dag.py:3490} INFO - Setting next_dagrun for example_external_task_marker_child to None, run_after=None
[2023-05-08T22:29:04.929+0000] {logging_mixin.py:149} INFO - [2023-05-08T22:29:04.929+0000] {dag.py:3490} INFO - Setting next_dagrun for example_external_task_marker_parent to None, run_after=None
[2023-05-08T22:29:04.941+0000] {processor.py:178} INFO - Processing /home/airflow/.local/lib/python3.7/site-packages/airflow/example_dags/example_external_task_marker_dag.py took 0.066 seconds
[2023-05-08T22:29:35.475+0000] {processor.py:156} INFO - Started process (PID=463) to work on /home/airflow/.local/lib/python3.7/site-packages/airflow/example_dags/example_external_task_marker_dag.py
[2023-05-08T22:29:35.476+0000] {processor.py:799} INFO - Processing file /home/airflow/.local/lib/python3.7/site-packages/airflow/example_dags/example_external_task_marker_dag.py for tasks to queue
[2023-05-08T22:29:35.477+0000] {logging_mixin.py:149} INFO - [2023-05-08T22:29:35.477+0000] {dagbag.py:541} INFO - Filling up the DagBag from /home/airflow/.local/lib/python3.7/site-packages/airflow/example_dags/example_external_task_marker_dag.py
[2023-05-08T22:29:35.482+0000] {processor.py:809} INFO - DAG(s) dict_keys(['example_external_task_marker_parent', 'example_external_task_marker_child']) retrieved from /home/airflow/.local/lib/python3.7/site-packages/airflow/example_dags/example_external_task_marker_dag.py
[2023-05-08T22:29:35.510+0000] {logging_mixin.py:149} INFO - [2023-05-08T22:29:35.510+0000] {dag.py:2726} INFO - Sync 2 DAGs
[2023-05-08T22:29:35.531+0000] {logging_mixin.py:149} INFO - [2023-05-08T22:29:35.531+0000] {dag.py:3490} INFO - Setting next_dagrun for example_external_task_marker_child to None, run_after=None
[2023-05-08T22:29:35.533+0000] {logging_mixin.py:149} INFO - [2023-05-08T22:29:35.533+0000] {dag.py:3490} INFO - Setting next_dagrun for example_external_task_marker_parent to None, run_after=None
[2023-05-08T22:29:35.545+0000] {processor.py:178} INFO - Processing /home/airflow/.local/lib/python3.7/site-packages/airflow/example_dags/example_external_task_marker_dag.py took 0.073 seconds
[2023-05-08T22:30:06.283+0000] {processor.py:156} INFO - Started process (PID=520) to work on /home/airflow/.local/lib/python3.7/site-packages/airflow/example_dags/example_external_task_marker_dag.py
[2023-05-08T22:30:06.286+0000] {processor.py:799} INFO - Processing file /home/airflow/.local/lib/python3.7/site-packages/airflow/example_dags/example_external_task_marker_dag.py for tasks to queue
[2023-05-08T22:30:06.287+0000] {logging_mixin.py:149} INFO - [2023-05-08T22:30:06.287+0000] {dagbag.py:541} INFO - Filling up the DagBag from /home/airflow/.local/lib/python3.7/site-packages/airflow/example_dags/example_external_task_marker_dag.py
[2023-05-08T22:30:06.292+0000] {processor.py:809} INFO - DAG(s) dict_keys(['example_external_task_marker_parent', 'example_external_task_marker_child']) retrieved from /home/airflow/.local/lib/python3.7/site-packages/airflow/example_dags/example_external_task_marker_dag.py
[2023-05-08T22:30:06.321+0000] {logging_mixin.py:149} INFO - [2023-05-08T22:30:06.320+0000] {dag.py:2726} INFO - Sync 2 DAGs
[2023-05-08T22:30:06.344+0000] {logging_mixin.py:149} INFO - [2023-05-08T22:30:06.343+0000] {dag.py:3490} INFO - Setting next_dagrun for example_external_task_marker_child to None, run_after=None
[2023-05-08T22:30:06.347+0000] {logging_mixin.py:149} INFO - [2023-05-08T22:30:06.347+0000] {dag.py:3490} INFO - Setting next_dagrun for example_external_task_marker_parent to None, run_after=None
[2023-05-08T22:30:06.360+0000] {processor.py:178} INFO - Processing /home/airflow/.local/lib/python3.7/site-packages/airflow/example_dags/example_external_task_marker_dag.py took 0.081 seconds
[2023-05-08T22:30:37.024+0000] {processor.py:156} INFO - Started process (PID=577) to work on /home/airflow/.local/lib/python3.7/site-packages/airflow/example_dags/example_external_task_marker_dag.py
[2023-05-08T22:30:37.025+0000] {processor.py:799} INFO - Processing file /home/airflow/.local/lib/python3.7/site-packages/airflow/example_dags/example_external_task_marker_dag.py for tasks to queue
[2023-05-08T22:30:37.025+0000] {logging_mixin.py:149} INFO - [2023-05-08T22:30:37.025+0000] {dagbag.py:541} INFO - Filling up the DagBag from /home/airflow/.local/lib/python3.7/site-packages/airflow/example_dags/example_external_task_marker_dag.py
[2023-05-08T22:30:37.029+0000] {processor.py:809} INFO - DAG(s) dict_keys(['example_external_task_marker_parent', 'example_external_task_marker_child']) retrieved from /home/airflow/.local/lib/python3.7/site-packages/airflow/example_dags/example_external_task_marker_dag.py
[2023-05-08T22:30:37.055+0000] {logging_mixin.py:149} INFO - [2023-05-08T22:30:37.054+0000] {dag.py:2726} INFO - Sync 2 DAGs
[2023-05-08T22:30:37.074+0000] {logging_mixin.py:149} INFO - [2023-05-08T22:30:37.074+0000] {dag.py:3490} INFO - Setting next_dagrun for example_external_task_marker_child to None, run_after=None
[2023-05-08T22:30:37.077+0000] {logging_mixin.py:149} INFO - [2023-05-08T22:30:37.077+0000] {dag.py:3490} INFO - Setting next_dagrun for example_external_task_marker_parent to None, run_after=None
[2023-05-08T22:30:37.088+0000] {processor.py:178} INFO - Processing /home/airflow/.local/lib/python3.7/site-packages/airflow/example_dags/example_external_task_marker_dag.py took 0.067 seconds
[2023-05-08T22:31:07.999+0000] {processor.py:156} INFO - Started process (PID=634) to work on /home/airflow/.local/lib/python3.7/site-packages/airflow/example_dags/example_external_task_marker_dag.py
[2023-05-08T22:31:08.000+0000] {processor.py:799} INFO - Processing file /home/airflow/.local/lib/python3.7/site-packages/airflow/example_dags/example_external_task_marker_dag.py for tasks to queue
[2023-05-08T22:31:08.000+0000] {logging_mixin.py:149} INFO - [2023-05-08T22:31:08.000+0000] {dagbag.py:541} INFO - Filling up the DagBag from /home/airflow/.local/lib/python3.7/site-packages/airflow/example_dags/example_external_task_marker_dag.py
[2023-05-08T22:31:08.004+0000] {processor.py:809} INFO - DAG(s) dict_keys(['example_external_task_marker_parent', 'example_external_task_marker_child']) retrieved from /home/airflow/.local/lib/python3.7/site-packages/airflow/example_dags/example_external_task_marker_dag.py
[2023-05-08T22:31:08.030+0000] {logging_mixin.py:149} INFO - [2023-05-08T22:31:08.029+0000] {dag.py:2726} INFO - Sync 2 DAGs
[2023-05-08T22:31:08.049+0000] {logging_mixin.py:149} INFO - [2023-05-08T22:31:08.049+0000] {dag.py:3490} INFO - Setting next_dagrun for example_external_task_marker_child to None, run_after=None
[2023-05-08T22:31:08.052+0000] {logging_mixin.py:149} INFO - [2023-05-08T22:31:08.052+0000] {dag.py:3490} INFO - Setting next_dagrun for example_external_task_marker_parent to None, run_after=None
[2023-05-08T22:31:08.063+0000] {processor.py:178} INFO - Processing /home/airflow/.local/lib/python3.7/site-packages/airflow/example_dags/example_external_task_marker_dag.py took 0.067 seconds
[2023-05-08T22:31:38.554+0000] {processor.py:156} INFO - Started process (PID=691) to work on /home/airflow/.local/lib/python3.7/site-packages/airflow/example_dags/example_external_task_marker_dag.py
[2023-05-08T22:31:38.555+0000] {processor.py:799} INFO - Processing file /home/airflow/.local/lib/python3.7/site-packages/airflow/example_dags/example_external_task_marker_dag.py for tasks to queue
[2023-05-08T22:31:38.556+0000] {logging_mixin.py:149} INFO - [2023-05-08T22:31:38.556+0000] {dagbag.py:541} INFO - Filling up the DagBag from /home/airflow/.local/lib/python3.7/site-packages/airflow/example_dags/example_external_task_marker_dag.py
[2023-05-08T22:31:38.560+0000] {processor.py:809} INFO - DAG(s) dict_keys(['example_external_task_marker_parent', 'example_external_task_marker_child']) retrieved from /home/airflow/.local/lib/python3.7/site-packages/airflow/example_dags/example_external_task_marker_dag.py
[2023-05-08T22:31:38.584+0000] {logging_mixin.py:149} INFO - [2023-05-08T22:31:38.584+0000] {dag.py:2726} INFO - Sync 2 DAGs
[2023-05-08T22:31:38.604+0000] {logging_mixin.py:149} INFO - [2023-05-08T22:31:38.604+0000] {dag.py:3490} INFO - Setting next_dagrun for example_external_task_marker_child to None, run_after=None
[2023-05-08T22:31:38.606+0000] {logging_mixin.py:149} INFO - [2023-05-08T22:31:38.606+0000] {dag.py:3490} INFO - Setting next_dagrun for example_external_task_marker_parent to None, run_after=None
[2023-05-08T22:31:38.619+0000] {processor.py:178} INFO - Processing /home/airflow/.local/lib/python3.7/site-packages/airflow/example_dags/example_external_task_marker_dag.py took 0.067 seconds
[2023-05-08T22:32:09.270+0000] {processor.py:156} INFO - Started process (PID=748) to work on /home/airflow/.local/lib/python3.7/site-packages/airflow/example_dags/example_external_task_marker_dag.py
[2023-05-08T22:32:09.271+0000] {processor.py:799} INFO - Processing file /home/airflow/.local/lib/python3.7/site-packages/airflow/example_dags/example_external_task_marker_dag.py for tasks to queue
[2023-05-08T22:32:09.272+0000] {logging_mixin.py:149} INFO - [2023-05-08T22:32:09.272+0000] {dagbag.py:541} INFO - Filling up the DagBag from /home/airflow/.local/lib/python3.7/site-packages/airflow/example_dags/example_external_task_marker_dag.py
[2023-05-08T22:32:09.276+0000] {processor.py:809} INFO - DAG(s) dict_keys(['example_external_task_marker_parent', 'example_external_task_marker_child']) retrieved from /home/airflow/.local/lib/python3.7/site-packages/airflow/example_dags/example_external_task_marker_dag.py
[2023-05-08T22:32:09.301+0000] {logging_mixin.py:149} INFO - [2023-05-08T22:32:09.301+0000] {dag.py:2726} INFO - Sync 2 DAGs
[2023-05-08T22:32:09.323+0000] {logging_mixin.py:149} INFO - [2023-05-08T22:32:09.323+0000] {dag.py:3490} INFO - Setting next_dagrun for example_external_task_marker_child to None, run_after=None
[2023-05-08T22:32:09.325+0000] {logging_mixin.py:149} INFO - [2023-05-08T22:32:09.325+0000] {dag.py:3490} INFO - Setting next_dagrun for example_external_task_marker_parent to None, run_after=None
[2023-05-08T22:32:09.341+0000] {processor.py:178} INFO - Processing /home/airflow/.local/lib/python3.7/site-packages/airflow/example_dags/example_external_task_marker_dag.py took 0.074 seconds
[2023-05-08T22:32:40.071+0000] {processor.py:156} INFO - Started process (PID=805) to work on /home/airflow/.local/lib/python3.7/site-packages/airflow/example_dags/example_external_task_marker_dag.py
[2023-05-08T22:32:40.073+0000] {processor.py:799} INFO - Processing file /home/airflow/.local/lib/python3.7/site-packages/airflow/example_dags/example_external_task_marker_dag.py for tasks to queue
[2023-05-08T22:32:40.073+0000] {logging_mixin.py:149} INFO - [2023-05-08T22:32:40.073+0000] {dagbag.py:541} INFO - Filling up the DagBag from /home/airflow/.local/lib/python3.7/site-packages/airflow/example_dags/example_external_task_marker_dag.py
[2023-05-08T22:32:40.080+0000] {processor.py:809} INFO - DAG(s) dict_keys(['example_external_task_marker_parent', 'example_external_task_marker_child']) retrieved from /home/airflow/.local/lib/python3.7/site-packages/airflow/example_dags/example_external_task_marker_dag.py
[2023-05-08T22:32:40.110+0000] {logging_mixin.py:149} INFO - [2023-05-08T22:32:40.110+0000] {dag.py:2726} INFO - Sync 2 DAGs
[2023-05-08T22:32:40.136+0000] {logging_mixin.py:149} INFO - [2023-05-08T22:32:40.136+0000] {dag.py:3490} INFO - Setting next_dagrun for example_external_task_marker_child to None, run_after=None
[2023-05-08T22:32:40.139+0000] {logging_mixin.py:149} INFO - [2023-05-08T22:32:40.139+0000] {dag.py:3490} INFO - Setting next_dagrun for example_external_task_marker_parent to None, run_after=None
[2023-05-08T22:32:40.153+0000] {processor.py:178} INFO - Processing /home/airflow/.local/lib/python3.7/site-packages/airflow/example_dags/example_external_task_marker_dag.py took 0.084 seconds
[2023-05-08T22:33:11.263+0000] {processor.py:156} INFO - Started process (PID=862) to work on /home/airflow/.local/lib/python3.7/site-packages/airflow/example_dags/example_external_task_marker_dag.py
[2023-05-08T22:33:11.264+0000] {processor.py:799} INFO - Processing file /home/airflow/.local/lib/python3.7/site-packages/airflow/example_dags/example_external_task_marker_dag.py for tasks to queue
[2023-05-08T22:33:11.266+0000] {logging_mixin.py:149} INFO - [2023-05-08T22:33:11.266+0000] {dagbag.py:541} INFO - Filling up the DagBag from /home/airflow/.local/lib/python3.7/site-packages/airflow/example_dags/example_external_task_marker_dag.py
[2023-05-08T22:33:11.271+0000] {processor.py:809} INFO - DAG(s) dict_keys(['example_external_task_marker_child', 'example_external_task_marker_parent']) retrieved from /home/airflow/.local/lib/python3.7/site-packages/airflow/example_dags/example_external_task_marker_dag.py
[2023-05-08T22:33:11.305+0000] {logging_mixin.py:149} INFO - [2023-05-08T22:33:11.305+0000] {dag.py:2726} INFO - Sync 2 DAGs
[2023-05-08T22:33:11.346+0000] {logging_mixin.py:149} INFO - [2023-05-08T22:33:11.346+0000] {dag.py:3490} INFO - Setting next_dagrun for example_external_task_marker_child to None, run_after=None
[2023-05-08T22:33:11.349+0000] {logging_mixin.py:149} INFO - [2023-05-08T22:33:11.349+0000] {dag.py:3490} INFO - Setting next_dagrun for example_external_task_marker_parent to None, run_after=None
[2023-05-08T22:33:11.369+0000] {processor.py:178} INFO - Processing /home/airflow/.local/lib/python3.7/site-packages/airflow/example_dags/example_external_task_marker_dag.py took 0.108 seconds
[2023-05-08T22:33:42.957+0000] {processor.py:156} INFO - Started process (PID=919) to work on /home/airflow/.local/lib/python3.7/site-packages/airflow/example_dags/example_external_task_marker_dag.py
[2023-05-08T22:33:42.959+0000] {processor.py:799} INFO - Processing file /home/airflow/.local/lib/python3.7/site-packages/airflow/example_dags/example_external_task_marker_dag.py for tasks to queue
[2023-05-08T22:33:42.960+0000] {logging_mixin.py:149} INFO - [2023-05-08T22:33:42.960+0000] {dagbag.py:541} INFO - Filling up the DagBag from /home/airflow/.local/lib/python3.7/site-packages/airflow/example_dags/example_external_task_marker_dag.py
[2023-05-08T22:33:42.975+0000] {processor.py:809} INFO - DAG(s) dict_keys(['example_external_task_marker_child', 'example_external_task_marker_parent']) retrieved from /home/airflow/.local/lib/python3.7/site-packages/airflow/example_dags/example_external_task_marker_dag.py
[2023-05-08T22:33:43.033+0000] {logging_mixin.py:149} INFO - [2023-05-08T22:33:43.032+0000] {dag.py:2726} INFO - Sync 2 DAGs
[2023-05-08T22:33:43.078+0000] {logging_mixin.py:149} INFO - [2023-05-08T22:33:43.078+0000] {dag.py:3490} INFO - Setting next_dagrun for example_external_task_marker_child to None, run_after=None
[2023-05-08T22:33:43.082+0000] {logging_mixin.py:149} INFO - [2023-05-08T22:33:43.082+0000] {dag.py:3490} INFO - Setting next_dagrun for example_external_task_marker_parent to None, run_after=None
[2023-05-08T22:33:43.104+0000] {processor.py:178} INFO - Processing /home/airflow/.local/lib/python3.7/site-packages/airflow/example_dags/example_external_task_marker_dag.py took 0.151 seconds
[2023-05-08T22:34:13.487+0000] {processor.py:156} INFO - Started process (PID=976) to work on /home/airflow/.local/lib/python3.7/site-packages/airflow/example_dags/example_external_task_marker_dag.py
[2023-05-08T22:34:13.488+0000] {processor.py:799} INFO - Processing file /home/airflow/.local/lib/python3.7/site-packages/airflow/example_dags/example_external_task_marker_dag.py for tasks to queue
[2023-05-08T22:34:13.489+0000] {logging_mixin.py:149} INFO - [2023-05-08T22:34:13.489+0000] {dagbag.py:541} INFO - Filling up the DagBag from /home/airflow/.local/lib/python3.7/site-packages/airflow/example_dags/example_external_task_marker_dag.py
[2023-05-08T22:34:13.493+0000] {processor.py:809} INFO - DAG(s) dict_keys(['example_external_task_marker_parent', 'example_external_task_marker_child']) retrieved from /home/airflow/.local/lib/python3.7/site-packages/airflow/example_dags/example_external_task_marker_dag.py
[2023-05-08T22:34:13.522+0000] {logging_mixin.py:149} INFO - [2023-05-08T22:34:13.522+0000] {dag.py:2726} INFO - Sync 2 DAGs
[2023-05-08T22:34:13.552+0000] {logging_mixin.py:149} INFO - [2023-05-08T22:34:13.551+0000] {dag.py:3490} INFO - Setting next_dagrun for example_external_task_marker_child to None, run_after=None
[2023-05-08T22:34:13.556+0000] {logging_mixin.py:149} INFO - [2023-05-08T22:34:13.556+0000] {dag.py:3490} INFO - Setting next_dagrun for example_external_task_marker_parent to None, run_after=None
[2023-05-08T22:34:13.573+0000] {processor.py:178} INFO - Processing /home/airflow/.local/lib/python3.7/site-packages/airflow/example_dags/example_external_task_marker_dag.py took 0.088 seconds
[2023-05-08T22:34:44.135+0000] {processor.py:156} INFO - Started process (PID=1034) to work on /home/airflow/.local/lib/python3.7/site-packages/airflow/example_dags/example_external_task_marker_dag.py
[2023-05-08T22:34:44.137+0000] {processor.py:799} INFO - Processing file /home/airflow/.local/lib/python3.7/site-packages/airflow/example_dags/example_external_task_marker_dag.py for tasks to queue
[2023-05-08T22:34:44.137+0000] {logging_mixin.py:149} INFO - [2023-05-08T22:34:44.137+0000] {dagbag.py:541} INFO - Filling up the DagBag from /home/airflow/.local/lib/python3.7/site-packages/airflow/example_dags/example_external_task_marker_dag.py
[2023-05-08T22:34:44.143+0000] {processor.py:809} INFO - DAG(s) dict_keys(['example_external_task_marker_parent', 'example_external_task_marker_child']) retrieved from /home/airflow/.local/lib/python3.7/site-packages/airflow/example_dags/example_external_task_marker_dag.py
[2023-05-08T22:34:44.169+0000] {logging_mixin.py:149} INFO - [2023-05-08T22:34:44.169+0000] {dag.py:2726} INFO - Sync 2 DAGs
[2023-05-08T22:34:44.189+0000] {logging_mixin.py:149} INFO - [2023-05-08T22:34:44.189+0000] {dag.py:3490} INFO - Setting next_dagrun for example_external_task_marker_child to None, run_after=None
[2023-05-08T22:34:44.191+0000] {logging_mixin.py:149} INFO - [2023-05-08T22:34:44.191+0000] {dag.py:3490} INFO - Setting next_dagrun for example_external_task_marker_parent to None, run_after=None
[2023-05-08T22:34:44.203+0000] {processor.py:178} INFO - Processing /home/airflow/.local/lib/python3.7/site-packages/airflow/example_dags/example_external_task_marker_dag.py took 0.071 seconds
[2023-05-08T22:35:14.430+0000] {processor.py:156} INFO - Started process (PID=1090) to work on /home/airflow/.local/lib/python3.7/site-packages/airflow/example_dags/example_external_task_marker_dag.py
[2023-05-08T22:35:14.431+0000] {processor.py:799} INFO - Processing file /home/airflow/.local/lib/python3.7/site-packages/airflow/example_dags/example_external_task_marker_dag.py for tasks to queue
[2023-05-08T22:35:14.431+0000] {logging_mixin.py:149} INFO - [2023-05-08T22:35:14.431+0000] {dagbag.py:541} INFO - Filling up the DagBag from /home/airflow/.local/lib/python3.7/site-packages/airflow/example_dags/example_external_task_marker_dag.py
[2023-05-08T22:35:14.435+0000] {processor.py:809} INFO - DAG(s) dict_keys(['example_external_task_marker_parent', 'example_external_task_marker_child']) retrieved from /home/airflow/.local/lib/python3.7/site-packages/airflow/example_dags/example_external_task_marker_dag.py
[2023-05-08T22:35:14.461+0000] {logging_mixin.py:149} INFO - [2023-05-08T22:35:14.461+0000] {dag.py:2726} INFO - Sync 2 DAGs
[2023-05-08T22:35:14.480+0000] {logging_mixin.py:149} INFO - [2023-05-08T22:35:14.480+0000] {dag.py:3490} INFO - Setting next_dagrun for example_external_task_marker_child to None, run_after=None
[2023-05-08T22:35:14.483+0000] {logging_mixin.py:149} INFO - [2023-05-08T22:35:14.483+0000] {dag.py:3490} INFO - Setting next_dagrun for example_external_task_marker_parent to None, run_after=None
[2023-05-08T22:35:14.496+0000] {processor.py:178} INFO - Processing /home/airflow/.local/lib/python3.7/site-packages/airflow/example_dags/example_external_task_marker_dag.py took 0.069 seconds
