[2023-05-08T20:36:14.018+0000] {processor.py:156} INFO - Started process (PID=68) to work on /home/airflow/.local/lib/python3.7/site-packages/airflow/example_dags/example_branch_datetime_operator.py
[2023-05-08T20:36:14.019+0000] {processor.py:799} INFO - Processing file /home/airflow/.local/lib/python3.7/site-packages/airflow/example_dags/example_branch_datetime_operator.py for tasks to queue
[2023-05-08T20:36:14.024+0000] {logging_mixin.py:149} INFO - [2023-05-08T20:36:14.023+0000] {dagbag.py:541} INFO - Filling up the DagBag from /home/airflow/.local/lib/python3.7/site-packages/airflow/example_dags/example_branch_datetime_operator.py
[2023-05-08T20:36:14.034+0000] {processor.py:809} INFO - DAG(s) dict_keys(['example_branch_datetime_operator_3', 'example_branch_datetime_operator', 'example_branch_datetime_operator_2']) retrieved from /home/airflow/.local/lib/python3.7/site-packages/airflow/example_dags/example_branch_datetime_operator.py
[2023-05-08T20:36:14.072+0000] {logging_mixin.py:149} INFO - [2023-05-08T20:36:14.072+0000] {dag.py:2726} INFO - Sync 3 DAGs
[2023-05-08T20:36:14.106+0000] {logging_mixin.py:149} INFO - [2023-05-08T20:36:14.106+0000] {dag.py:3490} INFO - Setting next_dagrun for example_branch_datetime_operator to 2023-05-07T00:00:00+00:00, run_after=2023-05-08T00:00:00+00:00
[2023-05-08T20:36:14.112+0000] {logging_mixin.py:149} INFO - [2023-05-08T20:36:14.111+0000] {dag.py:3490} INFO - Setting next_dagrun for example_branch_datetime_operator_2 to 2023-05-07T00:00:00+00:00, run_after=2023-05-08T00:00:00+00:00
[2023-05-08T20:36:14.114+0000] {logging_mixin.py:149} INFO - [2023-05-08T20:36:14.114+0000] {dag.py:3490} INFO - Setting next_dagrun for example_branch_datetime_operator_3 to 2023-05-07T00:00:00+00:00, run_after=2023-05-08T00:00:00+00:00
[2023-05-08T20:36:14.134+0000] {processor.py:178} INFO - Processing /home/airflow/.local/lib/python3.7/site-packages/airflow/example_dags/example_branch_datetime_operator.py took 0.127 seconds
[2023-05-08T20:36:44.189+0000] {processor.py:156} INFO - Started process (PID=124) to work on /home/airflow/.local/lib/python3.7/site-packages/airflow/example_dags/example_branch_datetime_operator.py
[2023-05-08T20:36:44.191+0000] {processor.py:799} INFO - Processing file /home/airflow/.local/lib/python3.7/site-packages/airflow/example_dags/example_branch_datetime_operator.py for tasks to queue
[2023-05-08T20:36:44.191+0000] {logging_mixin.py:149} INFO - [2023-05-08T20:36:44.191+0000] {dagbag.py:541} INFO - Filling up the DagBag from /home/airflow/.local/lib/python3.7/site-packages/airflow/example_dags/example_branch_datetime_operator.py
[2023-05-08T20:36:44.197+0000] {processor.py:809} INFO - DAG(s) dict_keys(['example_branch_datetime_operator_2', 'example_branch_datetime_operator_3', 'example_branch_datetime_operator']) retrieved from /home/airflow/.local/lib/python3.7/site-packages/airflow/example_dags/example_branch_datetime_operator.py
[2023-05-08T20:36:44.223+0000] {logging_mixin.py:149} INFO - [2023-05-08T20:36:44.223+0000] {dag.py:2726} INFO - Sync 3 DAGs
[2023-05-08T20:36:44.243+0000] {logging_mixin.py:149} INFO - [2023-05-08T20:36:44.243+0000] {dag.py:3490} INFO - Setting next_dagrun for example_branch_datetime_operator to 2023-05-07T00:00:00+00:00, run_after=2023-05-08T00:00:00+00:00
[2023-05-08T20:36:44.246+0000] {logging_mixin.py:149} INFO - [2023-05-08T20:36:44.246+0000] {dag.py:3490} INFO - Setting next_dagrun for example_branch_datetime_operator_2 to 2023-05-07T00:00:00+00:00, run_after=2023-05-08T00:00:00+00:00
[2023-05-08T20:36:44.247+0000] {logging_mixin.py:149} INFO - [2023-05-08T20:36:44.247+0000] {dag.py:3490} INFO - Setting next_dagrun for example_branch_datetime_operator_3 to 2023-05-07T00:00:00+00:00, run_after=2023-05-08T00:00:00+00:00
[2023-05-08T20:36:44.259+0000] {processor.py:178} INFO - Processing /home/airflow/.local/lib/python3.7/site-packages/airflow/example_dags/example_branch_datetime_operator.py took 0.071 seconds
[2023-05-08T20:37:14.384+0000] {processor.py:156} INFO - Started process (PID=180) to work on /home/airflow/.local/lib/python3.7/site-packages/airflow/example_dags/example_branch_datetime_operator.py
[2023-05-08T20:37:14.385+0000] {processor.py:799} INFO - Processing file /home/airflow/.local/lib/python3.7/site-packages/airflow/example_dags/example_branch_datetime_operator.py for tasks to queue
[2023-05-08T20:37:14.386+0000] {logging_mixin.py:149} INFO - [2023-05-08T20:37:14.386+0000] {dagbag.py:541} INFO - Filling up the DagBag from /home/airflow/.local/lib/python3.7/site-packages/airflow/example_dags/example_branch_datetime_operator.py
[2023-05-08T20:37:14.391+0000] {processor.py:809} INFO - DAG(s) dict_keys(['example_branch_datetime_operator_2', 'example_branch_datetime_operator_3', 'example_branch_datetime_operator']) retrieved from /home/airflow/.local/lib/python3.7/site-packages/airflow/example_dags/example_branch_datetime_operator.py
[2023-05-08T20:37:14.421+0000] {logging_mixin.py:149} INFO - [2023-05-08T20:37:14.421+0000] {dag.py:2726} INFO - Sync 3 DAGs
[2023-05-08T20:37:14.449+0000] {logging_mixin.py:149} INFO - [2023-05-08T20:37:14.449+0000] {dag.py:3490} INFO - Setting next_dagrun for example_branch_datetime_operator to 2023-05-07T00:00:00+00:00, run_after=2023-05-08T00:00:00+00:00
[2023-05-08T20:37:14.453+0000] {logging_mixin.py:149} INFO - [2023-05-08T20:37:14.453+0000] {dag.py:3490} INFO - Setting next_dagrun for example_branch_datetime_operator_2 to 2023-05-07T00:00:00+00:00, run_after=2023-05-08T00:00:00+00:00
[2023-05-08T20:37:14.455+0000] {logging_mixin.py:149} INFO - [2023-05-08T20:37:14.455+0000] {dag.py:3490} INFO - Setting next_dagrun for example_branch_datetime_operator_3 to 2023-05-07T00:00:00+00:00, run_after=2023-05-08T00:00:00+00:00
[2023-05-08T20:37:14.468+0000] {processor.py:178} INFO - Processing /home/airflow/.local/lib/python3.7/site-packages/airflow/example_dags/example_branch_datetime_operator.py took 0.086 seconds
[2023-05-08T20:37:45.162+0000] {processor.py:156} INFO - Started process (PID=236) to work on /home/airflow/.local/lib/python3.7/site-packages/airflow/example_dags/example_branch_datetime_operator.py
[2023-05-08T20:37:45.163+0000] {processor.py:799} INFO - Processing file /home/airflow/.local/lib/python3.7/site-packages/airflow/example_dags/example_branch_datetime_operator.py for tasks to queue
[2023-05-08T20:37:45.164+0000] {logging_mixin.py:149} INFO - [2023-05-08T20:37:45.164+0000] {dagbag.py:541} INFO - Filling up the DagBag from /home/airflow/.local/lib/python3.7/site-packages/airflow/example_dags/example_branch_datetime_operator.py
[2023-05-08T20:37:45.170+0000] {processor.py:809} INFO - DAG(s) dict_keys(['example_branch_datetime_operator', 'example_branch_datetime_operator_3', 'example_branch_datetime_operator_2']) retrieved from /home/airflow/.local/lib/python3.7/site-packages/airflow/example_dags/example_branch_datetime_operator.py
[2023-05-08T20:37:45.195+0000] {logging_mixin.py:149} INFO - [2023-05-08T20:37:45.195+0000] {dag.py:2726} INFO - Sync 3 DAGs
[2023-05-08T20:37:45.215+0000] {logging_mixin.py:149} INFO - [2023-05-08T20:37:45.215+0000] {dag.py:3490} INFO - Setting next_dagrun for example_branch_datetime_operator to 2023-05-07T00:00:00+00:00, run_after=2023-05-08T00:00:00+00:00
[2023-05-08T20:37:45.218+0000] {logging_mixin.py:149} INFO - [2023-05-08T20:37:45.218+0000] {dag.py:3490} INFO - Setting next_dagrun for example_branch_datetime_operator_2 to 2023-05-07T00:00:00+00:00, run_after=2023-05-08T00:00:00+00:00
[2023-05-08T20:37:45.220+0000] {logging_mixin.py:149} INFO - [2023-05-08T20:37:45.220+0000] {dag.py:3490} INFO - Setting next_dagrun for example_branch_datetime_operator_3 to 2023-05-07T00:00:00+00:00, run_after=2023-05-08T00:00:00+00:00
[2023-05-08T20:37:45.232+0000] {processor.py:178} INFO - Processing /home/airflow/.local/lib/python3.7/site-packages/airflow/example_dags/example_branch_datetime_operator.py took 0.072 seconds
[2023-05-08T20:38:15.919+0000] {processor.py:156} INFO - Started process (PID=293) to work on /home/airflow/.local/lib/python3.7/site-packages/airflow/example_dags/example_branch_datetime_operator.py
[2023-05-08T20:38:15.920+0000] {processor.py:799} INFO - Processing file /home/airflow/.local/lib/python3.7/site-packages/airflow/example_dags/example_branch_datetime_operator.py for tasks to queue
[2023-05-08T20:38:15.921+0000] {logging_mixin.py:149} INFO - [2023-05-08T20:38:15.921+0000] {dagbag.py:541} INFO - Filling up the DagBag from /home/airflow/.local/lib/python3.7/site-packages/airflow/example_dags/example_branch_datetime_operator.py
[2023-05-08T20:38:15.927+0000] {processor.py:809} INFO - DAG(s) dict_keys(['example_branch_datetime_operator_3', 'example_branch_datetime_operator_2', 'example_branch_datetime_operator']) retrieved from /home/airflow/.local/lib/python3.7/site-packages/airflow/example_dags/example_branch_datetime_operator.py
[2023-05-08T20:38:15.953+0000] {logging_mixin.py:149} INFO - [2023-05-08T20:38:15.953+0000] {dag.py:2726} INFO - Sync 3 DAGs
[2023-05-08T20:38:15.975+0000] {logging_mixin.py:149} INFO - [2023-05-08T20:38:15.975+0000] {dag.py:3490} INFO - Setting next_dagrun for example_branch_datetime_operator to 2023-05-07T00:00:00+00:00, run_after=2023-05-08T00:00:00+00:00
[2023-05-08T20:38:15.979+0000] {logging_mixin.py:149} INFO - [2023-05-08T20:38:15.979+0000] {dag.py:3490} INFO - Setting next_dagrun for example_branch_datetime_operator_2 to 2023-05-07T00:00:00+00:00, run_after=2023-05-08T00:00:00+00:00
[2023-05-08T20:38:15.981+0000] {logging_mixin.py:149} INFO - [2023-05-08T20:38:15.981+0000] {dag.py:3490} INFO - Setting next_dagrun for example_branch_datetime_operator_3 to 2023-05-07T00:00:00+00:00, run_after=2023-05-08T00:00:00+00:00
[2023-05-08T20:38:15.992+0000] {processor.py:178} INFO - Processing /home/airflow/.local/lib/python3.7/site-packages/airflow/example_dags/example_branch_datetime_operator.py took 0.076 seconds
[2023-05-08T20:38:46.558+0000] {processor.py:156} INFO - Started process (PID=349) to work on /home/airflow/.local/lib/python3.7/site-packages/airflow/example_dags/example_branch_datetime_operator.py
[2023-05-08T20:38:46.559+0000] {processor.py:799} INFO - Processing file /home/airflow/.local/lib/python3.7/site-packages/airflow/example_dags/example_branch_datetime_operator.py for tasks to queue
[2023-05-08T20:38:46.559+0000] {logging_mixin.py:149} INFO - [2023-05-08T20:38:46.559+0000] {dagbag.py:541} INFO - Filling up the DagBag from /home/airflow/.local/lib/python3.7/site-packages/airflow/example_dags/example_branch_datetime_operator.py
[2023-05-08T20:38:46.565+0000] {processor.py:809} INFO - DAG(s) dict_keys(['example_branch_datetime_operator_2', 'example_branch_datetime_operator', 'example_branch_datetime_operator_3']) retrieved from /home/airflow/.local/lib/python3.7/site-packages/airflow/example_dags/example_branch_datetime_operator.py
[2023-05-08T20:38:46.591+0000] {logging_mixin.py:149} INFO - [2023-05-08T20:38:46.591+0000] {dag.py:2726} INFO - Sync 3 DAGs
[2023-05-08T20:38:46.611+0000] {logging_mixin.py:149} INFO - [2023-05-08T20:38:46.611+0000] {dag.py:3490} INFO - Setting next_dagrun for example_branch_datetime_operator to 2023-05-07T00:00:00+00:00, run_after=2023-05-08T00:00:00+00:00
[2023-05-08T20:38:46.614+0000] {logging_mixin.py:149} INFO - [2023-05-08T20:38:46.614+0000] {dag.py:3490} INFO - Setting next_dagrun for example_branch_datetime_operator_2 to 2023-05-07T00:00:00+00:00, run_after=2023-05-08T00:00:00+00:00
[2023-05-08T20:38:46.616+0000] {logging_mixin.py:149} INFO - [2023-05-08T20:38:46.616+0000] {dag.py:3490} INFO - Setting next_dagrun for example_branch_datetime_operator_3 to 2023-05-07T00:00:00+00:00, run_after=2023-05-08T00:00:00+00:00
[2023-05-08T20:38:46.628+0000] {processor.py:178} INFO - Processing /home/airflow/.local/lib/python3.7/site-packages/airflow/example_dags/example_branch_datetime_operator.py took 0.073 seconds
[2023-05-08T20:39:17.122+0000] {processor.py:156} INFO - Started process (PID=405) to work on /home/airflow/.local/lib/python3.7/site-packages/airflow/example_dags/example_branch_datetime_operator.py
[2023-05-08T20:39:17.123+0000] {processor.py:799} INFO - Processing file /home/airflow/.local/lib/python3.7/site-packages/airflow/example_dags/example_branch_datetime_operator.py for tasks to queue
[2023-05-08T20:39:17.124+0000] {logging_mixin.py:149} INFO - [2023-05-08T20:39:17.124+0000] {dagbag.py:541} INFO - Filling up the DagBag from /home/airflow/.local/lib/python3.7/site-packages/airflow/example_dags/example_branch_datetime_operator.py
[2023-05-08T20:39:17.131+0000] {processor.py:809} INFO - DAG(s) dict_keys(['example_branch_datetime_operator_3', 'example_branch_datetime_operator', 'example_branch_datetime_operator_2']) retrieved from /home/airflow/.local/lib/python3.7/site-packages/airflow/example_dags/example_branch_datetime_operator.py
[2023-05-08T20:39:17.156+0000] {logging_mixin.py:149} INFO - [2023-05-08T20:39:17.156+0000] {dag.py:2726} INFO - Sync 3 DAGs
[2023-05-08T20:39:17.179+0000] {logging_mixin.py:149} INFO - [2023-05-08T20:39:17.179+0000] {dag.py:3490} INFO - Setting next_dagrun for example_branch_datetime_operator to 2023-05-07T00:00:00+00:00, run_after=2023-05-08T00:00:00+00:00
[2023-05-08T20:39:17.183+0000] {logging_mixin.py:149} INFO - [2023-05-08T20:39:17.183+0000] {dag.py:3490} INFO - Setting next_dagrun for example_branch_datetime_operator_2 to 2023-05-07T00:00:00+00:00, run_after=2023-05-08T00:00:00+00:00
[2023-05-08T20:39:17.184+0000] {logging_mixin.py:149} INFO - [2023-05-08T20:39:17.184+0000] {dag.py:3490} INFO - Setting next_dagrun for example_branch_datetime_operator_3 to 2023-05-07T00:00:00+00:00, run_after=2023-05-08T00:00:00+00:00
[2023-05-08T20:39:17.196+0000] {processor.py:178} INFO - Processing /home/airflow/.local/lib/python3.7/site-packages/airflow/example_dags/example_branch_datetime_operator.py took 0.076 seconds
[2023-05-08T22:15:49.070+0000] {processor.py:156} INFO - Started process (PID=68) to work on /home/airflow/.local/lib/python3.7/site-packages/airflow/example_dags/example_branch_datetime_operator.py
[2023-05-08T22:15:49.086+0000] {processor.py:799} INFO - Processing file /home/airflow/.local/lib/python3.7/site-packages/airflow/example_dags/example_branch_datetime_operator.py for tasks to queue
[2023-05-08T22:15:49.092+0000] {logging_mixin.py:149} INFO - [2023-05-08T22:15:49.092+0000] {dagbag.py:541} INFO - Filling up the DagBag from /home/airflow/.local/lib/python3.7/site-packages/airflow/example_dags/example_branch_datetime_operator.py
[2023-05-08T22:15:49.128+0000] {processor.py:809} INFO - DAG(s) dict_keys(['example_branch_datetime_operator', 'example_branch_datetime_operator_2', 'example_branch_datetime_operator_3']) retrieved from /home/airflow/.local/lib/python3.7/site-packages/airflow/example_dags/example_branch_datetime_operator.py
[2023-05-08T22:15:49.217+0000] {logging_mixin.py:149} INFO - [2023-05-08T22:15:49.216+0000] {dag.py:2726} INFO - Sync 3 DAGs
[2023-05-08T22:15:49.278+0000] {logging_mixin.py:149} INFO - [2023-05-08T22:15:49.278+0000] {dag.py:3490} INFO - Setting next_dagrun for example_branch_datetime_operator to 2023-05-07T00:00:00+00:00, run_after=2023-05-08T00:00:00+00:00
[2023-05-08T22:15:49.283+0000] {logging_mixin.py:149} INFO - [2023-05-08T22:15:49.283+0000] {dag.py:3490} INFO - Setting next_dagrun for example_branch_datetime_operator_2 to 2023-05-07T00:00:00+00:00, run_after=2023-05-08T00:00:00+00:00
[2023-05-08T22:15:49.286+0000] {logging_mixin.py:149} INFO - [2023-05-08T22:15:49.286+0000] {dag.py:3490} INFO - Setting next_dagrun for example_branch_datetime_operator_3 to 2023-05-07T00:00:00+00:00, run_after=2023-05-08T00:00:00+00:00
[2023-05-08T22:15:49.323+0000] {processor.py:178} INFO - Processing /home/airflow/.local/lib/python3.7/site-packages/airflow/example_dags/example_branch_datetime_operator.py took 0.259 seconds
[2023-05-08T22:16:19.510+0000] {processor.py:156} INFO - Started process (PID=125) to work on /home/airflow/.local/lib/python3.7/site-packages/airflow/example_dags/example_branch_datetime_operator.py
[2023-05-08T22:16:19.511+0000] {processor.py:799} INFO - Processing file /home/airflow/.local/lib/python3.7/site-packages/airflow/example_dags/example_branch_datetime_operator.py for tasks to queue
[2023-05-08T22:16:19.512+0000] {logging_mixin.py:149} INFO - [2023-05-08T22:16:19.512+0000] {dagbag.py:541} INFO - Filling up the DagBag from /home/airflow/.local/lib/python3.7/site-packages/airflow/example_dags/example_branch_datetime_operator.py
[2023-05-08T22:16:19.520+0000] {processor.py:809} INFO - DAG(s) dict_keys(['example_branch_datetime_operator_2', 'example_branch_datetime_operator_3', 'example_branch_datetime_operator']) retrieved from /home/airflow/.local/lib/python3.7/site-packages/airflow/example_dags/example_branch_datetime_operator.py
[2023-05-08T22:16:19.549+0000] {logging_mixin.py:149} INFO - [2023-05-08T22:16:19.549+0000] {dag.py:2726} INFO - Sync 3 DAGs
[2023-05-08T22:16:19.572+0000] {logging_mixin.py:149} INFO - [2023-05-08T22:16:19.572+0000] {dag.py:3490} INFO - Setting next_dagrun for example_branch_datetime_operator to 2023-05-07T00:00:00+00:00, run_after=2023-05-08T00:00:00+00:00
[2023-05-08T22:16:19.575+0000] {logging_mixin.py:149} INFO - [2023-05-08T22:16:19.575+0000] {dag.py:3490} INFO - Setting next_dagrun for example_branch_datetime_operator_2 to 2023-05-07T00:00:00+00:00, run_after=2023-05-08T00:00:00+00:00
[2023-05-08T22:16:19.577+0000] {logging_mixin.py:149} INFO - [2023-05-08T22:16:19.576+0000] {dag.py:3490} INFO - Setting next_dagrun for example_branch_datetime_operator_3 to 2023-05-07T00:00:00+00:00, run_after=2023-05-08T00:00:00+00:00
[2023-05-08T22:16:19.589+0000] {processor.py:178} INFO - Processing /home/airflow/.local/lib/python3.7/site-packages/airflow/example_dags/example_branch_datetime_operator.py took 0.083 seconds
[2023-05-08T22:16:50.442+0000] {processor.py:156} INFO - Started process (PID=182) to work on /home/airflow/.local/lib/python3.7/site-packages/airflow/example_dags/example_branch_datetime_operator.py
[2023-05-08T22:16:50.443+0000] {processor.py:799} INFO - Processing file /home/airflow/.local/lib/python3.7/site-packages/airflow/example_dags/example_branch_datetime_operator.py for tasks to queue
[2023-05-08T22:16:50.443+0000] {logging_mixin.py:149} INFO - [2023-05-08T22:16:50.443+0000] {dagbag.py:541} INFO - Filling up the DagBag from /home/airflow/.local/lib/python3.7/site-packages/airflow/example_dags/example_branch_datetime_operator.py
[2023-05-08T22:16:50.449+0000] {processor.py:809} INFO - DAG(s) dict_keys(['example_branch_datetime_operator_3', 'example_branch_datetime_operator', 'example_branch_datetime_operator_2']) retrieved from /home/airflow/.local/lib/python3.7/site-packages/airflow/example_dags/example_branch_datetime_operator.py
[2023-05-08T22:16:50.481+0000] {logging_mixin.py:149} INFO - [2023-05-08T22:16:50.481+0000] {dag.py:2726} INFO - Sync 3 DAGs
[2023-05-08T22:16:50.506+0000] {logging_mixin.py:149} INFO - [2023-05-08T22:16:50.506+0000] {dag.py:3490} INFO - Setting next_dagrun for example_branch_datetime_operator to 2023-05-07T00:00:00+00:00, run_after=2023-05-08T00:00:00+00:00
[2023-05-08T22:16:50.509+0000] {logging_mixin.py:149} INFO - [2023-05-08T22:16:50.509+0000] {dag.py:3490} INFO - Setting next_dagrun for example_branch_datetime_operator_2 to 2023-05-07T00:00:00+00:00, run_after=2023-05-08T00:00:00+00:00
[2023-05-08T22:16:50.510+0000] {logging_mixin.py:149} INFO - [2023-05-08T22:16:50.510+0000] {dag.py:3490} INFO - Setting next_dagrun for example_branch_datetime_operator_3 to 2023-05-07T00:00:00+00:00, run_after=2023-05-08T00:00:00+00:00
[2023-05-08T22:16:50.523+0000] {processor.py:178} INFO - Processing /home/airflow/.local/lib/python3.7/site-packages/airflow/example_dags/example_branch_datetime_operator.py took 0.084 seconds
[2023-05-08T22:17:21.393+0000] {processor.py:156} INFO - Started process (PID=239) to work on /home/airflow/.local/lib/python3.7/site-packages/airflow/example_dags/example_branch_datetime_operator.py
[2023-05-08T22:17:21.399+0000] {processor.py:799} INFO - Processing file /home/airflow/.local/lib/python3.7/site-packages/airflow/example_dags/example_branch_datetime_operator.py for tasks to queue
[2023-05-08T22:17:21.400+0000] {logging_mixin.py:149} INFO - [2023-05-08T22:17:21.400+0000] {dagbag.py:541} INFO - Filling up the DagBag from /home/airflow/.local/lib/python3.7/site-packages/airflow/example_dags/example_branch_datetime_operator.py
[2023-05-08T22:17:21.408+0000] {processor.py:809} INFO - DAG(s) dict_keys(['example_branch_datetime_operator', 'example_branch_datetime_operator_3', 'example_branch_datetime_operator_2']) retrieved from /home/airflow/.local/lib/python3.7/site-packages/airflow/example_dags/example_branch_datetime_operator.py
[2023-05-08T22:17:21.450+0000] {logging_mixin.py:149} INFO - [2023-05-08T22:17:21.450+0000] {dag.py:2726} INFO - Sync 3 DAGs
[2023-05-08T22:17:21.487+0000] {logging_mixin.py:149} INFO - [2023-05-08T22:17:21.487+0000] {dag.py:3490} INFO - Setting next_dagrun for example_branch_datetime_operator to 2023-05-07T00:00:00+00:00, run_after=2023-05-08T00:00:00+00:00
[2023-05-08T22:17:21.493+0000] {logging_mixin.py:149} INFO - [2023-05-08T22:17:21.493+0000] {dag.py:3490} INFO - Setting next_dagrun for example_branch_datetime_operator_2 to 2023-05-07T00:00:00+00:00, run_after=2023-05-08T00:00:00+00:00
[2023-05-08T22:17:21.494+0000] {logging_mixin.py:149} INFO - [2023-05-08T22:17:21.494+0000] {dag.py:3490} INFO - Setting next_dagrun for example_branch_datetime_operator_3 to 2023-05-07T00:00:00+00:00, run_after=2023-05-08T00:00:00+00:00
[2023-05-08T22:17:21.509+0000] {processor.py:178} INFO - Processing /home/airflow/.local/lib/python3.7/site-packages/airflow/example_dags/example_branch_datetime_operator.py took 0.121 seconds
[2023-05-08T22:17:52.270+0000] {processor.py:156} INFO - Started process (PID=296) to work on /home/airflow/.local/lib/python3.7/site-packages/airflow/example_dags/example_branch_datetime_operator.py
[2023-05-08T22:17:52.271+0000] {processor.py:799} INFO - Processing file /home/airflow/.local/lib/python3.7/site-packages/airflow/example_dags/example_branch_datetime_operator.py for tasks to queue
[2023-05-08T22:17:52.272+0000] {logging_mixin.py:149} INFO - [2023-05-08T22:17:52.272+0000] {dagbag.py:541} INFO - Filling up the DagBag from /home/airflow/.local/lib/python3.7/site-packages/airflow/example_dags/example_branch_datetime_operator.py
[2023-05-08T22:17:52.278+0000] {processor.py:809} INFO - DAG(s) dict_keys(['example_branch_datetime_operator_2', 'example_branch_datetime_operator', 'example_branch_datetime_operator_3']) retrieved from /home/airflow/.local/lib/python3.7/site-packages/airflow/example_dags/example_branch_datetime_operator.py
[2023-05-08T22:17:52.305+0000] {logging_mixin.py:149} INFO - [2023-05-08T22:17:52.305+0000] {dag.py:2726} INFO - Sync 3 DAGs
[2023-05-08T22:17:52.327+0000] {logging_mixin.py:149} INFO - [2023-05-08T22:17:52.327+0000] {dag.py:3490} INFO - Setting next_dagrun for example_branch_datetime_operator to 2023-05-07T00:00:00+00:00, run_after=2023-05-08T00:00:00+00:00
[2023-05-08T22:17:52.330+0000] {logging_mixin.py:149} INFO - [2023-05-08T22:17:52.330+0000] {dag.py:3490} INFO - Setting next_dagrun for example_branch_datetime_operator_2 to 2023-05-07T00:00:00+00:00, run_after=2023-05-08T00:00:00+00:00
[2023-05-08T22:17:52.331+0000] {logging_mixin.py:149} INFO - [2023-05-08T22:17:52.331+0000] {dag.py:3490} INFO - Setting next_dagrun for example_branch_datetime_operator_3 to 2023-05-07T00:00:00+00:00, run_after=2023-05-08T00:00:00+00:00
[2023-05-08T22:17:52.343+0000] {processor.py:178} INFO - Processing /home/airflow/.local/lib/python3.7/site-packages/airflow/example_dags/example_branch_datetime_operator.py took 0.076 seconds
[2023-05-08T22:18:23.201+0000] {processor.py:156} INFO - Started process (PID=353) to work on /home/airflow/.local/lib/python3.7/site-packages/airflow/example_dags/example_branch_datetime_operator.py
[2023-05-08T22:18:23.202+0000] {processor.py:799} INFO - Processing file /home/airflow/.local/lib/python3.7/site-packages/airflow/example_dags/example_branch_datetime_operator.py for tasks to queue
[2023-05-08T22:18:23.203+0000] {logging_mixin.py:149} INFO - [2023-05-08T22:18:23.203+0000] {dagbag.py:541} INFO - Filling up the DagBag from /home/airflow/.local/lib/python3.7/site-packages/airflow/example_dags/example_branch_datetime_operator.py
[2023-05-08T22:18:23.209+0000] {processor.py:809} INFO - DAG(s) dict_keys(['example_branch_datetime_operator_2', 'example_branch_datetime_operator_3', 'example_branch_datetime_operator']) retrieved from /home/airflow/.local/lib/python3.7/site-packages/airflow/example_dags/example_branch_datetime_operator.py
[2023-05-08T22:18:23.244+0000] {logging_mixin.py:149} INFO - [2023-05-08T22:18:23.244+0000] {dag.py:2726} INFO - Sync 3 DAGs
[2023-05-08T22:18:23.269+0000] {logging_mixin.py:149} INFO - [2023-05-08T22:18:23.269+0000] {dag.py:3490} INFO - Setting next_dagrun for example_branch_datetime_operator to 2023-05-07T00:00:00+00:00, run_after=2023-05-08T00:00:00+00:00
[2023-05-08T22:18:23.273+0000] {logging_mixin.py:149} INFO - [2023-05-08T22:18:23.272+0000] {dag.py:3490} INFO - Setting next_dagrun for example_branch_datetime_operator_2 to 2023-05-07T00:00:00+00:00, run_after=2023-05-08T00:00:00+00:00
[2023-05-08T22:18:23.274+0000] {logging_mixin.py:149} INFO - [2023-05-08T22:18:23.274+0000] {dag.py:3490} INFO - Setting next_dagrun for example_branch_datetime_operator_3 to 2023-05-07T00:00:00+00:00, run_after=2023-05-08T00:00:00+00:00
[2023-05-08T22:18:23.286+0000] {processor.py:178} INFO - Processing /home/airflow/.local/lib/python3.7/site-packages/airflow/example_dags/example_branch_datetime_operator.py took 0.088 seconds
[2023-05-08T22:18:54.236+0000] {processor.py:156} INFO - Started process (PID=410) to work on /home/airflow/.local/lib/python3.7/site-packages/airflow/example_dags/example_branch_datetime_operator.py
[2023-05-08T22:18:54.237+0000] {processor.py:799} INFO - Processing file /home/airflow/.local/lib/python3.7/site-packages/airflow/example_dags/example_branch_datetime_operator.py for tasks to queue
[2023-05-08T22:18:54.237+0000] {logging_mixin.py:149} INFO - [2023-05-08T22:18:54.237+0000] {dagbag.py:541} INFO - Filling up the DagBag from /home/airflow/.local/lib/python3.7/site-packages/airflow/example_dags/example_branch_datetime_operator.py
[2023-05-08T22:18:54.243+0000] {processor.py:809} INFO - DAG(s) dict_keys(['example_branch_datetime_operator', 'example_branch_datetime_operator_3', 'example_branch_datetime_operator_2']) retrieved from /home/airflow/.local/lib/python3.7/site-packages/airflow/example_dags/example_branch_datetime_operator.py
[2023-05-08T22:18:54.269+0000] {logging_mixin.py:149} INFO - [2023-05-08T22:18:54.269+0000] {dag.py:2726} INFO - Sync 3 DAGs
[2023-05-08T22:18:54.291+0000] {logging_mixin.py:149} INFO - [2023-05-08T22:18:54.291+0000] {dag.py:3490} INFO - Setting next_dagrun for example_branch_datetime_operator to 2023-05-07T00:00:00+00:00, run_after=2023-05-08T00:00:00+00:00
[2023-05-08T22:18:54.295+0000] {logging_mixin.py:149} INFO - [2023-05-08T22:18:54.295+0000] {dag.py:3490} INFO - Setting next_dagrun for example_branch_datetime_operator_2 to 2023-05-07T00:00:00+00:00, run_after=2023-05-08T00:00:00+00:00
[2023-05-08T22:18:54.296+0000] {logging_mixin.py:149} INFO - [2023-05-08T22:18:54.296+0000] {dag.py:3490} INFO - Setting next_dagrun for example_branch_datetime_operator_3 to 2023-05-07T00:00:00+00:00, run_after=2023-05-08T00:00:00+00:00
[2023-05-08T22:18:54.309+0000] {processor.py:178} INFO - Processing /home/airflow/.local/lib/python3.7/site-packages/airflow/example_dags/example_branch_datetime_operator.py took 0.076 seconds
[2023-05-08T22:19:24.975+0000] {processor.py:156} INFO - Started process (PID=467) to work on /home/airflow/.local/lib/python3.7/site-packages/airflow/example_dags/example_branch_datetime_operator.py
[2023-05-08T22:19:24.976+0000] {processor.py:799} INFO - Processing file /home/airflow/.local/lib/python3.7/site-packages/airflow/example_dags/example_branch_datetime_operator.py for tasks to queue
[2023-05-08T22:19:24.977+0000] {logging_mixin.py:149} INFO - [2023-05-08T22:19:24.977+0000] {dagbag.py:541} INFO - Filling up the DagBag from /home/airflow/.local/lib/python3.7/site-packages/airflow/example_dags/example_branch_datetime_operator.py
[2023-05-08T22:19:24.983+0000] {processor.py:809} INFO - DAG(s) dict_keys(['example_branch_datetime_operator_3', 'example_branch_datetime_operator_2', 'example_branch_datetime_operator']) retrieved from /home/airflow/.local/lib/python3.7/site-packages/airflow/example_dags/example_branch_datetime_operator.py
[2023-05-08T22:19:25.011+0000] {logging_mixin.py:149} INFO - [2023-05-08T22:19:25.011+0000] {dag.py:2726} INFO - Sync 3 DAGs
[2023-05-08T22:19:25.033+0000] {logging_mixin.py:149} INFO - [2023-05-08T22:19:25.033+0000] {dag.py:3490} INFO - Setting next_dagrun for example_branch_datetime_operator to 2023-05-07T00:00:00+00:00, run_after=2023-05-08T00:00:00+00:00
[2023-05-08T22:19:25.037+0000] {logging_mixin.py:149} INFO - [2023-05-08T22:19:25.037+0000] {dag.py:3490} INFO - Setting next_dagrun for example_branch_datetime_operator_2 to 2023-05-07T00:00:00+00:00, run_after=2023-05-08T00:00:00+00:00
[2023-05-08T22:19:25.038+0000] {logging_mixin.py:149} INFO - [2023-05-08T22:19:25.038+0000] {dag.py:3490} INFO - Setting next_dagrun for example_branch_datetime_operator_3 to 2023-05-07T00:00:00+00:00, run_after=2023-05-08T00:00:00+00:00
[2023-05-08T22:19:25.049+0000] {processor.py:178} INFO - Processing /home/airflow/.local/lib/python3.7/site-packages/airflow/example_dags/example_branch_datetime_operator.py took 0.077 seconds
[2023-05-08T22:19:55.691+0000] {processor.py:156} INFO - Started process (PID=524) to work on /home/airflow/.local/lib/python3.7/site-packages/airflow/example_dags/example_branch_datetime_operator.py
[2023-05-08T22:19:55.692+0000] {processor.py:799} INFO - Processing file /home/airflow/.local/lib/python3.7/site-packages/airflow/example_dags/example_branch_datetime_operator.py for tasks to queue
[2023-05-08T22:19:55.692+0000] {logging_mixin.py:149} INFO - [2023-05-08T22:19:55.692+0000] {dagbag.py:541} INFO - Filling up the DagBag from /home/airflow/.local/lib/python3.7/site-packages/airflow/example_dags/example_branch_datetime_operator.py
[2023-05-08T22:19:55.698+0000] {processor.py:809} INFO - DAG(s) dict_keys(['example_branch_datetime_operator_3', 'example_branch_datetime_operator_2', 'example_branch_datetime_operator']) retrieved from /home/airflow/.local/lib/python3.7/site-packages/airflow/example_dags/example_branch_datetime_operator.py
[2023-05-08T22:19:55.725+0000] {logging_mixin.py:149} INFO - [2023-05-08T22:19:55.725+0000] {dag.py:2726} INFO - Sync 3 DAGs
[2023-05-08T22:19:55.746+0000] {logging_mixin.py:149} INFO - [2023-05-08T22:19:55.746+0000] {dag.py:3490} INFO - Setting next_dagrun for example_branch_datetime_operator to 2023-05-07T00:00:00+00:00, run_after=2023-05-08T00:00:00+00:00
[2023-05-08T22:19:55.750+0000] {logging_mixin.py:149} INFO - [2023-05-08T22:19:55.750+0000] {dag.py:3490} INFO - Setting next_dagrun for example_branch_datetime_operator_2 to 2023-05-07T00:00:00+00:00, run_after=2023-05-08T00:00:00+00:00
[2023-05-08T22:19:55.751+0000] {logging_mixin.py:149} INFO - [2023-05-08T22:19:55.751+0000] {dag.py:3490} INFO - Setting next_dagrun for example_branch_datetime_operator_3 to 2023-05-07T00:00:00+00:00, run_after=2023-05-08T00:00:00+00:00
[2023-05-08T22:19:55.763+0000] {processor.py:178} INFO - Processing /home/airflow/.local/lib/python3.7/site-packages/airflow/example_dags/example_branch_datetime_operator.py took 0.075 seconds
[2023-05-08T22:20:26.484+0000] {processor.py:156} INFO - Started process (PID=582) to work on /home/airflow/.local/lib/python3.7/site-packages/airflow/example_dags/example_branch_datetime_operator.py
[2023-05-08T22:20:26.485+0000] {processor.py:799} INFO - Processing file /home/airflow/.local/lib/python3.7/site-packages/airflow/example_dags/example_branch_datetime_operator.py for tasks to queue
[2023-05-08T22:20:26.486+0000] {logging_mixin.py:149} INFO - [2023-05-08T22:20:26.485+0000] {dagbag.py:541} INFO - Filling up the DagBag from /home/airflow/.local/lib/python3.7/site-packages/airflow/example_dags/example_branch_datetime_operator.py
[2023-05-08T22:20:26.492+0000] {processor.py:809} INFO - DAG(s) dict_keys(['example_branch_datetime_operator_2', 'example_branch_datetime_operator_3', 'example_branch_datetime_operator']) retrieved from /home/airflow/.local/lib/python3.7/site-packages/airflow/example_dags/example_branch_datetime_operator.py
[2023-05-08T22:20:26.518+0000] {logging_mixin.py:149} INFO - [2023-05-08T22:20:26.518+0000] {dag.py:2726} INFO - Sync 3 DAGs
[2023-05-08T22:20:26.540+0000] {logging_mixin.py:149} INFO - [2023-05-08T22:20:26.540+0000] {dag.py:3490} INFO - Setting next_dagrun for example_branch_datetime_operator to 2023-05-07T00:00:00+00:00, run_after=2023-05-08T00:00:00+00:00
[2023-05-08T22:20:26.543+0000] {logging_mixin.py:149} INFO - [2023-05-08T22:20:26.543+0000] {dag.py:3490} INFO - Setting next_dagrun for example_branch_datetime_operator_2 to 2023-05-07T00:00:00+00:00, run_after=2023-05-08T00:00:00+00:00
[2023-05-08T22:20:26.545+0000] {logging_mixin.py:149} INFO - [2023-05-08T22:20:26.545+0000] {dag.py:3490} INFO - Setting next_dagrun for example_branch_datetime_operator_3 to 2023-05-07T00:00:00+00:00, run_after=2023-05-08T00:00:00+00:00
[2023-05-08T22:20:26.557+0000] {processor.py:178} INFO - Processing /home/airflow/.local/lib/python3.7/site-packages/airflow/example_dags/example_branch_datetime_operator.py took 0.076 seconds
[2023-05-08T22:20:57.323+0000] {processor.py:156} INFO - Started process (PID=639) to work on /home/airflow/.local/lib/python3.7/site-packages/airflow/example_dags/example_branch_datetime_operator.py
[2023-05-08T22:20:57.325+0000] {processor.py:799} INFO - Processing file /home/airflow/.local/lib/python3.7/site-packages/airflow/example_dags/example_branch_datetime_operator.py for tasks to queue
[2023-05-08T22:20:57.325+0000] {logging_mixin.py:149} INFO - [2023-05-08T22:20:57.325+0000] {dagbag.py:541} INFO - Filling up the DagBag from /home/airflow/.local/lib/python3.7/site-packages/airflow/example_dags/example_branch_datetime_operator.py
[2023-05-08T22:20:57.332+0000] {processor.py:809} INFO - DAG(s) dict_keys(['example_branch_datetime_operator_2', 'example_branch_datetime_operator', 'example_branch_datetime_operator_3']) retrieved from /home/airflow/.local/lib/python3.7/site-packages/airflow/example_dags/example_branch_datetime_operator.py
[2023-05-08T22:20:57.359+0000] {logging_mixin.py:149} INFO - [2023-05-08T22:20:57.358+0000] {dag.py:2726} INFO - Sync 3 DAGs
[2023-05-08T22:20:57.379+0000] {logging_mixin.py:149} INFO - [2023-05-08T22:20:57.379+0000] {dag.py:3490} INFO - Setting next_dagrun for example_branch_datetime_operator to 2023-05-07T00:00:00+00:00, run_after=2023-05-08T00:00:00+00:00
[2023-05-08T22:20:57.382+0000] {logging_mixin.py:149} INFO - [2023-05-08T22:20:57.382+0000] {dag.py:3490} INFO - Setting next_dagrun for example_branch_datetime_operator_2 to 2023-05-07T00:00:00+00:00, run_after=2023-05-08T00:00:00+00:00
[2023-05-08T22:20:57.384+0000] {logging_mixin.py:149} INFO - [2023-05-08T22:20:57.384+0000] {dag.py:3490} INFO - Setting next_dagrun for example_branch_datetime_operator_3 to 2023-05-07T00:00:00+00:00, run_after=2023-05-08T00:00:00+00:00
[2023-05-08T22:20:57.396+0000] {processor.py:178} INFO - Processing /home/airflow/.local/lib/python3.7/site-packages/airflow/example_dags/example_branch_datetime_operator.py took 0.075 seconds
[2023-05-08T22:21:28.088+0000] {processor.py:156} INFO - Started process (PID=696) to work on /home/airflow/.local/lib/python3.7/site-packages/airflow/example_dags/example_branch_datetime_operator.py
[2023-05-08T22:21:28.089+0000] {processor.py:799} INFO - Processing file /home/airflow/.local/lib/python3.7/site-packages/airflow/example_dags/example_branch_datetime_operator.py for tasks to queue
[2023-05-08T22:21:28.090+0000] {logging_mixin.py:149} INFO - [2023-05-08T22:21:28.090+0000] {dagbag.py:541} INFO - Filling up the DagBag from /home/airflow/.local/lib/python3.7/site-packages/airflow/example_dags/example_branch_datetime_operator.py
[2023-05-08T22:21:28.096+0000] {processor.py:809} INFO - DAG(s) dict_keys(['example_branch_datetime_operator', 'example_branch_datetime_operator_2', 'example_branch_datetime_operator_3']) retrieved from /home/airflow/.local/lib/python3.7/site-packages/airflow/example_dags/example_branch_datetime_operator.py
[2023-05-08T22:21:28.122+0000] {logging_mixin.py:149} INFO - [2023-05-08T22:21:28.122+0000] {dag.py:2726} INFO - Sync 3 DAGs
[2023-05-08T22:21:28.146+0000] {logging_mixin.py:149} INFO - [2023-05-08T22:21:28.146+0000] {dag.py:3490} INFO - Setting next_dagrun for example_branch_datetime_operator to 2023-05-07T00:00:00+00:00, run_after=2023-05-08T00:00:00+00:00
[2023-05-08T22:21:28.149+0000] {logging_mixin.py:149} INFO - [2023-05-08T22:21:28.149+0000] {dag.py:3490} INFO - Setting next_dagrun for example_branch_datetime_operator_2 to 2023-05-07T00:00:00+00:00, run_after=2023-05-08T00:00:00+00:00
[2023-05-08T22:21:28.151+0000] {logging_mixin.py:149} INFO - [2023-05-08T22:21:28.151+0000] {dag.py:3490} INFO - Setting next_dagrun for example_branch_datetime_operator_3 to 2023-05-07T00:00:00+00:00, run_after=2023-05-08T00:00:00+00:00
[2023-05-08T22:21:28.163+0000] {processor.py:178} INFO - Processing /home/airflow/.local/lib/python3.7/site-packages/airflow/example_dags/example_branch_datetime_operator.py took 0.078 seconds
[2023-05-08T22:22:10.103+0000] {processor.py:156} INFO - Started process (PID=69) to work on /home/airflow/.local/lib/python3.7/site-packages/airflow/example_dags/example_branch_datetime_operator.py
[2023-05-08T22:22:10.104+0000] {processor.py:799} INFO - Processing file /home/airflow/.local/lib/python3.7/site-packages/airflow/example_dags/example_branch_datetime_operator.py for tasks to queue
[2023-05-08T22:22:10.105+0000] {logging_mixin.py:149} INFO - [2023-05-08T22:22:10.105+0000] {dagbag.py:541} INFO - Filling up the DagBag from /home/airflow/.local/lib/python3.7/site-packages/airflow/example_dags/example_branch_datetime_operator.py
[2023-05-08T22:22:10.114+0000] {processor.py:809} INFO - DAG(s) dict_keys(['example_branch_datetime_operator_2', 'example_branch_datetime_operator', 'example_branch_datetime_operator_3']) retrieved from /home/airflow/.local/lib/python3.7/site-packages/airflow/example_dags/example_branch_datetime_operator.py
[2023-05-08T22:22:10.161+0000] {logging_mixin.py:149} INFO - [2023-05-08T22:22:10.160+0000] {dag.py:2726} INFO - Sync 3 DAGs
[2023-05-08T22:22:10.251+0000] {logging_mixin.py:149} INFO - [2023-05-08T22:22:10.251+0000] {dag.py:3490} INFO - Setting next_dagrun for example_branch_datetime_operator to 2023-05-07T00:00:00+00:00, run_after=2023-05-08T00:00:00+00:00
[2023-05-08T22:22:10.257+0000] {logging_mixin.py:149} INFO - [2023-05-08T22:22:10.257+0000] {dag.py:3490} INFO - Setting next_dagrun for example_branch_datetime_operator_2 to 2023-05-07T00:00:00+00:00, run_after=2023-05-08T00:00:00+00:00
[2023-05-08T22:22:10.260+0000] {logging_mixin.py:149} INFO - [2023-05-08T22:22:10.260+0000] {dag.py:3490} INFO - Setting next_dagrun for example_branch_datetime_operator_3 to 2023-05-07T00:00:00+00:00, run_after=2023-05-08T00:00:00+00:00
[2023-05-08T22:22:10.294+0000] {processor.py:178} INFO - Processing /home/airflow/.local/lib/python3.7/site-packages/airflow/example_dags/example_branch_datetime_operator.py took 0.194 seconds
[2023-05-08T22:22:41.011+0000] {processor.py:156} INFO - Started process (PID=126) to work on /home/airflow/.local/lib/python3.7/site-packages/airflow/example_dags/example_branch_datetime_operator.py
[2023-05-08T22:22:41.012+0000] {processor.py:799} INFO - Processing file /home/airflow/.local/lib/python3.7/site-packages/airflow/example_dags/example_branch_datetime_operator.py for tasks to queue
[2023-05-08T22:22:41.012+0000] {logging_mixin.py:149} INFO - [2023-05-08T22:22:41.012+0000] {dagbag.py:541} INFO - Filling up the DagBag from /home/airflow/.local/lib/python3.7/site-packages/airflow/example_dags/example_branch_datetime_operator.py
[2023-05-08T22:22:41.018+0000] {processor.py:809} INFO - DAG(s) dict_keys(['example_branch_datetime_operator', 'example_branch_datetime_operator_2', 'example_branch_datetime_operator_3']) retrieved from /home/airflow/.local/lib/python3.7/site-packages/airflow/example_dags/example_branch_datetime_operator.py
[2023-05-08T22:22:41.040+0000] {logging_mixin.py:149} INFO - [2023-05-08T22:22:41.040+0000] {dag.py:2726} INFO - Sync 3 DAGs
[2023-05-08T22:22:41.061+0000] {logging_mixin.py:149} INFO - [2023-05-08T22:22:41.061+0000] {dag.py:3490} INFO - Setting next_dagrun for example_branch_datetime_operator to 2023-05-07T00:00:00+00:00, run_after=2023-05-08T00:00:00+00:00
[2023-05-08T22:22:41.064+0000] {logging_mixin.py:149} INFO - [2023-05-08T22:22:41.064+0000] {dag.py:3490} INFO - Setting next_dagrun for example_branch_datetime_operator_2 to 2023-05-07T00:00:00+00:00, run_after=2023-05-08T00:00:00+00:00
[2023-05-08T22:22:41.065+0000] {logging_mixin.py:149} INFO - [2023-05-08T22:22:41.065+0000] {dag.py:3490} INFO - Setting next_dagrun for example_branch_datetime_operator_3 to 2023-05-07T00:00:00+00:00, run_after=2023-05-08T00:00:00+00:00
[2023-05-08T22:22:41.076+0000] {processor.py:178} INFO - Processing /home/airflow/.local/lib/python3.7/site-packages/airflow/example_dags/example_branch_datetime_operator.py took 0.068 seconds
[2023-05-08T22:23:11.279+0000] {processor.py:156} INFO - Started process (PID=183) to work on /home/airflow/.local/lib/python3.7/site-packages/airflow/example_dags/example_branch_datetime_operator.py
[2023-05-08T22:23:11.280+0000] {processor.py:799} INFO - Processing file /home/airflow/.local/lib/python3.7/site-packages/airflow/example_dags/example_branch_datetime_operator.py for tasks to queue
[2023-05-08T22:23:11.280+0000] {logging_mixin.py:149} INFO - [2023-05-08T22:23:11.280+0000] {dagbag.py:541} INFO - Filling up the DagBag from /home/airflow/.local/lib/python3.7/site-packages/airflow/example_dags/example_branch_datetime_operator.py
[2023-05-08T22:23:11.286+0000] {processor.py:809} INFO - DAG(s) dict_keys(['example_branch_datetime_operator_2', 'example_branch_datetime_operator_3', 'example_branch_datetime_operator']) retrieved from /home/airflow/.local/lib/python3.7/site-packages/airflow/example_dags/example_branch_datetime_operator.py
[2023-05-08T22:23:11.311+0000] {logging_mixin.py:149} INFO - [2023-05-08T22:23:11.310+0000] {dag.py:2726} INFO - Sync 3 DAGs
[2023-05-08T22:23:11.331+0000] {logging_mixin.py:149} INFO - [2023-05-08T22:23:11.331+0000] {dag.py:3490} INFO - Setting next_dagrun for example_branch_datetime_operator to 2023-05-07T00:00:00+00:00, run_after=2023-05-08T00:00:00+00:00
[2023-05-08T22:23:11.334+0000] {logging_mixin.py:149} INFO - [2023-05-08T22:23:11.334+0000] {dag.py:3490} INFO - Setting next_dagrun for example_branch_datetime_operator_2 to 2023-05-07T00:00:00+00:00, run_after=2023-05-08T00:00:00+00:00
[2023-05-08T22:23:11.336+0000] {logging_mixin.py:149} INFO - [2023-05-08T22:23:11.336+0000] {dag.py:3490} INFO - Setting next_dagrun for example_branch_datetime_operator_3 to 2023-05-07T00:00:00+00:00, run_after=2023-05-08T00:00:00+00:00
[2023-05-08T22:23:11.348+0000] {processor.py:178} INFO - Processing /home/airflow/.local/lib/python3.7/site-packages/airflow/example_dags/example_branch_datetime_operator.py took 0.071 seconds
[2023-05-08T22:23:41.995+0000] {processor.py:156} INFO - Started process (PID=240) to work on /home/airflow/.local/lib/python3.7/site-packages/airflow/example_dags/example_branch_datetime_operator.py
[2023-05-08T22:23:41.996+0000] {processor.py:799} INFO - Processing file /home/airflow/.local/lib/python3.7/site-packages/airflow/example_dags/example_branch_datetime_operator.py for tasks to queue
[2023-05-08T22:23:41.997+0000] {logging_mixin.py:149} INFO - [2023-05-08T22:23:41.997+0000] {dagbag.py:541} INFO - Filling up the DagBag from /home/airflow/.local/lib/python3.7/site-packages/airflow/example_dags/example_branch_datetime_operator.py
[2023-05-08T22:23:42.002+0000] {processor.py:809} INFO - DAG(s) dict_keys(['example_branch_datetime_operator_2', 'example_branch_datetime_operator', 'example_branch_datetime_operator_3']) retrieved from /home/airflow/.local/lib/python3.7/site-packages/airflow/example_dags/example_branch_datetime_operator.py
[2023-05-08T22:23:42.025+0000] {logging_mixin.py:149} INFO - [2023-05-08T22:23:42.025+0000] {dag.py:2726} INFO - Sync 3 DAGs
[2023-05-08T22:23:42.044+0000] {logging_mixin.py:149} INFO - [2023-05-08T22:23:42.044+0000] {dag.py:3490} INFO - Setting next_dagrun for example_branch_datetime_operator to 2023-05-07T00:00:00+00:00, run_after=2023-05-08T00:00:00+00:00
[2023-05-08T22:23:42.048+0000] {logging_mixin.py:149} INFO - [2023-05-08T22:23:42.048+0000] {dag.py:3490} INFO - Setting next_dagrun for example_branch_datetime_operator_2 to 2023-05-07T00:00:00+00:00, run_after=2023-05-08T00:00:00+00:00
[2023-05-08T22:23:42.049+0000] {logging_mixin.py:149} INFO - [2023-05-08T22:23:42.049+0000] {dag.py:3490} INFO - Setting next_dagrun for example_branch_datetime_operator_3 to 2023-05-07T00:00:00+00:00, run_after=2023-05-08T00:00:00+00:00
[2023-05-08T22:23:42.061+0000] {processor.py:178} INFO - Processing /home/airflow/.local/lib/python3.7/site-packages/airflow/example_dags/example_branch_datetime_operator.py took 0.068 seconds
[2023-05-08T22:24:12.867+0000] {processor.py:156} INFO - Started process (PID=297) to work on /home/airflow/.local/lib/python3.7/site-packages/airflow/example_dags/example_branch_datetime_operator.py
[2023-05-08T22:24:12.869+0000] {processor.py:799} INFO - Processing file /home/airflow/.local/lib/python3.7/site-packages/airflow/example_dags/example_branch_datetime_operator.py for tasks to queue
[2023-05-08T22:24:12.869+0000] {logging_mixin.py:149} INFO - [2023-05-08T22:24:12.869+0000] {dagbag.py:541} INFO - Filling up the DagBag from /home/airflow/.local/lib/python3.7/site-packages/airflow/example_dags/example_branch_datetime_operator.py
[2023-05-08T22:24:12.875+0000] {processor.py:809} INFO - DAG(s) dict_keys(['example_branch_datetime_operator_3', 'example_branch_datetime_operator', 'example_branch_datetime_operator_2']) retrieved from /home/airflow/.local/lib/python3.7/site-packages/airflow/example_dags/example_branch_datetime_operator.py
[2023-05-08T22:24:12.899+0000] {logging_mixin.py:149} INFO - [2023-05-08T22:24:12.899+0000] {dag.py:2726} INFO - Sync 3 DAGs
[2023-05-08T22:24:12.919+0000] {logging_mixin.py:149} INFO - [2023-05-08T22:24:12.919+0000] {dag.py:3490} INFO - Setting next_dagrun for example_branch_datetime_operator to 2023-05-07T00:00:00+00:00, run_after=2023-05-08T00:00:00+00:00
[2023-05-08T22:24:12.922+0000] {logging_mixin.py:149} INFO - [2023-05-08T22:24:12.922+0000] {dag.py:3490} INFO - Setting next_dagrun for example_branch_datetime_operator_2 to 2023-05-07T00:00:00+00:00, run_after=2023-05-08T00:00:00+00:00
[2023-05-08T22:24:12.923+0000] {logging_mixin.py:149} INFO - [2023-05-08T22:24:12.923+0000] {dag.py:3490} INFO - Setting next_dagrun for example_branch_datetime_operator_3 to 2023-05-07T00:00:00+00:00, run_after=2023-05-08T00:00:00+00:00
[2023-05-08T22:24:12.934+0000] {processor.py:178} INFO - Processing /home/airflow/.local/lib/python3.7/site-packages/airflow/example_dags/example_branch_datetime_operator.py took 0.070 seconds
[2023-05-08T22:24:43.602+0000] {processor.py:156} INFO - Started process (PID=354) to work on /home/airflow/.local/lib/python3.7/site-packages/airflow/example_dags/example_branch_datetime_operator.py
[2023-05-08T22:24:43.602+0000] {processor.py:799} INFO - Processing file /home/airflow/.local/lib/python3.7/site-packages/airflow/example_dags/example_branch_datetime_operator.py for tasks to queue
[2023-05-08T22:24:43.603+0000] {logging_mixin.py:149} INFO - [2023-05-08T22:24:43.603+0000] {dagbag.py:541} INFO - Filling up the DagBag from /home/airflow/.local/lib/python3.7/site-packages/airflow/example_dags/example_branch_datetime_operator.py
[2023-05-08T22:24:43.609+0000] {processor.py:809} INFO - DAG(s) dict_keys(['example_branch_datetime_operator_2', 'example_branch_datetime_operator_3', 'example_branch_datetime_operator']) retrieved from /home/airflow/.local/lib/python3.7/site-packages/airflow/example_dags/example_branch_datetime_operator.py
[2023-05-08T22:24:43.634+0000] {logging_mixin.py:149} INFO - [2023-05-08T22:24:43.634+0000] {dag.py:2726} INFO - Sync 3 DAGs
[2023-05-08T22:24:43.656+0000] {logging_mixin.py:149} INFO - [2023-05-08T22:24:43.655+0000] {dag.py:3490} INFO - Setting next_dagrun for example_branch_datetime_operator to 2023-05-07T00:00:00+00:00, run_after=2023-05-08T00:00:00+00:00
[2023-05-08T22:24:43.660+0000] {logging_mixin.py:149} INFO - [2023-05-08T22:24:43.660+0000] {dag.py:3490} INFO - Setting next_dagrun for example_branch_datetime_operator_2 to 2023-05-07T00:00:00+00:00, run_after=2023-05-08T00:00:00+00:00
[2023-05-08T22:24:43.661+0000] {logging_mixin.py:149} INFO - [2023-05-08T22:24:43.661+0000] {dag.py:3490} INFO - Setting next_dagrun for example_branch_datetime_operator_3 to 2023-05-07T00:00:00+00:00, run_after=2023-05-08T00:00:00+00:00
[2023-05-08T22:24:43.673+0000] {processor.py:178} INFO - Processing /home/airflow/.local/lib/python3.7/site-packages/airflow/example_dags/example_branch_datetime_operator.py took 0.074 seconds
[2023-05-08T22:25:14.318+0000] {processor.py:156} INFO - Started process (PID=411) to work on /home/airflow/.local/lib/python3.7/site-packages/airflow/example_dags/example_branch_datetime_operator.py
[2023-05-08T22:25:14.319+0000] {processor.py:799} INFO - Processing file /home/airflow/.local/lib/python3.7/site-packages/airflow/example_dags/example_branch_datetime_operator.py for tasks to queue
[2023-05-08T22:25:14.319+0000] {logging_mixin.py:149} INFO - [2023-05-08T22:25:14.319+0000] {dagbag.py:541} INFO - Filling up the DagBag from /home/airflow/.local/lib/python3.7/site-packages/airflow/example_dags/example_branch_datetime_operator.py
[2023-05-08T22:25:14.325+0000] {processor.py:809} INFO - DAG(s) dict_keys(['example_branch_datetime_operator_2', 'example_branch_datetime_operator', 'example_branch_datetime_operator_3']) retrieved from /home/airflow/.local/lib/python3.7/site-packages/airflow/example_dags/example_branch_datetime_operator.py
[2023-05-08T22:25:14.350+0000] {logging_mixin.py:149} INFO - [2023-05-08T22:25:14.350+0000] {dag.py:2726} INFO - Sync 3 DAGs
[2023-05-08T22:25:14.370+0000] {logging_mixin.py:149} INFO - [2023-05-08T22:25:14.370+0000] {dag.py:3490} INFO - Setting next_dagrun for example_branch_datetime_operator to 2023-05-07T00:00:00+00:00, run_after=2023-05-08T00:00:00+00:00
[2023-05-08T22:25:14.373+0000] {logging_mixin.py:149} INFO - [2023-05-08T22:25:14.373+0000] {dag.py:3490} INFO - Setting next_dagrun for example_branch_datetime_operator_2 to 2023-05-07T00:00:00+00:00, run_after=2023-05-08T00:00:00+00:00
[2023-05-08T22:25:14.375+0000] {logging_mixin.py:149} INFO - [2023-05-08T22:25:14.375+0000] {dag.py:3490} INFO - Setting next_dagrun for example_branch_datetime_operator_3 to 2023-05-07T00:00:00+00:00, run_after=2023-05-08T00:00:00+00:00
[2023-05-08T22:25:14.386+0000] {processor.py:178} INFO - Processing /home/airflow/.local/lib/python3.7/site-packages/airflow/example_dags/example_branch_datetime_operator.py took 0.071 seconds
[2023-05-08T22:26:01.185+0000] {processor.py:156} INFO - Started process (PID=69) to work on /home/airflow/.local/lib/python3.7/site-packages/airflow/example_dags/example_branch_datetime_operator.py
[2023-05-08T22:26:01.187+0000] {processor.py:799} INFO - Processing file /home/airflow/.local/lib/python3.7/site-packages/airflow/example_dags/example_branch_datetime_operator.py for tasks to queue
[2023-05-08T22:26:01.188+0000] {logging_mixin.py:149} INFO - [2023-05-08T22:26:01.188+0000] {dagbag.py:541} INFO - Filling up the DagBag from /home/airflow/.local/lib/python3.7/site-packages/airflow/example_dags/example_branch_datetime_operator.py
[2023-05-08T22:26:01.204+0000] {processor.py:809} INFO - DAG(s) dict_keys(['example_branch_datetime_operator_3', 'example_branch_datetime_operator_2', 'example_branch_datetime_operator']) retrieved from /home/airflow/.local/lib/python3.7/site-packages/airflow/example_dags/example_branch_datetime_operator.py
[2023-05-08T22:26:01.231+0000] {logging_mixin.py:149} INFO - [2023-05-08T22:26:01.231+0000] {dag.py:2726} INFO - Sync 3 DAGs
[2023-05-08T22:26:01.287+0000] {logging_mixin.py:149} INFO - [2023-05-08T22:26:01.287+0000] {dag.py:3490} INFO - Setting next_dagrun for example_branch_datetime_operator to 2023-05-07T00:00:00+00:00, run_after=2023-05-08T00:00:00+00:00
[2023-05-08T22:26:01.315+0000] {logging_mixin.py:149} INFO - [2023-05-08T22:26:01.315+0000] {dag.py:3490} INFO - Setting next_dagrun for example_branch_datetime_operator_2 to 2023-05-07T00:00:00+00:00, run_after=2023-05-08T00:00:00+00:00
[2023-05-08T22:26:01.318+0000] {logging_mixin.py:149} INFO - [2023-05-08T22:26:01.318+0000] {dag.py:3490} INFO - Setting next_dagrun for example_branch_datetime_operator_3 to 2023-05-07T00:00:00+00:00, run_after=2023-05-08T00:00:00+00:00
[2023-05-08T22:26:01.446+0000] {processor.py:178} INFO - Processing /home/airflow/.local/lib/python3.7/site-packages/airflow/example_dags/example_branch_datetime_operator.py took 0.267 seconds
[2023-05-08T22:26:31.494+0000] {processor.py:156} INFO - Started process (PID=126) to work on /home/airflow/.local/lib/python3.7/site-packages/airflow/example_dags/example_branch_datetime_operator.py
[2023-05-08T22:26:31.496+0000] {processor.py:799} INFO - Processing file /home/airflow/.local/lib/python3.7/site-packages/airflow/example_dags/example_branch_datetime_operator.py for tasks to queue
[2023-05-08T22:26:31.496+0000] {logging_mixin.py:149} INFO - [2023-05-08T22:26:31.496+0000] {dagbag.py:541} INFO - Filling up the DagBag from /home/airflow/.local/lib/python3.7/site-packages/airflow/example_dags/example_branch_datetime_operator.py
[2023-05-08T22:26:31.504+0000] {processor.py:809} INFO - DAG(s) dict_keys(['example_branch_datetime_operator_2', 'example_branch_datetime_operator_3', 'example_branch_datetime_operator']) retrieved from /home/airflow/.local/lib/python3.7/site-packages/airflow/example_dags/example_branch_datetime_operator.py
[2023-05-08T22:26:31.532+0000] {logging_mixin.py:149} INFO - [2023-05-08T22:26:31.532+0000] {dag.py:2726} INFO - Sync 3 DAGs
[2023-05-08T22:26:31.556+0000] {logging_mixin.py:149} INFO - [2023-05-08T22:26:31.556+0000] {dag.py:3490} INFO - Setting next_dagrun for example_branch_datetime_operator to 2023-05-07T00:00:00+00:00, run_after=2023-05-08T00:00:00+00:00
[2023-05-08T22:26:31.559+0000] {logging_mixin.py:149} INFO - [2023-05-08T22:26:31.559+0000] {dag.py:3490} INFO - Setting next_dagrun for example_branch_datetime_operator_2 to 2023-05-07T00:00:00+00:00, run_after=2023-05-08T00:00:00+00:00
[2023-05-08T22:26:31.561+0000] {logging_mixin.py:149} INFO - [2023-05-08T22:26:31.561+0000] {dag.py:3490} INFO - Setting next_dagrun for example_branch_datetime_operator_3 to 2023-05-07T00:00:00+00:00, run_after=2023-05-08T00:00:00+00:00
[2023-05-08T22:26:31.573+0000] {processor.py:178} INFO - Processing /home/airflow/.local/lib/python3.7/site-packages/airflow/example_dags/example_branch_datetime_operator.py took 0.081 seconds
[2023-05-08T22:27:02.385+0000] {processor.py:156} INFO - Started process (PID=183) to work on /home/airflow/.local/lib/python3.7/site-packages/airflow/example_dags/example_branch_datetime_operator.py
[2023-05-08T22:27:02.386+0000] {processor.py:799} INFO - Processing file /home/airflow/.local/lib/python3.7/site-packages/airflow/example_dags/example_branch_datetime_operator.py for tasks to queue
[2023-05-08T22:27:02.389+0000] {logging_mixin.py:149} INFO - [2023-05-08T22:27:02.389+0000] {dagbag.py:541} INFO - Filling up the DagBag from /home/airflow/.local/lib/python3.7/site-packages/airflow/example_dags/example_branch_datetime_operator.py
[2023-05-08T22:27:02.397+0000] {processor.py:809} INFO - DAG(s) dict_keys(['example_branch_datetime_operator', 'example_branch_datetime_operator_2', 'example_branch_datetime_operator_3']) retrieved from /home/airflow/.local/lib/python3.7/site-packages/airflow/example_dags/example_branch_datetime_operator.py
[2023-05-08T22:27:02.428+0000] {logging_mixin.py:149} INFO - [2023-05-08T22:27:02.428+0000] {dag.py:2726} INFO - Sync 3 DAGs
[2023-05-08T22:27:02.448+0000] {logging_mixin.py:149} INFO - [2023-05-08T22:27:02.448+0000] {dag.py:3490} INFO - Setting next_dagrun for example_branch_datetime_operator to 2023-05-07T00:00:00+00:00, run_after=2023-05-08T00:00:00+00:00
[2023-05-08T22:27:02.452+0000] {logging_mixin.py:149} INFO - [2023-05-08T22:27:02.452+0000] {dag.py:3490} INFO - Setting next_dagrun for example_branch_datetime_operator_2 to 2023-05-07T00:00:00+00:00, run_after=2023-05-08T00:00:00+00:00
[2023-05-08T22:27:02.454+0000] {logging_mixin.py:149} INFO - [2023-05-08T22:27:02.454+0000] {dag.py:3490} INFO - Setting next_dagrun for example_branch_datetime_operator_3 to 2023-05-07T00:00:00+00:00, run_after=2023-05-08T00:00:00+00:00
[2023-05-08T22:27:02.466+0000] {processor.py:178} INFO - Processing /home/airflow/.local/lib/python3.7/site-packages/airflow/example_dags/example_branch_datetime_operator.py took 0.085 seconds
[2023-05-08T22:27:33.042+0000] {processor.py:156} INFO - Started process (PID=240) to work on /home/airflow/.local/lib/python3.7/site-packages/airflow/example_dags/example_branch_datetime_operator.py
[2023-05-08T22:27:33.043+0000] {processor.py:799} INFO - Processing file /home/airflow/.local/lib/python3.7/site-packages/airflow/example_dags/example_branch_datetime_operator.py for tasks to queue
[2023-05-08T22:27:33.043+0000] {logging_mixin.py:149} INFO - [2023-05-08T22:27:33.043+0000] {dagbag.py:541} INFO - Filling up the DagBag from /home/airflow/.local/lib/python3.7/site-packages/airflow/example_dags/example_branch_datetime_operator.py
[2023-05-08T22:27:33.050+0000] {processor.py:809} INFO - DAG(s) dict_keys(['example_branch_datetime_operator_2', 'example_branch_datetime_operator', 'example_branch_datetime_operator_3']) retrieved from /home/airflow/.local/lib/python3.7/site-packages/airflow/example_dags/example_branch_datetime_operator.py
[2023-05-08T22:27:33.074+0000] {logging_mixin.py:149} INFO - [2023-05-08T22:27:33.074+0000] {dag.py:2726} INFO - Sync 3 DAGs
[2023-05-08T22:27:33.094+0000] {logging_mixin.py:149} INFO - [2023-05-08T22:27:33.094+0000] {dag.py:3490} INFO - Setting next_dagrun for example_branch_datetime_operator to 2023-05-07T00:00:00+00:00, run_after=2023-05-08T00:00:00+00:00
[2023-05-08T22:27:33.098+0000] {logging_mixin.py:149} INFO - [2023-05-08T22:27:33.098+0000] {dag.py:3490} INFO - Setting next_dagrun for example_branch_datetime_operator_2 to 2023-05-07T00:00:00+00:00, run_after=2023-05-08T00:00:00+00:00
[2023-05-08T22:27:33.099+0000] {logging_mixin.py:149} INFO - [2023-05-08T22:27:33.099+0000] {dag.py:3490} INFO - Setting next_dagrun for example_branch_datetime_operator_3 to 2023-05-07T00:00:00+00:00, run_after=2023-05-08T00:00:00+00:00
[2023-05-08T22:27:33.112+0000] {processor.py:178} INFO - Processing /home/airflow/.local/lib/python3.7/site-packages/airflow/example_dags/example_branch_datetime_operator.py took 0.073 seconds
[2023-05-08T22:28:03.608+0000] {processor.py:156} INFO - Started process (PID=297) to work on /home/airflow/.local/lib/python3.7/site-packages/airflow/example_dags/example_branch_datetime_operator.py
[2023-05-08T22:28:03.610+0000] {processor.py:799} INFO - Processing file /home/airflow/.local/lib/python3.7/site-packages/airflow/example_dags/example_branch_datetime_operator.py for tasks to queue
[2023-05-08T22:28:03.610+0000] {logging_mixin.py:149} INFO - [2023-05-08T22:28:03.610+0000] {dagbag.py:541} INFO - Filling up the DagBag from /home/airflow/.local/lib/python3.7/site-packages/airflow/example_dags/example_branch_datetime_operator.py
[2023-05-08T22:28:03.619+0000] {processor.py:809} INFO - DAG(s) dict_keys(['example_branch_datetime_operator_3', 'example_branch_datetime_operator_2', 'example_branch_datetime_operator']) retrieved from /home/airflow/.local/lib/python3.7/site-packages/airflow/example_dags/example_branch_datetime_operator.py
[2023-05-08T22:28:03.651+0000] {logging_mixin.py:149} INFO - [2023-05-08T22:28:03.651+0000] {dag.py:2726} INFO - Sync 3 DAGs
[2023-05-08T22:28:03.675+0000] {logging_mixin.py:149} INFO - [2023-05-08T22:28:03.675+0000] {dag.py:3490} INFO - Setting next_dagrun for example_branch_datetime_operator to 2023-05-07T00:00:00+00:00, run_after=2023-05-08T00:00:00+00:00
[2023-05-08T22:28:03.679+0000] {logging_mixin.py:149} INFO - [2023-05-08T22:28:03.679+0000] {dag.py:3490} INFO - Setting next_dagrun for example_branch_datetime_operator_2 to 2023-05-07T00:00:00+00:00, run_after=2023-05-08T00:00:00+00:00
[2023-05-08T22:28:03.680+0000] {logging_mixin.py:149} INFO - [2023-05-08T22:28:03.680+0000] {dag.py:3490} INFO - Setting next_dagrun for example_branch_datetime_operator_3 to 2023-05-07T00:00:00+00:00, run_after=2023-05-08T00:00:00+00:00
[2023-05-08T22:28:03.696+0000] {processor.py:178} INFO - Processing /home/airflow/.local/lib/python3.7/site-packages/airflow/example_dags/example_branch_datetime_operator.py took 0.091 seconds
[2023-05-08T22:28:34.249+0000] {processor.py:156} INFO - Started process (PID=354) to work on /home/airflow/.local/lib/python3.7/site-packages/airflow/example_dags/example_branch_datetime_operator.py
[2023-05-08T22:28:34.250+0000] {processor.py:799} INFO - Processing file /home/airflow/.local/lib/python3.7/site-packages/airflow/example_dags/example_branch_datetime_operator.py for tasks to queue
[2023-05-08T22:28:34.251+0000] {logging_mixin.py:149} INFO - [2023-05-08T22:28:34.251+0000] {dagbag.py:541} INFO - Filling up the DagBag from /home/airflow/.local/lib/python3.7/site-packages/airflow/example_dags/example_branch_datetime_operator.py
[2023-05-08T22:28:34.257+0000] {processor.py:809} INFO - DAG(s) dict_keys(['example_branch_datetime_operator_2', 'example_branch_datetime_operator_3', 'example_branch_datetime_operator']) retrieved from /home/airflow/.local/lib/python3.7/site-packages/airflow/example_dags/example_branch_datetime_operator.py
[2023-05-08T22:28:34.282+0000] {logging_mixin.py:149} INFO - [2023-05-08T22:28:34.282+0000] {dag.py:2726} INFO - Sync 3 DAGs
[2023-05-08T22:28:34.321+0000] {logging_mixin.py:149} INFO - [2023-05-08T22:28:34.321+0000] {dag.py:3490} INFO - Setting next_dagrun for example_branch_datetime_operator to 2023-05-07T00:00:00+00:00, run_after=2023-05-08T00:00:00+00:00
[2023-05-08T22:28:34.324+0000] {logging_mixin.py:149} INFO - [2023-05-08T22:28:34.324+0000] {dag.py:3490} INFO - Setting next_dagrun for example_branch_datetime_operator_2 to 2023-05-07T00:00:00+00:00, run_after=2023-05-08T00:00:00+00:00
[2023-05-08T22:28:34.326+0000] {logging_mixin.py:149} INFO - [2023-05-08T22:28:34.326+0000] {dag.py:3490} INFO - Setting next_dagrun for example_branch_datetime_operator_3 to 2023-05-07T00:00:00+00:00, run_after=2023-05-08T00:00:00+00:00
[2023-05-08T22:28:34.338+0000] {processor.py:178} INFO - Processing /home/airflow/.local/lib/python3.7/site-packages/airflow/example_dags/example_branch_datetime_operator.py took 0.090 seconds
[2023-05-08T22:29:05.079+0000] {processor.py:156} INFO - Started process (PID=411) to work on /home/airflow/.local/lib/python3.7/site-packages/airflow/example_dags/example_branch_datetime_operator.py
[2023-05-08T22:29:05.080+0000] {processor.py:799} INFO - Processing file /home/airflow/.local/lib/python3.7/site-packages/airflow/example_dags/example_branch_datetime_operator.py for tasks to queue
[2023-05-08T22:29:05.081+0000] {logging_mixin.py:149} INFO - [2023-05-08T22:29:05.081+0000] {dagbag.py:541} INFO - Filling up the DagBag from /home/airflow/.local/lib/python3.7/site-packages/airflow/example_dags/example_branch_datetime_operator.py
[2023-05-08T22:29:05.087+0000] {processor.py:809} INFO - DAG(s) dict_keys(['example_branch_datetime_operator', 'example_branch_datetime_operator_2', 'example_branch_datetime_operator_3']) retrieved from /home/airflow/.local/lib/python3.7/site-packages/airflow/example_dags/example_branch_datetime_operator.py
[2023-05-08T22:29:05.113+0000] {logging_mixin.py:149} INFO - [2023-05-08T22:29:05.113+0000] {dag.py:2726} INFO - Sync 3 DAGs
[2023-05-08T22:29:05.134+0000] {logging_mixin.py:149} INFO - [2023-05-08T22:29:05.134+0000] {dag.py:3490} INFO - Setting next_dagrun for example_branch_datetime_operator to 2023-05-07T00:00:00+00:00, run_after=2023-05-08T00:00:00+00:00
[2023-05-08T22:29:05.138+0000] {logging_mixin.py:149} INFO - [2023-05-08T22:29:05.137+0000] {dag.py:3490} INFO - Setting next_dagrun for example_branch_datetime_operator_2 to 2023-05-07T00:00:00+00:00, run_after=2023-05-08T00:00:00+00:00
[2023-05-08T22:29:05.139+0000] {logging_mixin.py:149} INFO - [2023-05-08T22:29:05.139+0000] {dag.py:3490} INFO - Setting next_dagrun for example_branch_datetime_operator_3 to 2023-05-07T00:00:00+00:00, run_after=2023-05-08T00:00:00+00:00
[2023-05-08T22:29:05.151+0000] {processor.py:178} INFO - Processing /home/airflow/.local/lib/python3.7/site-packages/airflow/example_dags/example_branch_datetime_operator.py took 0.074 seconds
[2023-05-08T22:29:35.725+0000] {processor.py:156} INFO - Started process (PID=468) to work on /home/airflow/.local/lib/python3.7/site-packages/airflow/example_dags/example_branch_datetime_operator.py
[2023-05-08T22:29:35.727+0000] {processor.py:799} INFO - Processing file /home/airflow/.local/lib/python3.7/site-packages/airflow/example_dags/example_branch_datetime_operator.py for tasks to queue
[2023-05-08T22:29:35.727+0000] {logging_mixin.py:149} INFO - [2023-05-08T22:29:35.727+0000] {dagbag.py:541} INFO - Filling up the DagBag from /home/airflow/.local/lib/python3.7/site-packages/airflow/example_dags/example_branch_datetime_operator.py
[2023-05-08T22:29:35.734+0000] {processor.py:809} INFO - DAG(s) dict_keys(['example_branch_datetime_operator', 'example_branch_datetime_operator_2', 'example_branch_datetime_operator_3']) retrieved from /home/airflow/.local/lib/python3.7/site-packages/airflow/example_dags/example_branch_datetime_operator.py
[2023-05-08T22:29:35.761+0000] {logging_mixin.py:149} INFO - [2023-05-08T22:29:35.760+0000] {dag.py:2726} INFO - Sync 3 DAGs
[2023-05-08T22:29:35.787+0000] {logging_mixin.py:149} INFO - [2023-05-08T22:29:35.787+0000] {dag.py:3490} INFO - Setting next_dagrun for example_branch_datetime_operator to 2023-05-07T00:00:00+00:00, run_after=2023-05-08T00:00:00+00:00
[2023-05-08T22:29:35.790+0000] {logging_mixin.py:149} INFO - [2023-05-08T22:29:35.790+0000] {dag.py:3490} INFO - Setting next_dagrun for example_branch_datetime_operator_2 to 2023-05-07T00:00:00+00:00, run_after=2023-05-08T00:00:00+00:00
[2023-05-08T22:29:35.792+0000] {logging_mixin.py:149} INFO - [2023-05-08T22:29:35.792+0000] {dag.py:3490} INFO - Setting next_dagrun for example_branch_datetime_operator_3 to 2023-05-07T00:00:00+00:00, run_after=2023-05-08T00:00:00+00:00
[2023-05-08T22:29:35.804+0000] {processor.py:178} INFO - Processing /home/airflow/.local/lib/python3.7/site-packages/airflow/example_dags/example_branch_datetime_operator.py took 0.081 seconds
[2023-05-08T22:30:06.578+0000] {processor.py:156} INFO - Started process (PID=525) to work on /home/airflow/.local/lib/python3.7/site-packages/airflow/example_dags/example_branch_datetime_operator.py
[2023-05-08T22:30:06.579+0000] {processor.py:799} INFO - Processing file /home/airflow/.local/lib/python3.7/site-packages/airflow/example_dags/example_branch_datetime_operator.py for tasks to queue
[2023-05-08T22:30:06.580+0000] {logging_mixin.py:149} INFO - [2023-05-08T22:30:06.580+0000] {dagbag.py:541} INFO - Filling up the DagBag from /home/airflow/.local/lib/python3.7/site-packages/airflow/example_dags/example_branch_datetime_operator.py
[2023-05-08T22:30:06.586+0000] {processor.py:809} INFO - DAG(s) dict_keys(['example_branch_datetime_operator_3', 'example_branch_datetime_operator_2', 'example_branch_datetime_operator']) retrieved from /home/airflow/.local/lib/python3.7/site-packages/airflow/example_dags/example_branch_datetime_operator.py
[2023-05-08T22:30:06.615+0000] {logging_mixin.py:149} INFO - [2023-05-08T22:30:06.614+0000] {dag.py:2726} INFO - Sync 3 DAGs
[2023-05-08T22:30:06.636+0000] {logging_mixin.py:149} INFO - [2023-05-08T22:30:06.636+0000] {dag.py:3490} INFO - Setting next_dagrun for example_branch_datetime_operator to 2023-05-07T00:00:00+00:00, run_after=2023-05-08T00:00:00+00:00
[2023-05-08T22:30:06.639+0000] {logging_mixin.py:149} INFO - [2023-05-08T22:30:06.639+0000] {dag.py:3490} INFO - Setting next_dagrun for example_branch_datetime_operator_2 to 2023-05-07T00:00:00+00:00, run_after=2023-05-08T00:00:00+00:00
[2023-05-08T22:30:06.640+0000] {logging_mixin.py:149} INFO - [2023-05-08T22:30:06.640+0000] {dag.py:3490} INFO - Setting next_dagrun for example_branch_datetime_operator_3 to 2023-05-07T00:00:00+00:00, run_after=2023-05-08T00:00:00+00:00
[2023-05-08T22:30:06.652+0000] {processor.py:178} INFO - Processing /home/airflow/.local/lib/python3.7/site-packages/airflow/example_dags/example_branch_datetime_operator.py took 0.077 seconds
[2023-05-08T22:30:37.234+0000] {processor.py:156} INFO - Started process (PID=582) to work on /home/airflow/.local/lib/python3.7/site-packages/airflow/example_dags/example_branch_datetime_operator.py
[2023-05-08T22:30:37.235+0000] {processor.py:799} INFO - Processing file /home/airflow/.local/lib/python3.7/site-packages/airflow/example_dags/example_branch_datetime_operator.py for tasks to queue
[2023-05-08T22:30:37.236+0000] {logging_mixin.py:149} INFO - [2023-05-08T22:30:37.236+0000] {dagbag.py:541} INFO - Filling up the DagBag from /home/airflow/.local/lib/python3.7/site-packages/airflow/example_dags/example_branch_datetime_operator.py
[2023-05-08T22:30:37.242+0000] {processor.py:809} INFO - DAG(s) dict_keys(['example_branch_datetime_operator', 'example_branch_datetime_operator_3', 'example_branch_datetime_operator_2']) retrieved from /home/airflow/.local/lib/python3.7/site-packages/airflow/example_dags/example_branch_datetime_operator.py
[2023-05-08T22:30:37.268+0000] {logging_mixin.py:149} INFO - [2023-05-08T22:30:37.268+0000] {dag.py:2726} INFO - Sync 3 DAGs
[2023-05-08T22:30:37.288+0000] {logging_mixin.py:149} INFO - [2023-05-08T22:30:37.288+0000] {dag.py:3490} INFO - Setting next_dagrun for example_branch_datetime_operator to 2023-05-07T00:00:00+00:00, run_after=2023-05-08T00:00:00+00:00
[2023-05-08T22:30:37.294+0000] {logging_mixin.py:149} INFO - [2023-05-08T22:30:37.294+0000] {dag.py:3490} INFO - Setting next_dagrun for example_branch_datetime_operator_2 to 2023-05-07T00:00:00+00:00, run_after=2023-05-08T00:00:00+00:00
[2023-05-08T22:30:37.296+0000] {logging_mixin.py:149} INFO - [2023-05-08T22:30:37.295+0000] {dag.py:3490} INFO - Setting next_dagrun for example_branch_datetime_operator_3 to 2023-05-07T00:00:00+00:00, run_after=2023-05-08T00:00:00+00:00
[2023-05-08T22:30:37.309+0000] {processor.py:178} INFO - Processing /home/airflow/.local/lib/python3.7/site-packages/airflow/example_dags/example_branch_datetime_operator.py took 0.077 seconds
[2023-05-08T22:31:08.210+0000] {processor.py:156} INFO - Started process (PID=639) to work on /home/airflow/.local/lib/python3.7/site-packages/airflow/example_dags/example_branch_datetime_operator.py
[2023-05-08T22:31:08.211+0000] {processor.py:799} INFO - Processing file /home/airflow/.local/lib/python3.7/site-packages/airflow/example_dags/example_branch_datetime_operator.py for tasks to queue
[2023-05-08T22:31:08.212+0000] {logging_mixin.py:149} INFO - [2023-05-08T22:31:08.212+0000] {dagbag.py:541} INFO - Filling up the DagBag from /home/airflow/.local/lib/python3.7/site-packages/airflow/example_dags/example_branch_datetime_operator.py
[2023-05-08T22:31:08.217+0000] {processor.py:809} INFO - DAG(s) dict_keys(['example_branch_datetime_operator', 'example_branch_datetime_operator_2', 'example_branch_datetime_operator_3']) retrieved from /home/airflow/.local/lib/python3.7/site-packages/airflow/example_dags/example_branch_datetime_operator.py
[2023-05-08T22:31:08.242+0000] {logging_mixin.py:149} INFO - [2023-05-08T22:31:08.242+0000] {dag.py:2726} INFO - Sync 3 DAGs
[2023-05-08T22:31:08.262+0000] {logging_mixin.py:149} INFO - [2023-05-08T22:31:08.262+0000] {dag.py:3490} INFO - Setting next_dagrun for example_branch_datetime_operator to 2023-05-07T00:00:00+00:00, run_after=2023-05-08T00:00:00+00:00
[2023-05-08T22:31:08.265+0000] {logging_mixin.py:149} INFO - [2023-05-08T22:31:08.265+0000] {dag.py:3490} INFO - Setting next_dagrun for example_branch_datetime_operator_2 to 2023-05-07T00:00:00+00:00, run_after=2023-05-08T00:00:00+00:00
[2023-05-08T22:31:08.267+0000] {logging_mixin.py:149} INFO - [2023-05-08T22:31:08.267+0000] {dag.py:3490} INFO - Setting next_dagrun for example_branch_datetime_operator_3 to 2023-05-07T00:00:00+00:00, run_after=2023-05-08T00:00:00+00:00
[2023-05-08T22:31:08.278+0000] {processor.py:178} INFO - Processing /home/airflow/.local/lib/python3.7/site-packages/airflow/example_dags/example_branch_datetime_operator.py took 0.071 seconds
[2023-05-08T22:31:38.775+0000] {processor.py:156} INFO - Started process (PID=696) to work on /home/airflow/.local/lib/python3.7/site-packages/airflow/example_dags/example_branch_datetime_operator.py
[2023-05-08T22:31:38.776+0000] {processor.py:799} INFO - Processing file /home/airflow/.local/lib/python3.7/site-packages/airflow/example_dags/example_branch_datetime_operator.py for tasks to queue
[2023-05-08T22:31:38.777+0000] {logging_mixin.py:149} INFO - [2023-05-08T22:31:38.777+0000] {dagbag.py:541} INFO - Filling up the DagBag from /home/airflow/.local/lib/python3.7/site-packages/airflow/example_dags/example_branch_datetime_operator.py
[2023-05-08T22:31:38.786+0000] {processor.py:809} INFO - DAG(s) dict_keys(['example_branch_datetime_operator', 'example_branch_datetime_operator_3', 'example_branch_datetime_operator_2']) retrieved from /home/airflow/.local/lib/python3.7/site-packages/airflow/example_dags/example_branch_datetime_operator.py
[2023-05-08T22:31:38.814+0000] {logging_mixin.py:149} INFO - [2023-05-08T22:31:38.814+0000] {dag.py:2726} INFO - Sync 3 DAGs
[2023-05-08T22:31:38.836+0000] {logging_mixin.py:149} INFO - [2023-05-08T22:31:38.836+0000] {dag.py:3490} INFO - Setting next_dagrun for example_branch_datetime_operator to 2023-05-07T00:00:00+00:00, run_after=2023-05-08T00:00:00+00:00
[2023-05-08T22:31:38.839+0000] {logging_mixin.py:149} INFO - [2023-05-08T22:31:38.839+0000] {dag.py:3490} INFO - Setting next_dagrun for example_branch_datetime_operator_2 to 2023-05-07T00:00:00+00:00, run_after=2023-05-08T00:00:00+00:00
[2023-05-08T22:31:38.840+0000] {logging_mixin.py:149} INFO - [2023-05-08T22:31:38.840+0000] {dag.py:3490} INFO - Setting next_dagrun for example_branch_datetime_operator_3 to 2023-05-07T00:00:00+00:00, run_after=2023-05-08T00:00:00+00:00
[2023-05-08T22:31:38.852+0000] {processor.py:178} INFO - Processing /home/airflow/.local/lib/python3.7/site-packages/airflow/example_dags/example_branch_datetime_operator.py took 0.080 seconds
[2023-05-08T22:32:09.509+0000] {processor.py:156} INFO - Started process (PID=753) to work on /home/airflow/.local/lib/python3.7/site-packages/airflow/example_dags/example_branch_datetime_operator.py
[2023-05-08T22:32:09.510+0000] {processor.py:799} INFO - Processing file /home/airflow/.local/lib/python3.7/site-packages/airflow/example_dags/example_branch_datetime_operator.py for tasks to queue
[2023-05-08T22:32:09.511+0000] {logging_mixin.py:149} INFO - [2023-05-08T22:32:09.511+0000] {dagbag.py:541} INFO - Filling up the DagBag from /home/airflow/.local/lib/python3.7/site-packages/airflow/example_dags/example_branch_datetime_operator.py
[2023-05-08T22:32:09.517+0000] {processor.py:809} INFO - DAG(s) dict_keys(['example_branch_datetime_operator_2', 'example_branch_datetime_operator', 'example_branch_datetime_operator_3']) retrieved from /home/airflow/.local/lib/python3.7/site-packages/airflow/example_dags/example_branch_datetime_operator.py
[2023-05-08T22:32:09.544+0000] {logging_mixin.py:149} INFO - [2023-05-08T22:32:09.544+0000] {dag.py:2726} INFO - Sync 3 DAGs
[2023-05-08T22:32:09.564+0000] {logging_mixin.py:149} INFO - [2023-05-08T22:32:09.564+0000] {dag.py:3490} INFO - Setting next_dagrun for example_branch_datetime_operator to 2023-05-07T00:00:00+00:00, run_after=2023-05-08T00:00:00+00:00
[2023-05-08T22:32:09.568+0000] {logging_mixin.py:149} INFO - [2023-05-08T22:32:09.568+0000] {dag.py:3490} INFO - Setting next_dagrun for example_branch_datetime_operator_2 to 2023-05-07T00:00:00+00:00, run_after=2023-05-08T00:00:00+00:00
[2023-05-08T22:32:09.569+0000] {logging_mixin.py:149} INFO - [2023-05-08T22:32:09.569+0000] {dag.py:3490} INFO - Setting next_dagrun for example_branch_datetime_operator_3 to 2023-05-07T00:00:00+00:00, run_after=2023-05-08T00:00:00+00:00
[2023-05-08T22:32:09.582+0000] {processor.py:178} INFO - Processing /home/airflow/.local/lib/python3.7/site-packages/airflow/example_dags/example_branch_datetime_operator.py took 0.075 seconds
[2023-05-08T22:32:40.333+0000] {processor.py:156} INFO - Started process (PID=810) to work on /home/airflow/.local/lib/python3.7/site-packages/airflow/example_dags/example_branch_datetime_operator.py
[2023-05-08T22:32:40.334+0000] {processor.py:799} INFO - Processing file /home/airflow/.local/lib/python3.7/site-packages/airflow/example_dags/example_branch_datetime_operator.py for tasks to queue
[2023-05-08T22:32:40.335+0000] {logging_mixin.py:149} INFO - [2023-05-08T22:32:40.335+0000] {dagbag.py:541} INFO - Filling up the DagBag from /home/airflow/.local/lib/python3.7/site-packages/airflow/example_dags/example_branch_datetime_operator.py
[2023-05-08T22:32:40.341+0000] {processor.py:809} INFO - DAG(s) dict_keys(['example_branch_datetime_operator_2', 'example_branch_datetime_operator_3', 'example_branch_datetime_operator']) retrieved from /home/airflow/.local/lib/python3.7/site-packages/airflow/example_dags/example_branch_datetime_operator.py
[2023-05-08T22:32:40.369+0000] {logging_mixin.py:149} INFO - [2023-05-08T22:32:40.369+0000] {dag.py:2726} INFO - Sync 3 DAGs
[2023-05-08T22:32:40.389+0000] {logging_mixin.py:149} INFO - [2023-05-08T22:32:40.389+0000] {dag.py:3490} INFO - Setting next_dagrun for example_branch_datetime_operator to 2023-05-07T00:00:00+00:00, run_after=2023-05-08T00:00:00+00:00
[2023-05-08T22:32:40.392+0000] {logging_mixin.py:149} INFO - [2023-05-08T22:32:40.392+0000] {dag.py:3490} INFO - Setting next_dagrun for example_branch_datetime_operator_2 to 2023-05-07T00:00:00+00:00, run_after=2023-05-08T00:00:00+00:00
[2023-05-08T22:32:40.393+0000] {logging_mixin.py:149} INFO - [2023-05-08T22:32:40.393+0000] {dag.py:3490} INFO - Setting next_dagrun for example_branch_datetime_operator_3 to 2023-05-07T00:00:00+00:00, run_after=2023-05-08T00:00:00+00:00
[2023-05-08T22:32:40.404+0000] {processor.py:178} INFO - Processing /home/airflow/.local/lib/python3.7/site-packages/airflow/example_dags/example_branch_datetime_operator.py took 0.073 seconds
[2023-05-08T22:33:11.566+0000] {processor.py:156} INFO - Started process (PID=867) to work on /home/airflow/.local/lib/python3.7/site-packages/airflow/example_dags/example_branch_datetime_operator.py
[2023-05-08T22:33:11.567+0000] {processor.py:799} INFO - Processing file /home/airflow/.local/lib/python3.7/site-packages/airflow/example_dags/example_branch_datetime_operator.py for tasks to queue
[2023-05-08T22:33:11.568+0000] {logging_mixin.py:149} INFO - [2023-05-08T22:33:11.568+0000] {dagbag.py:541} INFO - Filling up the DagBag from /home/airflow/.local/lib/python3.7/site-packages/airflow/example_dags/example_branch_datetime_operator.py
[2023-05-08T22:33:11.574+0000] {processor.py:809} INFO - DAG(s) dict_keys(['example_branch_datetime_operator_2', 'example_branch_datetime_operator', 'example_branch_datetime_operator_3']) retrieved from /home/airflow/.local/lib/python3.7/site-packages/airflow/example_dags/example_branch_datetime_operator.py
[2023-05-08T22:33:11.602+0000] {logging_mixin.py:149} INFO - [2023-05-08T22:33:11.602+0000] {dag.py:2726} INFO - Sync 3 DAGs
[2023-05-08T22:33:11.631+0000] {logging_mixin.py:149} INFO - [2023-05-08T22:33:11.631+0000] {dag.py:3490} INFO - Setting next_dagrun for example_branch_datetime_operator to 2023-05-07T00:00:00+00:00, run_after=2023-05-08T00:00:00+00:00
[2023-05-08T22:33:11.635+0000] {logging_mixin.py:149} INFO - [2023-05-08T22:33:11.635+0000] {dag.py:3490} INFO - Setting next_dagrun for example_branch_datetime_operator_2 to 2023-05-07T00:00:00+00:00, run_after=2023-05-08T00:00:00+00:00
[2023-05-08T22:33:11.637+0000] {logging_mixin.py:149} INFO - [2023-05-08T22:33:11.637+0000] {dag.py:3490} INFO - Setting next_dagrun for example_branch_datetime_operator_3 to 2023-05-07T00:00:00+00:00, run_after=2023-05-08T00:00:00+00:00
[2023-05-08T22:33:11.651+0000] {processor.py:178} INFO - Processing /home/airflow/.local/lib/python3.7/site-packages/airflow/example_dags/example_branch_datetime_operator.py took 0.088 seconds
[2023-05-08T22:33:43.387+0000] {processor.py:156} INFO - Started process (PID=924) to work on /home/airflow/.local/lib/python3.7/site-packages/airflow/example_dags/example_branch_datetime_operator.py
[2023-05-08T22:33:43.388+0000] {processor.py:799} INFO - Processing file /home/airflow/.local/lib/python3.7/site-packages/airflow/example_dags/example_branch_datetime_operator.py for tasks to queue
[2023-05-08T22:33:43.389+0000] {logging_mixin.py:149} INFO - [2023-05-08T22:33:43.389+0000] {dagbag.py:541} INFO - Filling up the DagBag from /home/airflow/.local/lib/python3.7/site-packages/airflow/example_dags/example_branch_datetime_operator.py
[2023-05-08T22:33:43.396+0000] {processor.py:809} INFO - DAG(s) dict_keys(['example_branch_datetime_operator_3', 'example_branch_datetime_operator', 'example_branch_datetime_operator_2']) retrieved from /home/airflow/.local/lib/python3.7/site-packages/airflow/example_dags/example_branch_datetime_operator.py
[2023-05-08T22:33:43.432+0000] {logging_mixin.py:149} INFO - [2023-05-08T22:33:43.432+0000] {dag.py:2726} INFO - Sync 3 DAGs
[2023-05-08T22:33:43.506+0000] {logging_mixin.py:149} INFO - [2023-05-08T22:33:43.506+0000] {dag.py:3490} INFO - Setting next_dagrun for example_branch_datetime_operator to 2023-05-07T00:00:00+00:00, run_after=2023-05-08T00:00:00+00:00
[2023-05-08T22:33:43.514+0000] {logging_mixin.py:149} INFO - [2023-05-08T22:33:43.514+0000] {dag.py:3490} INFO - Setting next_dagrun for example_branch_datetime_operator_2 to 2023-05-07T00:00:00+00:00, run_after=2023-05-08T00:00:00+00:00
[2023-05-08T22:33:43.517+0000] {logging_mixin.py:149} INFO - [2023-05-08T22:33:43.516+0000] {dag.py:3490} INFO - Setting next_dagrun for example_branch_datetime_operator_3 to 2023-05-07T00:00:00+00:00, run_after=2023-05-08T00:00:00+00:00
[2023-05-08T22:33:43.534+0000] {processor.py:178} INFO - Processing /home/airflow/.local/lib/python3.7/site-packages/airflow/example_dags/example_branch_datetime_operator.py took 0.151 seconds
[2023-05-08T22:34:13.817+0000] {processor.py:156} INFO - Started process (PID=981) to work on /home/airflow/.local/lib/python3.7/site-packages/airflow/example_dags/example_branch_datetime_operator.py
[2023-05-08T22:34:13.818+0000] {processor.py:799} INFO - Processing file /home/airflow/.local/lib/python3.7/site-packages/airflow/example_dags/example_branch_datetime_operator.py for tasks to queue
[2023-05-08T22:34:13.819+0000] {logging_mixin.py:149} INFO - [2023-05-08T22:34:13.819+0000] {dagbag.py:541} INFO - Filling up the DagBag from /home/airflow/.local/lib/python3.7/site-packages/airflow/example_dags/example_branch_datetime_operator.py
[2023-05-08T22:34:13.825+0000] {processor.py:809} INFO - DAG(s) dict_keys(['example_branch_datetime_operator_3', 'example_branch_datetime_operator', 'example_branch_datetime_operator_2']) retrieved from /home/airflow/.local/lib/python3.7/site-packages/airflow/example_dags/example_branch_datetime_operator.py
[2023-05-08T22:34:13.853+0000] {logging_mixin.py:149} INFO - [2023-05-08T22:34:13.853+0000] {dag.py:2726} INFO - Sync 3 DAGs
[2023-05-08T22:34:13.874+0000] {logging_mixin.py:149} INFO - [2023-05-08T22:34:13.874+0000] {dag.py:3490} INFO - Setting next_dagrun for example_branch_datetime_operator to 2023-05-07T00:00:00+00:00, run_after=2023-05-08T00:00:00+00:00
[2023-05-08T22:34:13.878+0000] {logging_mixin.py:149} INFO - [2023-05-08T22:34:13.878+0000] {dag.py:3490} INFO - Setting next_dagrun for example_branch_datetime_operator_2 to 2023-05-07T00:00:00+00:00, run_after=2023-05-08T00:00:00+00:00
[2023-05-08T22:34:13.879+0000] {logging_mixin.py:149} INFO - [2023-05-08T22:34:13.879+0000] {dag.py:3490} INFO - Setting next_dagrun for example_branch_datetime_operator_3 to 2023-05-07T00:00:00+00:00, run_after=2023-05-08T00:00:00+00:00
[2023-05-08T22:34:13.891+0000] {processor.py:178} INFO - Processing /home/airflow/.local/lib/python3.7/site-packages/airflow/example_dags/example_branch_datetime_operator.py took 0.077 seconds
[2023-05-08T22:34:44.345+0000] {processor.py:156} INFO - Started process (PID=1039) to work on /home/airflow/.local/lib/python3.7/site-packages/airflow/example_dags/example_branch_datetime_operator.py
[2023-05-08T22:34:44.346+0000] {processor.py:799} INFO - Processing file /home/airflow/.local/lib/python3.7/site-packages/airflow/example_dags/example_branch_datetime_operator.py for tasks to queue
[2023-05-08T22:34:44.347+0000] {logging_mixin.py:149} INFO - [2023-05-08T22:34:44.347+0000] {dagbag.py:541} INFO - Filling up the DagBag from /home/airflow/.local/lib/python3.7/site-packages/airflow/example_dags/example_branch_datetime_operator.py
[2023-05-08T22:34:44.353+0000] {processor.py:809} INFO - DAG(s) dict_keys(['example_branch_datetime_operator_3', 'example_branch_datetime_operator', 'example_branch_datetime_operator_2']) retrieved from /home/airflow/.local/lib/python3.7/site-packages/airflow/example_dags/example_branch_datetime_operator.py
[2023-05-08T22:34:44.403+0000] {logging_mixin.py:149} INFO - [2023-05-08T22:34:44.403+0000] {dag.py:2726} INFO - Sync 3 DAGs
[2023-05-08T22:34:44.413+0000] {logging_mixin.py:149} INFO - [2023-05-08T22:34:44.413+0000] {dag.py:2747} INFO - Creating ORM DAG for example_branch_datetime_operator_2
[2023-05-08T22:34:44.423+0000] {logging_mixin.py:149} INFO - [2023-05-08T22:34:44.423+0000] {dag.py:3490} INFO - Setting next_dagrun for example_branch_datetime_operator to 2023-05-07T00:00:00+00:00, run_after=2023-05-08T00:00:00+00:00
[2023-05-08T22:34:44.426+0000] {logging_mixin.py:149} INFO - [2023-05-08T22:34:44.426+0000] {dag.py:3490} INFO - Setting next_dagrun for example_branch_datetime_operator_2 to 2023-05-07T00:00:00+00:00, run_after=2023-05-08T00:00:00+00:00
[2023-05-08T22:34:44.427+0000] {logging_mixin.py:149} INFO - [2023-05-08T22:34:44.427+0000] {dag.py:3490} INFO - Setting next_dagrun for example_branch_datetime_operator_3 to 2023-05-07T00:00:00+00:00, run_after=2023-05-08T00:00:00+00:00
[2023-05-08T22:34:44.442+0000] {processor.py:178} INFO - Processing /home/airflow/.local/lib/python3.7/site-packages/airflow/example_dags/example_branch_datetime_operator.py took 0.099 seconds
[2023-05-08T22:35:14.637+0000] {processor.py:156} INFO - Started process (PID=1095) to work on /home/airflow/.local/lib/python3.7/site-packages/airflow/example_dags/example_branch_datetime_operator.py
[2023-05-08T22:35:14.638+0000] {processor.py:799} INFO - Processing file /home/airflow/.local/lib/python3.7/site-packages/airflow/example_dags/example_branch_datetime_operator.py for tasks to queue
[2023-05-08T22:35:14.638+0000] {logging_mixin.py:149} INFO - [2023-05-08T22:35:14.638+0000] {dagbag.py:541} INFO - Filling up the DagBag from /home/airflow/.local/lib/python3.7/site-packages/airflow/example_dags/example_branch_datetime_operator.py
[2023-05-08T22:35:14.644+0000] {processor.py:809} INFO - DAG(s) dict_keys(['example_branch_datetime_operator_3', 'example_branch_datetime_operator_2', 'example_branch_datetime_operator']) retrieved from /home/airflow/.local/lib/python3.7/site-packages/airflow/example_dags/example_branch_datetime_operator.py
[2023-05-08T22:35:14.694+0000] {logging_mixin.py:149} INFO - [2023-05-08T22:35:14.694+0000] {dag.py:2726} INFO - Sync 3 DAGs
[2023-05-08T22:35:14.705+0000] {logging_mixin.py:149} INFO - [2023-05-08T22:35:14.705+0000] {dag.py:2747} INFO - Creating ORM DAG for example_branch_datetime_operator
[2023-05-08T22:35:14.714+0000] {logging_mixin.py:149} INFO - [2023-05-08T22:35:14.714+0000] {dag.py:3490} INFO - Setting next_dagrun for example_branch_datetime_operator to 2023-05-07T00:00:00+00:00, run_after=2023-05-08T00:00:00+00:00
[2023-05-08T22:35:14.715+0000] {logging_mixin.py:149} INFO - [2023-05-08T22:35:14.715+0000] {dag.py:3490} INFO - Setting next_dagrun for example_branch_datetime_operator_2 to 2023-05-07T00:00:00+00:00, run_after=2023-05-08T00:00:00+00:00
[2023-05-08T22:35:14.718+0000] {logging_mixin.py:149} INFO - [2023-05-08T22:35:14.718+0000] {dag.py:3490} INFO - Setting next_dagrun for example_branch_datetime_operator_3 to 2023-05-07T00:00:00+00:00, run_after=2023-05-08T00:00:00+00:00
[2023-05-08T22:35:14.733+0000] {processor.py:178} INFO - Processing /home/airflow/.local/lib/python3.7/site-packages/airflow/example_dags/example_branch_datetime_operator.py took 0.098 seconds
