[2023-05-08T20:36:13.892+0000] {processor.py:156} INFO - Started process (PID=66) to work on /home/airflow/.local/lib/python3.7/site-packages/airflow/example_dags/example_latest_only_with_trigger.py
[2023-05-08T20:36:13.894+0000] {processor.py:799} INFO - Processing file /home/airflow/.local/lib/python3.7/site-packages/airflow/example_dags/example_latest_only_with_trigger.py for tasks to queue
[2023-05-08T20:36:13.894+0000] {logging_mixin.py:149} INFO - [2023-05-08T20:36:13.894+0000] {dagbag.py:541} INFO - Filling up the DagBag from /home/airflow/.local/lib/python3.7/site-packages/airflow/example_dags/example_latest_only_with_trigger.py
[2023-05-08T20:36:13.900+0000] {processor.py:809} INFO - DAG(s) dict_keys(['latest_only_with_trigger']) retrieved from /home/airflow/.local/lib/python3.7/site-packages/airflow/example_dags/example_latest_only_with_trigger.py
[2023-05-08T20:36:13.919+0000] {logging_mixin.py:149} INFO - [2023-05-08T20:36:13.919+0000] {dag.py:2726} INFO - Sync 1 DAGs
[2023-05-08T20:36:13.943+0000] {logging_mixin.py:149} INFO - [2023-05-08T20:36:13.943+0000] {dag.py:3490} INFO - Setting next_dagrun for latest_only_with_trigger to 2023-05-08T16:36:13.943418+00:00, run_after=2023-05-08T20:36:13.943418+00:00
[2023-05-08T20:36:13.963+0000] {processor.py:178} INFO - Processing /home/airflow/.local/lib/python3.7/site-packages/airflow/example_dags/example_latest_only_with_trigger.py took 0.074 seconds
[2023-05-08T20:36:44.033+0000] {processor.py:156} INFO - Started process (PID=122) to work on /home/airflow/.local/lib/python3.7/site-packages/airflow/example_dags/example_latest_only_with_trigger.py
[2023-05-08T20:36:44.035+0000] {processor.py:799} INFO - Processing file /home/airflow/.local/lib/python3.7/site-packages/airflow/example_dags/example_latest_only_with_trigger.py for tasks to queue
[2023-05-08T20:36:44.036+0000] {logging_mixin.py:149} INFO - [2023-05-08T20:36:44.036+0000] {dagbag.py:541} INFO - Filling up the DagBag from /home/airflow/.local/lib/python3.7/site-packages/airflow/example_dags/example_latest_only_with_trigger.py
[2023-05-08T20:36:44.041+0000] {processor.py:809} INFO - DAG(s) dict_keys(['latest_only_with_trigger']) retrieved from /home/airflow/.local/lib/python3.7/site-packages/airflow/example_dags/example_latest_only_with_trigger.py
[2023-05-08T20:36:44.062+0000] {logging_mixin.py:149} INFO - [2023-05-08T20:36:44.061+0000] {dag.py:2726} INFO - Sync 1 DAGs
[2023-05-08T20:36:44.080+0000] {logging_mixin.py:149} INFO - [2023-05-08T20:36:44.080+0000] {dag.py:3490} INFO - Setting next_dagrun for latest_only_with_trigger to 2023-05-08T16:36:44.080598+00:00, run_after=2023-05-08T20:36:44.080598+00:00
[2023-05-08T20:36:44.093+0000] {processor.py:178} INFO - Processing /home/airflow/.local/lib/python3.7/site-packages/airflow/example_dags/example_latest_only_with_trigger.py took 0.064 seconds
[2023-05-08T20:37:14.264+0000] {processor.py:156} INFO - Started process (PID=178) to work on /home/airflow/.local/lib/python3.7/site-packages/airflow/example_dags/example_latest_only_with_trigger.py
[2023-05-08T20:37:14.265+0000] {processor.py:799} INFO - Processing file /home/airflow/.local/lib/python3.7/site-packages/airflow/example_dags/example_latest_only_with_trigger.py for tasks to queue
[2023-05-08T20:37:14.266+0000] {logging_mixin.py:149} INFO - [2023-05-08T20:37:14.266+0000] {dagbag.py:541} INFO - Filling up the DagBag from /home/airflow/.local/lib/python3.7/site-packages/airflow/example_dags/example_latest_only_with_trigger.py
[2023-05-08T20:37:14.270+0000] {processor.py:809} INFO - DAG(s) dict_keys(['latest_only_with_trigger']) retrieved from /home/airflow/.local/lib/python3.7/site-packages/airflow/example_dags/example_latest_only_with_trigger.py
[2023-05-08T20:37:14.293+0000] {logging_mixin.py:149} INFO - [2023-05-08T20:37:14.293+0000] {dag.py:2726} INFO - Sync 1 DAGs
[2023-05-08T20:37:14.316+0000] {logging_mixin.py:149} INFO - [2023-05-08T20:37:14.316+0000] {dag.py:3490} INFO - Setting next_dagrun for latest_only_with_trigger to 2023-05-08T16:37:14.316306+00:00, run_after=2023-05-08T20:37:14.316306+00:00
[2023-05-08T20:37:14.331+0000] {processor.py:178} INFO - Processing /home/airflow/.local/lib/python3.7/site-packages/airflow/example_dags/example_latest_only_with_trigger.py took 0.070 seconds
[2023-05-08T20:37:45.063+0000] {processor.py:156} INFO - Started process (PID=234) to work on /home/airflow/.local/lib/python3.7/site-packages/airflow/example_dags/example_latest_only_with_trigger.py
[2023-05-08T20:37:45.064+0000] {processor.py:799} INFO - Processing file /home/airflow/.local/lib/python3.7/site-packages/airflow/example_dags/example_latest_only_with_trigger.py for tasks to queue
[2023-05-08T20:37:45.064+0000] {logging_mixin.py:149} INFO - [2023-05-08T20:37:45.064+0000] {dagbag.py:541} INFO - Filling up the DagBag from /home/airflow/.local/lib/python3.7/site-packages/airflow/example_dags/example_latest_only_with_trigger.py
[2023-05-08T20:37:45.069+0000] {processor.py:809} INFO - DAG(s) dict_keys(['latest_only_with_trigger']) retrieved from /home/airflow/.local/lib/python3.7/site-packages/airflow/example_dags/example_latest_only_with_trigger.py
[2023-05-08T20:37:45.094+0000] {logging_mixin.py:149} INFO - [2023-05-08T20:37:45.094+0000] {dag.py:2726} INFO - Sync 1 DAGs
[2023-05-08T20:37:45.116+0000] {logging_mixin.py:149} INFO - [2023-05-08T20:37:45.116+0000] {dag.py:3490} INFO - Setting next_dagrun for latest_only_with_trigger to 2023-05-08T16:37:45.116243+00:00, run_after=2023-05-08T20:37:45.116243+00:00
[2023-05-08T20:37:45.130+0000] {processor.py:178} INFO - Processing /home/airflow/.local/lib/python3.7/site-packages/airflow/example_dags/example_latest_only_with_trigger.py took 0.070 seconds
[2023-05-08T20:38:15.834+0000] {processor.py:156} INFO - Started process (PID=291) to work on /home/airflow/.local/lib/python3.7/site-packages/airflow/example_dags/example_latest_only_with_trigger.py
[2023-05-08T20:38:15.835+0000] {processor.py:799} INFO - Processing file /home/airflow/.local/lib/python3.7/site-packages/airflow/example_dags/example_latest_only_with_trigger.py for tasks to queue
[2023-05-08T20:38:15.836+0000] {logging_mixin.py:149} INFO - [2023-05-08T20:38:15.835+0000] {dagbag.py:541} INFO - Filling up the DagBag from /home/airflow/.local/lib/python3.7/site-packages/airflow/example_dags/example_latest_only_with_trigger.py
[2023-05-08T20:38:15.840+0000] {processor.py:809} INFO - DAG(s) dict_keys(['latest_only_with_trigger']) retrieved from /home/airflow/.local/lib/python3.7/site-packages/airflow/example_dags/example_latest_only_with_trigger.py
[2023-05-08T20:38:15.862+0000] {logging_mixin.py:149} INFO - [2023-05-08T20:38:15.862+0000] {dag.py:2726} INFO - Sync 1 DAGs
[2023-05-08T20:38:15.881+0000] {logging_mixin.py:149} INFO - [2023-05-08T20:38:15.881+0000] {dag.py:3490} INFO - Setting next_dagrun for latest_only_with_trigger to 2023-05-08T16:38:15.881388+00:00, run_after=2023-05-08T20:38:15.881388+00:00
[2023-05-08T20:38:15.898+0000] {processor.py:178} INFO - Processing /home/airflow/.local/lib/python3.7/site-packages/airflow/example_dags/example_latest_only_with_trigger.py took 0.067 seconds
[2023-05-08T20:38:46.393+0000] {processor.py:156} INFO - Started process (PID=347) to work on /home/airflow/.local/lib/python3.7/site-packages/airflow/example_dags/example_latest_only_with_trigger.py
[2023-05-08T20:38:46.394+0000] {processor.py:799} INFO - Processing file /home/airflow/.local/lib/python3.7/site-packages/airflow/example_dags/example_latest_only_with_trigger.py for tasks to queue
[2023-05-08T20:38:46.395+0000] {logging_mixin.py:149} INFO - [2023-05-08T20:38:46.395+0000] {dagbag.py:541} INFO - Filling up the DagBag from /home/airflow/.local/lib/python3.7/site-packages/airflow/example_dags/example_latest_only_with_trigger.py
[2023-05-08T20:38:46.400+0000] {processor.py:809} INFO - DAG(s) dict_keys(['latest_only_with_trigger']) retrieved from /home/airflow/.local/lib/python3.7/site-packages/airflow/example_dags/example_latest_only_with_trigger.py
[2023-05-08T20:38:46.424+0000] {logging_mixin.py:149} INFO - [2023-05-08T20:38:46.424+0000] {dag.py:2726} INFO - Sync 1 DAGs
[2023-05-08T20:38:46.445+0000] {logging_mixin.py:149} INFO - [2023-05-08T20:38:46.445+0000] {dag.py:3490} INFO - Setting next_dagrun for latest_only_with_trigger to 2023-05-08T16:38:46.445607+00:00, run_after=2023-05-08T20:38:46.445607+00:00
[2023-05-08T20:38:46.460+0000] {processor.py:178} INFO - Processing /home/airflow/.local/lib/python3.7/site-packages/airflow/example_dags/example_latest_only_with_trigger.py took 0.069 seconds
[2023-05-08T20:39:17.043+0000] {processor.py:156} INFO - Started process (PID=403) to work on /home/airflow/.local/lib/python3.7/site-packages/airflow/example_dags/example_latest_only_with_trigger.py
[2023-05-08T20:39:17.044+0000] {processor.py:799} INFO - Processing file /home/airflow/.local/lib/python3.7/site-packages/airflow/example_dags/example_latest_only_with_trigger.py for tasks to queue
[2023-05-08T20:39:17.045+0000] {logging_mixin.py:149} INFO - [2023-05-08T20:39:17.045+0000] {dagbag.py:541} INFO - Filling up the DagBag from /home/airflow/.local/lib/python3.7/site-packages/airflow/example_dags/example_latest_only_with_trigger.py
[2023-05-08T20:39:17.049+0000] {processor.py:809} INFO - DAG(s) dict_keys(['latest_only_with_trigger']) retrieved from /home/airflow/.local/lib/python3.7/site-packages/airflow/example_dags/example_latest_only_with_trigger.py
[2023-05-08T20:39:17.070+0000] {logging_mixin.py:149} INFO - [2023-05-08T20:39:17.070+0000] {dag.py:2726} INFO - Sync 1 DAGs
[2023-05-08T20:39:17.089+0000] {logging_mixin.py:149} INFO - [2023-05-08T20:39:17.089+0000] {dag.py:3490} INFO - Setting next_dagrun for latest_only_with_trigger to 2023-05-08T16:39:17.089150+00:00, run_after=2023-05-08T20:39:17.089150+00:00
[2023-05-08T20:39:17.103+0000] {processor.py:178} INFO - Processing /home/airflow/.local/lib/python3.7/site-packages/airflow/example_dags/example_latest_only_with_trigger.py took 0.062 seconds
[2023-05-08T22:15:48.723+0000] {processor.py:156} INFO - Started process (PID=66) to work on /home/airflow/.local/lib/python3.7/site-packages/airflow/example_dags/example_latest_only_with_trigger.py
[2023-05-08T22:15:48.729+0000] {processor.py:799} INFO - Processing file /home/airflow/.local/lib/python3.7/site-packages/airflow/example_dags/example_latest_only_with_trigger.py for tasks to queue
[2023-05-08T22:15:48.731+0000] {logging_mixin.py:149} INFO - [2023-05-08T22:15:48.730+0000] {dagbag.py:541} INFO - Filling up the DagBag from /home/airflow/.local/lib/python3.7/site-packages/airflow/example_dags/example_latest_only_with_trigger.py
[2023-05-08T22:15:48.743+0000] {processor.py:809} INFO - DAG(s) dict_keys(['latest_only_with_trigger']) retrieved from /home/airflow/.local/lib/python3.7/site-packages/airflow/example_dags/example_latest_only_with_trigger.py
[2023-05-08T22:15:48.791+0000] {logging_mixin.py:149} INFO - [2023-05-08T22:15:48.791+0000] {dag.py:2726} INFO - Sync 1 DAGs
[2023-05-08T22:15:48.857+0000] {logging_mixin.py:149} INFO - [2023-05-08T22:15:48.856+0000] {dag.py:3490} INFO - Setting next_dagrun for latest_only_with_trigger to 2023-05-08T18:15:48.856584+00:00, run_after=2023-05-08T22:15:48.856584+00:00
[2023-05-08T22:15:48.900+0000] {processor.py:178} INFO - Processing /home/airflow/.local/lib/python3.7/site-packages/airflow/example_dags/example_latest_only_with_trigger.py took 0.180 seconds
[2023-05-08T22:16:19.379+0000] {processor.py:156} INFO - Started process (PID=123) to work on /home/airflow/.local/lib/python3.7/site-packages/airflow/example_dags/example_latest_only_with_trigger.py
[2023-05-08T22:16:19.380+0000] {processor.py:799} INFO - Processing file /home/airflow/.local/lib/python3.7/site-packages/airflow/example_dags/example_latest_only_with_trigger.py for tasks to queue
[2023-05-08T22:16:19.381+0000] {logging_mixin.py:149} INFO - [2023-05-08T22:16:19.380+0000] {dagbag.py:541} INFO - Filling up the DagBag from /home/airflow/.local/lib/python3.7/site-packages/airflow/example_dags/example_latest_only_with_trigger.py
[2023-05-08T22:16:19.387+0000] {processor.py:809} INFO - DAG(s) dict_keys(['latest_only_with_trigger']) retrieved from /home/airflow/.local/lib/python3.7/site-packages/airflow/example_dags/example_latest_only_with_trigger.py
[2023-05-08T22:16:19.418+0000] {logging_mixin.py:149} INFO - [2023-05-08T22:16:19.418+0000] {dag.py:2726} INFO - Sync 1 DAGs
[2023-05-08T22:16:19.440+0000] {logging_mixin.py:149} INFO - [2023-05-08T22:16:19.440+0000] {dag.py:3490} INFO - Setting next_dagrun for latest_only_with_trigger to 2023-05-08T18:16:19.440008+00:00, run_after=2023-05-08T22:16:19.440008+00:00
[2023-05-08T22:16:19.453+0000] {processor.py:178} INFO - Processing /home/airflow/.local/lib/python3.7/site-packages/airflow/example_dags/example_latest_only_with_trigger.py took 0.078 seconds
[2023-05-08T22:16:50.354+0000] {processor.py:156} INFO - Started process (PID=180) to work on /home/airflow/.local/lib/python3.7/site-packages/airflow/example_dags/example_latest_only_with_trigger.py
[2023-05-08T22:16:50.355+0000] {processor.py:799} INFO - Processing file /home/airflow/.local/lib/python3.7/site-packages/airflow/example_dags/example_latest_only_with_trigger.py for tasks to queue
[2023-05-08T22:16:50.356+0000] {logging_mixin.py:149} INFO - [2023-05-08T22:16:50.355+0000] {dagbag.py:541} INFO - Filling up the DagBag from /home/airflow/.local/lib/python3.7/site-packages/airflow/example_dags/example_latest_only_with_trigger.py
[2023-05-08T22:16:50.360+0000] {processor.py:809} INFO - DAG(s) dict_keys(['latest_only_with_trigger']) retrieved from /home/airflow/.local/lib/python3.7/site-packages/airflow/example_dags/example_latest_only_with_trigger.py
[2023-05-08T22:16:50.387+0000] {logging_mixin.py:149} INFO - [2023-05-08T22:16:50.387+0000] {dag.py:2726} INFO - Sync 1 DAGs
[2023-05-08T22:16:50.409+0000] {logging_mixin.py:149} INFO - [2023-05-08T22:16:50.409+0000] {dag.py:3490} INFO - Setting next_dagrun for latest_only_with_trigger to 2023-05-08T18:16:50.409079+00:00, run_after=2023-05-08T22:16:50.409079+00:00
[2023-05-08T22:16:50.422+0000] {processor.py:178} INFO - Processing /home/airflow/.local/lib/python3.7/site-packages/airflow/example_dags/example_latest_only_with_trigger.py took 0.071 seconds
[2023-05-08T22:17:21.286+0000] {processor.py:156} INFO - Started process (PID=237) to work on /home/airflow/.local/lib/python3.7/site-packages/airflow/example_dags/example_latest_only_with_trigger.py
[2023-05-08T22:17:21.287+0000] {processor.py:799} INFO - Processing file /home/airflow/.local/lib/python3.7/site-packages/airflow/example_dags/example_latest_only_with_trigger.py for tasks to queue
[2023-05-08T22:17:21.288+0000] {logging_mixin.py:149} INFO - [2023-05-08T22:17:21.288+0000] {dagbag.py:541} INFO - Filling up the DagBag from /home/airflow/.local/lib/python3.7/site-packages/airflow/example_dags/example_latest_only_with_trigger.py
[2023-05-08T22:17:21.295+0000] {processor.py:809} INFO - DAG(s) dict_keys(['latest_only_with_trigger']) retrieved from /home/airflow/.local/lib/python3.7/site-packages/airflow/example_dags/example_latest_only_with_trigger.py
[2023-05-08T22:17:21.325+0000] {logging_mixin.py:149} INFO - [2023-05-08T22:17:21.325+0000] {dag.py:2726} INFO - Sync 1 DAGs
[2023-05-08T22:17:21.347+0000] {logging_mixin.py:149} INFO - [2023-05-08T22:17:21.347+0000] {dag.py:3490} INFO - Setting next_dagrun for latest_only_with_trigger to 2023-05-08T18:17:21.346919+00:00, run_after=2023-05-08T22:17:21.346919+00:00
[2023-05-08T22:17:21.362+0000] {processor.py:178} INFO - Processing /home/airflow/.local/lib/python3.7/site-packages/airflow/example_dags/example_latest_only_with_trigger.py took 0.078 seconds
[2023-05-08T22:17:52.170+0000] {processor.py:156} INFO - Started process (PID=294) to work on /home/airflow/.local/lib/python3.7/site-packages/airflow/example_dags/example_latest_only_with_trigger.py
[2023-05-08T22:17:52.171+0000] {processor.py:799} INFO - Processing file /home/airflow/.local/lib/python3.7/site-packages/airflow/example_dags/example_latest_only_with_trigger.py for tasks to queue
[2023-05-08T22:17:52.172+0000] {logging_mixin.py:149} INFO - [2023-05-08T22:17:52.172+0000] {dagbag.py:541} INFO - Filling up the DagBag from /home/airflow/.local/lib/python3.7/site-packages/airflow/example_dags/example_latest_only_with_trigger.py
[2023-05-08T22:17:52.177+0000] {processor.py:809} INFO - DAG(s) dict_keys(['latest_only_with_trigger']) retrieved from /home/airflow/.local/lib/python3.7/site-packages/airflow/example_dags/example_latest_only_with_trigger.py
[2023-05-08T22:17:52.204+0000] {logging_mixin.py:149} INFO - [2023-05-08T22:17:52.204+0000] {dag.py:2726} INFO - Sync 1 DAGs
[2023-05-08T22:17:52.233+0000] {logging_mixin.py:149} INFO - [2023-05-08T22:17:52.233+0000] {dag.py:3490} INFO - Setting next_dagrun for latest_only_with_trigger to 2023-05-08T18:17:52.233463+00:00, run_after=2023-05-08T22:17:52.233463+00:00
[2023-05-08T22:17:52.248+0000] {processor.py:178} INFO - Processing /home/airflow/.local/lib/python3.7/site-packages/airflow/example_dags/example_latest_only_with_trigger.py took 0.081 seconds
[2023-05-08T22:18:23.084+0000] {processor.py:156} INFO - Started process (PID=351) to work on /home/airflow/.local/lib/python3.7/site-packages/airflow/example_dags/example_latest_only_with_trigger.py
[2023-05-08T22:18:23.085+0000] {processor.py:799} INFO - Processing file /home/airflow/.local/lib/python3.7/site-packages/airflow/example_dags/example_latest_only_with_trigger.py for tasks to queue
[2023-05-08T22:18:23.086+0000] {logging_mixin.py:149} INFO - [2023-05-08T22:18:23.086+0000] {dagbag.py:541} INFO - Filling up the DagBag from /home/airflow/.local/lib/python3.7/site-packages/airflow/example_dags/example_latest_only_with_trigger.py
[2023-05-08T22:18:23.091+0000] {processor.py:809} INFO - DAG(s) dict_keys(['latest_only_with_trigger']) retrieved from /home/airflow/.local/lib/python3.7/site-packages/airflow/example_dags/example_latest_only_with_trigger.py
[2023-05-08T22:18:23.125+0000] {logging_mixin.py:149} INFO - [2023-05-08T22:18:23.125+0000] {dag.py:2726} INFO - Sync 1 DAGs
[2023-05-08T22:18:23.158+0000] {logging_mixin.py:149} INFO - [2023-05-08T22:18:23.158+0000] {dag.py:3490} INFO - Setting next_dagrun for latest_only_with_trigger to 2023-05-08T18:18:23.157717+00:00, run_after=2023-05-08T22:18:23.157717+00:00
[2023-05-08T22:18:23.176+0000] {processor.py:178} INFO - Processing /home/airflow/.local/lib/python3.7/site-packages/airflow/example_dags/example_latest_only_with_trigger.py took 0.095 seconds
[2023-05-08T22:18:54.148+0000] {processor.py:156} INFO - Started process (PID=408) to work on /home/airflow/.local/lib/python3.7/site-packages/airflow/example_dags/example_latest_only_with_trigger.py
[2023-05-08T22:18:54.149+0000] {processor.py:799} INFO - Processing file /home/airflow/.local/lib/python3.7/site-packages/airflow/example_dags/example_latest_only_with_trigger.py for tasks to queue
[2023-05-08T22:18:54.150+0000] {logging_mixin.py:149} INFO - [2023-05-08T22:18:54.150+0000] {dagbag.py:541} INFO - Filling up the DagBag from /home/airflow/.local/lib/python3.7/site-packages/airflow/example_dags/example_latest_only_with_trigger.py
[2023-05-08T22:18:54.155+0000] {processor.py:809} INFO - DAG(s) dict_keys(['latest_only_with_trigger']) retrieved from /home/airflow/.local/lib/python3.7/site-packages/airflow/example_dags/example_latest_only_with_trigger.py
[2023-05-08T22:18:54.182+0000] {logging_mixin.py:149} INFO - [2023-05-08T22:18:54.182+0000] {dag.py:2726} INFO - Sync 1 DAGs
[2023-05-08T22:18:54.202+0000] {logging_mixin.py:149} INFO - [2023-05-08T22:18:54.202+0000] {dag.py:3490} INFO - Setting next_dagrun for latest_only_with_trigger to 2023-05-08T18:18:54.202300+00:00, run_after=2023-05-08T22:18:54.202300+00:00
[2023-05-08T22:18:54.215+0000] {processor.py:178} INFO - Processing /home/airflow/.local/lib/python3.7/site-packages/airflow/example_dags/example_latest_only_with_trigger.py took 0.070 seconds
[2023-05-08T22:19:24.892+0000] {processor.py:156} INFO - Started process (PID=465) to work on /home/airflow/.local/lib/python3.7/site-packages/airflow/example_dags/example_latest_only_with_trigger.py
[2023-05-08T22:19:24.893+0000] {processor.py:799} INFO - Processing file /home/airflow/.local/lib/python3.7/site-packages/airflow/example_dags/example_latest_only_with_trigger.py for tasks to queue
[2023-05-08T22:19:24.894+0000] {logging_mixin.py:149} INFO - [2023-05-08T22:19:24.894+0000] {dagbag.py:541} INFO - Filling up the DagBag from /home/airflow/.local/lib/python3.7/site-packages/airflow/example_dags/example_latest_only_with_trigger.py
[2023-05-08T22:19:24.898+0000] {processor.py:809} INFO - DAG(s) dict_keys(['latest_only_with_trigger']) retrieved from /home/airflow/.local/lib/python3.7/site-packages/airflow/example_dags/example_latest_only_with_trigger.py
[2023-05-08T22:19:24.922+0000] {logging_mixin.py:149} INFO - [2023-05-08T22:19:24.922+0000] {dag.py:2726} INFO - Sync 1 DAGs
[2023-05-08T22:19:24.941+0000] {logging_mixin.py:149} INFO - [2023-05-08T22:19:24.941+0000] {dag.py:3490} INFO - Setting next_dagrun for latest_only_with_trigger to 2023-05-08T18:19:24.941346+00:00, run_after=2023-05-08T22:19:24.941346+00:00
[2023-05-08T22:19:24.955+0000] {processor.py:178} INFO - Processing /home/airflow/.local/lib/python3.7/site-packages/airflow/example_dags/example_latest_only_with_trigger.py took 0.066 seconds
[2023-05-08T22:19:55.603+0000] {processor.py:156} INFO - Started process (PID=522) to work on /home/airflow/.local/lib/python3.7/site-packages/airflow/example_dags/example_latest_only_with_trigger.py
[2023-05-08T22:19:55.604+0000] {processor.py:799} INFO - Processing file /home/airflow/.local/lib/python3.7/site-packages/airflow/example_dags/example_latest_only_with_trigger.py for tasks to queue
[2023-05-08T22:19:55.604+0000] {logging_mixin.py:149} INFO - [2023-05-08T22:19:55.604+0000] {dagbag.py:541} INFO - Filling up the DagBag from /home/airflow/.local/lib/python3.7/site-packages/airflow/example_dags/example_latest_only_with_trigger.py
[2023-05-08T22:19:55.609+0000] {processor.py:809} INFO - DAG(s) dict_keys(['latest_only_with_trigger']) retrieved from /home/airflow/.local/lib/python3.7/site-packages/airflow/example_dags/example_latest_only_with_trigger.py
[2023-05-08T22:19:55.633+0000] {logging_mixin.py:149} INFO - [2023-05-08T22:19:55.632+0000] {dag.py:2726} INFO - Sync 1 DAGs
[2023-05-08T22:19:55.653+0000] {logging_mixin.py:149} INFO - [2023-05-08T22:19:55.653+0000] {dag.py:3490} INFO - Setting next_dagrun for latest_only_with_trigger to 2023-05-08T18:19:55.653521+00:00, run_after=2023-05-08T22:19:55.653521+00:00
[2023-05-08T22:19:55.669+0000] {processor.py:178} INFO - Processing /home/airflow/.local/lib/python3.7/site-packages/airflow/example_dags/example_latest_only_with_trigger.py took 0.069 seconds
[2023-05-08T22:20:26.400+0000] {processor.py:156} INFO - Started process (PID=580) to work on /home/airflow/.local/lib/python3.7/site-packages/airflow/example_dags/example_latest_only_with_trigger.py
[2023-05-08T22:20:26.401+0000] {processor.py:799} INFO - Processing file /home/airflow/.local/lib/python3.7/site-packages/airflow/example_dags/example_latest_only_with_trigger.py for tasks to queue
[2023-05-08T22:20:26.402+0000] {logging_mixin.py:149} INFO - [2023-05-08T22:20:26.401+0000] {dagbag.py:541} INFO - Filling up the DagBag from /home/airflow/.local/lib/python3.7/site-packages/airflow/example_dags/example_latest_only_with_trigger.py
[2023-05-08T22:20:26.406+0000] {processor.py:809} INFO - DAG(s) dict_keys(['latest_only_with_trigger']) retrieved from /home/airflow/.local/lib/python3.7/site-packages/airflow/example_dags/example_latest_only_with_trigger.py
[2023-05-08T22:20:26.429+0000] {logging_mixin.py:149} INFO - [2023-05-08T22:20:26.429+0000] {dag.py:2726} INFO - Sync 1 DAGs
[2023-05-08T22:20:26.448+0000] {logging_mixin.py:149} INFO - [2023-05-08T22:20:26.448+0000] {dag.py:3490} INFO - Setting next_dagrun for latest_only_with_trigger to 2023-05-08T18:20:26.448274+00:00, run_after=2023-05-08T22:20:26.448274+00:00
[2023-05-08T22:20:26.464+0000] {processor.py:178} INFO - Processing /home/airflow/.local/lib/python3.7/site-packages/airflow/example_dags/example_latest_only_with_trigger.py took 0.067 seconds
[2023-05-08T22:20:57.232+0000] {processor.py:156} INFO - Started process (PID=637) to work on /home/airflow/.local/lib/python3.7/site-packages/airflow/example_dags/example_latest_only_with_trigger.py
[2023-05-08T22:20:57.233+0000] {processor.py:799} INFO - Processing file /home/airflow/.local/lib/python3.7/site-packages/airflow/example_dags/example_latest_only_with_trigger.py for tasks to queue
[2023-05-08T22:20:57.234+0000] {logging_mixin.py:149} INFO - [2023-05-08T22:20:57.234+0000] {dagbag.py:541} INFO - Filling up the DagBag from /home/airflow/.local/lib/python3.7/site-packages/airflow/example_dags/example_latest_only_with_trigger.py
[2023-05-08T22:20:57.239+0000] {processor.py:809} INFO - DAG(s) dict_keys(['latest_only_with_trigger']) retrieved from /home/airflow/.local/lib/python3.7/site-packages/airflow/example_dags/example_latest_only_with_trigger.py
[2023-05-08T22:20:57.267+0000] {logging_mixin.py:149} INFO - [2023-05-08T22:20:57.267+0000] {dag.py:2726} INFO - Sync 1 DAGs
[2023-05-08T22:20:57.289+0000] {logging_mixin.py:149} INFO - [2023-05-08T22:20:57.289+0000] {dag.py:3490} INFO - Setting next_dagrun for latest_only_with_trigger to 2023-05-08T18:20:57.289310+00:00, run_after=2023-05-08T22:20:57.289310+00:00
[2023-05-08T22:20:57.304+0000] {processor.py:178} INFO - Processing /home/airflow/.local/lib/python3.7/site-packages/airflow/example_dags/example_latest_only_with_trigger.py took 0.074 seconds
[2023-05-08T22:21:28.003+0000] {processor.py:156} INFO - Started process (PID=694) to work on /home/airflow/.local/lib/python3.7/site-packages/airflow/example_dags/example_latest_only_with_trigger.py
[2023-05-08T22:21:28.004+0000] {processor.py:799} INFO - Processing file /home/airflow/.local/lib/python3.7/site-packages/airflow/example_dags/example_latest_only_with_trigger.py for tasks to queue
[2023-05-08T22:21:28.005+0000] {logging_mixin.py:149} INFO - [2023-05-08T22:21:28.005+0000] {dagbag.py:541} INFO - Filling up the DagBag from /home/airflow/.local/lib/python3.7/site-packages/airflow/example_dags/example_latest_only_with_trigger.py
[2023-05-08T22:21:28.010+0000] {processor.py:809} INFO - DAG(s) dict_keys(['latest_only_with_trigger']) retrieved from /home/airflow/.local/lib/python3.7/site-packages/airflow/example_dags/example_latest_only_with_trigger.py
[2023-05-08T22:21:28.034+0000] {logging_mixin.py:149} INFO - [2023-05-08T22:21:28.034+0000] {dag.py:2726} INFO - Sync 1 DAGs
[2023-05-08T22:21:28.055+0000] {logging_mixin.py:149} INFO - [2023-05-08T22:21:28.055+0000] {dag.py:3490} INFO - Setting next_dagrun for latest_only_with_trigger to 2023-05-08T18:21:28.055376+00:00, run_after=2023-05-08T22:21:28.055376+00:00
[2023-05-08T22:21:28.069+0000] {processor.py:178} INFO - Processing /home/airflow/.local/lib/python3.7/site-packages/airflow/example_dags/example_latest_only_with_trigger.py took 0.068 seconds
[2023-05-08T22:22:09.929+0000] {processor.py:156} INFO - Started process (PID=67) to work on /home/airflow/.local/lib/python3.7/site-packages/airflow/example_dags/example_latest_only_with_trigger.py
[2023-05-08T22:22:09.934+0000] {processor.py:799} INFO - Processing file /home/airflow/.local/lib/python3.7/site-packages/airflow/example_dags/example_latest_only_with_trigger.py for tasks to queue
[2023-05-08T22:22:09.937+0000] {logging_mixin.py:149} INFO - [2023-05-08T22:22:09.937+0000] {dagbag.py:541} INFO - Filling up the DagBag from /home/airflow/.local/lib/python3.7/site-packages/airflow/example_dags/example_latest_only_with_trigger.py
[2023-05-08T22:22:09.960+0000] {processor.py:809} INFO - DAG(s) dict_keys(['latest_only_with_trigger']) retrieved from /home/airflow/.local/lib/python3.7/site-packages/airflow/example_dags/example_latest_only_with_trigger.py
[2023-05-08T22:22:09.995+0000] {logging_mixin.py:149} INFO - [2023-05-08T22:22:09.995+0000] {dag.py:2726} INFO - Sync 1 DAGs
[2023-05-08T22:22:10.029+0000] {logging_mixin.py:149} INFO - [2023-05-08T22:22:10.029+0000] {dag.py:3490} INFO - Setting next_dagrun for latest_only_with_trigger to 2023-05-08T18:22:10.029404+00:00, run_after=2023-05-08T22:22:10.029404+00:00
[2023-05-08T22:22:10.063+0000] {processor.py:178} INFO - Processing /home/airflow/.local/lib/python3.7/site-packages/airflow/example_dags/example_latest_only_with_trigger.py took 0.140 seconds
[2023-05-08T22:22:40.926+0000] {processor.py:156} INFO - Started process (PID=124) to work on /home/airflow/.local/lib/python3.7/site-packages/airflow/example_dags/example_latest_only_with_trigger.py
[2023-05-08T22:22:40.928+0000] {processor.py:799} INFO - Processing file /home/airflow/.local/lib/python3.7/site-packages/airflow/example_dags/example_latest_only_with_trigger.py for tasks to queue
[2023-05-08T22:22:40.928+0000] {logging_mixin.py:149} INFO - [2023-05-08T22:22:40.928+0000] {dagbag.py:541} INFO - Filling up the DagBag from /home/airflow/.local/lib/python3.7/site-packages/airflow/example_dags/example_latest_only_with_trigger.py
[2023-05-08T22:22:40.933+0000] {processor.py:809} INFO - DAG(s) dict_keys(['latest_only_with_trigger']) retrieved from /home/airflow/.local/lib/python3.7/site-packages/airflow/example_dags/example_latest_only_with_trigger.py
[2023-05-08T22:22:40.954+0000] {logging_mixin.py:149} INFO - [2023-05-08T22:22:40.954+0000] {dag.py:2726} INFO - Sync 1 DAGs
[2023-05-08T22:22:40.974+0000] {logging_mixin.py:149} INFO - [2023-05-08T22:22:40.974+0000] {dag.py:3490} INFO - Setting next_dagrun for latest_only_with_trigger to 2023-05-08T18:22:40.974502+00:00, run_after=2023-05-08T22:22:40.974502+00:00
[2023-05-08T22:22:40.988+0000] {processor.py:178} INFO - Processing /home/airflow/.local/lib/python3.7/site-packages/airflow/example_dags/example_latest_only_with_trigger.py took 0.065 seconds
[2023-05-08T22:23:11.188+0000] {processor.py:156} INFO - Started process (PID=181) to work on /home/airflow/.local/lib/python3.7/site-packages/airflow/example_dags/example_latest_only_with_trigger.py
[2023-05-08T22:23:11.189+0000] {processor.py:799} INFO - Processing file /home/airflow/.local/lib/python3.7/site-packages/airflow/example_dags/example_latest_only_with_trigger.py for tasks to queue
[2023-05-08T22:23:11.190+0000] {logging_mixin.py:149} INFO - [2023-05-08T22:23:11.190+0000] {dagbag.py:541} INFO - Filling up the DagBag from /home/airflow/.local/lib/python3.7/site-packages/airflow/example_dags/example_latest_only_with_trigger.py
[2023-05-08T22:23:11.194+0000] {processor.py:809} INFO - DAG(s) dict_keys(['latest_only_with_trigger']) retrieved from /home/airflow/.local/lib/python3.7/site-packages/airflow/example_dags/example_latest_only_with_trigger.py
[2023-05-08T22:23:11.221+0000] {logging_mixin.py:149} INFO - [2023-05-08T22:23:11.221+0000] {dag.py:2726} INFO - Sync 1 DAGs
[2023-05-08T22:23:11.245+0000] {logging_mixin.py:149} INFO - [2023-05-08T22:23:11.245+0000] {dag.py:3490} INFO - Setting next_dagrun for latest_only_with_trigger to 2023-05-08T18:23:11.245252+00:00, run_after=2023-05-08T22:23:11.245252+00:00
[2023-05-08T22:23:11.259+0000] {processor.py:178} INFO - Processing /home/airflow/.local/lib/python3.7/site-packages/airflow/example_dags/example_latest_only_with_trigger.py took 0.074 seconds
[2023-05-08T22:23:41.913+0000] {processor.py:156} INFO - Started process (PID=238) to work on /home/airflow/.local/lib/python3.7/site-packages/airflow/example_dags/example_latest_only_with_trigger.py
[2023-05-08T22:23:41.914+0000] {processor.py:799} INFO - Processing file /home/airflow/.local/lib/python3.7/site-packages/airflow/example_dags/example_latest_only_with_trigger.py for tasks to queue
[2023-05-08T22:23:41.914+0000] {logging_mixin.py:149} INFO - [2023-05-08T22:23:41.914+0000] {dagbag.py:541} INFO - Filling up the DagBag from /home/airflow/.local/lib/python3.7/site-packages/airflow/example_dags/example_latest_only_with_trigger.py
[2023-05-08T22:23:41.919+0000] {processor.py:809} INFO - DAG(s) dict_keys(['latest_only_with_trigger']) retrieved from /home/airflow/.local/lib/python3.7/site-packages/airflow/example_dags/example_latest_only_with_trigger.py
[2023-05-08T22:23:41.941+0000] {logging_mixin.py:149} INFO - [2023-05-08T22:23:41.941+0000] {dag.py:2726} INFO - Sync 1 DAGs
[2023-05-08T22:23:41.962+0000] {logging_mixin.py:149} INFO - [2023-05-08T22:23:41.962+0000] {dag.py:3490} INFO - Setting next_dagrun for latest_only_with_trigger to 2023-05-08T18:23:41.962625+00:00, run_after=2023-05-08T22:23:41.962625+00:00
[2023-05-08T22:23:41.976+0000] {processor.py:178} INFO - Processing /home/airflow/.local/lib/python3.7/site-packages/airflow/example_dags/example_latest_only_with_trigger.py took 0.066 seconds
[2023-05-08T22:24:12.773+0000] {processor.py:156} INFO - Started process (PID=295) to work on /home/airflow/.local/lib/python3.7/site-packages/airflow/example_dags/example_latest_only_with_trigger.py
[2023-05-08T22:24:12.774+0000] {processor.py:799} INFO - Processing file /home/airflow/.local/lib/python3.7/site-packages/airflow/example_dags/example_latest_only_with_trigger.py for tasks to queue
[2023-05-08T22:24:12.775+0000] {logging_mixin.py:149} INFO - [2023-05-08T22:24:12.775+0000] {dagbag.py:541} INFO - Filling up the DagBag from /home/airflow/.local/lib/python3.7/site-packages/airflow/example_dags/example_latest_only_with_trigger.py
[2023-05-08T22:24:12.780+0000] {processor.py:809} INFO - DAG(s) dict_keys(['latest_only_with_trigger']) retrieved from /home/airflow/.local/lib/python3.7/site-packages/airflow/example_dags/example_latest_only_with_trigger.py
[2023-05-08T22:24:12.809+0000] {logging_mixin.py:149} INFO - [2023-05-08T22:24:12.809+0000] {dag.py:2726} INFO - Sync 1 DAGs
[2023-05-08T22:24:12.833+0000] {logging_mixin.py:149} INFO - [2023-05-08T22:24:12.832+0000] {dag.py:3490} INFO - Setting next_dagrun for latest_only_with_trigger to 2023-05-08T18:24:12.832727+00:00, run_after=2023-05-08T22:24:12.832727+00:00
[2023-05-08T22:24:12.849+0000] {processor.py:178} INFO - Processing /home/airflow/.local/lib/python3.7/site-packages/airflow/example_dags/example_latest_only_with_trigger.py took 0.078 seconds
[2023-05-08T22:24:43.520+0000] {processor.py:156} INFO - Started process (PID=352) to work on /home/airflow/.local/lib/python3.7/site-packages/airflow/example_dags/example_latest_only_with_trigger.py
[2023-05-08T22:24:43.521+0000] {processor.py:799} INFO - Processing file /home/airflow/.local/lib/python3.7/site-packages/airflow/example_dags/example_latest_only_with_trigger.py for tasks to queue
[2023-05-08T22:24:43.522+0000] {logging_mixin.py:149} INFO - [2023-05-08T22:24:43.522+0000] {dagbag.py:541} INFO - Filling up the DagBag from /home/airflow/.local/lib/python3.7/site-packages/airflow/example_dags/example_latest_only_with_trigger.py
[2023-05-08T22:24:43.526+0000] {processor.py:809} INFO - DAG(s) dict_keys(['latest_only_with_trigger']) retrieved from /home/airflow/.local/lib/python3.7/site-packages/airflow/example_dags/example_latest_only_with_trigger.py
[2023-05-08T22:24:43.548+0000] {logging_mixin.py:149} INFO - [2023-05-08T22:24:43.548+0000] {dag.py:2726} INFO - Sync 1 DAGs
[2023-05-08T22:24:43.567+0000] {logging_mixin.py:149} INFO - [2023-05-08T22:24:43.567+0000] {dag.py:3490} INFO - Setting next_dagrun for latest_only_with_trigger to 2023-05-08T18:24:43.567573+00:00, run_after=2023-05-08T22:24:43.567573+00:00
[2023-05-08T22:24:43.582+0000] {processor.py:178} INFO - Processing /home/airflow/.local/lib/python3.7/site-packages/airflow/example_dags/example_latest_only_with_trigger.py took 0.065 seconds
[2023-05-08T22:25:14.233+0000] {processor.py:156} INFO - Started process (PID=409) to work on /home/airflow/.local/lib/python3.7/site-packages/airflow/example_dags/example_latest_only_with_trigger.py
[2023-05-08T22:25:14.234+0000] {processor.py:799} INFO - Processing file /home/airflow/.local/lib/python3.7/site-packages/airflow/example_dags/example_latest_only_with_trigger.py for tasks to queue
[2023-05-08T22:25:14.235+0000] {logging_mixin.py:149} INFO - [2023-05-08T22:25:14.235+0000] {dagbag.py:541} INFO - Filling up the DagBag from /home/airflow/.local/lib/python3.7/site-packages/airflow/example_dags/example_latest_only_with_trigger.py
[2023-05-08T22:25:14.239+0000] {processor.py:809} INFO - DAG(s) dict_keys(['latest_only_with_trigger']) retrieved from /home/airflow/.local/lib/python3.7/site-packages/airflow/example_dags/example_latest_only_with_trigger.py
[2023-05-08T22:25:14.262+0000] {logging_mixin.py:149} INFO - [2023-05-08T22:25:14.262+0000] {dag.py:2726} INFO - Sync 1 DAGs
[2023-05-08T22:25:14.283+0000] {logging_mixin.py:149} INFO - [2023-05-08T22:25:14.283+0000] {dag.py:3490} INFO - Setting next_dagrun for latest_only_with_trigger to 2023-05-08T18:25:14.283067+00:00, run_after=2023-05-08T22:25:14.283067+00:00
[2023-05-08T22:25:14.297+0000] {processor.py:178} INFO - Processing /home/airflow/.local/lib/python3.7/site-packages/airflow/example_dags/example_latest_only_with_trigger.py took 0.066 seconds
[2023-05-08T22:26:00.795+0000] {processor.py:156} INFO - Started process (PID=67) to work on /home/airflow/.local/lib/python3.7/site-packages/airflow/example_dags/example_latest_only_with_trigger.py
[2023-05-08T22:26:00.843+0000] {processor.py:799} INFO - Processing file /home/airflow/.local/lib/python3.7/site-packages/airflow/example_dags/example_latest_only_with_trigger.py for tasks to queue
[2023-05-08T22:26:00.853+0000] {logging_mixin.py:149} INFO - [2023-05-08T22:26:00.853+0000] {dagbag.py:541} INFO - Filling up the DagBag from /home/airflow/.local/lib/python3.7/site-packages/airflow/example_dags/example_latest_only_with_trigger.py
[2023-05-08T22:26:00.924+0000] {processor.py:809} INFO - DAG(s) dict_keys(['latest_only_with_trigger']) retrieved from /home/airflow/.local/lib/python3.7/site-packages/airflow/example_dags/example_latest_only_with_trigger.py
[2023-05-08T22:26:00.990+0000] {logging_mixin.py:149} INFO - [2023-05-08T22:26:00.990+0000] {dag.py:2726} INFO - Sync 1 DAGs
[2023-05-08T22:26:01.050+0000] {logging_mixin.py:149} INFO - [2023-05-08T22:26:01.050+0000] {dag.py:3490} INFO - Setting next_dagrun for latest_only_with_trigger to 2023-05-08T18:26:01.050152+00:00, run_after=2023-05-08T22:26:01.050152+00:00
[2023-05-08T22:26:01.113+0000] {processor.py:178} INFO - Processing /home/airflow/.local/lib/python3.7/site-packages/airflow/example_dags/example_latest_only_with_trigger.py took 0.331 seconds
[2023-05-08T22:26:31.323+0000] {processor.py:156} INFO - Started process (PID=124) to work on /home/airflow/.local/lib/python3.7/site-packages/airflow/example_dags/example_latest_only_with_trigger.py
[2023-05-08T22:26:31.324+0000] {processor.py:799} INFO - Processing file /home/airflow/.local/lib/python3.7/site-packages/airflow/example_dags/example_latest_only_with_trigger.py for tasks to queue
[2023-05-08T22:26:31.325+0000] {logging_mixin.py:149} INFO - [2023-05-08T22:26:31.325+0000] {dagbag.py:541} INFO - Filling up the DagBag from /home/airflow/.local/lib/python3.7/site-packages/airflow/example_dags/example_latest_only_with_trigger.py
[2023-05-08T22:26:31.329+0000] {processor.py:809} INFO - DAG(s) dict_keys(['latest_only_with_trigger']) retrieved from /home/airflow/.local/lib/python3.7/site-packages/airflow/example_dags/example_latest_only_with_trigger.py
[2023-05-08T22:26:31.351+0000] {logging_mixin.py:149} INFO - [2023-05-08T22:26:31.351+0000] {dag.py:2726} INFO - Sync 1 DAGs
[2023-05-08T22:26:31.370+0000] {logging_mixin.py:149} INFO - [2023-05-08T22:26:31.369+0000] {dag.py:3490} INFO - Setting next_dagrun for latest_only_with_trigger to 2023-05-08T18:26:31.369757+00:00, run_after=2023-05-08T22:26:31.369757+00:00
[2023-05-08T22:26:31.383+0000] {processor.py:178} INFO - Processing /home/airflow/.local/lib/python3.7/site-packages/airflow/example_dags/example_latest_only_with_trigger.py took 0.063 seconds
[2023-05-08T22:27:02.204+0000] {processor.py:156} INFO - Started process (PID=181) to work on /home/airflow/.local/lib/python3.7/site-packages/airflow/example_dags/example_latest_only_with_trigger.py
[2023-05-08T22:27:02.205+0000] {processor.py:799} INFO - Processing file /home/airflow/.local/lib/python3.7/site-packages/airflow/example_dags/example_latest_only_with_trigger.py for tasks to queue
[2023-05-08T22:27:02.205+0000] {logging_mixin.py:149} INFO - [2023-05-08T22:27:02.205+0000] {dagbag.py:541} INFO - Filling up the DagBag from /home/airflow/.local/lib/python3.7/site-packages/airflow/example_dags/example_latest_only_with_trigger.py
[2023-05-08T22:27:02.210+0000] {processor.py:809} INFO - DAG(s) dict_keys(['latest_only_with_trigger']) retrieved from /home/airflow/.local/lib/python3.7/site-packages/airflow/example_dags/example_latest_only_with_trigger.py
[2023-05-08T22:27:02.232+0000] {logging_mixin.py:149} INFO - [2023-05-08T22:27:02.232+0000] {dag.py:2726} INFO - Sync 1 DAGs
[2023-05-08T22:27:02.261+0000] {logging_mixin.py:149} INFO - [2023-05-08T22:27:02.261+0000] {dag.py:3490} INFO - Setting next_dagrun for latest_only_with_trigger to 2023-05-08T18:27:02.261091+00:00, run_after=2023-05-08T22:27:02.261091+00:00
[2023-05-08T22:27:02.308+0000] {processor.py:178} INFO - Processing /home/airflow/.local/lib/python3.7/site-packages/airflow/example_dags/example_latest_only_with_trigger.py took 0.107 seconds
[2023-05-08T22:27:32.948+0000] {processor.py:156} INFO - Started process (PID=238) to work on /home/airflow/.local/lib/python3.7/site-packages/airflow/example_dags/example_latest_only_with_trigger.py
[2023-05-08T22:27:32.949+0000] {processor.py:799} INFO - Processing file /home/airflow/.local/lib/python3.7/site-packages/airflow/example_dags/example_latest_only_with_trigger.py for tasks to queue
[2023-05-08T22:27:32.950+0000] {logging_mixin.py:149} INFO - [2023-05-08T22:27:32.949+0000] {dagbag.py:541} INFO - Filling up the DagBag from /home/airflow/.local/lib/python3.7/site-packages/airflow/example_dags/example_latest_only_with_trigger.py
[2023-05-08T22:27:32.954+0000] {processor.py:809} INFO - DAG(s) dict_keys(['latest_only_with_trigger']) retrieved from /home/airflow/.local/lib/python3.7/site-packages/airflow/example_dags/example_latest_only_with_trigger.py
[2023-05-08T22:27:32.979+0000] {logging_mixin.py:149} INFO - [2023-05-08T22:27:32.979+0000] {dag.py:2726} INFO - Sync 1 DAGs
[2023-05-08T22:27:32.998+0000] {logging_mixin.py:149} INFO - [2023-05-08T22:27:32.998+0000] {dag.py:3490} INFO - Setting next_dagrun for latest_only_with_trigger to 2023-05-08T18:27:32.998152+00:00, run_after=2023-05-08T22:27:32.998152+00:00
[2023-05-08T22:27:33.012+0000] {processor.py:178} INFO - Processing /home/airflow/.local/lib/python3.7/site-packages/airflow/example_dags/example_latest_only_with_trigger.py took 0.067 seconds
[2023-05-08T22:28:03.432+0000] {processor.py:156} INFO - Started process (PID=295) to work on /home/airflow/.local/lib/python3.7/site-packages/airflow/example_dags/example_latest_only_with_trigger.py
[2023-05-08T22:28:03.433+0000] {processor.py:799} INFO - Processing file /home/airflow/.local/lib/python3.7/site-packages/airflow/example_dags/example_latest_only_with_trigger.py for tasks to queue
[2023-05-08T22:28:03.434+0000] {logging_mixin.py:149} INFO - [2023-05-08T22:28:03.434+0000] {dagbag.py:541} INFO - Filling up the DagBag from /home/airflow/.local/lib/python3.7/site-packages/airflow/example_dags/example_latest_only_with_trigger.py
[2023-05-08T22:28:03.439+0000] {processor.py:809} INFO - DAG(s) dict_keys(['latest_only_with_trigger']) retrieved from /home/airflow/.local/lib/python3.7/site-packages/airflow/example_dags/example_latest_only_with_trigger.py
[2023-05-08T22:28:03.460+0000] {logging_mixin.py:149} INFO - [2023-05-08T22:28:03.460+0000] {dag.py:2726} INFO - Sync 1 DAGs
[2023-05-08T22:28:03.480+0000] {logging_mixin.py:149} INFO - [2023-05-08T22:28:03.480+0000] {dag.py:3490} INFO - Setting next_dagrun for latest_only_with_trigger to 2023-05-08T18:28:03.479844+00:00, run_after=2023-05-08T22:28:03.479844+00:00
[2023-05-08T22:28:03.495+0000] {processor.py:178} INFO - Processing /home/airflow/.local/lib/python3.7/site-packages/airflow/example_dags/example_latest_only_with_trigger.py took 0.066 seconds
[2023-05-08T22:28:34.129+0000] {processor.py:156} INFO - Started process (PID=352) to work on /home/airflow/.local/lib/python3.7/site-packages/airflow/example_dags/example_latest_only_with_trigger.py
[2023-05-08T22:28:34.130+0000] {processor.py:799} INFO - Processing file /home/airflow/.local/lib/python3.7/site-packages/airflow/example_dags/example_latest_only_with_trigger.py for tasks to queue
[2023-05-08T22:28:34.131+0000] {logging_mixin.py:149} INFO - [2023-05-08T22:28:34.131+0000] {dagbag.py:541} INFO - Filling up the DagBag from /home/airflow/.local/lib/python3.7/site-packages/airflow/example_dags/example_latest_only_with_trigger.py
[2023-05-08T22:28:34.138+0000] {processor.py:809} INFO - DAG(s) dict_keys(['latest_only_with_trigger']) retrieved from /home/airflow/.local/lib/python3.7/site-packages/airflow/example_dags/example_latest_only_with_trigger.py
[2023-05-08T22:28:34.168+0000] {logging_mixin.py:149} INFO - [2023-05-08T22:28:34.168+0000] {dag.py:2726} INFO - Sync 1 DAGs
[2023-05-08T22:28:34.191+0000] {logging_mixin.py:149} INFO - [2023-05-08T22:28:34.191+0000] {dag.py:3490} INFO - Setting next_dagrun for latest_only_with_trigger to 2023-05-08T18:28:34.191600+00:00, run_after=2023-05-08T22:28:34.191600+00:00
[2023-05-08T22:28:34.205+0000] {processor.py:178} INFO - Processing /home/airflow/.local/lib/python3.7/site-packages/airflow/example_dags/example_latest_only_with_trigger.py took 0.079 seconds
[2023-05-08T22:29:04.978+0000] {processor.py:156} INFO - Started process (PID=409) to work on /home/airflow/.local/lib/python3.7/site-packages/airflow/example_dags/example_latest_only_with_trigger.py
[2023-05-08T22:29:04.979+0000] {processor.py:799} INFO - Processing file /home/airflow/.local/lib/python3.7/site-packages/airflow/example_dags/example_latest_only_with_trigger.py for tasks to queue
[2023-05-08T22:29:04.979+0000] {logging_mixin.py:149} INFO - [2023-05-08T22:29:04.979+0000] {dagbag.py:541} INFO - Filling up the DagBag from /home/airflow/.local/lib/python3.7/site-packages/airflow/example_dags/example_latest_only_with_trigger.py
[2023-05-08T22:29:04.984+0000] {processor.py:809} INFO - DAG(s) dict_keys(['latest_only_with_trigger']) retrieved from /home/airflow/.local/lib/python3.7/site-packages/airflow/example_dags/example_latest_only_with_trigger.py
[2023-05-08T22:29:05.004+0000] {logging_mixin.py:149} INFO - [2023-05-08T22:29:05.004+0000] {dag.py:2726} INFO - Sync 1 DAGs
[2023-05-08T22:29:05.023+0000] {logging_mixin.py:149} INFO - [2023-05-08T22:29:05.022+0000] {dag.py:3490} INFO - Setting next_dagrun for latest_only_with_trigger to 2023-05-08T18:29:05.022788+00:00, run_after=2023-05-08T22:29:05.022788+00:00
[2023-05-08T22:29:05.036+0000] {processor.py:178} INFO - Processing /home/airflow/.local/lib/python3.7/site-packages/airflow/example_dags/example_latest_only_with_trigger.py took 0.061 seconds
[2023-05-08T22:29:35.621+0000] {processor.py:156} INFO - Started process (PID=466) to work on /home/airflow/.local/lib/python3.7/site-packages/airflow/example_dags/example_latest_only_with_trigger.py
[2023-05-08T22:29:35.622+0000] {processor.py:799} INFO - Processing file /home/airflow/.local/lib/python3.7/site-packages/airflow/example_dags/example_latest_only_with_trigger.py for tasks to queue
[2023-05-08T22:29:35.623+0000] {logging_mixin.py:149} INFO - [2023-05-08T22:29:35.623+0000] {dagbag.py:541} INFO - Filling up the DagBag from /home/airflow/.local/lib/python3.7/site-packages/airflow/example_dags/example_latest_only_with_trigger.py
[2023-05-08T22:29:35.627+0000] {processor.py:809} INFO - DAG(s) dict_keys(['latest_only_with_trigger']) retrieved from /home/airflow/.local/lib/python3.7/site-packages/airflow/example_dags/example_latest_only_with_trigger.py
[2023-05-08T22:29:35.655+0000] {logging_mixin.py:149} INFO - [2023-05-08T22:29:35.655+0000] {dag.py:2726} INFO - Sync 1 DAGs
[2023-05-08T22:29:35.680+0000] {logging_mixin.py:149} INFO - [2023-05-08T22:29:35.680+0000] {dag.py:3490} INFO - Setting next_dagrun for latest_only_with_trigger to 2023-05-08T18:29:35.680434+00:00, run_after=2023-05-08T22:29:35.680434+00:00
[2023-05-08T22:29:35.700+0000] {processor.py:178} INFO - Processing /home/airflow/.local/lib/python3.7/site-packages/airflow/example_dags/example_latest_only_with_trigger.py took 0.081 seconds
[2023-05-08T22:30:06.466+0000] {processor.py:156} INFO - Started process (PID=523) to work on /home/airflow/.local/lib/python3.7/site-packages/airflow/example_dags/example_latest_only_with_trigger.py
[2023-05-08T22:30:06.467+0000] {processor.py:799} INFO - Processing file /home/airflow/.local/lib/python3.7/site-packages/airflow/example_dags/example_latest_only_with_trigger.py for tasks to queue
[2023-05-08T22:30:06.468+0000] {logging_mixin.py:149} INFO - [2023-05-08T22:30:06.468+0000] {dagbag.py:541} INFO - Filling up the DagBag from /home/airflow/.local/lib/python3.7/site-packages/airflow/example_dags/example_latest_only_with_trigger.py
[2023-05-08T22:30:06.473+0000] {processor.py:809} INFO - DAG(s) dict_keys(['latest_only_with_trigger']) retrieved from /home/airflow/.local/lib/python3.7/site-packages/airflow/example_dags/example_latest_only_with_trigger.py
[2023-05-08T22:30:06.495+0000] {logging_mixin.py:149} INFO - [2023-05-08T22:30:06.495+0000] {dag.py:2726} INFO - Sync 1 DAGs
[2023-05-08T22:30:06.514+0000] {logging_mixin.py:149} INFO - [2023-05-08T22:30:06.514+0000] {dag.py:3490} INFO - Setting next_dagrun for latest_only_with_trigger to 2023-05-08T18:30:06.514106+00:00, run_after=2023-05-08T22:30:06.514106+00:00
[2023-05-08T22:30:06.527+0000] {processor.py:178} INFO - Processing /home/airflow/.local/lib/python3.7/site-packages/airflow/example_dags/example_latest_only_with_trigger.py took 0.063 seconds
[2023-05-08T22:30:37.138+0000] {processor.py:156} INFO - Started process (PID=580) to work on /home/airflow/.local/lib/python3.7/site-packages/airflow/example_dags/example_latest_only_with_trigger.py
[2023-05-08T22:30:37.139+0000] {processor.py:799} INFO - Processing file /home/airflow/.local/lib/python3.7/site-packages/airflow/example_dags/example_latest_only_with_trigger.py for tasks to queue
[2023-05-08T22:30:37.139+0000] {logging_mixin.py:149} INFO - [2023-05-08T22:30:37.139+0000] {dagbag.py:541} INFO - Filling up the DagBag from /home/airflow/.local/lib/python3.7/site-packages/airflow/example_dags/example_latest_only_with_trigger.py
[2023-05-08T22:30:37.144+0000] {processor.py:809} INFO - DAG(s) dict_keys(['latest_only_with_trigger']) retrieved from /home/airflow/.local/lib/python3.7/site-packages/airflow/example_dags/example_latest_only_with_trigger.py
[2023-05-08T22:30:37.165+0000] {logging_mixin.py:149} INFO - [2023-05-08T22:30:37.165+0000] {dag.py:2726} INFO - Sync 1 DAGs
[2023-05-08T22:30:37.186+0000] {logging_mixin.py:149} INFO - [2023-05-08T22:30:37.185+0000] {dag.py:3490} INFO - Setting next_dagrun for latest_only_with_trigger to 2023-05-08T18:30:37.185779+00:00, run_after=2023-05-08T22:30:37.185779+00:00
[2023-05-08T22:30:37.199+0000] {processor.py:178} INFO - Processing /home/airflow/.local/lib/python3.7/site-packages/airflow/example_dags/example_latest_only_with_trigger.py took 0.064 seconds
[2023-05-08T22:31:08.115+0000] {processor.py:156} INFO - Started process (PID=637) to work on /home/airflow/.local/lib/python3.7/site-packages/airflow/example_dags/example_latest_only_with_trigger.py
[2023-05-08T22:31:08.116+0000] {processor.py:799} INFO - Processing file /home/airflow/.local/lib/python3.7/site-packages/airflow/example_dags/example_latest_only_with_trigger.py for tasks to queue
[2023-05-08T22:31:08.117+0000] {logging_mixin.py:149} INFO - [2023-05-08T22:31:08.116+0000] {dagbag.py:541} INFO - Filling up the DagBag from /home/airflow/.local/lib/python3.7/site-packages/airflow/example_dags/example_latest_only_with_trigger.py
[2023-05-08T22:31:08.121+0000] {processor.py:809} INFO - DAG(s) dict_keys(['latest_only_with_trigger']) retrieved from /home/airflow/.local/lib/python3.7/site-packages/airflow/example_dags/example_latest_only_with_trigger.py
[2023-05-08T22:31:08.143+0000] {logging_mixin.py:149} INFO - [2023-05-08T22:31:08.143+0000] {dag.py:2726} INFO - Sync 1 DAGs
[2023-05-08T22:31:08.164+0000] {logging_mixin.py:149} INFO - [2023-05-08T22:31:08.164+0000] {dag.py:3490} INFO - Setting next_dagrun for latest_only_with_trigger to 2023-05-08T18:31:08.164454+00:00, run_after=2023-05-08T22:31:08.164454+00:00
[2023-05-08T22:31:08.179+0000] {processor.py:178} INFO - Processing /home/airflow/.local/lib/python3.7/site-packages/airflow/example_dags/example_latest_only_with_trigger.py took 0.066 seconds
[2023-05-08T22:31:38.683+0000] {processor.py:156} INFO - Started process (PID=694) to work on /home/airflow/.local/lib/python3.7/site-packages/airflow/example_dags/example_latest_only_with_trigger.py
[2023-05-08T22:31:38.684+0000] {processor.py:799} INFO - Processing file /home/airflow/.local/lib/python3.7/site-packages/airflow/example_dags/example_latest_only_with_trigger.py for tasks to queue
[2023-05-08T22:31:38.685+0000] {logging_mixin.py:149} INFO - [2023-05-08T22:31:38.685+0000] {dagbag.py:541} INFO - Filling up the DagBag from /home/airflow/.local/lib/python3.7/site-packages/airflow/example_dags/example_latest_only_with_trigger.py
[2023-05-08T22:31:38.689+0000] {processor.py:809} INFO - DAG(s) dict_keys(['latest_only_with_trigger']) retrieved from /home/airflow/.local/lib/python3.7/site-packages/airflow/example_dags/example_latest_only_with_trigger.py
[2023-05-08T22:31:38.710+0000] {logging_mixin.py:149} INFO - [2023-05-08T22:31:38.710+0000] {dag.py:2726} INFO - Sync 1 DAGs
[2023-05-08T22:31:38.729+0000] {logging_mixin.py:149} INFO - [2023-05-08T22:31:38.729+0000] {dag.py:3490} INFO - Setting next_dagrun for latest_only_with_trigger to 2023-05-08T18:31:38.729112+00:00, run_after=2023-05-08T22:31:38.729112+00:00
[2023-05-08T22:31:38.750+0000] {processor.py:178} INFO - Processing /home/airflow/.local/lib/python3.7/site-packages/airflow/example_dags/example_latest_only_with_trigger.py took 0.069 seconds
[2023-05-08T22:32:09.412+0000] {processor.py:156} INFO - Started process (PID=751) to work on /home/airflow/.local/lib/python3.7/site-packages/airflow/example_dags/example_latest_only_with_trigger.py
[2023-05-08T22:32:09.413+0000] {processor.py:799} INFO - Processing file /home/airflow/.local/lib/python3.7/site-packages/airflow/example_dags/example_latest_only_with_trigger.py for tasks to queue
[2023-05-08T22:32:09.414+0000] {logging_mixin.py:149} INFO - [2023-05-08T22:32:09.414+0000] {dagbag.py:541} INFO - Filling up the DagBag from /home/airflow/.local/lib/python3.7/site-packages/airflow/example_dags/example_latest_only_with_trigger.py
[2023-05-08T22:32:09.421+0000] {processor.py:809} INFO - DAG(s) dict_keys(['latest_only_with_trigger']) retrieved from /home/airflow/.local/lib/python3.7/site-packages/airflow/example_dags/example_latest_only_with_trigger.py
[2023-05-08T22:32:09.446+0000] {logging_mixin.py:149} INFO - [2023-05-08T22:32:09.446+0000] {dag.py:2726} INFO - Sync 1 DAGs
[2023-05-08T22:32:09.468+0000] {logging_mixin.py:149} INFO - [2023-05-08T22:32:09.467+0000] {dag.py:3490} INFO - Setting next_dagrun for latest_only_with_trigger to 2023-05-08T18:32:09.467622+00:00, run_after=2023-05-08T22:32:09.467622+00:00
[2023-05-08T22:32:09.483+0000] {processor.py:178} INFO - Processing /home/airflow/.local/lib/python3.7/site-packages/airflow/example_dags/example_latest_only_with_trigger.py took 0.075 seconds
[2023-05-08T22:32:40.236+0000] {processor.py:156} INFO - Started process (PID=808) to work on /home/airflow/.local/lib/python3.7/site-packages/airflow/example_dags/example_latest_only_with_trigger.py
[2023-05-08T22:32:40.238+0000] {processor.py:799} INFO - Processing file /home/airflow/.local/lib/python3.7/site-packages/airflow/example_dags/example_latest_only_with_trigger.py for tasks to queue
[2023-05-08T22:32:40.240+0000] {logging_mixin.py:149} INFO - [2023-05-08T22:32:40.240+0000] {dagbag.py:541} INFO - Filling up the DagBag from /home/airflow/.local/lib/python3.7/site-packages/airflow/example_dags/example_latest_only_with_trigger.py
[2023-05-08T22:32:40.246+0000] {processor.py:809} INFO - DAG(s) dict_keys(['latest_only_with_trigger']) retrieved from /home/airflow/.local/lib/python3.7/site-packages/airflow/example_dags/example_latest_only_with_trigger.py
[2023-05-08T22:32:40.278+0000] {logging_mixin.py:149} INFO - [2023-05-08T22:32:40.278+0000] {dag.py:2726} INFO - Sync 1 DAGs
[2023-05-08T22:32:40.298+0000] {logging_mixin.py:149} INFO - [2023-05-08T22:32:40.298+0000] {dag.py:3490} INFO - Setting next_dagrun for latest_only_with_trigger to 2023-05-08T18:32:40.298589+00:00, run_after=2023-05-08T22:32:40.298589+00:00
[2023-05-08T22:32:40.313+0000] {processor.py:178} INFO - Processing /home/airflow/.local/lib/python3.7/site-packages/airflow/example_dags/example_latest_only_with_trigger.py took 0.080 seconds
[2023-05-08T22:33:11.460+0000] {processor.py:156} INFO - Started process (PID=865) to work on /home/airflow/.local/lib/python3.7/site-packages/airflow/example_dags/example_latest_only_with_trigger.py
[2023-05-08T22:33:11.462+0000] {processor.py:799} INFO - Processing file /home/airflow/.local/lib/python3.7/site-packages/airflow/example_dags/example_latest_only_with_trigger.py for tasks to queue
[2023-05-08T22:33:11.462+0000] {logging_mixin.py:149} INFO - [2023-05-08T22:33:11.462+0000] {dagbag.py:541} INFO - Filling up the DagBag from /home/airflow/.local/lib/python3.7/site-packages/airflow/example_dags/example_latest_only_with_trigger.py
[2023-05-08T22:33:11.468+0000] {processor.py:809} INFO - DAG(s) dict_keys(['latest_only_with_trigger']) retrieved from /home/airflow/.local/lib/python3.7/site-packages/airflow/example_dags/example_latest_only_with_trigger.py
[2023-05-08T22:33:11.493+0000] {logging_mixin.py:149} INFO - [2023-05-08T22:33:11.493+0000] {dag.py:2726} INFO - Sync 1 DAGs
[2023-05-08T22:33:11.521+0000] {logging_mixin.py:149} INFO - [2023-05-08T22:33:11.521+0000] {dag.py:3490} INFO - Setting next_dagrun for latest_only_with_trigger to 2023-05-08T18:33:11.521406+00:00, run_after=2023-05-08T22:33:11.521406+00:00
[2023-05-08T22:33:11.540+0000] {processor.py:178} INFO - Processing /home/airflow/.local/lib/python3.7/site-packages/airflow/example_dags/example_latest_only_with_trigger.py took 0.083 seconds
[2023-05-08T22:33:43.262+0000] {processor.py:156} INFO - Started process (PID=922) to work on /home/airflow/.local/lib/python3.7/site-packages/airflow/example_dags/example_latest_only_with_trigger.py
[2023-05-08T22:33:43.263+0000] {processor.py:799} INFO - Processing file /home/airflow/.local/lib/python3.7/site-packages/airflow/example_dags/example_latest_only_with_trigger.py for tasks to queue
[2023-05-08T22:33:43.266+0000] {logging_mixin.py:149} INFO - [2023-05-08T22:33:43.266+0000] {dagbag.py:541} INFO - Filling up the DagBag from /home/airflow/.local/lib/python3.7/site-packages/airflow/example_dags/example_latest_only_with_trigger.py
[2023-05-08T22:33:43.272+0000] {processor.py:809} INFO - DAG(s) dict_keys(['latest_only_with_trigger']) retrieved from /home/airflow/.local/lib/python3.7/site-packages/airflow/example_dags/example_latest_only_with_trigger.py
[2023-05-08T22:33:43.302+0000] {logging_mixin.py:149} INFO - [2023-05-08T22:33:43.302+0000] {dag.py:2726} INFO - Sync 1 DAGs
[2023-05-08T22:33:43.327+0000] {logging_mixin.py:149} INFO - [2023-05-08T22:33:43.327+0000] {dag.py:3490} INFO - Setting next_dagrun for latest_only_with_trigger to 2023-05-08T18:33:43.327286+00:00, run_after=2023-05-08T22:33:43.327286+00:00
[2023-05-08T22:33:43.358+0000] {processor.py:178} INFO - Processing /home/airflow/.local/lib/python3.7/site-packages/airflow/example_dags/example_latest_only_with_trigger.py took 0.099 seconds
[2023-05-08T22:34:13.690+0000] {processor.py:156} INFO - Started process (PID=979) to work on /home/airflow/.local/lib/python3.7/site-packages/airflow/example_dags/example_latest_only_with_trigger.py
[2023-05-08T22:34:13.691+0000] {processor.py:799} INFO - Processing file /home/airflow/.local/lib/python3.7/site-packages/airflow/example_dags/example_latest_only_with_trigger.py for tasks to queue
[2023-05-08T22:34:13.692+0000] {logging_mixin.py:149} INFO - [2023-05-08T22:34:13.692+0000] {dagbag.py:541} INFO - Filling up the DagBag from /home/airflow/.local/lib/python3.7/site-packages/airflow/example_dags/example_latest_only_with_trigger.py
[2023-05-08T22:34:13.697+0000] {processor.py:809} INFO - DAG(s) dict_keys(['latest_only_with_trigger']) retrieved from /home/airflow/.local/lib/python3.7/site-packages/airflow/example_dags/example_latest_only_with_trigger.py
[2023-05-08T22:34:13.722+0000] {logging_mixin.py:149} INFO - [2023-05-08T22:34:13.722+0000] {dag.py:2726} INFO - Sync 1 DAGs
[2023-05-08T22:34:13.742+0000] {logging_mixin.py:149} INFO - [2023-05-08T22:34:13.741+0000] {dag.py:3490} INFO - Setting next_dagrun for latest_only_with_trigger to 2023-05-08T18:34:13.741778+00:00, run_after=2023-05-08T22:34:13.741778+00:00
[2023-05-08T22:34:13.755+0000] {processor.py:178} INFO - Processing /home/airflow/.local/lib/python3.7/site-packages/airflow/example_dags/example_latest_only_with_trigger.py took 0.067 seconds
[2023-05-08T22:34:44.235+0000] {processor.py:156} INFO - Started process (PID=1037) to work on /home/airflow/.local/lib/python3.7/site-packages/airflow/example_dags/example_latest_only_with_trigger.py
[2023-05-08T22:34:44.236+0000] {processor.py:799} INFO - Processing file /home/airflow/.local/lib/python3.7/site-packages/airflow/example_dags/example_latest_only_with_trigger.py for tasks to queue
[2023-05-08T22:34:44.236+0000] {logging_mixin.py:149} INFO - [2023-05-08T22:34:44.236+0000] {dagbag.py:541} INFO - Filling up the DagBag from /home/airflow/.local/lib/python3.7/site-packages/airflow/example_dags/example_latest_only_with_trigger.py
[2023-05-08T22:34:44.241+0000] {processor.py:809} INFO - DAG(s) dict_keys(['latest_only_with_trigger']) retrieved from /home/airflow/.local/lib/python3.7/site-packages/airflow/example_dags/example_latest_only_with_trigger.py
[2023-05-08T22:34:44.264+0000] {logging_mixin.py:149} INFO - [2023-05-08T22:34:44.264+0000] {dag.py:2726} INFO - Sync 1 DAGs
[2023-05-08T22:34:44.283+0000] {logging_mixin.py:149} INFO - [2023-05-08T22:34:44.283+0000] {dag.py:3490} INFO - Setting next_dagrun for latest_only_with_trigger to 2023-05-08T18:34:44.283278+00:00, run_after=2023-05-08T22:34:44.283278+00:00
[2023-05-08T22:34:44.296+0000] {processor.py:178} INFO - Processing /home/airflow/.local/lib/python3.7/site-packages/airflow/example_dags/example_latest_only_with_trigger.py took 0.064 seconds
[2023-05-08T22:35:14.531+0000] {processor.py:156} INFO - Started process (PID=1093) to work on /home/airflow/.local/lib/python3.7/site-packages/airflow/example_dags/example_latest_only_with_trigger.py
[2023-05-08T22:35:14.532+0000] {processor.py:799} INFO - Processing file /home/airflow/.local/lib/python3.7/site-packages/airflow/example_dags/example_latest_only_with_trigger.py for tasks to queue
[2023-05-08T22:35:14.533+0000] {logging_mixin.py:149} INFO - [2023-05-08T22:35:14.533+0000] {dagbag.py:541} INFO - Filling up the DagBag from /home/airflow/.local/lib/python3.7/site-packages/airflow/example_dags/example_latest_only_with_trigger.py
[2023-05-08T22:35:14.539+0000] {processor.py:809} INFO - DAG(s) dict_keys(['latest_only_with_trigger']) retrieved from /home/airflow/.local/lib/python3.7/site-packages/airflow/example_dags/example_latest_only_with_trigger.py
[2023-05-08T22:35:14.560+0000] {logging_mixin.py:149} INFO - [2023-05-08T22:35:14.560+0000] {dag.py:2726} INFO - Sync 1 DAGs
[2023-05-08T22:35:14.579+0000] {logging_mixin.py:149} INFO - [2023-05-08T22:35:14.579+0000] {dag.py:3490} INFO - Setting next_dagrun for latest_only_with_trigger to 2023-05-08T18:35:14.578821+00:00, run_after=2023-05-08T22:35:14.578821+00:00
[2023-05-08T22:35:14.592+0000] {processor.py:178} INFO - Processing /home/airflow/.local/lib/python3.7/site-packages/airflow/example_dags/example_latest_only_with_trigger.py took 0.064 seconds
