[2023-05-08T20:36:09.232+0000] {processor.py:156} INFO - Started process (PID=32) to work on /home/airflow/.local/lib/python3.7/site-packages/airflow/example_dags/example_sla_dag.py
[2023-05-08T20:36:09.239+0000] {processor.py:799} INFO - Processing file /home/airflow/.local/lib/python3.7/site-packages/airflow/example_dags/example_sla_dag.py for tasks to queue
[2023-05-08T20:36:09.241+0000] {logging_mixin.py:149} INFO - [2023-05-08T20:36:09.241+0000] {dagbag.py:541} INFO - Filling up the DagBag from /home/airflow/.local/lib/python3.7/site-packages/airflow/example_dags/example_sla_dag.py
[2023-05-08T20:36:09.284+0000] {processor.py:809} INFO - DAG(s) dict_keys(['example_sla_dag']) retrieved from /home/airflow/.local/lib/python3.7/site-packages/airflow/example_dags/example_sla_dag.py
[2023-05-08T20:36:09.533+0000] {logging_mixin.py:149} INFO - [2023-05-08T20:36:09.533+0000] {dag.py:2726} INFO - Sync 1 DAGs
[2023-05-08T20:36:09.571+0000] {logging_mixin.py:149} INFO - [2023-05-08T20:36:09.570+0000] {dag.py:3490} INFO - Setting next_dagrun for example_sla_dag to 2023-05-08T20:34:00+00:00, run_after=2023-05-08T20:36:00+00:00
[2023-05-08T20:36:09.607+0000] {processor.py:178} INFO - Processing /home/airflow/.local/lib/python3.7/site-packages/airflow/example_dags/example_sla_dag.py took 0.379 seconds
[2023-05-08T20:36:40.091+0000] {processor.py:156} INFO - Started process (PID=88) to work on /home/airflow/.local/lib/python3.7/site-packages/airflow/example_dags/example_sla_dag.py
[2023-05-08T20:36:40.094+0000] {processor.py:799} INFO - Processing file /home/airflow/.local/lib/python3.7/site-packages/airflow/example_dags/example_sla_dag.py for tasks to queue
[2023-05-08T20:36:40.095+0000] {logging_mixin.py:149} INFO - [2023-05-08T20:36:40.095+0000] {dagbag.py:541} INFO - Filling up the DagBag from /home/airflow/.local/lib/python3.7/site-packages/airflow/example_dags/example_sla_dag.py
[2023-05-08T20:36:40.109+0000] {processor.py:809} INFO - DAG(s) dict_keys(['example_sla_dag']) retrieved from /home/airflow/.local/lib/python3.7/site-packages/airflow/example_dags/example_sla_dag.py
[2023-05-08T20:36:40.146+0000] {logging_mixin.py:149} INFO - [2023-05-08T20:36:40.146+0000] {dag.py:2726} INFO - Sync 1 DAGs
[2023-05-08T20:36:40.185+0000] {logging_mixin.py:149} INFO - [2023-05-08T20:36:40.185+0000] {dag.py:3490} INFO - Setting next_dagrun for example_sla_dag to 2023-05-08T20:34:00+00:00, run_after=2023-05-08T20:36:00+00:00
[2023-05-08T20:36:40.199+0000] {processor.py:178} INFO - Processing /home/airflow/.local/lib/python3.7/site-packages/airflow/example_dags/example_sla_dag.py took 0.114 seconds
[2023-05-08T20:37:10.381+0000] {processor.py:156} INFO - Started process (PID=144) to work on /home/airflow/.local/lib/python3.7/site-packages/airflow/example_dags/example_sla_dag.py
[2023-05-08T20:37:10.384+0000] {processor.py:799} INFO - Processing file /home/airflow/.local/lib/python3.7/site-packages/airflow/example_dags/example_sla_dag.py for tasks to queue
[2023-05-08T20:37:10.393+0000] {logging_mixin.py:149} INFO - [2023-05-08T20:37:10.393+0000] {dagbag.py:541} INFO - Filling up the DagBag from /home/airflow/.local/lib/python3.7/site-packages/airflow/example_dags/example_sla_dag.py
[2023-05-08T20:37:10.418+0000] {processor.py:809} INFO - DAG(s) dict_keys(['example_sla_dag']) retrieved from /home/airflow/.local/lib/python3.7/site-packages/airflow/example_dags/example_sla_dag.py
[2023-05-08T20:37:10.473+0000] {logging_mixin.py:149} INFO - [2023-05-08T20:37:10.472+0000] {dag.py:2726} INFO - Sync 1 DAGs
[2023-05-08T20:37:10.503+0000] {logging_mixin.py:149} INFO - [2023-05-08T20:37:10.503+0000] {dag.py:3490} INFO - Setting next_dagrun for example_sla_dag to 2023-05-08T20:34:00+00:00, run_after=2023-05-08T20:36:00+00:00
[2023-05-08T20:37:10.524+0000] {processor.py:178} INFO - Processing /home/airflow/.local/lib/python3.7/site-packages/airflow/example_dags/example_sla_dag.py took 0.148 seconds
[2023-05-08T20:37:41.308+0000] {processor.py:156} INFO - Started process (PID=200) to work on /home/airflow/.local/lib/python3.7/site-packages/airflow/example_dags/example_sla_dag.py
[2023-05-08T20:37:41.312+0000] {processor.py:799} INFO - Processing file /home/airflow/.local/lib/python3.7/site-packages/airflow/example_dags/example_sla_dag.py for tasks to queue
[2023-05-08T20:37:41.316+0000] {logging_mixin.py:149} INFO - [2023-05-08T20:37:41.316+0000] {dagbag.py:541} INFO - Filling up the DagBag from /home/airflow/.local/lib/python3.7/site-packages/airflow/example_dags/example_sla_dag.py
[2023-05-08T20:37:41.327+0000] {processor.py:809} INFO - DAG(s) dict_keys(['example_sla_dag']) retrieved from /home/airflow/.local/lib/python3.7/site-packages/airflow/example_dags/example_sla_dag.py
[2023-05-08T20:37:41.362+0000] {logging_mixin.py:149} INFO - [2023-05-08T20:37:41.362+0000] {dag.py:2726} INFO - Sync 1 DAGs
[2023-05-08T20:37:41.388+0000] {logging_mixin.py:149} INFO - [2023-05-08T20:37:41.387+0000] {dag.py:3490} INFO - Setting next_dagrun for example_sla_dag to 2023-05-08T20:34:00+00:00, run_after=2023-05-08T20:36:00+00:00
[2023-05-08T20:37:41.411+0000] {processor.py:178} INFO - Processing /home/airflow/.local/lib/python3.7/site-packages/airflow/example_dags/example_sla_dag.py took 0.110 seconds
[2023-05-08T20:38:12.082+0000] {processor.py:156} INFO - Started process (PID=257) to work on /home/airflow/.local/lib/python3.7/site-packages/airflow/example_dags/example_sla_dag.py
[2023-05-08T20:38:12.090+0000] {processor.py:799} INFO - Processing file /home/airflow/.local/lib/python3.7/site-packages/airflow/example_dags/example_sla_dag.py for tasks to queue
[2023-05-08T20:38:12.093+0000] {logging_mixin.py:149} INFO - [2023-05-08T20:38:12.093+0000] {dagbag.py:541} INFO - Filling up the DagBag from /home/airflow/.local/lib/python3.7/site-packages/airflow/example_dags/example_sla_dag.py
[2023-05-08T20:38:12.110+0000] {processor.py:809} INFO - DAG(s) dict_keys(['example_sla_dag']) retrieved from /home/airflow/.local/lib/python3.7/site-packages/airflow/example_dags/example_sla_dag.py
[2023-05-08T20:38:12.143+0000] {logging_mixin.py:149} INFO - [2023-05-08T20:38:12.143+0000] {dag.py:2726} INFO - Sync 1 DAGs
[2023-05-08T20:38:12.171+0000] {logging_mixin.py:149} INFO - [2023-05-08T20:38:12.171+0000] {dag.py:3490} INFO - Setting next_dagrun for example_sla_dag to 2023-05-08T20:36:00+00:00, run_after=2023-05-08T20:38:00+00:00
[2023-05-08T20:38:12.185+0000] {processor.py:178} INFO - Processing /home/airflow/.local/lib/python3.7/site-packages/airflow/example_dags/example_sla_dag.py took 0.111 seconds
[2023-05-08T20:38:42.821+0000] {processor.py:156} INFO - Started process (PID=313) to work on /home/airflow/.local/lib/python3.7/site-packages/airflow/example_dags/example_sla_dag.py
[2023-05-08T20:38:42.824+0000] {processor.py:799} INFO - Processing file /home/airflow/.local/lib/python3.7/site-packages/airflow/example_dags/example_sla_dag.py for tasks to queue
[2023-05-08T20:38:42.825+0000] {logging_mixin.py:149} INFO - [2023-05-08T20:38:42.825+0000] {dagbag.py:541} INFO - Filling up the DagBag from /home/airflow/.local/lib/python3.7/site-packages/airflow/example_dags/example_sla_dag.py
[2023-05-08T20:38:42.839+0000] {processor.py:809} INFO - DAG(s) dict_keys(['example_sla_dag']) retrieved from /home/airflow/.local/lib/python3.7/site-packages/airflow/example_dags/example_sla_dag.py
[2023-05-08T20:38:42.868+0000] {logging_mixin.py:149} INFO - [2023-05-08T20:38:42.868+0000] {dag.py:2726} INFO - Sync 1 DAGs
[2023-05-08T20:38:42.893+0000] {logging_mixin.py:149} INFO - [2023-05-08T20:38:42.892+0000] {dag.py:3490} INFO - Setting next_dagrun for example_sla_dag to 2023-05-08T20:36:00+00:00, run_after=2023-05-08T20:38:00+00:00
[2023-05-08T20:38:42.907+0000] {processor.py:178} INFO - Processing /home/airflow/.local/lib/python3.7/site-packages/airflow/example_dags/example_sla_dag.py took 0.093 seconds
[2023-05-08T20:39:13.402+0000] {processor.py:156} INFO - Started process (PID=369) to work on /home/airflow/.local/lib/python3.7/site-packages/airflow/example_dags/example_sla_dag.py
[2023-05-08T20:39:13.405+0000] {processor.py:799} INFO - Processing file /home/airflow/.local/lib/python3.7/site-packages/airflow/example_dags/example_sla_dag.py for tasks to queue
[2023-05-08T20:39:13.406+0000] {logging_mixin.py:149} INFO - [2023-05-08T20:39:13.406+0000] {dagbag.py:541} INFO - Filling up the DagBag from /home/airflow/.local/lib/python3.7/site-packages/airflow/example_dags/example_sla_dag.py
[2023-05-08T20:39:13.421+0000] {processor.py:809} INFO - DAG(s) dict_keys(['example_sla_dag']) retrieved from /home/airflow/.local/lib/python3.7/site-packages/airflow/example_dags/example_sla_dag.py
[2023-05-08T20:39:13.450+0000] {logging_mixin.py:149} INFO - [2023-05-08T20:39:13.450+0000] {dag.py:2726} INFO - Sync 1 DAGs
[2023-05-08T20:39:13.475+0000] {logging_mixin.py:149} INFO - [2023-05-08T20:39:13.475+0000] {dag.py:3490} INFO - Setting next_dagrun for example_sla_dag to 2023-05-08T20:36:00+00:00, run_after=2023-05-08T20:38:00+00:00
[2023-05-08T20:39:13.489+0000] {processor.py:178} INFO - Processing /home/airflow/.local/lib/python3.7/site-packages/airflow/example_dags/example_sla_dag.py took 0.095 seconds
[2023-05-08T20:39:43.911+0000] {processor.py:156} INFO - Started process (PID=424) to work on /home/airflow/.local/lib/python3.7/site-packages/airflow/example_dags/example_sla_dag.py
[2023-05-08T20:39:43.914+0000] {processor.py:799} INFO - Processing file /home/airflow/.local/lib/python3.7/site-packages/airflow/example_dags/example_sla_dag.py for tasks to queue
[2023-05-08T20:39:43.915+0000] {logging_mixin.py:149} INFO - [2023-05-08T20:39:43.915+0000] {dagbag.py:541} INFO - Filling up the DagBag from /home/airflow/.local/lib/python3.7/site-packages/airflow/example_dags/example_sla_dag.py
[2023-05-08T20:39:43.928+0000] {processor.py:809} INFO - DAG(s) dict_keys(['example_sla_dag']) retrieved from /home/airflow/.local/lib/python3.7/site-packages/airflow/example_dags/example_sla_dag.py
[2023-05-08T20:39:43.961+0000] {logging_mixin.py:149} INFO - [2023-05-08T20:39:43.961+0000] {dag.py:2726} INFO - Sync 1 DAGs
[2023-05-08T20:39:43.991+0000] {logging_mixin.py:149} INFO - [2023-05-08T20:39:43.991+0000] {dag.py:3490} INFO - Setting next_dagrun for example_sla_dag to 2023-05-08T20:36:00+00:00, run_after=2023-05-08T20:38:00+00:00
[2023-05-08T20:39:44.017+0000] {processor.py:178} INFO - Processing /home/airflow/.local/lib/python3.7/site-packages/airflow/example_dags/example_sla_dag.py took 0.113 seconds
[2023-05-08T22:15:44.753+0000] {processor.py:156} INFO - Started process (PID=32) to work on /home/airflow/.local/lib/python3.7/site-packages/airflow/example_dags/example_sla_dag.py
[2023-05-08T22:15:44.759+0000] {processor.py:799} INFO - Processing file /home/airflow/.local/lib/python3.7/site-packages/airflow/example_dags/example_sla_dag.py for tasks to queue
[2023-05-08T22:15:44.760+0000] {logging_mixin.py:149} INFO - [2023-05-08T22:15:44.760+0000] {dagbag.py:541} INFO - Filling up the DagBag from /home/airflow/.local/lib/python3.7/site-packages/airflow/example_dags/example_sla_dag.py
[2023-05-08T22:15:44.794+0000] {processor.py:809} INFO - DAG(s) dict_keys(['example_sla_dag']) retrieved from /home/airflow/.local/lib/python3.7/site-packages/airflow/example_dags/example_sla_dag.py
[2023-05-08T22:15:45.038+0000] {logging_mixin.py:149} INFO - [2023-05-08T22:15:45.038+0000] {dag.py:2726} INFO - Sync 1 DAGs
[2023-05-08T22:15:45.067+0000] {logging_mixin.py:149} INFO - [2023-05-08T22:15:45.066+0000] {dag.py:3490} INFO - Setting next_dagrun for example_sla_dag to 2023-05-08T22:12:00+00:00, run_after=2023-05-08T22:14:00+00:00
[2023-05-08T22:15:45.088+0000] {processor.py:178} INFO - Processing /home/airflow/.local/lib/python3.7/site-packages/airflow/example_dags/example_sla_dag.py took 0.340 seconds
[2023-05-08T22:16:15.238+0000] {processor.py:156} INFO - Started process (PID=88) to work on /home/airflow/.local/lib/python3.7/site-packages/airflow/example_dags/example_sla_dag.py
[2023-05-08T22:16:15.241+0000] {processor.py:799} INFO - Processing file /home/airflow/.local/lib/python3.7/site-packages/airflow/example_dags/example_sla_dag.py for tasks to queue
[2023-05-08T22:16:15.242+0000] {logging_mixin.py:149} INFO - [2023-05-08T22:16:15.242+0000] {dagbag.py:541} INFO - Filling up the DagBag from /home/airflow/.local/lib/python3.7/site-packages/airflow/example_dags/example_sla_dag.py
[2023-05-08T22:16:15.260+0000] {processor.py:809} INFO - DAG(s) dict_keys(['example_sla_dag']) retrieved from /home/airflow/.local/lib/python3.7/site-packages/airflow/example_dags/example_sla_dag.py
[2023-05-08T22:16:15.316+0000] {logging_mixin.py:149} INFO - [2023-05-08T22:16:15.315+0000] {dag.py:2726} INFO - Sync 1 DAGs
[2023-05-08T22:16:15.355+0000] {logging_mixin.py:149} INFO - [2023-05-08T22:16:15.355+0000] {dag.py:3490} INFO - Setting next_dagrun for example_sla_dag to 2023-05-08T22:14:00+00:00, run_after=2023-05-08T22:16:00+00:00
[2023-05-08T22:16:15.372+0000] {processor.py:178} INFO - Processing /home/airflow/.local/lib/python3.7/site-packages/airflow/example_dags/example_sla_dag.py took 0.154 seconds
[2023-05-08T22:16:45.529+0000] {processor.py:156} INFO - Started process (PID=145) to work on /home/airflow/.local/lib/python3.7/site-packages/airflow/example_dags/example_sla_dag.py
[2023-05-08T22:16:45.531+0000] {processor.py:799} INFO - Processing file /home/airflow/.local/lib/python3.7/site-packages/airflow/example_dags/example_sla_dag.py for tasks to queue
[2023-05-08T22:16:45.532+0000] {logging_mixin.py:149} INFO - [2023-05-08T22:16:45.531+0000] {dagbag.py:541} INFO - Filling up the DagBag from /home/airflow/.local/lib/python3.7/site-packages/airflow/example_dags/example_sla_dag.py
[2023-05-08T22:16:45.543+0000] {processor.py:809} INFO - DAG(s) dict_keys(['example_sla_dag']) retrieved from /home/airflow/.local/lib/python3.7/site-packages/airflow/example_dags/example_sla_dag.py
[2023-05-08T22:16:45.585+0000] {logging_mixin.py:149} INFO - [2023-05-08T22:16:45.585+0000] {dag.py:2726} INFO - Sync 1 DAGs
[2023-05-08T22:16:45.617+0000] {logging_mixin.py:149} INFO - [2023-05-08T22:16:45.617+0000] {dag.py:3490} INFO - Setting next_dagrun for example_sla_dag to 2023-05-08T22:14:00+00:00, run_after=2023-05-08T22:16:00+00:00
[2023-05-08T22:16:45.636+0000] {processor.py:178} INFO - Processing /home/airflow/.local/lib/python3.7/site-packages/airflow/example_dags/example_sla_dag.py took 0.112 seconds
[2023-05-08T22:17:16.383+0000] {processor.py:156} INFO - Started process (PID=203) to work on /home/airflow/.local/lib/python3.7/site-packages/airflow/example_dags/example_sla_dag.py
[2023-05-08T22:17:16.384+0000] {processor.py:799} INFO - Processing file /home/airflow/.local/lib/python3.7/site-packages/airflow/example_dags/example_sla_dag.py for tasks to queue
[2023-05-08T22:17:16.385+0000] {logging_mixin.py:149} INFO - [2023-05-08T22:17:16.385+0000] {dagbag.py:541} INFO - Filling up the DagBag from /home/airflow/.local/lib/python3.7/site-packages/airflow/example_dags/example_sla_dag.py
[2023-05-08T22:17:16.399+0000] {processor.py:809} INFO - DAG(s) dict_keys(['example_sla_dag']) retrieved from /home/airflow/.local/lib/python3.7/site-packages/airflow/example_dags/example_sla_dag.py
[2023-05-08T22:17:16.431+0000] {logging_mixin.py:149} INFO - [2023-05-08T22:17:16.431+0000] {dag.py:2726} INFO - Sync 1 DAGs
[2023-05-08T22:17:16.459+0000] {logging_mixin.py:149} INFO - [2023-05-08T22:17:16.459+0000] {dag.py:3490} INFO - Setting next_dagrun for example_sla_dag to 2023-05-08T22:14:00+00:00, run_after=2023-05-08T22:16:00+00:00
[2023-05-08T22:17:16.473+0000] {processor.py:178} INFO - Processing /home/airflow/.local/lib/python3.7/site-packages/airflow/example_dags/example_sla_dag.py took 0.096 seconds
[2023-05-08T22:17:47.375+0000] {processor.py:156} INFO - Started process (PID=260) to work on /home/airflow/.local/lib/python3.7/site-packages/airflow/example_dags/example_sla_dag.py
[2023-05-08T22:17:47.377+0000] {processor.py:799} INFO - Processing file /home/airflow/.local/lib/python3.7/site-packages/airflow/example_dags/example_sla_dag.py for tasks to queue
[2023-05-08T22:17:47.378+0000] {logging_mixin.py:149} INFO - [2023-05-08T22:17:47.378+0000] {dagbag.py:541} INFO - Filling up the DagBag from /home/airflow/.local/lib/python3.7/site-packages/airflow/example_dags/example_sla_dag.py
[2023-05-08T22:17:47.393+0000] {processor.py:809} INFO - DAG(s) dict_keys(['example_sla_dag']) retrieved from /home/airflow/.local/lib/python3.7/site-packages/airflow/example_dags/example_sla_dag.py
[2023-05-08T22:17:47.440+0000] {logging_mixin.py:149} INFO - [2023-05-08T22:17:47.440+0000] {dag.py:2726} INFO - Sync 1 DAGs
[2023-05-08T22:17:47.468+0000] {logging_mixin.py:149} INFO - [2023-05-08T22:17:47.468+0000] {dag.py:3490} INFO - Setting next_dagrun for example_sla_dag to 2023-05-08T22:14:00+00:00, run_after=2023-05-08T22:16:00+00:00
[2023-05-08T22:17:47.482+0000] {processor.py:178} INFO - Processing /home/airflow/.local/lib/python3.7/site-packages/airflow/example_dags/example_sla_dag.py took 0.112 seconds
[2023-05-08T22:18:18.086+0000] {processor.py:156} INFO - Started process (PID=317) to work on /home/airflow/.local/lib/python3.7/site-packages/airflow/example_dags/example_sla_dag.py
[2023-05-08T22:18:18.088+0000] {processor.py:799} INFO - Processing file /home/airflow/.local/lib/python3.7/site-packages/airflow/example_dags/example_sla_dag.py for tasks to queue
[2023-05-08T22:18:18.090+0000] {logging_mixin.py:149} INFO - [2023-05-08T22:18:18.090+0000] {dagbag.py:541} INFO - Filling up the DagBag from /home/airflow/.local/lib/python3.7/site-packages/airflow/example_dags/example_sla_dag.py
[2023-05-08T22:18:18.102+0000] {processor.py:809} INFO - DAG(s) dict_keys(['example_sla_dag']) retrieved from /home/airflow/.local/lib/python3.7/site-packages/airflow/example_dags/example_sla_dag.py
[2023-05-08T22:18:18.134+0000] {logging_mixin.py:149} INFO - [2023-05-08T22:18:18.134+0000] {dag.py:2726} INFO - Sync 1 DAGs
[2023-05-08T22:18:18.161+0000] {logging_mixin.py:149} INFO - [2023-05-08T22:18:18.161+0000] {dag.py:3490} INFO - Setting next_dagrun for example_sla_dag to 2023-05-08T22:16:00+00:00, run_after=2023-05-08T22:18:00+00:00
[2023-05-08T22:18:18.175+0000] {processor.py:178} INFO - Processing /home/airflow/.local/lib/python3.7/site-packages/airflow/example_dags/example_sla_dag.py took 0.095 seconds
[2023-05-08T22:18:49.158+0000] {processor.py:156} INFO - Started process (PID=374) to work on /home/airflow/.local/lib/python3.7/site-packages/airflow/example_dags/example_sla_dag.py
[2023-05-08T22:18:49.159+0000] {processor.py:799} INFO - Processing file /home/airflow/.local/lib/python3.7/site-packages/airflow/example_dags/example_sla_dag.py for tasks to queue
[2023-05-08T22:18:49.161+0000] {logging_mixin.py:149} INFO - [2023-05-08T22:18:49.161+0000] {dagbag.py:541} INFO - Filling up the DagBag from /home/airflow/.local/lib/python3.7/site-packages/airflow/example_dags/example_sla_dag.py
[2023-05-08T22:18:49.173+0000] {processor.py:809} INFO - DAG(s) dict_keys(['example_sla_dag']) retrieved from /home/airflow/.local/lib/python3.7/site-packages/airflow/example_dags/example_sla_dag.py
[2023-05-08T22:18:49.202+0000] {logging_mixin.py:149} INFO - [2023-05-08T22:18:49.201+0000] {dag.py:2726} INFO - Sync 1 DAGs
[2023-05-08T22:18:49.226+0000] {logging_mixin.py:149} INFO - [2023-05-08T22:18:49.226+0000] {dag.py:3490} INFO - Setting next_dagrun for example_sla_dag to 2023-05-08T22:16:00+00:00, run_after=2023-05-08T22:18:00+00:00
[2023-05-08T22:18:49.241+0000] {processor.py:178} INFO - Processing /home/airflow/.local/lib/python3.7/site-packages/airflow/example_dags/example_sla_dag.py took 0.088 seconds
[2023-05-08T22:19:20.140+0000] {processor.py:156} INFO - Started process (PID=431) to work on /home/airflow/.local/lib/python3.7/site-packages/airflow/example_dags/example_sla_dag.py
[2023-05-08T22:19:20.142+0000] {processor.py:799} INFO - Processing file /home/airflow/.local/lib/python3.7/site-packages/airflow/example_dags/example_sla_dag.py for tasks to queue
[2023-05-08T22:19:20.142+0000] {logging_mixin.py:149} INFO - [2023-05-08T22:19:20.142+0000] {dagbag.py:541} INFO - Filling up the DagBag from /home/airflow/.local/lib/python3.7/site-packages/airflow/example_dags/example_sla_dag.py
[2023-05-08T22:19:20.155+0000] {processor.py:809} INFO - DAG(s) dict_keys(['example_sla_dag']) retrieved from /home/airflow/.local/lib/python3.7/site-packages/airflow/example_dags/example_sla_dag.py
[2023-05-08T22:19:20.185+0000] {logging_mixin.py:149} INFO - [2023-05-08T22:19:20.185+0000] {dag.py:2726} INFO - Sync 1 DAGs
[2023-05-08T22:19:20.219+0000] {logging_mixin.py:149} INFO - [2023-05-08T22:19:20.219+0000] {dag.py:3490} INFO - Setting next_dagrun for example_sla_dag to 2023-05-08T22:16:00+00:00, run_after=2023-05-08T22:18:00+00:00
[2023-05-08T22:19:20.232+0000] {processor.py:178} INFO - Processing /home/airflow/.local/lib/python3.7/site-packages/airflow/example_dags/example_sla_dag.py took 0.097 seconds
[2023-05-08T22:19:50.834+0000] {processor.py:156} INFO - Started process (PID=488) to work on /home/airflow/.local/lib/python3.7/site-packages/airflow/example_dags/example_sla_dag.py
[2023-05-08T22:19:50.835+0000] {processor.py:799} INFO - Processing file /home/airflow/.local/lib/python3.7/site-packages/airflow/example_dags/example_sla_dag.py for tasks to queue
[2023-05-08T22:19:50.837+0000] {logging_mixin.py:149} INFO - [2023-05-08T22:19:50.837+0000] {dagbag.py:541} INFO - Filling up the DagBag from /home/airflow/.local/lib/python3.7/site-packages/airflow/example_dags/example_sla_dag.py
[2023-05-08T22:19:50.848+0000] {processor.py:809} INFO - DAG(s) dict_keys(['example_sla_dag']) retrieved from /home/airflow/.local/lib/python3.7/site-packages/airflow/example_dags/example_sla_dag.py
[2023-05-08T22:19:50.881+0000] {logging_mixin.py:149} INFO - [2023-05-08T22:19:50.880+0000] {dag.py:2726} INFO - Sync 1 DAGs
[2023-05-08T22:19:50.910+0000] {logging_mixin.py:149} INFO - [2023-05-08T22:19:50.910+0000] {dag.py:3490} INFO - Setting next_dagrun for example_sla_dag to 2023-05-08T22:16:00+00:00, run_after=2023-05-08T22:18:00+00:00
[2023-05-08T22:19:50.924+0000] {processor.py:178} INFO - Processing /home/airflow/.local/lib/python3.7/site-packages/airflow/example_dags/example_sla_dag.py took 0.094 seconds
[2023-05-08T22:20:21.594+0000] {processor.py:156} INFO - Started process (PID=546) to work on /home/airflow/.local/lib/python3.7/site-packages/airflow/example_dags/example_sla_dag.py
[2023-05-08T22:20:21.597+0000] {processor.py:799} INFO - Processing file /home/airflow/.local/lib/python3.7/site-packages/airflow/example_dags/example_sla_dag.py for tasks to queue
[2023-05-08T22:20:21.599+0000] {logging_mixin.py:149} INFO - [2023-05-08T22:20:21.598+0000] {dagbag.py:541} INFO - Filling up the DagBag from /home/airflow/.local/lib/python3.7/site-packages/airflow/example_dags/example_sla_dag.py
[2023-05-08T22:20:21.611+0000] {processor.py:809} INFO - DAG(s) dict_keys(['example_sla_dag']) retrieved from /home/airflow/.local/lib/python3.7/site-packages/airflow/example_dags/example_sla_dag.py
[2023-05-08T22:20:21.640+0000] {logging_mixin.py:149} INFO - [2023-05-08T22:20:21.640+0000] {dag.py:2726} INFO - Sync 1 DAGs
[2023-05-08T22:20:21.664+0000] {logging_mixin.py:149} INFO - [2023-05-08T22:20:21.664+0000] {dag.py:3490} INFO - Setting next_dagrun for example_sla_dag to 2023-05-08T22:18:00+00:00, run_after=2023-05-08T22:20:00+00:00
[2023-05-08T22:20:21.678+0000] {processor.py:178} INFO - Processing /home/airflow/.local/lib/python3.7/site-packages/airflow/example_dags/example_sla_dag.py took 0.091 seconds
[2023-05-08T22:20:52.392+0000] {processor.py:156} INFO - Started process (PID=603) to work on /home/airflow/.local/lib/python3.7/site-packages/airflow/example_dags/example_sla_dag.py
[2023-05-08T22:20:52.393+0000] {processor.py:799} INFO - Processing file /home/airflow/.local/lib/python3.7/site-packages/airflow/example_dags/example_sla_dag.py for tasks to queue
[2023-05-08T22:20:52.393+0000] {logging_mixin.py:149} INFO - [2023-05-08T22:20:52.393+0000] {dagbag.py:541} INFO - Filling up the DagBag from /home/airflow/.local/lib/python3.7/site-packages/airflow/example_dags/example_sla_dag.py
[2023-05-08T22:20:52.401+0000] {processor.py:809} INFO - DAG(s) dict_keys(['example_sla_dag']) retrieved from /home/airflow/.local/lib/python3.7/site-packages/airflow/example_dags/example_sla_dag.py
[2023-05-08T22:20:52.451+0000] {logging_mixin.py:149} INFO - [2023-05-08T22:20:52.451+0000] {dag.py:2726} INFO - Sync 1 DAGs
[2023-05-08T22:20:52.476+0000] {logging_mixin.py:149} INFO - [2023-05-08T22:20:52.476+0000] {dag.py:3490} INFO - Setting next_dagrun for example_sla_dag to 2023-05-08T22:18:00+00:00, run_after=2023-05-08T22:20:00+00:00
[2023-05-08T22:20:52.490+0000] {processor.py:178} INFO - Processing /home/airflow/.local/lib/python3.7/site-packages/airflow/example_dags/example_sla_dag.py took 0.100 seconds
[2023-05-08T22:21:23.272+0000] {processor.py:156} INFO - Started process (PID=660) to work on /home/airflow/.local/lib/python3.7/site-packages/airflow/example_dags/example_sla_dag.py
[2023-05-08T22:21:23.275+0000] {processor.py:799} INFO - Processing file /home/airflow/.local/lib/python3.7/site-packages/airflow/example_dags/example_sla_dag.py for tasks to queue
[2023-05-08T22:21:23.276+0000] {logging_mixin.py:149} INFO - [2023-05-08T22:21:23.276+0000] {dagbag.py:541} INFO - Filling up the DagBag from /home/airflow/.local/lib/python3.7/site-packages/airflow/example_dags/example_sla_dag.py
[2023-05-08T22:21:23.289+0000] {processor.py:809} INFO - DAG(s) dict_keys(['example_sla_dag']) retrieved from /home/airflow/.local/lib/python3.7/site-packages/airflow/example_dags/example_sla_dag.py
[2023-05-08T22:21:23.319+0000] {logging_mixin.py:149} INFO - [2023-05-08T22:21:23.319+0000] {dag.py:2726} INFO - Sync 1 DAGs
[2023-05-08T22:21:23.345+0000] {logging_mixin.py:149} INFO - [2023-05-08T22:21:23.345+0000] {dag.py:3490} INFO - Setting next_dagrun for example_sla_dag to 2023-05-08T22:18:00+00:00, run_after=2023-05-08T22:20:00+00:00
[2023-05-08T22:21:23.361+0000] {processor.py:178} INFO - Processing /home/airflow/.local/lib/python3.7/site-packages/airflow/example_dags/example_sla_dag.py took 0.099 seconds
[2023-05-08T22:22:06.308+0000] {processor.py:156} INFO - Started process (PID=33) to work on /home/airflow/.local/lib/python3.7/site-packages/airflow/example_dags/example_sla_dag.py
[2023-05-08T22:22:06.326+0000] {processor.py:799} INFO - Processing file /home/airflow/.local/lib/python3.7/site-packages/airflow/example_dags/example_sla_dag.py for tasks to queue
[2023-05-08T22:22:06.328+0000] {logging_mixin.py:149} INFO - [2023-05-08T22:22:06.328+0000] {dagbag.py:541} INFO - Filling up the DagBag from /home/airflow/.local/lib/python3.7/site-packages/airflow/example_dags/example_sla_dag.py
[2023-05-08T22:22:06.381+0000] {processor.py:809} INFO - DAG(s) dict_keys(['example_sla_dag']) retrieved from /home/airflow/.local/lib/python3.7/site-packages/airflow/example_dags/example_sla_dag.py
[2023-05-08T22:22:06.625+0000] {logging_mixin.py:149} INFO - [2023-05-08T22:22:06.625+0000] {dag.py:2726} INFO - Sync 1 DAGs
[2023-05-08T22:22:06.649+0000] {logging_mixin.py:149} INFO - [2023-05-08T22:22:06.649+0000] {dag.py:3490} INFO - Setting next_dagrun for example_sla_dag to 2023-05-08T22:20:00+00:00, run_after=2023-05-08T22:22:00+00:00
[2023-05-08T22:22:06.664+0000] {processor.py:178} INFO - Processing /home/airflow/.local/lib/python3.7/site-packages/airflow/example_dags/example_sla_dag.py took 0.367 seconds
[2023-05-08T22:22:36.882+0000] {processor.py:156} INFO - Started process (PID=90) to work on /home/airflow/.local/lib/python3.7/site-packages/airflow/example_dags/example_sla_dag.py
[2023-05-08T22:22:36.886+0000] {processor.py:799} INFO - Processing file /home/airflow/.local/lib/python3.7/site-packages/airflow/example_dags/example_sla_dag.py for tasks to queue
[2023-05-08T22:22:36.888+0000] {logging_mixin.py:149} INFO - [2023-05-08T22:22:36.888+0000] {dagbag.py:541} INFO - Filling up the DagBag from /home/airflow/.local/lib/python3.7/site-packages/airflow/example_dags/example_sla_dag.py
[2023-05-08T22:22:36.905+0000] {processor.py:809} INFO - DAG(s) dict_keys(['example_sla_dag']) retrieved from /home/airflow/.local/lib/python3.7/site-packages/airflow/example_dags/example_sla_dag.py
[2023-05-08T22:22:36.958+0000] {logging_mixin.py:149} INFO - [2023-05-08T22:22:36.957+0000] {dag.py:2726} INFO - Sync 1 DAGs
[2023-05-08T22:22:36.997+0000] {logging_mixin.py:149} INFO - [2023-05-08T22:22:36.997+0000] {dag.py:3490} INFO - Setting next_dagrun for example_sla_dag to 2023-05-08T22:20:00+00:00, run_after=2023-05-08T22:22:00+00:00
[2023-05-08T22:22:37.015+0000] {processor.py:178} INFO - Processing /home/airflow/.local/lib/python3.7/site-packages/airflow/example_dags/example_sla_dag.py took 0.139 seconds
[2023-05-08T22:23:07.111+0000] {processor.py:156} INFO - Started process (PID=147) to work on /home/airflow/.local/lib/python3.7/site-packages/airflow/example_dags/example_sla_dag.py
[2023-05-08T22:23:07.113+0000] {processor.py:799} INFO - Processing file /home/airflow/.local/lib/python3.7/site-packages/airflow/example_dags/example_sla_dag.py for tasks to queue
[2023-05-08T22:23:07.114+0000] {logging_mixin.py:149} INFO - [2023-05-08T22:23:07.114+0000] {dagbag.py:541} INFO - Filling up the DagBag from /home/airflow/.local/lib/python3.7/site-packages/airflow/example_dags/example_sla_dag.py
[2023-05-08T22:23:07.125+0000] {processor.py:809} INFO - DAG(s) dict_keys(['example_sla_dag']) retrieved from /home/airflow/.local/lib/python3.7/site-packages/airflow/example_dags/example_sla_dag.py
[2023-05-08T22:23:07.153+0000] {logging_mixin.py:149} INFO - [2023-05-08T22:23:07.153+0000] {dag.py:2726} INFO - Sync 1 DAGs
[2023-05-08T22:23:07.184+0000] {logging_mixin.py:149} INFO - [2023-05-08T22:23:07.184+0000] {dag.py:3490} INFO - Setting next_dagrun for example_sla_dag to 2023-05-08T22:20:00+00:00, run_after=2023-05-08T22:22:00+00:00
[2023-05-08T22:23:07.198+0000] {processor.py:178} INFO - Processing /home/airflow/.local/lib/python3.7/site-packages/airflow/example_dags/example_sla_dag.py took 0.091 seconds
[2023-05-08T22:23:38.087+0000] {processor.py:156} INFO - Started process (PID=204) to work on /home/airflow/.local/lib/python3.7/site-packages/airflow/example_dags/example_sla_dag.py
[2023-05-08T22:23:38.089+0000] {processor.py:799} INFO - Processing file /home/airflow/.local/lib/python3.7/site-packages/airflow/example_dags/example_sla_dag.py for tasks to queue
[2023-05-08T22:23:38.090+0000] {logging_mixin.py:149} INFO - [2023-05-08T22:23:38.090+0000] {dagbag.py:541} INFO - Filling up the DagBag from /home/airflow/.local/lib/python3.7/site-packages/airflow/example_dags/example_sla_dag.py
[2023-05-08T22:23:38.128+0000] {processor.py:809} INFO - DAG(s) dict_keys(['example_sla_dag']) retrieved from /home/airflow/.local/lib/python3.7/site-packages/airflow/example_dags/example_sla_dag.py
[2023-05-08T22:23:38.174+0000] {logging_mixin.py:149} INFO - [2023-05-08T22:23:38.174+0000] {dag.py:2726} INFO - Sync 1 DAGs
[2023-05-08T22:23:38.204+0000] {logging_mixin.py:149} INFO - [2023-05-08T22:23:38.204+0000] {dag.py:3490} INFO - Setting next_dagrun for example_sla_dag to 2023-05-08T22:20:00+00:00, run_after=2023-05-08T22:22:00+00:00
[2023-05-08T22:23:38.219+0000] {processor.py:178} INFO - Processing /home/airflow/.local/lib/python3.7/site-packages/airflow/example_dags/example_sla_dag.py took 0.135 seconds
[2023-05-08T22:24:08.870+0000] {processor.py:156} INFO - Started process (PID=261) to work on /home/airflow/.local/lib/python3.7/site-packages/airflow/example_dags/example_sla_dag.py
[2023-05-08T22:24:08.872+0000] {processor.py:799} INFO - Processing file /home/airflow/.local/lib/python3.7/site-packages/airflow/example_dags/example_sla_dag.py for tasks to queue
[2023-05-08T22:24:08.873+0000] {logging_mixin.py:149} INFO - [2023-05-08T22:24:08.873+0000] {dagbag.py:541} INFO - Filling up the DagBag from /home/airflow/.local/lib/python3.7/site-packages/airflow/example_dags/example_sla_dag.py
[2023-05-08T22:24:08.885+0000] {processor.py:809} INFO - DAG(s) dict_keys(['example_sla_dag']) retrieved from /home/airflow/.local/lib/python3.7/site-packages/airflow/example_dags/example_sla_dag.py
[2023-05-08T22:24:08.927+0000] {logging_mixin.py:149} INFO - [2023-05-08T22:24:08.927+0000] {dag.py:2726} INFO - Sync 1 DAGs
[2023-05-08T22:24:08.953+0000] {logging_mixin.py:149} INFO - [2023-05-08T22:24:08.953+0000] {dag.py:3490} INFO - Setting next_dagrun for example_sla_dag to 2023-05-08T22:22:00+00:00, run_after=2023-05-08T22:24:00+00:00
[2023-05-08T22:24:08.971+0000] {processor.py:178} INFO - Processing /home/airflow/.local/lib/python3.7/site-packages/airflow/example_dags/example_sla_dag.py took 0.104 seconds
[2023-05-08T22:24:39.651+0000] {processor.py:156} INFO - Started process (PID=318) to work on /home/airflow/.local/lib/python3.7/site-packages/airflow/example_dags/example_sla_dag.py
[2023-05-08T22:24:39.652+0000] {processor.py:799} INFO - Processing file /home/airflow/.local/lib/python3.7/site-packages/airflow/example_dags/example_sla_dag.py for tasks to queue
[2023-05-08T22:24:39.653+0000] {logging_mixin.py:149} INFO - [2023-05-08T22:24:39.653+0000] {dagbag.py:541} INFO - Filling up the DagBag from /home/airflow/.local/lib/python3.7/site-packages/airflow/example_dags/example_sla_dag.py
[2023-05-08T22:24:39.666+0000] {processor.py:809} INFO - DAG(s) dict_keys(['example_sla_dag']) retrieved from /home/airflow/.local/lib/python3.7/site-packages/airflow/example_dags/example_sla_dag.py
[2023-05-08T22:24:39.696+0000] {logging_mixin.py:149} INFO - [2023-05-08T22:24:39.696+0000] {dag.py:2726} INFO - Sync 1 DAGs
[2023-05-08T22:24:39.720+0000] {logging_mixin.py:149} INFO - [2023-05-08T22:24:39.720+0000] {dag.py:3490} INFO - Setting next_dagrun for example_sla_dag to 2023-05-08T22:22:00+00:00, run_after=2023-05-08T22:24:00+00:00
[2023-05-08T22:24:39.734+0000] {processor.py:178} INFO - Processing /home/airflow/.local/lib/python3.7/site-packages/airflow/example_dags/example_sla_dag.py took 0.089 seconds
[2023-05-08T22:25:10.367+0000] {processor.py:156} INFO - Started process (PID=375) to work on /home/airflow/.local/lib/python3.7/site-packages/airflow/example_dags/example_sla_dag.py
[2023-05-08T22:25:10.368+0000] {processor.py:799} INFO - Processing file /home/airflow/.local/lib/python3.7/site-packages/airflow/example_dags/example_sla_dag.py for tasks to queue
[2023-05-08T22:25:10.369+0000] {logging_mixin.py:149} INFO - [2023-05-08T22:25:10.369+0000] {dagbag.py:541} INFO - Filling up the DagBag from /home/airflow/.local/lib/python3.7/site-packages/airflow/example_dags/example_sla_dag.py
[2023-05-08T22:25:10.379+0000] {processor.py:809} INFO - DAG(s) dict_keys(['example_sla_dag']) retrieved from /home/airflow/.local/lib/python3.7/site-packages/airflow/example_dags/example_sla_dag.py
[2023-05-08T22:25:10.414+0000] {logging_mixin.py:149} INFO - [2023-05-08T22:25:10.414+0000] {dag.py:2726} INFO - Sync 1 DAGs
[2023-05-08T22:25:10.440+0000] {logging_mixin.py:149} INFO - [2023-05-08T22:25:10.440+0000] {dag.py:3490} INFO - Setting next_dagrun for example_sla_dag to 2023-05-08T22:22:00+00:00, run_after=2023-05-08T22:24:00+00:00
[2023-05-08T22:25:10.454+0000] {processor.py:178} INFO - Processing /home/airflow/.local/lib/python3.7/site-packages/airflow/example_dags/example_sla_dag.py took 0.091 seconds
[2023-05-08T22:25:57.623+0000] {processor.py:156} INFO - Started process (PID=33) to work on /home/airflow/.local/lib/python3.7/site-packages/airflow/example_dags/example_sla_dag.py
[2023-05-08T22:25:57.625+0000] {processor.py:799} INFO - Processing file /home/airflow/.local/lib/python3.7/site-packages/airflow/example_dags/example_sla_dag.py for tasks to queue
[2023-05-08T22:25:57.626+0000] {logging_mixin.py:149} INFO - [2023-05-08T22:25:57.626+0000] {dagbag.py:541} INFO - Filling up the DagBag from /home/airflow/.local/lib/python3.7/site-packages/airflow/example_dags/example_sla_dag.py
[2023-05-08T22:25:57.735+0000] {processor.py:809} INFO - DAG(s) dict_keys(['example_sla_dag']) retrieved from /home/airflow/.local/lib/python3.7/site-packages/airflow/example_dags/example_sla_dag.py
[2023-05-08T22:25:58.039+0000] {logging_mixin.py:149} INFO - [2023-05-08T22:25:58.038+0000] {dag.py:2726} INFO - Sync 1 DAGs
[2023-05-08T22:25:58.069+0000] {logging_mixin.py:149} INFO - [2023-05-08T22:25:58.069+0000] {dag.py:3490} INFO - Setting next_dagrun for example_sla_dag to 2023-05-08T22:22:00+00:00, run_after=2023-05-08T22:24:00+00:00
[2023-05-08T22:25:58.089+0000] {processor.py:178} INFO - Processing /home/airflow/.local/lib/python3.7/site-packages/airflow/example_dags/example_sla_dag.py took 0.472 seconds
[2023-05-08T22:26:28.351+0000] {processor.py:156} INFO - Started process (PID=90) to work on /home/airflow/.local/lib/python3.7/site-packages/airflow/example_dags/example_sla_dag.py
[2023-05-08T22:26:28.353+0000] {processor.py:799} INFO - Processing file /home/airflow/.local/lib/python3.7/site-packages/airflow/example_dags/example_sla_dag.py for tasks to queue
[2023-05-08T22:26:28.354+0000] {logging_mixin.py:149} INFO - [2023-05-08T22:26:28.354+0000] {dagbag.py:541} INFO - Filling up the DagBag from /home/airflow/.local/lib/python3.7/site-packages/airflow/example_dags/example_sla_dag.py
[2023-05-08T22:26:28.373+0000] {processor.py:809} INFO - DAG(s) dict_keys(['example_sla_dag']) retrieved from /home/airflow/.local/lib/python3.7/site-packages/airflow/example_dags/example_sla_dag.py
[2023-05-08T22:26:28.415+0000] {logging_mixin.py:149} INFO - [2023-05-08T22:26:28.415+0000] {dag.py:2726} INFO - Sync 1 DAGs
[2023-05-08T22:26:28.446+0000] {logging_mixin.py:149} INFO - [2023-05-08T22:26:28.446+0000] {dag.py:3490} INFO - Setting next_dagrun for example_sla_dag to 2023-05-08T22:24:00+00:00, run_after=2023-05-08T22:26:00+00:00
[2023-05-08T22:26:28.467+0000] {processor.py:178} INFO - Processing /home/airflow/.local/lib/python3.7/site-packages/airflow/example_dags/example_sla_dag.py took 0.124 seconds
[2023-05-08T22:26:59.257+0000] {processor.py:156} INFO - Started process (PID=147) to work on /home/airflow/.local/lib/python3.7/site-packages/airflow/example_dags/example_sla_dag.py
[2023-05-08T22:26:59.259+0000] {processor.py:799} INFO - Processing file /home/airflow/.local/lib/python3.7/site-packages/airflow/example_dags/example_sla_dag.py for tasks to queue
[2023-05-08T22:26:59.261+0000] {logging_mixin.py:149} INFO - [2023-05-08T22:26:59.261+0000] {dagbag.py:541} INFO - Filling up the DagBag from /home/airflow/.local/lib/python3.7/site-packages/airflow/example_dags/example_sla_dag.py
[2023-05-08T22:26:59.274+0000] {processor.py:809} INFO - DAG(s) dict_keys(['example_sla_dag']) retrieved from /home/airflow/.local/lib/python3.7/site-packages/airflow/example_dags/example_sla_dag.py
[2023-05-08T22:26:59.367+0000] {logging_mixin.py:149} INFO - [2023-05-08T22:26:59.367+0000] {dag.py:2726} INFO - Sync 1 DAGs
[2023-05-08T22:26:59.409+0000] {logging_mixin.py:149} INFO - [2023-05-08T22:26:59.409+0000] {dag.py:3490} INFO - Setting next_dagrun for example_sla_dag to 2023-05-08T22:24:00+00:00, run_after=2023-05-08T22:26:00+00:00
[2023-05-08T22:26:59.426+0000] {processor.py:178} INFO - Processing /home/airflow/.local/lib/python3.7/site-packages/airflow/example_dags/example_sla_dag.py took 0.174 seconds
[2023-05-08T22:27:30.202+0000] {processor.py:156} INFO - Started process (PID=204) to work on /home/airflow/.local/lib/python3.7/site-packages/airflow/example_dags/example_sla_dag.py
[2023-05-08T22:27:30.203+0000] {processor.py:799} INFO - Processing file /home/airflow/.local/lib/python3.7/site-packages/airflow/example_dags/example_sla_dag.py for tasks to queue
[2023-05-08T22:27:30.204+0000] {logging_mixin.py:149} INFO - [2023-05-08T22:27:30.204+0000] {dagbag.py:541} INFO - Filling up the DagBag from /home/airflow/.local/lib/python3.7/site-packages/airflow/example_dags/example_sla_dag.py
[2023-05-08T22:27:30.216+0000] {processor.py:809} INFO - DAG(s) dict_keys(['example_sla_dag']) retrieved from /home/airflow/.local/lib/python3.7/site-packages/airflow/example_dags/example_sla_dag.py
[2023-05-08T22:27:30.261+0000] {logging_mixin.py:149} INFO - [2023-05-08T22:27:30.261+0000] {dag.py:2726} INFO - Sync 1 DAGs
[2023-05-08T22:27:30.296+0000] {logging_mixin.py:149} INFO - [2023-05-08T22:27:30.296+0000] {dag.py:3490} INFO - Setting next_dagrun for example_sla_dag to 2023-05-08T22:24:00+00:00, run_after=2023-05-08T22:26:00+00:00
[2023-05-08T22:27:30.313+0000] {processor.py:178} INFO - Processing /home/airflow/.local/lib/python3.7/site-packages/airflow/example_dags/example_sla_dag.py took 0.116 seconds
[2023-05-08T22:28:00.776+0000] {processor.py:156} INFO - Started process (PID=261) to work on /home/airflow/.local/lib/python3.7/site-packages/airflow/example_dags/example_sla_dag.py
[2023-05-08T22:28:00.777+0000] {processor.py:799} INFO - Processing file /home/airflow/.local/lib/python3.7/site-packages/airflow/example_dags/example_sla_dag.py for tasks to queue
[2023-05-08T22:28:00.778+0000] {logging_mixin.py:149} INFO - [2023-05-08T22:28:00.778+0000] {dagbag.py:541} INFO - Filling up the DagBag from /home/airflow/.local/lib/python3.7/site-packages/airflow/example_dags/example_sla_dag.py
[2023-05-08T22:28:00.790+0000] {processor.py:809} INFO - DAG(s) dict_keys(['example_sla_dag']) retrieved from /home/airflow/.local/lib/python3.7/site-packages/airflow/example_dags/example_sla_dag.py
[2023-05-08T22:28:00.826+0000] {logging_mixin.py:149} INFO - [2023-05-08T22:28:00.826+0000] {dag.py:2726} INFO - Sync 1 DAGs
[2023-05-08T22:28:00.850+0000] {logging_mixin.py:149} INFO - [2023-05-08T22:28:00.850+0000] {dag.py:3490} INFO - Setting next_dagrun for example_sla_dag to 2023-05-08T22:26:00+00:00, run_after=2023-05-08T22:28:00+00:00
[2023-05-08T22:28:00.867+0000] {processor.py:178} INFO - Processing /home/airflow/.local/lib/python3.7/site-packages/airflow/example_dags/example_sla_dag.py took 0.095 seconds
[2023-05-08T22:28:31.432+0000] {processor.py:156} INFO - Started process (PID=318) to work on /home/airflow/.local/lib/python3.7/site-packages/airflow/example_dags/example_sla_dag.py
[2023-05-08T22:28:31.433+0000] {processor.py:799} INFO - Processing file /home/airflow/.local/lib/python3.7/site-packages/airflow/example_dags/example_sla_dag.py for tasks to queue
[2023-05-08T22:28:31.434+0000] {logging_mixin.py:149} INFO - [2023-05-08T22:28:31.434+0000] {dagbag.py:541} INFO - Filling up the DagBag from /home/airflow/.local/lib/python3.7/site-packages/airflow/example_dags/example_sla_dag.py
[2023-05-08T22:28:31.446+0000] {processor.py:809} INFO - DAG(s) dict_keys(['example_sla_dag']) retrieved from /home/airflow/.local/lib/python3.7/site-packages/airflow/example_dags/example_sla_dag.py
[2023-05-08T22:28:31.482+0000] {logging_mixin.py:149} INFO - [2023-05-08T22:28:31.482+0000] {dag.py:2726} INFO - Sync 1 DAGs
[2023-05-08T22:28:31.506+0000] {logging_mixin.py:149} INFO - [2023-05-08T22:28:31.506+0000] {dag.py:3490} INFO - Setting next_dagrun for example_sla_dag to 2023-05-08T22:26:00+00:00, run_after=2023-05-08T22:28:00+00:00
[2023-05-08T22:28:31.521+0000] {processor.py:178} INFO - Processing /home/airflow/.local/lib/python3.7/site-packages/airflow/example_dags/example_sla_dag.py took 0.093 seconds
[2023-05-08T22:29:02.283+0000] {processor.py:156} INFO - Started process (PID=375) to work on /home/airflow/.local/lib/python3.7/site-packages/airflow/example_dags/example_sla_dag.py
[2023-05-08T22:29:02.289+0000] {processor.py:799} INFO - Processing file /home/airflow/.local/lib/python3.7/site-packages/airflow/example_dags/example_sla_dag.py for tasks to queue
[2023-05-08T22:29:02.290+0000] {logging_mixin.py:149} INFO - [2023-05-08T22:29:02.290+0000] {dagbag.py:541} INFO - Filling up the DagBag from /home/airflow/.local/lib/python3.7/site-packages/airflow/example_dags/example_sla_dag.py
[2023-05-08T22:29:02.303+0000] {processor.py:809} INFO - DAG(s) dict_keys(['example_sla_dag']) retrieved from /home/airflow/.local/lib/python3.7/site-packages/airflow/example_dags/example_sla_dag.py
[2023-05-08T22:29:02.343+0000] {logging_mixin.py:149} INFO - [2023-05-08T22:29:02.343+0000] {dag.py:2726} INFO - Sync 1 DAGs
[2023-05-08T22:29:02.368+0000] {logging_mixin.py:149} INFO - [2023-05-08T22:29:02.368+0000] {dag.py:3490} INFO - Setting next_dagrun for example_sla_dag to 2023-05-08T22:26:00+00:00, run_after=2023-05-08T22:28:00+00:00
[2023-05-08T22:29:02.385+0000] {processor.py:178} INFO - Processing /home/airflow/.local/lib/python3.7/site-packages/airflow/example_dags/example_sla_dag.py took 0.107 seconds
[2023-05-08T22:29:32.771+0000] {processor.py:156} INFO - Started process (PID=432) to work on /home/airflow/.local/lib/python3.7/site-packages/airflow/example_dags/example_sla_dag.py
[2023-05-08T22:29:32.773+0000] {processor.py:799} INFO - Processing file /home/airflow/.local/lib/python3.7/site-packages/airflow/example_dags/example_sla_dag.py for tasks to queue
[2023-05-08T22:29:32.774+0000] {logging_mixin.py:149} INFO - [2023-05-08T22:29:32.774+0000] {dagbag.py:541} INFO - Filling up the DagBag from /home/airflow/.local/lib/python3.7/site-packages/airflow/example_dags/example_sla_dag.py
[2023-05-08T22:29:32.793+0000] {processor.py:809} INFO - DAG(s) dict_keys(['example_sla_dag']) retrieved from /home/airflow/.local/lib/python3.7/site-packages/airflow/example_dags/example_sla_dag.py
[2023-05-08T22:29:32.822+0000] {logging_mixin.py:149} INFO - [2023-05-08T22:29:32.822+0000] {dag.py:2726} INFO - Sync 1 DAGs
[2023-05-08T22:29:32.846+0000] {logging_mixin.py:149} INFO - [2023-05-08T22:29:32.846+0000] {dag.py:3490} INFO - Setting next_dagrun for example_sla_dag to 2023-05-08T22:26:00+00:00, run_after=2023-05-08T22:28:00+00:00
[2023-05-08T22:29:32.859+0000] {processor.py:178} INFO - Processing /home/airflow/.local/lib/python3.7/site-packages/airflow/example_dags/example_sla_dag.py took 0.091 seconds
[2023-05-08T22:30:03.540+0000] {processor.py:156} INFO - Started process (PID=489) to work on /home/airflow/.local/lib/python3.7/site-packages/airflow/example_dags/example_sla_dag.py
[2023-05-08T22:30:03.541+0000] {processor.py:799} INFO - Processing file /home/airflow/.local/lib/python3.7/site-packages/airflow/example_dags/example_sla_dag.py for tasks to queue
[2023-05-08T22:30:03.542+0000] {logging_mixin.py:149} INFO - [2023-05-08T22:30:03.542+0000] {dagbag.py:541} INFO - Filling up the DagBag from /home/airflow/.local/lib/python3.7/site-packages/airflow/example_dags/example_sla_dag.py
[2023-05-08T22:30:03.553+0000] {processor.py:809} INFO - DAG(s) dict_keys(['example_sla_dag']) retrieved from /home/airflow/.local/lib/python3.7/site-packages/airflow/example_dags/example_sla_dag.py
[2023-05-08T22:30:03.583+0000] {logging_mixin.py:149} INFO - [2023-05-08T22:30:03.582+0000] {dag.py:2726} INFO - Sync 1 DAGs
[2023-05-08T22:30:03.616+0000] {logging_mixin.py:149} INFO - [2023-05-08T22:30:03.615+0000] {dag.py:3490} INFO - Setting next_dagrun for example_sla_dag to 2023-05-08T22:28:00+00:00, run_after=2023-05-08T22:30:00+00:00
[2023-05-08T22:30:03.630+0000] {processor.py:178} INFO - Processing /home/airflow/.local/lib/python3.7/site-packages/airflow/example_dags/example_sla_dag.py took 0.096 seconds
[2023-05-08T22:30:34.279+0000] {processor.py:156} INFO - Started process (PID=546) to work on /home/airflow/.local/lib/python3.7/site-packages/airflow/example_dags/example_sla_dag.py
[2023-05-08T22:30:34.280+0000] {processor.py:799} INFO - Processing file /home/airflow/.local/lib/python3.7/site-packages/airflow/example_dags/example_sla_dag.py for tasks to queue
[2023-05-08T22:30:34.281+0000] {logging_mixin.py:149} INFO - [2023-05-08T22:30:34.281+0000] {dagbag.py:541} INFO - Filling up the DagBag from /home/airflow/.local/lib/python3.7/site-packages/airflow/example_dags/example_sla_dag.py
[2023-05-08T22:30:34.304+0000] {processor.py:809} INFO - DAG(s) dict_keys(['example_sla_dag']) retrieved from /home/airflow/.local/lib/python3.7/site-packages/airflow/example_dags/example_sla_dag.py
[2023-05-08T22:30:34.352+0000] {logging_mixin.py:149} INFO - [2023-05-08T22:30:34.352+0000] {dag.py:2726} INFO - Sync 1 DAGs
[2023-05-08T22:30:34.406+0000] {logging_mixin.py:149} INFO - [2023-05-08T22:30:34.406+0000] {dag.py:3490} INFO - Setting next_dagrun for example_sla_dag to 2023-05-08T22:28:00+00:00, run_after=2023-05-08T22:30:00+00:00
[2023-05-08T22:30:34.430+0000] {processor.py:178} INFO - Processing /home/airflow/.local/lib/python3.7/site-packages/airflow/example_dags/example_sla_dag.py took 0.155 seconds
[2023-05-08T22:31:05.149+0000] {processor.py:156} INFO - Started process (PID=603) to work on /home/airflow/.local/lib/python3.7/site-packages/airflow/example_dags/example_sla_dag.py
[2023-05-08T22:31:05.151+0000] {processor.py:799} INFO - Processing file /home/airflow/.local/lib/python3.7/site-packages/airflow/example_dags/example_sla_dag.py for tasks to queue
[2023-05-08T22:31:05.152+0000] {logging_mixin.py:149} INFO - [2023-05-08T22:31:05.152+0000] {dagbag.py:541} INFO - Filling up the DagBag from /home/airflow/.local/lib/python3.7/site-packages/airflow/example_dags/example_sla_dag.py
[2023-05-08T22:31:05.163+0000] {processor.py:809} INFO - DAG(s) dict_keys(['example_sla_dag']) retrieved from /home/airflow/.local/lib/python3.7/site-packages/airflow/example_dags/example_sla_dag.py
[2023-05-08T22:31:05.199+0000] {logging_mixin.py:149} INFO - [2023-05-08T22:31:05.199+0000] {dag.py:2726} INFO - Sync 1 DAGs
[2023-05-08T22:31:05.231+0000] {logging_mixin.py:149} INFO - [2023-05-08T22:31:05.231+0000] {dag.py:3490} INFO - Setting next_dagrun for example_sla_dag to 2023-05-08T22:28:00+00:00, run_after=2023-05-08T22:30:00+00:00
[2023-05-08T22:31:05.247+0000] {processor.py:178} INFO - Processing /home/airflow/.local/lib/python3.7/site-packages/airflow/example_dags/example_sla_dag.py took 0.102 seconds
[2023-05-08T22:31:35.949+0000] {processor.py:156} INFO - Started process (PID=660) to work on /home/airflow/.local/lib/python3.7/site-packages/airflow/example_dags/example_sla_dag.py
[2023-05-08T22:31:35.951+0000] {processor.py:799} INFO - Processing file /home/airflow/.local/lib/python3.7/site-packages/airflow/example_dags/example_sla_dag.py for tasks to queue
[2023-05-08T22:31:35.955+0000] {logging_mixin.py:149} INFO - [2023-05-08T22:31:35.955+0000] {dagbag.py:541} INFO - Filling up the DagBag from /home/airflow/.local/lib/python3.7/site-packages/airflow/example_dags/example_sla_dag.py
[2023-05-08T22:31:35.966+0000] {processor.py:809} INFO - DAG(s) dict_keys(['example_sla_dag']) retrieved from /home/airflow/.local/lib/python3.7/site-packages/airflow/example_dags/example_sla_dag.py
[2023-05-08T22:31:35.995+0000] {logging_mixin.py:149} INFO - [2023-05-08T22:31:35.995+0000] {dag.py:2726} INFO - Sync 1 DAGs
[2023-05-08T22:31:36.035+0000] {logging_mixin.py:149} INFO - [2023-05-08T22:31:36.035+0000] {dag.py:3490} INFO - Setting next_dagrun for example_sla_dag to 2023-05-08T22:28:00+00:00, run_after=2023-05-08T22:30:00+00:00
[2023-05-08T22:31:36.054+0000] {processor.py:178} INFO - Processing /home/airflow/.local/lib/python3.7/site-packages/airflow/example_dags/example_sla_dag.py took 0.109 seconds
[2023-05-08T22:32:06.506+0000] {processor.py:156} INFO - Started process (PID=717) to work on /home/airflow/.local/lib/python3.7/site-packages/airflow/example_dags/example_sla_dag.py
[2023-05-08T22:32:06.508+0000] {processor.py:799} INFO - Processing file /home/airflow/.local/lib/python3.7/site-packages/airflow/example_dags/example_sla_dag.py for tasks to queue
[2023-05-08T22:32:06.509+0000] {logging_mixin.py:149} INFO - [2023-05-08T22:32:06.509+0000] {dagbag.py:541} INFO - Filling up the DagBag from /home/airflow/.local/lib/python3.7/site-packages/airflow/example_dags/example_sla_dag.py
[2023-05-08T22:32:06.522+0000] {processor.py:809} INFO - DAG(s) dict_keys(['example_sla_dag']) retrieved from /home/airflow/.local/lib/python3.7/site-packages/airflow/example_dags/example_sla_dag.py
[2023-05-08T22:32:06.566+0000] {logging_mixin.py:149} INFO - [2023-05-08T22:32:06.566+0000] {dag.py:2726} INFO - Sync 1 DAGs
[2023-05-08T22:32:06.592+0000] {logging_mixin.py:149} INFO - [2023-05-08T22:32:06.592+0000] {dag.py:3490} INFO - Setting next_dagrun for example_sla_dag to 2023-05-08T22:30:00+00:00, run_after=2023-05-08T22:32:00+00:00
[2023-05-08T22:32:06.607+0000] {processor.py:178} INFO - Processing /home/airflow/.local/lib/python3.7/site-packages/airflow/example_dags/example_sla_dag.py took 0.105 seconds
[2023-05-08T22:32:37.345+0000] {processor.py:156} INFO - Started process (PID=774) to work on /home/airflow/.local/lib/python3.7/site-packages/airflow/example_dags/example_sla_dag.py
[2023-05-08T22:32:37.346+0000] {processor.py:799} INFO - Processing file /home/airflow/.local/lib/python3.7/site-packages/airflow/example_dags/example_sla_dag.py for tasks to queue
[2023-05-08T22:32:37.347+0000] {logging_mixin.py:149} INFO - [2023-05-08T22:32:37.347+0000] {dagbag.py:541} INFO - Filling up the DagBag from /home/airflow/.local/lib/python3.7/site-packages/airflow/example_dags/example_sla_dag.py
[2023-05-08T22:32:37.357+0000] {processor.py:809} INFO - DAG(s) dict_keys(['example_sla_dag']) retrieved from /home/airflow/.local/lib/python3.7/site-packages/airflow/example_dags/example_sla_dag.py
[2023-05-08T22:32:37.386+0000] {logging_mixin.py:149} INFO - [2023-05-08T22:32:37.386+0000] {dag.py:2726} INFO - Sync 1 DAGs
[2023-05-08T22:32:37.412+0000] {logging_mixin.py:149} INFO - [2023-05-08T22:32:37.412+0000] {dag.py:3490} INFO - Setting next_dagrun for example_sla_dag to 2023-05-08T22:30:00+00:00, run_after=2023-05-08T22:32:00+00:00
[2023-05-08T22:32:37.425+0000] {processor.py:178} INFO - Processing /home/airflow/.local/lib/python3.7/site-packages/airflow/example_dags/example_sla_dag.py took 0.085 seconds
[2023-05-08T22:33:08.347+0000] {processor.py:156} INFO - Started process (PID=831) to work on /home/airflow/.local/lib/python3.7/site-packages/airflow/example_dags/example_sla_dag.py
[2023-05-08T22:33:08.349+0000] {processor.py:799} INFO - Processing file /home/airflow/.local/lib/python3.7/site-packages/airflow/example_dags/example_sla_dag.py for tasks to queue
[2023-05-08T22:33:08.350+0000] {logging_mixin.py:149} INFO - [2023-05-08T22:33:08.350+0000] {dagbag.py:541} INFO - Filling up the DagBag from /home/airflow/.local/lib/python3.7/site-packages/airflow/example_dags/example_sla_dag.py
[2023-05-08T22:33:08.359+0000] {processor.py:809} INFO - DAG(s) dict_keys(['example_sla_dag']) retrieved from /home/airflow/.local/lib/python3.7/site-packages/airflow/example_dags/example_sla_dag.py
[2023-05-08T22:33:08.388+0000] {logging_mixin.py:149} INFO - [2023-05-08T22:33:08.388+0000] {dag.py:2726} INFO - Sync 1 DAGs
[2023-05-08T22:33:08.410+0000] {logging_mixin.py:149} INFO - [2023-05-08T22:33:08.410+0000] {dag.py:3490} INFO - Setting next_dagrun for example_sla_dag to 2023-05-08T22:30:00+00:00, run_after=2023-05-08T22:32:00+00:00
[2023-05-08T22:33:08.424+0000] {processor.py:178} INFO - Processing /home/airflow/.local/lib/python3.7/site-packages/airflow/example_dags/example_sla_dag.py took 0.084 seconds
[2023-05-08T22:33:38.556+0000] {processor.py:156} INFO - Started process (PID=888) to work on /home/airflow/.local/lib/python3.7/site-packages/airflow/example_dags/example_sla_dag.py
[2023-05-08T22:33:38.559+0000] {processor.py:799} INFO - Processing file /home/airflow/.local/lib/python3.7/site-packages/airflow/example_dags/example_sla_dag.py for tasks to queue
[2023-05-08T22:33:38.560+0000] {logging_mixin.py:149} INFO - [2023-05-08T22:33:38.560+0000] {dagbag.py:541} INFO - Filling up the DagBag from /home/airflow/.local/lib/python3.7/site-packages/airflow/example_dags/example_sla_dag.py
[2023-05-08T22:33:38.573+0000] {processor.py:809} INFO - DAG(s) dict_keys(['example_sla_dag']) retrieved from /home/airflow/.local/lib/python3.7/site-packages/airflow/example_dags/example_sla_dag.py
[2023-05-08T22:33:38.631+0000] {logging_mixin.py:149} INFO - [2023-05-08T22:33:38.631+0000] {dag.py:2726} INFO - Sync 1 DAGs
[2023-05-08T22:33:38.662+0000] {logging_mixin.py:149} INFO - [2023-05-08T22:33:38.662+0000] {dag.py:3490} INFO - Setting next_dagrun for example_sla_dag to 2023-05-08T22:30:00+00:00, run_after=2023-05-08T22:32:00+00:00
[2023-05-08T22:33:38.678+0000] {processor.py:178} INFO - Processing /home/airflow/.local/lib/python3.7/site-packages/airflow/example_dags/example_sla_dag.py took 0.129 seconds
[2023-05-08T22:34:08.835+0000] {processor.py:156} INFO - Started process (PID=945) to work on /home/airflow/.local/lib/python3.7/site-packages/airflow/example_dags/example_sla_dag.py
[2023-05-08T22:34:08.845+0000] {processor.py:799} INFO - Processing file /home/airflow/.local/lib/python3.7/site-packages/airflow/example_dags/example_sla_dag.py for tasks to queue
[2023-05-08T22:34:08.847+0000] {logging_mixin.py:149} INFO - [2023-05-08T22:34:08.847+0000] {dagbag.py:541} INFO - Filling up the DagBag from /home/airflow/.local/lib/python3.7/site-packages/airflow/example_dags/example_sla_dag.py
[2023-05-08T22:34:08.861+0000] {processor.py:809} INFO - DAG(s) dict_keys(['example_sla_dag']) retrieved from /home/airflow/.local/lib/python3.7/site-packages/airflow/example_dags/example_sla_dag.py
[2023-05-08T22:34:08.922+0000] {logging_mixin.py:149} INFO - [2023-05-08T22:34:08.922+0000] {dag.py:2726} INFO - Sync 1 DAGs
[2023-05-08T22:34:08.956+0000] {logging_mixin.py:149} INFO - [2023-05-08T22:34:08.956+0000] {dag.py:3490} INFO - Setting next_dagrun for example_sla_dag to 2023-05-08T22:32:00+00:00, run_after=2023-05-08T22:34:00+00:00
[2023-05-08T22:34:08.993+0000] {processor.py:178} INFO - Processing /home/airflow/.local/lib/python3.7/site-packages/airflow/example_dags/example_sla_dag.py took 0.168 seconds
[2023-05-08T22:34:39.264+0000] {processor.py:156} INFO - Started process (PID=1003) to work on /home/airflow/.local/lib/python3.7/site-packages/airflow/example_dags/example_sla_dag.py
[2023-05-08T22:34:39.267+0000] {processor.py:799} INFO - Processing file /home/airflow/.local/lib/python3.7/site-packages/airflow/example_dags/example_sla_dag.py for tasks to queue
[2023-05-08T22:34:39.268+0000] {logging_mixin.py:149} INFO - [2023-05-08T22:34:39.268+0000] {dagbag.py:541} INFO - Filling up the DagBag from /home/airflow/.local/lib/python3.7/site-packages/airflow/example_dags/example_sla_dag.py
[2023-05-08T22:34:39.282+0000] {processor.py:809} INFO - DAG(s) dict_keys(['example_sla_dag']) retrieved from /home/airflow/.local/lib/python3.7/site-packages/airflow/example_dags/example_sla_dag.py
[2023-05-08T22:34:39.327+0000] {logging_mixin.py:149} INFO - [2023-05-08T22:34:39.327+0000] {dag.py:2726} INFO - Sync 1 DAGs
[2023-05-08T22:34:39.365+0000] {logging_mixin.py:149} INFO - [2023-05-08T22:34:39.365+0000] {dag.py:3490} INFO - Setting next_dagrun for example_sla_dag to 2023-05-08T22:32:00+00:00, run_after=2023-05-08T22:34:00+00:00
[2023-05-08T22:34:39.389+0000] {processor.py:178} INFO - Processing /home/airflow/.local/lib/python3.7/site-packages/airflow/example_dags/example_sla_dag.py took 0.131 seconds
[2023-05-08T22:35:09.446+0000] {processor.py:156} INFO - Started process (PID=1059) to work on /home/airflow/.local/lib/python3.7/site-packages/airflow/example_dags/example_sla_dag.py
[2023-05-08T22:35:09.448+0000] {processor.py:799} INFO - Processing file /home/airflow/.local/lib/python3.7/site-packages/airflow/example_dags/example_sla_dag.py for tasks to queue
[2023-05-08T22:35:09.449+0000] {logging_mixin.py:149} INFO - [2023-05-08T22:35:09.449+0000] {dagbag.py:541} INFO - Filling up the DagBag from /home/airflow/.local/lib/python3.7/site-packages/airflow/example_dags/example_sla_dag.py
[2023-05-08T22:35:09.462+0000] {processor.py:809} INFO - DAG(s) dict_keys(['example_sla_dag']) retrieved from /home/airflow/.local/lib/python3.7/site-packages/airflow/example_dags/example_sla_dag.py
[2023-05-08T22:35:09.513+0000] {logging_mixin.py:149} INFO - [2023-05-08T22:35:09.513+0000] {dag.py:2726} INFO - Sync 1 DAGs
[2023-05-08T22:35:09.546+0000] {logging_mixin.py:149} INFO - [2023-05-08T22:35:09.546+0000] {dag.py:3490} INFO - Setting next_dagrun for example_sla_dag to 2023-05-08T22:32:00+00:00, run_after=2023-05-08T22:34:00+00:00
[2023-05-08T22:35:09.565+0000] {processor.py:178} INFO - Processing /home/airflow/.local/lib/python3.7/site-packages/airflow/example_dags/example_sla_dag.py took 0.124 seconds
