[2023-05-08T20:36:10.554+0000] {processor.py:156} INFO - Started process (PID=43) to work on /home/airflow/.local/lib/python3.7/site-packages/airflow/example_dags/example_kubernetes_executor.py
[2023-05-08T20:36:10.556+0000] {processor.py:799} INFO - Processing file /home/airflow/.local/lib/python3.7/site-packages/airflow/example_dags/example_kubernetes_executor.py for tasks to queue
[2023-05-08T20:36:10.557+0000] {logging_mixin.py:149} INFO - [2023-05-08T20:36:10.557+0000] {dagbag.py:541} INFO - Filling up the DagBag from /home/airflow/.local/lib/python3.7/site-packages/airflow/example_dags/example_kubernetes_executor.py
[2023-05-08T20:36:11.980+0000] {processor.py:809} INFO - DAG(s) dict_keys(['example_kubernetes_executor']) retrieved from /home/airflow/.local/lib/python3.7/site-packages/airflow/example_dags/example_kubernetes_executor.py
[2023-05-08T20:36:12.047+0000] {logging_mixin.py:149} INFO - [2023-05-08T20:36:12.046+0000] {dag.py:2726} INFO - Sync 1 DAGs
[2023-05-08T20:36:12.126+0000] {logging_mixin.py:149} INFO - [2023-05-08T20:36:12.125+0000] {dag.py:3490} INFO - Setting next_dagrun for example_kubernetes_executor to None, run_after=None
[2023-05-08T20:36:12.168+0000] {processor.py:178} INFO - Processing /home/airflow/.local/lib/python3.7/site-packages/airflow/example_dags/example_kubernetes_executor.py took 1.616 seconds
[2023-05-08T20:36:43.061+0000] {processor.py:156} INFO - Started process (PID=104) to work on /home/airflow/.local/lib/python3.7/site-packages/airflow/example_dags/example_kubernetes_executor.py
[2023-05-08T20:36:43.063+0000] {processor.py:799} INFO - Processing file /home/airflow/.local/lib/python3.7/site-packages/airflow/example_dags/example_kubernetes_executor.py for tasks to queue
[2023-05-08T20:36:43.064+0000] {logging_mixin.py:149} INFO - [2023-05-08T20:36:43.064+0000] {dagbag.py:541} INFO - Filling up the DagBag from /home/airflow/.local/lib/python3.7/site-packages/airflow/example_dags/example_kubernetes_executor.py
[2023-05-08T20:36:43.276+0000] {processor.py:809} INFO - DAG(s) dict_keys(['example_kubernetes_executor']) retrieved from /home/airflow/.local/lib/python3.7/site-packages/airflow/example_dags/example_kubernetes_executor.py
[2023-05-08T20:36:43.313+0000] {logging_mixin.py:149} INFO - [2023-05-08T20:36:43.313+0000] {dag.py:2726} INFO - Sync 1 DAGs
[2023-05-08T20:36:43.338+0000] {logging_mixin.py:149} INFO - [2023-05-08T20:36:43.337+0000] {dag.py:3490} INFO - Setting next_dagrun for example_kubernetes_executor to None, run_after=None
[2023-05-08T20:36:43.355+0000] {processor.py:178} INFO - Processing /home/airflow/.local/lib/python3.7/site-packages/airflow/example_dags/example_kubernetes_executor.py took 0.299 seconds
[2023-05-08T20:37:13.462+0000] {processor.py:156} INFO - Started process (PID=162) to work on /home/airflow/.local/lib/python3.7/site-packages/airflow/example_dags/example_kubernetes_executor.py
[2023-05-08T20:37:13.466+0000] {processor.py:799} INFO - Processing file /home/airflow/.local/lib/python3.7/site-packages/airflow/example_dags/example_kubernetes_executor.py for tasks to queue
[2023-05-08T20:37:13.467+0000] {logging_mixin.py:149} INFO - [2023-05-08T20:37:13.466+0000] {dagbag.py:541} INFO - Filling up the DagBag from /home/airflow/.local/lib/python3.7/site-packages/airflow/example_dags/example_kubernetes_executor.py
[2023-05-08T20:37:13.626+0000] {processor.py:809} INFO - DAG(s) dict_keys(['example_kubernetes_executor']) retrieved from /home/airflow/.local/lib/python3.7/site-packages/airflow/example_dags/example_kubernetes_executor.py
[2023-05-08T20:37:13.669+0000] {logging_mixin.py:149} INFO - [2023-05-08T20:37:13.669+0000] {dag.py:2726} INFO - Sync 1 DAGs
[2023-05-08T20:37:13.697+0000] {logging_mixin.py:149} INFO - [2023-05-08T20:37:13.697+0000] {dag.py:3490} INFO - Setting next_dagrun for example_kubernetes_executor to None, run_after=None
[2023-05-08T20:37:13.712+0000] {processor.py:178} INFO - Processing /home/airflow/.local/lib/python3.7/site-packages/airflow/example_dags/example_kubernetes_executor.py took 0.254 seconds
[2023-05-08T20:37:44.175+0000] {processor.py:156} INFO - Started process (PID=216) to work on /home/airflow/.local/lib/python3.7/site-packages/airflow/example_dags/example_kubernetes_executor.py
[2023-05-08T20:37:44.178+0000] {processor.py:799} INFO - Processing file /home/airflow/.local/lib/python3.7/site-packages/airflow/example_dags/example_kubernetes_executor.py for tasks to queue
[2023-05-08T20:37:44.179+0000] {logging_mixin.py:149} INFO - [2023-05-08T20:37:44.179+0000] {dagbag.py:541} INFO - Filling up the DagBag from /home/airflow/.local/lib/python3.7/site-packages/airflow/example_dags/example_kubernetes_executor.py
[2023-05-08T20:37:44.363+0000] {processor.py:809} INFO - DAG(s) dict_keys(['example_kubernetes_executor']) retrieved from /home/airflow/.local/lib/python3.7/site-packages/airflow/example_dags/example_kubernetes_executor.py
[2023-05-08T20:37:44.397+0000] {logging_mixin.py:149} INFO - [2023-05-08T20:37:44.397+0000] {dag.py:2726} INFO - Sync 1 DAGs
[2023-05-08T20:37:44.443+0000] {logging_mixin.py:149} INFO - [2023-05-08T20:37:44.442+0000] {dag.py:3490} INFO - Setting next_dagrun for example_kubernetes_executor to None, run_after=None
[2023-05-08T20:37:44.457+0000] {processor.py:178} INFO - Processing /home/airflow/.local/lib/python3.7/site-packages/airflow/example_dags/example_kubernetes_executor.py took 0.288 seconds
[2023-05-08T20:38:14.955+0000] {processor.py:156} INFO - Started process (PID=273) to work on /home/airflow/.local/lib/python3.7/site-packages/airflow/example_dags/example_kubernetes_executor.py
[2023-05-08T20:38:14.957+0000] {processor.py:799} INFO - Processing file /home/airflow/.local/lib/python3.7/site-packages/airflow/example_dags/example_kubernetes_executor.py for tasks to queue
[2023-05-08T20:38:14.958+0000] {logging_mixin.py:149} INFO - [2023-05-08T20:38:14.958+0000] {dagbag.py:541} INFO - Filling up the DagBag from /home/airflow/.local/lib/python3.7/site-packages/airflow/example_dags/example_kubernetes_executor.py
[2023-05-08T20:38:15.127+0000] {processor.py:809} INFO - DAG(s) dict_keys(['example_kubernetes_executor']) retrieved from /home/airflow/.local/lib/python3.7/site-packages/airflow/example_dags/example_kubernetes_executor.py
[2023-05-08T20:38:15.167+0000] {logging_mixin.py:149} INFO - [2023-05-08T20:38:15.167+0000] {dag.py:2726} INFO - Sync 1 DAGs
[2023-05-08T20:38:15.201+0000] {logging_mixin.py:149} INFO - [2023-05-08T20:38:15.201+0000] {dag.py:3490} INFO - Setting next_dagrun for example_kubernetes_executor to None, run_after=None
[2023-05-08T20:38:15.217+0000] {processor.py:178} INFO - Processing /home/airflow/.local/lib/python3.7/site-packages/airflow/example_dags/example_kubernetes_executor.py took 0.268 seconds
[2023-05-08T20:38:45.610+0000] {processor.py:156} INFO - Started process (PID=329) to work on /home/airflow/.local/lib/python3.7/site-packages/airflow/example_dags/example_kubernetes_executor.py
[2023-05-08T20:38:45.611+0000] {processor.py:799} INFO - Processing file /home/airflow/.local/lib/python3.7/site-packages/airflow/example_dags/example_kubernetes_executor.py for tasks to queue
[2023-05-08T20:38:45.612+0000] {logging_mixin.py:149} INFO - [2023-05-08T20:38:45.612+0000] {dagbag.py:541} INFO - Filling up the DagBag from /home/airflow/.local/lib/python3.7/site-packages/airflow/example_dags/example_kubernetes_executor.py
[2023-05-08T20:38:45.755+0000] {processor.py:809} INFO - DAG(s) dict_keys(['example_kubernetes_executor']) retrieved from /home/airflow/.local/lib/python3.7/site-packages/airflow/example_dags/example_kubernetes_executor.py
[2023-05-08T20:38:45.787+0000] {logging_mixin.py:149} INFO - [2023-05-08T20:38:45.787+0000] {dag.py:2726} INFO - Sync 1 DAGs
[2023-05-08T20:38:45.809+0000] {logging_mixin.py:149} INFO - [2023-05-08T20:38:45.809+0000] {dag.py:3490} INFO - Setting next_dagrun for example_kubernetes_executor to None, run_after=None
[2023-05-08T20:38:45.822+0000] {processor.py:178} INFO - Processing /home/airflow/.local/lib/python3.7/site-packages/airflow/example_dags/example_kubernetes_executor.py took 0.216 seconds
[2023-05-08T20:39:16.205+0000] {processor.py:156} INFO - Started process (PID=385) to work on /home/airflow/.local/lib/python3.7/site-packages/airflow/example_dags/example_kubernetes_executor.py
[2023-05-08T20:39:16.208+0000] {processor.py:799} INFO - Processing file /home/airflow/.local/lib/python3.7/site-packages/airflow/example_dags/example_kubernetes_executor.py for tasks to queue
[2023-05-08T20:39:16.209+0000] {logging_mixin.py:149} INFO - [2023-05-08T20:39:16.209+0000] {dagbag.py:541} INFO - Filling up the DagBag from /home/airflow/.local/lib/python3.7/site-packages/airflow/example_dags/example_kubernetes_executor.py
[2023-05-08T20:39:16.358+0000] {processor.py:809} INFO - DAG(s) dict_keys(['example_kubernetes_executor']) retrieved from /home/airflow/.local/lib/python3.7/site-packages/airflow/example_dags/example_kubernetes_executor.py
[2023-05-08T20:39:16.389+0000] {logging_mixin.py:149} INFO - [2023-05-08T20:39:16.389+0000] {dag.py:2726} INFO - Sync 1 DAGs
[2023-05-08T20:39:16.408+0000] {logging_mixin.py:149} INFO - [2023-05-08T20:39:16.408+0000] {dag.py:3490} INFO - Setting next_dagrun for example_kubernetes_executor to None, run_after=None
[2023-05-08T20:39:16.422+0000] {processor.py:178} INFO - Processing /home/airflow/.local/lib/python3.7/site-packages/airflow/example_dags/example_kubernetes_executor.py took 0.223 seconds
[2023-05-08T22:15:45.843+0000] {processor.py:156} INFO - Started process (PID=43) to work on /home/airflow/.local/lib/python3.7/site-packages/airflow/example_dags/example_kubernetes_executor.py
[2023-05-08T22:15:45.845+0000] {processor.py:799} INFO - Processing file /home/airflow/.local/lib/python3.7/site-packages/airflow/example_dags/example_kubernetes_executor.py for tasks to queue
[2023-05-08T22:15:45.846+0000] {logging_mixin.py:149} INFO - [2023-05-08T22:15:45.845+0000] {dagbag.py:541} INFO - Filling up the DagBag from /home/airflow/.local/lib/python3.7/site-packages/airflow/example_dags/example_kubernetes_executor.py
[2023-05-08T22:15:46.839+0000] {processor.py:809} INFO - DAG(s) dict_keys(['example_kubernetes_executor']) retrieved from /home/airflow/.local/lib/python3.7/site-packages/airflow/example_dags/example_kubernetes_executor.py
[2023-05-08T22:15:46.865+0000] {logging_mixin.py:149} INFO - [2023-05-08T22:15:46.865+0000] {dag.py:2726} INFO - Sync 1 DAGs
[2023-05-08T22:15:46.915+0000] {logging_mixin.py:149} INFO - [2023-05-08T22:15:46.915+0000] {dag.py:3490} INFO - Setting next_dagrun for example_kubernetes_executor to None, run_after=None
[2023-05-08T22:15:46.941+0000] {processor.py:178} INFO - Processing /home/airflow/.local/lib/python3.7/site-packages/airflow/example_dags/example_kubernetes_executor.py took 1.102 seconds
[2023-05-08T22:16:17.146+0000] {processor.py:156} INFO - Started process (PID=104) to work on /home/airflow/.local/lib/python3.7/site-packages/airflow/example_dags/example_kubernetes_executor.py
[2023-05-08T22:16:17.147+0000] {processor.py:799} INFO - Processing file /home/airflow/.local/lib/python3.7/site-packages/airflow/example_dags/example_kubernetes_executor.py for tasks to queue
[2023-05-08T22:16:17.147+0000] {logging_mixin.py:149} INFO - [2023-05-08T22:16:17.147+0000] {dagbag.py:541} INFO - Filling up the DagBag from /home/airflow/.local/lib/python3.7/site-packages/airflow/example_dags/example_kubernetes_executor.py
[2023-05-08T22:16:17.376+0000] {processor.py:809} INFO - DAG(s) dict_keys(['example_kubernetes_executor']) retrieved from /home/airflow/.local/lib/python3.7/site-packages/airflow/example_dags/example_kubernetes_executor.py
[2023-05-08T22:16:17.413+0000] {logging_mixin.py:149} INFO - [2023-05-08T22:16:17.413+0000] {dag.py:2726} INFO - Sync 1 DAGs
[2023-05-08T22:16:17.434+0000] {logging_mixin.py:149} INFO - [2023-05-08T22:16:17.434+0000] {dag.py:3490} INFO - Setting next_dagrun for example_kubernetes_executor to None, run_after=None
[2023-05-08T22:16:17.449+0000] {processor.py:178} INFO - Processing /home/airflow/.local/lib/python3.7/site-packages/airflow/example_dags/example_kubernetes_executor.py took 0.306 seconds
[2023-05-08T22:16:48.467+0000] {processor.py:156} INFO - Started process (PID=163) to work on /home/airflow/.local/lib/python3.7/site-packages/airflow/example_dags/example_kubernetes_executor.py
[2023-05-08T22:16:48.470+0000] {processor.py:799} INFO - Processing file /home/airflow/.local/lib/python3.7/site-packages/airflow/example_dags/example_kubernetes_executor.py for tasks to queue
[2023-05-08T22:16:48.472+0000] {logging_mixin.py:149} INFO - [2023-05-08T22:16:48.472+0000] {dagbag.py:541} INFO - Filling up the DagBag from /home/airflow/.local/lib/python3.7/site-packages/airflow/example_dags/example_kubernetes_executor.py
[2023-05-08T22:16:48.643+0000] {processor.py:809} INFO - DAG(s) dict_keys(['example_kubernetes_executor']) retrieved from /home/airflow/.local/lib/python3.7/site-packages/airflow/example_dags/example_kubernetes_executor.py
[2023-05-08T22:16:48.705+0000] {logging_mixin.py:149} INFO - [2023-05-08T22:16:48.705+0000] {dag.py:2726} INFO - Sync 1 DAGs
[2023-05-08T22:16:48.734+0000] {logging_mixin.py:149} INFO - [2023-05-08T22:16:48.734+0000] {dag.py:3490} INFO - Setting next_dagrun for example_kubernetes_executor to None, run_after=None
[2023-05-08T22:16:48.762+0000] {processor.py:178} INFO - Processing /home/airflow/.local/lib/python3.7/site-packages/airflow/example_dags/example_kubernetes_executor.py took 0.300 seconds
[2023-05-08T22:17:19.362+0000] {processor.py:156} INFO - Started process (PID=220) to work on /home/airflow/.local/lib/python3.7/site-packages/airflow/example_dags/example_kubernetes_executor.py
[2023-05-08T22:17:19.365+0000] {processor.py:799} INFO - Processing file /home/airflow/.local/lib/python3.7/site-packages/airflow/example_dags/example_kubernetes_executor.py for tasks to queue
[2023-05-08T22:17:19.368+0000] {logging_mixin.py:149} INFO - [2023-05-08T22:17:19.368+0000] {dagbag.py:541} INFO - Filling up the DagBag from /home/airflow/.local/lib/python3.7/site-packages/airflow/example_dags/example_kubernetes_executor.py
[2023-05-08T22:17:19.533+0000] {processor.py:809} INFO - DAG(s) dict_keys(['example_kubernetes_executor']) retrieved from /home/airflow/.local/lib/python3.7/site-packages/airflow/example_dags/example_kubernetes_executor.py
[2023-05-08T22:17:19.564+0000] {logging_mixin.py:149} INFO - [2023-05-08T22:17:19.564+0000] {dag.py:2726} INFO - Sync 1 DAGs
[2023-05-08T22:17:19.583+0000] {logging_mixin.py:149} INFO - [2023-05-08T22:17:19.583+0000] {dag.py:3490} INFO - Setting next_dagrun for example_kubernetes_executor to None, run_after=None
[2023-05-08T22:17:19.596+0000] {processor.py:178} INFO - Processing /home/airflow/.local/lib/python3.7/site-packages/airflow/example_dags/example_kubernetes_executor.py took 0.240 seconds
[2023-05-08T22:17:50.339+0000] {processor.py:156} INFO - Started process (PID=277) to work on /home/airflow/.local/lib/python3.7/site-packages/airflow/example_dags/example_kubernetes_executor.py
[2023-05-08T22:17:50.340+0000] {processor.py:799} INFO - Processing file /home/airflow/.local/lib/python3.7/site-packages/airflow/example_dags/example_kubernetes_executor.py for tasks to queue
[2023-05-08T22:17:50.341+0000] {logging_mixin.py:149} INFO - [2023-05-08T22:17:50.341+0000] {dagbag.py:541} INFO - Filling up the DagBag from /home/airflow/.local/lib/python3.7/site-packages/airflow/example_dags/example_kubernetes_executor.py
[2023-05-08T22:17:50.499+0000] {processor.py:809} INFO - DAG(s) dict_keys(['example_kubernetes_executor']) retrieved from /home/airflow/.local/lib/python3.7/site-packages/airflow/example_dags/example_kubernetes_executor.py
[2023-05-08T22:17:50.535+0000] {logging_mixin.py:149} INFO - [2023-05-08T22:17:50.535+0000] {dag.py:2726} INFO - Sync 1 DAGs
[2023-05-08T22:17:50.564+0000] {logging_mixin.py:149} INFO - [2023-05-08T22:17:50.564+0000] {dag.py:3490} INFO - Setting next_dagrun for example_kubernetes_executor to None, run_after=None
[2023-05-08T22:17:50.580+0000] {processor.py:178} INFO - Processing /home/airflow/.local/lib/python3.7/site-packages/airflow/example_dags/example_kubernetes_executor.py took 0.245 seconds
[2023-05-08T22:18:21.162+0000] {processor.py:156} INFO - Started process (PID=334) to work on /home/airflow/.local/lib/python3.7/site-packages/airflow/example_dags/example_kubernetes_executor.py
[2023-05-08T22:18:21.163+0000] {processor.py:799} INFO - Processing file /home/airflow/.local/lib/python3.7/site-packages/airflow/example_dags/example_kubernetes_executor.py for tasks to queue
[2023-05-08T22:18:21.164+0000] {logging_mixin.py:149} INFO - [2023-05-08T22:18:21.164+0000] {dagbag.py:541} INFO - Filling up the DagBag from /home/airflow/.local/lib/python3.7/site-packages/airflow/example_dags/example_kubernetes_executor.py
[2023-05-08T22:18:21.321+0000] {processor.py:809} INFO - DAG(s) dict_keys(['example_kubernetes_executor']) retrieved from /home/airflow/.local/lib/python3.7/site-packages/airflow/example_dags/example_kubernetes_executor.py
[2023-05-08T22:18:21.363+0000] {logging_mixin.py:149} INFO - [2023-05-08T22:18:21.363+0000] {dag.py:2726} INFO - Sync 1 DAGs
[2023-05-08T22:18:21.396+0000] {logging_mixin.py:149} INFO - [2023-05-08T22:18:21.396+0000] {dag.py:3490} INFO - Setting next_dagrun for example_kubernetes_executor to None, run_after=None
[2023-05-08T22:18:21.411+0000] {processor.py:178} INFO - Processing /home/airflow/.local/lib/python3.7/site-packages/airflow/example_dags/example_kubernetes_executor.py took 0.252 seconds
[2023-05-08T22:18:52.191+0000] {processor.py:156} INFO - Started process (PID=391) to work on /home/airflow/.local/lib/python3.7/site-packages/airflow/example_dags/example_kubernetes_executor.py
[2023-05-08T22:18:52.193+0000] {processor.py:799} INFO - Processing file /home/airflow/.local/lib/python3.7/site-packages/airflow/example_dags/example_kubernetes_executor.py for tasks to queue
[2023-05-08T22:18:52.194+0000] {logging_mixin.py:149} INFO - [2023-05-08T22:18:52.194+0000] {dagbag.py:541} INFO - Filling up the DagBag from /home/airflow/.local/lib/python3.7/site-packages/airflow/example_dags/example_kubernetes_executor.py
[2023-05-08T22:18:52.418+0000] {processor.py:809} INFO - DAG(s) dict_keys(['example_kubernetes_executor']) retrieved from /home/airflow/.local/lib/python3.7/site-packages/airflow/example_dags/example_kubernetes_executor.py
[2023-05-08T22:18:52.465+0000] {logging_mixin.py:149} INFO - [2023-05-08T22:18:52.464+0000] {dag.py:2726} INFO - Sync 1 DAGs
[2023-05-08T22:18:52.490+0000] {logging_mixin.py:149} INFO - [2023-05-08T22:18:52.489+0000] {dag.py:3490} INFO - Setting next_dagrun for example_kubernetes_executor to None, run_after=None
[2023-05-08T22:18:52.505+0000] {processor.py:178} INFO - Processing /home/airflow/.local/lib/python3.7/site-packages/airflow/example_dags/example_kubernetes_executor.py took 0.321 seconds
[2023-05-08T22:19:23.064+0000] {processor.py:156} INFO - Started process (PID=448) to work on /home/airflow/.local/lib/python3.7/site-packages/airflow/example_dags/example_kubernetes_executor.py
[2023-05-08T22:19:23.067+0000] {processor.py:799} INFO - Processing file /home/airflow/.local/lib/python3.7/site-packages/airflow/example_dags/example_kubernetes_executor.py for tasks to queue
[2023-05-08T22:19:23.068+0000] {logging_mixin.py:149} INFO - [2023-05-08T22:19:23.068+0000] {dagbag.py:541} INFO - Filling up the DagBag from /home/airflow/.local/lib/python3.7/site-packages/airflow/example_dags/example_kubernetes_executor.py
[2023-05-08T22:19:23.216+0000] {processor.py:809} INFO - DAG(s) dict_keys(['example_kubernetes_executor']) retrieved from /home/airflow/.local/lib/python3.7/site-packages/airflow/example_dags/example_kubernetes_executor.py
[2023-05-08T22:19:23.247+0000] {logging_mixin.py:149} INFO - [2023-05-08T22:19:23.247+0000] {dag.py:2726} INFO - Sync 1 DAGs
[2023-05-08T22:19:23.268+0000] {logging_mixin.py:149} INFO - [2023-05-08T22:19:23.268+0000] {dag.py:3490} INFO - Setting next_dagrun for example_kubernetes_executor to None, run_after=None
[2023-05-08T22:19:23.280+0000] {processor.py:178} INFO - Processing /home/airflow/.local/lib/python3.7/site-packages/airflow/example_dags/example_kubernetes_executor.py took 0.222 seconds
[2023-05-08T22:19:53.756+0000] {processor.py:156} INFO - Started process (PID=505) to work on /home/airflow/.local/lib/python3.7/site-packages/airflow/example_dags/example_kubernetes_executor.py
[2023-05-08T22:19:53.759+0000] {processor.py:799} INFO - Processing file /home/airflow/.local/lib/python3.7/site-packages/airflow/example_dags/example_kubernetes_executor.py for tasks to queue
[2023-05-08T22:19:53.760+0000] {logging_mixin.py:149} INFO - [2023-05-08T22:19:53.760+0000] {dagbag.py:541} INFO - Filling up the DagBag from /home/airflow/.local/lib/python3.7/site-packages/airflow/example_dags/example_kubernetes_executor.py
[2023-05-08T22:19:53.912+0000] {processor.py:809} INFO - DAG(s) dict_keys(['example_kubernetes_executor']) retrieved from /home/airflow/.local/lib/python3.7/site-packages/airflow/example_dags/example_kubernetes_executor.py
[2023-05-08T22:19:53.943+0000] {logging_mixin.py:149} INFO - [2023-05-08T22:19:53.943+0000] {dag.py:2726} INFO - Sync 1 DAGs
[2023-05-08T22:19:53.969+0000] {logging_mixin.py:149} INFO - [2023-05-08T22:19:53.969+0000] {dag.py:3490} INFO - Setting next_dagrun for example_kubernetes_executor to None, run_after=None
[2023-05-08T22:19:53.985+0000] {processor.py:178} INFO - Processing /home/airflow/.local/lib/python3.7/site-packages/airflow/example_dags/example_kubernetes_executor.py took 0.236 seconds
[2023-05-08T22:20:24.496+0000] {processor.py:156} INFO - Started process (PID=563) to work on /home/airflow/.local/lib/python3.7/site-packages/airflow/example_dags/example_kubernetes_executor.py
[2023-05-08T22:20:24.499+0000] {processor.py:799} INFO - Processing file /home/airflow/.local/lib/python3.7/site-packages/airflow/example_dags/example_kubernetes_executor.py for tasks to queue
[2023-05-08T22:20:24.500+0000] {logging_mixin.py:149} INFO - [2023-05-08T22:20:24.500+0000] {dagbag.py:541} INFO - Filling up the DagBag from /home/airflow/.local/lib/python3.7/site-packages/airflow/example_dags/example_kubernetes_executor.py
[2023-05-08T22:20:24.651+0000] {processor.py:809} INFO - DAG(s) dict_keys(['example_kubernetes_executor']) retrieved from /home/airflow/.local/lib/python3.7/site-packages/airflow/example_dags/example_kubernetes_executor.py
[2023-05-08T22:20:24.681+0000] {logging_mixin.py:149} INFO - [2023-05-08T22:20:24.681+0000] {dag.py:2726} INFO - Sync 1 DAGs
[2023-05-08T22:20:24.702+0000] {logging_mixin.py:149} INFO - [2023-05-08T22:20:24.702+0000] {dag.py:3490} INFO - Setting next_dagrun for example_kubernetes_executor to None, run_after=None
[2023-05-08T22:20:24.716+0000] {processor.py:178} INFO - Processing /home/airflow/.local/lib/python3.7/site-packages/airflow/example_dags/example_kubernetes_executor.py took 0.226 seconds
[2023-05-08T22:20:55.365+0000] {processor.py:156} INFO - Started process (PID=620) to work on /home/airflow/.local/lib/python3.7/site-packages/airflow/example_dags/example_kubernetes_executor.py
[2023-05-08T22:20:55.367+0000] {processor.py:799} INFO - Processing file /home/airflow/.local/lib/python3.7/site-packages/airflow/example_dags/example_kubernetes_executor.py for tasks to queue
[2023-05-08T22:20:55.368+0000] {logging_mixin.py:149} INFO - [2023-05-08T22:20:55.368+0000] {dagbag.py:541} INFO - Filling up the DagBag from /home/airflow/.local/lib/python3.7/site-packages/airflow/example_dags/example_kubernetes_executor.py
[2023-05-08T22:20:55.522+0000] {processor.py:809} INFO - DAG(s) dict_keys(['example_kubernetes_executor']) retrieved from /home/airflow/.local/lib/python3.7/site-packages/airflow/example_dags/example_kubernetes_executor.py
[2023-05-08T22:20:55.553+0000] {logging_mixin.py:149} INFO - [2023-05-08T22:20:55.553+0000] {dag.py:2726} INFO - Sync 1 DAGs
[2023-05-08T22:20:55.576+0000] {logging_mixin.py:149} INFO - [2023-05-08T22:20:55.576+0000] {dag.py:3490} INFO - Setting next_dagrun for example_kubernetes_executor to None, run_after=None
[2023-05-08T22:20:55.590+0000] {processor.py:178} INFO - Processing /home/airflow/.local/lib/python3.7/site-packages/airflow/example_dags/example_kubernetes_executor.py took 0.231 seconds
[2023-05-08T22:21:26.232+0000] {processor.py:156} INFO - Started process (PID=677) to work on /home/airflow/.local/lib/python3.7/site-packages/airflow/example_dags/example_kubernetes_executor.py
[2023-05-08T22:21:26.235+0000] {processor.py:799} INFO - Processing file /home/airflow/.local/lib/python3.7/site-packages/airflow/example_dags/example_kubernetes_executor.py for tasks to queue
[2023-05-08T22:21:26.236+0000] {logging_mixin.py:149} INFO - [2023-05-08T22:21:26.236+0000] {dagbag.py:541} INFO - Filling up the DagBag from /home/airflow/.local/lib/python3.7/site-packages/airflow/example_dags/example_kubernetes_executor.py
[2023-05-08T22:21:26.392+0000] {processor.py:809} INFO - DAG(s) dict_keys(['example_kubernetes_executor']) retrieved from /home/airflow/.local/lib/python3.7/site-packages/airflow/example_dags/example_kubernetes_executor.py
[2023-05-08T22:21:26.425+0000] {logging_mixin.py:149} INFO - [2023-05-08T22:21:26.425+0000] {dag.py:2726} INFO - Sync 1 DAGs
[2023-05-08T22:21:26.449+0000] {logging_mixin.py:149} INFO - [2023-05-08T22:21:26.448+0000] {dag.py:3490} INFO - Setting next_dagrun for example_kubernetes_executor to None, run_after=None
[2023-05-08T22:21:26.462+0000] {processor.py:178} INFO - Processing /home/airflow/.local/lib/python3.7/site-packages/airflow/example_dags/example_kubernetes_executor.py took 0.237 seconds
[2023-05-08T22:22:07.246+0000] {processor.py:156} INFO - Started process (PID=44) to work on /home/airflow/.local/lib/python3.7/site-packages/airflow/example_dags/example_kubernetes_executor.py
[2023-05-08T22:22:07.247+0000] {processor.py:799} INFO - Processing file /home/airflow/.local/lib/python3.7/site-packages/airflow/example_dags/example_kubernetes_executor.py for tasks to queue
[2023-05-08T22:22:07.248+0000] {logging_mixin.py:149} INFO - [2023-05-08T22:22:07.248+0000] {dagbag.py:541} INFO - Filling up the DagBag from /home/airflow/.local/lib/python3.7/site-packages/airflow/example_dags/example_kubernetes_executor.py
[2023-05-08T22:22:08.101+0000] {processor.py:809} INFO - DAG(s) dict_keys(['example_kubernetes_executor']) retrieved from /home/airflow/.local/lib/python3.7/site-packages/airflow/example_dags/example_kubernetes_executor.py
[2023-05-08T22:22:08.140+0000] {logging_mixin.py:149} INFO - [2023-05-08T22:22:08.140+0000] {dag.py:2726} INFO - Sync 1 DAGs
[2023-05-08T22:22:08.168+0000] {logging_mixin.py:149} INFO - [2023-05-08T22:22:08.168+0000] {dag.py:3490} INFO - Setting next_dagrun for example_kubernetes_executor to None, run_after=None
[2023-05-08T22:22:08.196+0000] {processor.py:178} INFO - Processing /home/airflow/.local/lib/python3.7/site-packages/airflow/example_dags/example_kubernetes_executor.py took 0.954 seconds
[2023-05-08T22:22:38.737+0000] {processor.py:156} INFO - Started process (PID=103) to work on /home/airflow/.local/lib/python3.7/site-packages/airflow/example_dags/example_kubernetes_executor.py
[2023-05-08T22:22:38.738+0000] {processor.py:799} INFO - Processing file /home/airflow/.local/lib/python3.7/site-packages/airflow/example_dags/example_kubernetes_executor.py for tasks to queue
[2023-05-08T22:22:38.739+0000] {logging_mixin.py:149} INFO - [2023-05-08T22:22:38.739+0000] {dagbag.py:541} INFO - Filling up the DagBag from /home/airflow/.local/lib/python3.7/site-packages/airflow/example_dags/example_kubernetes_executor.py
[2023-05-08T22:22:39.006+0000] {processor.py:809} INFO - DAG(s) dict_keys(['example_kubernetes_executor']) retrieved from /home/airflow/.local/lib/python3.7/site-packages/airflow/example_dags/example_kubernetes_executor.py
[2023-05-08T22:22:39.056+0000] {logging_mixin.py:149} INFO - [2023-05-08T22:22:39.055+0000] {dag.py:2726} INFO - Sync 1 DAGs
[2023-05-08T22:22:39.078+0000] {logging_mixin.py:149} INFO - [2023-05-08T22:22:39.078+0000] {dag.py:3490} INFO - Setting next_dagrun for example_kubernetes_executor to None, run_after=None
[2023-05-08T22:22:39.092+0000] {processor.py:178} INFO - Processing /home/airflow/.local/lib/python3.7/site-packages/airflow/example_dags/example_kubernetes_executor.py took 0.358 seconds
[2023-05-08T22:23:09.158+0000] {processor.py:156} INFO - Started process (PID=163) to work on /home/airflow/.local/lib/python3.7/site-packages/airflow/example_dags/example_kubernetes_executor.py
[2023-05-08T22:23:09.159+0000] {processor.py:799} INFO - Processing file /home/airflow/.local/lib/python3.7/site-packages/airflow/example_dags/example_kubernetes_executor.py for tasks to queue
[2023-05-08T22:23:09.160+0000] {logging_mixin.py:149} INFO - [2023-05-08T22:23:09.160+0000] {dagbag.py:541} INFO - Filling up the DagBag from /home/airflow/.local/lib/python3.7/site-packages/airflow/example_dags/example_kubernetes_executor.py
[2023-05-08T22:23:09.274+0000] {processor.py:809} INFO - DAG(s) dict_keys(['example_kubernetes_executor']) retrieved from /home/airflow/.local/lib/python3.7/site-packages/airflow/example_dags/example_kubernetes_executor.py
[2023-05-08T22:23:09.303+0000] {logging_mixin.py:149} INFO - [2023-05-08T22:23:09.303+0000] {dag.py:2726} INFO - Sync 1 DAGs
[2023-05-08T22:23:09.323+0000] {logging_mixin.py:149} INFO - [2023-05-08T22:23:09.322+0000] {dag.py:3490} INFO - Setting next_dagrun for example_kubernetes_executor to None, run_after=None
[2023-05-08T22:23:09.335+0000] {processor.py:178} INFO - Processing /home/airflow/.local/lib/python3.7/site-packages/airflow/example_dags/example_kubernetes_executor.py took 0.180 seconds
[2023-05-08T22:23:39.864+0000] {processor.py:156} INFO - Started process (PID=217) to work on /home/airflow/.local/lib/python3.7/site-packages/airflow/example_dags/example_kubernetes_executor.py
[2023-05-08T22:23:39.866+0000] {processor.py:799} INFO - Processing file /home/airflow/.local/lib/python3.7/site-packages/airflow/example_dags/example_kubernetes_executor.py for tasks to queue
[2023-05-08T22:23:39.867+0000] {logging_mixin.py:149} INFO - [2023-05-08T22:23:39.867+0000] {dagbag.py:541} INFO - Filling up the DagBag from /home/airflow/.local/lib/python3.7/site-packages/airflow/example_dags/example_kubernetes_executor.py
[2023-05-08T22:23:40.014+0000] {processor.py:809} INFO - DAG(s) dict_keys(['example_kubernetes_executor']) retrieved from /home/airflow/.local/lib/python3.7/site-packages/airflow/example_dags/example_kubernetes_executor.py
[2023-05-08T22:23:40.049+0000] {logging_mixin.py:149} INFO - [2023-05-08T22:23:40.049+0000] {dag.py:2726} INFO - Sync 1 DAGs
[2023-05-08T22:23:40.070+0000] {logging_mixin.py:149} INFO - [2023-05-08T22:23:40.070+0000] {dag.py:3490} INFO - Setting next_dagrun for example_kubernetes_executor to None, run_after=None
[2023-05-08T22:23:40.084+0000] {processor.py:178} INFO - Processing /home/airflow/.local/lib/python3.7/site-packages/airflow/example_dags/example_kubernetes_executor.py took 0.226 seconds
[2023-05-08T22:24:10.687+0000] {processor.py:156} INFO - Started process (PID=274) to work on /home/airflow/.local/lib/python3.7/site-packages/airflow/example_dags/example_kubernetes_executor.py
[2023-05-08T22:24:10.689+0000] {processor.py:799} INFO - Processing file /home/airflow/.local/lib/python3.7/site-packages/airflow/example_dags/example_kubernetes_executor.py for tasks to queue
[2023-05-08T22:24:10.690+0000] {logging_mixin.py:149} INFO - [2023-05-08T22:24:10.690+0000] {dagbag.py:541} INFO - Filling up the DagBag from /home/airflow/.local/lib/python3.7/site-packages/airflow/example_dags/example_kubernetes_executor.py
[2023-05-08T22:24:10.830+0000] {processor.py:809} INFO - DAG(s) dict_keys(['example_kubernetes_executor']) retrieved from /home/airflow/.local/lib/python3.7/site-packages/airflow/example_dags/example_kubernetes_executor.py
[2023-05-08T22:24:10.861+0000] {logging_mixin.py:149} INFO - [2023-05-08T22:24:10.861+0000] {dag.py:2726} INFO - Sync 1 DAGs
[2023-05-08T22:24:10.879+0000] {logging_mixin.py:149} INFO - [2023-05-08T22:24:10.879+0000] {dag.py:3490} INFO - Setting next_dagrun for example_kubernetes_executor to None, run_after=None
[2023-05-08T22:24:10.892+0000] {processor.py:178} INFO - Processing /home/airflow/.local/lib/python3.7/site-packages/airflow/example_dags/example_kubernetes_executor.py took 0.209 seconds
[2023-05-08T22:24:41.485+0000] {processor.py:156} INFO - Started process (PID=331) to work on /home/airflow/.local/lib/python3.7/site-packages/airflow/example_dags/example_kubernetes_executor.py
[2023-05-08T22:24:41.487+0000] {processor.py:799} INFO - Processing file /home/airflow/.local/lib/python3.7/site-packages/airflow/example_dags/example_kubernetes_executor.py for tasks to queue
[2023-05-08T22:24:41.489+0000] {logging_mixin.py:149} INFO - [2023-05-08T22:24:41.488+0000] {dagbag.py:541} INFO - Filling up the DagBag from /home/airflow/.local/lib/python3.7/site-packages/airflow/example_dags/example_kubernetes_executor.py
[2023-05-08T22:24:41.643+0000] {processor.py:809} INFO - DAG(s) dict_keys(['example_kubernetes_executor']) retrieved from /home/airflow/.local/lib/python3.7/site-packages/airflow/example_dags/example_kubernetes_executor.py
[2023-05-08T22:24:41.675+0000] {logging_mixin.py:149} INFO - [2023-05-08T22:24:41.675+0000] {dag.py:2726} INFO - Sync 1 DAGs
[2023-05-08T22:24:41.694+0000] {logging_mixin.py:149} INFO - [2023-05-08T22:24:41.694+0000] {dag.py:3490} INFO - Setting next_dagrun for example_kubernetes_executor to None, run_after=None
[2023-05-08T22:24:41.707+0000] {processor.py:178} INFO - Processing /home/airflow/.local/lib/python3.7/site-packages/airflow/example_dags/example_kubernetes_executor.py took 0.228 seconds
[2023-05-08T22:25:12.169+0000] {processor.py:156} INFO - Started process (PID=388) to work on /home/airflow/.local/lib/python3.7/site-packages/airflow/example_dags/example_kubernetes_executor.py
[2023-05-08T22:25:12.170+0000] {processor.py:799} INFO - Processing file /home/airflow/.local/lib/python3.7/site-packages/airflow/example_dags/example_kubernetes_executor.py for tasks to queue
[2023-05-08T22:25:12.171+0000] {logging_mixin.py:149} INFO - [2023-05-08T22:25:12.171+0000] {dagbag.py:541} INFO - Filling up the DagBag from /home/airflow/.local/lib/python3.7/site-packages/airflow/example_dags/example_kubernetes_executor.py
[2023-05-08T22:25:12.300+0000] {processor.py:809} INFO - DAG(s) dict_keys(['example_kubernetes_executor']) retrieved from /home/airflow/.local/lib/python3.7/site-packages/airflow/example_dags/example_kubernetes_executor.py
[2023-05-08T22:25:12.331+0000] {logging_mixin.py:149} INFO - [2023-05-08T22:25:12.331+0000] {dag.py:2726} INFO - Sync 1 DAGs
[2023-05-08T22:25:12.351+0000] {logging_mixin.py:149} INFO - [2023-05-08T22:25:12.351+0000] {dag.py:3490} INFO - Setting next_dagrun for example_kubernetes_executor to None, run_after=None
[2023-05-08T22:25:12.365+0000] {processor.py:178} INFO - Processing /home/airflow/.local/lib/python3.7/site-packages/airflow/example_dags/example_kubernetes_executor.py took 0.200 seconds
[2023-05-08T22:25:58.644+0000] {processor.py:156} INFO - Started process (PID=44) to work on /home/airflow/.local/lib/python3.7/site-packages/airflow/example_dags/example_kubernetes_executor.py
[2023-05-08T22:25:58.646+0000] {processor.py:799} INFO - Processing file /home/airflow/.local/lib/python3.7/site-packages/airflow/example_dags/example_kubernetes_executor.py for tasks to queue
[2023-05-08T22:25:58.646+0000] {logging_mixin.py:149} INFO - [2023-05-08T22:25:58.646+0000] {dagbag.py:541} INFO - Filling up the DagBag from /home/airflow/.local/lib/python3.7/site-packages/airflow/example_dags/example_kubernetes_executor.py
[2023-05-08T22:25:59.421+0000] {processor.py:809} INFO - DAG(s) dict_keys(['example_kubernetes_executor']) retrieved from /home/airflow/.local/lib/python3.7/site-packages/airflow/example_dags/example_kubernetes_executor.py
[2023-05-08T22:25:59.444+0000] {logging_mixin.py:149} INFO - [2023-05-08T22:25:59.444+0000] {dag.py:2726} INFO - Sync 1 DAGs
[2023-05-08T22:25:59.486+0000] {logging_mixin.py:149} INFO - [2023-05-08T22:25:59.486+0000] {dag.py:3490} INFO - Setting next_dagrun for example_kubernetes_executor to None, run_after=None
[2023-05-08T22:25:59.507+0000] {processor.py:178} INFO - Processing /home/airflow/.local/lib/python3.7/site-packages/airflow/example_dags/example_kubernetes_executor.py took 0.866 seconds
[2023-05-08T22:26:30.354+0000] {processor.py:156} INFO - Started process (PID=105) to work on /home/airflow/.local/lib/python3.7/site-packages/airflow/example_dags/example_kubernetes_executor.py
[2023-05-08T22:26:30.357+0000] {processor.py:799} INFO - Processing file /home/airflow/.local/lib/python3.7/site-packages/airflow/example_dags/example_kubernetes_executor.py for tasks to queue
[2023-05-08T22:26:30.359+0000] {logging_mixin.py:149} INFO - [2023-05-08T22:26:30.359+0000] {dagbag.py:541} INFO - Filling up the DagBag from /home/airflow/.local/lib/python3.7/site-packages/airflow/example_dags/example_kubernetes_executor.py
[2023-05-08T22:26:30.578+0000] {processor.py:809} INFO - DAG(s) dict_keys(['example_kubernetes_executor']) retrieved from /home/airflow/.local/lib/python3.7/site-packages/airflow/example_dags/example_kubernetes_executor.py
[2023-05-08T22:26:30.622+0000] {logging_mixin.py:149} INFO - [2023-05-08T22:26:30.621+0000] {dag.py:2726} INFO - Sync 1 DAGs
[2023-05-08T22:26:30.649+0000] {logging_mixin.py:149} INFO - [2023-05-08T22:26:30.649+0000] {dag.py:3490} INFO - Setting next_dagrun for example_kubernetes_executor to None, run_after=None
[2023-05-08T22:26:30.662+0000] {processor.py:178} INFO - Processing /home/airflow/.local/lib/python3.7/site-packages/airflow/example_dags/example_kubernetes_executor.py took 0.314 seconds
[2023-05-08T22:27:01.275+0000] {processor.py:156} INFO - Started process (PID=162) to work on /home/airflow/.local/lib/python3.7/site-packages/airflow/example_dags/example_kubernetes_executor.py
[2023-05-08T22:27:01.277+0000] {processor.py:799} INFO - Processing file /home/airflow/.local/lib/python3.7/site-packages/airflow/example_dags/example_kubernetes_executor.py for tasks to queue
[2023-05-08T22:27:01.278+0000] {logging_mixin.py:149} INFO - [2023-05-08T22:27:01.278+0000] {dagbag.py:541} INFO - Filling up the DagBag from /home/airflow/.local/lib/python3.7/site-packages/airflow/example_dags/example_kubernetes_executor.py
[2023-05-08T22:27:01.444+0000] {processor.py:809} INFO - DAG(s) dict_keys(['example_kubernetes_executor']) retrieved from /home/airflow/.local/lib/python3.7/site-packages/airflow/example_dags/example_kubernetes_executor.py
[2023-05-08T22:27:01.479+0000] {logging_mixin.py:149} INFO - [2023-05-08T22:27:01.479+0000] {dag.py:2726} INFO - Sync 1 DAGs
[2023-05-08T22:27:01.502+0000] {logging_mixin.py:149} INFO - [2023-05-08T22:27:01.502+0000] {dag.py:3490} INFO - Setting next_dagrun for example_kubernetes_executor to None, run_after=None
[2023-05-08T22:27:01.537+0000] {processor.py:178} INFO - Processing /home/airflow/.local/lib/python3.7/site-packages/airflow/example_dags/example_kubernetes_executor.py took 0.268 seconds
[2023-05-08T22:27:32.080+0000] {processor.py:156} INFO - Started process (PID=219) to work on /home/airflow/.local/lib/python3.7/site-packages/airflow/example_dags/example_kubernetes_executor.py
[2023-05-08T22:27:32.083+0000] {processor.py:799} INFO - Processing file /home/airflow/.local/lib/python3.7/site-packages/airflow/example_dags/example_kubernetes_executor.py for tasks to queue
[2023-05-08T22:27:32.084+0000] {logging_mixin.py:149} INFO - [2023-05-08T22:27:32.084+0000] {dagbag.py:541} INFO - Filling up the DagBag from /home/airflow/.local/lib/python3.7/site-packages/airflow/example_dags/example_kubernetes_executor.py
[2023-05-08T22:27:32.250+0000] {processor.py:809} INFO - DAG(s) dict_keys(['example_kubernetes_executor']) retrieved from /home/airflow/.local/lib/python3.7/site-packages/airflow/example_dags/example_kubernetes_executor.py
[2023-05-08T22:27:32.294+0000] {logging_mixin.py:149} INFO - [2023-05-08T22:27:32.294+0000] {dag.py:2726} INFO - Sync 1 DAGs
[2023-05-08T22:27:32.314+0000] {logging_mixin.py:149} INFO - [2023-05-08T22:27:32.314+0000] {dag.py:3490} INFO - Setting next_dagrun for example_kubernetes_executor to None, run_after=None
[2023-05-08T22:27:32.328+0000] {processor.py:178} INFO - Processing /home/airflow/.local/lib/python3.7/site-packages/airflow/example_dags/example_kubernetes_executor.py took 0.254 seconds
[2023-05-08T22:28:02.580+0000] {processor.py:156} INFO - Started process (PID=276) to work on /home/airflow/.local/lib/python3.7/site-packages/airflow/example_dags/example_kubernetes_executor.py
[2023-05-08T22:28:02.582+0000] {processor.py:799} INFO - Processing file /home/airflow/.local/lib/python3.7/site-packages/airflow/example_dags/example_kubernetes_executor.py for tasks to queue
[2023-05-08T22:28:02.584+0000] {logging_mixin.py:149} INFO - [2023-05-08T22:28:02.584+0000] {dagbag.py:541} INFO - Filling up the DagBag from /home/airflow/.local/lib/python3.7/site-packages/airflow/example_dags/example_kubernetes_executor.py
[2023-05-08T22:28:02.745+0000] {processor.py:809} INFO - DAG(s) dict_keys(['example_kubernetes_executor']) retrieved from /home/airflow/.local/lib/python3.7/site-packages/airflow/example_dags/example_kubernetes_executor.py
[2023-05-08T22:28:02.778+0000] {logging_mixin.py:149} INFO - [2023-05-08T22:28:02.778+0000] {dag.py:2726} INFO - Sync 1 DAGs
[2023-05-08T22:28:02.797+0000] {logging_mixin.py:149} INFO - [2023-05-08T22:28:02.797+0000] {dag.py:3490} INFO - Setting next_dagrun for example_kubernetes_executor to None, run_after=None
[2023-05-08T22:28:02.810+0000] {processor.py:178} INFO - Processing /home/airflow/.local/lib/python3.7/site-packages/airflow/example_dags/example_kubernetes_executor.py took 0.237 seconds
[2023-05-08T22:28:33.288+0000] {processor.py:156} INFO - Started process (PID=333) to work on /home/airflow/.local/lib/python3.7/site-packages/airflow/example_dags/example_kubernetes_executor.py
[2023-05-08T22:28:33.290+0000] {processor.py:799} INFO - Processing file /home/airflow/.local/lib/python3.7/site-packages/airflow/example_dags/example_kubernetes_executor.py for tasks to queue
[2023-05-08T22:28:33.291+0000] {logging_mixin.py:149} INFO - [2023-05-08T22:28:33.291+0000] {dagbag.py:541} INFO - Filling up the DagBag from /home/airflow/.local/lib/python3.7/site-packages/airflow/example_dags/example_kubernetes_executor.py
[2023-05-08T22:28:33.449+0000] {processor.py:809} INFO - DAG(s) dict_keys(['example_kubernetes_executor']) retrieved from /home/airflow/.local/lib/python3.7/site-packages/airflow/example_dags/example_kubernetes_executor.py
[2023-05-08T22:28:33.481+0000] {logging_mixin.py:149} INFO - [2023-05-08T22:28:33.481+0000] {dag.py:2726} INFO - Sync 1 DAGs
[2023-05-08T22:28:33.500+0000] {logging_mixin.py:149} INFO - [2023-05-08T22:28:33.500+0000] {dag.py:3490} INFO - Setting next_dagrun for example_kubernetes_executor to None, run_after=None
[2023-05-08T22:28:33.513+0000] {processor.py:178} INFO - Processing /home/airflow/.local/lib/python3.7/site-packages/airflow/example_dags/example_kubernetes_executor.py took 0.230 seconds
[2023-05-08T22:29:04.130+0000] {processor.py:156} INFO - Started process (PID=390) to work on /home/airflow/.local/lib/python3.7/site-packages/airflow/example_dags/example_kubernetes_executor.py
[2023-05-08T22:29:04.132+0000] {processor.py:799} INFO - Processing file /home/airflow/.local/lib/python3.7/site-packages/airflow/example_dags/example_kubernetes_executor.py for tasks to queue
[2023-05-08T22:29:04.133+0000] {logging_mixin.py:149} INFO - [2023-05-08T22:29:04.133+0000] {dagbag.py:541} INFO - Filling up the DagBag from /home/airflow/.local/lib/python3.7/site-packages/airflow/example_dags/example_kubernetes_executor.py
[2023-05-08T22:29:04.292+0000] {processor.py:809} INFO - DAG(s) dict_keys(['example_kubernetes_executor']) retrieved from /home/airflow/.local/lib/python3.7/site-packages/airflow/example_dags/example_kubernetes_executor.py
[2023-05-08T22:29:04.329+0000] {logging_mixin.py:149} INFO - [2023-05-08T22:29:04.329+0000] {dag.py:2726} INFO - Sync 1 DAGs
[2023-05-08T22:29:04.350+0000] {logging_mixin.py:149} INFO - [2023-05-08T22:29:04.350+0000] {dag.py:3490} INFO - Setting next_dagrun for example_kubernetes_executor to None, run_after=None
[2023-05-08T22:29:04.364+0000] {processor.py:178} INFO - Processing /home/airflow/.local/lib/python3.7/site-packages/airflow/example_dags/example_kubernetes_executor.py took 0.239 seconds
[2023-05-08T22:29:34.686+0000] {processor.py:156} INFO - Started process (PID=447) to work on /home/airflow/.local/lib/python3.7/site-packages/airflow/example_dags/example_kubernetes_executor.py
[2023-05-08T22:29:34.687+0000] {processor.py:799} INFO - Processing file /home/airflow/.local/lib/python3.7/site-packages/airflow/example_dags/example_kubernetes_executor.py for tasks to queue
[2023-05-08T22:29:34.688+0000] {logging_mixin.py:149} INFO - [2023-05-08T22:29:34.688+0000] {dagbag.py:541} INFO - Filling up the DagBag from /home/airflow/.local/lib/python3.7/site-packages/airflow/example_dags/example_kubernetes_executor.py
[2023-05-08T22:29:34.829+0000] {processor.py:809} INFO - DAG(s) dict_keys(['example_kubernetes_executor']) retrieved from /home/airflow/.local/lib/python3.7/site-packages/airflow/example_dags/example_kubernetes_executor.py
[2023-05-08T22:29:34.862+0000] {logging_mixin.py:149} INFO - [2023-05-08T22:29:34.862+0000] {dag.py:2726} INFO - Sync 1 DAGs
[2023-05-08T22:29:34.882+0000] {logging_mixin.py:149} INFO - [2023-05-08T22:29:34.882+0000] {dag.py:3490} INFO - Setting next_dagrun for example_kubernetes_executor to None, run_after=None
[2023-05-08T22:29:34.896+0000] {processor.py:178} INFO - Processing /home/airflow/.local/lib/python3.7/site-packages/airflow/example_dags/example_kubernetes_executor.py took 0.214 seconds
[2023-05-08T22:30:05.504+0000] {processor.py:156} INFO - Started process (PID=504) to work on /home/airflow/.local/lib/python3.7/site-packages/airflow/example_dags/example_kubernetes_executor.py
[2023-05-08T22:30:05.506+0000] {processor.py:799} INFO - Processing file /home/airflow/.local/lib/python3.7/site-packages/airflow/example_dags/example_kubernetes_executor.py for tasks to queue
[2023-05-08T22:30:05.507+0000] {logging_mixin.py:149} INFO - [2023-05-08T22:30:05.506+0000] {dagbag.py:541} INFO - Filling up the DagBag from /home/airflow/.local/lib/python3.7/site-packages/airflow/example_dags/example_kubernetes_executor.py
[2023-05-08T22:30:05.661+0000] {processor.py:809} INFO - DAG(s) dict_keys(['example_kubernetes_executor']) retrieved from /home/airflow/.local/lib/python3.7/site-packages/airflow/example_dags/example_kubernetes_executor.py
[2023-05-08T22:30:05.692+0000] {logging_mixin.py:149} INFO - [2023-05-08T22:30:05.692+0000] {dag.py:2726} INFO - Sync 1 DAGs
[2023-05-08T22:30:05.712+0000] {logging_mixin.py:149} INFO - [2023-05-08T22:30:05.712+0000] {dag.py:3490} INFO - Setting next_dagrun for example_kubernetes_executor to None, run_after=None
[2023-05-08T22:30:05.725+0000] {processor.py:178} INFO - Processing /home/airflow/.local/lib/python3.7/site-packages/airflow/example_dags/example_kubernetes_executor.py took 0.228 seconds
[2023-05-08T22:30:36.231+0000] {processor.py:156} INFO - Started process (PID=561) to work on /home/airflow/.local/lib/python3.7/site-packages/airflow/example_dags/example_kubernetes_executor.py
[2023-05-08T22:30:36.233+0000] {processor.py:799} INFO - Processing file /home/airflow/.local/lib/python3.7/site-packages/airflow/example_dags/example_kubernetes_executor.py for tasks to queue
[2023-05-08T22:30:36.235+0000] {logging_mixin.py:149} INFO - [2023-05-08T22:30:36.235+0000] {dagbag.py:541} INFO - Filling up the DagBag from /home/airflow/.local/lib/python3.7/site-packages/airflow/example_dags/example_kubernetes_executor.py
[2023-05-08T22:30:36.400+0000] {processor.py:809} INFO - DAG(s) dict_keys(['example_kubernetes_executor']) retrieved from /home/airflow/.local/lib/python3.7/site-packages/airflow/example_dags/example_kubernetes_executor.py
[2023-05-08T22:30:36.434+0000] {logging_mixin.py:149} INFO - [2023-05-08T22:30:36.434+0000] {dag.py:2726} INFO - Sync 1 DAGs
[2023-05-08T22:30:36.454+0000] {logging_mixin.py:149} INFO - [2023-05-08T22:30:36.454+0000] {dag.py:3490} INFO - Setting next_dagrun for example_kubernetes_executor to None, run_after=None
[2023-05-08T22:30:36.470+0000] {processor.py:178} INFO - Processing /home/airflow/.local/lib/python3.7/site-packages/airflow/example_dags/example_kubernetes_executor.py took 0.243 seconds
[2023-05-08T22:31:07.216+0000] {processor.py:156} INFO - Started process (PID=618) to work on /home/airflow/.local/lib/python3.7/site-packages/airflow/example_dags/example_kubernetes_executor.py
[2023-05-08T22:31:07.219+0000] {processor.py:799} INFO - Processing file /home/airflow/.local/lib/python3.7/site-packages/airflow/example_dags/example_kubernetes_executor.py for tasks to queue
[2023-05-08T22:31:07.221+0000] {logging_mixin.py:149} INFO - [2023-05-08T22:31:07.221+0000] {dagbag.py:541} INFO - Filling up the DagBag from /home/airflow/.local/lib/python3.7/site-packages/airflow/example_dags/example_kubernetes_executor.py
[2023-05-08T22:31:07.414+0000] {processor.py:809} INFO - DAG(s) dict_keys(['example_kubernetes_executor']) retrieved from /home/airflow/.local/lib/python3.7/site-packages/airflow/example_dags/example_kubernetes_executor.py
[2023-05-08T22:31:07.450+0000] {logging_mixin.py:149} INFO - [2023-05-08T22:31:07.450+0000] {dag.py:2726} INFO - Sync 1 DAGs
[2023-05-08T22:31:07.470+0000] {logging_mixin.py:149} INFO - [2023-05-08T22:31:07.470+0000] {dag.py:3490} INFO - Setting next_dagrun for example_kubernetes_executor to None, run_after=None
[2023-05-08T22:31:07.485+0000] {processor.py:178} INFO - Processing /home/airflow/.local/lib/python3.7/site-packages/airflow/example_dags/example_kubernetes_executor.py took 0.277 seconds
[2023-05-08T22:31:37.836+0000] {processor.py:156} INFO - Started process (PID=675) to work on /home/airflow/.local/lib/python3.7/site-packages/airflow/example_dags/example_kubernetes_executor.py
[2023-05-08T22:31:37.838+0000] {processor.py:799} INFO - Processing file /home/airflow/.local/lib/python3.7/site-packages/airflow/example_dags/example_kubernetes_executor.py for tasks to queue
[2023-05-08T22:31:37.839+0000] {logging_mixin.py:149} INFO - [2023-05-08T22:31:37.839+0000] {dagbag.py:541} INFO - Filling up the DagBag from /home/airflow/.local/lib/python3.7/site-packages/airflow/example_dags/example_kubernetes_executor.py
[2023-05-08T22:31:37.977+0000] {processor.py:809} INFO - DAG(s) dict_keys(['example_kubernetes_executor']) retrieved from /home/airflow/.local/lib/python3.7/site-packages/airflow/example_dags/example_kubernetes_executor.py
[2023-05-08T22:31:38.008+0000] {logging_mixin.py:149} INFO - [2023-05-08T22:31:38.008+0000] {dag.py:2726} INFO - Sync 1 DAGs
[2023-05-08T22:31:38.027+0000] {logging_mixin.py:149} INFO - [2023-05-08T22:31:38.027+0000] {dag.py:3490} INFO - Setting next_dagrun for example_kubernetes_executor to None, run_after=None
[2023-05-08T22:31:38.040+0000] {processor.py:178} INFO - Processing /home/airflow/.local/lib/python3.7/site-packages/airflow/example_dags/example_kubernetes_executor.py took 0.210 seconds
[2023-05-08T22:32:08.437+0000] {processor.py:156} INFO - Started process (PID=732) to work on /home/airflow/.local/lib/python3.7/site-packages/airflow/example_dags/example_kubernetes_executor.py
[2023-05-08T22:32:08.440+0000] {processor.py:799} INFO - Processing file /home/airflow/.local/lib/python3.7/site-packages/airflow/example_dags/example_kubernetes_executor.py for tasks to queue
[2023-05-08T22:32:08.441+0000] {logging_mixin.py:149} INFO - [2023-05-08T22:32:08.441+0000] {dagbag.py:541} INFO - Filling up the DagBag from /home/airflow/.local/lib/python3.7/site-packages/airflow/example_dags/example_kubernetes_executor.py
[2023-05-08T22:32:08.623+0000] {processor.py:809} INFO - DAG(s) dict_keys(['example_kubernetes_executor']) retrieved from /home/airflow/.local/lib/python3.7/site-packages/airflow/example_dags/example_kubernetes_executor.py
[2023-05-08T22:32:08.666+0000] {logging_mixin.py:149} INFO - [2023-05-08T22:32:08.666+0000] {dag.py:2726} INFO - Sync 1 DAGs
[2023-05-08T22:32:08.697+0000] {logging_mixin.py:149} INFO - [2023-05-08T22:32:08.697+0000] {dag.py:3490} INFO - Setting next_dagrun for example_kubernetes_executor to None, run_after=None
[2023-05-08T22:32:08.713+0000] {processor.py:178} INFO - Processing /home/airflow/.local/lib/python3.7/site-packages/airflow/example_dags/example_kubernetes_executor.py took 0.281 seconds
[2023-05-08T22:32:39.279+0000] {processor.py:156} INFO - Started process (PID=789) to work on /home/airflow/.local/lib/python3.7/site-packages/airflow/example_dags/example_kubernetes_executor.py
[2023-05-08T22:32:39.280+0000] {processor.py:799} INFO - Processing file /home/airflow/.local/lib/python3.7/site-packages/airflow/example_dags/example_kubernetes_executor.py for tasks to queue
[2023-05-08T22:32:39.282+0000] {logging_mixin.py:149} INFO - [2023-05-08T22:32:39.282+0000] {dagbag.py:541} INFO - Filling up the DagBag from /home/airflow/.local/lib/python3.7/site-packages/airflow/example_dags/example_kubernetes_executor.py
[2023-05-08T22:32:39.449+0000] {processor.py:809} INFO - DAG(s) dict_keys(['example_kubernetes_executor']) retrieved from /home/airflow/.local/lib/python3.7/site-packages/airflow/example_dags/example_kubernetes_executor.py
[2023-05-08T22:32:39.498+0000] {logging_mixin.py:149} INFO - [2023-05-08T22:32:39.498+0000] {dag.py:2726} INFO - Sync 1 DAGs
[2023-05-08T22:32:39.525+0000] {logging_mixin.py:149} INFO - [2023-05-08T22:32:39.525+0000] {dag.py:3490} INFO - Setting next_dagrun for example_kubernetes_executor to None, run_after=None
[2023-05-08T22:32:39.540+0000] {processor.py:178} INFO - Processing /home/airflow/.local/lib/python3.7/site-packages/airflow/example_dags/example_kubernetes_executor.py took 0.264 seconds
[2023-05-08T22:33:10.142+0000] {processor.py:156} INFO - Started process (PID=846) to work on /home/airflow/.local/lib/python3.7/site-packages/airflow/example_dags/example_kubernetes_executor.py
[2023-05-08T22:33:10.148+0000] {processor.py:799} INFO - Processing file /home/airflow/.local/lib/python3.7/site-packages/airflow/example_dags/example_kubernetes_executor.py for tasks to queue
[2023-05-08T22:33:10.149+0000] {logging_mixin.py:149} INFO - [2023-05-08T22:33:10.149+0000] {dagbag.py:541} INFO - Filling up the DagBag from /home/airflow/.local/lib/python3.7/site-packages/airflow/example_dags/example_kubernetes_executor.py
[2023-05-08T22:33:10.526+0000] {processor.py:809} INFO - DAG(s) dict_keys(['example_kubernetes_executor']) retrieved from /home/airflow/.local/lib/python3.7/site-packages/airflow/example_dags/example_kubernetes_executor.py
[2023-05-08T22:33:10.587+0000] {logging_mixin.py:149} INFO - [2023-05-08T22:33:10.587+0000] {dag.py:2726} INFO - Sync 1 DAGs
[2023-05-08T22:33:10.615+0000] {logging_mixin.py:149} INFO - [2023-05-08T22:33:10.615+0000] {dag.py:3490} INFO - Setting next_dagrun for example_kubernetes_executor to None, run_after=None
[2023-05-08T22:33:10.646+0000] {processor.py:178} INFO - Processing /home/airflow/.local/lib/python3.7/site-packages/airflow/example_dags/example_kubernetes_executor.py took 0.522 seconds
[2023-05-08T22:33:41.517+0000] {processor.py:156} INFO - Started process (PID=904) to work on /home/airflow/.local/lib/python3.7/site-packages/airflow/example_dags/example_kubernetes_executor.py
[2023-05-08T22:33:41.518+0000] {processor.py:799} INFO - Processing file /home/airflow/.local/lib/python3.7/site-packages/airflow/example_dags/example_kubernetes_executor.py for tasks to queue
[2023-05-08T22:33:41.519+0000] {logging_mixin.py:149} INFO - [2023-05-08T22:33:41.519+0000] {dagbag.py:541} INFO - Filling up the DagBag from /home/airflow/.local/lib/python3.7/site-packages/airflow/example_dags/example_kubernetes_executor.py
[2023-05-08T22:33:41.706+0000] {processor.py:809} INFO - DAG(s) dict_keys(['example_kubernetes_executor']) retrieved from /home/airflow/.local/lib/python3.7/site-packages/airflow/example_dags/example_kubernetes_executor.py
[2023-05-08T22:33:41.743+0000] {logging_mixin.py:149} INFO - [2023-05-08T22:33:41.743+0000] {dag.py:2726} INFO - Sync 1 DAGs
[2023-05-08T22:33:41.800+0000] {logging_mixin.py:149} INFO - [2023-05-08T22:33:41.800+0000] {dag.py:3490} INFO - Setting next_dagrun for example_kubernetes_executor to None, run_after=None
[2023-05-08T22:33:41.821+0000] {processor.py:178} INFO - Processing /home/airflow/.local/lib/python3.7/site-packages/airflow/example_dags/example_kubernetes_executor.py took 0.309 seconds
[2023-05-08T22:34:12.079+0000] {processor.py:156} INFO - Started process (PID=961) to work on /home/airflow/.local/lib/python3.7/site-packages/airflow/example_dags/example_kubernetes_executor.py
[2023-05-08T22:34:12.081+0000] {processor.py:799} INFO - Processing file /home/airflow/.local/lib/python3.7/site-packages/airflow/example_dags/example_kubernetes_executor.py for tasks to queue
[2023-05-08T22:34:12.082+0000] {logging_mixin.py:149} INFO - [2023-05-08T22:34:12.082+0000] {dagbag.py:541} INFO - Filling up the DagBag from /home/airflow/.local/lib/python3.7/site-packages/airflow/example_dags/example_kubernetes_executor.py
[2023-05-08T22:34:12.318+0000] {processor.py:809} INFO - DAG(s) dict_keys(['example_kubernetes_executor']) retrieved from /home/airflow/.local/lib/python3.7/site-packages/airflow/example_dags/example_kubernetes_executor.py
[2023-05-08T22:34:12.515+0000] {logging_mixin.py:149} INFO - [2023-05-08T22:34:12.514+0000] {dag.py:2726} INFO - Sync 1 DAGs
[2023-05-08T22:34:12.582+0000] {logging_mixin.py:149} INFO - [2023-05-08T22:34:12.582+0000] {dag.py:3490} INFO - Setting next_dagrun for example_kubernetes_executor to None, run_after=None
[2023-05-08T22:34:12.605+0000] {processor.py:178} INFO - Processing /home/airflow/.local/lib/python3.7/site-packages/airflow/example_dags/example_kubernetes_executor.py took 0.531 seconds
[2023-05-08T22:34:43.226+0000] {processor.py:156} INFO - Started process (PID=1019) to work on /home/airflow/.local/lib/python3.7/site-packages/airflow/example_dags/example_kubernetes_executor.py
[2023-05-08T22:34:43.229+0000] {processor.py:799} INFO - Processing file /home/airflow/.local/lib/python3.7/site-packages/airflow/example_dags/example_kubernetes_executor.py for tasks to queue
[2023-05-08T22:34:43.234+0000] {logging_mixin.py:149} INFO - [2023-05-08T22:34:43.234+0000] {dagbag.py:541} INFO - Filling up the DagBag from /home/airflow/.local/lib/python3.7/site-packages/airflow/example_dags/example_kubernetes_executor.py
[2023-05-08T22:34:43.432+0000] {processor.py:809} INFO - DAG(s) dict_keys(['example_kubernetes_executor']) retrieved from /home/airflow/.local/lib/python3.7/site-packages/airflow/example_dags/example_kubernetes_executor.py
[2023-05-08T22:34:43.463+0000] {logging_mixin.py:149} INFO - [2023-05-08T22:34:43.463+0000] {dag.py:2726} INFO - Sync 1 DAGs
[2023-05-08T22:34:43.484+0000] {logging_mixin.py:149} INFO - [2023-05-08T22:34:43.484+0000] {dag.py:3490} INFO - Setting next_dagrun for example_kubernetes_executor to None, run_after=None
[2023-05-08T22:34:43.499+0000] {processor.py:178} INFO - Processing /home/airflow/.local/lib/python3.7/site-packages/airflow/example_dags/example_kubernetes_executor.py took 0.279 seconds
[2023-05-08T22:35:13.596+0000] {processor.py:156} INFO - Started process (PID=1077) to work on /home/airflow/.local/lib/python3.7/site-packages/airflow/example_dags/example_kubernetes_executor.py
[2023-05-08T22:35:13.598+0000] {processor.py:799} INFO - Processing file /home/airflow/.local/lib/python3.7/site-packages/airflow/example_dags/example_kubernetes_executor.py for tasks to queue
[2023-05-08T22:35:13.598+0000] {logging_mixin.py:149} INFO - [2023-05-08T22:35:13.598+0000] {dagbag.py:541} INFO - Filling up the DagBag from /home/airflow/.local/lib/python3.7/site-packages/airflow/example_dags/example_kubernetes_executor.py
[2023-05-08T22:35:13.756+0000] {processor.py:809} INFO - DAG(s) dict_keys(['example_kubernetes_executor']) retrieved from /home/airflow/.local/lib/python3.7/site-packages/airflow/example_dags/example_kubernetes_executor.py
[2023-05-08T22:35:13.794+0000] {logging_mixin.py:149} INFO - [2023-05-08T22:35:13.794+0000] {dag.py:2726} INFO - Sync 1 DAGs
[2023-05-08T22:35:13.837+0000] {logging_mixin.py:149} INFO - [2023-05-08T22:35:13.837+0000] {dag.py:3490} INFO - Setting next_dagrun for example_kubernetes_executor to None, run_after=None
[2023-05-08T22:35:13.853+0000] {processor.py:178} INFO - Processing /home/airflow/.local/lib/python3.7/site-packages/airflow/example_dags/example_kubernetes_executor.py took 0.260 seconds
