[2023-05-08T20:36:13.853+0000] {processor.py:156} INFO - Started process (PID=65) to work on /home/airflow/.local/lib/python3.7/site-packages/airflow/example_dags/example_params_trigger_ui.py
[2023-05-08T20:36:13.854+0000] {processor.py:799} INFO - Processing file /home/airflow/.local/lib/python3.7/site-packages/airflow/example_dags/example_params_trigger_ui.py for tasks to queue
[2023-05-08T20:36:13.855+0000] {logging_mixin.py:149} INFO - [2023-05-08T20:36:13.855+0000] {dagbag.py:541} INFO - Filling up the DagBag from /home/airflow/.local/lib/python3.7/site-packages/airflow/example_dags/example_params_trigger_ui.py
[2023-05-08T20:36:13.874+0000] {processor.py:809} INFO - DAG(s) dict_keys(['example_params_trigger_ui']) retrieved from /home/airflow/.local/lib/python3.7/site-packages/airflow/example_dags/example_params_trigger_ui.py
[2023-05-08T20:36:13.894+0000] {logging_mixin.py:149} INFO - [2023-05-08T20:36:13.894+0000] {dag.py:2726} INFO - Sync 1 DAGs
[2023-05-08T20:36:13.918+0000] {logging_mixin.py:149} INFO - [2023-05-08T20:36:13.918+0000] {dag.py:3490} INFO - Setting next_dagrun for example_params_trigger_ui to None, run_after=None
[2023-05-08T20:36:13.936+0000] {processor.py:178} INFO - Processing /home/airflow/.local/lib/python3.7/site-packages/airflow/example_dags/example_params_trigger_ui.py took 0.086 seconds
[2023-05-08T20:36:44.003+0000] {processor.py:156} INFO - Started process (PID=121) to work on /home/airflow/.local/lib/python3.7/site-packages/airflow/example_dags/example_params_trigger_ui.py
[2023-05-08T20:36:44.004+0000] {processor.py:799} INFO - Processing file /home/airflow/.local/lib/python3.7/site-packages/airflow/example_dags/example_params_trigger_ui.py for tasks to queue
[2023-05-08T20:36:44.004+0000] {logging_mixin.py:149} INFO - [2023-05-08T20:36:44.004+0000] {dagbag.py:541} INFO - Filling up the DagBag from /home/airflow/.local/lib/python3.7/site-packages/airflow/example_dags/example_params_trigger_ui.py
[2023-05-08T20:36:44.021+0000] {processor.py:809} INFO - DAG(s) dict_keys(['example_params_trigger_ui']) retrieved from /home/airflow/.local/lib/python3.7/site-packages/airflow/example_dags/example_params_trigger_ui.py
[2023-05-08T20:36:44.071+0000] {logging_mixin.py:149} INFO - [2023-05-08T20:36:44.070+0000] {dag.py:2726} INFO - Sync 1 DAGs
[2023-05-08T20:36:44.089+0000] {logging_mixin.py:149} INFO - [2023-05-08T20:36:44.088+0000] {dag.py:3490} INFO - Setting next_dagrun for example_params_trigger_ui to None, run_after=None
[2023-05-08T20:36:44.103+0000] {processor.py:178} INFO - Processing /home/airflow/.local/lib/python3.7/site-packages/airflow/example_dags/example_params_trigger_ui.py took 0.102 seconds
[2023-05-08T20:37:14.254+0000] {processor.py:156} INFO - Started process (PID=177) to work on /home/airflow/.local/lib/python3.7/site-packages/airflow/example_dags/example_params_trigger_ui.py
[2023-05-08T20:37:14.255+0000] {processor.py:799} INFO - Processing file /home/airflow/.local/lib/python3.7/site-packages/airflow/example_dags/example_params_trigger_ui.py for tasks to queue
[2023-05-08T20:37:14.256+0000] {logging_mixin.py:149} INFO - [2023-05-08T20:37:14.256+0000] {dagbag.py:541} INFO - Filling up the DagBag from /home/airflow/.local/lib/python3.7/site-packages/airflow/example_dags/example_params_trigger_ui.py
[2023-05-08T20:37:14.269+0000] {processor.py:809} INFO - DAG(s) dict_keys(['example_params_trigger_ui']) retrieved from /home/airflow/.local/lib/python3.7/site-packages/airflow/example_dags/example_params_trigger_ui.py
[2023-05-08T20:37:14.321+0000] {logging_mixin.py:149} INFO - [2023-05-08T20:37:14.321+0000] {dag.py:2726} INFO - Sync 1 DAGs
[2023-05-08T20:37:14.342+0000] {logging_mixin.py:149} INFO - [2023-05-08T20:37:14.342+0000] {dag.py:3490} INFO - Setting next_dagrun for example_params_trigger_ui to None, run_after=None
[2023-05-08T20:37:14.361+0000] {processor.py:178} INFO - Processing /home/airflow/.local/lib/python3.7/site-packages/airflow/example_dags/example_params_trigger_ui.py took 0.109 seconds
[2023-05-08T20:37:45.034+0000] {processor.py:156} INFO - Started process (PID=233) to work on /home/airflow/.local/lib/python3.7/site-packages/airflow/example_dags/example_params_trigger_ui.py
[2023-05-08T20:37:45.036+0000] {processor.py:799} INFO - Processing file /home/airflow/.local/lib/python3.7/site-packages/airflow/example_dags/example_params_trigger_ui.py for tasks to queue
[2023-05-08T20:37:45.037+0000] {logging_mixin.py:149} INFO - [2023-05-08T20:37:45.037+0000] {dagbag.py:541} INFO - Filling up the DagBag from /home/airflow/.local/lib/python3.7/site-packages/airflow/example_dags/example_params_trigger_ui.py
[2023-05-08T20:37:45.052+0000] {processor.py:809} INFO - DAG(s) dict_keys(['example_params_trigger_ui']) retrieved from /home/airflow/.local/lib/python3.7/site-packages/airflow/example_dags/example_params_trigger_ui.py
[2023-05-08T20:37:45.101+0000] {logging_mixin.py:149} INFO - [2023-05-08T20:37:45.101+0000] {dag.py:2726} INFO - Sync 1 DAGs
[2023-05-08T20:37:45.121+0000] {logging_mixin.py:149} INFO - [2023-05-08T20:37:45.120+0000] {dag.py:3490} INFO - Setting next_dagrun for example_params_trigger_ui to None, run_after=None
[2023-05-08T20:37:45.138+0000] {processor.py:178} INFO - Processing /home/airflow/.local/lib/python3.7/site-packages/airflow/example_dags/example_params_trigger_ui.py took 0.108 seconds
[2023-05-08T20:38:15.783+0000] {processor.py:156} INFO - Started process (PID=290) to work on /home/airflow/.local/lib/python3.7/site-packages/airflow/example_dags/example_params_trigger_ui.py
[2023-05-08T20:38:15.784+0000] {processor.py:799} INFO - Processing file /home/airflow/.local/lib/python3.7/site-packages/airflow/example_dags/example_params_trigger_ui.py for tasks to queue
[2023-05-08T20:38:15.785+0000] {logging_mixin.py:149} INFO - [2023-05-08T20:38:15.785+0000] {dagbag.py:541} INFO - Filling up the DagBag from /home/airflow/.local/lib/python3.7/site-packages/airflow/example_dags/example_params_trigger_ui.py
[2023-05-08T20:38:15.798+0000] {processor.py:809} INFO - DAG(s) dict_keys(['example_params_trigger_ui']) retrieved from /home/airflow/.local/lib/python3.7/site-packages/airflow/example_dags/example_params_trigger_ui.py
[2023-05-08T20:38:15.846+0000] {logging_mixin.py:149} INFO - [2023-05-08T20:38:15.846+0000] {dag.py:2726} INFO - Sync 1 DAGs
[2023-05-08T20:38:15.866+0000] {logging_mixin.py:149} INFO - [2023-05-08T20:38:15.866+0000] {dag.py:3490} INFO - Setting next_dagrun for example_params_trigger_ui to None, run_after=None
[2023-05-08T20:38:15.880+0000] {processor.py:178} INFO - Processing /home/airflow/.local/lib/python3.7/site-packages/airflow/example_dags/example_params_trigger_ui.py took 0.099 seconds
[2023-05-08T20:38:46.361+0000] {processor.py:156} INFO - Started process (PID=346) to work on /home/airflow/.local/lib/python3.7/site-packages/airflow/example_dags/example_params_trigger_ui.py
[2023-05-08T20:38:46.362+0000] {processor.py:799} INFO - Processing file /home/airflow/.local/lib/python3.7/site-packages/airflow/example_dags/example_params_trigger_ui.py for tasks to queue
[2023-05-08T20:38:46.363+0000] {logging_mixin.py:149} INFO - [2023-05-08T20:38:46.363+0000] {dagbag.py:541} INFO - Filling up the DagBag from /home/airflow/.local/lib/python3.7/site-packages/airflow/example_dags/example_params_trigger_ui.py
[2023-05-08T20:38:46.376+0000] {processor.py:809} INFO - DAG(s) dict_keys(['example_params_trigger_ui']) retrieved from /home/airflow/.local/lib/python3.7/site-packages/airflow/example_dags/example_params_trigger_ui.py
[2023-05-08T20:38:46.426+0000] {logging_mixin.py:149} INFO - [2023-05-08T20:38:46.426+0000] {dag.py:2726} INFO - Sync 1 DAGs
[2023-05-08T20:38:46.445+0000] {logging_mixin.py:149} INFO - [2023-05-08T20:38:46.445+0000] {dag.py:3490} INFO - Setting next_dagrun for example_params_trigger_ui to None, run_after=None
[2023-05-08T20:38:46.459+0000] {processor.py:178} INFO - Processing /home/airflow/.local/lib/python3.7/site-packages/airflow/example_dags/example_params_trigger_ui.py took 0.101 seconds
[2023-05-08T20:39:16.994+0000] {processor.py:156} INFO - Started process (PID=402) to work on /home/airflow/.local/lib/python3.7/site-packages/airflow/example_dags/example_params_trigger_ui.py
[2023-05-08T20:39:16.995+0000] {processor.py:799} INFO - Processing file /home/airflow/.local/lib/python3.7/site-packages/airflow/example_dags/example_params_trigger_ui.py for tasks to queue
[2023-05-08T20:39:16.996+0000] {logging_mixin.py:149} INFO - [2023-05-08T20:39:16.996+0000] {dagbag.py:541} INFO - Filling up the DagBag from /home/airflow/.local/lib/python3.7/site-packages/airflow/example_dags/example_params_trigger_ui.py
[2023-05-08T20:39:17.009+0000] {processor.py:809} INFO - DAG(s) dict_keys(['example_params_trigger_ui']) retrieved from /home/airflow/.local/lib/python3.7/site-packages/airflow/example_dags/example_params_trigger_ui.py
[2023-05-08T20:39:17.059+0000] {logging_mixin.py:149} INFO - [2023-05-08T20:39:17.059+0000] {dag.py:2726} INFO - Sync 1 DAGs
[2023-05-08T20:39:17.079+0000] {logging_mixin.py:149} INFO - [2023-05-08T20:39:17.079+0000] {dag.py:3490} INFO - Setting next_dagrun for example_params_trigger_ui to None, run_after=None
[2023-05-08T20:39:17.092+0000] {processor.py:178} INFO - Processing /home/airflow/.local/lib/python3.7/site-packages/airflow/example_dags/example_params_trigger_ui.py took 0.100 seconds
[2023-05-08T22:15:48.652+0000] {processor.py:156} INFO - Started process (PID=65) to work on /home/airflow/.local/lib/python3.7/site-packages/airflow/example_dags/example_params_trigger_ui.py
[2023-05-08T22:15:48.660+0000] {processor.py:799} INFO - Processing file /home/airflow/.local/lib/python3.7/site-packages/airflow/example_dags/example_params_trigger_ui.py for tasks to queue
[2023-05-08T22:15:48.662+0000] {logging_mixin.py:149} INFO - [2023-05-08T22:15:48.662+0000] {dagbag.py:541} INFO - Filling up the DagBag from /home/airflow/.local/lib/python3.7/site-packages/airflow/example_dags/example_params_trigger_ui.py
[2023-05-08T22:15:48.743+0000] {processor.py:809} INFO - DAG(s) dict_keys(['example_params_trigger_ui']) retrieved from /home/airflow/.local/lib/python3.7/site-packages/airflow/example_dags/example_params_trigger_ui.py
[2023-05-08T22:15:48.807+0000] {logging_mixin.py:149} INFO - [2023-05-08T22:15:48.807+0000] {dag.py:2726} INFO - Sync 1 DAGs
[2023-05-08T22:15:48.846+0000] {logging_mixin.py:149} INFO - [2023-05-08T22:15:48.846+0000] {dag.py:3490} INFO - Setting next_dagrun for example_params_trigger_ui to None, run_after=None
[2023-05-08T22:15:48.900+0000] {processor.py:178} INFO - Processing /home/airflow/.local/lib/python3.7/site-packages/airflow/example_dags/example_params_trigger_ui.py took 0.251 seconds
[2023-05-08T22:16:19.375+0000] {processor.py:156} INFO - Started process (PID=122) to work on /home/airflow/.local/lib/python3.7/site-packages/airflow/example_dags/example_params_trigger_ui.py
[2023-05-08T22:16:19.377+0000] {processor.py:799} INFO - Processing file /home/airflow/.local/lib/python3.7/site-packages/airflow/example_dags/example_params_trigger_ui.py for tasks to queue
[2023-05-08T22:16:19.378+0000] {logging_mixin.py:149} INFO - [2023-05-08T22:16:19.378+0000] {dagbag.py:541} INFO - Filling up the DagBag from /home/airflow/.local/lib/python3.7/site-packages/airflow/example_dags/example_params_trigger_ui.py
[2023-05-08T22:16:19.396+0000] {processor.py:809} INFO - DAG(s) dict_keys(['example_params_trigger_ui']) retrieved from /home/airflow/.local/lib/python3.7/site-packages/airflow/example_dags/example_params_trigger_ui.py
[2023-05-08T22:16:19.454+0000] {logging_mixin.py:149} INFO - [2023-05-08T22:16:19.454+0000] {dag.py:2726} INFO - Sync 1 DAGs
[2023-05-08T22:16:19.475+0000] {logging_mixin.py:149} INFO - [2023-05-08T22:16:19.474+0000] {dag.py:3490} INFO - Setting next_dagrun for example_params_trigger_ui to None, run_after=None
[2023-05-08T22:16:19.488+0000] {processor.py:178} INFO - Processing /home/airflow/.local/lib/python3.7/site-packages/airflow/example_dags/example_params_trigger_ui.py took 0.116 seconds
[2023-05-08T22:16:50.266+0000] {processor.py:156} INFO - Started process (PID=179) to work on /home/airflow/.local/lib/python3.7/site-packages/airflow/example_dags/example_params_trigger_ui.py
[2023-05-08T22:16:50.267+0000] {processor.py:799} INFO - Processing file /home/airflow/.local/lib/python3.7/site-packages/airflow/example_dags/example_params_trigger_ui.py for tasks to queue
[2023-05-08T22:16:50.269+0000] {logging_mixin.py:149} INFO - [2023-05-08T22:16:50.269+0000] {dagbag.py:541} INFO - Filling up the DagBag from /home/airflow/.local/lib/python3.7/site-packages/airflow/example_dags/example_params_trigger_ui.py
[2023-05-08T22:16:50.285+0000] {processor.py:809} INFO - DAG(s) dict_keys(['example_params_trigger_ui']) retrieved from /home/airflow/.local/lib/python3.7/site-packages/airflow/example_dags/example_params_trigger_ui.py
[2023-05-08T22:16:50.334+0000] {logging_mixin.py:149} INFO - [2023-05-08T22:16:50.334+0000] {dag.py:2726} INFO - Sync 1 DAGs
[2023-05-08T22:16:50.353+0000] {logging_mixin.py:149} INFO - [2023-05-08T22:16:50.353+0000] {dag.py:3490} INFO - Setting next_dagrun for example_params_trigger_ui to None, run_after=None
[2023-05-08T22:16:50.367+0000] {processor.py:178} INFO - Processing /home/airflow/.local/lib/python3.7/site-packages/airflow/example_dags/example_params_trigger_ui.py took 0.105 seconds
[2023-05-08T22:17:21.170+0000] {processor.py:156} INFO - Started process (PID=236) to work on /home/airflow/.local/lib/python3.7/site-packages/airflow/example_dags/example_params_trigger_ui.py
[2023-05-08T22:17:21.172+0000] {processor.py:799} INFO - Processing file /home/airflow/.local/lib/python3.7/site-packages/airflow/example_dags/example_params_trigger_ui.py for tasks to queue
[2023-05-08T22:17:21.174+0000] {logging_mixin.py:149} INFO - [2023-05-08T22:17:21.174+0000] {dagbag.py:541} INFO - Filling up the DagBag from /home/airflow/.local/lib/python3.7/site-packages/airflow/example_dags/example_params_trigger_ui.py
[2023-05-08T22:17:21.194+0000] {processor.py:809} INFO - DAG(s) dict_keys(['example_params_trigger_ui']) retrieved from /home/airflow/.local/lib/python3.7/site-packages/airflow/example_dags/example_params_trigger_ui.py
[2023-05-08T22:17:21.247+0000] {logging_mixin.py:149} INFO - [2023-05-08T22:17:21.247+0000] {dag.py:2726} INFO - Sync 1 DAGs
[2023-05-08T22:17:21.282+0000] {logging_mixin.py:149} INFO - [2023-05-08T22:17:21.282+0000] {dag.py:3490} INFO - Setting next_dagrun for example_params_trigger_ui to None, run_after=None
[2023-05-08T22:17:21.300+0000] {processor.py:178} INFO - Processing /home/airflow/.local/lib/python3.7/site-packages/airflow/example_dags/example_params_trigger_ui.py took 0.135 seconds
[2023-05-08T22:17:52.071+0000] {processor.py:156} INFO - Started process (PID=293) to work on /home/airflow/.local/lib/python3.7/site-packages/airflow/example_dags/example_params_trigger_ui.py
[2023-05-08T22:17:52.073+0000] {processor.py:799} INFO - Processing file /home/airflow/.local/lib/python3.7/site-packages/airflow/example_dags/example_params_trigger_ui.py for tasks to queue
[2023-05-08T22:17:52.074+0000] {logging_mixin.py:149} INFO - [2023-05-08T22:17:52.074+0000] {dagbag.py:541} INFO - Filling up the DagBag from /home/airflow/.local/lib/python3.7/site-packages/airflow/example_dags/example_params_trigger_ui.py
[2023-05-08T22:17:52.095+0000] {processor.py:809} INFO - DAG(s) dict_keys(['example_params_trigger_ui']) retrieved from /home/airflow/.local/lib/python3.7/site-packages/airflow/example_dags/example_params_trigger_ui.py
[2023-05-08T22:17:52.147+0000] {logging_mixin.py:149} INFO - [2023-05-08T22:17:52.147+0000] {dag.py:2726} INFO - Sync 1 DAGs
[2023-05-08T22:17:52.169+0000] {logging_mixin.py:149} INFO - [2023-05-08T22:17:52.169+0000] {dag.py:3490} INFO - Setting next_dagrun for example_params_trigger_ui to None, run_after=None
[2023-05-08T22:17:52.184+0000] {processor.py:178} INFO - Processing /home/airflow/.local/lib/python3.7/site-packages/airflow/example_dags/example_params_trigger_ui.py took 0.118 seconds
[2023-05-08T22:18:22.954+0000] {processor.py:156} INFO - Started process (PID=350) to work on /home/airflow/.local/lib/python3.7/site-packages/airflow/example_dags/example_params_trigger_ui.py
[2023-05-08T22:18:22.956+0000] {processor.py:799} INFO - Processing file /home/airflow/.local/lib/python3.7/site-packages/airflow/example_dags/example_params_trigger_ui.py for tasks to queue
[2023-05-08T22:18:22.957+0000] {logging_mixin.py:149} INFO - [2023-05-08T22:18:22.957+0000] {dagbag.py:541} INFO - Filling up the DagBag from /home/airflow/.local/lib/python3.7/site-packages/airflow/example_dags/example_params_trigger_ui.py
[2023-05-08T22:18:22.993+0000] {processor.py:809} INFO - DAG(s) dict_keys(['example_params_trigger_ui']) retrieved from /home/airflow/.local/lib/python3.7/site-packages/airflow/example_dags/example_params_trigger_ui.py
[2023-05-08T22:18:23.056+0000] {logging_mixin.py:149} INFO - [2023-05-08T22:18:23.056+0000] {dag.py:2726} INFO - Sync 1 DAGs
[2023-05-08T22:18:23.083+0000] {logging_mixin.py:149} INFO - [2023-05-08T22:18:23.083+0000] {dag.py:3490} INFO - Setting next_dagrun for example_params_trigger_ui to None, run_after=None
[2023-05-08T22:18:23.098+0000] {processor.py:178} INFO - Processing /home/airflow/.local/lib/python3.7/site-packages/airflow/example_dags/example_params_trigger_ui.py took 0.149 seconds
[2023-05-08T22:18:54.050+0000] {processor.py:156} INFO - Started process (PID=407) to work on /home/airflow/.local/lib/python3.7/site-packages/airflow/example_dags/example_params_trigger_ui.py
[2023-05-08T22:18:54.051+0000] {processor.py:799} INFO - Processing file /home/airflow/.local/lib/python3.7/site-packages/airflow/example_dags/example_params_trigger_ui.py for tasks to queue
[2023-05-08T22:18:54.052+0000] {logging_mixin.py:149} INFO - [2023-05-08T22:18:54.052+0000] {dagbag.py:541} INFO - Filling up the DagBag from /home/airflow/.local/lib/python3.7/site-packages/airflow/example_dags/example_params_trigger_ui.py
[2023-05-08T22:18:54.076+0000] {processor.py:809} INFO - DAG(s) dict_keys(['example_params_trigger_ui']) retrieved from /home/airflow/.local/lib/python3.7/site-packages/airflow/example_dags/example_params_trigger_ui.py
[2023-05-08T22:18:54.128+0000] {logging_mixin.py:149} INFO - [2023-05-08T22:18:54.128+0000] {dag.py:2726} INFO - Sync 1 DAGs
[2023-05-08T22:18:54.148+0000] {logging_mixin.py:149} INFO - [2023-05-08T22:18:54.148+0000] {dag.py:3490} INFO - Setting next_dagrun for example_params_trigger_ui to None, run_after=None
[2023-05-08T22:18:54.162+0000] {processor.py:178} INFO - Processing /home/airflow/.local/lib/python3.7/site-packages/airflow/example_dags/example_params_trigger_ui.py took 0.116 seconds
[2023-05-08T22:19:24.805+0000] {processor.py:156} INFO - Started process (PID=464) to work on /home/airflow/.local/lib/python3.7/site-packages/airflow/example_dags/example_params_trigger_ui.py
[2023-05-08T22:19:24.806+0000] {processor.py:799} INFO - Processing file /home/airflow/.local/lib/python3.7/site-packages/airflow/example_dags/example_params_trigger_ui.py for tasks to queue
[2023-05-08T22:19:24.807+0000] {logging_mixin.py:149} INFO - [2023-05-08T22:19:24.807+0000] {dagbag.py:541} INFO - Filling up the DagBag from /home/airflow/.local/lib/python3.7/site-packages/airflow/example_dags/example_params_trigger_ui.py
[2023-05-08T22:19:24.826+0000] {processor.py:809} INFO - DAG(s) dict_keys(['example_params_trigger_ui']) retrieved from /home/airflow/.local/lib/python3.7/site-packages/airflow/example_dags/example_params_trigger_ui.py
[2023-05-08T22:19:24.875+0000] {logging_mixin.py:149} INFO - [2023-05-08T22:19:24.875+0000] {dag.py:2726} INFO - Sync 1 DAGs
[2023-05-08T22:19:24.896+0000] {logging_mixin.py:149} INFO - [2023-05-08T22:19:24.895+0000] {dag.py:3490} INFO - Setting next_dagrun for example_params_trigger_ui to None, run_after=None
[2023-05-08T22:19:24.911+0000] {processor.py:178} INFO - Processing /home/airflow/.local/lib/python3.7/site-packages/airflow/example_dags/example_params_trigger_ui.py took 0.110 seconds
[2023-05-08T22:19:55.510+0000] {processor.py:156} INFO - Started process (PID=521) to work on /home/airflow/.local/lib/python3.7/site-packages/airflow/example_dags/example_params_trigger_ui.py
[2023-05-08T22:19:55.511+0000] {processor.py:799} INFO - Processing file /home/airflow/.local/lib/python3.7/site-packages/airflow/example_dags/example_params_trigger_ui.py for tasks to queue
[2023-05-08T22:19:55.513+0000] {logging_mixin.py:149} INFO - [2023-05-08T22:19:55.513+0000] {dagbag.py:541} INFO - Filling up the DagBag from /home/airflow/.local/lib/python3.7/site-packages/airflow/example_dags/example_params_trigger_ui.py
[2023-05-08T22:19:55.532+0000] {processor.py:809} INFO - DAG(s) dict_keys(['example_params_trigger_ui']) retrieved from /home/airflow/.local/lib/python3.7/site-packages/airflow/example_dags/example_params_trigger_ui.py
[2023-05-08T22:19:55.580+0000] {logging_mixin.py:149} INFO - [2023-05-08T22:19:55.580+0000] {dag.py:2726} INFO - Sync 1 DAGs
[2023-05-08T22:19:55.601+0000] {logging_mixin.py:149} INFO - [2023-05-08T22:19:55.601+0000] {dag.py:3490} INFO - Setting next_dagrun for example_params_trigger_ui to None, run_after=None
[2023-05-08T22:19:55.615+0000] {processor.py:178} INFO - Processing /home/airflow/.local/lib/python3.7/site-packages/airflow/example_dags/example_params_trigger_ui.py took 0.108 seconds
[2023-05-08T22:20:26.310+0000] {processor.py:156} INFO - Started process (PID=579) to work on /home/airflow/.local/lib/python3.7/site-packages/airflow/example_dags/example_params_trigger_ui.py
[2023-05-08T22:20:26.312+0000] {processor.py:799} INFO - Processing file /home/airflow/.local/lib/python3.7/site-packages/airflow/example_dags/example_params_trigger_ui.py for tasks to queue
[2023-05-08T22:20:26.313+0000] {logging_mixin.py:149} INFO - [2023-05-08T22:20:26.313+0000] {dagbag.py:541} INFO - Filling up the DagBag from /home/airflow/.local/lib/python3.7/site-packages/airflow/example_dags/example_params_trigger_ui.py
[2023-05-08T22:20:26.331+0000] {processor.py:809} INFO - DAG(s) dict_keys(['example_params_trigger_ui']) retrieved from /home/airflow/.local/lib/python3.7/site-packages/airflow/example_dags/example_params_trigger_ui.py
[2023-05-08T22:20:26.379+0000] {logging_mixin.py:149} INFO - [2023-05-08T22:20:26.379+0000] {dag.py:2726} INFO - Sync 1 DAGs
[2023-05-08T22:20:26.399+0000] {logging_mixin.py:149} INFO - [2023-05-08T22:20:26.399+0000] {dag.py:3490} INFO - Setting next_dagrun for example_params_trigger_ui to None, run_after=None
[2023-05-08T22:20:26.412+0000] {processor.py:178} INFO - Processing /home/airflow/.local/lib/python3.7/site-packages/airflow/example_dags/example_params_trigger_ui.py took 0.106 seconds
[2023-05-08T22:20:57.105+0000] {processor.py:156} INFO - Started process (PID=636) to work on /home/airflow/.local/lib/python3.7/site-packages/airflow/example_dags/example_params_trigger_ui.py
[2023-05-08T22:20:57.107+0000] {processor.py:799} INFO - Processing file /home/airflow/.local/lib/python3.7/site-packages/airflow/example_dags/example_params_trigger_ui.py for tasks to queue
[2023-05-08T22:20:57.108+0000] {logging_mixin.py:149} INFO - [2023-05-08T22:20:57.108+0000] {dagbag.py:541} INFO - Filling up the DagBag from /home/airflow/.local/lib/python3.7/site-packages/airflow/example_dags/example_params_trigger_ui.py
[2023-05-08T22:20:57.129+0000] {processor.py:809} INFO - DAG(s) dict_keys(['example_params_trigger_ui']) retrieved from /home/airflow/.local/lib/python3.7/site-packages/airflow/example_dags/example_params_trigger_ui.py
[2023-05-08T22:20:57.185+0000] {logging_mixin.py:149} INFO - [2023-05-08T22:20:57.185+0000] {dag.py:2726} INFO - Sync 1 DAGs
[2023-05-08T22:20:57.231+0000] {logging_mixin.py:149} INFO - [2023-05-08T22:20:57.231+0000] {dag.py:3490} INFO - Setting next_dagrun for example_params_trigger_ui to None, run_after=None
[2023-05-08T22:20:57.248+0000] {processor.py:178} INFO - Processing /home/airflow/.local/lib/python3.7/site-packages/airflow/example_dags/example_params_trigger_ui.py took 0.147 seconds
[2023-05-08T22:21:27.914+0000] {processor.py:156} INFO - Started process (PID=693) to work on /home/airflow/.local/lib/python3.7/site-packages/airflow/example_dags/example_params_trigger_ui.py
[2023-05-08T22:21:27.915+0000] {processor.py:799} INFO - Processing file /home/airflow/.local/lib/python3.7/site-packages/airflow/example_dags/example_params_trigger_ui.py for tasks to queue
[2023-05-08T22:21:27.916+0000] {logging_mixin.py:149} INFO - [2023-05-08T22:21:27.916+0000] {dagbag.py:541} INFO - Filling up the DagBag from /home/airflow/.local/lib/python3.7/site-packages/airflow/example_dags/example_params_trigger_ui.py
[2023-05-08T22:21:27.933+0000] {processor.py:809} INFO - DAG(s) dict_keys(['example_params_trigger_ui']) retrieved from /home/airflow/.local/lib/python3.7/site-packages/airflow/example_dags/example_params_trigger_ui.py
[2023-05-08T22:21:27.983+0000] {logging_mixin.py:149} INFO - [2023-05-08T22:21:27.983+0000] {dag.py:2726} INFO - Sync 1 DAGs
[2023-05-08T22:21:28.003+0000] {logging_mixin.py:149} INFO - [2023-05-08T22:21:28.003+0000] {dag.py:3490} INFO - Setting next_dagrun for example_params_trigger_ui to None, run_after=None
[2023-05-08T22:21:28.018+0000] {processor.py:178} INFO - Processing /home/airflow/.local/lib/python3.7/site-packages/airflow/example_dags/example_params_trigger_ui.py took 0.107 seconds
[2023-05-08T22:22:09.783+0000] {processor.py:156} INFO - Started process (PID=66) to work on /home/airflow/.local/lib/python3.7/site-packages/airflow/example_dags/example_params_trigger_ui.py
[2023-05-08T22:22:09.792+0000] {processor.py:799} INFO - Processing file /home/airflow/.local/lib/python3.7/site-packages/airflow/example_dags/example_params_trigger_ui.py for tasks to queue
[2023-05-08T22:22:09.802+0000] {logging_mixin.py:149} INFO - [2023-05-08T22:22:09.802+0000] {dagbag.py:541} INFO - Filling up the DagBag from /home/airflow/.local/lib/python3.7/site-packages/airflow/example_dags/example_params_trigger_ui.py
[2023-05-08T22:22:09.869+0000] {processor.py:809} INFO - DAG(s) dict_keys(['example_params_trigger_ui']) retrieved from /home/airflow/.local/lib/python3.7/site-packages/airflow/example_dags/example_params_trigger_ui.py
[2023-05-08T22:22:09.905+0000] {logging_mixin.py:149} INFO - [2023-05-08T22:22:09.905+0000] {dag.py:2726} INFO - Sync 1 DAGs
[2023-05-08T22:22:09.943+0000] {logging_mixin.py:149} INFO - [2023-05-08T22:22:09.942+0000] {dag.py:3490} INFO - Setting next_dagrun for example_params_trigger_ui to None, run_after=None
[2023-05-08T22:22:09.997+0000] {processor.py:178} INFO - Processing /home/airflow/.local/lib/python3.7/site-packages/airflow/example_dags/example_params_trigger_ui.py took 0.230 seconds
[2023-05-08T22:22:40.817+0000] {processor.py:156} INFO - Started process (PID=123) to work on /home/airflow/.local/lib/python3.7/site-packages/airflow/example_dags/example_params_trigger_ui.py
[2023-05-08T22:22:40.817+0000] {processor.py:799} INFO - Processing file /home/airflow/.local/lib/python3.7/site-packages/airflow/example_dags/example_params_trigger_ui.py for tasks to queue
[2023-05-08T22:22:40.818+0000] {logging_mixin.py:149} INFO - [2023-05-08T22:22:40.818+0000] {dagbag.py:541} INFO - Filling up the DagBag from /home/airflow/.local/lib/python3.7/site-packages/airflow/example_dags/example_params_trigger_ui.py
[2023-05-08T22:22:40.831+0000] {processor.py:809} INFO - DAG(s) dict_keys(['example_params_trigger_ui']) retrieved from /home/airflow/.local/lib/python3.7/site-packages/airflow/example_dags/example_params_trigger_ui.py
[2023-05-08T22:22:40.876+0000] {logging_mixin.py:149} INFO - [2023-05-08T22:22:40.876+0000] {dag.py:2726} INFO - Sync 1 DAGs
[2023-05-08T22:22:40.895+0000] {logging_mixin.py:149} INFO - [2023-05-08T22:22:40.895+0000] {dag.py:3490} INFO - Setting next_dagrun for example_params_trigger_ui to None, run_after=None
[2023-05-08T22:22:40.908+0000] {processor.py:178} INFO - Processing /home/airflow/.local/lib/python3.7/site-packages/airflow/example_dags/example_params_trigger_ui.py took 0.094 seconds
[2023-05-08T22:23:11.080+0000] {processor.py:156} INFO - Started process (PID=180) to work on /home/airflow/.local/lib/python3.7/site-packages/airflow/example_dags/example_params_trigger_ui.py
[2023-05-08T22:23:11.081+0000] {processor.py:799} INFO - Processing file /home/airflow/.local/lib/python3.7/site-packages/airflow/example_dags/example_params_trigger_ui.py for tasks to queue
[2023-05-08T22:23:11.081+0000] {logging_mixin.py:149} INFO - [2023-05-08T22:23:11.081+0000] {dagbag.py:541} INFO - Filling up the DagBag from /home/airflow/.local/lib/python3.7/site-packages/airflow/example_dags/example_params_trigger_ui.py
[2023-05-08T22:23:11.094+0000] {processor.py:809} INFO - DAG(s) dict_keys(['example_params_trigger_ui']) retrieved from /home/airflow/.local/lib/python3.7/site-packages/airflow/example_dags/example_params_trigger_ui.py
[2023-05-08T22:23:11.138+0000] {logging_mixin.py:149} INFO - [2023-05-08T22:23:11.138+0000] {dag.py:2726} INFO - Sync 1 DAGs
[2023-05-08T22:23:11.157+0000] {logging_mixin.py:149} INFO - [2023-05-08T22:23:11.157+0000] {dag.py:3490} INFO - Setting next_dagrun for example_params_trigger_ui to None, run_after=None
[2023-05-08T22:23:11.170+0000] {processor.py:178} INFO - Processing /home/airflow/.local/lib/python3.7/site-packages/airflow/example_dags/example_params_trigger_ui.py took 0.092 seconds
[2023-05-08T22:23:41.803+0000] {processor.py:156} INFO - Started process (PID=237) to work on /home/airflow/.local/lib/python3.7/site-packages/airflow/example_dags/example_params_trigger_ui.py
[2023-05-08T22:23:41.804+0000] {processor.py:799} INFO - Processing file /home/airflow/.local/lib/python3.7/site-packages/airflow/example_dags/example_params_trigger_ui.py for tasks to queue
[2023-05-08T22:23:41.805+0000] {logging_mixin.py:149} INFO - [2023-05-08T22:23:41.804+0000] {dagbag.py:541} INFO - Filling up the DagBag from /home/airflow/.local/lib/python3.7/site-packages/airflow/example_dags/example_params_trigger_ui.py
[2023-05-08T22:23:41.817+0000] {processor.py:809} INFO - DAG(s) dict_keys(['example_params_trigger_ui']) retrieved from /home/airflow/.local/lib/python3.7/site-packages/airflow/example_dags/example_params_trigger_ui.py
[2023-05-08T22:23:41.862+0000] {logging_mixin.py:149} INFO - [2023-05-08T22:23:41.862+0000] {dag.py:2726} INFO - Sync 1 DAGs
[2023-05-08T22:23:41.882+0000] {logging_mixin.py:149} INFO - [2023-05-08T22:23:41.882+0000] {dag.py:3490} INFO - Setting next_dagrun for example_params_trigger_ui to None, run_after=None
[2023-05-08T22:23:41.895+0000] {processor.py:178} INFO - Processing /home/airflow/.local/lib/python3.7/site-packages/airflow/example_dags/example_params_trigger_ui.py took 0.094 seconds
[2023-05-08T22:24:12.647+0000] {processor.py:156} INFO - Started process (PID=294) to work on /home/airflow/.local/lib/python3.7/site-packages/airflow/example_dags/example_params_trigger_ui.py
[2023-05-08T22:24:12.647+0000] {processor.py:799} INFO - Processing file /home/airflow/.local/lib/python3.7/site-packages/airflow/example_dags/example_params_trigger_ui.py for tasks to queue
[2023-05-08T22:24:12.648+0000] {logging_mixin.py:149} INFO - [2023-05-08T22:24:12.648+0000] {dagbag.py:541} INFO - Filling up the DagBag from /home/airflow/.local/lib/python3.7/site-packages/airflow/example_dags/example_params_trigger_ui.py
[2023-05-08T22:24:12.660+0000] {processor.py:809} INFO - DAG(s) dict_keys(['example_params_trigger_ui']) retrieved from /home/airflow/.local/lib/python3.7/site-packages/airflow/example_dags/example_params_trigger_ui.py
[2023-05-08T22:24:12.706+0000] {logging_mixin.py:149} INFO - [2023-05-08T22:24:12.706+0000] {dag.py:2726} INFO - Sync 1 DAGs
[2023-05-08T22:24:12.736+0000] {logging_mixin.py:149} INFO - [2023-05-08T22:24:12.736+0000] {dag.py:3490} INFO - Setting next_dagrun for example_params_trigger_ui to None, run_after=None
[2023-05-08T22:24:12.749+0000] {processor.py:178} INFO - Processing /home/airflow/.local/lib/python3.7/site-packages/airflow/example_dags/example_params_trigger_ui.py took 0.105 seconds
[2023-05-08T22:24:43.408+0000] {processor.py:156} INFO - Started process (PID=351) to work on /home/airflow/.local/lib/python3.7/site-packages/airflow/example_dags/example_params_trigger_ui.py
[2023-05-08T22:24:43.409+0000] {processor.py:799} INFO - Processing file /home/airflow/.local/lib/python3.7/site-packages/airflow/example_dags/example_params_trigger_ui.py for tasks to queue
[2023-05-08T22:24:43.410+0000] {logging_mixin.py:149} INFO - [2023-05-08T22:24:43.410+0000] {dagbag.py:541} INFO - Filling up the DagBag from /home/airflow/.local/lib/python3.7/site-packages/airflow/example_dags/example_params_trigger_ui.py
[2023-05-08T22:24:43.423+0000] {processor.py:809} INFO - DAG(s) dict_keys(['example_params_trigger_ui']) retrieved from /home/airflow/.local/lib/python3.7/site-packages/airflow/example_dags/example_params_trigger_ui.py
[2023-05-08T22:24:43.470+0000] {logging_mixin.py:149} INFO - [2023-05-08T22:24:43.470+0000] {dag.py:2726} INFO - Sync 1 DAGs
[2023-05-08T22:24:43.489+0000] {logging_mixin.py:149} INFO - [2023-05-08T22:24:43.489+0000] {dag.py:3490} INFO - Setting next_dagrun for example_params_trigger_ui to None, run_after=None
[2023-05-08T22:24:43.502+0000] {processor.py:178} INFO - Processing /home/airflow/.local/lib/python3.7/site-packages/airflow/example_dags/example_params_trigger_ui.py took 0.097 seconds
[2023-05-08T22:25:14.110+0000] {processor.py:156} INFO - Started process (PID=408) to work on /home/airflow/.local/lib/python3.7/site-packages/airflow/example_dags/example_params_trigger_ui.py
[2023-05-08T22:25:14.111+0000] {processor.py:799} INFO - Processing file /home/airflow/.local/lib/python3.7/site-packages/airflow/example_dags/example_params_trigger_ui.py for tasks to queue
[2023-05-08T22:25:14.112+0000] {logging_mixin.py:149} INFO - [2023-05-08T22:25:14.112+0000] {dagbag.py:541} INFO - Filling up the DagBag from /home/airflow/.local/lib/python3.7/site-packages/airflow/example_dags/example_params_trigger_ui.py
[2023-05-08T22:25:14.125+0000] {processor.py:809} INFO - DAG(s) dict_keys(['example_params_trigger_ui']) retrieved from /home/airflow/.local/lib/python3.7/site-packages/airflow/example_dags/example_params_trigger_ui.py
[2023-05-08T22:25:14.179+0000] {logging_mixin.py:149} INFO - [2023-05-08T22:25:14.179+0000] {dag.py:2726} INFO - Sync 1 DAGs
[2023-05-08T22:25:14.200+0000] {logging_mixin.py:149} INFO - [2023-05-08T22:25:14.199+0000] {dag.py:3490} INFO - Setting next_dagrun for example_params_trigger_ui to None, run_after=None
[2023-05-08T22:25:14.213+0000] {processor.py:178} INFO - Processing /home/airflow/.local/lib/python3.7/site-packages/airflow/example_dags/example_params_trigger_ui.py took 0.105 seconds
[2023-05-08T22:26:00.717+0000] {processor.py:156} INFO - Started process (PID=66) to work on /home/airflow/.local/lib/python3.7/site-packages/airflow/example_dags/example_params_trigger_ui.py
[2023-05-08T22:26:00.719+0000] {processor.py:799} INFO - Processing file /home/airflow/.local/lib/python3.7/site-packages/airflow/example_dags/example_params_trigger_ui.py for tasks to queue
[2023-05-08T22:26:00.726+0000] {logging_mixin.py:149} INFO - [2023-05-08T22:26:00.725+0000] {dagbag.py:541} INFO - Filling up the DagBag from /home/airflow/.local/lib/python3.7/site-packages/airflow/example_dags/example_params_trigger_ui.py
[2023-05-08T22:26:00.756+0000] {processor.py:809} INFO - DAG(s) dict_keys(['example_params_trigger_ui']) retrieved from /home/airflow/.local/lib/python3.7/site-packages/airflow/example_dags/example_params_trigger_ui.py
[2023-05-08T22:26:00.976+0000] {logging_mixin.py:149} INFO - [2023-05-08T22:26:00.976+0000] {dag.py:2726} INFO - Sync 1 DAGs
[2023-05-08T22:26:01.049+0000] {logging_mixin.py:149} INFO - [2023-05-08T22:26:01.049+0000] {dag.py:3490} INFO - Setting next_dagrun for example_params_trigger_ui to None, run_after=None
[2023-05-08T22:26:01.106+0000] {processor.py:178} INFO - Processing /home/airflow/.local/lib/python3.7/site-packages/airflow/example_dags/example_params_trigger_ui.py took 0.393 seconds
[2023-05-08T22:26:31.315+0000] {processor.py:156} INFO - Started process (PID=123) to work on /home/airflow/.local/lib/python3.7/site-packages/airflow/example_dags/example_params_trigger_ui.py
[2023-05-08T22:26:31.316+0000] {processor.py:799} INFO - Processing file /home/airflow/.local/lib/python3.7/site-packages/airflow/example_dags/example_params_trigger_ui.py for tasks to queue
[2023-05-08T22:26:31.317+0000] {logging_mixin.py:149} INFO - [2023-05-08T22:26:31.317+0000] {dagbag.py:541} INFO - Filling up the DagBag from /home/airflow/.local/lib/python3.7/site-packages/airflow/example_dags/example_params_trigger_ui.py
[2023-05-08T22:26:31.330+0000] {processor.py:809} INFO - DAG(s) dict_keys(['example_params_trigger_ui']) retrieved from /home/airflow/.local/lib/python3.7/site-packages/airflow/example_dags/example_params_trigger_ui.py
[2023-05-08T22:26:31.377+0000] {logging_mixin.py:149} INFO - [2023-05-08T22:26:31.377+0000] {dag.py:2726} INFO - Sync 1 DAGs
[2023-05-08T22:26:31.397+0000] {logging_mixin.py:149} INFO - [2023-05-08T22:26:31.397+0000] {dag.py:3490} INFO - Setting next_dagrun for example_params_trigger_ui to None, run_after=None
[2023-05-08T22:26:31.410+0000] {processor.py:178} INFO - Processing /home/airflow/.local/lib/python3.7/site-packages/airflow/example_dags/example_params_trigger_ui.py took 0.097 seconds
[2023-05-08T22:27:02.186+0000] {processor.py:156} INFO - Started process (PID=180) to work on /home/airflow/.local/lib/python3.7/site-packages/airflow/example_dags/example_params_trigger_ui.py
[2023-05-08T22:27:02.188+0000] {processor.py:799} INFO - Processing file /home/airflow/.local/lib/python3.7/site-packages/airflow/example_dags/example_params_trigger_ui.py for tasks to queue
[2023-05-08T22:27:02.188+0000] {logging_mixin.py:149} INFO - [2023-05-08T22:27:02.188+0000] {dagbag.py:541} INFO - Filling up the DagBag from /home/airflow/.local/lib/python3.7/site-packages/airflow/example_dags/example_params_trigger_ui.py
[2023-05-08T22:27:02.202+0000] {processor.py:809} INFO - DAG(s) dict_keys(['example_params_trigger_ui']) retrieved from /home/airflow/.local/lib/python3.7/site-packages/airflow/example_dags/example_params_trigger_ui.py
[2023-05-08T22:27:02.252+0000] {logging_mixin.py:149} INFO - [2023-05-08T22:27:02.251+0000] {dag.py:2726} INFO - Sync 1 DAGs
[2023-05-08T22:27:02.298+0000] {logging_mixin.py:149} INFO - [2023-05-08T22:27:02.298+0000] {dag.py:3490} INFO - Setting next_dagrun for example_params_trigger_ui to None, run_after=None
[2023-05-08T22:27:02.341+0000] {processor.py:178} INFO - Processing /home/airflow/.local/lib/python3.7/site-packages/airflow/example_dags/example_params_trigger_ui.py took 0.157 seconds
[2023-05-08T22:27:32.925+0000] {processor.py:156} INFO - Started process (PID=237) to work on /home/airflow/.local/lib/python3.7/site-packages/airflow/example_dags/example_params_trigger_ui.py
[2023-05-08T22:27:32.926+0000] {processor.py:799} INFO - Processing file /home/airflow/.local/lib/python3.7/site-packages/airflow/example_dags/example_params_trigger_ui.py for tasks to queue
[2023-05-08T22:27:32.927+0000] {logging_mixin.py:149} INFO - [2023-05-08T22:27:32.927+0000] {dagbag.py:541} INFO - Filling up the DagBag from /home/airflow/.local/lib/python3.7/site-packages/airflow/example_dags/example_params_trigger_ui.py
[2023-05-08T22:27:32.941+0000] {processor.py:809} INFO - DAG(s) dict_keys(['example_params_trigger_ui']) retrieved from /home/airflow/.local/lib/python3.7/site-packages/airflow/example_dags/example_params_trigger_ui.py
[2023-05-08T22:27:32.987+0000] {logging_mixin.py:149} INFO - [2023-05-08T22:27:32.986+0000] {dag.py:2726} INFO - Sync 1 DAGs
[2023-05-08T22:27:33.005+0000] {logging_mixin.py:149} INFO - [2023-05-08T22:27:33.005+0000] {dag.py:3490} INFO - Setting next_dagrun for example_params_trigger_ui to None, run_after=None
[2023-05-08T22:27:33.021+0000] {processor.py:178} INFO - Processing /home/airflow/.local/lib/python3.7/site-packages/airflow/example_dags/example_params_trigger_ui.py took 0.098 seconds
[2023-05-08T22:28:03.403+0000] {processor.py:156} INFO - Started process (PID=294) to work on /home/airflow/.local/lib/python3.7/site-packages/airflow/example_dags/example_params_trigger_ui.py
[2023-05-08T22:28:03.404+0000] {processor.py:799} INFO - Processing file /home/airflow/.local/lib/python3.7/site-packages/airflow/example_dags/example_params_trigger_ui.py for tasks to queue
[2023-05-08T22:28:03.405+0000] {logging_mixin.py:149} INFO - [2023-05-08T22:28:03.405+0000] {dagbag.py:541} INFO - Filling up the DagBag from /home/airflow/.local/lib/python3.7/site-packages/airflow/example_dags/example_params_trigger_ui.py
[2023-05-08T22:28:03.419+0000] {processor.py:809} INFO - DAG(s) dict_keys(['example_params_trigger_ui']) retrieved from /home/airflow/.local/lib/python3.7/site-packages/airflow/example_dags/example_params_trigger_ui.py
[2023-05-08T22:28:03.467+0000] {logging_mixin.py:149} INFO - [2023-05-08T22:28:03.467+0000] {dag.py:2726} INFO - Sync 1 DAGs
[2023-05-08T22:28:03.485+0000] {logging_mixin.py:149} INFO - [2023-05-08T22:28:03.485+0000] {dag.py:3490} INFO - Setting next_dagrun for example_params_trigger_ui to None, run_after=None
[2023-05-08T22:28:03.501+0000] {processor.py:178} INFO - Processing /home/airflow/.local/lib/python3.7/site-packages/airflow/example_dags/example_params_trigger_ui.py took 0.100 seconds
[2023-05-08T22:28:34.121+0000] {processor.py:156} INFO - Started process (PID=351) to work on /home/airflow/.local/lib/python3.7/site-packages/airflow/example_dags/example_params_trigger_ui.py
[2023-05-08T22:28:34.121+0000] {processor.py:799} INFO - Processing file /home/airflow/.local/lib/python3.7/site-packages/airflow/example_dags/example_params_trigger_ui.py for tasks to queue
[2023-05-08T22:28:34.122+0000] {logging_mixin.py:149} INFO - [2023-05-08T22:28:34.122+0000] {dagbag.py:541} INFO - Filling up the DagBag from /home/airflow/.local/lib/python3.7/site-packages/airflow/example_dags/example_params_trigger_ui.py
[2023-05-08T22:28:34.140+0000] {processor.py:809} INFO - DAG(s) dict_keys(['example_params_trigger_ui']) retrieved from /home/airflow/.local/lib/python3.7/site-packages/airflow/example_dags/example_params_trigger_ui.py
[2023-05-08T22:28:34.196+0000] {logging_mixin.py:149} INFO - [2023-05-08T22:28:34.196+0000] {dag.py:2726} INFO - Sync 1 DAGs
[2023-05-08T22:28:34.216+0000] {logging_mixin.py:149} INFO - [2023-05-08T22:28:34.216+0000] {dag.py:3490} INFO - Setting next_dagrun for example_params_trigger_ui to None, run_after=None
[2023-05-08T22:28:34.229+0000] {processor.py:178} INFO - Processing /home/airflow/.local/lib/python3.7/site-packages/airflow/example_dags/example_params_trigger_ui.py took 0.110 seconds
[2023-05-08T22:29:04.961+0000] {processor.py:156} INFO - Started process (PID=408) to work on /home/airflow/.local/lib/python3.7/site-packages/airflow/example_dags/example_params_trigger_ui.py
[2023-05-08T22:29:04.963+0000] {processor.py:799} INFO - Processing file /home/airflow/.local/lib/python3.7/site-packages/airflow/example_dags/example_params_trigger_ui.py for tasks to queue
[2023-05-08T22:29:04.963+0000] {logging_mixin.py:149} INFO - [2023-05-08T22:29:04.963+0000] {dagbag.py:541} INFO - Filling up the DagBag from /home/airflow/.local/lib/python3.7/site-packages/airflow/example_dags/example_params_trigger_ui.py
[2023-05-08T22:29:04.977+0000] {processor.py:809} INFO - DAG(s) dict_keys(['example_params_trigger_ui']) retrieved from /home/airflow/.local/lib/python3.7/site-packages/airflow/example_dags/example_params_trigger_ui.py
[2023-05-08T22:29:05.024+0000] {logging_mixin.py:149} INFO - [2023-05-08T22:29:05.024+0000] {dag.py:2726} INFO - Sync 1 DAGs
[2023-05-08T22:29:05.044+0000] {logging_mixin.py:149} INFO - [2023-05-08T22:29:05.044+0000] {dag.py:3490} INFO - Setting next_dagrun for example_params_trigger_ui to None, run_after=None
[2023-05-08T22:29:05.058+0000] {processor.py:178} INFO - Processing /home/airflow/.local/lib/python3.7/site-packages/airflow/example_dags/example_params_trigger_ui.py took 0.100 seconds
[2023-05-08T22:29:35.566+0000] {processor.py:156} INFO - Started process (PID=465) to work on /home/airflow/.local/lib/python3.7/site-packages/airflow/example_dags/example_params_trigger_ui.py
[2023-05-08T22:29:35.567+0000] {processor.py:799} INFO - Processing file /home/airflow/.local/lib/python3.7/site-packages/airflow/example_dags/example_params_trigger_ui.py for tasks to queue
[2023-05-08T22:29:35.567+0000] {logging_mixin.py:149} INFO - [2023-05-08T22:29:35.567+0000] {dagbag.py:541} INFO - Filling up the DagBag from /home/airflow/.local/lib/python3.7/site-packages/airflow/example_dags/example_params_trigger_ui.py
[2023-05-08T22:29:35.581+0000] {processor.py:809} INFO - DAG(s) dict_keys(['example_params_trigger_ui']) retrieved from /home/airflow/.local/lib/python3.7/site-packages/airflow/example_dags/example_params_trigger_ui.py
[2023-05-08T22:29:35.631+0000] {logging_mixin.py:149} INFO - [2023-05-08T22:29:35.631+0000] {dag.py:2726} INFO - Sync 1 DAGs
[2023-05-08T22:29:35.657+0000] {logging_mixin.py:149} INFO - [2023-05-08T22:29:35.657+0000] {dag.py:3490} INFO - Setting next_dagrun for example_params_trigger_ui to None, run_after=None
[2023-05-08T22:29:35.676+0000] {processor.py:178} INFO - Processing /home/airflow/.local/lib/python3.7/site-packages/airflow/example_dags/example_params_trigger_ui.py took 0.113 seconds
[2023-05-08T22:30:06.463+0000] {processor.py:156} INFO - Started process (PID=522) to work on /home/airflow/.local/lib/python3.7/site-packages/airflow/example_dags/example_params_trigger_ui.py
[2023-05-08T22:30:06.464+0000] {processor.py:799} INFO - Processing file /home/airflow/.local/lib/python3.7/site-packages/airflow/example_dags/example_params_trigger_ui.py for tasks to queue
[2023-05-08T22:30:06.464+0000] {logging_mixin.py:149} INFO - [2023-05-08T22:30:06.464+0000] {dagbag.py:541} INFO - Filling up the DagBag from /home/airflow/.local/lib/python3.7/site-packages/airflow/example_dags/example_params_trigger_ui.py
[2023-05-08T22:30:06.478+0000] {processor.py:809} INFO - DAG(s) dict_keys(['example_params_trigger_ui']) retrieved from /home/airflow/.local/lib/python3.7/site-packages/airflow/example_dags/example_params_trigger_ui.py
[2023-05-08T22:30:06.527+0000] {logging_mixin.py:149} INFO - [2023-05-08T22:30:06.527+0000] {dag.py:2726} INFO - Sync 1 DAGs
[2023-05-08T22:30:06.546+0000] {logging_mixin.py:149} INFO - [2023-05-08T22:30:06.546+0000] {dag.py:3490} INFO - Setting next_dagrun for example_params_trigger_ui to None, run_after=None
[2023-05-08T22:30:06.559+0000] {processor.py:178} INFO - Processing /home/airflow/.local/lib/python3.7/site-packages/airflow/example_dags/example_params_trigger_ui.py took 0.099 seconds
[2023-05-08T22:30:37.110+0000] {processor.py:156} INFO - Started process (PID=579) to work on /home/airflow/.local/lib/python3.7/site-packages/airflow/example_dags/example_params_trigger_ui.py
[2023-05-08T22:30:37.111+0000] {processor.py:799} INFO - Processing file /home/airflow/.local/lib/python3.7/site-packages/airflow/example_dags/example_params_trigger_ui.py for tasks to queue
[2023-05-08T22:30:37.112+0000] {logging_mixin.py:149} INFO - [2023-05-08T22:30:37.112+0000] {dagbag.py:541} INFO - Filling up the DagBag from /home/airflow/.local/lib/python3.7/site-packages/airflow/example_dags/example_params_trigger_ui.py
[2023-05-08T22:30:37.126+0000] {processor.py:809} INFO - DAG(s) dict_keys(['example_params_trigger_ui']) retrieved from /home/airflow/.local/lib/python3.7/site-packages/airflow/example_dags/example_params_trigger_ui.py
[2023-05-08T22:30:37.172+0000] {logging_mixin.py:149} INFO - [2023-05-08T22:30:37.172+0000] {dag.py:2726} INFO - Sync 1 DAGs
[2023-05-08T22:30:37.194+0000] {logging_mixin.py:149} INFO - [2023-05-08T22:30:37.194+0000] {dag.py:3490} INFO - Setting next_dagrun for example_params_trigger_ui to None, run_after=None
[2023-05-08T22:30:37.209+0000] {processor.py:178} INFO - Processing /home/airflow/.local/lib/python3.7/site-packages/airflow/example_dags/example_params_trigger_ui.py took 0.101 seconds
[2023-05-08T22:31:08.084+0000] {processor.py:156} INFO - Started process (PID=636) to work on /home/airflow/.local/lib/python3.7/site-packages/airflow/example_dags/example_params_trigger_ui.py
[2023-05-08T22:31:08.085+0000] {processor.py:799} INFO - Processing file /home/airflow/.local/lib/python3.7/site-packages/airflow/example_dags/example_params_trigger_ui.py for tasks to queue
[2023-05-08T22:31:08.086+0000] {logging_mixin.py:149} INFO - [2023-05-08T22:31:08.086+0000] {dagbag.py:541} INFO - Filling up the DagBag from /home/airflow/.local/lib/python3.7/site-packages/airflow/example_dags/example_params_trigger_ui.py
[2023-05-08T22:31:08.100+0000] {processor.py:809} INFO - DAG(s) dict_keys(['example_params_trigger_ui']) retrieved from /home/airflow/.local/lib/python3.7/site-packages/airflow/example_dags/example_params_trigger_ui.py
[2023-05-08T22:31:08.151+0000] {logging_mixin.py:149} INFO - [2023-05-08T22:31:08.151+0000] {dag.py:2726} INFO - Sync 1 DAGs
[2023-05-08T22:31:08.172+0000] {logging_mixin.py:149} INFO - [2023-05-08T22:31:08.172+0000] {dag.py:3490} INFO - Setting next_dagrun for example_params_trigger_ui to None, run_after=None
[2023-05-08T22:31:08.189+0000] {processor.py:178} INFO - Processing /home/airflow/.local/lib/python3.7/site-packages/airflow/example_dags/example_params_trigger_ui.py took 0.107 seconds
[2023-05-08T22:31:38.638+0000] {processor.py:156} INFO - Started process (PID=693) to work on /home/airflow/.local/lib/python3.7/site-packages/airflow/example_dags/example_params_trigger_ui.py
[2023-05-08T22:31:38.639+0000] {processor.py:799} INFO - Processing file /home/airflow/.local/lib/python3.7/site-packages/airflow/example_dags/example_params_trigger_ui.py for tasks to queue
[2023-05-08T22:31:38.639+0000] {logging_mixin.py:149} INFO - [2023-05-08T22:31:38.639+0000] {dagbag.py:541} INFO - Filling up the DagBag from /home/airflow/.local/lib/python3.7/site-packages/airflow/example_dags/example_params_trigger_ui.py
[2023-05-08T22:31:38.652+0000] {processor.py:809} INFO - DAG(s) dict_keys(['example_params_trigger_ui']) retrieved from /home/airflow/.local/lib/python3.7/site-packages/airflow/example_dags/example_params_trigger_ui.py
[2023-05-08T22:31:38.704+0000] {logging_mixin.py:149} INFO - [2023-05-08T22:31:38.704+0000] {dag.py:2726} INFO - Sync 1 DAGs
[2023-05-08T22:31:38.722+0000] {logging_mixin.py:149} INFO - [2023-05-08T22:31:38.722+0000] {dag.py:3490} INFO - Setting next_dagrun for example_params_trigger_ui to None, run_after=None
[2023-05-08T22:31:38.735+0000] {processor.py:178} INFO - Processing /home/airflow/.local/lib/python3.7/site-packages/airflow/example_dags/example_params_trigger_ui.py took 0.100 seconds
[2023-05-08T22:32:09.361+0000] {processor.py:156} INFO - Started process (PID=750) to work on /home/airflow/.local/lib/python3.7/site-packages/airflow/example_dags/example_params_trigger_ui.py
[2023-05-08T22:32:09.362+0000] {processor.py:799} INFO - Processing file /home/airflow/.local/lib/python3.7/site-packages/airflow/example_dags/example_params_trigger_ui.py for tasks to queue
[2023-05-08T22:32:09.363+0000] {logging_mixin.py:149} INFO - [2023-05-08T22:32:09.363+0000] {dagbag.py:541} INFO - Filling up the DagBag from /home/airflow/.local/lib/python3.7/site-packages/airflow/example_dags/example_params_trigger_ui.py
[2023-05-08T22:32:09.377+0000] {processor.py:809} INFO - DAG(s) dict_keys(['example_params_trigger_ui']) retrieved from /home/airflow/.local/lib/python3.7/site-packages/airflow/example_dags/example_params_trigger_ui.py
[2023-05-08T22:32:09.433+0000] {logging_mixin.py:149} INFO - [2023-05-08T22:32:09.433+0000] {dag.py:2726} INFO - Sync 1 DAGs
[2023-05-08T22:32:09.454+0000] {logging_mixin.py:149} INFO - [2023-05-08T22:32:09.454+0000] {dag.py:3490} INFO - Setting next_dagrun for example_params_trigger_ui to None, run_after=None
[2023-05-08T22:32:09.468+0000] {processor.py:178} INFO - Processing /home/airflow/.local/lib/python3.7/site-packages/airflow/example_dags/example_params_trigger_ui.py took 0.109 seconds
[2023-05-08T22:32:40.178+0000] {processor.py:156} INFO - Started process (PID=807) to work on /home/airflow/.local/lib/python3.7/site-packages/airflow/example_dags/example_params_trigger_ui.py
[2023-05-08T22:32:40.180+0000] {processor.py:799} INFO - Processing file /home/airflow/.local/lib/python3.7/site-packages/airflow/example_dags/example_params_trigger_ui.py for tasks to queue
[2023-05-08T22:32:40.180+0000] {logging_mixin.py:149} INFO - [2023-05-08T22:32:40.180+0000] {dagbag.py:541} INFO - Filling up the DagBag from /home/airflow/.local/lib/python3.7/site-packages/airflow/example_dags/example_params_trigger_ui.py
[2023-05-08T22:32:40.196+0000] {processor.py:809} INFO - DAG(s) dict_keys(['example_params_trigger_ui']) retrieved from /home/airflow/.local/lib/python3.7/site-packages/airflow/example_dags/example_params_trigger_ui.py
[2023-05-08T22:32:40.251+0000] {logging_mixin.py:149} INFO - [2023-05-08T22:32:40.251+0000] {dag.py:2726} INFO - Sync 1 DAGs
[2023-05-08T22:32:40.278+0000] {logging_mixin.py:149} INFO - [2023-05-08T22:32:40.278+0000] {dag.py:3490} INFO - Setting next_dagrun for example_params_trigger_ui to None, run_after=None
[2023-05-08T22:32:40.292+0000] {processor.py:178} INFO - Processing /home/airflow/.local/lib/python3.7/site-packages/airflow/example_dags/example_params_trigger_ui.py took 0.117 seconds
[2023-05-08T22:33:11.396+0000] {processor.py:156} INFO - Started process (PID=864) to work on /home/airflow/.local/lib/python3.7/site-packages/airflow/example_dags/example_params_trigger_ui.py
[2023-05-08T22:33:11.397+0000] {processor.py:799} INFO - Processing file /home/airflow/.local/lib/python3.7/site-packages/airflow/example_dags/example_params_trigger_ui.py for tasks to queue
[2023-05-08T22:33:11.398+0000] {logging_mixin.py:149} INFO - [2023-05-08T22:33:11.398+0000] {dagbag.py:541} INFO - Filling up the DagBag from /home/airflow/.local/lib/python3.7/site-packages/airflow/example_dags/example_params_trigger_ui.py
[2023-05-08T22:33:11.415+0000] {processor.py:809} INFO - DAG(s) dict_keys(['example_params_trigger_ui']) retrieved from /home/airflow/.local/lib/python3.7/site-packages/airflow/example_dags/example_params_trigger_ui.py
[2023-05-08T22:33:11.475+0000] {logging_mixin.py:149} INFO - [2023-05-08T22:33:11.475+0000] {dag.py:2726} INFO - Sync 1 DAGs
[2023-05-08T22:33:11.500+0000] {logging_mixin.py:149} INFO - [2023-05-08T22:33:11.499+0000] {dag.py:3490} INFO - Setting next_dagrun for example_params_trigger_ui to None, run_after=None
[2023-05-08T22:33:11.516+0000] {processor.py:178} INFO - Processing /home/airflow/.local/lib/python3.7/site-packages/airflow/example_dags/example_params_trigger_ui.py took 0.124 seconds
[2023-05-08T22:33:43.139+0000] {processor.py:156} INFO - Started process (PID=921) to work on /home/airflow/.local/lib/python3.7/site-packages/airflow/example_dags/example_params_trigger_ui.py
[2023-05-08T22:33:43.140+0000] {processor.py:799} INFO - Processing file /home/airflow/.local/lib/python3.7/site-packages/airflow/example_dags/example_params_trigger_ui.py for tasks to queue
[2023-05-08T22:33:43.141+0000] {logging_mixin.py:149} INFO - [2023-05-08T22:33:43.141+0000] {dagbag.py:541} INFO - Filling up the DagBag from /home/airflow/.local/lib/python3.7/site-packages/airflow/example_dags/example_params_trigger_ui.py
[2023-05-08T22:33:43.162+0000] {processor.py:809} INFO - DAG(s) dict_keys(['example_params_trigger_ui']) retrieved from /home/airflow/.local/lib/python3.7/site-packages/airflow/example_dags/example_params_trigger_ui.py
[2023-05-08T22:33:43.277+0000] {logging_mixin.py:149} INFO - [2023-05-08T22:33:43.277+0000] {dag.py:2726} INFO - Sync 1 DAGs
[2023-05-08T22:33:43.304+0000] {logging_mixin.py:149} INFO - [2023-05-08T22:33:43.304+0000] {dag.py:3490} INFO - Setting next_dagrun for example_params_trigger_ui to None, run_after=None
[2023-05-08T22:33:43.323+0000] {processor.py:178} INFO - Processing /home/airflow/.local/lib/python3.7/site-packages/airflow/example_dags/example_params_trigger_ui.py took 0.188 seconds
[2023-05-08T22:34:13.686+0000] {processor.py:156} INFO - Started process (PID=978) to work on /home/airflow/.local/lib/python3.7/site-packages/airflow/example_dags/example_params_trigger_ui.py
[2023-05-08T22:34:13.687+0000] {processor.py:799} INFO - Processing file /home/airflow/.local/lib/python3.7/site-packages/airflow/example_dags/example_params_trigger_ui.py for tasks to queue
[2023-05-08T22:34:13.688+0000] {logging_mixin.py:149} INFO - [2023-05-08T22:34:13.688+0000] {dagbag.py:541} INFO - Filling up the DagBag from /home/airflow/.local/lib/python3.7/site-packages/airflow/example_dags/example_params_trigger_ui.py
[2023-05-08T22:34:13.705+0000] {processor.py:809} INFO - DAG(s) dict_keys(['example_params_trigger_ui']) retrieved from /home/airflow/.local/lib/python3.7/site-packages/airflow/example_dags/example_params_trigger_ui.py
[2023-05-08T22:34:13.755+0000] {logging_mixin.py:149} INFO - [2023-05-08T22:34:13.755+0000] {dag.py:2726} INFO - Sync 1 DAGs
[2023-05-08T22:34:13.779+0000] {logging_mixin.py:149} INFO - [2023-05-08T22:34:13.778+0000] {dag.py:3490} INFO - Setting next_dagrun for example_params_trigger_ui to None, run_after=None
[2023-05-08T22:34:13.795+0000] {processor.py:178} INFO - Processing /home/airflow/.local/lib/python3.7/site-packages/airflow/example_dags/example_params_trigger_ui.py took 0.111 seconds
[2023-05-08T22:34:44.226+0000] {processor.py:156} INFO - Started process (PID=1036) to work on /home/airflow/.local/lib/python3.7/site-packages/airflow/example_dags/example_params_trigger_ui.py
[2023-05-08T22:34:44.227+0000] {processor.py:799} INFO - Processing file /home/airflow/.local/lib/python3.7/site-packages/airflow/example_dags/example_params_trigger_ui.py for tasks to queue
[2023-05-08T22:34:44.227+0000] {logging_mixin.py:149} INFO - [2023-05-08T22:34:44.227+0000] {dagbag.py:541} INFO - Filling up the DagBag from /home/airflow/.local/lib/python3.7/site-packages/airflow/example_dags/example_params_trigger_ui.py
[2023-05-08T22:34:44.242+0000] {processor.py:809} INFO - DAG(s) dict_keys(['example_params_trigger_ui']) retrieved from /home/airflow/.local/lib/python3.7/site-packages/airflow/example_dags/example_params_trigger_ui.py
[2023-05-08T22:34:44.290+0000] {logging_mixin.py:149} INFO - [2023-05-08T22:34:44.290+0000] {dag.py:2726} INFO - Sync 1 DAGs
[2023-05-08T22:34:44.313+0000] {logging_mixin.py:149} INFO - [2023-05-08T22:34:44.312+0000] {dag.py:3490} INFO - Setting next_dagrun for example_params_trigger_ui to None, run_after=None
[2023-05-08T22:34:44.325+0000] {processor.py:178} INFO - Processing /home/airflow/.local/lib/python3.7/site-packages/airflow/example_dags/example_params_trigger_ui.py took 0.101 seconds
[2023-05-08T22:35:14.519+0000] {processor.py:156} INFO - Started process (PID=1092) to work on /home/airflow/.local/lib/python3.7/site-packages/airflow/example_dags/example_params_trigger_ui.py
[2023-05-08T22:35:14.520+0000] {processor.py:799} INFO - Processing file /home/airflow/.local/lib/python3.7/site-packages/airflow/example_dags/example_params_trigger_ui.py for tasks to queue
[2023-05-08T22:35:14.520+0000] {logging_mixin.py:149} INFO - [2023-05-08T22:35:14.520+0000] {dagbag.py:541} INFO - Filling up the DagBag from /home/airflow/.local/lib/python3.7/site-packages/airflow/example_dags/example_params_trigger_ui.py
[2023-05-08T22:35:14.535+0000] {processor.py:809} INFO - DAG(s) dict_keys(['example_params_trigger_ui']) retrieved from /home/airflow/.local/lib/python3.7/site-packages/airflow/example_dags/example_params_trigger_ui.py
[2023-05-08T22:35:14.584+0000] {logging_mixin.py:149} INFO - [2023-05-08T22:35:14.584+0000] {dag.py:2726} INFO - Sync 1 DAGs
[2023-05-08T22:35:14.603+0000] {logging_mixin.py:149} INFO - [2023-05-08T22:35:14.603+0000] {dag.py:3490} INFO - Setting next_dagrun for example_params_trigger_ui to None, run_after=None
[2023-05-08T22:35:14.616+0000] {processor.py:178} INFO - Processing /home/airflow/.local/lib/python3.7/site-packages/airflow/example_dags/example_params_trigger_ui.py took 0.100 seconds
