[2023-05-08T20:36:10.178+0000] {processor.py:156} INFO - Started process (PID=39) to work on /home/airflow/.local/lib/python3.7/site-packages/airflow/example_dags/example_sensor_decorator.py
[2023-05-08T20:36:10.179+0000] {processor.py:799} INFO - Processing file /home/airflow/.local/lib/python3.7/site-packages/airflow/example_dags/example_sensor_decorator.py for tasks to queue
[2023-05-08T20:36:10.180+0000] {logging_mixin.py:149} INFO - [2023-05-08T20:36:10.180+0000] {dagbag.py:541} INFO - Filling up the DagBag from /home/airflow/.local/lib/python3.7/site-packages/airflow/example_dags/example_sensor_decorator.py
[2023-05-08T20:36:10.191+0000] {processor.py:809} INFO - DAG(s) dict_keys(['example_sensor_decorator']) retrieved from /home/airflow/.local/lib/python3.7/site-packages/airflow/example_dags/example_sensor_decorator.py
[2023-05-08T20:36:10.214+0000] {logging_mixin.py:149} INFO - [2023-05-08T20:36:10.214+0000] {dag.py:2726} INFO - Sync 1 DAGs
[2023-05-08T20:36:10.260+0000] {logging_mixin.py:149} INFO - [2023-05-08T20:36:10.260+0000] {dag.py:3490} INFO - Setting next_dagrun for example_sensor_decorator to None, run_after=None
[2023-05-08T20:36:10.290+0000] {processor.py:178} INFO - Processing /home/airflow/.local/lib/python3.7/site-packages/airflow/example_dags/example_sensor_decorator.py took 0.115 seconds
[2023-05-08T20:36:40.501+0000] {processor.py:156} INFO - Started process (PID=95) to work on /home/airflow/.local/lib/python3.7/site-packages/airflow/example_dags/example_sensor_decorator.py
[2023-05-08T20:36:40.502+0000] {processor.py:799} INFO - Processing file /home/airflow/.local/lib/python3.7/site-packages/airflow/example_dags/example_sensor_decorator.py for tasks to queue
[2023-05-08T20:36:40.503+0000] {logging_mixin.py:149} INFO - [2023-05-08T20:36:40.503+0000] {dagbag.py:541} INFO - Filling up the DagBag from /home/airflow/.local/lib/python3.7/site-packages/airflow/example_dags/example_sensor_decorator.py
[2023-05-08T20:36:40.507+0000] {processor.py:809} INFO - DAG(s) dict_keys(['example_sensor_decorator']) retrieved from /home/airflow/.local/lib/python3.7/site-packages/airflow/example_dags/example_sensor_decorator.py
[2023-05-08T20:36:40.530+0000] {logging_mixin.py:149} INFO - [2023-05-08T20:36:40.530+0000] {dag.py:2726} INFO - Sync 1 DAGs
[2023-05-08T20:36:40.551+0000] {logging_mixin.py:149} INFO - [2023-05-08T20:36:40.551+0000] {dag.py:3490} INFO - Setting next_dagrun for example_sensor_decorator to None, run_after=None
[2023-05-08T20:36:40.564+0000] {processor.py:178} INFO - Processing /home/airflow/.local/lib/python3.7/site-packages/airflow/example_dags/example_sensor_decorator.py took 0.065 seconds
[2023-05-08T20:37:10.838+0000] {processor.py:156} INFO - Started process (PID=151) to work on /home/airflow/.local/lib/python3.7/site-packages/airflow/example_dags/example_sensor_decorator.py
[2023-05-08T20:37:10.839+0000] {processor.py:799} INFO - Processing file /home/airflow/.local/lib/python3.7/site-packages/airflow/example_dags/example_sensor_decorator.py for tasks to queue
[2023-05-08T20:37:10.840+0000] {logging_mixin.py:149} INFO - [2023-05-08T20:37:10.840+0000] {dagbag.py:541} INFO - Filling up the DagBag from /home/airflow/.local/lib/python3.7/site-packages/airflow/example_dags/example_sensor_decorator.py
[2023-05-08T20:37:10.846+0000] {processor.py:809} INFO - DAG(s) dict_keys(['example_sensor_decorator']) retrieved from /home/airflow/.local/lib/python3.7/site-packages/airflow/example_dags/example_sensor_decorator.py
[2023-05-08T20:37:10.878+0000] {logging_mixin.py:149} INFO - [2023-05-08T20:37:10.878+0000] {dag.py:2726} INFO - Sync 1 DAGs
[2023-05-08T20:37:10.904+0000] {logging_mixin.py:149} INFO - [2023-05-08T20:37:10.904+0000] {dag.py:3490} INFO - Setting next_dagrun for example_sensor_decorator to None, run_after=None
[2023-05-08T20:37:10.922+0000] {processor.py:178} INFO - Processing /home/airflow/.local/lib/python3.7/site-packages/airflow/example_dags/example_sensor_decorator.py took 0.088 seconds
[2023-05-08T20:37:41.704+0000] {processor.py:156} INFO - Started process (PID=207) to work on /home/airflow/.local/lib/python3.7/site-packages/airflow/example_dags/example_sensor_decorator.py
[2023-05-08T20:37:41.705+0000] {processor.py:799} INFO - Processing file /home/airflow/.local/lib/python3.7/site-packages/airflow/example_dags/example_sensor_decorator.py for tasks to queue
[2023-05-08T20:37:41.706+0000] {logging_mixin.py:149} INFO - [2023-05-08T20:37:41.705+0000] {dagbag.py:541} INFO - Filling up the DagBag from /home/airflow/.local/lib/python3.7/site-packages/airflow/example_dags/example_sensor_decorator.py
[2023-05-08T20:37:41.710+0000] {processor.py:809} INFO - DAG(s) dict_keys(['example_sensor_decorator']) retrieved from /home/airflow/.local/lib/python3.7/site-packages/airflow/example_dags/example_sensor_decorator.py
[2023-05-08T20:37:41.738+0000] {logging_mixin.py:149} INFO - [2023-05-08T20:37:41.738+0000] {dag.py:2726} INFO - Sync 1 DAGs
[2023-05-08T20:37:41.763+0000] {logging_mixin.py:149} INFO - [2023-05-08T20:37:41.762+0000] {dag.py:3490} INFO - Setting next_dagrun for example_sensor_decorator to None, run_after=None
[2023-05-08T20:37:41.778+0000] {processor.py:178} INFO - Processing /home/airflow/.local/lib/python3.7/site-packages/airflow/example_dags/example_sensor_decorator.py took 0.078 seconds
[2023-05-08T20:38:12.470+0000] {processor.py:156} INFO - Started process (PID=264) to work on /home/airflow/.local/lib/python3.7/site-packages/airflow/example_dags/example_sensor_decorator.py
[2023-05-08T20:38:12.471+0000] {processor.py:799} INFO - Processing file /home/airflow/.local/lib/python3.7/site-packages/airflow/example_dags/example_sensor_decorator.py for tasks to queue
[2023-05-08T20:38:12.471+0000] {logging_mixin.py:149} INFO - [2023-05-08T20:38:12.471+0000] {dagbag.py:541} INFO - Filling up the DagBag from /home/airflow/.local/lib/python3.7/site-packages/airflow/example_dags/example_sensor_decorator.py
[2023-05-08T20:38:12.476+0000] {processor.py:809} INFO - DAG(s) dict_keys(['example_sensor_decorator']) retrieved from /home/airflow/.local/lib/python3.7/site-packages/airflow/example_dags/example_sensor_decorator.py
[2023-05-08T20:38:12.499+0000] {logging_mixin.py:149} INFO - [2023-05-08T20:38:12.498+0000] {dag.py:2726} INFO - Sync 1 DAGs
[2023-05-08T20:38:12.519+0000] {logging_mixin.py:149} INFO - [2023-05-08T20:38:12.519+0000] {dag.py:3490} INFO - Setting next_dagrun for example_sensor_decorator to None, run_after=None
[2023-05-08T20:38:12.533+0000] {processor.py:178} INFO - Processing /home/airflow/.local/lib/python3.7/site-packages/airflow/example_dags/example_sensor_decorator.py took 0.066 seconds
[2023-05-08T20:38:43.166+0000] {processor.py:156} INFO - Started process (PID=320) to work on /home/airflow/.local/lib/python3.7/site-packages/airflow/example_dags/example_sensor_decorator.py
[2023-05-08T20:38:43.167+0000] {processor.py:799} INFO - Processing file /home/airflow/.local/lib/python3.7/site-packages/airflow/example_dags/example_sensor_decorator.py for tasks to queue
[2023-05-08T20:38:43.168+0000] {logging_mixin.py:149} INFO - [2023-05-08T20:38:43.168+0000] {dagbag.py:541} INFO - Filling up the DagBag from /home/airflow/.local/lib/python3.7/site-packages/airflow/example_dags/example_sensor_decorator.py
[2023-05-08T20:38:43.172+0000] {processor.py:809} INFO - DAG(s) dict_keys(['example_sensor_decorator']) retrieved from /home/airflow/.local/lib/python3.7/site-packages/airflow/example_dags/example_sensor_decorator.py
[2023-05-08T20:38:43.193+0000] {logging_mixin.py:149} INFO - [2023-05-08T20:38:43.193+0000] {dag.py:2726} INFO - Sync 1 DAGs
[2023-05-08T20:38:43.211+0000] {logging_mixin.py:149} INFO - [2023-05-08T20:38:43.211+0000] {dag.py:3490} INFO - Setting next_dagrun for example_sensor_decorator to None, run_after=None
[2023-05-08T20:38:43.224+0000] {processor.py:178} INFO - Processing /home/airflow/.local/lib/python3.7/site-packages/airflow/example_dags/example_sensor_decorator.py took 0.061 seconds
[2023-05-08T20:39:13.757+0000] {processor.py:156} INFO - Started process (PID=376) to work on /home/airflow/.local/lib/python3.7/site-packages/airflow/example_dags/example_sensor_decorator.py
[2023-05-08T20:39:13.758+0000] {processor.py:799} INFO - Processing file /home/airflow/.local/lib/python3.7/site-packages/airflow/example_dags/example_sensor_decorator.py for tasks to queue
[2023-05-08T20:39:13.759+0000] {logging_mixin.py:149} INFO - [2023-05-08T20:39:13.759+0000] {dagbag.py:541} INFO - Filling up the DagBag from /home/airflow/.local/lib/python3.7/site-packages/airflow/example_dags/example_sensor_decorator.py
[2023-05-08T20:39:13.763+0000] {processor.py:809} INFO - DAG(s) dict_keys(['example_sensor_decorator']) retrieved from /home/airflow/.local/lib/python3.7/site-packages/airflow/example_dags/example_sensor_decorator.py
[2023-05-08T20:39:13.785+0000] {logging_mixin.py:149} INFO - [2023-05-08T20:39:13.785+0000] {dag.py:2726} INFO - Sync 1 DAGs
[2023-05-08T20:39:13.805+0000] {logging_mixin.py:149} INFO - [2023-05-08T20:39:13.805+0000] {dag.py:3490} INFO - Setting next_dagrun for example_sensor_decorator to None, run_after=None
[2023-05-08T20:39:13.818+0000] {processor.py:178} INFO - Processing /home/airflow/.local/lib/python3.7/site-packages/airflow/example_dags/example_sensor_decorator.py took 0.063 seconds
[2023-05-08T20:39:44.301+0000] {processor.py:156} INFO - Started process (PID=431) to work on /home/airflow/.local/lib/python3.7/site-packages/airflow/example_dags/example_sensor_decorator.py
[2023-05-08T20:39:44.301+0000] {processor.py:799} INFO - Processing file /home/airflow/.local/lib/python3.7/site-packages/airflow/example_dags/example_sensor_decorator.py for tasks to queue
[2023-05-08T20:39:44.302+0000] {logging_mixin.py:149} INFO - [2023-05-08T20:39:44.302+0000] {dagbag.py:541} INFO - Filling up the DagBag from /home/airflow/.local/lib/python3.7/site-packages/airflow/example_dags/example_sensor_decorator.py
[2023-05-08T20:39:44.307+0000] {processor.py:809} INFO - DAG(s) dict_keys(['example_sensor_decorator']) retrieved from /home/airflow/.local/lib/python3.7/site-packages/airflow/example_dags/example_sensor_decorator.py
[2023-05-08T20:39:44.329+0000] {logging_mixin.py:149} INFO - [2023-05-08T20:39:44.329+0000] {dag.py:2726} INFO - Sync 1 DAGs
[2023-05-08T20:39:44.349+0000] {logging_mixin.py:149} INFO - [2023-05-08T20:39:44.349+0000] {dag.py:3490} INFO - Setting next_dagrun for example_sensor_decorator to None, run_after=None
[2023-05-08T20:39:44.362+0000] {processor.py:178} INFO - Processing /home/airflow/.local/lib/python3.7/site-packages/airflow/example_dags/example_sensor_decorator.py took 0.064 seconds
[2023-05-08T22:15:45.592+0000] {processor.py:156} INFO - Started process (PID=39) to work on /home/airflow/.local/lib/python3.7/site-packages/airflow/example_dags/example_sensor_decorator.py
[2023-05-08T22:15:45.593+0000] {processor.py:799} INFO - Processing file /home/airflow/.local/lib/python3.7/site-packages/airflow/example_dags/example_sensor_decorator.py for tasks to queue
[2023-05-08T22:15:45.594+0000] {logging_mixin.py:149} INFO - [2023-05-08T22:15:45.594+0000] {dagbag.py:541} INFO - Filling up the DagBag from /home/airflow/.local/lib/python3.7/site-packages/airflow/example_dags/example_sensor_decorator.py
[2023-05-08T22:15:45.601+0000] {processor.py:809} INFO - DAG(s) dict_keys(['example_sensor_decorator']) retrieved from /home/airflow/.local/lib/python3.7/site-packages/airflow/example_dags/example_sensor_decorator.py
[2023-05-08T22:15:45.620+0000] {logging_mixin.py:149} INFO - [2023-05-08T22:15:45.620+0000] {dag.py:2726} INFO - Sync 1 DAGs
[2023-05-08T22:15:45.649+0000] {logging_mixin.py:149} INFO - [2023-05-08T22:15:45.649+0000] {dag.py:3490} INFO - Setting next_dagrun for example_sensor_decorator to None, run_after=None
[2023-05-08T22:15:45.669+0000] {processor.py:178} INFO - Processing /home/airflow/.local/lib/python3.7/site-packages/airflow/example_dags/example_sensor_decorator.py took 0.080 seconds
[2023-05-08T22:16:15.741+0000] {processor.py:156} INFO - Started process (PID=96) to work on /home/airflow/.local/lib/python3.7/site-packages/airflow/example_dags/example_sensor_decorator.py
[2023-05-08T22:16:15.742+0000] {processor.py:799} INFO - Processing file /home/airflow/.local/lib/python3.7/site-packages/airflow/example_dags/example_sensor_decorator.py for tasks to queue
[2023-05-08T22:16:15.742+0000] {logging_mixin.py:149} INFO - [2023-05-08T22:16:15.742+0000] {dagbag.py:541} INFO - Filling up the DagBag from /home/airflow/.local/lib/python3.7/site-packages/airflow/example_dags/example_sensor_decorator.py
[2023-05-08T22:16:15.747+0000] {processor.py:809} INFO - DAG(s) dict_keys(['example_sensor_decorator']) retrieved from /home/airflow/.local/lib/python3.7/site-packages/airflow/example_dags/example_sensor_decorator.py
[2023-05-08T22:16:15.767+0000] {logging_mixin.py:149} INFO - [2023-05-08T22:16:15.767+0000] {dag.py:2726} INFO - Sync 1 DAGs
[2023-05-08T22:16:15.787+0000] {logging_mixin.py:149} INFO - [2023-05-08T22:16:15.787+0000] {dag.py:3490} INFO - Setting next_dagrun for example_sensor_decorator to None, run_after=None
[2023-05-08T22:16:15.800+0000] {processor.py:178} INFO - Processing /home/airflow/.local/lib/python3.7/site-packages/airflow/example_dags/example_sensor_decorator.py took 0.062 seconds
[2023-05-08T22:16:45.940+0000] {processor.py:156} INFO - Started process (PID=153) to work on /home/airflow/.local/lib/python3.7/site-packages/airflow/example_dags/example_sensor_decorator.py
[2023-05-08T22:16:45.941+0000] {processor.py:799} INFO - Processing file /home/airflow/.local/lib/python3.7/site-packages/airflow/example_dags/example_sensor_decorator.py for tasks to queue
[2023-05-08T22:16:45.941+0000] {logging_mixin.py:149} INFO - [2023-05-08T22:16:45.941+0000] {dagbag.py:541} INFO - Filling up the DagBag from /home/airflow/.local/lib/python3.7/site-packages/airflow/example_dags/example_sensor_decorator.py
[2023-05-08T22:16:45.946+0000] {processor.py:809} INFO - DAG(s) dict_keys(['example_sensor_decorator']) retrieved from /home/airflow/.local/lib/python3.7/site-packages/airflow/example_dags/example_sensor_decorator.py
[2023-05-08T22:16:45.968+0000] {logging_mixin.py:149} INFO - [2023-05-08T22:16:45.968+0000] {dag.py:2726} INFO - Sync 1 DAGs
[2023-05-08T22:16:45.987+0000] {logging_mixin.py:149} INFO - [2023-05-08T22:16:45.987+0000] {dag.py:3490} INFO - Setting next_dagrun for example_sensor_decorator to None, run_after=None
[2023-05-08T22:16:46.001+0000] {processor.py:178} INFO - Processing /home/airflow/.local/lib/python3.7/site-packages/airflow/example_dags/example_sensor_decorator.py took 0.063 seconds
[2023-05-08T22:17:16.856+0000] {processor.py:156} INFO - Started process (PID=210) to work on /home/airflow/.local/lib/python3.7/site-packages/airflow/example_dags/example_sensor_decorator.py
[2023-05-08T22:17:16.857+0000] {processor.py:799} INFO - Processing file /home/airflow/.local/lib/python3.7/site-packages/airflow/example_dags/example_sensor_decorator.py for tasks to queue
[2023-05-08T22:17:16.858+0000] {logging_mixin.py:149} INFO - [2023-05-08T22:17:16.858+0000] {dagbag.py:541} INFO - Filling up the DagBag from /home/airflow/.local/lib/python3.7/site-packages/airflow/example_dags/example_sensor_decorator.py
[2023-05-08T22:17:16.864+0000] {processor.py:809} INFO - DAG(s) dict_keys(['example_sensor_decorator']) retrieved from /home/airflow/.local/lib/python3.7/site-packages/airflow/example_dags/example_sensor_decorator.py
[2023-05-08T22:17:16.888+0000] {logging_mixin.py:149} INFO - [2023-05-08T22:17:16.888+0000] {dag.py:2726} INFO - Sync 1 DAGs
[2023-05-08T22:17:16.909+0000] {logging_mixin.py:149} INFO - [2023-05-08T22:17:16.909+0000] {dag.py:3490} INFO - Setting next_dagrun for example_sensor_decorator to None, run_after=None
[2023-05-08T22:17:16.922+0000] {processor.py:178} INFO - Processing /home/airflow/.local/lib/python3.7/site-packages/airflow/example_dags/example_sensor_decorator.py took 0.068 seconds
[2023-05-08T22:17:47.786+0000] {processor.py:156} INFO - Started process (PID=267) to work on /home/airflow/.local/lib/python3.7/site-packages/airflow/example_dags/example_sensor_decorator.py
[2023-05-08T22:17:47.787+0000] {processor.py:799} INFO - Processing file /home/airflow/.local/lib/python3.7/site-packages/airflow/example_dags/example_sensor_decorator.py for tasks to queue
[2023-05-08T22:17:47.788+0000] {logging_mixin.py:149} INFO - [2023-05-08T22:17:47.788+0000] {dagbag.py:541} INFO - Filling up the DagBag from /home/airflow/.local/lib/python3.7/site-packages/airflow/example_dags/example_sensor_decorator.py
[2023-05-08T22:17:47.792+0000] {processor.py:809} INFO - DAG(s) dict_keys(['example_sensor_decorator']) retrieved from /home/airflow/.local/lib/python3.7/site-packages/airflow/example_dags/example_sensor_decorator.py
[2023-05-08T22:17:47.814+0000] {logging_mixin.py:149} INFO - [2023-05-08T22:17:47.814+0000] {dag.py:2726} INFO - Sync 1 DAGs
[2023-05-08T22:17:47.837+0000] {logging_mixin.py:149} INFO - [2023-05-08T22:17:47.837+0000] {dag.py:3490} INFO - Setting next_dagrun for example_sensor_decorator to None, run_after=None
[2023-05-08T22:17:47.856+0000] {processor.py:178} INFO - Processing /home/airflow/.local/lib/python3.7/site-packages/airflow/example_dags/example_sensor_decorator.py took 0.072 seconds
[2023-05-08T22:18:18.504+0000] {processor.py:156} INFO - Started process (PID=324) to work on /home/airflow/.local/lib/python3.7/site-packages/airflow/example_dags/example_sensor_decorator.py
[2023-05-08T22:18:18.505+0000] {processor.py:799} INFO - Processing file /home/airflow/.local/lib/python3.7/site-packages/airflow/example_dags/example_sensor_decorator.py for tasks to queue
[2023-05-08T22:18:18.505+0000] {logging_mixin.py:149} INFO - [2023-05-08T22:18:18.505+0000] {dagbag.py:541} INFO - Filling up the DagBag from /home/airflow/.local/lib/python3.7/site-packages/airflow/example_dags/example_sensor_decorator.py
[2023-05-08T22:18:18.510+0000] {processor.py:809} INFO - DAG(s) dict_keys(['example_sensor_decorator']) retrieved from /home/airflow/.local/lib/python3.7/site-packages/airflow/example_dags/example_sensor_decorator.py
[2023-05-08T22:18:18.532+0000] {logging_mixin.py:149} INFO - [2023-05-08T22:18:18.532+0000] {dag.py:2726} INFO - Sync 1 DAGs
[2023-05-08T22:18:18.557+0000] {logging_mixin.py:149} INFO - [2023-05-08T22:18:18.557+0000] {dag.py:3490} INFO - Setting next_dagrun for example_sensor_decorator to None, run_after=None
[2023-05-08T22:18:18.572+0000] {processor.py:178} INFO - Processing /home/airflow/.local/lib/python3.7/site-packages/airflow/example_dags/example_sensor_decorator.py took 0.071 seconds
[2023-05-08T22:18:49.630+0000] {processor.py:156} INFO - Started process (PID=381) to work on /home/airflow/.local/lib/python3.7/site-packages/airflow/example_dags/example_sensor_decorator.py
[2023-05-08T22:18:49.631+0000] {processor.py:799} INFO - Processing file /home/airflow/.local/lib/python3.7/site-packages/airflow/example_dags/example_sensor_decorator.py for tasks to queue
[2023-05-08T22:18:49.631+0000] {logging_mixin.py:149} INFO - [2023-05-08T22:18:49.631+0000] {dagbag.py:541} INFO - Filling up the DagBag from /home/airflow/.local/lib/python3.7/site-packages/airflow/example_dags/example_sensor_decorator.py
[2023-05-08T22:18:49.636+0000] {processor.py:809} INFO - DAG(s) dict_keys(['example_sensor_decorator']) retrieved from /home/airflow/.local/lib/python3.7/site-packages/airflow/example_dags/example_sensor_decorator.py
[2023-05-08T22:18:49.660+0000] {logging_mixin.py:149} INFO - [2023-05-08T22:18:49.660+0000] {dag.py:2726} INFO - Sync 1 DAGs
[2023-05-08T22:18:49.689+0000] {logging_mixin.py:149} INFO - [2023-05-08T22:18:49.689+0000] {dag.py:3490} INFO - Setting next_dagrun for example_sensor_decorator to None, run_after=None
[2023-05-08T22:18:49.706+0000] {processor.py:178} INFO - Processing /home/airflow/.local/lib/python3.7/site-packages/airflow/example_dags/example_sensor_decorator.py took 0.079 seconds
[2023-05-08T22:19:20.533+0000] {processor.py:156} INFO - Started process (PID=438) to work on /home/airflow/.local/lib/python3.7/site-packages/airflow/example_dags/example_sensor_decorator.py
[2023-05-08T22:19:20.534+0000] {processor.py:799} INFO - Processing file /home/airflow/.local/lib/python3.7/site-packages/airflow/example_dags/example_sensor_decorator.py for tasks to queue
[2023-05-08T22:19:20.535+0000] {logging_mixin.py:149} INFO - [2023-05-08T22:19:20.535+0000] {dagbag.py:541} INFO - Filling up the DagBag from /home/airflow/.local/lib/python3.7/site-packages/airflow/example_dags/example_sensor_decorator.py
[2023-05-08T22:19:20.539+0000] {processor.py:809} INFO - DAG(s) dict_keys(['example_sensor_decorator']) retrieved from /home/airflow/.local/lib/python3.7/site-packages/airflow/example_dags/example_sensor_decorator.py
[2023-05-08T22:19:20.560+0000] {logging_mixin.py:149} INFO - [2023-05-08T22:19:20.560+0000] {dag.py:2726} INFO - Sync 1 DAGs
[2023-05-08T22:19:20.580+0000] {logging_mixin.py:149} INFO - [2023-05-08T22:19:20.579+0000] {dag.py:3490} INFO - Setting next_dagrun for example_sensor_decorator to None, run_after=None
[2023-05-08T22:19:20.592+0000] {processor.py:178} INFO - Processing /home/airflow/.local/lib/python3.7/site-packages/airflow/example_dags/example_sensor_decorator.py took 0.061 seconds
[2023-05-08T22:19:51.303+0000] {processor.py:156} INFO - Started process (PID=495) to work on /home/airflow/.local/lib/python3.7/site-packages/airflow/example_dags/example_sensor_decorator.py
[2023-05-08T22:19:51.304+0000] {processor.py:799} INFO - Processing file /home/airflow/.local/lib/python3.7/site-packages/airflow/example_dags/example_sensor_decorator.py for tasks to queue
[2023-05-08T22:19:51.304+0000] {logging_mixin.py:149} INFO - [2023-05-08T22:19:51.304+0000] {dagbag.py:541} INFO - Filling up the DagBag from /home/airflow/.local/lib/python3.7/site-packages/airflow/example_dags/example_sensor_decorator.py
[2023-05-08T22:19:51.309+0000] {processor.py:809} INFO - DAG(s) dict_keys(['example_sensor_decorator']) retrieved from /home/airflow/.local/lib/python3.7/site-packages/airflow/example_dags/example_sensor_decorator.py
[2023-05-08T22:19:51.330+0000] {logging_mixin.py:149} INFO - [2023-05-08T22:19:51.330+0000] {dag.py:2726} INFO - Sync 1 DAGs
[2023-05-08T22:19:51.351+0000] {logging_mixin.py:149} INFO - [2023-05-08T22:19:51.351+0000] {dag.py:3490} INFO - Setting next_dagrun for example_sensor_decorator to None, run_after=None
[2023-05-08T22:19:51.365+0000] {processor.py:178} INFO - Processing /home/airflow/.local/lib/python3.7/site-packages/airflow/example_dags/example_sensor_decorator.py took 0.064 seconds
[2023-05-08T22:20:21.985+0000] {processor.py:156} INFO - Started process (PID=553) to work on /home/airflow/.local/lib/python3.7/site-packages/airflow/example_dags/example_sensor_decorator.py
[2023-05-08T22:20:21.986+0000] {processor.py:799} INFO - Processing file /home/airflow/.local/lib/python3.7/site-packages/airflow/example_dags/example_sensor_decorator.py for tasks to queue
[2023-05-08T22:20:21.987+0000] {logging_mixin.py:149} INFO - [2023-05-08T22:20:21.987+0000] {dagbag.py:541} INFO - Filling up the DagBag from /home/airflow/.local/lib/python3.7/site-packages/airflow/example_dags/example_sensor_decorator.py
[2023-05-08T22:20:21.991+0000] {processor.py:809} INFO - DAG(s) dict_keys(['example_sensor_decorator']) retrieved from /home/airflow/.local/lib/python3.7/site-packages/airflow/example_dags/example_sensor_decorator.py
[2023-05-08T22:20:22.013+0000] {logging_mixin.py:149} INFO - [2023-05-08T22:20:22.013+0000] {dag.py:2726} INFO - Sync 1 DAGs
[2023-05-08T22:20:22.037+0000] {logging_mixin.py:149} INFO - [2023-05-08T22:20:22.037+0000] {dag.py:3490} INFO - Setting next_dagrun for example_sensor_decorator to None, run_after=None
[2023-05-08T22:20:22.050+0000] {processor.py:178} INFO - Processing /home/airflow/.local/lib/python3.7/site-packages/airflow/example_dags/example_sensor_decorator.py took 0.068 seconds
[2023-05-08T22:20:52.865+0000] {processor.py:156} INFO - Started process (PID=610) to work on /home/airflow/.local/lib/python3.7/site-packages/airflow/example_dags/example_sensor_decorator.py
[2023-05-08T22:20:52.866+0000] {processor.py:799} INFO - Processing file /home/airflow/.local/lib/python3.7/site-packages/airflow/example_dags/example_sensor_decorator.py for tasks to queue
[2023-05-08T22:20:52.867+0000] {logging_mixin.py:149} INFO - [2023-05-08T22:20:52.867+0000] {dagbag.py:541} INFO - Filling up the DagBag from /home/airflow/.local/lib/python3.7/site-packages/airflow/example_dags/example_sensor_decorator.py
[2023-05-08T22:20:52.871+0000] {processor.py:809} INFO - DAG(s) dict_keys(['example_sensor_decorator']) retrieved from /home/airflow/.local/lib/python3.7/site-packages/airflow/example_dags/example_sensor_decorator.py
[2023-05-08T22:20:52.897+0000] {logging_mixin.py:149} INFO - [2023-05-08T22:20:52.897+0000] {dag.py:2726} INFO - Sync 1 DAGs
[2023-05-08T22:20:52.919+0000] {logging_mixin.py:149} INFO - [2023-05-08T22:20:52.919+0000] {dag.py:3490} INFO - Setting next_dagrun for example_sensor_decorator to None, run_after=None
[2023-05-08T22:20:52.933+0000] {processor.py:178} INFO - Processing /home/airflow/.local/lib/python3.7/site-packages/airflow/example_dags/example_sensor_decorator.py took 0.070 seconds
[2023-05-08T22:21:23.708+0000] {processor.py:156} INFO - Started process (PID=667) to work on /home/airflow/.local/lib/python3.7/site-packages/airflow/example_dags/example_sensor_decorator.py
[2023-05-08T22:21:23.709+0000] {processor.py:799} INFO - Processing file /home/airflow/.local/lib/python3.7/site-packages/airflow/example_dags/example_sensor_decorator.py for tasks to queue
[2023-05-08T22:21:23.710+0000] {logging_mixin.py:149} INFO - [2023-05-08T22:21:23.709+0000] {dagbag.py:541} INFO - Filling up the DagBag from /home/airflow/.local/lib/python3.7/site-packages/airflow/example_dags/example_sensor_decorator.py
[2023-05-08T22:21:23.714+0000] {processor.py:809} INFO - DAG(s) dict_keys(['example_sensor_decorator']) retrieved from /home/airflow/.local/lib/python3.7/site-packages/airflow/example_dags/example_sensor_decorator.py
[2023-05-08T22:21:23.737+0000] {logging_mixin.py:149} INFO - [2023-05-08T22:21:23.737+0000] {dag.py:2726} INFO - Sync 1 DAGs
[2023-05-08T22:21:23.756+0000] {logging_mixin.py:149} INFO - [2023-05-08T22:21:23.756+0000] {dag.py:3490} INFO - Setting next_dagrun for example_sensor_decorator to None, run_after=None
[2023-05-08T22:21:23.769+0000] {processor.py:178} INFO - Processing /home/airflow/.local/lib/python3.7/site-packages/airflow/example_dags/example_sensor_decorator.py took 0.064 seconds
[2023-05-08T22:22:07.021+0000] {processor.py:156} INFO - Started process (PID=40) to work on /home/airflow/.local/lib/python3.7/site-packages/airflow/example_dags/example_sensor_decorator.py
[2023-05-08T22:22:07.022+0000] {processor.py:799} INFO - Processing file /home/airflow/.local/lib/python3.7/site-packages/airflow/example_dags/example_sensor_decorator.py for tasks to queue
[2023-05-08T22:22:07.024+0000] {logging_mixin.py:149} INFO - [2023-05-08T22:22:07.024+0000] {dagbag.py:541} INFO - Filling up the DagBag from /home/airflow/.local/lib/python3.7/site-packages/airflow/example_dags/example_sensor_decorator.py
[2023-05-08T22:22:07.032+0000] {processor.py:809} INFO - DAG(s) dict_keys(['example_sensor_decorator']) retrieved from /home/airflow/.local/lib/python3.7/site-packages/airflow/example_dags/example_sensor_decorator.py
[2023-05-08T22:22:07.054+0000] {logging_mixin.py:149} INFO - [2023-05-08T22:22:07.054+0000] {dag.py:2726} INFO - Sync 1 DAGs
[2023-05-08T22:22:07.081+0000] {logging_mixin.py:149} INFO - [2023-05-08T22:22:07.081+0000] {dag.py:3490} INFO - Setting next_dagrun for example_sensor_decorator to None, run_after=None
[2023-05-08T22:22:07.097+0000] {processor.py:178} INFO - Processing /home/airflow/.local/lib/python3.7/site-packages/airflow/example_dags/example_sensor_decorator.py took 0.079 seconds
[2023-05-08T22:22:37.348+0000] {processor.py:156} INFO - Started process (PID=97) to work on /home/airflow/.local/lib/python3.7/site-packages/airflow/example_dags/example_sensor_decorator.py
[2023-05-08T22:22:37.350+0000] {processor.py:799} INFO - Processing file /home/airflow/.local/lib/python3.7/site-packages/airflow/example_dags/example_sensor_decorator.py for tasks to queue
[2023-05-08T22:22:37.351+0000] {logging_mixin.py:149} INFO - [2023-05-08T22:22:37.351+0000] {dagbag.py:541} INFO - Filling up the DagBag from /home/airflow/.local/lib/python3.7/site-packages/airflow/example_dags/example_sensor_decorator.py
[2023-05-08T22:22:37.360+0000] {processor.py:809} INFO - DAG(s) dict_keys(['example_sensor_decorator']) retrieved from /home/airflow/.local/lib/python3.7/site-packages/airflow/example_dags/example_sensor_decorator.py
[2023-05-08T22:22:37.390+0000] {logging_mixin.py:149} INFO - [2023-05-08T22:22:37.390+0000] {dag.py:2726} INFO - Sync 1 DAGs
[2023-05-08T22:22:37.413+0000] {logging_mixin.py:149} INFO - [2023-05-08T22:22:37.413+0000] {dag.py:3490} INFO - Setting next_dagrun for example_sensor_decorator to None, run_after=None
[2023-05-08T22:22:37.428+0000] {processor.py:178} INFO - Processing /home/airflow/.local/lib/python3.7/site-packages/airflow/example_dags/example_sensor_decorator.py took 0.083 seconds
[2023-05-08T22:23:07.558+0000] {processor.py:156} INFO - Started process (PID=154) to work on /home/airflow/.local/lib/python3.7/site-packages/airflow/example_dags/example_sensor_decorator.py
[2023-05-08T22:23:07.559+0000] {processor.py:799} INFO - Processing file /home/airflow/.local/lib/python3.7/site-packages/airflow/example_dags/example_sensor_decorator.py for tasks to queue
[2023-05-08T22:23:07.560+0000] {logging_mixin.py:149} INFO - [2023-05-08T22:23:07.560+0000] {dagbag.py:541} INFO - Filling up the DagBag from /home/airflow/.local/lib/python3.7/site-packages/airflow/example_dags/example_sensor_decorator.py
[2023-05-08T22:23:07.565+0000] {processor.py:809} INFO - DAG(s) dict_keys(['example_sensor_decorator']) retrieved from /home/airflow/.local/lib/python3.7/site-packages/airflow/example_dags/example_sensor_decorator.py
[2023-05-08T22:23:07.588+0000] {logging_mixin.py:149} INFO - [2023-05-08T22:23:07.588+0000] {dag.py:2726} INFO - Sync 1 DAGs
[2023-05-08T22:23:07.607+0000] {logging_mixin.py:149} INFO - [2023-05-08T22:23:07.607+0000] {dag.py:3490} INFO - Setting next_dagrun for example_sensor_decorator to None, run_after=None
[2023-05-08T22:23:07.621+0000] {processor.py:178} INFO - Processing /home/airflow/.local/lib/python3.7/site-packages/airflow/example_dags/example_sensor_decorator.py took 0.065 seconds
[2023-05-08T22:23:38.537+0000] {processor.py:156} INFO - Started process (PID=211) to work on /home/airflow/.local/lib/python3.7/site-packages/airflow/example_dags/example_sensor_decorator.py
[2023-05-08T22:23:38.539+0000] {processor.py:799} INFO - Processing file /home/airflow/.local/lib/python3.7/site-packages/airflow/example_dags/example_sensor_decorator.py for tasks to queue
[2023-05-08T22:23:38.539+0000] {logging_mixin.py:149} INFO - [2023-05-08T22:23:38.539+0000] {dagbag.py:541} INFO - Filling up the DagBag from /home/airflow/.local/lib/python3.7/site-packages/airflow/example_dags/example_sensor_decorator.py
[2023-05-08T22:23:38.544+0000] {processor.py:809} INFO - DAG(s) dict_keys(['example_sensor_decorator']) retrieved from /home/airflow/.local/lib/python3.7/site-packages/airflow/example_dags/example_sensor_decorator.py
[2023-05-08T22:23:38.566+0000] {logging_mixin.py:149} INFO - [2023-05-08T22:23:38.566+0000] {dag.py:2726} INFO - Sync 1 DAGs
[2023-05-08T22:23:38.585+0000] {logging_mixin.py:149} INFO - [2023-05-08T22:23:38.585+0000] {dag.py:3490} INFO - Setting next_dagrun for example_sensor_decorator to None, run_after=None
[2023-05-08T22:23:38.599+0000] {processor.py:178} INFO - Processing /home/airflow/.local/lib/python3.7/site-packages/airflow/example_dags/example_sensor_decorator.py took 0.065 seconds
[2023-05-08T22:24:09.360+0000] {processor.py:156} INFO - Started process (PID=268) to work on /home/airflow/.local/lib/python3.7/site-packages/airflow/example_dags/example_sensor_decorator.py
[2023-05-08T22:24:09.361+0000] {processor.py:799} INFO - Processing file /home/airflow/.local/lib/python3.7/site-packages/airflow/example_dags/example_sensor_decorator.py for tasks to queue
[2023-05-08T22:24:09.362+0000] {logging_mixin.py:149} INFO - [2023-05-08T22:24:09.362+0000] {dagbag.py:541} INFO - Filling up the DagBag from /home/airflow/.local/lib/python3.7/site-packages/airflow/example_dags/example_sensor_decorator.py
[2023-05-08T22:24:09.367+0000] {processor.py:809} INFO - DAG(s) dict_keys(['example_sensor_decorator']) retrieved from /home/airflow/.local/lib/python3.7/site-packages/airflow/example_dags/example_sensor_decorator.py
[2023-05-08T22:24:09.388+0000] {logging_mixin.py:149} INFO - [2023-05-08T22:24:09.388+0000] {dag.py:2726} INFO - Sync 1 DAGs
[2023-05-08T22:24:09.410+0000] {logging_mixin.py:149} INFO - [2023-05-08T22:24:09.410+0000] {dag.py:3490} INFO - Setting next_dagrun for example_sensor_decorator to None, run_after=None
[2023-05-08T22:24:09.423+0000] {processor.py:178} INFO - Processing /home/airflow/.local/lib/python3.7/site-packages/airflow/example_dags/example_sensor_decorator.py took 0.066 seconds
[2023-05-08T22:24:40.112+0000] {processor.py:156} INFO - Started process (PID=325) to work on /home/airflow/.local/lib/python3.7/site-packages/airflow/example_dags/example_sensor_decorator.py
[2023-05-08T22:24:40.113+0000] {processor.py:799} INFO - Processing file /home/airflow/.local/lib/python3.7/site-packages/airflow/example_dags/example_sensor_decorator.py for tasks to queue
[2023-05-08T22:24:40.113+0000] {logging_mixin.py:149} INFO - [2023-05-08T22:24:40.113+0000] {dagbag.py:541} INFO - Filling up the DagBag from /home/airflow/.local/lib/python3.7/site-packages/airflow/example_dags/example_sensor_decorator.py
[2023-05-08T22:24:40.117+0000] {processor.py:809} INFO - DAG(s) dict_keys(['example_sensor_decorator']) retrieved from /home/airflow/.local/lib/python3.7/site-packages/airflow/example_dags/example_sensor_decorator.py
[2023-05-08T22:24:40.143+0000] {logging_mixin.py:149} INFO - [2023-05-08T22:24:40.143+0000] {dag.py:2726} INFO - Sync 1 DAGs
[2023-05-08T22:24:40.163+0000] {logging_mixin.py:149} INFO - [2023-05-08T22:24:40.163+0000] {dag.py:3490} INFO - Setting next_dagrun for example_sensor_decorator to None, run_after=None
[2023-05-08T22:24:40.176+0000] {processor.py:178} INFO - Processing /home/airflow/.local/lib/python3.7/site-packages/airflow/example_dags/example_sensor_decorator.py took 0.066 seconds
[2023-05-08T22:25:10.827+0000] {processor.py:156} INFO - Started process (PID=382) to work on /home/airflow/.local/lib/python3.7/site-packages/airflow/example_dags/example_sensor_decorator.py
[2023-05-08T22:25:10.827+0000] {processor.py:799} INFO - Processing file /home/airflow/.local/lib/python3.7/site-packages/airflow/example_dags/example_sensor_decorator.py for tasks to queue
[2023-05-08T22:25:10.828+0000] {logging_mixin.py:149} INFO - [2023-05-08T22:25:10.828+0000] {dagbag.py:541} INFO - Filling up the DagBag from /home/airflow/.local/lib/python3.7/site-packages/airflow/example_dags/example_sensor_decorator.py
[2023-05-08T22:25:10.833+0000] {processor.py:809} INFO - DAG(s) dict_keys(['example_sensor_decorator']) retrieved from /home/airflow/.local/lib/python3.7/site-packages/airflow/example_dags/example_sensor_decorator.py
[2023-05-08T22:25:10.859+0000] {logging_mixin.py:149} INFO - [2023-05-08T22:25:10.859+0000] {dag.py:2726} INFO - Sync 1 DAGs
[2023-05-08T22:25:10.884+0000] {logging_mixin.py:149} INFO - [2023-05-08T22:25:10.884+0000] {dag.py:3490} INFO - Setting next_dagrun for example_sensor_decorator to None, run_after=None
[2023-05-08T22:25:10.919+0000] {processor.py:178} INFO - Processing /home/airflow/.local/lib/python3.7/site-packages/airflow/example_dags/example_sensor_decorator.py took 0.094 seconds
[2023-05-08T22:25:58.443+0000] {processor.py:156} INFO - Started process (PID=40) to work on /home/airflow/.local/lib/python3.7/site-packages/airflow/example_dags/example_sensor_decorator.py
[2023-05-08T22:25:58.444+0000] {processor.py:799} INFO - Processing file /home/airflow/.local/lib/python3.7/site-packages/airflow/example_dags/example_sensor_decorator.py for tasks to queue
[2023-05-08T22:25:58.445+0000] {logging_mixin.py:149} INFO - [2023-05-08T22:25:58.445+0000] {dagbag.py:541} INFO - Filling up the DagBag from /home/airflow/.local/lib/python3.7/site-packages/airflow/example_dags/example_sensor_decorator.py
[2023-05-08T22:25:58.452+0000] {processor.py:809} INFO - DAG(s) dict_keys(['example_sensor_decorator']) retrieved from /home/airflow/.local/lib/python3.7/site-packages/airflow/example_dags/example_sensor_decorator.py
[2023-05-08T22:25:58.473+0000] {logging_mixin.py:149} INFO - [2023-05-08T22:25:58.473+0000] {dag.py:2726} INFO - Sync 1 DAGs
[2023-05-08T22:25:58.497+0000] {logging_mixin.py:149} INFO - [2023-05-08T22:25:58.497+0000] {dag.py:3490} INFO - Setting next_dagrun for example_sensor_decorator to None, run_after=None
[2023-05-08T22:25:58.513+0000] {processor.py:178} INFO - Processing /home/airflow/.local/lib/python3.7/site-packages/airflow/example_dags/example_sensor_decorator.py took 0.073 seconds
[2023-05-08T22:26:28.920+0000] {processor.py:156} INFO - Started process (PID=97) to work on /home/airflow/.local/lib/python3.7/site-packages/airflow/example_dags/example_sensor_decorator.py
[2023-05-08T22:26:28.921+0000] {processor.py:799} INFO - Processing file /home/airflow/.local/lib/python3.7/site-packages/airflow/example_dags/example_sensor_decorator.py for tasks to queue
[2023-05-08T22:26:28.922+0000] {logging_mixin.py:149} INFO - [2023-05-08T22:26:28.922+0000] {dagbag.py:541} INFO - Filling up the DagBag from /home/airflow/.local/lib/python3.7/site-packages/airflow/example_dags/example_sensor_decorator.py
[2023-05-08T22:26:28.927+0000] {processor.py:809} INFO - DAG(s) dict_keys(['example_sensor_decorator']) retrieved from /home/airflow/.local/lib/python3.7/site-packages/airflow/example_dags/example_sensor_decorator.py
[2023-05-08T22:26:28.949+0000] {logging_mixin.py:149} INFO - [2023-05-08T22:26:28.949+0000] {dag.py:2726} INFO - Sync 1 DAGs
[2023-05-08T22:26:28.972+0000] {logging_mixin.py:149} INFO - [2023-05-08T22:26:28.972+0000] {dag.py:3490} INFO - Setting next_dagrun for example_sensor_decorator to None, run_after=None
[2023-05-08T22:26:28.987+0000] {processor.py:178} INFO - Processing /home/airflow/.local/lib/python3.7/site-packages/airflow/example_dags/example_sensor_decorator.py took 0.070 seconds
[2023-05-08T22:26:59.807+0000] {processor.py:156} INFO - Started process (PID=154) to work on /home/airflow/.local/lib/python3.7/site-packages/airflow/example_dags/example_sensor_decorator.py
[2023-05-08T22:26:59.808+0000] {processor.py:799} INFO - Processing file /home/airflow/.local/lib/python3.7/site-packages/airflow/example_dags/example_sensor_decorator.py for tasks to queue
[2023-05-08T22:26:59.808+0000] {logging_mixin.py:149} INFO - [2023-05-08T22:26:59.808+0000] {dagbag.py:541} INFO - Filling up the DagBag from /home/airflow/.local/lib/python3.7/site-packages/airflow/example_dags/example_sensor_decorator.py
[2023-05-08T22:26:59.814+0000] {processor.py:809} INFO - DAG(s) dict_keys(['example_sensor_decorator']) retrieved from /home/airflow/.local/lib/python3.7/site-packages/airflow/example_dags/example_sensor_decorator.py
[2023-05-08T22:26:59.838+0000] {logging_mixin.py:149} INFO - [2023-05-08T22:26:59.838+0000] {dag.py:2726} INFO - Sync 1 DAGs
[2023-05-08T22:26:59.857+0000] {logging_mixin.py:149} INFO - [2023-05-08T22:26:59.857+0000] {dag.py:3490} INFO - Setting next_dagrun for example_sensor_decorator to None, run_after=None
[2023-05-08T22:26:59.870+0000] {processor.py:178} INFO - Processing /home/airflow/.local/lib/python3.7/site-packages/airflow/example_dags/example_sensor_decorator.py took 0.065 seconds
[2023-05-08T22:27:30.704+0000] {processor.py:156} INFO - Started process (PID=211) to work on /home/airflow/.local/lib/python3.7/site-packages/airflow/example_dags/example_sensor_decorator.py
[2023-05-08T22:27:30.705+0000] {processor.py:799} INFO - Processing file /home/airflow/.local/lib/python3.7/site-packages/airflow/example_dags/example_sensor_decorator.py for tasks to queue
[2023-05-08T22:27:30.705+0000] {logging_mixin.py:149} INFO - [2023-05-08T22:27:30.705+0000] {dagbag.py:541} INFO - Filling up the DagBag from /home/airflow/.local/lib/python3.7/site-packages/airflow/example_dags/example_sensor_decorator.py
[2023-05-08T22:27:30.710+0000] {processor.py:809} INFO - DAG(s) dict_keys(['example_sensor_decorator']) retrieved from /home/airflow/.local/lib/python3.7/site-packages/airflow/example_dags/example_sensor_decorator.py
[2023-05-08T22:27:30.731+0000] {logging_mixin.py:149} INFO - [2023-05-08T22:27:30.731+0000] {dag.py:2726} INFO - Sync 1 DAGs
[2023-05-08T22:27:30.751+0000] {logging_mixin.py:149} INFO - [2023-05-08T22:27:30.751+0000] {dag.py:3490} INFO - Setting next_dagrun for example_sensor_decorator to None, run_after=None
[2023-05-08T22:27:30.765+0000] {processor.py:178} INFO - Processing /home/airflow/.local/lib/python3.7/site-packages/airflow/example_dags/example_sensor_decorator.py took 0.064 seconds
[2023-05-08T22:28:01.256+0000] {processor.py:156} INFO - Started process (PID=268) to work on /home/airflow/.local/lib/python3.7/site-packages/airflow/example_dags/example_sensor_decorator.py
[2023-05-08T22:28:01.257+0000] {processor.py:799} INFO - Processing file /home/airflow/.local/lib/python3.7/site-packages/airflow/example_dags/example_sensor_decorator.py for tasks to queue
[2023-05-08T22:28:01.258+0000] {logging_mixin.py:149} INFO - [2023-05-08T22:28:01.258+0000] {dagbag.py:541} INFO - Filling up the DagBag from /home/airflow/.local/lib/python3.7/site-packages/airflow/example_dags/example_sensor_decorator.py
[2023-05-08T22:28:01.262+0000] {processor.py:809} INFO - DAG(s) dict_keys(['example_sensor_decorator']) retrieved from /home/airflow/.local/lib/python3.7/site-packages/airflow/example_dags/example_sensor_decorator.py
[2023-05-08T22:28:01.284+0000] {logging_mixin.py:149} INFO - [2023-05-08T22:28:01.284+0000] {dag.py:2726} INFO - Sync 1 DAGs
[2023-05-08T22:28:01.304+0000] {logging_mixin.py:149} INFO - [2023-05-08T22:28:01.304+0000] {dag.py:3490} INFO - Setting next_dagrun for example_sensor_decorator to None, run_after=None
[2023-05-08T22:28:01.318+0000] {processor.py:178} INFO - Processing /home/airflow/.local/lib/python3.7/site-packages/airflow/example_dags/example_sensor_decorator.py took 0.064 seconds
[2023-05-08T22:28:31.852+0000] {processor.py:156} INFO - Started process (PID=325) to work on /home/airflow/.local/lib/python3.7/site-packages/airflow/example_dags/example_sensor_decorator.py
[2023-05-08T22:28:31.853+0000] {processor.py:799} INFO - Processing file /home/airflow/.local/lib/python3.7/site-packages/airflow/example_dags/example_sensor_decorator.py for tasks to queue
[2023-05-08T22:28:31.853+0000] {logging_mixin.py:149} INFO - [2023-05-08T22:28:31.853+0000] {dagbag.py:541} INFO - Filling up the DagBag from /home/airflow/.local/lib/python3.7/site-packages/airflow/example_dags/example_sensor_decorator.py
[2023-05-08T22:28:31.858+0000] {processor.py:809} INFO - DAG(s) dict_keys(['example_sensor_decorator']) retrieved from /home/airflow/.local/lib/python3.7/site-packages/airflow/example_dags/example_sensor_decorator.py
[2023-05-08T22:28:31.886+0000] {logging_mixin.py:149} INFO - [2023-05-08T22:28:31.886+0000] {dag.py:2726} INFO - Sync 1 DAGs
[2023-05-08T22:28:31.912+0000] {logging_mixin.py:149} INFO - [2023-05-08T22:28:31.912+0000] {dag.py:3490} INFO - Setting next_dagrun for example_sensor_decorator to None, run_after=None
[2023-05-08T22:28:31.926+0000] {processor.py:178} INFO - Processing /home/airflow/.local/lib/python3.7/site-packages/airflow/example_dags/example_sensor_decorator.py took 0.077 seconds
[2023-05-08T22:29:02.712+0000] {processor.py:156} INFO - Started process (PID=382) to work on /home/airflow/.local/lib/python3.7/site-packages/airflow/example_dags/example_sensor_decorator.py
[2023-05-08T22:29:02.713+0000] {processor.py:799} INFO - Processing file /home/airflow/.local/lib/python3.7/site-packages/airflow/example_dags/example_sensor_decorator.py for tasks to queue
[2023-05-08T22:29:02.714+0000] {logging_mixin.py:149} INFO - [2023-05-08T22:29:02.714+0000] {dagbag.py:541} INFO - Filling up the DagBag from /home/airflow/.local/lib/python3.7/site-packages/airflow/example_dags/example_sensor_decorator.py
[2023-05-08T22:29:02.718+0000] {processor.py:809} INFO - DAG(s) dict_keys(['example_sensor_decorator']) retrieved from /home/airflow/.local/lib/python3.7/site-packages/airflow/example_dags/example_sensor_decorator.py
[2023-05-08T22:29:02.740+0000] {logging_mixin.py:149} INFO - [2023-05-08T22:29:02.740+0000] {dag.py:2726} INFO - Sync 1 DAGs
[2023-05-08T22:29:02.760+0000] {logging_mixin.py:149} INFO - [2023-05-08T22:29:02.760+0000] {dag.py:3490} INFO - Setting next_dagrun for example_sensor_decorator to None, run_after=None
[2023-05-08T22:29:02.773+0000] {processor.py:178} INFO - Processing /home/airflow/.local/lib/python3.7/site-packages/airflow/example_dags/example_sensor_decorator.py took 0.064 seconds
[2023-05-08T22:29:33.231+0000] {processor.py:156} INFO - Started process (PID=439) to work on /home/airflow/.local/lib/python3.7/site-packages/airflow/example_dags/example_sensor_decorator.py
[2023-05-08T22:29:33.231+0000] {processor.py:799} INFO - Processing file /home/airflow/.local/lib/python3.7/site-packages/airflow/example_dags/example_sensor_decorator.py for tasks to queue
[2023-05-08T22:29:33.232+0000] {logging_mixin.py:149} INFO - [2023-05-08T22:29:33.232+0000] {dagbag.py:541} INFO - Filling up the DagBag from /home/airflow/.local/lib/python3.7/site-packages/airflow/example_dags/example_sensor_decorator.py
[2023-05-08T22:29:33.236+0000] {processor.py:809} INFO - DAG(s) dict_keys(['example_sensor_decorator']) retrieved from /home/airflow/.local/lib/python3.7/site-packages/airflow/example_dags/example_sensor_decorator.py
[2023-05-08T22:29:33.262+0000] {logging_mixin.py:149} INFO - [2023-05-08T22:29:33.262+0000] {dag.py:2726} INFO - Sync 1 DAGs
[2023-05-08T22:29:33.282+0000] {logging_mixin.py:149} INFO - [2023-05-08T22:29:33.282+0000] {dag.py:3490} INFO - Setting next_dagrun for example_sensor_decorator to None, run_after=None
[2023-05-08T22:29:33.296+0000] {processor.py:178} INFO - Processing /home/airflow/.local/lib/python3.7/site-packages/airflow/example_dags/example_sensor_decorator.py took 0.068 seconds
[2023-05-08T22:30:04.018+0000] {processor.py:156} INFO - Started process (PID=496) to work on /home/airflow/.local/lib/python3.7/site-packages/airflow/example_dags/example_sensor_decorator.py
[2023-05-08T22:30:04.019+0000] {processor.py:799} INFO - Processing file /home/airflow/.local/lib/python3.7/site-packages/airflow/example_dags/example_sensor_decorator.py for tasks to queue
[2023-05-08T22:30:04.020+0000] {logging_mixin.py:149} INFO - [2023-05-08T22:30:04.020+0000] {dagbag.py:541} INFO - Filling up the DagBag from /home/airflow/.local/lib/python3.7/site-packages/airflow/example_dags/example_sensor_decorator.py
[2023-05-08T22:30:04.025+0000] {processor.py:809} INFO - DAG(s) dict_keys(['example_sensor_decorator']) retrieved from /home/airflow/.local/lib/python3.7/site-packages/airflow/example_dags/example_sensor_decorator.py
[2023-05-08T22:30:04.050+0000] {logging_mixin.py:149} INFO - [2023-05-08T22:30:04.049+0000] {dag.py:2726} INFO - Sync 1 DAGs
[2023-05-08T22:30:04.069+0000] {logging_mixin.py:149} INFO - [2023-05-08T22:30:04.069+0000] {dag.py:3490} INFO - Setting next_dagrun for example_sensor_decorator to None, run_after=None
[2023-05-08T22:30:04.082+0000] {processor.py:178} INFO - Processing /home/airflow/.local/lib/python3.7/site-packages/airflow/example_dags/example_sensor_decorator.py took 0.066 seconds
[2023-05-08T22:30:34.841+0000] {processor.py:156} INFO - Started process (PID=553) to work on /home/airflow/.local/lib/python3.7/site-packages/airflow/example_dags/example_sensor_decorator.py
[2023-05-08T22:30:34.842+0000] {processor.py:799} INFO - Processing file /home/airflow/.local/lib/python3.7/site-packages/airflow/example_dags/example_sensor_decorator.py for tasks to queue
[2023-05-08T22:30:34.842+0000] {logging_mixin.py:149} INFO - [2023-05-08T22:30:34.842+0000] {dagbag.py:541} INFO - Filling up the DagBag from /home/airflow/.local/lib/python3.7/site-packages/airflow/example_dags/example_sensor_decorator.py
[2023-05-08T22:30:34.847+0000] {processor.py:809} INFO - DAG(s) dict_keys(['example_sensor_decorator']) retrieved from /home/airflow/.local/lib/python3.7/site-packages/airflow/example_dags/example_sensor_decorator.py
[2023-05-08T22:30:34.867+0000] {logging_mixin.py:149} INFO - [2023-05-08T22:30:34.867+0000] {dag.py:2726} INFO - Sync 1 DAGs
[2023-05-08T22:30:34.888+0000] {logging_mixin.py:149} INFO - [2023-05-08T22:30:34.888+0000] {dag.py:3490} INFO - Setting next_dagrun for example_sensor_decorator to None, run_after=None
[2023-05-08T22:30:34.902+0000] {processor.py:178} INFO - Processing /home/airflow/.local/lib/python3.7/site-packages/airflow/example_dags/example_sensor_decorator.py took 0.064 seconds
[2023-05-08T22:31:05.749+0000] {processor.py:156} INFO - Started process (PID=610) to work on /home/airflow/.local/lib/python3.7/site-packages/airflow/example_dags/example_sensor_decorator.py
[2023-05-08T22:31:05.750+0000] {processor.py:799} INFO - Processing file /home/airflow/.local/lib/python3.7/site-packages/airflow/example_dags/example_sensor_decorator.py for tasks to queue
[2023-05-08T22:31:05.750+0000] {logging_mixin.py:149} INFO - [2023-05-08T22:31:05.750+0000] {dagbag.py:541} INFO - Filling up the DagBag from /home/airflow/.local/lib/python3.7/site-packages/airflow/example_dags/example_sensor_decorator.py
[2023-05-08T22:31:05.755+0000] {processor.py:809} INFO - DAG(s) dict_keys(['example_sensor_decorator']) retrieved from /home/airflow/.local/lib/python3.7/site-packages/airflow/example_dags/example_sensor_decorator.py
[2023-05-08T22:31:05.782+0000] {logging_mixin.py:149} INFO - [2023-05-08T22:31:05.782+0000] {dag.py:2726} INFO - Sync 1 DAGs
[2023-05-08T22:31:05.808+0000] {logging_mixin.py:149} INFO - [2023-05-08T22:31:05.808+0000] {dag.py:3490} INFO - Setting next_dagrun for example_sensor_decorator to None, run_after=None
[2023-05-08T22:31:05.828+0000] {processor.py:178} INFO - Processing /home/airflow/.local/lib/python3.7/site-packages/airflow/example_dags/example_sensor_decorator.py took 0.082 seconds
[2023-05-08T22:31:36.383+0000] {processor.py:156} INFO - Started process (PID=667) to work on /home/airflow/.local/lib/python3.7/site-packages/airflow/example_dags/example_sensor_decorator.py
[2023-05-08T22:31:36.384+0000] {processor.py:799} INFO - Processing file /home/airflow/.local/lib/python3.7/site-packages/airflow/example_dags/example_sensor_decorator.py for tasks to queue
[2023-05-08T22:31:36.385+0000] {logging_mixin.py:149} INFO - [2023-05-08T22:31:36.385+0000] {dagbag.py:541} INFO - Filling up the DagBag from /home/airflow/.local/lib/python3.7/site-packages/airflow/example_dags/example_sensor_decorator.py
[2023-05-08T22:31:36.391+0000] {processor.py:809} INFO - DAG(s) dict_keys(['example_sensor_decorator']) retrieved from /home/airflow/.local/lib/python3.7/site-packages/airflow/example_dags/example_sensor_decorator.py
[2023-05-08T22:31:36.418+0000] {logging_mixin.py:149} INFO - [2023-05-08T22:31:36.418+0000] {dag.py:2726} INFO - Sync 1 DAGs
[2023-05-08T22:31:36.440+0000] {logging_mixin.py:149} INFO - [2023-05-08T22:31:36.440+0000] {dag.py:3490} INFO - Setting next_dagrun for example_sensor_decorator to None, run_after=None
[2023-05-08T22:31:36.455+0000] {processor.py:178} INFO - Processing /home/airflow/.local/lib/python3.7/site-packages/airflow/example_dags/example_sensor_decorator.py took 0.074 seconds
[2023-05-08T22:32:06.977+0000] {processor.py:156} INFO - Started process (PID=724) to work on /home/airflow/.local/lib/python3.7/site-packages/airflow/example_dags/example_sensor_decorator.py
[2023-05-08T22:32:06.978+0000] {processor.py:799} INFO - Processing file /home/airflow/.local/lib/python3.7/site-packages/airflow/example_dags/example_sensor_decorator.py for tasks to queue
[2023-05-08T22:32:06.979+0000] {logging_mixin.py:149} INFO - [2023-05-08T22:32:06.979+0000] {dagbag.py:541} INFO - Filling up the DagBag from /home/airflow/.local/lib/python3.7/site-packages/airflow/example_dags/example_sensor_decorator.py
[2023-05-08T22:32:06.983+0000] {processor.py:809} INFO - DAG(s) dict_keys(['example_sensor_decorator']) retrieved from /home/airflow/.local/lib/python3.7/site-packages/airflow/example_dags/example_sensor_decorator.py
[2023-05-08T22:32:07.005+0000] {logging_mixin.py:149} INFO - [2023-05-08T22:32:07.005+0000] {dag.py:2726} INFO - Sync 1 DAGs
[2023-05-08T22:32:07.025+0000] {logging_mixin.py:149} INFO - [2023-05-08T22:32:07.025+0000] {dag.py:3490} INFO - Setting next_dagrun for example_sensor_decorator to None, run_after=None
[2023-05-08T22:32:07.038+0000] {processor.py:178} INFO - Processing /home/airflow/.local/lib/python3.7/site-packages/airflow/example_dags/example_sensor_decorator.py took 0.063 seconds
[2023-05-08T22:32:37.843+0000] {processor.py:156} INFO - Started process (PID=781) to work on /home/airflow/.local/lib/python3.7/site-packages/airflow/example_dags/example_sensor_decorator.py
[2023-05-08T22:32:37.844+0000] {processor.py:799} INFO - Processing file /home/airflow/.local/lib/python3.7/site-packages/airflow/example_dags/example_sensor_decorator.py for tasks to queue
[2023-05-08T22:32:37.845+0000] {logging_mixin.py:149} INFO - [2023-05-08T22:32:37.845+0000] {dagbag.py:541} INFO - Filling up the DagBag from /home/airflow/.local/lib/python3.7/site-packages/airflow/example_dags/example_sensor_decorator.py
[2023-05-08T22:32:37.849+0000] {processor.py:809} INFO - DAG(s) dict_keys(['example_sensor_decorator']) retrieved from /home/airflow/.local/lib/python3.7/site-packages/airflow/example_dags/example_sensor_decorator.py
[2023-05-08T22:32:37.871+0000] {logging_mixin.py:149} INFO - [2023-05-08T22:32:37.871+0000] {dag.py:2726} INFO - Sync 1 DAGs
[2023-05-08T22:32:37.890+0000] {logging_mixin.py:149} INFO - [2023-05-08T22:32:37.890+0000] {dag.py:3490} INFO - Setting next_dagrun for example_sensor_decorator to None, run_after=None
[2023-05-08T22:32:37.903+0000] {processor.py:178} INFO - Processing /home/airflow/.local/lib/python3.7/site-packages/airflow/example_dags/example_sensor_decorator.py took 0.062 seconds
[2023-05-08T22:33:08.687+0000] {processor.py:156} INFO - Started process (PID=838) to work on /home/airflow/.local/lib/python3.7/site-packages/airflow/example_dags/example_sensor_decorator.py
[2023-05-08T22:33:08.688+0000] {processor.py:799} INFO - Processing file /home/airflow/.local/lib/python3.7/site-packages/airflow/example_dags/example_sensor_decorator.py for tasks to queue
[2023-05-08T22:33:08.689+0000] {logging_mixin.py:149} INFO - [2023-05-08T22:33:08.689+0000] {dagbag.py:541} INFO - Filling up the DagBag from /home/airflow/.local/lib/python3.7/site-packages/airflow/example_dags/example_sensor_decorator.py
[2023-05-08T22:33:08.694+0000] {processor.py:809} INFO - DAG(s) dict_keys(['example_sensor_decorator']) retrieved from /home/airflow/.local/lib/python3.7/site-packages/airflow/example_dags/example_sensor_decorator.py
[2023-05-08T22:33:08.715+0000] {logging_mixin.py:149} INFO - [2023-05-08T22:33:08.715+0000] {dag.py:2726} INFO - Sync 1 DAGs
[2023-05-08T22:33:08.734+0000] {logging_mixin.py:149} INFO - [2023-05-08T22:33:08.734+0000] {dag.py:3490} INFO - Setting next_dagrun for example_sensor_decorator to None, run_after=None
[2023-05-08T22:33:08.748+0000] {processor.py:178} INFO - Processing /home/airflow/.local/lib/python3.7/site-packages/airflow/example_dags/example_sensor_decorator.py took 0.063 seconds
[2023-05-08T22:33:39.012+0000] {processor.py:156} INFO - Started process (PID=895) to work on /home/airflow/.local/lib/python3.7/site-packages/airflow/example_dags/example_sensor_decorator.py
[2023-05-08T22:33:39.013+0000] {processor.py:799} INFO - Processing file /home/airflow/.local/lib/python3.7/site-packages/airflow/example_dags/example_sensor_decorator.py for tasks to queue
[2023-05-08T22:33:39.014+0000] {logging_mixin.py:149} INFO - [2023-05-08T22:33:39.014+0000] {dagbag.py:541} INFO - Filling up the DagBag from /home/airflow/.local/lib/python3.7/site-packages/airflow/example_dags/example_sensor_decorator.py
[2023-05-08T22:33:39.022+0000] {processor.py:809} INFO - DAG(s) dict_keys(['example_sensor_decorator']) retrieved from /home/airflow/.local/lib/python3.7/site-packages/airflow/example_dags/example_sensor_decorator.py
[2023-05-08T22:33:39.047+0000] {logging_mixin.py:149} INFO - [2023-05-08T22:33:39.047+0000] {dag.py:2726} INFO - Sync 1 DAGs
[2023-05-08T22:33:39.067+0000] {logging_mixin.py:149} INFO - [2023-05-08T22:33:39.067+0000] {dag.py:3490} INFO - Setting next_dagrun for example_sensor_decorator to None, run_after=None
[2023-05-08T22:33:39.081+0000] {processor.py:178} INFO - Processing /home/airflow/.local/lib/python3.7/site-packages/airflow/example_dags/example_sensor_decorator.py took 0.072 seconds
[2023-05-08T22:34:09.512+0000] {processor.py:156} INFO - Started process (PID=952) to work on /home/airflow/.local/lib/python3.7/site-packages/airflow/example_dags/example_sensor_decorator.py
[2023-05-08T22:34:09.514+0000] {processor.py:799} INFO - Processing file /home/airflow/.local/lib/python3.7/site-packages/airflow/example_dags/example_sensor_decorator.py for tasks to queue
[2023-05-08T22:34:09.515+0000] {logging_mixin.py:149} INFO - [2023-05-08T22:34:09.515+0000] {dagbag.py:541} INFO - Filling up the DagBag from /home/airflow/.local/lib/python3.7/site-packages/airflow/example_dags/example_sensor_decorator.py
[2023-05-08T22:34:09.523+0000] {processor.py:809} INFO - DAG(s) dict_keys(['example_sensor_decorator']) retrieved from /home/airflow/.local/lib/python3.7/site-packages/airflow/example_dags/example_sensor_decorator.py
[2023-05-08T22:34:09.553+0000] {logging_mixin.py:149} INFO - [2023-05-08T22:34:09.553+0000] {dag.py:2726} INFO - Sync 1 DAGs
[2023-05-08T22:34:09.576+0000] {logging_mixin.py:149} INFO - [2023-05-08T22:34:09.576+0000] {dag.py:3490} INFO - Setting next_dagrun for example_sensor_decorator to None, run_after=None
[2023-05-08T22:34:09.593+0000] {processor.py:178} INFO - Processing /home/airflow/.local/lib/python3.7/site-packages/airflow/example_dags/example_sensor_decorator.py took 0.085 seconds
[2023-05-08T22:34:39.714+0000] {processor.py:156} INFO - Started process (PID=1010) to work on /home/airflow/.local/lib/python3.7/site-packages/airflow/example_dags/example_sensor_decorator.py
[2023-05-08T22:34:39.715+0000] {processor.py:799} INFO - Processing file /home/airflow/.local/lib/python3.7/site-packages/airflow/example_dags/example_sensor_decorator.py for tasks to queue
[2023-05-08T22:34:39.716+0000] {logging_mixin.py:149} INFO - [2023-05-08T22:34:39.716+0000] {dagbag.py:541} INFO - Filling up the DagBag from /home/airflow/.local/lib/python3.7/site-packages/airflow/example_dags/example_sensor_decorator.py
[2023-05-08T22:34:39.720+0000] {processor.py:809} INFO - DAG(s) dict_keys(['example_sensor_decorator']) retrieved from /home/airflow/.local/lib/python3.7/site-packages/airflow/example_dags/example_sensor_decorator.py
[2023-05-08T22:34:39.745+0000] {logging_mixin.py:149} INFO - [2023-05-08T22:34:39.745+0000] {dag.py:2726} INFO - Sync 1 DAGs
[2023-05-08T22:34:39.766+0000] {logging_mixin.py:149} INFO - [2023-05-08T22:34:39.766+0000] {dag.py:3490} INFO - Setting next_dagrun for example_sensor_decorator to None, run_after=None
[2023-05-08T22:34:39.783+0000] {processor.py:178} INFO - Processing /home/airflow/.local/lib/python3.7/site-packages/airflow/example_dags/example_sensor_decorator.py took 0.071 seconds
[2023-05-08T22:35:09.836+0000] {processor.py:156} INFO - Started process (PID=1066) to work on /home/airflow/.local/lib/python3.7/site-packages/airflow/example_dags/example_sensor_decorator.py
[2023-05-08T22:35:09.837+0000] {processor.py:799} INFO - Processing file /home/airflow/.local/lib/python3.7/site-packages/airflow/example_dags/example_sensor_decorator.py for tasks to queue
[2023-05-08T22:35:09.838+0000] {logging_mixin.py:149} INFO - [2023-05-08T22:35:09.838+0000] {dagbag.py:541} INFO - Filling up the DagBag from /home/airflow/.local/lib/python3.7/site-packages/airflow/example_dags/example_sensor_decorator.py
[2023-05-08T22:35:09.842+0000] {processor.py:809} INFO - DAG(s) dict_keys(['example_sensor_decorator']) retrieved from /home/airflow/.local/lib/python3.7/site-packages/airflow/example_dags/example_sensor_decorator.py
[2023-05-08T22:35:09.864+0000] {logging_mixin.py:149} INFO - [2023-05-08T22:35:09.863+0000] {dag.py:2726} INFO - Sync 1 DAGs
[2023-05-08T22:35:09.882+0000] {logging_mixin.py:149} INFO - [2023-05-08T22:35:09.882+0000] {dag.py:3490} INFO - Setting next_dagrun for example_sensor_decorator to None, run_after=None
[2023-05-08T22:35:09.896+0000] {processor.py:178} INFO - Processing /home/airflow/.local/lib/python3.7/site-packages/airflow/example_dags/example_sensor_decorator.py took 0.063 seconds
