[2023-05-08T20:36:11.593+0000] {processor.py:156} INFO - Started process (PID=48) to work on /home/airflow/.local/lib/python3.7/site-packages/airflow/example_dags/example_branch_day_of_week_operator.py
[2023-05-08T20:36:11.622+0000] {processor.py:799} INFO - Processing file /home/airflow/.local/lib/python3.7/site-packages/airflow/example_dags/example_branch_day_of_week_operator.py for tasks to queue
[2023-05-08T20:36:11.630+0000] {logging_mixin.py:149} INFO - [2023-05-08T20:36:11.630+0000] {dagbag.py:541} INFO - Filling up the DagBag from /home/airflow/.local/lib/python3.7/site-packages/airflow/example_dags/example_branch_day_of_week_operator.py
[2023-05-08T20:36:11.670+0000] {processor.py:809} INFO - DAG(s) dict_keys(['example_weekday_branch_operator']) retrieved from /home/airflow/.local/lib/python3.7/site-packages/airflow/example_dags/example_branch_day_of_week_operator.py
[2023-05-08T20:36:11.727+0000] {logging_mixin.py:149} INFO - [2023-05-08T20:36:11.727+0000] {dag.py:2726} INFO - Sync 1 DAGs
[2023-05-08T20:36:11.859+0000] {logging_mixin.py:149} INFO - [2023-05-08T20:36:11.858+0000] {dag.py:3490} INFO - Setting next_dagrun for example_weekday_branch_operator to 2023-05-07T00:00:00+00:00, run_after=2023-05-08T00:00:00+00:00
[2023-05-08T20:36:11.899+0000] {processor.py:178} INFO - Processing /home/airflow/.local/lib/python3.7/site-packages/airflow/example_dags/example_branch_day_of_week_operator.py took 0.310 seconds
[2023-05-08T20:36:42.013+0000] {processor.py:156} INFO - Started process (PID=103) to work on /home/airflow/.local/lib/python3.7/site-packages/airflow/example_dags/example_branch_day_of_week_operator.py
[2023-05-08T20:36:42.014+0000] {processor.py:799} INFO - Processing file /home/airflow/.local/lib/python3.7/site-packages/airflow/example_dags/example_branch_day_of_week_operator.py for tasks to queue
[2023-05-08T20:36:42.015+0000] {logging_mixin.py:149} INFO - [2023-05-08T20:36:42.015+0000] {dagbag.py:541} INFO - Filling up the DagBag from /home/airflow/.local/lib/python3.7/site-packages/airflow/example_dags/example_branch_day_of_week_operator.py
[2023-05-08T20:36:42.020+0000] {processor.py:809} INFO - DAG(s) dict_keys(['example_weekday_branch_operator']) retrieved from /home/airflow/.local/lib/python3.7/site-packages/airflow/example_dags/example_branch_day_of_week_operator.py
[2023-05-08T20:36:42.040+0000] {logging_mixin.py:149} INFO - [2023-05-08T20:36:42.040+0000] {dag.py:2726} INFO - Sync 1 DAGs
[2023-05-08T20:36:42.060+0000] {logging_mixin.py:149} INFO - [2023-05-08T20:36:42.060+0000] {dag.py:3490} INFO - Setting next_dagrun for example_weekday_branch_operator to 2023-05-07T00:00:00+00:00, run_after=2023-05-08T00:00:00+00:00
[2023-05-08T20:36:42.072+0000] {processor.py:178} INFO - Processing /home/airflow/.local/lib/python3.7/site-packages/airflow/example_dags/example_branch_day_of_week_operator.py took 0.061 seconds
[2023-05-08T20:37:12.278+0000] {processor.py:156} INFO - Started process (PID=159) to work on /home/airflow/.local/lib/python3.7/site-packages/airflow/example_dags/example_branch_day_of_week_operator.py
[2023-05-08T20:37:12.279+0000] {processor.py:799} INFO - Processing file /home/airflow/.local/lib/python3.7/site-packages/airflow/example_dags/example_branch_day_of_week_operator.py for tasks to queue
[2023-05-08T20:37:12.280+0000] {logging_mixin.py:149} INFO - [2023-05-08T20:37:12.280+0000] {dagbag.py:541} INFO - Filling up the DagBag from /home/airflow/.local/lib/python3.7/site-packages/airflow/example_dags/example_branch_day_of_week_operator.py
[2023-05-08T20:37:12.285+0000] {processor.py:809} INFO - DAG(s) dict_keys(['example_weekday_branch_operator']) retrieved from /home/airflow/.local/lib/python3.7/site-packages/airflow/example_dags/example_branch_day_of_week_operator.py
[2023-05-08T20:37:12.307+0000] {logging_mixin.py:149} INFO - [2023-05-08T20:37:12.307+0000] {dag.py:2726} INFO - Sync 1 DAGs
[2023-05-08T20:37:12.328+0000] {logging_mixin.py:149} INFO - [2023-05-08T20:37:12.328+0000] {dag.py:3490} INFO - Setting next_dagrun for example_weekday_branch_operator to 2023-05-07T00:00:00+00:00, run_after=2023-05-08T00:00:00+00:00
[2023-05-08T20:37:12.342+0000] {processor.py:178} INFO - Processing /home/airflow/.local/lib/python3.7/site-packages/airflow/example_dags/example_branch_day_of_week_operator.py took 0.067 seconds
[2023-05-08T20:37:43.117+0000] {processor.py:156} INFO - Started process (PID=215) to work on /home/airflow/.local/lib/python3.7/site-packages/airflow/example_dags/example_branch_day_of_week_operator.py
[2023-05-08T20:37:43.118+0000] {processor.py:799} INFO - Processing file /home/airflow/.local/lib/python3.7/site-packages/airflow/example_dags/example_branch_day_of_week_operator.py for tasks to queue
[2023-05-08T20:37:43.118+0000] {logging_mixin.py:149} INFO - [2023-05-08T20:37:43.118+0000] {dagbag.py:541} INFO - Filling up the DagBag from /home/airflow/.local/lib/python3.7/site-packages/airflow/example_dags/example_branch_day_of_week_operator.py
[2023-05-08T20:37:43.123+0000] {processor.py:809} INFO - DAG(s) dict_keys(['example_weekday_branch_operator']) retrieved from /home/airflow/.local/lib/python3.7/site-packages/airflow/example_dags/example_branch_day_of_week_operator.py
[2023-05-08T20:37:43.144+0000] {logging_mixin.py:149} INFO - [2023-05-08T20:37:43.144+0000] {dag.py:2726} INFO - Sync 1 DAGs
[2023-05-08T20:37:43.164+0000] {logging_mixin.py:149} INFO - [2023-05-08T20:37:43.163+0000] {dag.py:3490} INFO - Setting next_dagrun for example_weekday_branch_operator to 2023-05-07T00:00:00+00:00, run_after=2023-05-08T00:00:00+00:00
[2023-05-08T20:37:43.176+0000] {processor.py:178} INFO - Processing /home/airflow/.local/lib/python3.7/site-packages/airflow/example_dags/example_branch_day_of_week_operator.py took 0.062 seconds
[2023-05-08T20:38:13.892+0000] {processor.py:156} INFO - Started process (PID=272) to work on /home/airflow/.local/lib/python3.7/site-packages/airflow/example_dags/example_branch_day_of_week_operator.py
[2023-05-08T20:38:13.893+0000] {processor.py:799} INFO - Processing file /home/airflow/.local/lib/python3.7/site-packages/airflow/example_dags/example_branch_day_of_week_operator.py for tasks to queue
[2023-05-08T20:38:13.894+0000] {logging_mixin.py:149} INFO - [2023-05-08T20:38:13.894+0000] {dagbag.py:541} INFO - Filling up the DagBag from /home/airflow/.local/lib/python3.7/site-packages/airflow/example_dags/example_branch_day_of_week_operator.py
[2023-05-08T20:38:13.899+0000] {processor.py:809} INFO - DAG(s) dict_keys(['example_weekday_branch_operator']) retrieved from /home/airflow/.local/lib/python3.7/site-packages/airflow/example_dags/example_branch_day_of_week_operator.py
[2023-05-08T20:38:13.920+0000] {logging_mixin.py:149} INFO - [2023-05-08T20:38:13.920+0000] {dag.py:2726} INFO - Sync 1 DAGs
[2023-05-08T20:38:13.949+0000] {logging_mixin.py:149} INFO - [2023-05-08T20:38:13.949+0000] {dag.py:3490} INFO - Setting next_dagrun for example_weekday_branch_operator to 2023-05-07T00:00:00+00:00, run_after=2023-05-08T00:00:00+00:00
[2023-05-08T20:38:13.973+0000] {processor.py:178} INFO - Processing /home/airflow/.local/lib/python3.7/site-packages/airflow/example_dags/example_branch_day_of_week_operator.py took 0.084 seconds
[2023-05-08T20:38:44.565+0000] {processor.py:156} INFO - Started process (PID=328) to work on /home/airflow/.local/lib/python3.7/site-packages/airflow/example_dags/example_branch_day_of_week_operator.py
[2023-05-08T20:38:44.566+0000] {processor.py:799} INFO - Processing file /home/airflow/.local/lib/python3.7/site-packages/airflow/example_dags/example_branch_day_of_week_operator.py for tasks to queue
[2023-05-08T20:38:44.566+0000] {logging_mixin.py:149} INFO - [2023-05-08T20:38:44.566+0000] {dagbag.py:541} INFO - Filling up the DagBag from /home/airflow/.local/lib/python3.7/site-packages/airflow/example_dags/example_branch_day_of_week_operator.py
[2023-05-08T20:38:44.572+0000] {processor.py:809} INFO - DAG(s) dict_keys(['example_weekday_branch_operator']) retrieved from /home/airflow/.local/lib/python3.7/site-packages/airflow/example_dags/example_branch_day_of_week_operator.py
[2023-05-08T20:38:44.595+0000] {logging_mixin.py:149} INFO - [2023-05-08T20:38:44.594+0000] {dag.py:2726} INFO - Sync 1 DAGs
[2023-05-08T20:38:44.616+0000] {logging_mixin.py:149} INFO - [2023-05-08T20:38:44.616+0000] {dag.py:3490} INFO - Setting next_dagrun for example_weekday_branch_operator to 2023-05-07T00:00:00+00:00, run_after=2023-05-08T00:00:00+00:00
[2023-05-08T20:38:44.631+0000] {processor.py:178} INFO - Processing /home/airflow/.local/lib/python3.7/site-packages/airflow/example_dags/example_branch_day_of_week_operator.py took 0.069 seconds
[2023-05-08T20:39:15.151+0000] {processor.py:156} INFO - Started process (PID=384) to work on /home/airflow/.local/lib/python3.7/site-packages/airflow/example_dags/example_branch_day_of_week_operator.py
[2023-05-08T20:39:15.154+0000] {processor.py:799} INFO - Processing file /home/airflow/.local/lib/python3.7/site-packages/airflow/example_dags/example_branch_day_of_week_operator.py for tasks to queue
[2023-05-08T20:39:15.155+0000] {logging_mixin.py:149} INFO - [2023-05-08T20:39:15.155+0000] {dagbag.py:541} INFO - Filling up the DagBag from /home/airflow/.local/lib/python3.7/site-packages/airflow/example_dags/example_branch_day_of_week_operator.py
[2023-05-08T20:39:15.160+0000] {processor.py:809} INFO - DAG(s) dict_keys(['example_weekday_branch_operator']) retrieved from /home/airflow/.local/lib/python3.7/site-packages/airflow/example_dags/example_branch_day_of_week_operator.py
[2023-05-08T20:39:15.180+0000] {logging_mixin.py:149} INFO - [2023-05-08T20:39:15.180+0000] {dag.py:2726} INFO - Sync 1 DAGs
[2023-05-08T20:39:15.199+0000] {logging_mixin.py:149} INFO - [2023-05-08T20:39:15.199+0000] {dag.py:3490} INFO - Setting next_dagrun for example_weekday_branch_operator to 2023-05-07T00:00:00+00:00, run_after=2023-05-08T00:00:00+00:00
[2023-05-08T20:39:15.211+0000] {processor.py:178} INFO - Processing /home/airflow/.local/lib/python3.7/site-packages/airflow/example_dags/example_branch_day_of_week_operator.py took 0.063 seconds
[2023-05-08T20:39:45.993+0000] {processor.py:156} INFO - Started process (PID=439) to work on /home/airflow/.local/lib/python3.7/site-packages/airflow/example_dags/example_branch_day_of_week_operator.py
[2023-05-08T20:39:45.995+0000] {processor.py:799} INFO - Processing file /home/airflow/.local/lib/python3.7/site-packages/airflow/example_dags/example_branch_day_of_week_operator.py for tasks to queue
[2023-05-08T20:39:45.996+0000] {logging_mixin.py:149} INFO - [2023-05-08T20:39:45.996+0000] {dagbag.py:541} INFO - Filling up the DagBag from /home/airflow/.local/lib/python3.7/site-packages/airflow/example_dags/example_branch_day_of_week_operator.py
[2023-05-08T20:39:46.009+0000] {processor.py:809} INFO - DAG(s) dict_keys(['example_weekday_branch_operator']) retrieved from /home/airflow/.local/lib/python3.7/site-packages/airflow/example_dags/example_branch_day_of_week_operator.py
[2023-05-08T20:39:46.067+0000] {logging_mixin.py:149} INFO - [2023-05-08T20:39:46.067+0000] {dag.py:2726} INFO - Sync 1 DAGs
[2023-05-08T20:39:46.136+0000] {logging_mixin.py:149} INFO - [2023-05-08T20:39:46.136+0000] {dag.py:3490} INFO - Setting next_dagrun for example_weekday_branch_operator to 2023-05-07T00:00:00+00:00, run_after=2023-05-08T00:00:00+00:00
[2023-05-08T20:39:46.219+0000] {processor.py:178} INFO - Processing /home/airflow/.local/lib/python3.7/site-packages/airflow/example_dags/example_branch_day_of_week_operator.py took 0.233 seconds
[2023-05-08T22:15:46.773+0000] {processor.py:156} INFO - Started process (PID=48) to work on /home/airflow/.local/lib/python3.7/site-packages/airflow/example_dags/example_branch_day_of_week_operator.py
[2023-05-08T22:15:46.774+0000] {processor.py:799} INFO - Processing file /home/airflow/.local/lib/python3.7/site-packages/airflow/example_dags/example_branch_day_of_week_operator.py for tasks to queue
[2023-05-08T22:15:46.779+0000] {logging_mixin.py:149} INFO - [2023-05-08T22:15:46.775+0000] {dagbag.py:541} INFO - Filling up the DagBag from /home/airflow/.local/lib/python3.7/site-packages/airflow/example_dags/example_branch_day_of_week_operator.py
[2023-05-08T22:15:46.807+0000] {processor.py:809} INFO - DAG(s) dict_keys(['example_weekday_branch_operator']) retrieved from /home/airflow/.local/lib/python3.7/site-packages/airflow/example_dags/example_branch_day_of_week_operator.py
[2023-05-08T22:15:46.850+0000] {logging_mixin.py:149} INFO - [2023-05-08T22:15:46.850+0000] {dag.py:2726} INFO - Sync 1 DAGs
[2023-05-08T22:15:46.913+0000] {logging_mixin.py:149} INFO - [2023-05-08T22:15:46.912+0000] {dag.py:3490} INFO - Setting next_dagrun for example_weekday_branch_operator to 2023-05-07T00:00:00+00:00, run_after=2023-05-08T00:00:00+00:00
[2023-05-08T22:15:46.941+0000] {processor.py:178} INFO - Processing /home/airflow/.local/lib/python3.7/site-packages/airflow/example_dags/example_branch_day_of_week_operator.py took 0.173 seconds
[2023-05-08T22:16:17.184+0000] {processor.py:156} INFO - Started process (PID=105) to work on /home/airflow/.local/lib/python3.7/site-packages/airflow/example_dags/example_branch_day_of_week_operator.py
[2023-05-08T22:16:17.185+0000] {processor.py:799} INFO - Processing file /home/airflow/.local/lib/python3.7/site-packages/airflow/example_dags/example_branch_day_of_week_operator.py for tasks to queue
[2023-05-08T22:16:17.186+0000] {logging_mixin.py:149} INFO - [2023-05-08T22:16:17.186+0000] {dagbag.py:541} INFO - Filling up the DagBag from /home/airflow/.local/lib/python3.7/site-packages/airflow/example_dags/example_branch_day_of_week_operator.py
[2023-05-08T22:16:17.192+0000] {processor.py:809} INFO - DAG(s) dict_keys(['example_weekday_branch_operator']) retrieved from /home/airflow/.local/lib/python3.7/site-packages/airflow/example_dags/example_branch_day_of_week_operator.py
[2023-05-08T22:16:17.215+0000] {logging_mixin.py:149} INFO - [2023-05-08T22:16:17.215+0000] {dag.py:2726} INFO - Sync 1 DAGs
[2023-05-08T22:16:17.242+0000] {logging_mixin.py:149} INFO - [2023-05-08T22:16:17.242+0000] {dag.py:3490} INFO - Setting next_dagrun for example_weekday_branch_operator to 2023-05-07T00:00:00+00:00, run_after=2023-05-08T00:00:00+00:00
[2023-05-08T22:16:17.258+0000] {processor.py:178} INFO - Processing /home/airflow/.local/lib/python3.7/site-packages/airflow/example_dags/example_branch_day_of_week_operator.py took 0.077 seconds
[2023-05-08T22:16:47.352+0000] {processor.py:156} INFO - Started process (PID=161) to work on /home/airflow/.local/lib/python3.7/site-packages/airflow/example_dags/example_branch_day_of_week_operator.py
[2023-05-08T22:16:47.353+0000] {processor.py:799} INFO - Processing file /home/airflow/.local/lib/python3.7/site-packages/airflow/example_dags/example_branch_day_of_week_operator.py for tasks to queue
[2023-05-08T22:16:47.354+0000] {logging_mixin.py:149} INFO - [2023-05-08T22:16:47.354+0000] {dagbag.py:541} INFO - Filling up the DagBag from /home/airflow/.local/lib/python3.7/site-packages/airflow/example_dags/example_branch_day_of_week_operator.py
[2023-05-08T22:16:47.359+0000] {processor.py:809} INFO - DAG(s) dict_keys(['example_weekday_branch_operator']) retrieved from /home/airflow/.local/lib/python3.7/site-packages/airflow/example_dags/example_branch_day_of_week_operator.py
[2023-05-08T22:16:47.382+0000] {logging_mixin.py:149} INFO - [2023-05-08T22:16:47.382+0000] {dag.py:2726} INFO - Sync 1 DAGs
[2023-05-08T22:16:47.401+0000] {logging_mixin.py:149} INFO - [2023-05-08T22:16:47.401+0000] {dag.py:3490} INFO - Setting next_dagrun for example_weekday_branch_operator to 2023-05-07T00:00:00+00:00, run_after=2023-05-08T00:00:00+00:00
[2023-05-08T22:16:47.415+0000] {processor.py:178} INFO - Processing /home/airflow/.local/lib/python3.7/site-packages/airflow/example_dags/example_branch_day_of_week_operator.py took 0.066 seconds
[2023-05-08T22:17:18.239+0000] {processor.py:156} INFO - Started process (PID=218) to work on /home/airflow/.local/lib/python3.7/site-packages/airflow/example_dags/example_branch_day_of_week_operator.py
[2023-05-08T22:17:18.240+0000] {processor.py:799} INFO - Processing file /home/airflow/.local/lib/python3.7/site-packages/airflow/example_dags/example_branch_day_of_week_operator.py for tasks to queue
[2023-05-08T22:17:18.240+0000] {logging_mixin.py:149} INFO - [2023-05-08T22:17:18.240+0000] {dagbag.py:541} INFO - Filling up the DagBag from /home/airflow/.local/lib/python3.7/site-packages/airflow/example_dags/example_branch_day_of_week_operator.py
[2023-05-08T22:17:18.245+0000] {processor.py:809} INFO - DAG(s) dict_keys(['example_weekday_branch_operator']) retrieved from /home/airflow/.local/lib/python3.7/site-packages/airflow/example_dags/example_branch_day_of_week_operator.py
[2023-05-08T22:17:18.268+0000] {logging_mixin.py:149} INFO - [2023-05-08T22:17:18.268+0000] {dag.py:2726} INFO - Sync 1 DAGs
[2023-05-08T22:17:18.289+0000] {logging_mixin.py:149} INFO - [2023-05-08T22:17:18.289+0000] {dag.py:3490} INFO - Setting next_dagrun for example_weekday_branch_operator to 2023-05-07T00:00:00+00:00, run_after=2023-05-08T00:00:00+00:00
[2023-05-08T22:17:18.302+0000] {processor.py:178} INFO - Processing /home/airflow/.local/lib/python3.7/site-packages/airflow/example_dags/example_branch_day_of_week_operator.py took 0.066 seconds
[2023-05-08T22:17:49.200+0000] {processor.py:156} INFO - Started process (PID=275) to work on /home/airflow/.local/lib/python3.7/site-packages/airflow/example_dags/example_branch_day_of_week_operator.py
[2023-05-08T22:17:49.201+0000] {processor.py:799} INFO - Processing file /home/airflow/.local/lib/python3.7/site-packages/airflow/example_dags/example_branch_day_of_week_operator.py for tasks to queue
[2023-05-08T22:17:49.202+0000] {logging_mixin.py:149} INFO - [2023-05-08T22:17:49.202+0000] {dagbag.py:541} INFO - Filling up the DagBag from /home/airflow/.local/lib/python3.7/site-packages/airflow/example_dags/example_branch_day_of_week_operator.py
[2023-05-08T22:17:49.207+0000] {processor.py:809} INFO - DAG(s) dict_keys(['example_weekday_branch_operator']) retrieved from /home/airflow/.local/lib/python3.7/site-packages/airflow/example_dags/example_branch_day_of_week_operator.py
[2023-05-08T22:17:49.245+0000] {logging_mixin.py:149} INFO - [2023-05-08T22:17:49.245+0000] {dag.py:2726} INFO - Sync 1 DAGs
[2023-05-08T22:17:49.268+0000] {logging_mixin.py:149} INFO - [2023-05-08T22:17:49.268+0000] {dag.py:3490} INFO - Setting next_dagrun for example_weekday_branch_operator to 2023-05-07T00:00:00+00:00, run_after=2023-05-08T00:00:00+00:00
[2023-05-08T22:17:49.282+0000] {processor.py:178} INFO - Processing /home/airflow/.local/lib/python3.7/site-packages/airflow/example_dags/example_branch_day_of_week_operator.py took 0.085 seconds
[2023-05-08T22:18:20.039+0000] {processor.py:156} INFO - Started process (PID=332) to work on /home/airflow/.local/lib/python3.7/site-packages/airflow/example_dags/example_branch_day_of_week_operator.py
[2023-05-08T22:18:20.040+0000] {processor.py:799} INFO - Processing file /home/airflow/.local/lib/python3.7/site-packages/airflow/example_dags/example_branch_day_of_week_operator.py for tasks to queue
[2023-05-08T22:18:20.041+0000] {logging_mixin.py:149} INFO - [2023-05-08T22:18:20.040+0000] {dagbag.py:541} INFO - Filling up the DagBag from /home/airflow/.local/lib/python3.7/site-packages/airflow/example_dags/example_branch_day_of_week_operator.py
[2023-05-08T22:18:20.046+0000] {processor.py:809} INFO - DAG(s) dict_keys(['example_weekday_branch_operator']) retrieved from /home/airflow/.local/lib/python3.7/site-packages/airflow/example_dags/example_branch_day_of_week_operator.py
[2023-05-08T22:18:20.082+0000] {logging_mixin.py:149} INFO - [2023-05-08T22:18:20.082+0000] {dag.py:2726} INFO - Sync 1 DAGs
[2023-05-08T22:18:20.107+0000] {logging_mixin.py:149} INFO - [2023-05-08T22:18:20.107+0000] {dag.py:3490} INFO - Setting next_dagrun for example_weekday_branch_operator to 2023-05-07T00:00:00+00:00, run_after=2023-05-08T00:00:00+00:00
[2023-05-08T22:18:20.120+0000] {processor.py:178} INFO - Processing /home/airflow/.local/lib/python3.7/site-packages/airflow/example_dags/example_branch_day_of_week_operator.py took 0.085 seconds
[2023-05-08T22:18:51.017+0000] {processor.py:156} INFO - Started process (PID=389) to work on /home/airflow/.local/lib/python3.7/site-packages/airflow/example_dags/example_branch_day_of_week_operator.py
[2023-05-08T22:18:51.018+0000] {processor.py:799} INFO - Processing file /home/airflow/.local/lib/python3.7/site-packages/airflow/example_dags/example_branch_day_of_week_operator.py for tasks to queue
[2023-05-08T22:18:51.019+0000] {logging_mixin.py:149} INFO - [2023-05-08T22:18:51.019+0000] {dagbag.py:541} INFO - Filling up the DagBag from /home/airflow/.local/lib/python3.7/site-packages/airflow/example_dags/example_branch_day_of_week_operator.py
[2023-05-08T22:18:51.027+0000] {processor.py:809} INFO - DAG(s) dict_keys(['example_weekday_branch_operator']) retrieved from /home/airflow/.local/lib/python3.7/site-packages/airflow/example_dags/example_branch_day_of_week_operator.py
[2023-05-08T22:18:51.052+0000] {logging_mixin.py:149} INFO - [2023-05-08T22:18:51.052+0000] {dag.py:2726} INFO - Sync 1 DAGs
[2023-05-08T22:18:51.072+0000] {logging_mixin.py:149} INFO - [2023-05-08T22:18:51.072+0000] {dag.py:3490} INFO - Setting next_dagrun for example_weekday_branch_operator to 2023-05-07T00:00:00+00:00, run_after=2023-05-08T00:00:00+00:00
[2023-05-08T22:18:51.091+0000] {processor.py:178} INFO - Processing /home/airflow/.local/lib/python3.7/site-packages/airflow/example_dags/example_branch_day_of_week_operator.py took 0.077 seconds
[2023-05-08T22:19:21.939+0000] {processor.py:156} INFO - Started process (PID=446) to work on /home/airflow/.local/lib/python3.7/site-packages/airflow/example_dags/example_branch_day_of_week_operator.py
[2023-05-08T22:19:21.940+0000] {processor.py:799} INFO - Processing file /home/airflow/.local/lib/python3.7/site-packages/airflow/example_dags/example_branch_day_of_week_operator.py for tasks to queue
[2023-05-08T22:19:21.940+0000] {logging_mixin.py:149} INFO - [2023-05-08T22:19:21.940+0000] {dagbag.py:541} INFO - Filling up the DagBag from /home/airflow/.local/lib/python3.7/site-packages/airflow/example_dags/example_branch_day_of_week_operator.py
[2023-05-08T22:19:21.945+0000] {processor.py:809} INFO - DAG(s) dict_keys(['example_weekday_branch_operator']) retrieved from /home/airflow/.local/lib/python3.7/site-packages/airflow/example_dags/example_branch_day_of_week_operator.py
[2023-05-08T22:19:21.973+0000] {logging_mixin.py:149} INFO - [2023-05-08T22:19:21.973+0000] {dag.py:2726} INFO - Sync 1 DAGs
[2023-05-08T22:19:21.995+0000] {logging_mixin.py:149} INFO - [2023-05-08T22:19:21.995+0000] {dag.py:3490} INFO - Setting next_dagrun for example_weekday_branch_operator to 2023-05-07T00:00:00+00:00, run_after=2023-05-08T00:00:00+00:00
[2023-05-08T22:19:22.008+0000] {processor.py:178} INFO - Processing /home/airflow/.local/lib/python3.7/site-packages/airflow/example_dags/example_branch_day_of_week_operator.py took 0.072 seconds
[2023-05-08T22:19:52.617+0000] {processor.py:156} INFO - Started process (PID=503) to work on /home/airflow/.local/lib/python3.7/site-packages/airflow/example_dags/example_branch_day_of_week_operator.py
[2023-05-08T22:19:52.618+0000] {processor.py:799} INFO - Processing file /home/airflow/.local/lib/python3.7/site-packages/airflow/example_dags/example_branch_day_of_week_operator.py for tasks to queue
[2023-05-08T22:19:52.619+0000] {logging_mixin.py:149} INFO - [2023-05-08T22:19:52.618+0000] {dagbag.py:541} INFO - Filling up the DagBag from /home/airflow/.local/lib/python3.7/site-packages/airflow/example_dags/example_branch_day_of_week_operator.py
[2023-05-08T22:19:52.624+0000] {processor.py:809} INFO - DAG(s) dict_keys(['example_weekday_branch_operator']) retrieved from /home/airflow/.local/lib/python3.7/site-packages/airflow/example_dags/example_branch_day_of_week_operator.py
[2023-05-08T22:19:52.647+0000] {logging_mixin.py:149} INFO - [2023-05-08T22:19:52.647+0000] {dag.py:2726} INFO - Sync 1 DAGs
[2023-05-08T22:19:52.667+0000] {logging_mixin.py:149} INFO - [2023-05-08T22:19:52.666+0000] {dag.py:3490} INFO - Setting next_dagrun for example_weekday_branch_operator to 2023-05-07T00:00:00+00:00, run_after=2023-05-08T00:00:00+00:00
[2023-05-08T22:19:52.680+0000] {processor.py:178} INFO - Processing /home/airflow/.local/lib/python3.7/site-packages/airflow/example_dags/example_branch_day_of_week_operator.py took 0.066 seconds
[2023-05-08T22:20:23.366+0000] {processor.py:156} INFO - Started process (PID=561) to work on /home/airflow/.local/lib/python3.7/site-packages/airflow/example_dags/example_branch_day_of_week_operator.py
[2023-05-08T22:20:23.367+0000] {processor.py:799} INFO - Processing file /home/airflow/.local/lib/python3.7/site-packages/airflow/example_dags/example_branch_day_of_week_operator.py for tasks to queue
[2023-05-08T22:20:23.368+0000] {logging_mixin.py:149} INFO - [2023-05-08T22:20:23.368+0000] {dagbag.py:541} INFO - Filling up the DagBag from /home/airflow/.local/lib/python3.7/site-packages/airflow/example_dags/example_branch_day_of_week_operator.py
[2023-05-08T22:20:23.373+0000] {processor.py:809} INFO - DAG(s) dict_keys(['example_weekday_branch_operator']) retrieved from /home/airflow/.local/lib/python3.7/site-packages/airflow/example_dags/example_branch_day_of_week_operator.py
[2023-05-08T22:20:23.400+0000] {logging_mixin.py:149} INFO - [2023-05-08T22:20:23.400+0000] {dag.py:2726} INFO - Sync 1 DAGs
[2023-05-08T22:20:23.420+0000] {logging_mixin.py:149} INFO - [2023-05-08T22:20:23.420+0000] {dag.py:3490} INFO - Setting next_dagrun for example_weekday_branch_operator to 2023-05-07T00:00:00+00:00, run_after=2023-05-08T00:00:00+00:00
[2023-05-08T22:20:23.434+0000] {processor.py:178} INFO - Processing /home/airflow/.local/lib/python3.7/site-packages/airflow/example_dags/example_branch_day_of_week_operator.py took 0.071 seconds
[2023-05-08T22:20:54.239+0000] {processor.py:156} INFO - Started process (PID=618) to work on /home/airflow/.local/lib/python3.7/site-packages/airflow/example_dags/example_branch_day_of_week_operator.py
[2023-05-08T22:20:54.240+0000] {processor.py:799} INFO - Processing file /home/airflow/.local/lib/python3.7/site-packages/airflow/example_dags/example_branch_day_of_week_operator.py for tasks to queue
[2023-05-08T22:20:54.241+0000] {logging_mixin.py:149} INFO - [2023-05-08T22:20:54.241+0000] {dagbag.py:541} INFO - Filling up the DagBag from /home/airflow/.local/lib/python3.7/site-packages/airflow/example_dags/example_branch_day_of_week_operator.py
[2023-05-08T22:20:54.246+0000] {processor.py:809} INFO - DAG(s) dict_keys(['example_weekday_branch_operator']) retrieved from /home/airflow/.local/lib/python3.7/site-packages/airflow/example_dags/example_branch_day_of_week_operator.py
[2023-05-08T22:20:54.269+0000] {logging_mixin.py:149} INFO - [2023-05-08T22:20:54.269+0000] {dag.py:2726} INFO - Sync 1 DAGs
[2023-05-08T22:20:54.289+0000] {logging_mixin.py:149} INFO - [2023-05-08T22:20:54.289+0000] {dag.py:3490} INFO - Setting next_dagrun for example_weekday_branch_operator to 2023-05-07T00:00:00+00:00, run_after=2023-05-08T00:00:00+00:00
[2023-05-08T22:20:54.303+0000] {processor.py:178} INFO - Processing /home/airflow/.local/lib/python3.7/site-packages/airflow/example_dags/example_branch_day_of_week_operator.py took 0.066 seconds
[2023-05-08T22:21:25.102+0000] {processor.py:156} INFO - Started process (PID=675) to work on /home/airflow/.local/lib/python3.7/site-packages/airflow/example_dags/example_branch_day_of_week_operator.py
[2023-05-08T22:21:25.103+0000] {processor.py:799} INFO - Processing file /home/airflow/.local/lib/python3.7/site-packages/airflow/example_dags/example_branch_day_of_week_operator.py for tasks to queue
[2023-05-08T22:21:25.104+0000] {logging_mixin.py:149} INFO - [2023-05-08T22:21:25.104+0000] {dagbag.py:541} INFO - Filling up the DagBag from /home/airflow/.local/lib/python3.7/site-packages/airflow/example_dags/example_branch_day_of_week_operator.py
[2023-05-08T22:21:25.109+0000] {processor.py:809} INFO - DAG(s) dict_keys(['example_weekday_branch_operator']) retrieved from /home/airflow/.local/lib/python3.7/site-packages/airflow/example_dags/example_branch_day_of_week_operator.py
[2023-05-08T22:21:25.137+0000] {logging_mixin.py:149} INFO - [2023-05-08T22:21:25.137+0000] {dag.py:2726} INFO - Sync 1 DAGs
[2023-05-08T22:21:25.157+0000] {logging_mixin.py:149} INFO - [2023-05-08T22:21:25.157+0000] {dag.py:3490} INFO - Setting next_dagrun for example_weekday_branch_operator to 2023-05-07T00:00:00+00:00, run_after=2023-05-08T00:00:00+00:00
[2023-05-08T22:21:25.171+0000] {processor.py:178} INFO - Processing /home/airflow/.local/lib/python3.7/site-packages/airflow/example_dags/example_branch_day_of_week_operator.py took 0.071 seconds
[2023-05-08T22:22:08.006+0000] {processor.py:156} INFO - Started process (PID=49) to work on /home/airflow/.local/lib/python3.7/site-packages/airflow/example_dags/example_branch_day_of_week_operator.py
[2023-05-08T22:22:08.008+0000] {processor.py:799} INFO - Processing file /home/airflow/.local/lib/python3.7/site-packages/airflow/example_dags/example_branch_day_of_week_operator.py for tasks to queue
[2023-05-08T22:22:08.010+0000] {logging_mixin.py:149} INFO - [2023-05-08T22:22:08.009+0000] {dagbag.py:541} INFO - Filling up the DagBag from /home/airflow/.local/lib/python3.7/site-packages/airflow/example_dags/example_branch_day_of_week_operator.py
[2023-05-08T22:22:08.020+0000] {processor.py:809} INFO - DAG(s) dict_keys(['example_weekday_branch_operator']) retrieved from /home/airflow/.local/lib/python3.7/site-packages/airflow/example_dags/example_branch_day_of_week_operator.py
[2023-05-08T22:22:08.047+0000] {logging_mixin.py:149} INFO - [2023-05-08T22:22:08.047+0000] {dag.py:2726} INFO - Sync 1 DAGs
[2023-05-08T22:22:08.099+0000] {logging_mixin.py:149} INFO - [2023-05-08T22:22:08.099+0000] {dag.py:3490} INFO - Setting next_dagrun for example_weekday_branch_operator to 2023-05-07T00:00:00+00:00, run_after=2023-05-08T00:00:00+00:00
[2023-05-08T22:22:08.121+0000] {processor.py:178} INFO - Processing /home/airflow/.local/lib/python3.7/site-packages/airflow/example_dags/example_branch_day_of_week_operator.py took 0.126 seconds
[2023-05-08T22:22:38.976+0000] {processor.py:156} INFO - Started process (PID=106) to work on /home/airflow/.local/lib/python3.7/site-packages/airflow/example_dags/example_branch_day_of_week_operator.py
[2023-05-08T22:22:38.977+0000] {processor.py:799} INFO - Processing file /home/airflow/.local/lib/python3.7/site-packages/airflow/example_dags/example_branch_day_of_week_operator.py for tasks to queue
[2023-05-08T22:22:38.978+0000] {logging_mixin.py:149} INFO - [2023-05-08T22:22:38.978+0000] {dagbag.py:541} INFO - Filling up the DagBag from /home/airflow/.local/lib/python3.7/site-packages/airflow/example_dags/example_branch_day_of_week_operator.py
[2023-05-08T22:22:38.983+0000] {processor.py:809} INFO - DAG(s) dict_keys(['example_weekday_branch_operator']) retrieved from /home/airflow/.local/lib/python3.7/site-packages/airflow/example_dags/example_branch_day_of_week_operator.py
[2023-05-08T22:22:39.009+0000] {logging_mixin.py:149} INFO - [2023-05-08T22:22:39.009+0000] {dag.py:2726} INFO - Sync 1 DAGs
[2023-05-08T22:22:39.036+0000] {logging_mixin.py:149} INFO - [2023-05-08T22:22:39.036+0000] {dag.py:3490} INFO - Setting next_dagrun for example_weekday_branch_operator to 2023-05-07T00:00:00+00:00, run_after=2023-05-08T00:00:00+00:00
[2023-05-08T22:22:39.053+0000] {processor.py:178} INFO - Processing /home/airflow/.local/lib/python3.7/site-packages/airflow/example_dags/example_branch_day_of_week_operator.py took 0.080 seconds
[2023-05-08T22:23:09.078+0000] {processor.py:156} INFO - Started process (PID=162) to work on /home/airflow/.local/lib/python3.7/site-packages/airflow/example_dags/example_branch_day_of_week_operator.py
[2023-05-08T22:23:09.079+0000] {processor.py:799} INFO - Processing file /home/airflow/.local/lib/python3.7/site-packages/airflow/example_dags/example_branch_day_of_week_operator.py for tasks to queue
[2023-05-08T22:23:09.080+0000] {logging_mixin.py:149} INFO - [2023-05-08T22:23:09.080+0000] {dagbag.py:541} INFO - Filling up the DagBag from /home/airflow/.local/lib/python3.7/site-packages/airflow/example_dags/example_branch_day_of_week_operator.py
[2023-05-08T22:23:09.085+0000] {processor.py:809} INFO - DAG(s) dict_keys(['example_weekday_branch_operator']) retrieved from /home/airflow/.local/lib/python3.7/site-packages/airflow/example_dags/example_branch_day_of_week_operator.py
[2023-05-08T22:23:09.107+0000] {logging_mixin.py:149} INFO - [2023-05-08T22:23:09.107+0000] {dag.py:2726} INFO - Sync 1 DAGs
[2023-05-08T22:23:09.127+0000] {logging_mixin.py:149} INFO - [2023-05-08T22:23:09.127+0000] {dag.py:3490} INFO - Setting next_dagrun for example_weekday_branch_operator to 2023-05-07T00:00:00+00:00, run_after=2023-05-08T00:00:00+00:00
[2023-05-08T22:23:09.141+0000] {processor.py:178} INFO - Processing /home/airflow/.local/lib/python3.7/site-packages/airflow/example_dags/example_branch_day_of_week_operator.py took 0.065 seconds
[2023-05-08T22:23:40.063+0000] {processor.py:156} INFO - Started process (PID=220) to work on /home/airflow/.local/lib/python3.7/site-packages/airflow/example_dags/example_branch_day_of_week_operator.py
[2023-05-08T22:23:40.064+0000] {processor.py:799} INFO - Processing file /home/airflow/.local/lib/python3.7/site-packages/airflow/example_dags/example_branch_day_of_week_operator.py for tasks to queue
[2023-05-08T22:23:40.064+0000] {logging_mixin.py:149} INFO - [2023-05-08T22:23:40.064+0000] {dagbag.py:541} INFO - Filling up the DagBag from /home/airflow/.local/lib/python3.7/site-packages/airflow/example_dags/example_branch_day_of_week_operator.py
[2023-05-08T22:23:40.070+0000] {processor.py:809} INFO - DAG(s) dict_keys(['example_weekday_branch_operator']) retrieved from /home/airflow/.local/lib/python3.7/site-packages/airflow/example_dags/example_branch_day_of_week_operator.py
[2023-05-08T22:23:40.095+0000] {logging_mixin.py:149} INFO - [2023-05-08T22:23:40.095+0000] {dag.py:2726} INFO - Sync 1 DAGs
[2023-05-08T22:23:40.117+0000] {logging_mixin.py:149} INFO - [2023-05-08T22:23:40.116+0000] {dag.py:3490} INFO - Setting next_dagrun for example_weekday_branch_operator to 2023-05-07T00:00:00+00:00, run_after=2023-05-08T00:00:00+00:00
[2023-05-08T22:23:40.130+0000] {processor.py:178} INFO - Processing /home/airflow/.local/lib/python3.7/site-packages/airflow/example_dags/example_branch_day_of_week_operator.py took 0.070 seconds
[2023-05-08T22:24:10.874+0000] {processor.py:156} INFO - Started process (PID=277) to work on /home/airflow/.local/lib/python3.7/site-packages/airflow/example_dags/example_branch_day_of_week_operator.py
[2023-05-08T22:24:10.875+0000] {processor.py:799} INFO - Processing file /home/airflow/.local/lib/python3.7/site-packages/airflow/example_dags/example_branch_day_of_week_operator.py for tasks to queue
[2023-05-08T22:24:10.876+0000] {logging_mixin.py:149} INFO - [2023-05-08T22:24:10.875+0000] {dagbag.py:541} INFO - Filling up the DagBag from /home/airflow/.local/lib/python3.7/site-packages/airflow/example_dags/example_branch_day_of_week_operator.py
[2023-05-08T22:24:10.881+0000] {processor.py:809} INFO - DAG(s) dict_keys(['example_weekday_branch_operator']) retrieved from /home/airflow/.local/lib/python3.7/site-packages/airflow/example_dags/example_branch_day_of_week_operator.py
[2023-05-08T22:24:10.907+0000] {logging_mixin.py:149} INFO - [2023-05-08T22:24:10.907+0000] {dag.py:2726} INFO - Sync 1 DAGs
[2023-05-08T22:24:10.927+0000] {logging_mixin.py:149} INFO - [2023-05-08T22:24:10.927+0000] {dag.py:3490} INFO - Setting next_dagrun for example_weekday_branch_operator to 2023-05-07T00:00:00+00:00, run_after=2023-05-08T00:00:00+00:00
[2023-05-08T22:24:10.940+0000] {processor.py:178} INFO - Processing /home/airflow/.local/lib/python3.7/site-packages/airflow/example_dags/example_branch_day_of_week_operator.py took 0.069 seconds
[2023-05-08T22:24:41.680+0000] {processor.py:156} INFO - Started process (PID=334) to work on /home/airflow/.local/lib/python3.7/site-packages/airflow/example_dags/example_branch_day_of_week_operator.py
[2023-05-08T22:24:41.681+0000] {processor.py:799} INFO - Processing file /home/airflow/.local/lib/python3.7/site-packages/airflow/example_dags/example_branch_day_of_week_operator.py for tasks to queue
[2023-05-08T22:24:41.682+0000] {logging_mixin.py:149} INFO - [2023-05-08T22:24:41.682+0000] {dagbag.py:541} INFO - Filling up the DagBag from /home/airflow/.local/lib/python3.7/site-packages/airflow/example_dags/example_branch_day_of_week_operator.py
[2023-05-08T22:24:41.688+0000] {processor.py:809} INFO - DAG(s) dict_keys(['example_weekday_branch_operator']) retrieved from /home/airflow/.local/lib/python3.7/site-packages/airflow/example_dags/example_branch_day_of_week_operator.py
[2023-05-08T22:24:41.712+0000] {logging_mixin.py:149} INFO - [2023-05-08T22:24:41.712+0000] {dag.py:2726} INFO - Sync 1 DAGs
[2023-05-08T22:24:41.733+0000] {logging_mixin.py:149} INFO - [2023-05-08T22:24:41.733+0000] {dag.py:3490} INFO - Setting next_dagrun for example_weekday_branch_operator to 2023-05-07T00:00:00+00:00, run_after=2023-05-08T00:00:00+00:00
[2023-05-08T22:24:41.746+0000] {processor.py:178} INFO - Processing /home/airflow/.local/lib/python3.7/site-packages/airflow/example_dags/example_branch_day_of_week_operator.py took 0.068 seconds
[2023-05-08T22:25:12.346+0000] {processor.py:156} INFO - Started process (PID=391) to work on /home/airflow/.local/lib/python3.7/site-packages/airflow/example_dags/example_branch_day_of_week_operator.py
[2023-05-08T22:25:12.348+0000] {processor.py:799} INFO - Processing file /home/airflow/.local/lib/python3.7/site-packages/airflow/example_dags/example_branch_day_of_week_operator.py for tasks to queue
[2023-05-08T22:25:12.348+0000] {logging_mixin.py:149} INFO - [2023-05-08T22:25:12.348+0000] {dagbag.py:541} INFO - Filling up the DagBag from /home/airflow/.local/lib/python3.7/site-packages/airflow/example_dags/example_branch_day_of_week_operator.py
[2023-05-08T22:25:12.354+0000] {processor.py:809} INFO - DAG(s) dict_keys(['example_weekday_branch_operator']) retrieved from /home/airflow/.local/lib/python3.7/site-packages/airflow/example_dags/example_branch_day_of_week_operator.py
[2023-05-08T22:25:12.380+0000] {logging_mixin.py:149} INFO - [2023-05-08T22:25:12.379+0000] {dag.py:2726} INFO - Sync 1 DAGs
[2023-05-08T22:25:12.399+0000] {logging_mixin.py:149} INFO - [2023-05-08T22:25:12.399+0000] {dag.py:3490} INFO - Setting next_dagrun for example_weekday_branch_operator to 2023-05-07T00:00:00+00:00, run_after=2023-05-08T00:00:00+00:00
[2023-05-08T22:25:12.413+0000] {processor.py:178} INFO - Processing /home/airflow/.local/lib/python3.7/site-packages/airflow/example_dags/example_branch_day_of_week_operator.py took 0.070 seconds
[2023-05-08T22:25:59.267+0000] {processor.py:156} INFO - Started process (PID=49) to work on /home/airflow/.local/lib/python3.7/site-packages/airflow/example_dags/example_branch_day_of_week_operator.py
[2023-05-08T22:25:59.269+0000] {processor.py:799} INFO - Processing file /home/airflow/.local/lib/python3.7/site-packages/airflow/example_dags/example_branch_day_of_week_operator.py for tasks to queue
[2023-05-08T22:25:59.270+0000] {logging_mixin.py:149} INFO - [2023-05-08T22:25:59.270+0000] {dagbag.py:541} INFO - Filling up the DagBag from /home/airflow/.local/lib/python3.7/site-packages/airflow/example_dags/example_branch_day_of_week_operator.py
[2023-05-08T22:25:59.282+0000] {processor.py:809} INFO - DAG(s) dict_keys(['example_weekday_branch_operator']) retrieved from /home/airflow/.local/lib/python3.7/site-packages/airflow/example_dags/example_branch_day_of_week_operator.py
[2023-05-08T22:25:59.313+0000] {logging_mixin.py:149} INFO - [2023-05-08T22:25:59.313+0000] {dag.py:2726} INFO - Sync 1 DAGs
[2023-05-08T22:25:59.372+0000] {logging_mixin.py:149} INFO - [2023-05-08T22:25:59.372+0000] {dag.py:3490} INFO - Setting next_dagrun for example_weekday_branch_operator to 2023-05-07T00:00:00+00:00, run_after=2023-05-08T00:00:00+00:00
[2023-05-08T22:25:59.399+0000] {processor.py:178} INFO - Processing /home/airflow/.local/lib/python3.7/site-packages/airflow/example_dags/example_branch_day_of_week_operator.py took 0.135 seconds
[2023-05-08T22:26:30.357+0000] {processor.py:156} INFO - Started process (PID=106) to work on /home/airflow/.local/lib/python3.7/site-packages/airflow/example_dags/example_branch_day_of_week_operator.py
[2023-05-08T22:26:30.359+0000] {processor.py:799} INFO - Processing file /home/airflow/.local/lib/python3.7/site-packages/airflow/example_dags/example_branch_day_of_week_operator.py for tasks to queue
[2023-05-08T22:26:30.359+0000] {logging_mixin.py:149} INFO - [2023-05-08T22:26:30.359+0000] {dagbag.py:541} INFO - Filling up the DagBag from /home/airflow/.local/lib/python3.7/site-packages/airflow/example_dags/example_branch_day_of_week_operator.py
[2023-05-08T22:26:30.368+0000] {processor.py:809} INFO - DAG(s) dict_keys(['example_weekday_branch_operator']) retrieved from /home/airflow/.local/lib/python3.7/site-packages/airflow/example_dags/example_branch_day_of_week_operator.py
[2023-05-08T22:26:30.396+0000] {logging_mixin.py:149} INFO - [2023-05-08T22:26:30.396+0000] {dag.py:2726} INFO - Sync 1 DAGs
[2023-05-08T22:26:30.418+0000] {logging_mixin.py:149} INFO - [2023-05-08T22:26:30.418+0000] {dag.py:3490} INFO - Setting next_dagrun for example_weekday_branch_operator to 2023-05-07T00:00:00+00:00, run_after=2023-05-08T00:00:00+00:00
[2023-05-08T22:26:30.433+0000] {processor.py:178} INFO - Processing /home/airflow/.local/lib/python3.7/site-packages/airflow/example_dags/example_branch_day_of_week_operator.py took 0.079 seconds
[2023-05-08T22:27:01.279+0000] {processor.py:156} INFO - Started process (PID=163) to work on /home/airflow/.local/lib/python3.7/site-packages/airflow/example_dags/example_branch_day_of_week_operator.py
[2023-05-08T22:27:01.280+0000] {processor.py:799} INFO - Processing file /home/airflow/.local/lib/python3.7/site-packages/airflow/example_dags/example_branch_day_of_week_operator.py for tasks to queue
[2023-05-08T22:27:01.281+0000] {logging_mixin.py:149} INFO - [2023-05-08T22:27:01.281+0000] {dagbag.py:541} INFO - Filling up the DagBag from /home/airflow/.local/lib/python3.7/site-packages/airflow/example_dags/example_branch_day_of_week_operator.py
[2023-05-08T22:27:01.289+0000] {processor.py:809} INFO - DAG(s) dict_keys(['example_weekday_branch_operator']) retrieved from /home/airflow/.local/lib/python3.7/site-packages/airflow/example_dags/example_branch_day_of_week_operator.py
[2023-05-08T22:27:01.317+0000] {logging_mixin.py:149} INFO - [2023-05-08T22:27:01.317+0000] {dag.py:2726} INFO - Sync 1 DAGs
[2023-05-08T22:27:01.338+0000] {logging_mixin.py:149} INFO - [2023-05-08T22:27:01.338+0000] {dag.py:3490} INFO - Setting next_dagrun for example_weekday_branch_operator to 2023-05-07T00:00:00+00:00, run_after=2023-05-08T00:00:00+00:00
[2023-05-08T22:27:01.354+0000] {processor.py:178} INFO - Processing /home/airflow/.local/lib/python3.7/site-packages/airflow/example_dags/example_branch_day_of_week_operator.py took 0.079 seconds
[2023-05-08T22:27:32.080+0000] {processor.py:156} INFO - Started process (PID=220) to work on /home/airflow/.local/lib/python3.7/site-packages/airflow/example_dags/example_branch_day_of_week_operator.py
[2023-05-08T22:27:32.082+0000] {processor.py:799} INFO - Processing file /home/airflow/.local/lib/python3.7/site-packages/airflow/example_dags/example_branch_day_of_week_operator.py for tasks to queue
[2023-05-08T22:27:32.084+0000] {logging_mixin.py:149} INFO - [2023-05-08T22:27:32.084+0000] {dagbag.py:541} INFO - Filling up the DagBag from /home/airflow/.local/lib/python3.7/site-packages/airflow/example_dags/example_branch_day_of_week_operator.py
[2023-05-08T22:27:32.091+0000] {processor.py:809} INFO - DAG(s) dict_keys(['example_weekday_branch_operator']) retrieved from /home/airflow/.local/lib/python3.7/site-packages/airflow/example_dags/example_branch_day_of_week_operator.py
[2023-05-08T22:27:32.132+0000] {logging_mixin.py:149} INFO - [2023-05-08T22:27:32.132+0000] {dag.py:2726} INFO - Sync 1 DAGs
[2023-05-08T22:27:32.158+0000] {logging_mixin.py:149} INFO - [2023-05-08T22:27:32.158+0000] {dag.py:3490} INFO - Setting next_dagrun for example_weekday_branch_operator to 2023-05-07T00:00:00+00:00, run_after=2023-05-08T00:00:00+00:00
[2023-05-08T22:27:32.171+0000] {processor.py:178} INFO - Processing /home/airflow/.local/lib/python3.7/site-packages/airflow/example_dags/example_branch_day_of_week_operator.py took 0.099 seconds
[2023-05-08T22:28:02.587+0000] {processor.py:156} INFO - Started process (PID=277) to work on /home/airflow/.local/lib/python3.7/site-packages/airflow/example_dags/example_branch_day_of_week_operator.py
[2023-05-08T22:28:02.588+0000] {processor.py:799} INFO - Processing file /home/airflow/.local/lib/python3.7/site-packages/airflow/example_dags/example_branch_day_of_week_operator.py for tasks to queue
[2023-05-08T22:28:02.590+0000] {logging_mixin.py:149} INFO - [2023-05-08T22:28:02.590+0000] {dagbag.py:541} INFO - Filling up the DagBag from /home/airflow/.local/lib/python3.7/site-packages/airflow/example_dags/example_branch_day_of_week_operator.py
[2023-05-08T22:28:02.599+0000] {processor.py:809} INFO - DAG(s) dict_keys(['example_weekday_branch_operator']) retrieved from /home/airflow/.local/lib/python3.7/site-packages/airflow/example_dags/example_branch_day_of_week_operator.py
[2023-05-08T22:28:02.630+0000] {logging_mixin.py:149} INFO - [2023-05-08T22:28:02.630+0000] {dag.py:2726} INFO - Sync 1 DAGs
[2023-05-08T22:28:02.651+0000] {logging_mixin.py:149} INFO - [2023-05-08T22:28:02.651+0000] {dag.py:3490} INFO - Setting next_dagrun for example_weekday_branch_operator to 2023-05-07T00:00:00+00:00, run_after=2023-05-08T00:00:00+00:00
[2023-05-08T22:28:02.666+0000] {processor.py:178} INFO - Processing /home/airflow/.local/lib/python3.7/site-packages/airflow/example_dags/example_branch_day_of_week_operator.py took 0.085 seconds
[2023-05-08T22:28:33.293+0000] {processor.py:156} INFO - Started process (PID=334) to work on /home/airflow/.local/lib/python3.7/site-packages/airflow/example_dags/example_branch_day_of_week_operator.py
[2023-05-08T22:28:33.294+0000] {processor.py:799} INFO - Processing file /home/airflow/.local/lib/python3.7/site-packages/airflow/example_dags/example_branch_day_of_week_operator.py for tasks to queue
[2023-05-08T22:28:33.295+0000] {logging_mixin.py:149} INFO - [2023-05-08T22:28:33.295+0000] {dagbag.py:541} INFO - Filling up the DagBag from /home/airflow/.local/lib/python3.7/site-packages/airflow/example_dags/example_branch_day_of_week_operator.py
[2023-05-08T22:28:33.303+0000] {processor.py:809} INFO - DAG(s) dict_keys(['example_weekday_branch_operator']) retrieved from /home/airflow/.local/lib/python3.7/site-packages/airflow/example_dags/example_branch_day_of_week_operator.py
[2023-05-08T22:28:33.332+0000] {logging_mixin.py:149} INFO - [2023-05-08T22:28:33.332+0000] {dag.py:2726} INFO - Sync 1 DAGs
[2023-05-08T22:28:33.355+0000] {logging_mixin.py:149} INFO - [2023-05-08T22:28:33.354+0000] {dag.py:3490} INFO - Setting next_dagrun for example_weekday_branch_operator to 2023-05-07T00:00:00+00:00, run_after=2023-05-08T00:00:00+00:00
[2023-05-08T22:28:33.369+0000] {processor.py:178} INFO - Processing /home/airflow/.local/lib/python3.7/site-packages/airflow/example_dags/example_branch_day_of_week_operator.py took 0.080 seconds
[2023-05-08T22:29:04.135+0000] {processor.py:156} INFO - Started process (PID=391) to work on /home/airflow/.local/lib/python3.7/site-packages/airflow/example_dags/example_branch_day_of_week_operator.py
[2023-05-08T22:29:04.136+0000] {processor.py:799} INFO - Processing file /home/airflow/.local/lib/python3.7/site-packages/airflow/example_dags/example_branch_day_of_week_operator.py for tasks to queue
[2023-05-08T22:29:04.138+0000] {logging_mixin.py:149} INFO - [2023-05-08T22:29:04.138+0000] {dagbag.py:541} INFO - Filling up the DagBag from /home/airflow/.local/lib/python3.7/site-packages/airflow/example_dags/example_branch_day_of_week_operator.py
[2023-05-08T22:29:04.146+0000] {processor.py:809} INFO - DAG(s) dict_keys(['example_weekday_branch_operator']) retrieved from /home/airflow/.local/lib/python3.7/site-packages/airflow/example_dags/example_branch_day_of_week_operator.py
[2023-05-08T22:29:04.176+0000] {logging_mixin.py:149} INFO - [2023-05-08T22:29:04.176+0000] {dag.py:2726} INFO - Sync 1 DAGs
[2023-05-08T22:29:04.198+0000] {logging_mixin.py:149} INFO - [2023-05-08T22:29:04.198+0000] {dag.py:3490} INFO - Setting next_dagrun for example_weekday_branch_operator to 2023-05-07T00:00:00+00:00, run_after=2023-05-08T00:00:00+00:00
[2023-05-08T22:29:04.212+0000] {processor.py:178} INFO - Processing /home/airflow/.local/lib/python3.7/site-packages/airflow/example_dags/example_branch_day_of_week_operator.py took 0.081 seconds
[2023-05-08T22:29:34.691+0000] {processor.py:156} INFO - Started process (PID=448) to work on /home/airflow/.local/lib/python3.7/site-packages/airflow/example_dags/example_branch_day_of_week_operator.py
[2023-05-08T22:29:34.692+0000] {processor.py:799} INFO - Processing file /home/airflow/.local/lib/python3.7/site-packages/airflow/example_dags/example_branch_day_of_week_operator.py for tasks to queue
[2023-05-08T22:29:34.693+0000] {logging_mixin.py:149} INFO - [2023-05-08T22:29:34.693+0000] {dagbag.py:541} INFO - Filling up the DagBag from /home/airflow/.local/lib/python3.7/site-packages/airflow/example_dags/example_branch_day_of_week_operator.py
[2023-05-08T22:29:34.700+0000] {processor.py:809} INFO - DAG(s) dict_keys(['example_weekday_branch_operator']) retrieved from /home/airflow/.local/lib/python3.7/site-packages/airflow/example_dags/example_branch_day_of_week_operator.py
[2023-05-08T22:29:34.726+0000] {logging_mixin.py:149} INFO - [2023-05-08T22:29:34.726+0000] {dag.py:2726} INFO - Sync 1 DAGs
[2023-05-08T22:29:34.753+0000] {logging_mixin.py:149} INFO - [2023-05-08T22:29:34.753+0000] {dag.py:3490} INFO - Setting next_dagrun for example_weekday_branch_operator to 2023-05-07T00:00:00+00:00, run_after=2023-05-08T00:00:00+00:00
[2023-05-08T22:29:34.770+0000] {processor.py:178} INFO - Processing /home/airflow/.local/lib/python3.7/site-packages/airflow/example_dags/example_branch_day_of_week_operator.py took 0.083 seconds
[2023-05-08T22:30:05.508+0000] {processor.py:156} INFO - Started process (PID=505) to work on /home/airflow/.local/lib/python3.7/site-packages/airflow/example_dags/example_branch_day_of_week_operator.py
[2023-05-08T22:30:05.510+0000] {processor.py:799} INFO - Processing file /home/airflow/.local/lib/python3.7/site-packages/airflow/example_dags/example_branch_day_of_week_operator.py for tasks to queue
[2023-05-08T22:30:05.511+0000] {logging_mixin.py:149} INFO - [2023-05-08T22:30:05.511+0000] {dagbag.py:541} INFO - Filling up the DagBag from /home/airflow/.local/lib/python3.7/site-packages/airflow/example_dags/example_branch_day_of_week_operator.py
[2023-05-08T22:30:05.519+0000] {processor.py:809} INFO - DAG(s) dict_keys(['example_weekday_branch_operator']) retrieved from /home/airflow/.local/lib/python3.7/site-packages/airflow/example_dags/example_branch_day_of_week_operator.py
[2023-05-08T22:30:05.547+0000] {logging_mixin.py:149} INFO - [2023-05-08T22:30:05.547+0000] {dag.py:2726} INFO - Sync 1 DAGs
[2023-05-08T22:30:05.573+0000] {logging_mixin.py:149} INFO - [2023-05-08T22:30:05.573+0000] {dag.py:3490} INFO - Setting next_dagrun for example_weekday_branch_operator to 2023-05-07T00:00:00+00:00, run_after=2023-05-08T00:00:00+00:00
[2023-05-08T22:30:05.590+0000] {processor.py:178} INFO - Processing /home/airflow/.local/lib/python3.7/site-packages/airflow/example_dags/example_branch_day_of_week_operator.py took 0.086 seconds
[2023-05-08T22:30:36.232+0000] {processor.py:156} INFO - Started process (PID=562) to work on /home/airflow/.local/lib/python3.7/site-packages/airflow/example_dags/example_branch_day_of_week_operator.py
[2023-05-08T22:30:36.234+0000] {processor.py:799} INFO - Processing file /home/airflow/.local/lib/python3.7/site-packages/airflow/example_dags/example_branch_day_of_week_operator.py for tasks to queue
[2023-05-08T22:30:36.235+0000] {logging_mixin.py:149} INFO - [2023-05-08T22:30:36.235+0000] {dagbag.py:541} INFO - Filling up the DagBag from /home/airflow/.local/lib/python3.7/site-packages/airflow/example_dags/example_branch_day_of_week_operator.py
[2023-05-08T22:30:36.241+0000] {processor.py:809} INFO - DAG(s) dict_keys(['example_weekday_branch_operator']) retrieved from /home/airflow/.local/lib/python3.7/site-packages/airflow/example_dags/example_branch_day_of_week_operator.py
[2023-05-08T22:30:36.281+0000] {logging_mixin.py:149} INFO - [2023-05-08T22:30:36.281+0000] {dag.py:2726} INFO - Sync 1 DAGs
[2023-05-08T22:30:36.311+0000] {logging_mixin.py:149} INFO - [2023-05-08T22:30:36.311+0000] {dag.py:3490} INFO - Setting next_dagrun for example_weekday_branch_operator to 2023-05-07T00:00:00+00:00, run_after=2023-05-08T00:00:00+00:00
[2023-05-08T22:30:36.327+0000] {processor.py:178} INFO - Processing /home/airflow/.local/lib/python3.7/site-packages/airflow/example_dags/example_branch_day_of_week_operator.py took 0.099 seconds
[2023-05-08T22:31:07.219+0000] {processor.py:156} INFO - Started process (PID=619) to work on /home/airflow/.local/lib/python3.7/site-packages/airflow/example_dags/example_branch_day_of_week_operator.py
[2023-05-08T22:31:07.222+0000] {processor.py:799} INFO - Processing file /home/airflow/.local/lib/python3.7/site-packages/airflow/example_dags/example_branch_day_of_week_operator.py for tasks to queue
[2023-05-08T22:31:07.224+0000] {logging_mixin.py:149} INFO - [2023-05-08T22:31:07.223+0000] {dagbag.py:541} INFO - Filling up the DagBag from /home/airflow/.local/lib/python3.7/site-packages/airflow/example_dags/example_branch_day_of_week_operator.py
[2023-05-08T22:31:07.236+0000] {processor.py:809} INFO - DAG(s) dict_keys(['example_weekday_branch_operator']) retrieved from /home/airflow/.local/lib/python3.7/site-packages/airflow/example_dags/example_branch_day_of_week_operator.py
[2023-05-08T22:31:07.280+0000] {logging_mixin.py:149} INFO - [2023-05-08T22:31:07.279+0000] {dag.py:2726} INFO - Sync 1 DAGs
[2023-05-08T22:31:07.310+0000] {logging_mixin.py:149} INFO - [2023-05-08T22:31:07.310+0000] {dag.py:3490} INFO - Setting next_dagrun for example_weekday_branch_operator to 2023-05-07T00:00:00+00:00, run_after=2023-05-08T00:00:00+00:00
[2023-05-08T22:31:07.330+0000] {processor.py:178} INFO - Processing /home/airflow/.local/lib/python3.7/site-packages/airflow/example_dags/example_branch_day_of_week_operator.py took 0.116 seconds
[2023-05-08T22:31:37.842+0000] {processor.py:156} INFO - Started process (PID=676) to work on /home/airflow/.local/lib/python3.7/site-packages/airflow/example_dags/example_branch_day_of_week_operator.py
[2023-05-08T22:31:37.844+0000] {processor.py:799} INFO - Processing file /home/airflow/.local/lib/python3.7/site-packages/airflow/example_dags/example_branch_day_of_week_operator.py for tasks to queue
[2023-05-08T22:31:37.845+0000] {logging_mixin.py:149} INFO - [2023-05-08T22:31:37.845+0000] {dagbag.py:541} INFO - Filling up the DagBag from /home/airflow/.local/lib/python3.7/site-packages/airflow/example_dags/example_branch_day_of_week_operator.py
[2023-05-08T22:31:37.852+0000] {processor.py:809} INFO - DAG(s) dict_keys(['example_weekday_branch_operator']) retrieved from /home/airflow/.local/lib/python3.7/site-packages/airflow/example_dags/example_branch_day_of_week_operator.py
[2023-05-08T22:31:37.881+0000] {logging_mixin.py:149} INFO - [2023-05-08T22:31:37.881+0000] {dag.py:2726} INFO - Sync 1 DAGs
[2023-05-08T22:31:37.904+0000] {logging_mixin.py:149} INFO - [2023-05-08T22:31:37.904+0000] {dag.py:3490} INFO - Setting next_dagrun for example_weekday_branch_operator to 2023-05-07T00:00:00+00:00, run_after=2023-05-08T00:00:00+00:00
[2023-05-08T22:31:37.918+0000] {processor.py:178} INFO - Processing /home/airflow/.local/lib/python3.7/site-packages/airflow/example_dags/example_branch_day_of_week_operator.py took 0.079 seconds
[2023-05-08T22:32:08.439+0000] {processor.py:156} INFO - Started process (PID=733) to work on /home/airflow/.local/lib/python3.7/site-packages/airflow/example_dags/example_branch_day_of_week_operator.py
[2023-05-08T22:32:08.440+0000] {processor.py:799} INFO - Processing file /home/airflow/.local/lib/python3.7/site-packages/airflow/example_dags/example_branch_day_of_week_operator.py for tasks to queue
[2023-05-08T22:32:08.441+0000] {logging_mixin.py:149} INFO - [2023-05-08T22:32:08.441+0000] {dagbag.py:541} INFO - Filling up the DagBag from /home/airflow/.local/lib/python3.7/site-packages/airflow/example_dags/example_branch_day_of_week_operator.py
[2023-05-08T22:32:08.449+0000] {processor.py:809} INFO - DAG(s) dict_keys(['example_weekday_branch_operator']) retrieved from /home/airflow/.local/lib/python3.7/site-packages/airflow/example_dags/example_branch_day_of_week_operator.py
[2023-05-08T22:32:08.495+0000] {logging_mixin.py:149} INFO - [2023-05-08T22:32:08.495+0000] {dag.py:2726} INFO - Sync 1 DAGs
[2023-05-08T22:32:08.524+0000] {logging_mixin.py:149} INFO - [2023-05-08T22:32:08.524+0000] {dag.py:3490} INFO - Setting next_dagrun for example_weekday_branch_operator to 2023-05-07T00:00:00+00:00, run_after=2023-05-08T00:00:00+00:00
[2023-05-08T22:32:08.541+0000] {processor.py:178} INFO - Processing /home/airflow/.local/lib/python3.7/site-packages/airflow/example_dags/example_branch_day_of_week_operator.py took 0.105 seconds
[2023-05-08T22:32:39.282+0000] {processor.py:156} INFO - Started process (PID=790) to work on /home/airflow/.local/lib/python3.7/site-packages/airflow/example_dags/example_branch_day_of_week_operator.py
[2023-05-08T22:32:39.283+0000] {processor.py:799} INFO - Processing file /home/airflow/.local/lib/python3.7/site-packages/airflow/example_dags/example_branch_day_of_week_operator.py for tasks to queue
[2023-05-08T22:32:39.284+0000] {logging_mixin.py:149} INFO - [2023-05-08T22:32:39.284+0000] {dagbag.py:541} INFO - Filling up the DagBag from /home/airflow/.local/lib/python3.7/site-packages/airflow/example_dags/example_branch_day_of_week_operator.py
[2023-05-08T22:32:39.289+0000] {processor.py:809} INFO - DAG(s) dict_keys(['example_weekday_branch_operator']) retrieved from /home/airflow/.local/lib/python3.7/site-packages/airflow/example_dags/example_branch_day_of_week_operator.py
[2023-05-08T22:32:39.322+0000] {logging_mixin.py:149} INFO - [2023-05-08T22:32:39.322+0000] {dag.py:2726} INFO - Sync 1 DAGs
[2023-05-08T22:32:39.350+0000] {logging_mixin.py:149} INFO - [2023-05-08T22:32:39.350+0000] {dag.py:3490} INFO - Setting next_dagrun for example_weekday_branch_operator to 2023-05-07T00:00:00+00:00, run_after=2023-05-08T00:00:00+00:00
[2023-05-08T22:32:39.367+0000] {processor.py:178} INFO - Processing /home/airflow/.local/lib/python3.7/site-packages/airflow/example_dags/example_branch_day_of_week_operator.py took 0.088 seconds
[2023-05-08T22:33:10.145+0000] {processor.py:156} INFO - Started process (PID=847) to work on /home/airflow/.local/lib/python3.7/site-packages/airflow/example_dags/example_branch_day_of_week_operator.py
[2023-05-08T22:33:10.148+0000] {processor.py:799} INFO - Processing file /home/airflow/.local/lib/python3.7/site-packages/airflow/example_dags/example_branch_day_of_week_operator.py for tasks to queue
[2023-05-08T22:33:10.149+0000] {logging_mixin.py:149} INFO - [2023-05-08T22:33:10.149+0000] {dagbag.py:541} INFO - Filling up the DagBag from /home/airflow/.local/lib/python3.7/site-packages/airflow/example_dags/example_branch_day_of_week_operator.py
[2023-05-08T22:33:10.162+0000] {processor.py:809} INFO - DAG(s) dict_keys(['example_weekday_branch_operator']) retrieved from /home/airflow/.local/lib/python3.7/site-packages/airflow/example_dags/example_branch_day_of_week_operator.py
[2023-05-08T22:33:10.229+0000] {logging_mixin.py:149} INFO - [2023-05-08T22:33:10.228+0000] {dag.py:2726} INFO - Sync 1 DAGs
[2023-05-08T22:33:10.299+0000] {logging_mixin.py:149} INFO - [2023-05-08T22:33:10.299+0000] {dag.py:3490} INFO - Setting next_dagrun for example_weekday_branch_operator to 2023-05-07T00:00:00+00:00, run_after=2023-05-08T00:00:00+00:00
[2023-05-08T22:33:10.362+0000] {processor.py:178} INFO - Processing /home/airflow/.local/lib/python3.7/site-packages/airflow/example_dags/example_branch_day_of_week_operator.py took 0.230 seconds
[2023-05-08T22:33:40.464+0000] {processor.py:156} INFO - Started process (PID=903) to work on /home/airflow/.local/lib/python3.7/site-packages/airflow/example_dags/example_branch_day_of_week_operator.py
[2023-05-08T22:33:40.466+0000] {processor.py:799} INFO - Processing file /home/airflow/.local/lib/python3.7/site-packages/airflow/example_dags/example_branch_day_of_week_operator.py for tasks to queue
[2023-05-08T22:33:40.467+0000] {logging_mixin.py:149} INFO - [2023-05-08T22:33:40.467+0000] {dagbag.py:541} INFO - Filling up the DagBag from /home/airflow/.local/lib/python3.7/site-packages/airflow/example_dags/example_branch_day_of_week_operator.py
[2023-05-08T22:33:40.477+0000] {processor.py:809} INFO - DAG(s) dict_keys(['example_weekday_branch_operator']) retrieved from /home/airflow/.local/lib/python3.7/site-packages/airflow/example_dags/example_branch_day_of_week_operator.py
[2023-05-08T22:33:40.506+0000] {logging_mixin.py:149} INFO - [2023-05-08T22:33:40.506+0000] {dag.py:2726} INFO - Sync 1 DAGs
[2023-05-08T22:33:40.526+0000] {logging_mixin.py:149} INFO - [2023-05-08T22:33:40.526+0000] {dag.py:3490} INFO - Setting next_dagrun for example_weekday_branch_operator to 2023-05-07T00:00:00+00:00, run_after=2023-05-08T00:00:00+00:00
[2023-05-08T22:33:40.540+0000] {processor.py:178} INFO - Processing /home/airflow/.local/lib/python3.7/site-packages/airflow/example_dags/example_branch_day_of_week_operator.py took 0.082 seconds
[2023-05-08T22:34:11.026+0000] {processor.py:156} INFO - Started process (PID=960) to work on /home/airflow/.local/lib/python3.7/site-packages/airflow/example_dags/example_branch_day_of_week_operator.py
[2023-05-08T22:34:11.027+0000] {processor.py:799} INFO - Processing file /home/airflow/.local/lib/python3.7/site-packages/airflow/example_dags/example_branch_day_of_week_operator.py for tasks to queue
[2023-05-08T22:34:11.028+0000] {logging_mixin.py:149} INFO - [2023-05-08T22:34:11.028+0000] {dagbag.py:541} INFO - Filling up the DagBag from /home/airflow/.local/lib/python3.7/site-packages/airflow/example_dags/example_branch_day_of_week_operator.py
[2023-05-08T22:34:11.037+0000] {processor.py:809} INFO - DAG(s) dict_keys(['example_weekday_branch_operator']) retrieved from /home/airflow/.local/lib/python3.7/site-packages/airflow/example_dags/example_branch_day_of_week_operator.py
[2023-05-08T22:34:11.063+0000] {logging_mixin.py:149} INFO - [2023-05-08T22:34:11.063+0000] {dag.py:2726} INFO - Sync 1 DAGs
[2023-05-08T22:34:11.092+0000] {logging_mixin.py:149} INFO - [2023-05-08T22:34:11.092+0000] {dag.py:3490} INFO - Setting next_dagrun for example_weekday_branch_operator to 2023-05-07T00:00:00+00:00, run_after=2023-05-08T00:00:00+00:00
[2023-05-08T22:34:11.111+0000] {processor.py:178} INFO - Processing /home/airflow/.local/lib/python3.7/site-packages/airflow/example_dags/example_branch_day_of_week_operator.py took 0.090 seconds
[2023-05-08T22:34:41.169+0000] {processor.py:156} INFO - Started process (PID=1018) to work on /home/airflow/.local/lib/python3.7/site-packages/airflow/example_dags/example_branch_day_of_week_operator.py
[2023-05-08T22:34:41.170+0000] {processor.py:799} INFO - Processing file /home/airflow/.local/lib/python3.7/site-packages/airflow/example_dags/example_branch_day_of_week_operator.py for tasks to queue
[2023-05-08T22:34:41.171+0000] {logging_mixin.py:149} INFO - [2023-05-08T22:34:41.171+0000] {dagbag.py:541} INFO - Filling up the DagBag from /home/airflow/.local/lib/python3.7/site-packages/airflow/example_dags/example_branch_day_of_week_operator.py
[2023-05-08T22:34:41.178+0000] {processor.py:809} INFO - DAG(s) dict_keys(['example_weekday_branch_operator']) retrieved from /home/airflow/.local/lib/python3.7/site-packages/airflow/example_dags/example_branch_day_of_week_operator.py
[2023-05-08T22:34:41.203+0000] {logging_mixin.py:149} INFO - [2023-05-08T22:34:41.203+0000] {dag.py:2726} INFO - Sync 1 DAGs
[2023-05-08T22:34:41.222+0000] {logging_mixin.py:149} INFO - [2023-05-08T22:34:41.222+0000] {dag.py:3490} INFO - Setting next_dagrun for example_weekday_branch_operator to 2023-05-07T00:00:00+00:00, run_after=2023-05-08T00:00:00+00:00
[2023-05-08T22:34:41.235+0000] {processor.py:178} INFO - Processing /home/airflow/.local/lib/python3.7/site-packages/airflow/example_dags/example_branch_day_of_week_operator.py took 0.070 seconds
[2023-05-08T22:35:11.346+0000] {processor.py:156} INFO - Started process (PID=1074) to work on /home/airflow/.local/lib/python3.7/site-packages/airflow/example_dags/example_branch_day_of_week_operator.py
[2023-05-08T22:35:11.348+0000] {processor.py:799} INFO - Processing file /home/airflow/.local/lib/python3.7/site-packages/airflow/example_dags/example_branch_day_of_week_operator.py for tasks to queue
[2023-05-08T22:35:11.349+0000] {logging_mixin.py:149} INFO - [2023-05-08T22:35:11.349+0000] {dagbag.py:541} INFO - Filling up the DagBag from /home/airflow/.local/lib/python3.7/site-packages/airflow/example_dags/example_branch_day_of_week_operator.py
[2023-05-08T22:35:11.355+0000] {processor.py:809} INFO - DAG(s) dict_keys(['example_weekday_branch_operator']) retrieved from /home/airflow/.local/lib/python3.7/site-packages/airflow/example_dags/example_branch_day_of_week_operator.py
[2023-05-08T22:35:11.377+0000] {logging_mixin.py:149} INFO - [2023-05-08T22:35:11.376+0000] {dag.py:2726} INFO - Sync 1 DAGs
[2023-05-08T22:35:11.397+0000] {logging_mixin.py:149} INFO - [2023-05-08T22:35:11.397+0000] {dag.py:3490} INFO - Setting next_dagrun for example_weekday_branch_operator to 2023-05-07T00:00:00+00:00, run_after=2023-05-08T00:00:00+00:00
[2023-05-08T22:35:11.411+0000] {processor.py:178} INFO - Processing /home/airflow/.local/lib/python3.7/site-packages/airflow/example_dags/example_branch_day_of_week_operator.py took 0.068 seconds
