[2023-05-08T20:36:10.331+0000] {processor.py:156} INFO - Started process (PID=41) to work on /home/airflow/.local/lib/python3.7/site-packages/airflow/example_dags/example_latest_only.py
[2023-05-08T20:36:10.335+0000] {processor.py:799} INFO - Processing file /home/airflow/.local/lib/python3.7/site-packages/airflow/example_dags/example_latest_only.py for tasks to queue
[2023-05-08T20:36:10.342+0000] {logging_mixin.py:149} INFO - [2023-05-08T20:36:10.342+0000] {dagbag.py:541} INFO - Filling up the DagBag from /home/airflow/.local/lib/python3.7/site-packages/airflow/example_dags/example_latest_only.py
[2023-05-08T20:36:10.361+0000] {processor.py:809} INFO - DAG(s) dict_keys(['latest_only']) retrieved from /home/airflow/.local/lib/python3.7/site-packages/airflow/example_dags/example_latest_only.py
[2023-05-08T20:36:10.410+0000] {logging_mixin.py:149} INFO - [2023-05-08T20:36:10.410+0000] {dag.py:2726} INFO - Sync 1 DAGs
[2023-05-08T20:36:10.464+0000] {logging_mixin.py:149} INFO - [2023-05-08T20:36:10.464+0000] {dag.py:3490} INFO - Setting next_dagrun for latest_only to 2023-05-08T16:36:10.463370+00:00, run_after=2023-05-08T20:36:10.463370+00:00
[2023-05-08T20:36:10.509+0000] {processor.py:178} INFO - Processing /home/airflow/.local/lib/python3.7/site-packages/airflow/example_dags/example_latest_only.py took 0.183 seconds
[2023-05-08T20:36:40.583+0000] {processor.py:156} INFO - Started process (PID=97) to work on /home/airflow/.local/lib/python3.7/site-packages/airflow/example_dags/example_latest_only.py
[2023-05-08T20:36:40.584+0000] {processor.py:799} INFO - Processing file /home/airflow/.local/lib/python3.7/site-packages/airflow/example_dags/example_latest_only.py for tasks to queue
[2023-05-08T20:36:40.585+0000] {logging_mixin.py:149} INFO - [2023-05-08T20:36:40.585+0000] {dagbag.py:541} INFO - Filling up the DagBag from /home/airflow/.local/lib/python3.7/site-packages/airflow/example_dags/example_latest_only.py
[2023-05-08T20:36:40.589+0000] {processor.py:809} INFO - DAG(s) dict_keys(['latest_only']) retrieved from /home/airflow/.local/lib/python3.7/site-packages/airflow/example_dags/example_latest_only.py
[2023-05-08T20:36:40.613+0000] {logging_mixin.py:149} INFO - [2023-05-08T20:36:40.613+0000] {dag.py:2726} INFO - Sync 1 DAGs
[2023-05-08T20:36:40.654+0000] {logging_mixin.py:149} INFO - [2023-05-08T20:36:40.654+0000] {dag.py:3490} INFO - Setting next_dagrun for latest_only to 2023-05-08T16:36:40.654252+00:00, run_after=2023-05-08T20:36:40.654252+00:00
[2023-05-08T20:36:40.683+0000] {processor.py:178} INFO - Processing /home/airflow/.local/lib/python3.7/site-packages/airflow/example_dags/example_latest_only.py took 0.102 seconds
[2023-05-08T20:37:10.942+0000] {processor.py:156} INFO - Started process (PID=153) to work on /home/airflow/.local/lib/python3.7/site-packages/airflow/example_dags/example_latest_only.py
[2023-05-08T20:37:10.943+0000] {processor.py:799} INFO - Processing file /home/airflow/.local/lib/python3.7/site-packages/airflow/example_dags/example_latest_only.py for tasks to queue
[2023-05-08T20:37:10.944+0000] {logging_mixin.py:149} INFO - [2023-05-08T20:37:10.944+0000] {dagbag.py:541} INFO - Filling up the DagBag from /home/airflow/.local/lib/python3.7/site-packages/airflow/example_dags/example_latest_only.py
[2023-05-08T20:37:10.950+0000] {processor.py:809} INFO - DAG(s) dict_keys(['latest_only']) retrieved from /home/airflow/.local/lib/python3.7/site-packages/airflow/example_dags/example_latest_only.py
[2023-05-08T20:37:10.973+0000] {logging_mixin.py:149} INFO - [2023-05-08T20:37:10.973+0000] {dag.py:2726} INFO - Sync 1 DAGs
[2023-05-08T20:37:11.000+0000] {logging_mixin.py:149} INFO - [2023-05-08T20:37:11.000+0000] {dag.py:3490} INFO - Setting next_dagrun for latest_only to 2023-05-08T16:37:10.999977+00:00, run_after=2023-05-08T20:37:10.999977+00:00
[2023-05-08T20:37:11.016+0000] {processor.py:178} INFO - Processing /home/airflow/.local/lib/python3.7/site-packages/airflow/example_dags/example_latest_only.py took 0.076 seconds
[2023-05-08T20:37:41.798+0000] {processor.py:156} INFO - Started process (PID=209) to work on /home/airflow/.local/lib/python3.7/site-packages/airflow/example_dags/example_latest_only.py
[2023-05-08T20:37:41.799+0000] {processor.py:799} INFO - Processing file /home/airflow/.local/lib/python3.7/site-packages/airflow/example_dags/example_latest_only.py for tasks to queue
[2023-05-08T20:37:41.800+0000] {logging_mixin.py:149} INFO - [2023-05-08T20:37:41.800+0000] {dagbag.py:541} INFO - Filling up the DagBag from /home/airflow/.local/lib/python3.7/site-packages/airflow/example_dags/example_latest_only.py
[2023-05-08T20:37:41.804+0000] {processor.py:809} INFO - DAG(s) dict_keys(['latest_only']) retrieved from /home/airflow/.local/lib/python3.7/site-packages/airflow/example_dags/example_latest_only.py
[2023-05-08T20:37:41.827+0000] {logging_mixin.py:149} INFO - [2023-05-08T20:37:41.827+0000] {dag.py:2726} INFO - Sync 1 DAGs
[2023-05-08T20:37:41.852+0000] {logging_mixin.py:149} INFO - [2023-05-08T20:37:41.852+0000] {dag.py:3490} INFO - Setting next_dagrun for latest_only to 2023-05-08T16:37:41.852021+00:00, run_after=2023-05-08T20:37:41.852021+00:00
[2023-05-08T20:37:41.867+0000] {processor.py:178} INFO - Processing /home/airflow/.local/lib/python3.7/site-packages/airflow/example_dags/example_latest_only.py took 0.071 seconds
[2023-05-08T20:38:12.553+0000] {processor.py:156} INFO - Started process (PID=266) to work on /home/airflow/.local/lib/python3.7/site-packages/airflow/example_dags/example_latest_only.py
[2023-05-08T20:38:12.554+0000] {processor.py:799} INFO - Processing file /home/airflow/.local/lib/python3.7/site-packages/airflow/example_dags/example_latest_only.py for tasks to queue
[2023-05-08T20:38:12.555+0000] {logging_mixin.py:149} INFO - [2023-05-08T20:38:12.555+0000] {dagbag.py:541} INFO - Filling up the DagBag from /home/airflow/.local/lib/python3.7/site-packages/airflow/example_dags/example_latest_only.py
[2023-05-08T20:38:12.560+0000] {processor.py:809} INFO - DAG(s) dict_keys(['latest_only']) retrieved from /home/airflow/.local/lib/python3.7/site-packages/airflow/example_dags/example_latest_only.py
[2023-05-08T20:38:12.584+0000] {logging_mixin.py:149} INFO - [2023-05-08T20:38:12.584+0000] {dag.py:2726} INFO - Sync 1 DAGs
[2023-05-08T20:38:12.604+0000] {logging_mixin.py:149} INFO - [2023-05-08T20:38:12.604+0000] {dag.py:3490} INFO - Setting next_dagrun for latest_only to 2023-05-08T16:38:12.604571+00:00, run_after=2023-05-08T20:38:12.604571+00:00
[2023-05-08T20:38:12.618+0000] {processor.py:178} INFO - Processing /home/airflow/.local/lib/python3.7/site-packages/airflow/example_dags/example_latest_only.py took 0.068 seconds
[2023-05-08T20:38:43.243+0000] {processor.py:156} INFO - Started process (PID=322) to work on /home/airflow/.local/lib/python3.7/site-packages/airflow/example_dags/example_latest_only.py
[2023-05-08T20:38:43.244+0000] {processor.py:799} INFO - Processing file /home/airflow/.local/lib/python3.7/site-packages/airflow/example_dags/example_latest_only.py for tasks to queue
[2023-05-08T20:38:43.244+0000] {logging_mixin.py:149} INFO - [2023-05-08T20:38:43.244+0000] {dagbag.py:541} INFO - Filling up the DagBag from /home/airflow/.local/lib/python3.7/site-packages/airflow/example_dags/example_latest_only.py
[2023-05-08T20:38:43.249+0000] {processor.py:809} INFO - DAG(s) dict_keys(['latest_only']) retrieved from /home/airflow/.local/lib/python3.7/site-packages/airflow/example_dags/example_latest_only.py
[2023-05-08T20:38:43.270+0000] {logging_mixin.py:149} INFO - [2023-05-08T20:38:43.270+0000] {dag.py:2726} INFO - Sync 1 DAGs
[2023-05-08T20:38:43.289+0000] {logging_mixin.py:149} INFO - [2023-05-08T20:38:43.289+0000] {dag.py:3490} INFO - Setting next_dagrun for latest_only to 2023-05-08T16:38:43.289458+00:00, run_after=2023-05-08T20:38:43.289458+00:00
[2023-05-08T20:38:43.302+0000] {processor.py:178} INFO - Processing /home/airflow/.local/lib/python3.7/site-packages/airflow/example_dags/example_latest_only.py took 0.062 seconds
[2023-05-08T20:39:13.838+0000] {processor.py:156} INFO - Started process (PID=378) to work on /home/airflow/.local/lib/python3.7/site-packages/airflow/example_dags/example_latest_only.py
[2023-05-08T20:39:13.840+0000] {processor.py:799} INFO - Processing file /home/airflow/.local/lib/python3.7/site-packages/airflow/example_dags/example_latest_only.py for tasks to queue
[2023-05-08T20:39:13.841+0000] {logging_mixin.py:149} INFO - [2023-05-08T20:39:13.840+0000] {dagbag.py:541} INFO - Filling up the DagBag from /home/airflow/.local/lib/python3.7/site-packages/airflow/example_dags/example_latest_only.py
[2023-05-08T20:39:13.845+0000] {processor.py:809} INFO - DAG(s) dict_keys(['latest_only']) retrieved from /home/airflow/.local/lib/python3.7/site-packages/airflow/example_dags/example_latest_only.py
[2023-05-08T20:39:13.867+0000] {logging_mixin.py:149} INFO - [2023-05-08T20:39:13.867+0000] {dag.py:2726} INFO - Sync 1 DAGs
[2023-05-08T20:39:13.887+0000] {logging_mixin.py:149} INFO - [2023-05-08T20:39:13.887+0000] {dag.py:3490} INFO - Setting next_dagrun for latest_only to 2023-05-08T16:39:13.887331+00:00, run_after=2023-05-08T20:39:13.887331+00:00
[2023-05-08T20:39:13.901+0000] {processor.py:178} INFO - Processing /home/airflow/.local/lib/python3.7/site-packages/airflow/example_dags/example_latest_only.py took 0.066 seconds
[2023-05-08T20:39:44.381+0000] {processor.py:156} INFO - Started process (PID=433) to work on /home/airflow/.local/lib/python3.7/site-packages/airflow/example_dags/example_latest_only.py
[2023-05-08T20:39:44.382+0000] {processor.py:799} INFO - Processing file /home/airflow/.local/lib/python3.7/site-packages/airflow/example_dags/example_latest_only.py for tasks to queue
[2023-05-08T20:39:44.383+0000] {logging_mixin.py:149} INFO - [2023-05-08T20:39:44.383+0000] {dagbag.py:541} INFO - Filling up the DagBag from /home/airflow/.local/lib/python3.7/site-packages/airflow/example_dags/example_latest_only.py
[2023-05-08T20:39:44.388+0000] {processor.py:809} INFO - DAG(s) dict_keys(['latest_only']) retrieved from /home/airflow/.local/lib/python3.7/site-packages/airflow/example_dags/example_latest_only.py
[2023-05-08T20:39:44.417+0000] {logging_mixin.py:149} INFO - [2023-05-08T20:39:44.417+0000] {dag.py:2726} INFO - Sync 1 DAGs
[2023-05-08T20:39:44.438+0000] {logging_mixin.py:149} INFO - [2023-05-08T20:39:44.438+0000] {dag.py:3490} INFO - Setting next_dagrun for latest_only to 2023-05-08T16:39:44.437992+00:00, run_after=2023-05-08T20:39:44.437992+00:00
[2023-05-08T20:39:44.451+0000] {processor.py:178} INFO - Processing /home/airflow/.local/lib/python3.7/site-packages/airflow/example_dags/example_latest_only.py took 0.072 seconds
[2023-05-08T22:15:45.694+0000] {processor.py:156} INFO - Started process (PID=41) to work on /home/airflow/.local/lib/python3.7/site-packages/airflow/example_dags/example_latest_only.py
[2023-05-08T22:15:45.696+0000] {processor.py:799} INFO - Processing file /home/airflow/.local/lib/python3.7/site-packages/airflow/example_dags/example_latest_only.py for tasks to queue
[2023-05-08T22:15:45.697+0000] {logging_mixin.py:149} INFO - [2023-05-08T22:15:45.697+0000] {dagbag.py:541} INFO - Filling up the DagBag from /home/airflow/.local/lib/python3.7/site-packages/airflow/example_dags/example_latest_only.py
[2023-05-08T22:15:45.705+0000] {processor.py:809} INFO - DAG(s) dict_keys(['latest_only']) retrieved from /home/airflow/.local/lib/python3.7/site-packages/airflow/example_dags/example_latest_only.py
[2023-05-08T22:15:45.728+0000] {logging_mixin.py:149} INFO - [2023-05-08T22:15:45.728+0000] {dag.py:2726} INFO - Sync 1 DAGs
[2023-05-08T22:15:45.757+0000] {logging_mixin.py:149} INFO - [2023-05-08T22:15:45.757+0000] {dag.py:3490} INFO - Setting next_dagrun for latest_only to 2023-05-08T18:15:45.756885+00:00, run_after=2023-05-08T22:15:45.756885+00:00
[2023-05-08T22:15:45.801+0000] {processor.py:178} INFO - Processing /home/airflow/.local/lib/python3.7/site-packages/airflow/example_dags/example_latest_only.py took 0.110 seconds
[2023-05-08T22:16:15.821+0000] {processor.py:156} INFO - Started process (PID=98) to work on /home/airflow/.local/lib/python3.7/site-packages/airflow/example_dags/example_latest_only.py
[2023-05-08T22:16:15.822+0000] {processor.py:799} INFO - Processing file /home/airflow/.local/lib/python3.7/site-packages/airflow/example_dags/example_latest_only.py for tasks to queue
[2023-05-08T22:16:15.822+0000] {logging_mixin.py:149} INFO - [2023-05-08T22:16:15.822+0000] {dagbag.py:541} INFO - Filling up the DagBag from /home/airflow/.local/lib/python3.7/site-packages/airflow/example_dags/example_latest_only.py
[2023-05-08T22:16:15.827+0000] {processor.py:809} INFO - DAG(s) dict_keys(['latest_only']) retrieved from /home/airflow/.local/lib/python3.7/site-packages/airflow/example_dags/example_latest_only.py
[2023-05-08T22:16:15.849+0000] {logging_mixin.py:149} INFO - [2023-05-08T22:16:15.849+0000] {dag.py:2726} INFO - Sync 1 DAGs
[2023-05-08T22:16:15.869+0000] {logging_mixin.py:149} INFO - [2023-05-08T22:16:15.869+0000] {dag.py:3490} INFO - Setting next_dagrun for latest_only to 2023-05-08T18:16:15.869197+00:00, run_after=2023-05-08T22:16:15.869197+00:00
[2023-05-08T22:16:15.884+0000] {processor.py:178} INFO - Processing /home/airflow/.local/lib/python3.7/site-packages/airflow/example_dags/example_latest_only.py took 0.066 seconds
[2023-05-08T22:16:46.021+0000] {processor.py:156} INFO - Started process (PID=155) to work on /home/airflow/.local/lib/python3.7/site-packages/airflow/example_dags/example_latest_only.py
[2023-05-08T22:16:46.022+0000] {processor.py:799} INFO - Processing file /home/airflow/.local/lib/python3.7/site-packages/airflow/example_dags/example_latest_only.py for tasks to queue
[2023-05-08T22:16:46.023+0000] {logging_mixin.py:149} INFO - [2023-05-08T22:16:46.023+0000] {dagbag.py:541} INFO - Filling up the DagBag from /home/airflow/.local/lib/python3.7/site-packages/airflow/example_dags/example_latest_only.py
[2023-05-08T22:16:46.027+0000] {processor.py:809} INFO - DAG(s) dict_keys(['latest_only']) retrieved from /home/airflow/.local/lib/python3.7/site-packages/airflow/example_dags/example_latest_only.py
[2023-05-08T22:16:46.050+0000] {logging_mixin.py:149} INFO - [2023-05-08T22:16:46.050+0000] {dag.py:2726} INFO - Sync 1 DAGs
[2023-05-08T22:16:46.072+0000] {logging_mixin.py:149} INFO - [2023-05-08T22:16:46.072+0000] {dag.py:3490} INFO - Setting next_dagrun for latest_only to 2023-05-08T18:16:46.072112+00:00, run_after=2023-05-08T22:16:46.072112+00:00
[2023-05-08T22:16:46.086+0000] {processor.py:178} INFO - Processing /home/airflow/.local/lib/python3.7/site-packages/airflow/example_dags/example_latest_only.py took 0.067 seconds
[2023-05-08T22:17:16.946+0000] {processor.py:156} INFO - Started process (PID=212) to work on /home/airflow/.local/lib/python3.7/site-packages/airflow/example_dags/example_latest_only.py
[2023-05-08T22:17:16.947+0000] {processor.py:799} INFO - Processing file /home/airflow/.local/lib/python3.7/site-packages/airflow/example_dags/example_latest_only.py for tasks to queue
[2023-05-08T22:17:16.947+0000] {logging_mixin.py:149} INFO - [2023-05-08T22:17:16.947+0000] {dagbag.py:541} INFO - Filling up the DagBag from /home/airflow/.local/lib/python3.7/site-packages/airflow/example_dags/example_latest_only.py
[2023-05-08T22:17:16.951+0000] {processor.py:809} INFO - DAG(s) dict_keys(['latest_only']) retrieved from /home/airflow/.local/lib/python3.7/site-packages/airflow/example_dags/example_latest_only.py
[2023-05-08T22:17:16.970+0000] {logging_mixin.py:149} INFO - [2023-05-08T22:17:16.970+0000] {dag.py:2726} INFO - Sync 1 DAGs
[2023-05-08T22:17:16.989+0000] {logging_mixin.py:149} INFO - [2023-05-08T22:17:16.989+0000] {dag.py:3490} INFO - Setting next_dagrun for latest_only to 2023-05-08T18:17:16.989456+00:00, run_after=2023-05-08T22:17:16.989456+00:00
[2023-05-08T22:17:17.002+0000] {processor.py:178} INFO - Processing /home/airflow/.local/lib/python3.7/site-packages/airflow/example_dags/example_latest_only.py took 0.059 seconds
[2023-05-08T22:17:47.879+0000] {processor.py:156} INFO - Started process (PID=269) to work on /home/airflow/.local/lib/python3.7/site-packages/airflow/example_dags/example_latest_only.py
[2023-05-08T22:17:47.880+0000] {processor.py:799} INFO - Processing file /home/airflow/.local/lib/python3.7/site-packages/airflow/example_dags/example_latest_only.py for tasks to queue
[2023-05-08T22:17:47.881+0000] {logging_mixin.py:149} INFO - [2023-05-08T22:17:47.881+0000] {dagbag.py:541} INFO - Filling up the DagBag from /home/airflow/.local/lib/python3.7/site-packages/airflow/example_dags/example_latest_only.py
[2023-05-08T22:17:47.885+0000] {processor.py:809} INFO - DAG(s) dict_keys(['latest_only']) retrieved from /home/airflow/.local/lib/python3.7/site-packages/airflow/example_dags/example_latest_only.py
[2023-05-08T22:17:47.909+0000] {logging_mixin.py:149} INFO - [2023-05-08T22:17:47.909+0000] {dag.py:2726} INFO - Sync 1 DAGs
[2023-05-08T22:17:47.930+0000] {logging_mixin.py:149} INFO - [2023-05-08T22:17:47.930+0000] {dag.py:3490} INFO - Setting next_dagrun for latest_only to 2023-05-08T18:17:47.930456+00:00, run_after=2023-05-08T22:17:47.930456+00:00
[2023-05-08T22:17:47.943+0000] {processor.py:178} INFO - Processing /home/airflow/.local/lib/python3.7/site-packages/airflow/example_dags/example_latest_only.py took 0.066 seconds
[2023-05-08T22:18:18.595+0000] {processor.py:156} INFO - Started process (PID=326) to work on /home/airflow/.local/lib/python3.7/site-packages/airflow/example_dags/example_latest_only.py
[2023-05-08T22:18:18.596+0000] {processor.py:799} INFO - Processing file /home/airflow/.local/lib/python3.7/site-packages/airflow/example_dags/example_latest_only.py for tasks to queue
[2023-05-08T22:18:18.597+0000] {logging_mixin.py:149} INFO - [2023-05-08T22:18:18.597+0000] {dagbag.py:541} INFO - Filling up the DagBag from /home/airflow/.local/lib/python3.7/site-packages/airflow/example_dags/example_latest_only.py
[2023-05-08T22:18:18.602+0000] {processor.py:809} INFO - DAG(s) dict_keys(['latest_only']) retrieved from /home/airflow/.local/lib/python3.7/site-packages/airflow/example_dags/example_latest_only.py
[2023-05-08T22:18:18.633+0000] {logging_mixin.py:149} INFO - [2023-05-08T22:18:18.633+0000] {dag.py:2726} INFO - Sync 1 DAGs
[2023-05-08T22:18:18.658+0000] {logging_mixin.py:149} INFO - [2023-05-08T22:18:18.658+0000] {dag.py:3490} INFO - Setting next_dagrun for latest_only to 2023-05-08T18:18:18.658421+00:00, run_after=2023-05-08T22:18:18.658421+00:00
[2023-05-08T22:18:18.673+0000] {processor.py:178} INFO - Processing /home/airflow/.local/lib/python3.7/site-packages/airflow/example_dags/example_latest_only.py took 0.080 seconds
[2023-05-08T22:18:49.735+0000] {processor.py:156} INFO - Started process (PID=383) to work on /home/airflow/.local/lib/python3.7/site-packages/airflow/example_dags/example_latest_only.py
[2023-05-08T22:18:49.737+0000] {processor.py:799} INFO - Processing file /home/airflow/.local/lib/python3.7/site-packages/airflow/example_dags/example_latest_only.py for tasks to queue
[2023-05-08T22:18:49.738+0000] {logging_mixin.py:149} INFO - [2023-05-08T22:18:49.738+0000] {dagbag.py:541} INFO - Filling up the DagBag from /home/airflow/.local/lib/python3.7/site-packages/airflow/example_dags/example_latest_only.py
[2023-05-08T22:18:49.745+0000] {processor.py:809} INFO - DAG(s) dict_keys(['latest_only']) retrieved from /home/airflow/.local/lib/python3.7/site-packages/airflow/example_dags/example_latest_only.py
[2023-05-08T22:18:49.773+0000] {logging_mixin.py:149} INFO - [2023-05-08T22:18:49.773+0000] {dag.py:2726} INFO - Sync 1 DAGs
[2023-05-08T22:18:49.800+0000] {logging_mixin.py:149} INFO - [2023-05-08T22:18:49.800+0000] {dag.py:3490} INFO - Setting next_dagrun for latest_only to 2023-05-08T18:18:49.800288+00:00, run_after=2023-05-08T22:18:49.800288+00:00
[2023-05-08T22:18:49.816+0000] {processor.py:178} INFO - Processing /home/airflow/.local/lib/python3.7/site-packages/airflow/example_dags/example_latest_only.py took 0.085 seconds
[2023-05-08T22:19:20.615+0000] {processor.py:156} INFO - Started process (PID=440) to work on /home/airflow/.local/lib/python3.7/site-packages/airflow/example_dags/example_latest_only.py
[2023-05-08T22:19:20.618+0000] {processor.py:799} INFO - Processing file /home/airflow/.local/lib/python3.7/site-packages/airflow/example_dags/example_latest_only.py for tasks to queue
[2023-05-08T22:19:20.619+0000] {logging_mixin.py:149} INFO - [2023-05-08T22:19:20.619+0000] {dagbag.py:541} INFO - Filling up the DagBag from /home/airflow/.local/lib/python3.7/site-packages/airflow/example_dags/example_latest_only.py
[2023-05-08T22:19:20.625+0000] {processor.py:809} INFO - DAG(s) dict_keys(['latest_only']) retrieved from /home/airflow/.local/lib/python3.7/site-packages/airflow/example_dags/example_latest_only.py
[2023-05-08T22:19:20.649+0000] {logging_mixin.py:149} INFO - [2023-05-08T22:19:20.649+0000] {dag.py:2726} INFO - Sync 1 DAGs
[2023-05-08T22:19:20.670+0000] {logging_mixin.py:149} INFO - [2023-05-08T22:19:20.669+0000] {dag.py:3490} INFO - Setting next_dagrun for latest_only to 2023-05-08T18:19:20.669744+00:00, run_after=2023-05-08T22:19:20.669744+00:00
[2023-05-08T22:19:20.683+0000] {processor.py:178} INFO - Processing /home/airflow/.local/lib/python3.7/site-packages/airflow/example_dags/example_latest_only.py took 0.073 seconds
[2023-05-08T22:19:51.383+0000] {processor.py:156} INFO - Started process (PID=497) to work on /home/airflow/.local/lib/python3.7/site-packages/airflow/example_dags/example_latest_only.py
[2023-05-08T22:19:51.384+0000] {processor.py:799} INFO - Processing file /home/airflow/.local/lib/python3.7/site-packages/airflow/example_dags/example_latest_only.py for tasks to queue
[2023-05-08T22:19:51.385+0000] {logging_mixin.py:149} INFO - [2023-05-08T22:19:51.385+0000] {dagbag.py:541} INFO - Filling up the DagBag from /home/airflow/.local/lib/python3.7/site-packages/airflow/example_dags/example_latest_only.py
[2023-05-08T22:19:51.389+0000] {processor.py:809} INFO - DAG(s) dict_keys(['latest_only']) retrieved from /home/airflow/.local/lib/python3.7/site-packages/airflow/example_dags/example_latest_only.py
[2023-05-08T22:19:51.409+0000] {logging_mixin.py:149} INFO - [2023-05-08T22:19:51.409+0000] {dag.py:2726} INFO - Sync 1 DAGs
[2023-05-08T22:19:51.427+0000] {logging_mixin.py:149} INFO - [2023-05-08T22:19:51.427+0000] {dag.py:3490} INFO - Setting next_dagrun for latest_only to 2023-05-08T18:19:51.427674+00:00, run_after=2023-05-08T22:19:51.427674+00:00
[2023-05-08T22:19:51.440+0000] {processor.py:178} INFO - Processing /home/airflow/.local/lib/python3.7/site-packages/airflow/example_dags/example_latest_only.py took 0.059 seconds
[2023-05-08T22:20:22.070+0000] {processor.py:156} INFO - Started process (PID=555) to work on /home/airflow/.local/lib/python3.7/site-packages/airflow/example_dags/example_latest_only.py
[2023-05-08T22:20:22.071+0000] {processor.py:799} INFO - Processing file /home/airflow/.local/lib/python3.7/site-packages/airflow/example_dags/example_latest_only.py for tasks to queue
[2023-05-08T22:20:22.071+0000] {logging_mixin.py:149} INFO - [2023-05-08T22:20:22.071+0000] {dagbag.py:541} INFO - Filling up the DagBag from /home/airflow/.local/lib/python3.7/site-packages/airflow/example_dags/example_latest_only.py
[2023-05-08T22:20:22.075+0000] {processor.py:809} INFO - DAG(s) dict_keys(['latest_only']) retrieved from /home/airflow/.local/lib/python3.7/site-packages/airflow/example_dags/example_latest_only.py
[2023-05-08T22:20:22.100+0000] {logging_mixin.py:149} INFO - [2023-05-08T22:20:22.100+0000] {dag.py:2726} INFO - Sync 1 DAGs
[2023-05-08T22:20:22.120+0000] {logging_mixin.py:149} INFO - [2023-05-08T22:20:22.120+0000] {dag.py:3490} INFO - Setting next_dagrun for latest_only to 2023-05-08T18:20:22.120194+00:00, run_after=2023-05-08T22:20:22.120194+00:00
[2023-05-08T22:20:22.132+0000] {processor.py:178} INFO - Processing /home/airflow/.local/lib/python3.7/site-packages/airflow/example_dags/example_latest_only.py took 0.065 seconds
[2023-05-08T22:20:52.954+0000] {processor.py:156} INFO - Started process (PID=612) to work on /home/airflow/.local/lib/python3.7/site-packages/airflow/example_dags/example_latest_only.py
[2023-05-08T22:20:52.955+0000] {processor.py:799} INFO - Processing file /home/airflow/.local/lib/python3.7/site-packages/airflow/example_dags/example_latest_only.py for tasks to queue
[2023-05-08T22:20:52.956+0000] {logging_mixin.py:149} INFO - [2023-05-08T22:20:52.956+0000] {dagbag.py:541} INFO - Filling up the DagBag from /home/airflow/.local/lib/python3.7/site-packages/airflow/example_dags/example_latest_only.py
[2023-05-08T22:20:52.961+0000] {processor.py:809} INFO - DAG(s) dict_keys(['latest_only']) retrieved from /home/airflow/.local/lib/python3.7/site-packages/airflow/example_dags/example_latest_only.py
[2023-05-08T22:20:52.979+0000] {logging_mixin.py:149} INFO - [2023-05-08T22:20:52.979+0000] {dag.py:2726} INFO - Sync 1 DAGs
[2023-05-08T22:20:52.997+0000] {logging_mixin.py:149} INFO - [2023-05-08T22:20:52.997+0000] {dag.py:3490} INFO - Setting next_dagrun for latest_only to 2023-05-08T18:20:52.997253+00:00, run_after=2023-05-08T22:20:52.997253+00:00
[2023-05-08T22:20:53.009+0000] {processor.py:178} INFO - Processing /home/airflow/.local/lib/python3.7/site-packages/airflow/example_dags/example_latest_only.py took 0.058 seconds
[2023-05-08T22:21:23.789+0000] {processor.py:156} INFO - Started process (PID=669) to work on /home/airflow/.local/lib/python3.7/site-packages/airflow/example_dags/example_latest_only.py
[2023-05-08T22:21:23.790+0000] {processor.py:799} INFO - Processing file /home/airflow/.local/lib/python3.7/site-packages/airflow/example_dags/example_latest_only.py for tasks to queue
[2023-05-08T22:21:23.790+0000] {logging_mixin.py:149} INFO - [2023-05-08T22:21:23.790+0000] {dagbag.py:541} INFO - Filling up the DagBag from /home/airflow/.local/lib/python3.7/site-packages/airflow/example_dags/example_latest_only.py
[2023-05-08T22:21:23.795+0000] {processor.py:809} INFO - DAG(s) dict_keys(['latest_only']) retrieved from /home/airflow/.local/lib/python3.7/site-packages/airflow/example_dags/example_latest_only.py
[2023-05-08T22:21:23.817+0000] {logging_mixin.py:149} INFO - [2023-05-08T22:21:23.817+0000] {dag.py:2726} INFO - Sync 1 DAGs
[2023-05-08T22:21:23.836+0000] {logging_mixin.py:149} INFO - [2023-05-08T22:21:23.836+0000] {dag.py:3490} INFO - Setting next_dagrun for latest_only to 2023-05-08T18:21:23.836519+00:00, run_after=2023-05-08T22:21:23.836519+00:00
[2023-05-08T22:21:23.849+0000] {processor.py:178} INFO - Processing /home/airflow/.local/lib/python3.7/site-packages/airflow/example_dags/example_latest_only.py took 0.062 seconds
[2023-05-08T22:22:07.131+0000] {processor.py:156} INFO - Started process (PID=42) to work on /home/airflow/.local/lib/python3.7/site-packages/airflow/example_dags/example_latest_only.py
[2023-05-08T22:22:07.132+0000] {processor.py:799} INFO - Processing file /home/airflow/.local/lib/python3.7/site-packages/airflow/example_dags/example_latest_only.py for tasks to queue
[2023-05-08T22:22:07.133+0000] {logging_mixin.py:149} INFO - [2023-05-08T22:22:07.133+0000] {dagbag.py:541} INFO - Filling up the DagBag from /home/airflow/.local/lib/python3.7/site-packages/airflow/example_dags/example_latest_only.py
[2023-05-08T22:22:07.141+0000] {processor.py:809} INFO - DAG(s) dict_keys(['latest_only']) retrieved from /home/airflow/.local/lib/python3.7/site-packages/airflow/example_dags/example_latest_only.py
[2023-05-08T22:22:07.161+0000] {logging_mixin.py:149} INFO - [2023-05-08T22:22:07.161+0000] {dag.py:2726} INFO - Sync 1 DAGs
[2023-05-08T22:22:07.189+0000] {logging_mixin.py:149} INFO - [2023-05-08T22:22:07.189+0000] {dag.py:3490} INFO - Setting next_dagrun for latest_only to 2023-05-08T18:22:07.189353+00:00, run_after=2023-05-08T22:22:07.189353+00:00
[2023-05-08T22:22:07.214+0000] {processor.py:178} INFO - Processing /home/airflow/.local/lib/python3.7/site-packages/airflow/example_dags/example_latest_only.py took 0.086 seconds
[2023-05-08T22:22:37.449+0000] {processor.py:156} INFO - Started process (PID=99) to work on /home/airflow/.local/lib/python3.7/site-packages/airflow/example_dags/example_latest_only.py
[2023-05-08T22:22:37.450+0000] {processor.py:799} INFO - Processing file /home/airflow/.local/lib/python3.7/site-packages/airflow/example_dags/example_latest_only.py for tasks to queue
[2023-05-08T22:22:37.451+0000] {logging_mixin.py:149} INFO - [2023-05-08T22:22:37.451+0000] {dagbag.py:541} INFO - Filling up the DagBag from /home/airflow/.local/lib/python3.7/site-packages/airflow/example_dags/example_latest_only.py
[2023-05-08T22:22:37.458+0000] {processor.py:809} INFO - DAG(s) dict_keys(['latest_only']) retrieved from /home/airflow/.local/lib/python3.7/site-packages/airflow/example_dags/example_latest_only.py
[2023-05-08T22:22:37.481+0000] {logging_mixin.py:149} INFO - [2023-05-08T22:22:37.481+0000] {dag.py:2726} INFO - Sync 1 DAGs
[2023-05-08T22:22:37.502+0000] {logging_mixin.py:149} INFO - [2023-05-08T22:22:37.502+0000] {dag.py:3490} INFO - Setting next_dagrun for latest_only to 2023-05-08T18:22:37.502653+00:00, run_after=2023-05-08T22:22:37.502653+00:00
[2023-05-08T22:22:37.515+0000] {processor.py:178} INFO - Processing /home/airflow/.local/lib/python3.7/site-packages/airflow/example_dags/example_latest_only.py took 0.068 seconds
[2023-05-08T22:23:07.640+0000] {processor.py:156} INFO - Started process (PID=156) to work on /home/airflow/.local/lib/python3.7/site-packages/airflow/example_dags/example_latest_only.py
[2023-05-08T22:23:07.641+0000] {processor.py:799} INFO - Processing file /home/airflow/.local/lib/python3.7/site-packages/airflow/example_dags/example_latest_only.py for tasks to queue
[2023-05-08T22:23:07.642+0000] {logging_mixin.py:149} INFO - [2023-05-08T22:23:07.642+0000] {dagbag.py:541} INFO - Filling up the DagBag from /home/airflow/.local/lib/python3.7/site-packages/airflow/example_dags/example_latest_only.py
[2023-05-08T22:23:07.646+0000] {processor.py:809} INFO - DAG(s) dict_keys(['latest_only']) retrieved from /home/airflow/.local/lib/python3.7/site-packages/airflow/example_dags/example_latest_only.py
[2023-05-08T22:23:07.668+0000] {logging_mixin.py:149} INFO - [2023-05-08T22:23:07.668+0000] {dag.py:2726} INFO - Sync 1 DAGs
[2023-05-08T22:23:07.689+0000] {logging_mixin.py:149} INFO - [2023-05-08T22:23:07.689+0000] {dag.py:3490} INFO - Setting next_dagrun for latest_only to 2023-05-08T18:23:07.688904+00:00, run_after=2023-05-08T22:23:07.688904+00:00
[2023-05-08T22:23:07.702+0000] {processor.py:178} INFO - Processing /home/airflow/.local/lib/python3.7/site-packages/airflow/example_dags/example_latest_only.py took 0.064 seconds
[2023-05-08T22:23:38.623+0000] {processor.py:156} INFO - Started process (PID=213) to work on /home/airflow/.local/lib/python3.7/site-packages/airflow/example_dags/example_latest_only.py
[2023-05-08T22:23:38.624+0000] {processor.py:799} INFO - Processing file /home/airflow/.local/lib/python3.7/site-packages/airflow/example_dags/example_latest_only.py for tasks to queue
[2023-05-08T22:23:38.624+0000] {logging_mixin.py:149} INFO - [2023-05-08T22:23:38.624+0000] {dagbag.py:541} INFO - Filling up the DagBag from /home/airflow/.local/lib/python3.7/site-packages/airflow/example_dags/example_latest_only.py
[2023-05-08T22:23:38.629+0000] {processor.py:809} INFO - DAG(s) dict_keys(['latest_only']) retrieved from /home/airflow/.local/lib/python3.7/site-packages/airflow/example_dags/example_latest_only.py
[2023-05-08T22:23:38.650+0000] {logging_mixin.py:149} INFO - [2023-05-08T22:23:38.650+0000] {dag.py:2726} INFO - Sync 1 DAGs
[2023-05-08T22:23:38.671+0000] {logging_mixin.py:149} INFO - [2023-05-08T22:23:38.671+0000] {dag.py:3490} INFO - Setting next_dagrun for latest_only to 2023-05-08T18:23:38.670848+00:00, run_after=2023-05-08T22:23:38.670848+00:00
[2023-05-08T22:23:38.684+0000] {processor.py:178} INFO - Processing /home/airflow/.local/lib/python3.7/site-packages/airflow/example_dags/example_latest_only.py took 0.064 seconds
[2023-05-08T22:24:09.444+0000] {processor.py:156} INFO - Started process (PID=270) to work on /home/airflow/.local/lib/python3.7/site-packages/airflow/example_dags/example_latest_only.py
[2023-05-08T22:24:09.445+0000] {processor.py:799} INFO - Processing file /home/airflow/.local/lib/python3.7/site-packages/airflow/example_dags/example_latest_only.py for tasks to queue
[2023-05-08T22:24:09.445+0000] {logging_mixin.py:149} INFO - [2023-05-08T22:24:09.445+0000] {dagbag.py:541} INFO - Filling up the DagBag from /home/airflow/.local/lib/python3.7/site-packages/airflow/example_dags/example_latest_only.py
[2023-05-08T22:24:09.450+0000] {processor.py:809} INFO - DAG(s) dict_keys(['latest_only']) retrieved from /home/airflow/.local/lib/python3.7/site-packages/airflow/example_dags/example_latest_only.py
[2023-05-08T22:24:09.472+0000] {logging_mixin.py:149} INFO - [2023-05-08T22:24:09.472+0000] {dag.py:2726} INFO - Sync 1 DAGs
[2023-05-08T22:24:09.492+0000] {logging_mixin.py:149} INFO - [2023-05-08T22:24:09.492+0000] {dag.py:3490} INFO - Setting next_dagrun for latest_only to 2023-05-08T18:24:09.491873+00:00, run_after=2023-05-08T22:24:09.491873+00:00
[2023-05-08T22:24:09.505+0000] {processor.py:178} INFO - Processing /home/airflow/.local/lib/python3.7/site-packages/airflow/example_dags/example_latest_only.py took 0.064 seconds
[2023-05-08T22:24:40.197+0000] {processor.py:156} INFO - Started process (PID=327) to work on /home/airflow/.local/lib/python3.7/site-packages/airflow/example_dags/example_latest_only.py
[2023-05-08T22:24:40.198+0000] {processor.py:799} INFO - Processing file /home/airflow/.local/lib/python3.7/site-packages/airflow/example_dags/example_latest_only.py for tasks to queue
[2023-05-08T22:24:40.198+0000] {logging_mixin.py:149} INFO - [2023-05-08T22:24:40.198+0000] {dagbag.py:541} INFO - Filling up the DagBag from /home/airflow/.local/lib/python3.7/site-packages/airflow/example_dags/example_latest_only.py
[2023-05-08T22:24:40.203+0000] {processor.py:809} INFO - DAG(s) dict_keys(['latest_only']) retrieved from /home/airflow/.local/lib/python3.7/site-packages/airflow/example_dags/example_latest_only.py
[2023-05-08T22:24:40.223+0000] {logging_mixin.py:149} INFO - [2023-05-08T22:24:40.223+0000] {dag.py:2726} INFO - Sync 1 DAGs
[2023-05-08T22:24:40.243+0000] {logging_mixin.py:149} INFO - [2023-05-08T22:24:40.243+0000] {dag.py:3490} INFO - Setting next_dagrun for latest_only to 2023-05-08T18:24:40.243612+00:00, run_after=2023-05-08T22:24:40.243612+00:00
[2023-05-08T22:24:40.259+0000] {processor.py:178} INFO - Processing /home/airflow/.local/lib/python3.7/site-packages/airflow/example_dags/example_latest_only.py took 0.065 seconds
[2023-05-08T22:25:10.950+0000] {processor.py:156} INFO - Started process (PID=384) to work on /home/airflow/.local/lib/python3.7/site-packages/airflow/example_dags/example_latest_only.py
[2023-05-08T22:25:10.951+0000] {processor.py:799} INFO - Processing file /home/airflow/.local/lib/python3.7/site-packages/airflow/example_dags/example_latest_only.py for tasks to queue
[2023-05-08T22:25:10.952+0000] {logging_mixin.py:149} INFO - [2023-05-08T22:25:10.952+0000] {dagbag.py:541} INFO - Filling up the DagBag from /home/airflow/.local/lib/python3.7/site-packages/airflow/example_dags/example_latest_only.py
[2023-05-08T22:25:10.958+0000] {processor.py:809} INFO - DAG(s) dict_keys(['latest_only']) retrieved from /home/airflow/.local/lib/python3.7/site-packages/airflow/example_dags/example_latest_only.py
[2023-05-08T22:25:10.986+0000] {logging_mixin.py:149} INFO - [2023-05-08T22:25:10.986+0000] {dag.py:2726} INFO - Sync 1 DAGs
[2023-05-08T22:25:11.007+0000] {logging_mixin.py:149} INFO - [2023-05-08T22:25:11.007+0000] {dag.py:3490} INFO - Setting next_dagrun for latest_only to 2023-05-08T18:25:11.007179+00:00, run_after=2023-05-08T22:25:11.007179+00:00
[2023-05-08T22:25:11.021+0000] {processor.py:178} INFO - Processing /home/airflow/.local/lib/python3.7/site-packages/airflow/example_dags/example_latest_only.py took 0.074 seconds
[2023-05-08T22:25:58.544+0000] {processor.py:156} INFO - Started process (PID=42) to work on /home/airflow/.local/lib/python3.7/site-packages/airflow/example_dags/example_latest_only.py
[2023-05-08T22:25:58.546+0000] {processor.py:799} INFO - Processing file /home/airflow/.local/lib/python3.7/site-packages/airflow/example_dags/example_latest_only.py for tasks to queue
[2023-05-08T22:25:58.546+0000] {logging_mixin.py:149} INFO - [2023-05-08T22:25:58.546+0000] {dagbag.py:541} INFO - Filling up the DagBag from /home/airflow/.local/lib/python3.7/site-packages/airflow/example_dags/example_latest_only.py
[2023-05-08T22:25:58.552+0000] {processor.py:809} INFO - DAG(s) dict_keys(['latest_only']) retrieved from /home/airflow/.local/lib/python3.7/site-packages/airflow/example_dags/example_latest_only.py
[2023-05-08T22:25:58.571+0000] {logging_mixin.py:149} INFO - [2023-05-08T22:25:58.571+0000] {dag.py:2726} INFO - Sync 1 DAGs
[2023-05-08T22:25:58.600+0000] {logging_mixin.py:149} INFO - [2023-05-08T22:25:58.599+0000] {dag.py:3490} INFO - Setting next_dagrun for latest_only to 2023-05-08T18:25:58.599640+00:00, run_after=2023-05-08T22:25:58.599640+00:00
[2023-05-08T22:25:58.615+0000] {processor.py:178} INFO - Processing /home/airflow/.local/lib/python3.7/site-packages/airflow/example_dags/example_latest_only.py took 0.073 seconds
[2023-05-08T22:26:29.006+0000] {processor.py:156} INFO - Started process (PID=99) to work on /home/airflow/.local/lib/python3.7/site-packages/airflow/example_dags/example_latest_only.py
[2023-05-08T22:26:29.007+0000] {processor.py:799} INFO - Processing file /home/airflow/.local/lib/python3.7/site-packages/airflow/example_dags/example_latest_only.py for tasks to queue
[2023-05-08T22:26:29.008+0000] {logging_mixin.py:149} INFO - [2023-05-08T22:26:29.008+0000] {dagbag.py:541} INFO - Filling up the DagBag from /home/airflow/.local/lib/python3.7/site-packages/airflow/example_dags/example_latest_only.py
[2023-05-08T22:26:29.012+0000] {processor.py:809} INFO - DAG(s) dict_keys(['latest_only']) retrieved from /home/airflow/.local/lib/python3.7/site-packages/airflow/example_dags/example_latest_only.py
[2023-05-08T22:26:29.031+0000] {logging_mixin.py:149} INFO - [2023-05-08T22:26:29.031+0000] {dag.py:2726} INFO - Sync 1 DAGs
[2023-05-08T22:26:29.049+0000] {logging_mixin.py:149} INFO - [2023-05-08T22:26:29.049+0000] {dag.py:3490} INFO - Setting next_dagrun for latest_only to 2023-05-08T18:26:29.049621+00:00, run_after=2023-05-08T22:26:29.049621+00:00
[2023-05-08T22:26:29.062+0000] {processor.py:178} INFO - Processing /home/airflow/.local/lib/python3.7/site-packages/airflow/example_dags/example_latest_only.py took 0.058 seconds
[2023-05-08T22:26:59.891+0000] {processor.py:156} INFO - Started process (PID=156) to work on /home/airflow/.local/lib/python3.7/site-packages/airflow/example_dags/example_latest_only.py
[2023-05-08T22:26:59.892+0000] {processor.py:799} INFO - Processing file /home/airflow/.local/lib/python3.7/site-packages/airflow/example_dags/example_latest_only.py for tasks to queue
[2023-05-08T22:26:59.892+0000] {logging_mixin.py:149} INFO - [2023-05-08T22:26:59.892+0000] {dagbag.py:541} INFO - Filling up the DagBag from /home/airflow/.local/lib/python3.7/site-packages/airflow/example_dags/example_latest_only.py
[2023-05-08T22:26:59.896+0000] {processor.py:809} INFO - DAG(s) dict_keys(['latest_only']) retrieved from /home/airflow/.local/lib/python3.7/site-packages/airflow/example_dags/example_latest_only.py
[2023-05-08T22:26:59.918+0000] {logging_mixin.py:149} INFO - [2023-05-08T22:26:59.918+0000] {dag.py:2726} INFO - Sync 1 DAGs
[2023-05-08T22:26:59.938+0000] {logging_mixin.py:149} INFO - [2023-05-08T22:26:59.938+0000] {dag.py:3490} INFO - Setting next_dagrun for latest_only to 2023-05-08T18:26:59.937970+00:00, run_after=2023-05-08T22:26:59.937970+00:00
[2023-05-08T22:26:59.951+0000] {processor.py:178} INFO - Processing /home/airflow/.local/lib/python3.7/site-packages/airflow/example_dags/example_latest_only.py took 0.063 seconds
[2023-05-08T22:27:30.785+0000] {processor.py:156} INFO - Started process (PID=213) to work on /home/airflow/.local/lib/python3.7/site-packages/airflow/example_dags/example_latest_only.py
[2023-05-08T22:27:30.785+0000] {processor.py:799} INFO - Processing file /home/airflow/.local/lib/python3.7/site-packages/airflow/example_dags/example_latest_only.py for tasks to queue
[2023-05-08T22:27:30.786+0000] {logging_mixin.py:149} INFO - [2023-05-08T22:27:30.786+0000] {dagbag.py:541} INFO - Filling up the DagBag from /home/airflow/.local/lib/python3.7/site-packages/airflow/example_dags/example_latest_only.py
[2023-05-08T22:27:30.790+0000] {processor.py:809} INFO - DAG(s) dict_keys(['latest_only']) retrieved from /home/airflow/.local/lib/python3.7/site-packages/airflow/example_dags/example_latest_only.py
[2023-05-08T22:27:30.812+0000] {logging_mixin.py:149} INFO - [2023-05-08T22:27:30.812+0000] {dag.py:2726} INFO - Sync 1 DAGs
[2023-05-08T22:27:30.831+0000] {logging_mixin.py:149} INFO - [2023-05-08T22:27:30.831+0000] {dag.py:3490} INFO - Setting next_dagrun for latest_only to 2023-05-08T18:27:30.831426+00:00, run_after=2023-05-08T22:27:30.831426+00:00
[2023-05-08T22:27:30.844+0000] {processor.py:178} INFO - Processing /home/airflow/.local/lib/python3.7/site-packages/airflow/example_dags/example_latest_only.py took 0.062 seconds
[2023-05-08T22:28:01.340+0000] {processor.py:156} INFO - Started process (PID=270) to work on /home/airflow/.local/lib/python3.7/site-packages/airflow/example_dags/example_latest_only.py
[2023-05-08T22:28:01.341+0000] {processor.py:799} INFO - Processing file /home/airflow/.local/lib/python3.7/site-packages/airflow/example_dags/example_latest_only.py for tasks to queue
[2023-05-08T22:28:01.342+0000] {logging_mixin.py:149} INFO - [2023-05-08T22:28:01.342+0000] {dagbag.py:541} INFO - Filling up the DagBag from /home/airflow/.local/lib/python3.7/site-packages/airflow/example_dags/example_latest_only.py
[2023-05-08T22:28:01.346+0000] {processor.py:809} INFO - DAG(s) dict_keys(['latest_only']) retrieved from /home/airflow/.local/lib/python3.7/site-packages/airflow/example_dags/example_latest_only.py
[2023-05-08T22:28:01.367+0000] {logging_mixin.py:149} INFO - [2023-05-08T22:28:01.367+0000] {dag.py:2726} INFO - Sync 1 DAGs
[2023-05-08T22:28:01.387+0000] {logging_mixin.py:149} INFO - [2023-05-08T22:28:01.387+0000] {dag.py:3490} INFO - Setting next_dagrun for latest_only to 2023-05-08T18:28:01.387686+00:00, run_after=2023-05-08T22:28:01.387686+00:00
[2023-05-08T22:28:01.402+0000] {processor.py:178} INFO - Processing /home/airflow/.local/lib/python3.7/site-packages/airflow/example_dags/example_latest_only.py took 0.065 seconds
[2023-05-08T22:28:31.948+0000] {processor.py:156} INFO - Started process (PID=327) to work on /home/airflow/.local/lib/python3.7/site-packages/airflow/example_dags/example_latest_only.py
[2023-05-08T22:28:31.949+0000] {processor.py:799} INFO - Processing file /home/airflow/.local/lib/python3.7/site-packages/airflow/example_dags/example_latest_only.py for tasks to queue
[2023-05-08T22:28:31.950+0000] {logging_mixin.py:149} INFO - [2023-05-08T22:28:31.950+0000] {dagbag.py:541} INFO - Filling up the DagBag from /home/airflow/.local/lib/python3.7/site-packages/airflow/example_dags/example_latest_only.py
[2023-05-08T22:28:31.954+0000] {processor.py:809} INFO - DAG(s) dict_keys(['latest_only']) retrieved from /home/airflow/.local/lib/python3.7/site-packages/airflow/example_dags/example_latest_only.py
[2023-05-08T22:28:31.976+0000] {logging_mixin.py:149} INFO - [2023-05-08T22:28:31.976+0000] {dag.py:2726} INFO - Sync 1 DAGs
[2023-05-08T22:28:31.997+0000] {logging_mixin.py:149} INFO - [2023-05-08T22:28:31.997+0000] {dag.py:3490} INFO - Setting next_dagrun for latest_only to 2023-05-08T18:28:31.997677+00:00, run_after=2023-05-08T22:28:31.997677+00:00
[2023-05-08T22:28:32.011+0000] {processor.py:178} INFO - Processing /home/airflow/.local/lib/python3.7/site-packages/airflow/example_dags/example_latest_only.py took 0.065 seconds
[2023-05-08T22:29:02.795+0000] {processor.py:156} INFO - Started process (PID=384) to work on /home/airflow/.local/lib/python3.7/site-packages/airflow/example_dags/example_latest_only.py
[2023-05-08T22:29:02.796+0000] {processor.py:799} INFO - Processing file /home/airflow/.local/lib/python3.7/site-packages/airflow/example_dags/example_latest_only.py for tasks to queue
[2023-05-08T22:29:02.797+0000] {logging_mixin.py:149} INFO - [2023-05-08T22:29:02.797+0000] {dagbag.py:541} INFO - Filling up the DagBag from /home/airflow/.local/lib/python3.7/site-packages/airflow/example_dags/example_latest_only.py
[2023-05-08T22:29:02.801+0000] {processor.py:809} INFO - DAG(s) dict_keys(['latest_only']) retrieved from /home/airflow/.local/lib/python3.7/site-packages/airflow/example_dags/example_latest_only.py
[2023-05-08T22:29:02.824+0000] {logging_mixin.py:149} INFO - [2023-05-08T22:29:02.824+0000] {dag.py:2726} INFO - Sync 1 DAGs
[2023-05-08T22:29:02.845+0000] {logging_mixin.py:149} INFO - [2023-05-08T22:29:02.845+0000] {dag.py:3490} INFO - Setting next_dagrun for latest_only to 2023-05-08T18:29:02.844983+00:00, run_after=2023-05-08T22:29:02.844983+00:00
[2023-05-08T22:29:02.858+0000] {processor.py:178} INFO - Processing /home/airflow/.local/lib/python3.7/site-packages/airflow/example_dags/example_latest_only.py took 0.065 seconds
[2023-05-08T22:29:33.391+0000] {processor.py:156} INFO - Started process (PID=441) to work on /home/airflow/.local/lib/python3.7/site-packages/airflow/example_dags/example_latest_only.py
[2023-05-08T22:29:33.392+0000] {processor.py:799} INFO - Processing file /home/airflow/.local/lib/python3.7/site-packages/airflow/example_dags/example_latest_only.py for tasks to queue
[2023-05-08T22:29:33.393+0000] {logging_mixin.py:149} INFO - [2023-05-08T22:29:33.393+0000] {dagbag.py:541} INFO - Filling up the DagBag from /home/airflow/.local/lib/python3.7/site-packages/airflow/example_dags/example_latest_only.py
[2023-05-08T22:29:33.397+0000] {processor.py:809} INFO - DAG(s) dict_keys(['latest_only']) retrieved from /home/airflow/.local/lib/python3.7/site-packages/airflow/example_dags/example_latest_only.py
[2023-05-08T22:29:33.419+0000] {logging_mixin.py:149} INFO - [2023-05-08T22:29:33.419+0000] {dag.py:2726} INFO - Sync 1 DAGs
[2023-05-08T22:29:33.439+0000] {logging_mixin.py:149} INFO - [2023-05-08T22:29:33.439+0000] {dag.py:3490} INFO - Setting next_dagrun for latest_only to 2023-05-08T18:29:33.438887+00:00, run_after=2023-05-08T22:29:33.438887+00:00
[2023-05-08T22:29:33.452+0000] {processor.py:178} INFO - Processing /home/airflow/.local/lib/python3.7/site-packages/airflow/example_dags/example_latest_only.py took 0.064 seconds
[2023-05-08T22:30:04.104+0000] {processor.py:156} INFO - Started process (PID=498) to work on /home/airflow/.local/lib/python3.7/site-packages/airflow/example_dags/example_latest_only.py
[2023-05-08T22:30:04.105+0000] {processor.py:799} INFO - Processing file /home/airflow/.local/lib/python3.7/site-packages/airflow/example_dags/example_latest_only.py for tasks to queue
[2023-05-08T22:30:04.106+0000] {logging_mixin.py:149} INFO - [2023-05-08T22:30:04.106+0000] {dagbag.py:541} INFO - Filling up the DagBag from /home/airflow/.local/lib/python3.7/site-packages/airflow/example_dags/example_latest_only.py
[2023-05-08T22:30:04.111+0000] {processor.py:809} INFO - DAG(s) dict_keys(['latest_only']) retrieved from /home/airflow/.local/lib/python3.7/site-packages/airflow/example_dags/example_latest_only.py
[2023-05-08T22:30:04.131+0000] {logging_mixin.py:149} INFO - [2023-05-08T22:30:04.131+0000] {dag.py:2726} INFO - Sync 1 DAGs
[2023-05-08T22:30:04.150+0000] {logging_mixin.py:149} INFO - [2023-05-08T22:30:04.150+0000] {dag.py:3490} INFO - Setting next_dagrun for latest_only to 2023-05-08T18:30:04.150571+00:00, run_after=2023-05-08T22:30:04.150571+00:00
[2023-05-08T22:30:04.164+0000] {processor.py:178} INFO - Processing /home/airflow/.local/lib/python3.7/site-packages/airflow/example_dags/example_latest_only.py took 0.062 seconds
[2023-05-08T22:30:34.924+0000] {processor.py:156} INFO - Started process (PID=555) to work on /home/airflow/.local/lib/python3.7/site-packages/airflow/example_dags/example_latest_only.py
[2023-05-08T22:30:34.925+0000] {processor.py:799} INFO - Processing file /home/airflow/.local/lib/python3.7/site-packages/airflow/example_dags/example_latest_only.py for tasks to queue
[2023-05-08T22:30:34.926+0000] {logging_mixin.py:149} INFO - [2023-05-08T22:30:34.926+0000] {dagbag.py:541} INFO - Filling up the DagBag from /home/airflow/.local/lib/python3.7/site-packages/airflow/example_dags/example_latest_only.py
[2023-05-08T22:30:34.932+0000] {processor.py:809} INFO - DAG(s) dict_keys(['latest_only']) retrieved from /home/airflow/.local/lib/python3.7/site-packages/airflow/example_dags/example_latest_only.py
[2023-05-08T22:30:34.957+0000] {logging_mixin.py:149} INFO - [2023-05-08T22:30:34.957+0000] {dag.py:2726} INFO - Sync 1 DAGs
[2023-05-08T22:30:34.979+0000] {logging_mixin.py:149} INFO - [2023-05-08T22:30:34.979+0000] {dag.py:3490} INFO - Setting next_dagrun for latest_only to 2023-05-08T18:30:34.978837+00:00, run_after=2023-05-08T22:30:34.978837+00:00
[2023-05-08T22:30:34.992+0000] {processor.py:178} INFO - Processing /home/airflow/.local/lib/python3.7/site-packages/airflow/example_dags/example_latest_only.py took 0.073 seconds
[2023-05-08T22:31:05.852+0000] {processor.py:156} INFO - Started process (PID=612) to work on /home/airflow/.local/lib/python3.7/site-packages/airflow/example_dags/example_latest_only.py
[2023-05-08T22:31:05.853+0000] {processor.py:799} INFO - Processing file /home/airflow/.local/lib/python3.7/site-packages/airflow/example_dags/example_latest_only.py for tasks to queue
[2023-05-08T22:31:05.854+0000] {logging_mixin.py:149} INFO - [2023-05-08T22:31:05.854+0000] {dagbag.py:541} INFO - Filling up the DagBag from /home/airflow/.local/lib/python3.7/site-packages/airflow/example_dags/example_latest_only.py
[2023-05-08T22:31:05.858+0000] {processor.py:809} INFO - DAG(s) dict_keys(['latest_only']) retrieved from /home/airflow/.local/lib/python3.7/site-packages/airflow/example_dags/example_latest_only.py
[2023-05-08T22:31:05.881+0000] {logging_mixin.py:149} INFO - [2023-05-08T22:31:05.881+0000] {dag.py:2726} INFO - Sync 1 DAGs
[2023-05-08T22:31:05.902+0000] {logging_mixin.py:149} INFO - [2023-05-08T22:31:05.901+0000] {dag.py:3490} INFO - Setting next_dagrun for latest_only to 2023-05-08T18:31:05.901652+00:00, run_after=2023-05-08T22:31:05.901652+00:00
[2023-05-08T22:31:05.918+0000] {processor.py:178} INFO - Processing /home/airflow/.local/lib/python3.7/site-packages/airflow/example_dags/example_latest_only.py took 0.068 seconds
[2023-05-08T22:31:36.476+0000] {processor.py:156} INFO - Started process (PID=669) to work on /home/airflow/.local/lib/python3.7/site-packages/airflow/example_dags/example_latest_only.py
[2023-05-08T22:31:36.477+0000] {processor.py:799} INFO - Processing file /home/airflow/.local/lib/python3.7/site-packages/airflow/example_dags/example_latest_only.py for tasks to queue
[2023-05-08T22:31:36.478+0000] {logging_mixin.py:149} INFO - [2023-05-08T22:31:36.478+0000] {dagbag.py:541} INFO - Filling up the DagBag from /home/airflow/.local/lib/python3.7/site-packages/airflow/example_dags/example_latest_only.py
[2023-05-08T22:31:36.482+0000] {processor.py:809} INFO - DAG(s) dict_keys(['latest_only']) retrieved from /home/airflow/.local/lib/python3.7/site-packages/airflow/example_dags/example_latest_only.py
[2023-05-08T22:31:36.506+0000] {logging_mixin.py:149} INFO - [2023-05-08T22:31:36.506+0000] {dag.py:2726} INFO - Sync 1 DAGs
[2023-05-08T22:31:36.525+0000] {logging_mixin.py:149} INFO - [2023-05-08T22:31:36.525+0000] {dag.py:3490} INFO - Setting next_dagrun for latest_only to 2023-05-08T18:31:36.525614+00:00, run_after=2023-05-08T22:31:36.525614+00:00
[2023-05-08T22:31:36.541+0000] {processor.py:178} INFO - Processing /home/airflow/.local/lib/python3.7/site-packages/airflow/example_dags/example_latest_only.py took 0.067 seconds
[2023-05-08T22:32:07.059+0000] {processor.py:156} INFO - Started process (PID=726) to work on /home/airflow/.local/lib/python3.7/site-packages/airflow/example_dags/example_latest_only.py
[2023-05-08T22:32:07.060+0000] {processor.py:799} INFO - Processing file /home/airflow/.local/lib/python3.7/site-packages/airflow/example_dags/example_latest_only.py for tasks to queue
[2023-05-08T22:32:07.061+0000] {logging_mixin.py:149} INFO - [2023-05-08T22:32:07.061+0000] {dagbag.py:541} INFO - Filling up the DagBag from /home/airflow/.local/lib/python3.7/site-packages/airflow/example_dags/example_latest_only.py
[2023-05-08T22:32:07.065+0000] {processor.py:809} INFO - DAG(s) dict_keys(['latest_only']) retrieved from /home/airflow/.local/lib/python3.7/site-packages/airflow/example_dags/example_latest_only.py
[2023-05-08T22:32:07.085+0000] {logging_mixin.py:149} INFO - [2023-05-08T22:32:07.085+0000] {dag.py:2726} INFO - Sync 1 DAGs
[2023-05-08T22:32:07.105+0000] {logging_mixin.py:149} INFO - [2023-05-08T22:32:07.105+0000] {dag.py:3490} INFO - Setting next_dagrun for latest_only to 2023-05-08T18:32:07.105023+00:00, run_after=2023-05-08T22:32:07.105023+00:00
[2023-05-08T22:32:07.119+0000] {processor.py:178} INFO - Processing /home/airflow/.local/lib/python3.7/site-packages/airflow/example_dags/example_latest_only.py took 0.062 seconds
[2023-05-08T22:32:37.923+0000] {processor.py:156} INFO - Started process (PID=783) to work on /home/airflow/.local/lib/python3.7/site-packages/airflow/example_dags/example_latest_only.py
[2023-05-08T22:32:37.924+0000] {processor.py:799} INFO - Processing file /home/airflow/.local/lib/python3.7/site-packages/airflow/example_dags/example_latest_only.py for tasks to queue
[2023-05-08T22:32:37.924+0000] {logging_mixin.py:149} INFO - [2023-05-08T22:32:37.924+0000] {dagbag.py:541} INFO - Filling up the DagBag from /home/airflow/.local/lib/python3.7/site-packages/airflow/example_dags/example_latest_only.py
[2023-05-08T22:32:37.928+0000] {processor.py:809} INFO - DAG(s) dict_keys(['latest_only']) retrieved from /home/airflow/.local/lib/python3.7/site-packages/airflow/example_dags/example_latest_only.py
[2023-05-08T22:32:37.949+0000] {logging_mixin.py:149} INFO - [2023-05-08T22:32:37.949+0000] {dag.py:2726} INFO - Sync 1 DAGs
[2023-05-08T22:32:37.969+0000] {logging_mixin.py:149} INFO - [2023-05-08T22:32:37.969+0000] {dag.py:3490} INFO - Setting next_dagrun for latest_only to 2023-05-08T18:32:37.969417+00:00, run_after=2023-05-08T22:32:37.969417+00:00
[2023-05-08T22:32:37.985+0000] {processor.py:178} INFO - Processing /home/airflow/.local/lib/python3.7/site-packages/airflow/example_dags/example_latest_only.py took 0.065 seconds
[2023-05-08T22:33:08.768+0000] {processor.py:156} INFO - Started process (PID=840) to work on /home/airflow/.local/lib/python3.7/site-packages/airflow/example_dags/example_latest_only.py
[2023-05-08T22:33:08.769+0000] {processor.py:799} INFO - Processing file /home/airflow/.local/lib/python3.7/site-packages/airflow/example_dags/example_latest_only.py for tasks to queue
[2023-05-08T22:33:08.769+0000] {logging_mixin.py:149} INFO - [2023-05-08T22:33:08.769+0000] {dagbag.py:541} INFO - Filling up the DagBag from /home/airflow/.local/lib/python3.7/site-packages/airflow/example_dags/example_latest_only.py
[2023-05-08T22:33:08.774+0000] {processor.py:809} INFO - DAG(s) dict_keys(['latest_only']) retrieved from /home/airflow/.local/lib/python3.7/site-packages/airflow/example_dags/example_latest_only.py
[2023-05-08T22:33:08.796+0000] {logging_mixin.py:149} INFO - [2023-05-08T22:33:08.796+0000] {dag.py:2726} INFO - Sync 1 DAGs
[2023-05-08T22:33:08.818+0000] {logging_mixin.py:149} INFO - [2023-05-08T22:33:08.818+0000] {dag.py:3490} INFO - Setting next_dagrun for latest_only to 2023-05-08T18:33:08.818419+00:00, run_after=2023-05-08T22:33:08.818419+00:00
[2023-05-08T22:33:08.832+0000] {processor.py:178} INFO - Processing /home/airflow/.local/lib/python3.7/site-packages/airflow/example_dags/example_latest_only.py took 0.067 seconds
[2023-05-08T22:33:39.104+0000] {processor.py:156} INFO - Started process (PID=897) to work on /home/airflow/.local/lib/python3.7/site-packages/airflow/example_dags/example_latest_only.py
[2023-05-08T22:33:39.105+0000] {processor.py:799} INFO - Processing file /home/airflow/.local/lib/python3.7/site-packages/airflow/example_dags/example_latest_only.py for tasks to queue
[2023-05-08T22:33:39.106+0000] {logging_mixin.py:149} INFO - [2023-05-08T22:33:39.106+0000] {dagbag.py:541} INFO - Filling up the DagBag from /home/airflow/.local/lib/python3.7/site-packages/airflow/example_dags/example_latest_only.py
[2023-05-08T22:33:39.111+0000] {processor.py:809} INFO - DAG(s) dict_keys(['latest_only']) retrieved from /home/airflow/.local/lib/python3.7/site-packages/airflow/example_dags/example_latest_only.py
[2023-05-08T22:33:39.142+0000] {logging_mixin.py:149} INFO - [2023-05-08T22:33:39.142+0000] {dag.py:2726} INFO - Sync 1 DAGs
[2023-05-08T22:33:39.175+0000] {logging_mixin.py:149} INFO - [2023-05-08T22:33:39.175+0000] {dag.py:3490} INFO - Setting next_dagrun for latest_only to 2023-05-08T18:33:39.175542+00:00, run_after=2023-05-08T22:33:39.175542+00:00
[2023-05-08T22:33:39.191+0000] {processor.py:178} INFO - Processing /home/airflow/.local/lib/python3.7/site-packages/airflow/example_dags/example_latest_only.py took 0.091 seconds
[2023-05-08T22:34:09.621+0000] {processor.py:156} INFO - Started process (PID=954) to work on /home/airflow/.local/lib/python3.7/site-packages/airflow/example_dags/example_latest_only.py
[2023-05-08T22:34:09.622+0000] {processor.py:799} INFO - Processing file /home/airflow/.local/lib/python3.7/site-packages/airflow/example_dags/example_latest_only.py for tasks to queue
[2023-05-08T22:34:09.623+0000] {logging_mixin.py:149} INFO - [2023-05-08T22:34:09.623+0000] {dagbag.py:541} INFO - Filling up the DagBag from /home/airflow/.local/lib/python3.7/site-packages/airflow/example_dags/example_latest_only.py
[2023-05-08T22:34:09.628+0000] {processor.py:809} INFO - DAG(s) dict_keys(['latest_only']) retrieved from /home/airflow/.local/lib/python3.7/site-packages/airflow/example_dags/example_latest_only.py
[2023-05-08T22:34:09.668+0000] {logging_mixin.py:149} INFO - [2023-05-08T22:34:09.668+0000] {dag.py:2726} INFO - Sync 1 DAGs
[2023-05-08T22:34:09.698+0000] {logging_mixin.py:149} INFO - [2023-05-08T22:34:09.698+0000] {dag.py:3490} INFO - Setting next_dagrun for latest_only to 2023-05-08T18:34:09.698347+00:00, run_after=2023-05-08T22:34:09.698347+00:00
[2023-05-08T22:34:09.718+0000] {processor.py:178} INFO - Processing /home/airflow/.local/lib/python3.7/site-packages/airflow/example_dags/example_latest_only.py took 0.101 seconds
[2023-05-08T22:34:39.819+0000] {processor.py:156} INFO - Started process (PID=1012) to work on /home/airflow/.local/lib/python3.7/site-packages/airflow/example_dags/example_latest_only.py
[2023-05-08T22:34:39.821+0000] {processor.py:799} INFO - Processing file /home/airflow/.local/lib/python3.7/site-packages/airflow/example_dags/example_latest_only.py for tasks to queue
[2023-05-08T22:34:39.821+0000] {logging_mixin.py:149} INFO - [2023-05-08T22:34:39.821+0000] {dagbag.py:541} INFO - Filling up the DagBag from /home/airflow/.local/lib/python3.7/site-packages/airflow/example_dags/example_latest_only.py
[2023-05-08T22:34:39.827+0000] {processor.py:809} INFO - DAG(s) dict_keys(['latest_only']) retrieved from /home/airflow/.local/lib/python3.7/site-packages/airflow/example_dags/example_latest_only.py
[2023-05-08T22:34:39.863+0000] {logging_mixin.py:149} INFO - [2023-05-08T22:34:39.863+0000] {dag.py:2726} INFO - Sync 1 DAGs
[2023-05-08T22:34:39.886+0000] {logging_mixin.py:149} INFO - [2023-05-08T22:34:39.886+0000] {dag.py:3490} INFO - Setting next_dagrun for latest_only to 2023-05-08T18:34:39.886291+00:00, run_after=2023-05-08T22:34:39.886291+00:00
[2023-05-08T22:34:39.902+0000] {processor.py:178} INFO - Processing /home/airflow/.local/lib/python3.7/site-packages/airflow/example_dags/example_latest_only.py took 0.086 seconds
[2023-05-08T22:35:09.953+0000] {processor.py:156} INFO - Started process (PID=1068) to work on /home/airflow/.local/lib/python3.7/site-packages/airflow/example_dags/example_latest_only.py
[2023-05-08T22:35:09.954+0000] {processor.py:799} INFO - Processing file /home/airflow/.local/lib/python3.7/site-packages/airflow/example_dags/example_latest_only.py for tasks to queue
[2023-05-08T22:35:09.955+0000] {logging_mixin.py:149} INFO - [2023-05-08T22:35:09.955+0000] {dagbag.py:541} INFO - Filling up the DagBag from /home/airflow/.local/lib/python3.7/site-packages/airflow/example_dags/example_latest_only.py
[2023-05-08T22:35:09.959+0000] {processor.py:809} INFO - DAG(s) dict_keys(['latest_only']) retrieved from /home/airflow/.local/lib/python3.7/site-packages/airflow/example_dags/example_latest_only.py
[2023-05-08T22:35:09.981+0000] {logging_mixin.py:149} INFO - [2023-05-08T22:35:09.981+0000] {dag.py:2726} INFO - Sync 1 DAGs
[2023-05-08T22:35:10.003+0000] {logging_mixin.py:149} INFO - [2023-05-08T22:35:10.003+0000] {dag.py:3490} INFO - Setting next_dagrun for latest_only to 2023-05-08T18:35:10.003548+00:00, run_after=2023-05-08T22:35:10.003548+00:00
[2023-05-08T22:35:10.019+0000] {processor.py:178} INFO - Processing /home/airflow/.local/lib/python3.7/site-packages/airflow/example_dags/example_latest_only.py took 0.068 seconds
