[2023-05-08T20:36:12.419+0000] {processor.py:156} INFO - Started process (PID=51) to work on /home/airflow/.local/lib/python3.7/site-packages/airflow/example_dags/example_branch_python_dop_operator_3.py
[2023-05-08T20:36:12.427+0000] {processor.py:799} INFO - Processing file /home/airflow/.local/lib/python3.7/site-packages/airflow/example_dags/example_branch_python_dop_operator_3.py for tasks to queue
[2023-05-08T20:36:12.428+0000] {logging_mixin.py:149} INFO - [2023-05-08T20:36:12.428+0000] {dagbag.py:541} INFO - Filling up the DagBag from /home/airflow/.local/lib/python3.7/site-packages/airflow/example_dags/example_branch_python_dop_operator_3.py
[2023-05-08T20:36:12.471+0000] {processor.py:809} INFO - DAG(s) dict_keys(['example_branch_dop_operator_v3']) retrieved from /home/airflow/.local/lib/python3.7/site-packages/airflow/example_dags/example_branch_python_dop_operator_3.py
[2023-05-08T20:36:12.528+0000] {logging_mixin.py:149} INFO - [2023-05-08T20:36:12.528+0000] {dag.py:2726} INFO - Sync 1 DAGs
[2023-05-08T20:36:12.613+0000] {logging_mixin.py:149} INFO - [2023-05-08T20:36:12.613+0000] {dag.py:3490} INFO - Setting next_dagrun for example_branch_dop_operator_v3 to 2023-05-08T20:35:00+00:00, run_after=2023-05-08T20:36:00+00:00
[2023-05-08T20:36:12.642+0000] {processor.py:178} INFO - Processing /home/airflow/.local/lib/python3.7/site-packages/airflow/example_dags/example_branch_python_dop_operator_3.py took 0.230 seconds
[2023-05-08T20:36:43.287+0000] {processor.py:156} INFO - Started process (PID=107) to work on /home/airflow/.local/lib/python3.7/site-packages/airflow/example_dags/example_branch_python_dop_operator_3.py
[2023-05-08T20:36:43.288+0000] {processor.py:799} INFO - Processing file /home/airflow/.local/lib/python3.7/site-packages/airflow/example_dags/example_branch_python_dop_operator_3.py for tasks to queue
[2023-05-08T20:36:43.289+0000] {logging_mixin.py:149} INFO - [2023-05-08T20:36:43.289+0000] {dagbag.py:541} INFO - Filling up the DagBag from /home/airflow/.local/lib/python3.7/site-packages/airflow/example_dags/example_branch_python_dop_operator_3.py
[2023-05-08T20:36:43.295+0000] {processor.py:809} INFO - DAG(s) dict_keys(['example_branch_dop_operator_v3']) retrieved from /home/airflow/.local/lib/python3.7/site-packages/airflow/example_dags/example_branch_python_dop_operator_3.py
[2023-05-08T20:36:43.316+0000] {logging_mixin.py:149} INFO - [2023-05-08T20:36:43.316+0000] {dag.py:2726} INFO - Sync 1 DAGs
[2023-05-08T20:36:43.343+0000] {logging_mixin.py:149} INFO - [2023-05-08T20:36:43.343+0000] {dag.py:3490} INFO - Setting next_dagrun for example_branch_dop_operator_v3 to 2023-05-08T20:35:00+00:00, run_after=2023-05-08T20:36:00+00:00
[2023-05-08T20:36:43.360+0000] {processor.py:178} INFO - Processing /home/airflow/.local/lib/python3.7/site-packages/airflow/example_dags/example_branch_python_dop_operator_3.py took 0.076 seconds
[2023-05-08T20:37:13.483+0000] {processor.py:156} INFO - Started process (PID=163) to work on /home/airflow/.local/lib/python3.7/site-packages/airflow/example_dags/example_branch_python_dop_operator_3.py
[2023-05-08T20:37:13.484+0000] {processor.py:799} INFO - Processing file /home/airflow/.local/lib/python3.7/site-packages/airflow/example_dags/example_branch_python_dop_operator_3.py for tasks to queue
[2023-05-08T20:37:13.485+0000] {logging_mixin.py:149} INFO - [2023-05-08T20:37:13.485+0000] {dagbag.py:541} INFO - Filling up the DagBag from /home/airflow/.local/lib/python3.7/site-packages/airflow/example_dags/example_branch_python_dop_operator_3.py
[2023-05-08T20:37:13.492+0000] {processor.py:809} INFO - DAG(s) dict_keys(['example_branch_dop_operator_v3']) retrieved from /home/airflow/.local/lib/python3.7/site-packages/airflow/example_dags/example_branch_python_dop_operator_3.py
[2023-05-08T20:37:13.526+0000] {logging_mixin.py:149} INFO - [2023-05-08T20:37:13.526+0000] {dag.py:2726} INFO - Sync 1 DAGs
[2023-05-08T20:37:13.551+0000] {logging_mixin.py:149} INFO - [2023-05-08T20:37:13.551+0000] {dag.py:3490} INFO - Setting next_dagrun for example_branch_dop_operator_v3 to 2023-05-08T20:36:00+00:00, run_after=2023-05-08T20:37:00+00:00
[2023-05-08T20:37:13.569+0000] {processor.py:178} INFO - Processing /home/airflow/.local/lib/python3.7/site-packages/airflow/example_dags/example_branch_python_dop_operator_3.py took 0.091 seconds
[2023-05-08T20:37:44.400+0000] {processor.py:156} INFO - Started process (PID=219) to work on /home/airflow/.local/lib/python3.7/site-packages/airflow/example_dags/example_branch_python_dop_operator_3.py
[2023-05-08T20:37:44.420+0000] {processor.py:799} INFO - Processing file /home/airflow/.local/lib/python3.7/site-packages/airflow/example_dags/example_branch_python_dop_operator_3.py for tasks to queue
[2023-05-08T20:37:44.421+0000] {logging_mixin.py:149} INFO - [2023-05-08T20:37:44.421+0000] {dagbag.py:541} INFO - Filling up the DagBag from /home/airflow/.local/lib/python3.7/site-packages/airflow/example_dags/example_branch_python_dop_operator_3.py
[2023-05-08T20:37:44.427+0000] {processor.py:809} INFO - DAG(s) dict_keys(['example_branch_dop_operator_v3']) retrieved from /home/airflow/.local/lib/python3.7/site-packages/airflow/example_dags/example_branch_python_dop_operator_3.py
[2023-05-08T20:37:44.456+0000] {logging_mixin.py:149} INFO - [2023-05-08T20:37:44.456+0000] {dag.py:2726} INFO - Sync 1 DAGs
[2023-05-08T20:37:44.479+0000] {logging_mixin.py:149} INFO - [2023-05-08T20:37:44.479+0000] {dag.py:3490} INFO - Setting next_dagrun for example_branch_dop_operator_v3 to 2023-05-08T20:36:00+00:00, run_after=2023-05-08T20:37:00+00:00
[2023-05-08T20:37:44.492+0000] {processor.py:178} INFO - Processing /home/airflow/.local/lib/python3.7/site-packages/airflow/example_dags/example_branch_python_dop_operator_3.py took 0.095 seconds
[2023-05-08T20:38:15.190+0000] {processor.py:156} INFO - Started process (PID=276) to work on /home/airflow/.local/lib/python3.7/site-packages/airflow/example_dags/example_branch_python_dop_operator_3.py
[2023-05-08T20:38:15.192+0000] {processor.py:799} INFO - Processing file /home/airflow/.local/lib/python3.7/site-packages/airflow/example_dags/example_branch_python_dop_operator_3.py for tasks to queue
[2023-05-08T20:38:15.195+0000] {logging_mixin.py:149} INFO - [2023-05-08T20:38:15.195+0000] {dagbag.py:541} INFO - Filling up the DagBag from /home/airflow/.local/lib/python3.7/site-packages/airflow/example_dags/example_branch_python_dop_operator_3.py
[2023-05-08T20:38:15.202+0000] {processor.py:809} INFO - DAG(s) dict_keys(['example_branch_dop_operator_v3']) retrieved from /home/airflow/.local/lib/python3.7/site-packages/airflow/example_dags/example_branch_python_dop_operator_3.py
[2023-05-08T20:38:15.230+0000] {logging_mixin.py:149} INFO - [2023-05-08T20:38:15.230+0000] {dag.py:2726} INFO - Sync 1 DAGs
[2023-05-08T20:38:15.254+0000] {logging_mixin.py:149} INFO - [2023-05-08T20:38:15.254+0000] {dag.py:3490} INFO - Setting next_dagrun for example_branch_dop_operator_v3 to 2023-05-08T20:37:00+00:00, run_after=2023-05-08T20:38:00+00:00
[2023-05-08T20:38:15.268+0000] {processor.py:178} INFO - Processing /home/airflow/.local/lib/python3.7/site-packages/airflow/example_dags/example_branch_python_dop_operator_3.py took 0.082 seconds
[2023-05-08T20:38:45.807+0000] {processor.py:156} INFO - Started process (PID=332) to work on /home/airflow/.local/lib/python3.7/site-packages/airflow/example_dags/example_branch_python_dop_operator_3.py
[2023-05-08T20:38:45.808+0000] {processor.py:799} INFO - Processing file /home/airflow/.local/lib/python3.7/site-packages/airflow/example_dags/example_branch_python_dop_operator_3.py for tasks to queue
[2023-05-08T20:38:45.809+0000] {logging_mixin.py:149} INFO - [2023-05-08T20:38:45.809+0000] {dagbag.py:541} INFO - Filling up the DagBag from /home/airflow/.local/lib/python3.7/site-packages/airflow/example_dags/example_branch_python_dop_operator_3.py
[2023-05-08T20:38:45.815+0000] {processor.py:809} INFO - DAG(s) dict_keys(['example_branch_dop_operator_v3']) retrieved from /home/airflow/.local/lib/python3.7/site-packages/airflow/example_dags/example_branch_python_dop_operator_3.py
[2023-05-08T20:38:45.838+0000] {logging_mixin.py:149} INFO - [2023-05-08T20:38:45.838+0000] {dag.py:2726} INFO - Sync 1 DAGs
[2023-05-08T20:38:45.861+0000] {logging_mixin.py:149} INFO - [2023-05-08T20:38:45.860+0000] {dag.py:3490} INFO - Setting next_dagrun for example_branch_dop_operator_v3 to 2023-05-08T20:37:00+00:00, run_after=2023-05-08T20:38:00+00:00
[2023-05-08T20:38:45.875+0000] {processor.py:178} INFO - Processing /home/airflow/.local/lib/python3.7/site-packages/airflow/example_dags/example_branch_python_dop_operator_3.py took 0.070 seconds
[2023-05-08T20:39:16.408+0000] {processor.py:156} INFO - Started process (PID=388) to work on /home/airflow/.local/lib/python3.7/site-packages/airflow/example_dags/example_branch_python_dop_operator_3.py
[2023-05-08T20:39:16.409+0000] {processor.py:799} INFO - Processing file /home/airflow/.local/lib/python3.7/site-packages/airflow/example_dags/example_branch_python_dop_operator_3.py for tasks to queue
[2023-05-08T20:39:16.410+0000] {logging_mixin.py:149} INFO - [2023-05-08T20:39:16.410+0000] {dagbag.py:541} INFO - Filling up the DagBag from /home/airflow/.local/lib/python3.7/site-packages/airflow/example_dags/example_branch_python_dop_operator_3.py
[2023-05-08T20:39:16.415+0000] {processor.py:809} INFO - DAG(s) dict_keys(['example_branch_dop_operator_v3']) retrieved from /home/airflow/.local/lib/python3.7/site-packages/airflow/example_dags/example_branch_python_dop_operator_3.py
[2023-05-08T20:39:16.439+0000] {logging_mixin.py:149} INFO - [2023-05-08T20:39:16.439+0000] {dag.py:2726} INFO - Sync 1 DAGs
[2023-05-08T20:39:16.460+0000] {logging_mixin.py:149} INFO - [2023-05-08T20:39:16.460+0000] {dag.py:3490} INFO - Setting next_dagrun for example_branch_dop_operator_v3 to 2023-05-08T20:38:00+00:00, run_after=2023-05-08T20:39:00+00:00
[2023-05-08T20:39:16.474+0000] {processor.py:178} INFO - Processing /home/airflow/.local/lib/python3.7/site-packages/airflow/example_dags/example_branch_python_dop_operator_3.py took 0.068 seconds
[2023-05-08T22:15:47.134+0000] {processor.py:156} INFO - Started process (PID=51) to work on /home/airflow/.local/lib/python3.7/site-packages/airflow/example_dags/example_branch_python_dop_operator_3.py
[2023-05-08T22:15:47.137+0000] {processor.py:799} INFO - Processing file /home/airflow/.local/lib/python3.7/site-packages/airflow/example_dags/example_branch_python_dop_operator_3.py for tasks to queue
[2023-05-08T22:15:47.138+0000] {logging_mixin.py:149} INFO - [2023-05-08T22:15:47.138+0000] {dagbag.py:541} INFO - Filling up the DagBag from /home/airflow/.local/lib/python3.7/site-packages/airflow/example_dags/example_branch_python_dop_operator_3.py
[2023-05-08T22:15:47.156+0000] {processor.py:809} INFO - DAG(s) dict_keys(['example_branch_dop_operator_v3']) retrieved from /home/airflow/.local/lib/python3.7/site-packages/airflow/example_dags/example_branch_python_dop_operator_3.py
[2023-05-08T22:15:47.182+0000] {logging_mixin.py:149} INFO - [2023-05-08T22:15:47.182+0000] {dag.py:2726} INFO - Sync 1 DAGs
[2023-05-08T22:15:47.243+0000] {logging_mixin.py:149} INFO - [2023-05-08T22:15:47.243+0000] {dag.py:3490} INFO - Setting next_dagrun for example_branch_dop_operator_v3 to 2023-05-08T22:14:00+00:00, run_after=2023-05-08T22:15:00+00:00
[2023-05-08T22:15:47.280+0000] {processor.py:178} INFO - Processing /home/airflow/.local/lib/python3.7/site-packages/airflow/example_dags/example_branch_python_dop_operator_3.py took 0.152 seconds
[2023-05-08T22:16:17.476+0000] {processor.py:156} INFO - Started process (PID=108) to work on /home/airflow/.local/lib/python3.7/site-packages/airflow/example_dags/example_branch_python_dop_operator_3.py
[2023-05-08T22:16:17.477+0000] {processor.py:799} INFO - Processing file /home/airflow/.local/lib/python3.7/site-packages/airflow/example_dags/example_branch_python_dop_operator_3.py for tasks to queue
[2023-05-08T22:16:17.477+0000] {logging_mixin.py:149} INFO - [2023-05-08T22:16:17.477+0000] {dagbag.py:541} INFO - Filling up the DagBag from /home/airflow/.local/lib/python3.7/site-packages/airflow/example_dags/example_branch_python_dop_operator_3.py
[2023-05-08T22:16:17.483+0000] {processor.py:809} INFO - DAG(s) dict_keys(['example_branch_dop_operator_v3']) retrieved from /home/airflow/.local/lib/python3.7/site-packages/airflow/example_dags/example_branch_python_dop_operator_3.py
[2023-05-08T22:16:17.504+0000] {logging_mixin.py:149} INFO - [2023-05-08T22:16:17.504+0000] {dag.py:2726} INFO - Sync 1 DAGs
[2023-05-08T22:16:17.525+0000] {logging_mixin.py:149} INFO - [2023-05-08T22:16:17.525+0000] {dag.py:3490} INFO - Setting next_dagrun for example_branch_dop_operator_v3 to 2023-05-08T22:15:00+00:00, run_after=2023-05-08T22:16:00+00:00
[2023-05-08T22:16:17.537+0000] {processor.py:178} INFO - Processing /home/airflow/.local/lib/python3.7/site-packages/airflow/example_dags/example_branch_python_dop_operator_3.py took 0.064 seconds
[2023-05-08T22:16:48.597+0000] {processor.py:156} INFO - Started process (PID=165) to work on /home/airflow/.local/lib/python3.7/site-packages/airflow/example_dags/example_branch_python_dop_operator_3.py
[2023-05-08T22:16:48.598+0000] {processor.py:799} INFO - Processing file /home/airflow/.local/lib/python3.7/site-packages/airflow/example_dags/example_branch_python_dop_operator_3.py for tasks to queue
[2023-05-08T22:16:48.599+0000] {logging_mixin.py:149} INFO - [2023-05-08T22:16:48.599+0000] {dagbag.py:541} INFO - Filling up the DagBag from /home/airflow/.local/lib/python3.7/site-packages/airflow/example_dags/example_branch_python_dop_operator_3.py
[2023-05-08T22:16:48.606+0000] {processor.py:809} INFO - DAG(s) dict_keys(['example_branch_dop_operator_v3']) retrieved from /home/airflow/.local/lib/python3.7/site-packages/airflow/example_dags/example_branch_python_dop_operator_3.py
[2023-05-08T22:16:48.645+0000] {logging_mixin.py:149} INFO - [2023-05-08T22:16:48.645+0000] {dag.py:2726} INFO - Sync 1 DAGs
[2023-05-08T22:16:48.708+0000] {logging_mixin.py:149} INFO - [2023-05-08T22:16:48.708+0000] {dag.py:3490} INFO - Setting next_dagrun for example_branch_dop_operator_v3 to 2023-05-08T22:15:00+00:00, run_after=2023-05-08T22:16:00+00:00
[2023-05-08T22:16:48.735+0000] {processor.py:178} INFO - Processing /home/airflow/.local/lib/python3.7/site-packages/airflow/example_dags/example_branch_python_dop_operator_3.py took 0.141 seconds
[2023-05-08T22:17:19.484+0000] {processor.py:156} INFO - Started process (PID=222) to work on /home/airflow/.local/lib/python3.7/site-packages/airflow/example_dags/example_branch_python_dop_operator_3.py
[2023-05-08T22:17:19.485+0000] {processor.py:799} INFO - Processing file /home/airflow/.local/lib/python3.7/site-packages/airflow/example_dags/example_branch_python_dop_operator_3.py for tasks to queue
[2023-05-08T22:17:19.486+0000] {logging_mixin.py:149} INFO - [2023-05-08T22:17:19.485+0000] {dagbag.py:541} INFO - Filling up the DagBag from /home/airflow/.local/lib/python3.7/site-packages/airflow/example_dags/example_branch_python_dop_operator_3.py
[2023-05-08T22:17:19.491+0000] {processor.py:809} INFO - DAG(s) dict_keys(['example_branch_dop_operator_v3']) retrieved from /home/airflow/.local/lib/python3.7/site-packages/airflow/example_dags/example_branch_python_dop_operator_3.py
[2023-05-08T22:17:19.516+0000] {logging_mixin.py:149} INFO - [2023-05-08T22:17:19.515+0000] {dag.py:2726} INFO - Sync 1 DAGs
[2023-05-08T22:17:19.539+0000] {logging_mixin.py:149} INFO - [2023-05-08T22:17:19.539+0000] {dag.py:3490} INFO - Setting next_dagrun for example_branch_dop_operator_v3 to 2023-05-08T22:16:00+00:00, run_after=2023-05-08T22:17:00+00:00
[2023-05-08T22:17:19.553+0000] {processor.py:178} INFO - Processing /home/airflow/.local/lib/python3.7/site-packages/airflow/example_dags/example_branch_python_dop_operator_3.py took 0.073 seconds
[2023-05-08T22:17:50.457+0000] {processor.py:156} INFO - Started process (PID=279) to work on /home/airflow/.local/lib/python3.7/site-packages/airflow/example_dags/example_branch_python_dop_operator_3.py
[2023-05-08T22:17:50.459+0000] {processor.py:799} INFO - Processing file /home/airflow/.local/lib/python3.7/site-packages/airflow/example_dags/example_branch_python_dop_operator_3.py for tasks to queue
[2023-05-08T22:17:50.459+0000] {logging_mixin.py:149} INFO - [2023-05-08T22:17:50.459+0000] {dagbag.py:541} INFO - Filling up the DagBag from /home/airflow/.local/lib/python3.7/site-packages/airflow/example_dags/example_branch_python_dop_operator_3.py
[2023-05-08T22:17:50.465+0000] {processor.py:809} INFO - DAG(s) dict_keys(['example_branch_dop_operator_v3']) retrieved from /home/airflow/.local/lib/python3.7/site-packages/airflow/example_dags/example_branch_python_dop_operator_3.py
[2023-05-08T22:17:50.502+0000] {logging_mixin.py:149} INFO - [2023-05-08T22:17:50.502+0000] {dag.py:2726} INFO - Sync 1 DAGs
[2023-05-08T22:17:50.531+0000] {logging_mixin.py:149} INFO - [2023-05-08T22:17:50.531+0000] {dag.py:3490} INFO - Setting next_dagrun for example_branch_dop_operator_v3 to 2023-05-08T22:16:00+00:00, run_after=2023-05-08T22:17:00+00:00
[2023-05-08T22:17:50.547+0000] {processor.py:178} INFO - Processing /home/airflow/.local/lib/python3.7/site-packages/airflow/example_dags/example_branch_python_dop_operator_3.py took 0.092 seconds
[2023-05-08T22:18:21.279+0000] {processor.py:156} INFO - Started process (PID=336) to work on /home/airflow/.local/lib/python3.7/site-packages/airflow/example_dags/example_branch_python_dop_operator_3.py
[2023-05-08T22:18:21.280+0000] {processor.py:799} INFO - Processing file /home/airflow/.local/lib/python3.7/site-packages/airflow/example_dags/example_branch_python_dop_operator_3.py for tasks to queue
[2023-05-08T22:18:21.280+0000] {logging_mixin.py:149} INFO - [2023-05-08T22:18:21.280+0000] {dagbag.py:541} INFO - Filling up the DagBag from /home/airflow/.local/lib/python3.7/site-packages/airflow/example_dags/example_branch_python_dop_operator_3.py
[2023-05-08T22:18:21.286+0000] {processor.py:809} INFO - DAG(s) dict_keys(['example_branch_dop_operator_v3']) retrieved from /home/airflow/.local/lib/python3.7/site-packages/airflow/example_dags/example_branch_python_dop_operator_3.py
[2023-05-08T22:18:21.311+0000] {logging_mixin.py:149} INFO - [2023-05-08T22:18:21.311+0000] {dag.py:2726} INFO - Sync 1 DAGs
[2023-05-08T22:18:21.338+0000] {logging_mixin.py:149} INFO - [2023-05-08T22:18:21.338+0000] {dag.py:3490} INFO - Setting next_dagrun for example_branch_dop_operator_v3 to 2023-05-08T22:17:00+00:00, run_after=2023-05-08T22:18:00+00:00
[2023-05-08T22:18:21.356+0000] {processor.py:178} INFO - Processing /home/airflow/.local/lib/python3.7/site-packages/airflow/example_dags/example_branch_python_dop_operator_3.py took 0.080 seconds
[2023-05-08T22:18:52.394+0000] {processor.py:156} INFO - Started process (PID=393) to work on /home/airflow/.local/lib/python3.7/site-packages/airflow/example_dags/example_branch_python_dop_operator_3.py
[2023-05-08T22:18:52.395+0000] {processor.py:799} INFO - Processing file /home/airflow/.local/lib/python3.7/site-packages/airflow/example_dags/example_branch_python_dop_operator_3.py for tasks to queue
[2023-05-08T22:18:52.395+0000] {logging_mixin.py:149} INFO - [2023-05-08T22:18:52.395+0000] {dagbag.py:541} INFO - Filling up the DagBag from /home/airflow/.local/lib/python3.7/site-packages/airflow/example_dags/example_branch_python_dop_operator_3.py
[2023-05-08T22:18:52.403+0000] {processor.py:809} INFO - DAG(s) dict_keys(['example_branch_dop_operator_v3']) retrieved from /home/airflow/.local/lib/python3.7/site-packages/airflow/example_dags/example_branch_python_dop_operator_3.py
[2023-05-08T22:18:52.430+0000] {logging_mixin.py:149} INFO - [2023-05-08T22:18:52.430+0000] {dag.py:2726} INFO - Sync 1 DAGs
[2023-05-08T22:18:52.464+0000] {logging_mixin.py:149} INFO - [2023-05-08T22:18:52.464+0000] {dag.py:3490} INFO - Setting next_dagrun for example_branch_dop_operator_v3 to 2023-05-08T22:17:00+00:00, run_after=2023-05-08T22:18:00+00:00
[2023-05-08T22:18:52.481+0000] {processor.py:178} INFO - Processing /home/airflow/.local/lib/python3.7/site-packages/airflow/example_dags/example_branch_python_dop_operator_3.py took 0.090 seconds
[2023-05-08T22:19:23.174+0000] {processor.py:156} INFO - Started process (PID=450) to work on /home/airflow/.local/lib/python3.7/site-packages/airflow/example_dags/example_branch_python_dop_operator_3.py
[2023-05-08T22:19:23.175+0000] {processor.py:799} INFO - Processing file /home/airflow/.local/lib/python3.7/site-packages/airflow/example_dags/example_branch_python_dop_operator_3.py for tasks to queue
[2023-05-08T22:19:23.176+0000] {logging_mixin.py:149} INFO - [2023-05-08T22:19:23.176+0000] {dagbag.py:541} INFO - Filling up the DagBag from /home/airflow/.local/lib/python3.7/site-packages/airflow/example_dags/example_branch_python_dop_operator_3.py
[2023-05-08T22:19:23.181+0000] {processor.py:809} INFO - DAG(s) dict_keys(['example_branch_dop_operator_v3']) retrieved from /home/airflow/.local/lib/python3.7/site-packages/airflow/example_dags/example_branch_python_dop_operator_3.py
[2023-05-08T22:19:23.209+0000] {logging_mixin.py:149} INFO - [2023-05-08T22:19:23.209+0000] {dag.py:2726} INFO - Sync 1 DAGs
[2023-05-08T22:19:23.233+0000] {logging_mixin.py:149} INFO - [2023-05-08T22:19:23.233+0000] {dag.py:3490} INFO - Setting next_dagrun for example_branch_dop_operator_v3 to 2023-05-08T22:18:00+00:00, run_after=2023-05-08T22:19:00+00:00
[2023-05-08T22:19:23.247+0000] {processor.py:178} INFO - Processing /home/airflow/.local/lib/python3.7/site-packages/airflow/example_dags/example_branch_python_dop_operator_3.py took 0.075 seconds
[2023-05-08T22:19:53.873+0000] {processor.py:156} INFO - Started process (PID=507) to work on /home/airflow/.local/lib/python3.7/site-packages/airflow/example_dags/example_branch_python_dop_operator_3.py
[2023-05-08T22:19:53.874+0000] {processor.py:799} INFO - Processing file /home/airflow/.local/lib/python3.7/site-packages/airflow/example_dags/example_branch_python_dop_operator_3.py for tasks to queue
[2023-05-08T22:19:53.875+0000] {logging_mixin.py:149} INFO - [2023-05-08T22:19:53.875+0000] {dagbag.py:541} INFO - Filling up the DagBag from /home/airflow/.local/lib/python3.7/site-packages/airflow/example_dags/example_branch_python_dop_operator_3.py
[2023-05-08T22:19:53.880+0000] {processor.py:809} INFO - DAG(s) dict_keys(['example_branch_dop_operator_v3']) retrieved from /home/airflow/.local/lib/python3.7/site-packages/airflow/example_dags/example_branch_python_dop_operator_3.py
[2023-05-08T22:19:53.907+0000] {logging_mixin.py:149} INFO - [2023-05-08T22:19:53.907+0000] {dag.py:2726} INFO - Sync 1 DAGs
[2023-05-08T22:19:53.932+0000] {logging_mixin.py:149} INFO - [2023-05-08T22:19:53.932+0000] {dag.py:3490} INFO - Setting next_dagrun for example_branch_dop_operator_v3 to 2023-05-08T22:18:00+00:00, run_after=2023-05-08T22:19:00+00:00
[2023-05-08T22:19:53.947+0000] {processor.py:178} INFO - Processing /home/airflow/.local/lib/python3.7/site-packages/airflow/example_dags/example_branch_python_dop_operator_3.py took 0.077 seconds
[2023-05-08T22:20:24.615+0000] {processor.py:156} INFO - Started process (PID=565) to work on /home/airflow/.local/lib/python3.7/site-packages/airflow/example_dags/example_branch_python_dop_operator_3.py
[2023-05-08T22:20:24.616+0000] {processor.py:799} INFO - Processing file /home/airflow/.local/lib/python3.7/site-packages/airflow/example_dags/example_branch_python_dop_operator_3.py for tasks to queue
[2023-05-08T22:20:24.616+0000] {logging_mixin.py:149} INFO - [2023-05-08T22:20:24.616+0000] {dagbag.py:541} INFO - Filling up the DagBag from /home/airflow/.local/lib/python3.7/site-packages/airflow/example_dags/example_branch_python_dop_operator_3.py
[2023-05-08T22:20:24.622+0000] {processor.py:809} INFO - DAG(s) dict_keys(['example_branch_dop_operator_v3']) retrieved from /home/airflow/.local/lib/python3.7/site-packages/airflow/example_dags/example_branch_python_dop_operator_3.py
[2023-05-08T22:20:24.645+0000] {logging_mixin.py:149} INFO - [2023-05-08T22:20:24.645+0000] {dag.py:2726} INFO - Sync 1 DAGs
[2023-05-08T22:20:24.668+0000] {logging_mixin.py:149} INFO - [2023-05-08T22:20:24.668+0000] {dag.py:3490} INFO - Setting next_dagrun for example_branch_dop_operator_v3 to 2023-05-08T22:19:00+00:00, run_after=2023-05-08T22:20:00+00:00
[2023-05-08T22:20:24.682+0000] {processor.py:178} INFO - Processing /home/airflow/.local/lib/python3.7/site-packages/airflow/example_dags/example_branch_python_dop_operator_3.py took 0.070 seconds
[2023-05-08T22:20:55.481+0000] {processor.py:156} INFO - Started process (PID=622) to work on /home/airflow/.local/lib/python3.7/site-packages/airflow/example_dags/example_branch_python_dop_operator_3.py
[2023-05-08T22:20:55.482+0000] {processor.py:799} INFO - Processing file /home/airflow/.local/lib/python3.7/site-packages/airflow/example_dags/example_branch_python_dop_operator_3.py for tasks to queue
[2023-05-08T22:20:55.483+0000] {logging_mixin.py:149} INFO - [2023-05-08T22:20:55.483+0000] {dagbag.py:541} INFO - Filling up the DagBag from /home/airflow/.local/lib/python3.7/site-packages/airflow/example_dags/example_branch_python_dop_operator_3.py
[2023-05-08T22:20:55.490+0000] {processor.py:809} INFO - DAG(s) dict_keys(['example_branch_dop_operator_v3']) retrieved from /home/airflow/.local/lib/python3.7/site-packages/airflow/example_dags/example_branch_python_dop_operator_3.py
[2023-05-08T22:20:55.520+0000] {logging_mixin.py:149} INFO - [2023-05-08T22:20:55.520+0000] {dag.py:2726} INFO - Sync 1 DAGs
[2023-05-08T22:20:55.543+0000] {logging_mixin.py:149} INFO - [2023-05-08T22:20:55.543+0000] {dag.py:3490} INFO - Setting next_dagrun for example_branch_dop_operator_v3 to 2023-05-08T22:19:00+00:00, run_after=2023-05-08T22:20:00+00:00
[2023-05-08T22:20:55.557+0000] {processor.py:178} INFO - Processing /home/airflow/.local/lib/python3.7/site-packages/airflow/example_dags/example_branch_python_dop_operator_3.py took 0.080 seconds
[2023-05-08T22:21:26.349+0000] {processor.py:156} INFO - Started process (PID=679) to work on /home/airflow/.local/lib/python3.7/site-packages/airflow/example_dags/example_branch_python_dop_operator_3.py
[2023-05-08T22:21:26.350+0000] {processor.py:799} INFO - Processing file /home/airflow/.local/lib/python3.7/site-packages/airflow/example_dags/example_branch_python_dop_operator_3.py for tasks to queue
[2023-05-08T22:21:26.351+0000] {logging_mixin.py:149} INFO - [2023-05-08T22:21:26.351+0000] {dagbag.py:541} INFO - Filling up the DagBag from /home/airflow/.local/lib/python3.7/site-packages/airflow/example_dags/example_branch_python_dop_operator_3.py
[2023-05-08T22:21:26.357+0000] {processor.py:809} INFO - DAG(s) dict_keys(['example_branch_dop_operator_v3']) retrieved from /home/airflow/.local/lib/python3.7/site-packages/airflow/example_dags/example_branch_python_dop_operator_3.py
[2023-05-08T22:21:26.384+0000] {logging_mixin.py:149} INFO - [2023-05-08T22:21:26.384+0000] {dag.py:2726} INFO - Sync 1 DAGs
[2023-05-08T22:21:26.409+0000] {logging_mixin.py:149} INFO - [2023-05-08T22:21:26.408+0000] {dag.py:3490} INFO - Setting next_dagrun for example_branch_dop_operator_v3 to 2023-05-08T22:20:00+00:00, run_after=2023-05-08T22:21:00+00:00
[2023-05-08T22:21:26.423+0000] {processor.py:178} INFO - Processing /home/airflow/.local/lib/python3.7/site-packages/airflow/example_dags/example_branch_python_dop_operator_3.py took 0.078 seconds
[2023-05-08T22:22:08.331+0000] {processor.py:156} INFO - Started process (PID=52) to work on /home/airflow/.local/lib/python3.7/site-packages/airflow/example_dags/example_branch_python_dop_operator_3.py
[2023-05-08T22:22:08.336+0000] {processor.py:799} INFO - Processing file /home/airflow/.local/lib/python3.7/site-packages/airflow/example_dags/example_branch_python_dop_operator_3.py for tasks to queue
[2023-05-08T22:22:08.337+0000] {logging_mixin.py:149} INFO - [2023-05-08T22:22:08.337+0000] {dagbag.py:541} INFO - Filling up the DagBag from /home/airflow/.local/lib/python3.7/site-packages/airflow/example_dags/example_branch_python_dop_operator_3.py
[2023-05-08T22:22:08.355+0000] {processor.py:809} INFO - DAG(s) dict_keys(['example_branch_dop_operator_v3']) retrieved from /home/airflow/.local/lib/python3.7/site-packages/airflow/example_dags/example_branch_python_dop_operator_3.py
[2023-05-08T22:22:08.396+0000] {logging_mixin.py:149} INFO - [2023-05-08T22:22:08.395+0000] {dag.py:2726} INFO - Sync 1 DAGs
[2023-05-08T22:22:08.455+0000] {logging_mixin.py:149} INFO - [2023-05-08T22:22:08.455+0000] {dag.py:3490} INFO - Setting next_dagrun for example_branch_dop_operator_v3 to 2023-05-08T22:21:00+00:00, run_after=2023-05-08T22:22:00+00:00
[2023-05-08T22:22:08.476+0000] {processor.py:178} INFO - Processing /home/airflow/.local/lib/python3.7/site-packages/airflow/example_dags/example_branch_python_dop_operator_3.py took 0.156 seconds
[2023-05-08T22:22:39.169+0000] {processor.py:156} INFO - Started process (PID=109) to work on /home/airflow/.local/lib/python3.7/site-packages/airflow/example_dags/example_branch_python_dop_operator_3.py
[2023-05-08T22:22:39.170+0000] {processor.py:799} INFO - Processing file /home/airflow/.local/lib/python3.7/site-packages/airflow/example_dags/example_branch_python_dop_operator_3.py for tasks to queue
[2023-05-08T22:22:39.170+0000] {logging_mixin.py:149} INFO - [2023-05-08T22:22:39.170+0000] {dagbag.py:541} INFO - Filling up the DagBag from /home/airflow/.local/lib/python3.7/site-packages/airflow/example_dags/example_branch_python_dop_operator_3.py
[2023-05-08T22:22:39.177+0000] {processor.py:809} INFO - DAG(s) dict_keys(['example_branch_dop_operator_v3']) retrieved from /home/airflow/.local/lib/python3.7/site-packages/airflow/example_dags/example_branch_python_dop_operator_3.py
[2023-05-08T22:22:39.200+0000] {logging_mixin.py:149} INFO - [2023-05-08T22:22:39.200+0000] {dag.py:2726} INFO - Sync 1 DAGs
[2023-05-08T22:22:39.223+0000] {logging_mixin.py:149} INFO - [2023-05-08T22:22:39.222+0000] {dag.py:3490} INFO - Setting next_dagrun for example_branch_dop_operator_v3 to 2023-05-08T22:21:00+00:00, run_after=2023-05-08T22:22:00+00:00
[2023-05-08T22:22:39.235+0000] {processor.py:178} INFO - Processing /home/airflow/.local/lib/python3.7/site-packages/airflow/example_dags/example_branch_python_dop_operator_3.py took 0.069 seconds
[2023-05-08T22:23:09.445+0000] {processor.py:156} INFO - Started process (PID=166) to work on /home/airflow/.local/lib/python3.7/site-packages/airflow/example_dags/example_branch_python_dop_operator_3.py
[2023-05-08T22:23:09.446+0000] {processor.py:799} INFO - Processing file /home/airflow/.local/lib/python3.7/site-packages/airflow/example_dags/example_branch_python_dop_operator_3.py for tasks to queue
[2023-05-08T22:23:09.447+0000] {logging_mixin.py:149} INFO - [2023-05-08T22:23:09.447+0000] {dagbag.py:541} INFO - Filling up the DagBag from /home/airflow/.local/lib/python3.7/site-packages/airflow/example_dags/example_branch_python_dop_operator_3.py
[2023-05-08T22:23:09.452+0000] {processor.py:809} INFO - DAG(s) dict_keys(['example_branch_dop_operator_v3']) retrieved from /home/airflow/.local/lib/python3.7/site-packages/airflow/example_dags/example_branch_python_dop_operator_3.py
[2023-05-08T22:23:09.473+0000] {logging_mixin.py:149} INFO - [2023-05-08T22:23:09.472+0000] {dag.py:2726} INFO - Sync 1 DAGs
[2023-05-08T22:23:09.495+0000] {logging_mixin.py:149} INFO - [2023-05-08T22:23:09.494+0000] {dag.py:3490} INFO - Setting next_dagrun for example_branch_dop_operator_v3 to 2023-05-08T22:22:00+00:00, run_after=2023-05-08T22:23:00+00:00
[2023-05-08T22:23:09.508+0000] {processor.py:178} INFO - Processing /home/airflow/.local/lib/python3.7/site-packages/airflow/example_dags/example_branch_python_dop_operator_3.py took 0.066 seconds
[2023-05-08T22:23:40.199+0000] {processor.py:156} INFO - Started process (PID=223) to work on /home/airflow/.local/lib/python3.7/site-packages/airflow/example_dags/example_branch_python_dop_operator_3.py
[2023-05-08T22:23:40.200+0000] {processor.py:799} INFO - Processing file /home/airflow/.local/lib/python3.7/site-packages/airflow/example_dags/example_branch_python_dop_operator_3.py for tasks to queue
[2023-05-08T22:23:40.200+0000] {logging_mixin.py:149} INFO - [2023-05-08T22:23:40.200+0000] {dagbag.py:541} INFO - Filling up the DagBag from /home/airflow/.local/lib/python3.7/site-packages/airflow/example_dags/example_branch_python_dop_operator_3.py
[2023-05-08T22:23:40.206+0000] {processor.py:809} INFO - DAG(s) dict_keys(['example_branch_dop_operator_v3']) retrieved from /home/airflow/.local/lib/python3.7/site-packages/airflow/example_dags/example_branch_python_dop_operator_3.py
[2023-05-08T22:23:40.228+0000] {logging_mixin.py:149} INFO - [2023-05-08T22:23:40.228+0000] {dag.py:2726} INFO - Sync 1 DAGs
[2023-05-08T22:23:40.250+0000] {logging_mixin.py:149} INFO - [2023-05-08T22:23:40.250+0000] {dag.py:3490} INFO - Setting next_dagrun for example_branch_dop_operator_v3 to 2023-05-08T22:22:00+00:00, run_after=2023-05-08T22:23:00+00:00
[2023-05-08T22:23:40.264+0000] {processor.py:178} INFO - Processing /home/airflow/.local/lib/python3.7/site-packages/airflow/example_dags/example_branch_python_dop_operator_3.py took 0.068 seconds
[2023-05-08T22:24:11.005+0000] {processor.py:156} INFO - Started process (PID=280) to work on /home/airflow/.local/lib/python3.7/site-packages/airflow/example_dags/example_branch_python_dop_operator_3.py
[2023-05-08T22:24:11.006+0000] {processor.py:799} INFO - Processing file /home/airflow/.local/lib/python3.7/site-packages/airflow/example_dags/example_branch_python_dop_operator_3.py for tasks to queue
[2023-05-08T22:24:11.007+0000] {logging_mixin.py:149} INFO - [2023-05-08T22:24:11.007+0000] {dagbag.py:541} INFO - Filling up the DagBag from /home/airflow/.local/lib/python3.7/site-packages/airflow/example_dags/example_branch_python_dop_operator_3.py
[2023-05-08T22:24:11.012+0000] {processor.py:809} INFO - DAG(s) dict_keys(['example_branch_dop_operator_v3']) retrieved from /home/airflow/.local/lib/python3.7/site-packages/airflow/example_dags/example_branch_python_dop_operator_3.py
[2023-05-08T22:24:11.034+0000] {logging_mixin.py:149} INFO - [2023-05-08T22:24:11.034+0000] {dag.py:2726} INFO - Sync 1 DAGs
[2023-05-08T22:24:11.056+0000] {logging_mixin.py:149} INFO - [2023-05-08T22:24:11.056+0000] {dag.py:3490} INFO - Setting next_dagrun for example_branch_dop_operator_v3 to 2023-05-08T22:23:00+00:00, run_after=2023-05-08T22:24:00+00:00
[2023-05-08T22:24:11.069+0000] {processor.py:178} INFO - Processing /home/airflow/.local/lib/python3.7/site-packages/airflow/example_dags/example_branch_python_dop_operator_3.py took 0.066 seconds
[2023-05-08T22:24:41.817+0000] {processor.py:156} INFO - Started process (PID=337) to work on /home/airflow/.local/lib/python3.7/site-packages/airflow/example_dags/example_branch_python_dop_operator_3.py
[2023-05-08T22:24:41.818+0000] {processor.py:799} INFO - Processing file /home/airflow/.local/lib/python3.7/site-packages/airflow/example_dags/example_branch_python_dop_operator_3.py for tasks to queue
[2023-05-08T22:24:41.819+0000] {logging_mixin.py:149} INFO - [2023-05-08T22:24:41.819+0000] {dagbag.py:541} INFO - Filling up the DagBag from /home/airflow/.local/lib/python3.7/site-packages/airflow/example_dags/example_branch_python_dop_operator_3.py
[2023-05-08T22:24:41.824+0000] {processor.py:809} INFO - DAG(s) dict_keys(['example_branch_dop_operator_v3']) retrieved from /home/airflow/.local/lib/python3.7/site-packages/airflow/example_dags/example_branch_python_dop_operator_3.py
[2023-05-08T22:24:41.849+0000] {logging_mixin.py:149} INFO - [2023-05-08T22:24:41.849+0000] {dag.py:2726} INFO - Sync 1 DAGs
[2023-05-08T22:24:41.872+0000] {logging_mixin.py:149} INFO - [2023-05-08T22:24:41.872+0000] {dag.py:3490} INFO - Setting next_dagrun for example_branch_dop_operator_v3 to 2023-05-08T22:23:00+00:00, run_after=2023-05-08T22:24:00+00:00
[2023-05-08T22:24:41.887+0000] {processor.py:178} INFO - Processing /home/airflow/.local/lib/python3.7/site-packages/airflow/example_dags/example_branch_python_dop_operator_3.py took 0.073 seconds
[2023-05-08T22:25:12.475+0000] {processor.py:156} INFO - Started process (PID=394) to work on /home/airflow/.local/lib/python3.7/site-packages/airflow/example_dags/example_branch_python_dop_operator_3.py
[2023-05-08T22:25:12.476+0000] {processor.py:799} INFO - Processing file /home/airflow/.local/lib/python3.7/site-packages/airflow/example_dags/example_branch_python_dop_operator_3.py for tasks to queue
[2023-05-08T22:25:12.476+0000] {logging_mixin.py:149} INFO - [2023-05-08T22:25:12.476+0000] {dagbag.py:541} INFO - Filling up the DagBag from /home/airflow/.local/lib/python3.7/site-packages/airflow/example_dags/example_branch_python_dop_operator_3.py
[2023-05-08T22:25:12.483+0000] {processor.py:809} INFO - DAG(s) dict_keys(['example_branch_dop_operator_v3']) retrieved from /home/airflow/.local/lib/python3.7/site-packages/airflow/example_dags/example_branch_python_dop_operator_3.py
[2023-05-08T22:25:12.505+0000] {logging_mixin.py:149} INFO - [2023-05-08T22:25:12.505+0000] {dag.py:2726} INFO - Sync 1 DAGs
[2023-05-08T22:25:12.526+0000] {logging_mixin.py:149} INFO - [2023-05-08T22:25:12.526+0000] {dag.py:3490} INFO - Setting next_dagrun for example_branch_dop_operator_v3 to 2023-05-08T22:24:00+00:00, run_after=2023-05-08T22:25:00+00:00
[2023-05-08T22:25:12.540+0000] {processor.py:178} INFO - Processing /home/airflow/.local/lib/python3.7/site-packages/airflow/example_dags/example_branch_python_dop_operator_3.py took 0.068 seconds
[2023-05-08T22:25:59.631+0000] {processor.py:156} INFO - Started process (PID=52) to work on /home/airflow/.local/lib/python3.7/site-packages/airflow/example_dags/example_branch_python_dop_operator_3.py
[2023-05-08T22:25:59.635+0000] {processor.py:799} INFO - Processing file /home/airflow/.local/lib/python3.7/site-packages/airflow/example_dags/example_branch_python_dop_operator_3.py for tasks to queue
[2023-05-08T22:25:59.638+0000] {logging_mixin.py:149} INFO - [2023-05-08T22:25:59.638+0000] {dagbag.py:541} INFO - Filling up the DagBag from /home/airflow/.local/lib/python3.7/site-packages/airflow/example_dags/example_branch_python_dop_operator_3.py
[2023-05-08T22:25:59.660+0000] {processor.py:809} INFO - DAG(s) dict_keys(['example_branch_dop_operator_v3']) retrieved from /home/airflow/.local/lib/python3.7/site-packages/airflow/example_dags/example_branch_python_dop_operator_3.py
[2023-05-08T22:25:59.682+0000] {logging_mixin.py:149} INFO - [2023-05-08T22:25:59.682+0000] {dag.py:2726} INFO - Sync 1 DAGs
[2023-05-08T22:25:59.723+0000] {logging_mixin.py:149} INFO - [2023-05-08T22:25:59.723+0000] {dag.py:3490} INFO - Setting next_dagrun for example_branch_dop_operator_v3 to 2023-05-08T22:24:00+00:00, run_after=2023-05-08T22:25:00+00:00
[2023-05-08T22:25:59.746+0000] {processor.py:178} INFO - Processing /home/airflow/.local/lib/python3.7/site-packages/airflow/example_dags/example_branch_python_dop_operator_3.py took 0.128 seconds
[2023-05-08T22:26:30.654+0000] {processor.py:156} INFO - Started process (PID=109) to work on /home/airflow/.local/lib/python3.7/site-packages/airflow/example_dags/example_branch_python_dop_operator_3.py
[2023-05-08T22:26:30.655+0000] {processor.py:799} INFO - Processing file /home/airflow/.local/lib/python3.7/site-packages/airflow/example_dags/example_branch_python_dop_operator_3.py for tasks to queue
[2023-05-08T22:26:30.656+0000] {logging_mixin.py:149} INFO - [2023-05-08T22:26:30.656+0000] {dagbag.py:541} INFO - Filling up the DagBag from /home/airflow/.local/lib/python3.7/site-packages/airflow/example_dags/example_branch_python_dop_operator_3.py
[2023-05-08T22:26:30.662+0000] {processor.py:809} INFO - DAG(s) dict_keys(['example_branch_dop_operator_v3']) retrieved from /home/airflow/.local/lib/python3.7/site-packages/airflow/example_dags/example_branch_python_dop_operator_3.py
[2023-05-08T22:26:30.686+0000] {logging_mixin.py:149} INFO - [2023-05-08T22:26:30.686+0000] {dag.py:2726} INFO - Sync 1 DAGs
[2023-05-08T22:26:30.708+0000] {logging_mixin.py:149} INFO - [2023-05-08T22:26:30.708+0000] {dag.py:3490} INFO - Setting next_dagrun for example_branch_dop_operator_v3 to 2023-05-08T22:25:00+00:00, run_after=2023-05-08T22:26:00+00:00
[2023-05-08T22:26:30.722+0000] {processor.py:178} INFO - Processing /home/airflow/.local/lib/python3.7/site-packages/airflow/example_dags/example_branch_python_dop_operator_3.py took 0.071 seconds
[2023-05-08T22:27:01.569+0000] {processor.py:156} INFO - Started process (PID=166) to work on /home/airflow/.local/lib/python3.7/site-packages/airflow/example_dags/example_branch_python_dop_operator_3.py
[2023-05-08T22:27:01.572+0000] {processor.py:799} INFO - Processing file /home/airflow/.local/lib/python3.7/site-packages/airflow/example_dags/example_branch_python_dop_operator_3.py for tasks to queue
[2023-05-08T22:27:01.573+0000] {logging_mixin.py:149} INFO - [2023-05-08T22:27:01.573+0000] {dagbag.py:541} INFO - Filling up the DagBag from /home/airflow/.local/lib/python3.7/site-packages/airflow/example_dags/example_branch_python_dop_operator_3.py
[2023-05-08T22:27:01.581+0000] {processor.py:809} INFO - DAG(s) dict_keys(['example_branch_dop_operator_v3']) retrieved from /home/airflow/.local/lib/python3.7/site-packages/airflow/example_dags/example_branch_python_dop_operator_3.py
[2023-05-08T22:27:01.628+0000] {logging_mixin.py:149} INFO - [2023-05-08T22:27:01.628+0000] {dag.py:2726} INFO - Sync 1 DAGs
[2023-05-08T22:27:01.666+0000] {logging_mixin.py:149} INFO - [2023-05-08T22:27:01.666+0000] {dag.py:3490} INFO - Setting next_dagrun for example_branch_dop_operator_v3 to 2023-05-08T22:26:00+00:00, run_after=2023-05-08T22:27:00+00:00
[2023-05-08T22:27:01.682+0000] {processor.py:178} INFO - Processing /home/airflow/.local/lib/python3.7/site-packages/airflow/example_dags/example_branch_python_dop_operator_3.py took 0.116 seconds
[2023-05-08T22:27:32.355+0000] {processor.py:156} INFO - Started process (PID=223) to work on /home/airflow/.local/lib/python3.7/site-packages/airflow/example_dags/example_branch_python_dop_operator_3.py
[2023-05-08T22:27:32.357+0000] {processor.py:799} INFO - Processing file /home/airflow/.local/lib/python3.7/site-packages/airflow/example_dags/example_branch_python_dop_operator_3.py for tasks to queue
[2023-05-08T22:27:32.357+0000] {logging_mixin.py:149} INFO - [2023-05-08T22:27:32.357+0000] {dagbag.py:541} INFO - Filling up the DagBag from /home/airflow/.local/lib/python3.7/site-packages/airflow/example_dags/example_branch_python_dop_operator_3.py
[2023-05-08T22:27:32.363+0000] {processor.py:809} INFO - DAG(s) dict_keys(['example_branch_dop_operator_v3']) retrieved from /home/airflow/.local/lib/python3.7/site-packages/airflow/example_dags/example_branch_python_dop_operator_3.py
[2023-05-08T22:27:32.388+0000] {logging_mixin.py:149} INFO - [2023-05-08T22:27:32.388+0000] {dag.py:2726} INFO - Sync 1 DAGs
[2023-05-08T22:27:32.409+0000] {logging_mixin.py:149} INFO - [2023-05-08T22:27:32.409+0000] {dag.py:3490} INFO - Setting next_dagrun for example_branch_dop_operator_v3 to 2023-05-08T22:26:00+00:00, run_after=2023-05-08T22:27:00+00:00
[2023-05-08T22:27:32.424+0000] {processor.py:178} INFO - Processing /home/airflow/.local/lib/python3.7/site-packages/airflow/example_dags/example_branch_python_dop_operator_3.py took 0.071 seconds
[2023-05-08T22:28:02.838+0000] {processor.py:156} INFO - Started process (PID=280) to work on /home/airflow/.local/lib/python3.7/site-packages/airflow/example_dags/example_branch_python_dop_operator_3.py
[2023-05-08T22:28:02.839+0000] {processor.py:799} INFO - Processing file /home/airflow/.local/lib/python3.7/site-packages/airflow/example_dags/example_branch_python_dop_operator_3.py for tasks to queue
[2023-05-08T22:28:02.840+0000] {logging_mixin.py:149} INFO - [2023-05-08T22:28:02.839+0000] {dagbag.py:541} INFO - Filling up the DagBag from /home/airflow/.local/lib/python3.7/site-packages/airflow/example_dags/example_branch_python_dop_operator_3.py
[2023-05-08T22:28:02.845+0000] {processor.py:809} INFO - DAG(s) dict_keys(['example_branch_dop_operator_v3']) retrieved from /home/airflow/.local/lib/python3.7/site-packages/airflow/example_dags/example_branch_python_dop_operator_3.py
[2023-05-08T22:28:02.868+0000] {logging_mixin.py:149} INFO - [2023-05-08T22:28:02.868+0000] {dag.py:2726} INFO - Sync 1 DAGs
[2023-05-08T22:28:02.894+0000] {logging_mixin.py:149} INFO - [2023-05-08T22:28:02.893+0000] {dag.py:3490} INFO - Setting next_dagrun for example_branch_dop_operator_v3 to 2023-05-08T22:27:00+00:00, run_after=2023-05-08T22:28:00+00:00
[2023-05-08T22:28:02.909+0000] {processor.py:178} INFO - Processing /home/airflow/.local/lib/python3.7/site-packages/airflow/example_dags/example_branch_python_dop_operator_3.py took 0.074 seconds
[2023-05-08T22:28:33.538+0000] {processor.py:156} INFO - Started process (PID=337) to work on /home/airflow/.local/lib/python3.7/site-packages/airflow/example_dags/example_branch_python_dop_operator_3.py
[2023-05-08T22:28:33.539+0000] {processor.py:799} INFO - Processing file /home/airflow/.local/lib/python3.7/site-packages/airflow/example_dags/example_branch_python_dop_operator_3.py for tasks to queue
[2023-05-08T22:28:33.540+0000] {logging_mixin.py:149} INFO - [2023-05-08T22:28:33.540+0000] {dagbag.py:541} INFO - Filling up the DagBag from /home/airflow/.local/lib/python3.7/site-packages/airflow/example_dags/example_branch_python_dop_operator_3.py
[2023-05-08T22:28:33.545+0000] {processor.py:809} INFO - DAG(s) dict_keys(['example_branch_dop_operator_v3']) retrieved from /home/airflow/.local/lib/python3.7/site-packages/airflow/example_dags/example_branch_python_dop_operator_3.py
[2023-05-08T22:28:33.569+0000] {logging_mixin.py:149} INFO - [2023-05-08T22:28:33.569+0000] {dag.py:2726} INFO - Sync 1 DAGs
[2023-05-08T22:28:33.592+0000] {logging_mixin.py:149} INFO - [2023-05-08T22:28:33.592+0000] {dag.py:3490} INFO - Setting next_dagrun for example_branch_dop_operator_v3 to 2023-05-08T22:27:00+00:00, run_after=2023-05-08T22:28:00+00:00
[2023-05-08T22:28:33.605+0000] {processor.py:178} INFO - Processing /home/airflow/.local/lib/python3.7/site-packages/airflow/example_dags/example_branch_python_dop_operator_3.py took 0.069 seconds
[2023-05-08T22:29:04.389+0000] {processor.py:156} INFO - Started process (PID=394) to work on /home/airflow/.local/lib/python3.7/site-packages/airflow/example_dags/example_branch_python_dop_operator_3.py
[2023-05-08T22:29:04.390+0000] {processor.py:799} INFO - Processing file /home/airflow/.local/lib/python3.7/site-packages/airflow/example_dags/example_branch_python_dop_operator_3.py for tasks to queue
[2023-05-08T22:29:04.391+0000] {logging_mixin.py:149} INFO - [2023-05-08T22:29:04.391+0000] {dagbag.py:541} INFO - Filling up the DagBag from /home/airflow/.local/lib/python3.7/site-packages/airflow/example_dags/example_branch_python_dop_operator_3.py
[2023-05-08T22:29:04.396+0000] {processor.py:809} INFO - DAG(s) dict_keys(['example_branch_dop_operator_v3']) retrieved from /home/airflow/.local/lib/python3.7/site-packages/airflow/example_dags/example_branch_python_dop_operator_3.py
[2023-05-08T22:29:04.420+0000] {logging_mixin.py:149} INFO - [2023-05-08T22:29:04.419+0000] {dag.py:2726} INFO - Sync 1 DAGs
[2023-05-08T22:29:04.441+0000] {logging_mixin.py:149} INFO - [2023-05-08T22:29:04.441+0000] {dag.py:3490} INFO - Setting next_dagrun for example_branch_dop_operator_v3 to 2023-05-08T22:28:00+00:00, run_after=2023-05-08T22:29:00+00:00
[2023-05-08T22:29:04.454+0000] {processor.py:178} INFO - Processing /home/airflow/.local/lib/python3.7/site-packages/airflow/example_dags/example_branch_python_dop_operator_3.py took 0.068 seconds
[2023-05-08T22:29:34.932+0000] {processor.py:156} INFO - Started process (PID=451) to work on /home/airflow/.local/lib/python3.7/site-packages/airflow/example_dags/example_branch_python_dop_operator_3.py
[2023-05-08T22:29:34.933+0000] {processor.py:799} INFO - Processing file /home/airflow/.local/lib/python3.7/site-packages/airflow/example_dags/example_branch_python_dop_operator_3.py for tasks to queue
[2023-05-08T22:29:34.934+0000] {logging_mixin.py:149} INFO - [2023-05-08T22:29:34.934+0000] {dagbag.py:541} INFO - Filling up the DagBag from /home/airflow/.local/lib/python3.7/site-packages/airflow/example_dags/example_branch_python_dop_operator_3.py
[2023-05-08T22:29:34.940+0000] {processor.py:809} INFO - DAG(s) dict_keys(['example_branch_dop_operator_v3']) retrieved from /home/airflow/.local/lib/python3.7/site-packages/airflow/example_dags/example_branch_python_dop_operator_3.py
[2023-05-08T22:29:34.968+0000] {logging_mixin.py:149} INFO - [2023-05-08T22:29:34.968+0000] {dag.py:2726} INFO - Sync 1 DAGs
[2023-05-08T22:29:34.992+0000] {logging_mixin.py:149} INFO - [2023-05-08T22:29:34.992+0000] {dag.py:3490} INFO - Setting next_dagrun for example_branch_dop_operator_v3 to 2023-05-08T22:28:00+00:00, run_after=2023-05-08T22:29:00+00:00
[2023-05-08T22:29:35.006+0000] {processor.py:178} INFO - Processing /home/airflow/.local/lib/python3.7/site-packages/airflow/example_dags/example_branch_python_dop_operator_3.py took 0.077 seconds
[2023-05-08T22:30:05.754+0000] {processor.py:156} INFO - Started process (PID=508) to work on /home/airflow/.local/lib/python3.7/site-packages/airflow/example_dags/example_branch_python_dop_operator_3.py
[2023-05-08T22:30:05.756+0000] {processor.py:799} INFO - Processing file /home/airflow/.local/lib/python3.7/site-packages/airflow/example_dags/example_branch_python_dop_operator_3.py for tasks to queue
[2023-05-08T22:30:05.756+0000] {logging_mixin.py:149} INFO - [2023-05-08T22:30:05.756+0000] {dagbag.py:541} INFO - Filling up the DagBag from /home/airflow/.local/lib/python3.7/site-packages/airflow/example_dags/example_branch_python_dop_operator_3.py
[2023-05-08T22:30:05.763+0000] {processor.py:809} INFO - DAG(s) dict_keys(['example_branch_dop_operator_v3']) retrieved from /home/airflow/.local/lib/python3.7/site-packages/airflow/example_dags/example_branch_python_dop_operator_3.py
[2023-05-08T22:30:05.789+0000] {logging_mixin.py:149} INFO - [2023-05-08T22:30:05.789+0000] {dag.py:2726} INFO - Sync 1 DAGs
[2023-05-08T22:30:05.812+0000] {logging_mixin.py:149} INFO - [2023-05-08T22:30:05.812+0000] {dag.py:3490} INFO - Setting next_dagrun for example_branch_dop_operator_v3 to 2023-05-08T22:29:00+00:00, run_after=2023-05-08T22:30:00+00:00
[2023-05-08T22:30:05.826+0000] {processor.py:178} INFO - Processing /home/airflow/.local/lib/python3.7/site-packages/airflow/example_dags/example_branch_python_dop_operator_3.py took 0.076 seconds
[2023-05-08T22:30:36.501+0000] {processor.py:156} INFO - Started process (PID=565) to work on /home/airflow/.local/lib/python3.7/site-packages/airflow/example_dags/example_branch_python_dop_operator_3.py
[2023-05-08T22:30:36.502+0000] {processor.py:799} INFO - Processing file /home/airflow/.local/lib/python3.7/site-packages/airflow/example_dags/example_branch_python_dop_operator_3.py for tasks to queue
[2023-05-08T22:30:36.503+0000] {logging_mixin.py:149} INFO - [2023-05-08T22:30:36.503+0000] {dagbag.py:541} INFO - Filling up the DagBag from /home/airflow/.local/lib/python3.7/site-packages/airflow/example_dags/example_branch_python_dop_operator_3.py
[2023-05-08T22:30:36.513+0000] {processor.py:809} INFO - DAG(s) dict_keys(['example_branch_dop_operator_v3']) retrieved from /home/airflow/.local/lib/python3.7/site-packages/airflow/example_dags/example_branch_python_dop_operator_3.py
[2023-05-08T22:30:36.547+0000] {logging_mixin.py:149} INFO - [2023-05-08T22:30:36.546+0000] {dag.py:2726} INFO - Sync 1 DAGs
[2023-05-08T22:30:36.583+0000] {logging_mixin.py:149} INFO - [2023-05-08T22:30:36.582+0000] {dag.py:3490} INFO - Setting next_dagrun for example_branch_dop_operator_v3 to 2023-05-08T22:29:00+00:00, run_after=2023-05-08T22:30:00+00:00
[2023-05-08T22:30:36.600+0000] {processor.py:178} INFO - Processing /home/airflow/.local/lib/python3.7/site-packages/airflow/example_dags/example_branch_python_dop_operator_3.py took 0.102 seconds
[2023-05-08T22:31:07.512+0000] {processor.py:156} INFO - Started process (PID=622) to work on /home/airflow/.local/lib/python3.7/site-packages/airflow/example_dags/example_branch_python_dop_operator_3.py
[2023-05-08T22:31:07.513+0000] {processor.py:799} INFO - Processing file /home/airflow/.local/lib/python3.7/site-packages/airflow/example_dags/example_branch_python_dop_operator_3.py for tasks to queue
[2023-05-08T22:31:07.513+0000] {logging_mixin.py:149} INFO - [2023-05-08T22:31:07.513+0000] {dagbag.py:541} INFO - Filling up the DagBag from /home/airflow/.local/lib/python3.7/site-packages/airflow/example_dags/example_branch_python_dop_operator_3.py
[2023-05-08T22:31:07.519+0000] {processor.py:809} INFO - DAG(s) dict_keys(['example_branch_dop_operator_v3']) retrieved from /home/airflow/.local/lib/python3.7/site-packages/airflow/example_dags/example_branch_python_dop_operator_3.py
[2023-05-08T22:31:07.542+0000] {logging_mixin.py:149} INFO - [2023-05-08T22:31:07.542+0000] {dag.py:2726} INFO - Sync 1 DAGs
[2023-05-08T22:31:07.563+0000] {logging_mixin.py:149} INFO - [2023-05-08T22:31:07.563+0000] {dag.py:3490} INFO - Setting next_dagrun for example_branch_dop_operator_v3 to 2023-05-08T22:30:00+00:00, run_after=2023-05-08T22:31:00+00:00
[2023-05-08T22:31:07.581+0000] {processor.py:178} INFO - Processing /home/airflow/.local/lib/python3.7/site-packages/airflow/example_dags/example_branch_python_dop_operator_3.py took 0.072 seconds
[2023-05-08T22:31:38.066+0000] {processor.py:156} INFO - Started process (PID=679) to work on /home/airflow/.local/lib/python3.7/site-packages/airflow/example_dags/example_branch_python_dop_operator_3.py
[2023-05-08T22:31:38.067+0000] {processor.py:799} INFO - Processing file /home/airflow/.local/lib/python3.7/site-packages/airflow/example_dags/example_branch_python_dop_operator_3.py for tasks to queue
[2023-05-08T22:31:38.067+0000] {logging_mixin.py:149} INFO - [2023-05-08T22:31:38.067+0000] {dagbag.py:541} INFO - Filling up the DagBag from /home/airflow/.local/lib/python3.7/site-packages/airflow/example_dags/example_branch_python_dop_operator_3.py
[2023-05-08T22:31:38.072+0000] {processor.py:809} INFO - DAG(s) dict_keys(['example_branch_dop_operator_v3']) retrieved from /home/airflow/.local/lib/python3.7/site-packages/airflow/example_dags/example_branch_python_dop_operator_3.py
[2023-05-08T22:31:38.095+0000] {logging_mixin.py:149} INFO - [2023-05-08T22:31:38.095+0000] {dag.py:2726} INFO - Sync 1 DAGs
[2023-05-08T22:31:38.116+0000] {logging_mixin.py:149} INFO - [2023-05-08T22:31:38.116+0000] {dag.py:3490} INFO - Setting next_dagrun for example_branch_dop_operator_v3 to 2023-05-08T22:30:00+00:00, run_after=2023-05-08T22:31:00+00:00
[2023-05-08T22:31:38.129+0000] {processor.py:178} INFO - Processing /home/airflow/.local/lib/python3.7/site-packages/airflow/example_dags/example_branch_python_dop_operator_3.py took 0.066 seconds
[2023-05-08T22:32:08.747+0000] {processor.py:156} INFO - Started process (PID=736) to work on /home/airflow/.local/lib/python3.7/site-packages/airflow/example_dags/example_branch_python_dop_operator_3.py
[2023-05-08T22:32:08.748+0000] {processor.py:799} INFO - Processing file /home/airflow/.local/lib/python3.7/site-packages/airflow/example_dags/example_branch_python_dop_operator_3.py for tasks to queue
[2023-05-08T22:32:08.748+0000] {logging_mixin.py:149} INFO - [2023-05-08T22:32:08.748+0000] {dagbag.py:541} INFO - Filling up the DagBag from /home/airflow/.local/lib/python3.7/site-packages/airflow/example_dags/example_branch_python_dop_operator_3.py
[2023-05-08T22:32:08.755+0000] {processor.py:809} INFO - DAG(s) dict_keys(['example_branch_dop_operator_v3']) retrieved from /home/airflow/.local/lib/python3.7/site-packages/airflow/example_dags/example_branch_python_dop_operator_3.py
[2023-05-08T22:32:08.783+0000] {logging_mixin.py:149} INFO - [2023-05-08T22:32:08.783+0000] {dag.py:2726} INFO - Sync 1 DAGs
[2023-05-08T22:32:08.809+0000] {logging_mixin.py:149} INFO - [2023-05-08T22:32:08.809+0000] {dag.py:3490} INFO - Setting next_dagrun for example_branch_dop_operator_v3 to 2023-05-08T22:31:00+00:00, run_after=2023-05-08T22:32:00+00:00
[2023-05-08T22:32:08.829+0000] {processor.py:178} INFO - Processing /home/airflow/.local/lib/python3.7/site-packages/airflow/example_dags/example_branch_python_dop_operator_3.py took 0.085 seconds
[2023-05-08T22:32:39.570+0000] {processor.py:156} INFO - Started process (PID=793) to work on /home/airflow/.local/lib/python3.7/site-packages/airflow/example_dags/example_branch_python_dop_operator_3.py
[2023-05-08T22:32:39.571+0000] {processor.py:799} INFO - Processing file /home/airflow/.local/lib/python3.7/site-packages/airflow/example_dags/example_branch_python_dop_operator_3.py for tasks to queue
[2023-05-08T22:32:39.571+0000] {logging_mixin.py:149} INFO - [2023-05-08T22:32:39.571+0000] {dagbag.py:541} INFO - Filling up the DagBag from /home/airflow/.local/lib/python3.7/site-packages/airflow/example_dags/example_branch_python_dop_operator_3.py
[2023-05-08T22:32:39.577+0000] {processor.py:809} INFO - DAG(s) dict_keys(['example_branch_dop_operator_v3']) retrieved from /home/airflow/.local/lib/python3.7/site-packages/airflow/example_dags/example_branch_python_dop_operator_3.py
[2023-05-08T22:32:39.602+0000] {logging_mixin.py:149} INFO - [2023-05-08T22:32:39.602+0000] {dag.py:2726} INFO - Sync 1 DAGs
[2023-05-08T22:32:39.626+0000] {logging_mixin.py:149} INFO - [2023-05-08T22:32:39.626+0000] {dag.py:3490} INFO - Setting next_dagrun for example_branch_dop_operator_v3 to 2023-05-08T22:31:00+00:00, run_after=2023-05-08T22:32:00+00:00
[2023-05-08T22:32:39.640+0000] {processor.py:178} INFO - Processing /home/airflow/.local/lib/python3.7/site-packages/airflow/example_dags/example_branch_python_dop_operator_3.py took 0.072 seconds
[2023-05-08T22:33:10.699+0000] {processor.py:156} INFO - Started process (PID=850) to work on /home/airflow/.local/lib/python3.7/site-packages/airflow/example_dags/example_branch_python_dop_operator_3.py
[2023-05-08T22:33:10.700+0000] {processor.py:799} INFO - Processing file /home/airflow/.local/lib/python3.7/site-packages/airflow/example_dags/example_branch_python_dop_operator_3.py for tasks to queue
[2023-05-08T22:33:10.701+0000] {logging_mixin.py:149} INFO - [2023-05-08T22:33:10.701+0000] {dagbag.py:541} INFO - Filling up the DagBag from /home/airflow/.local/lib/python3.7/site-packages/airflow/example_dags/example_branch_python_dop_operator_3.py
[2023-05-08T22:33:10.707+0000] {processor.py:809} INFO - DAG(s) dict_keys(['example_branch_dop_operator_v3']) retrieved from /home/airflow/.local/lib/python3.7/site-packages/airflow/example_dags/example_branch_python_dop_operator_3.py
[2023-05-08T22:33:10.731+0000] {logging_mixin.py:149} INFO - [2023-05-08T22:33:10.731+0000] {dag.py:2726} INFO - Sync 1 DAGs
[2023-05-08T22:33:10.755+0000] {logging_mixin.py:149} INFO - [2023-05-08T22:33:10.755+0000] {dag.py:3490} INFO - Setting next_dagrun for example_branch_dop_operator_v3 to 2023-05-08T22:32:00+00:00, run_after=2023-05-08T22:33:00+00:00
[2023-05-08T22:33:10.772+0000] {processor.py:178} INFO - Processing /home/airflow/.local/lib/python3.7/site-packages/airflow/example_dags/example_branch_python_dop_operator_3.py took 0.077 seconds
[2023-05-08T22:33:41.797+0000] {processor.py:156} INFO - Started process (PID=907) to work on /home/airflow/.local/lib/python3.7/site-packages/airflow/example_dags/example_branch_python_dop_operator_3.py
[2023-05-08T22:33:41.798+0000] {processor.py:799} INFO - Processing file /home/airflow/.local/lib/python3.7/site-packages/airflow/example_dags/example_branch_python_dop_operator_3.py for tasks to queue
[2023-05-08T22:33:41.799+0000] {logging_mixin.py:149} INFO - [2023-05-08T22:33:41.799+0000] {dagbag.py:541} INFO - Filling up the DagBag from /home/airflow/.local/lib/python3.7/site-packages/airflow/example_dags/example_branch_python_dop_operator_3.py
[2023-05-08T22:33:41.806+0000] {processor.py:809} INFO - DAG(s) dict_keys(['example_branch_dop_operator_v3']) retrieved from /home/airflow/.local/lib/python3.7/site-packages/airflow/example_dags/example_branch_python_dop_operator_3.py
[2023-05-08T22:33:41.864+0000] {logging_mixin.py:149} INFO - [2023-05-08T22:33:41.863+0000] {dag.py:2726} INFO - Sync 1 DAGs
[2023-05-08T22:33:41.924+0000] {logging_mixin.py:149} INFO - [2023-05-08T22:33:41.924+0000] {dag.py:3490} INFO - Setting next_dagrun for example_branch_dop_operator_v3 to 2023-05-08T22:32:00+00:00, run_after=2023-05-08T22:33:00+00:00
[2023-05-08T22:33:41.955+0000] {processor.py:178} INFO - Processing /home/airflow/.local/lib/python3.7/site-packages/airflow/example_dags/example_branch_python_dop_operator_3.py took 0.162 seconds
[2023-05-08T22:34:12.681+0000] {processor.py:156} INFO - Started process (PID=964) to work on /home/airflow/.local/lib/python3.7/site-packages/airflow/example_dags/example_branch_python_dop_operator_3.py
[2023-05-08T22:34:12.684+0000] {processor.py:799} INFO - Processing file /home/airflow/.local/lib/python3.7/site-packages/airflow/example_dags/example_branch_python_dop_operator_3.py for tasks to queue
[2023-05-08T22:34:12.686+0000] {logging_mixin.py:149} INFO - [2023-05-08T22:34:12.686+0000] {dagbag.py:541} INFO - Filling up the DagBag from /home/airflow/.local/lib/python3.7/site-packages/airflow/example_dags/example_branch_python_dop_operator_3.py
[2023-05-08T22:34:12.696+0000] {processor.py:809} INFO - DAG(s) dict_keys(['example_branch_dop_operator_v3']) retrieved from /home/airflow/.local/lib/python3.7/site-packages/airflow/example_dags/example_branch_python_dop_operator_3.py
[2023-05-08T22:34:12.730+0000] {logging_mixin.py:149} INFO - [2023-05-08T22:34:12.730+0000] {dag.py:2726} INFO - Sync 1 DAGs
[2023-05-08T22:34:12.756+0000] {logging_mixin.py:149} INFO - [2023-05-08T22:34:12.756+0000] {dag.py:3490} INFO - Setting next_dagrun for example_branch_dop_operator_v3 to 2023-05-08T22:33:00+00:00, run_after=2023-05-08T22:34:00+00:00
[2023-05-08T22:34:12.780+0000] {processor.py:178} INFO - Processing /home/airflow/.local/lib/python3.7/site-packages/airflow/example_dags/example_branch_python_dop_operator_3.py took 0.103 seconds
[2023-05-08T22:34:43.438+0000] {processor.py:156} INFO - Started process (PID=1022) to work on /home/airflow/.local/lib/python3.7/site-packages/airflow/example_dags/example_branch_python_dop_operator_3.py
[2023-05-08T22:34:43.440+0000] {processor.py:799} INFO - Processing file /home/airflow/.local/lib/python3.7/site-packages/airflow/example_dags/example_branch_python_dop_operator_3.py for tasks to queue
[2023-05-08T22:34:43.440+0000] {logging_mixin.py:149} INFO - [2023-05-08T22:34:43.440+0000] {dagbag.py:541} INFO - Filling up the DagBag from /home/airflow/.local/lib/python3.7/site-packages/airflow/example_dags/example_branch_python_dop_operator_3.py
[2023-05-08T22:34:43.446+0000] {processor.py:809} INFO - DAG(s) dict_keys(['example_branch_dop_operator_v3']) retrieved from /home/airflow/.local/lib/python3.7/site-packages/airflow/example_dags/example_branch_python_dop_operator_3.py
[2023-05-08T22:34:43.468+0000] {logging_mixin.py:149} INFO - [2023-05-08T22:34:43.468+0000] {dag.py:2726} INFO - Sync 1 DAGs
[2023-05-08T22:34:43.492+0000] {logging_mixin.py:149} INFO - [2023-05-08T22:34:43.492+0000] {dag.py:3490} INFO - Setting next_dagrun for example_branch_dop_operator_v3 to 2023-05-08T22:33:00+00:00, run_after=2023-05-08T22:34:00+00:00
[2023-05-08T22:34:43.507+0000] {processor.py:178} INFO - Processing /home/airflow/.local/lib/python3.7/site-packages/airflow/example_dags/example_branch_python_dop_operator_3.py took 0.071 seconds
[2023-05-08T22:35:13.880+0000] {processor.py:156} INFO - Started process (PID=1078) to work on /home/airflow/.local/lib/python3.7/site-packages/airflow/example_dags/example_branch_python_dop_operator_3.py
[2023-05-08T22:35:13.881+0000] {processor.py:799} INFO - Processing file /home/airflow/.local/lib/python3.7/site-packages/airflow/example_dags/example_branch_python_dop_operator_3.py for tasks to queue
[2023-05-08T22:35:13.882+0000] {logging_mixin.py:149} INFO - [2023-05-08T22:35:13.882+0000] {dagbag.py:541} INFO - Filling up the DagBag from /home/airflow/.local/lib/python3.7/site-packages/airflow/example_dags/example_branch_python_dop_operator_3.py
[2023-05-08T22:35:13.887+0000] {processor.py:809} INFO - DAG(s) dict_keys(['example_branch_dop_operator_v3']) retrieved from /home/airflow/.local/lib/python3.7/site-packages/airflow/example_dags/example_branch_python_dop_operator_3.py
[2023-05-08T22:35:13.910+0000] {logging_mixin.py:149} INFO - [2023-05-08T22:35:13.910+0000] {dag.py:2726} INFO - Sync 1 DAGs
[2023-05-08T22:35:13.931+0000] {logging_mixin.py:149} INFO - [2023-05-08T22:35:13.931+0000] {dag.py:3490} INFO - Setting next_dagrun for example_branch_dop_operator_v3 to 2023-05-08T22:34:00+00:00, run_after=2023-05-08T22:35:00+00:00
[2023-05-08T22:35:13.943+0000] {processor.py:178} INFO - Processing /home/airflow/.local/lib/python3.7/site-packages/airflow/example_dags/example_branch_python_dop_operator_3.py took 0.066 seconds
