[2023-05-08T20:36:12.675+0000] {processor.py:156} INFO - Started process (PID=53) to work on /home/airflow/.local/lib/python3.7/site-packages/airflow/example_dags/example_skip_dag.py
[2023-05-08T20:36:12.677+0000] {processor.py:799} INFO - Processing file /home/airflow/.local/lib/python3.7/site-packages/airflow/example_dags/example_skip_dag.py for tasks to queue
[2023-05-08T20:36:12.678+0000] {logging_mixin.py:149} INFO - [2023-05-08T20:36:12.678+0000] {dagbag.py:541} INFO - Filling up the DagBag from /home/airflow/.local/lib/python3.7/site-packages/airflow/example_dags/example_skip_dag.py
[2023-05-08T20:36:12.688+0000] {processor.py:809} INFO - DAG(s) dict_keys(['example_skip_dag']) retrieved from /home/airflow/.local/lib/python3.7/site-packages/airflow/example_dags/example_skip_dag.py
[2023-05-08T20:36:12.722+0000] {logging_mixin.py:149} INFO - [2023-05-08T20:36:12.722+0000] {dag.py:2726} INFO - Sync 1 DAGs
[2023-05-08T20:36:12.769+0000] {logging_mixin.py:149} INFO - [2023-05-08T20:36:12.769+0000] {dag.py:3490} INFO - Setting next_dagrun for example_skip_dag to 2023-05-07T20:36:12.769165+00:00, run_after=2023-05-08T20:36:12.769165+00:00
[2023-05-08T20:36:12.797+0000] {processor.py:178} INFO - Processing /home/airflow/.local/lib/python3.7/site-packages/airflow/example_dags/example_skip_dag.py took 0.126 seconds
[2023-05-08T20:36:43.491+0000] {processor.py:156} INFO - Started process (PID=109) to work on /home/airflow/.local/lib/python3.7/site-packages/airflow/example_dags/example_skip_dag.py
[2023-05-08T20:36:43.492+0000] {processor.py:799} INFO - Processing file /home/airflow/.local/lib/python3.7/site-packages/airflow/example_dags/example_skip_dag.py for tasks to queue
[2023-05-08T20:36:43.493+0000] {logging_mixin.py:149} INFO - [2023-05-08T20:36:43.493+0000] {dagbag.py:541} INFO - Filling up the DagBag from /home/airflow/.local/lib/python3.7/site-packages/airflow/example_dags/example_skip_dag.py
[2023-05-08T20:36:43.498+0000] {processor.py:809} INFO - DAG(s) dict_keys(['example_skip_dag']) retrieved from /home/airflow/.local/lib/python3.7/site-packages/airflow/example_dags/example_skip_dag.py
[2023-05-08T20:36:43.521+0000] {logging_mixin.py:149} INFO - [2023-05-08T20:36:43.521+0000] {dag.py:2726} INFO - Sync 1 DAGs
[2023-05-08T20:36:43.540+0000] {logging_mixin.py:149} INFO - [2023-05-08T20:36:43.540+0000] {dag.py:3490} INFO - Setting next_dagrun for example_skip_dag to 2023-05-07T20:36:43.540336+00:00, run_after=2023-05-08T20:36:43.540336+00:00
[2023-05-08T20:36:43.553+0000] {processor.py:178} INFO - Processing /home/airflow/.local/lib/python3.7/site-packages/airflow/example_dags/example_skip_dag.py took 0.065 seconds
[2023-05-08T20:37:13.707+0000] {processor.py:156} INFO - Started process (PID=165) to work on /home/airflow/.local/lib/python3.7/site-packages/airflow/example_dags/example_skip_dag.py
[2023-05-08T20:37:13.708+0000] {processor.py:799} INFO - Processing file /home/airflow/.local/lib/python3.7/site-packages/airflow/example_dags/example_skip_dag.py for tasks to queue
[2023-05-08T20:37:13.709+0000] {logging_mixin.py:149} INFO - [2023-05-08T20:37:13.709+0000] {dagbag.py:541} INFO - Filling up the DagBag from /home/airflow/.local/lib/python3.7/site-packages/airflow/example_dags/example_skip_dag.py
[2023-05-08T20:37:13.714+0000] {processor.py:809} INFO - DAG(s) dict_keys(['example_skip_dag']) retrieved from /home/airflow/.local/lib/python3.7/site-packages/airflow/example_dags/example_skip_dag.py
[2023-05-08T20:37:13.740+0000] {logging_mixin.py:149} INFO - [2023-05-08T20:37:13.740+0000] {dag.py:2726} INFO - Sync 1 DAGs
[2023-05-08T20:37:13.763+0000] {logging_mixin.py:149} INFO - [2023-05-08T20:37:13.763+0000] {dag.py:3490} INFO - Setting next_dagrun for example_skip_dag to 2023-05-07T20:37:13.763503+00:00, run_after=2023-05-08T20:37:13.763503+00:00
[2023-05-08T20:37:13.779+0000] {processor.py:178} INFO - Processing /home/airflow/.local/lib/python3.7/site-packages/airflow/example_dags/example_skip_dag.py took 0.075 seconds
[2023-05-08T20:37:44.511+0000] {processor.py:156} INFO - Started process (PID=221) to work on /home/airflow/.local/lib/python3.7/site-packages/airflow/example_dags/example_skip_dag.py
[2023-05-08T20:37:44.512+0000] {processor.py:799} INFO - Processing file /home/airflow/.local/lib/python3.7/site-packages/airflow/example_dags/example_skip_dag.py for tasks to queue
[2023-05-08T20:37:44.513+0000] {logging_mixin.py:149} INFO - [2023-05-08T20:37:44.513+0000] {dagbag.py:541} INFO - Filling up the DagBag from /home/airflow/.local/lib/python3.7/site-packages/airflow/example_dags/example_skip_dag.py
[2023-05-08T20:37:44.518+0000] {processor.py:809} INFO - DAG(s) dict_keys(['example_skip_dag']) retrieved from /home/airflow/.local/lib/python3.7/site-packages/airflow/example_dags/example_skip_dag.py
[2023-05-08T20:37:44.541+0000] {logging_mixin.py:149} INFO - [2023-05-08T20:37:44.541+0000] {dag.py:2726} INFO - Sync 1 DAGs
[2023-05-08T20:37:44.562+0000] {logging_mixin.py:149} INFO - [2023-05-08T20:37:44.561+0000] {dag.py:3490} INFO - Setting next_dagrun for example_skip_dag to 2023-05-07T20:37:44.561742+00:00, run_after=2023-05-08T20:37:44.561742+00:00
[2023-05-08T20:37:44.575+0000] {processor.py:178} INFO - Processing /home/airflow/.local/lib/python3.7/site-packages/airflow/example_dags/example_skip_dag.py took 0.066 seconds
[2023-05-08T20:38:15.287+0000] {processor.py:156} INFO - Started process (PID=278) to work on /home/airflow/.local/lib/python3.7/site-packages/airflow/example_dags/example_skip_dag.py
[2023-05-08T20:38:15.288+0000] {processor.py:799} INFO - Processing file /home/airflow/.local/lib/python3.7/site-packages/airflow/example_dags/example_skip_dag.py for tasks to queue
[2023-05-08T20:38:15.289+0000] {logging_mixin.py:149} INFO - [2023-05-08T20:38:15.289+0000] {dagbag.py:541} INFO - Filling up the DagBag from /home/airflow/.local/lib/python3.7/site-packages/airflow/example_dags/example_skip_dag.py
[2023-05-08T20:38:15.294+0000] {processor.py:809} INFO - DAG(s) dict_keys(['example_skip_dag']) retrieved from /home/airflow/.local/lib/python3.7/site-packages/airflow/example_dags/example_skip_dag.py
[2023-05-08T20:38:15.316+0000] {logging_mixin.py:149} INFO - [2023-05-08T20:38:15.316+0000] {dag.py:2726} INFO - Sync 1 DAGs
[2023-05-08T20:38:15.336+0000] {logging_mixin.py:149} INFO - [2023-05-08T20:38:15.336+0000] {dag.py:3490} INFO - Setting next_dagrun for example_skip_dag to 2023-05-07T20:38:15.336518+00:00, run_after=2023-05-08T20:38:15.336518+00:00
[2023-05-08T20:38:15.351+0000] {processor.py:178} INFO - Processing /home/airflow/.local/lib/python3.7/site-packages/airflow/example_dags/example_skip_dag.py took 0.066 seconds
[2023-05-08T20:38:45.893+0000] {processor.py:156} INFO - Started process (PID=334) to work on /home/airflow/.local/lib/python3.7/site-packages/airflow/example_dags/example_skip_dag.py
[2023-05-08T20:38:45.894+0000] {processor.py:799} INFO - Processing file /home/airflow/.local/lib/python3.7/site-packages/airflow/example_dags/example_skip_dag.py for tasks to queue
[2023-05-08T20:38:45.895+0000] {logging_mixin.py:149} INFO - [2023-05-08T20:38:45.895+0000] {dagbag.py:541} INFO - Filling up the DagBag from /home/airflow/.local/lib/python3.7/site-packages/airflow/example_dags/example_skip_dag.py
[2023-05-08T20:38:45.899+0000] {processor.py:809} INFO - DAG(s) dict_keys(['example_skip_dag']) retrieved from /home/airflow/.local/lib/python3.7/site-packages/airflow/example_dags/example_skip_dag.py
[2023-05-08T20:38:45.922+0000] {logging_mixin.py:149} INFO - [2023-05-08T20:38:45.922+0000] {dag.py:2726} INFO - Sync 1 DAGs
[2023-05-08T20:38:45.942+0000] {logging_mixin.py:149} INFO - [2023-05-08T20:38:45.942+0000] {dag.py:3490} INFO - Setting next_dagrun for example_skip_dag to 2023-05-07T20:38:45.942236+00:00, run_after=2023-05-08T20:38:45.942236+00:00
[2023-05-08T20:38:45.956+0000] {processor.py:178} INFO - Processing /home/airflow/.local/lib/python3.7/site-packages/airflow/example_dags/example_skip_dag.py took 0.065 seconds
[2023-05-08T20:39:16.492+0000] {processor.py:156} INFO - Started process (PID=390) to work on /home/airflow/.local/lib/python3.7/site-packages/airflow/example_dags/example_skip_dag.py
[2023-05-08T20:39:16.493+0000] {processor.py:799} INFO - Processing file /home/airflow/.local/lib/python3.7/site-packages/airflow/example_dags/example_skip_dag.py for tasks to queue
[2023-05-08T20:39:16.494+0000] {logging_mixin.py:149} INFO - [2023-05-08T20:39:16.494+0000] {dagbag.py:541} INFO - Filling up the DagBag from /home/airflow/.local/lib/python3.7/site-packages/airflow/example_dags/example_skip_dag.py
[2023-05-08T20:39:16.499+0000] {processor.py:809} INFO - DAG(s) dict_keys(['example_skip_dag']) retrieved from /home/airflow/.local/lib/python3.7/site-packages/airflow/example_dags/example_skip_dag.py
[2023-05-08T20:39:16.522+0000] {logging_mixin.py:149} INFO - [2023-05-08T20:39:16.522+0000] {dag.py:2726} INFO - Sync 1 DAGs
[2023-05-08T20:39:16.541+0000] {logging_mixin.py:149} INFO - [2023-05-08T20:39:16.541+0000] {dag.py:3490} INFO - Setting next_dagrun for example_skip_dag to 2023-05-07T20:39:16.541594+00:00, run_after=2023-05-08T20:39:16.541594+00:00
[2023-05-08T20:39:16.554+0000] {processor.py:178} INFO - Processing /home/airflow/.local/lib/python3.7/site-packages/airflow/example_dags/example_skip_dag.py took 0.065 seconds
[2023-05-08T22:15:47.314+0000] {processor.py:156} INFO - Started process (PID=53) to work on /home/airflow/.local/lib/python3.7/site-packages/airflow/example_dags/example_skip_dag.py
[2023-05-08T22:15:47.315+0000] {processor.py:799} INFO - Processing file /home/airflow/.local/lib/python3.7/site-packages/airflow/example_dags/example_skip_dag.py for tasks to queue
[2023-05-08T22:15:47.316+0000] {logging_mixin.py:149} INFO - [2023-05-08T22:15:47.315+0000] {dagbag.py:541} INFO - Filling up the DagBag from /home/airflow/.local/lib/python3.7/site-packages/airflow/example_dags/example_skip_dag.py
[2023-05-08T22:15:47.329+0000] {processor.py:809} INFO - DAG(s) dict_keys(['example_skip_dag']) retrieved from /home/airflow/.local/lib/python3.7/site-packages/airflow/example_dags/example_skip_dag.py
[2023-05-08T22:15:47.354+0000] {logging_mixin.py:149} INFO - [2023-05-08T22:15:47.353+0000] {dag.py:2726} INFO - Sync 1 DAGs
[2023-05-08T22:15:47.460+0000] {logging_mixin.py:149} INFO - [2023-05-08T22:15:47.460+0000] {dag.py:3490} INFO - Setting next_dagrun for example_skip_dag to 2023-05-07T22:15:47.459942+00:00, run_after=2023-05-08T22:15:47.459942+00:00
[2023-05-08T22:15:47.528+0000] {processor.py:178} INFO - Processing /home/airflow/.local/lib/python3.7/site-packages/airflow/example_dags/example_skip_dag.py took 0.218 seconds
[2023-05-08T22:16:17.661+0000] {processor.py:156} INFO - Started process (PID=110) to work on /home/airflow/.local/lib/python3.7/site-packages/airflow/example_dags/example_skip_dag.py
[2023-05-08T22:16:17.662+0000] {processor.py:799} INFO - Processing file /home/airflow/.local/lib/python3.7/site-packages/airflow/example_dags/example_skip_dag.py for tasks to queue
[2023-05-08T22:16:17.663+0000] {logging_mixin.py:149} INFO - [2023-05-08T22:16:17.663+0000] {dagbag.py:541} INFO - Filling up the DagBag from /home/airflow/.local/lib/python3.7/site-packages/airflow/example_dags/example_skip_dag.py
[2023-05-08T22:16:17.668+0000] {processor.py:809} INFO - DAG(s) dict_keys(['example_skip_dag']) retrieved from /home/airflow/.local/lib/python3.7/site-packages/airflow/example_dags/example_skip_dag.py
[2023-05-08T22:16:17.690+0000] {logging_mixin.py:149} INFO - [2023-05-08T22:16:17.690+0000] {dag.py:2726} INFO - Sync 1 DAGs
[2023-05-08T22:16:17.710+0000] {logging_mixin.py:149} INFO - [2023-05-08T22:16:17.710+0000] {dag.py:3490} INFO - Setting next_dagrun for example_skip_dag to 2023-05-07T22:16:17.710400+00:00, run_after=2023-05-08T22:16:17.710400+00:00
[2023-05-08T22:16:17.723+0000] {processor.py:178} INFO - Processing /home/airflow/.local/lib/python3.7/site-packages/airflow/example_dags/example_skip_dag.py took 0.064 seconds
[2023-05-08T22:16:48.796+0000] {processor.py:156} INFO - Started process (PID=167) to work on /home/airflow/.local/lib/python3.7/site-packages/airflow/example_dags/example_skip_dag.py
[2023-05-08T22:16:48.798+0000] {processor.py:799} INFO - Processing file /home/airflow/.local/lib/python3.7/site-packages/airflow/example_dags/example_skip_dag.py for tasks to queue
[2023-05-08T22:16:48.799+0000] {logging_mixin.py:149} INFO - [2023-05-08T22:16:48.799+0000] {dagbag.py:541} INFO - Filling up the DagBag from /home/airflow/.local/lib/python3.7/site-packages/airflow/example_dags/example_skip_dag.py
[2023-05-08T22:16:48.804+0000] {processor.py:809} INFO - DAG(s) dict_keys(['example_skip_dag']) retrieved from /home/airflow/.local/lib/python3.7/site-packages/airflow/example_dags/example_skip_dag.py
[2023-05-08T22:16:48.827+0000] {logging_mixin.py:149} INFO - [2023-05-08T22:16:48.827+0000] {dag.py:2726} INFO - Sync 1 DAGs
[2023-05-08T22:16:48.850+0000] {logging_mixin.py:149} INFO - [2023-05-08T22:16:48.849+0000] {dag.py:3490} INFO - Setting next_dagrun for example_skip_dag to 2023-05-07T22:16:48.849723+00:00, run_after=2023-05-08T22:16:48.849723+00:00
[2023-05-08T22:16:48.867+0000] {processor.py:178} INFO - Processing /home/airflow/.local/lib/python3.7/site-packages/airflow/example_dags/example_skip_dag.py took 0.073 seconds
[2023-05-08T22:17:19.621+0000] {processor.py:156} INFO - Started process (PID=224) to work on /home/airflow/.local/lib/python3.7/site-packages/airflow/example_dags/example_skip_dag.py
[2023-05-08T22:17:19.623+0000] {processor.py:799} INFO - Processing file /home/airflow/.local/lib/python3.7/site-packages/airflow/example_dags/example_skip_dag.py for tasks to queue
[2023-05-08T22:17:19.623+0000] {logging_mixin.py:149} INFO - [2023-05-08T22:17:19.623+0000] {dagbag.py:541} INFO - Filling up the DagBag from /home/airflow/.local/lib/python3.7/site-packages/airflow/example_dags/example_skip_dag.py
[2023-05-08T22:17:19.628+0000] {processor.py:809} INFO - DAG(s) dict_keys(['example_skip_dag']) retrieved from /home/airflow/.local/lib/python3.7/site-packages/airflow/example_dags/example_skip_dag.py
[2023-05-08T22:17:19.651+0000] {logging_mixin.py:149} INFO - [2023-05-08T22:17:19.651+0000] {dag.py:2726} INFO - Sync 1 DAGs
[2023-05-08T22:17:19.671+0000] {logging_mixin.py:149} INFO - [2023-05-08T22:17:19.671+0000] {dag.py:3490} INFO - Setting next_dagrun for example_skip_dag to 2023-05-07T22:17:19.671039+00:00, run_after=2023-05-08T22:17:19.671039+00:00
[2023-05-08T22:17:19.685+0000] {processor.py:178} INFO - Processing /home/airflow/.local/lib/python3.7/site-packages/airflow/example_dags/example_skip_dag.py took 0.066 seconds
[2023-05-08T22:17:50.606+0000] {processor.py:156} INFO - Started process (PID=281) to work on /home/airflow/.local/lib/python3.7/site-packages/airflow/example_dags/example_skip_dag.py
[2023-05-08T22:17:50.607+0000] {processor.py:799} INFO - Processing file /home/airflow/.local/lib/python3.7/site-packages/airflow/example_dags/example_skip_dag.py for tasks to queue
[2023-05-08T22:17:50.607+0000] {logging_mixin.py:149} INFO - [2023-05-08T22:17:50.607+0000] {dagbag.py:541} INFO - Filling up the DagBag from /home/airflow/.local/lib/python3.7/site-packages/airflow/example_dags/example_skip_dag.py
[2023-05-08T22:17:50.612+0000] {processor.py:809} INFO - DAG(s) dict_keys(['example_skip_dag']) retrieved from /home/airflow/.local/lib/python3.7/site-packages/airflow/example_dags/example_skip_dag.py
[2023-05-08T22:17:50.634+0000] {logging_mixin.py:149} INFO - [2023-05-08T22:17:50.634+0000] {dag.py:2726} INFO - Sync 1 DAGs
[2023-05-08T22:17:50.656+0000] {logging_mixin.py:149} INFO - [2023-05-08T22:17:50.656+0000] {dag.py:3490} INFO - Setting next_dagrun for example_skip_dag to 2023-05-07T22:17:50.656230+00:00, run_after=2023-05-08T22:17:50.656230+00:00
[2023-05-08T22:17:50.669+0000] {processor.py:178} INFO - Processing /home/airflow/.local/lib/python3.7/site-packages/airflow/example_dags/example_skip_dag.py took 0.066 seconds
[2023-05-08T22:18:21.438+0000] {processor.py:156} INFO - Started process (PID=338) to work on /home/airflow/.local/lib/python3.7/site-packages/airflow/example_dags/example_skip_dag.py
[2023-05-08T22:18:21.439+0000] {processor.py:799} INFO - Processing file /home/airflow/.local/lib/python3.7/site-packages/airflow/example_dags/example_skip_dag.py for tasks to queue
[2023-05-08T22:18:21.439+0000] {logging_mixin.py:149} INFO - [2023-05-08T22:18:21.439+0000] {dagbag.py:541} INFO - Filling up the DagBag from /home/airflow/.local/lib/python3.7/site-packages/airflow/example_dags/example_skip_dag.py
[2023-05-08T22:18:21.445+0000] {processor.py:809} INFO - DAG(s) dict_keys(['example_skip_dag']) retrieved from /home/airflow/.local/lib/python3.7/site-packages/airflow/example_dags/example_skip_dag.py
[2023-05-08T22:18:21.469+0000] {logging_mixin.py:149} INFO - [2023-05-08T22:18:21.469+0000] {dag.py:2726} INFO - Sync 1 DAGs
[2023-05-08T22:18:21.490+0000] {logging_mixin.py:149} INFO - [2023-05-08T22:18:21.490+0000] {dag.py:3490} INFO - Setting next_dagrun for example_skip_dag to 2023-05-07T22:18:21.489839+00:00, run_after=2023-05-08T22:18:21.489839+00:00
[2023-05-08T22:18:21.504+0000] {processor.py:178} INFO - Processing /home/airflow/.local/lib/python3.7/site-packages/airflow/example_dags/example_skip_dag.py took 0.068 seconds
[2023-05-08T22:18:52.533+0000] {processor.py:156} INFO - Started process (PID=395) to work on /home/airflow/.local/lib/python3.7/site-packages/airflow/example_dags/example_skip_dag.py
[2023-05-08T22:18:52.535+0000] {processor.py:799} INFO - Processing file /home/airflow/.local/lib/python3.7/site-packages/airflow/example_dags/example_skip_dag.py for tasks to queue
[2023-05-08T22:18:52.535+0000] {logging_mixin.py:149} INFO - [2023-05-08T22:18:52.535+0000] {dagbag.py:541} INFO - Filling up the DagBag from /home/airflow/.local/lib/python3.7/site-packages/airflow/example_dags/example_skip_dag.py
[2023-05-08T22:18:52.540+0000] {processor.py:809} INFO - DAG(s) dict_keys(['example_skip_dag']) retrieved from /home/airflow/.local/lib/python3.7/site-packages/airflow/example_dags/example_skip_dag.py
[2023-05-08T22:18:52.564+0000] {logging_mixin.py:149} INFO - [2023-05-08T22:18:52.564+0000] {dag.py:2726} INFO - Sync 1 DAGs
[2023-05-08T22:18:52.590+0000] {logging_mixin.py:149} INFO - [2023-05-08T22:18:52.590+0000] {dag.py:3490} INFO - Setting next_dagrun for example_skip_dag to 2023-05-07T22:18:52.590467+00:00, run_after=2023-05-08T22:18:52.590467+00:00
[2023-05-08T22:18:52.609+0000] {processor.py:178} INFO - Processing /home/airflow/.local/lib/python3.7/site-packages/airflow/example_dags/example_skip_dag.py took 0.078 seconds
[2023-05-08T22:19:23.306+0000] {processor.py:156} INFO - Started process (PID=452) to work on /home/airflow/.local/lib/python3.7/site-packages/airflow/example_dags/example_skip_dag.py
[2023-05-08T22:19:23.307+0000] {processor.py:799} INFO - Processing file /home/airflow/.local/lib/python3.7/site-packages/airflow/example_dags/example_skip_dag.py for tasks to queue
[2023-05-08T22:19:23.308+0000] {logging_mixin.py:149} INFO - [2023-05-08T22:19:23.308+0000] {dagbag.py:541} INFO - Filling up the DagBag from /home/airflow/.local/lib/python3.7/site-packages/airflow/example_dags/example_skip_dag.py
[2023-05-08T22:19:23.313+0000] {processor.py:809} INFO - DAG(s) dict_keys(['example_skip_dag']) retrieved from /home/airflow/.local/lib/python3.7/site-packages/airflow/example_dags/example_skip_dag.py
[2023-05-08T22:19:23.336+0000] {logging_mixin.py:149} INFO - [2023-05-08T22:19:23.336+0000] {dag.py:2726} INFO - Sync 1 DAGs
[2023-05-08T22:19:23.360+0000] {logging_mixin.py:149} INFO - [2023-05-08T22:19:23.359+0000] {dag.py:3490} INFO - Setting next_dagrun for example_skip_dag to 2023-05-07T22:19:23.359721+00:00, run_after=2023-05-08T22:19:23.359721+00:00
[2023-05-08T22:19:23.374+0000] {processor.py:178} INFO - Processing /home/airflow/.local/lib/python3.7/site-packages/airflow/example_dags/example_skip_dag.py took 0.070 seconds
[2023-05-08T22:19:54.011+0000] {processor.py:156} INFO - Started process (PID=509) to work on /home/airflow/.local/lib/python3.7/site-packages/airflow/example_dags/example_skip_dag.py
[2023-05-08T22:19:54.012+0000] {processor.py:799} INFO - Processing file /home/airflow/.local/lib/python3.7/site-packages/airflow/example_dags/example_skip_dag.py for tasks to queue
[2023-05-08T22:19:54.012+0000] {logging_mixin.py:149} INFO - [2023-05-08T22:19:54.012+0000] {dagbag.py:541} INFO - Filling up the DagBag from /home/airflow/.local/lib/python3.7/site-packages/airflow/example_dags/example_skip_dag.py
[2023-05-08T22:19:54.018+0000] {processor.py:809} INFO - DAG(s) dict_keys(['example_skip_dag']) retrieved from /home/airflow/.local/lib/python3.7/site-packages/airflow/example_dags/example_skip_dag.py
[2023-05-08T22:19:54.040+0000] {logging_mixin.py:149} INFO - [2023-05-08T22:19:54.040+0000] {dag.py:2726} INFO - Sync 1 DAGs
[2023-05-08T22:19:54.062+0000] {logging_mixin.py:149} INFO - [2023-05-08T22:19:54.062+0000] {dag.py:3490} INFO - Setting next_dagrun for example_skip_dag to 2023-05-07T22:19:54.062174+00:00, run_after=2023-05-08T22:19:54.062174+00:00
[2023-05-08T22:19:54.076+0000] {processor.py:178} INFO - Processing /home/airflow/.local/lib/python3.7/site-packages/airflow/example_dags/example_skip_dag.py took 0.068 seconds
[2023-05-08T22:20:24.741+0000] {processor.py:156} INFO - Started process (PID=567) to work on /home/airflow/.local/lib/python3.7/site-packages/airflow/example_dags/example_skip_dag.py
[2023-05-08T22:20:24.742+0000] {processor.py:799} INFO - Processing file /home/airflow/.local/lib/python3.7/site-packages/airflow/example_dags/example_skip_dag.py for tasks to queue
[2023-05-08T22:20:24.743+0000] {logging_mixin.py:149} INFO - [2023-05-08T22:20:24.743+0000] {dagbag.py:541} INFO - Filling up the DagBag from /home/airflow/.local/lib/python3.7/site-packages/airflow/example_dags/example_skip_dag.py
[2023-05-08T22:20:24.748+0000] {processor.py:809} INFO - DAG(s) dict_keys(['example_skip_dag']) retrieved from /home/airflow/.local/lib/python3.7/site-packages/airflow/example_dags/example_skip_dag.py
[2023-05-08T22:20:24.770+0000] {logging_mixin.py:149} INFO - [2023-05-08T22:20:24.770+0000] {dag.py:2726} INFO - Sync 1 DAGs
[2023-05-08T22:20:24.790+0000] {logging_mixin.py:149} INFO - [2023-05-08T22:20:24.790+0000] {dag.py:3490} INFO - Setting next_dagrun for example_skip_dag to 2023-05-07T22:20:24.789980+00:00, run_after=2023-05-08T22:20:24.789980+00:00
[2023-05-08T22:20:24.803+0000] {processor.py:178} INFO - Processing /home/airflow/.local/lib/python3.7/site-packages/airflow/example_dags/example_skip_dag.py took 0.064 seconds
[2023-05-08T22:20:55.618+0000] {processor.py:156} INFO - Started process (PID=624) to work on /home/airflow/.local/lib/python3.7/site-packages/airflow/example_dags/example_skip_dag.py
[2023-05-08T22:20:55.619+0000] {processor.py:799} INFO - Processing file /home/airflow/.local/lib/python3.7/site-packages/airflow/example_dags/example_skip_dag.py for tasks to queue
[2023-05-08T22:20:55.620+0000] {logging_mixin.py:149} INFO - [2023-05-08T22:20:55.620+0000] {dagbag.py:541} INFO - Filling up the DagBag from /home/airflow/.local/lib/python3.7/site-packages/airflow/example_dags/example_skip_dag.py
[2023-05-08T22:20:55.625+0000] {processor.py:809} INFO - DAG(s) dict_keys(['example_skip_dag']) retrieved from /home/airflow/.local/lib/python3.7/site-packages/airflow/example_dags/example_skip_dag.py
[2023-05-08T22:20:55.649+0000] {logging_mixin.py:149} INFO - [2023-05-08T22:20:55.649+0000] {dag.py:2726} INFO - Sync 1 DAGs
[2023-05-08T22:20:55.670+0000] {logging_mixin.py:149} INFO - [2023-05-08T22:20:55.669+0000] {dag.py:3490} INFO - Setting next_dagrun for example_skip_dag to 2023-05-07T22:20:55.669756+00:00, run_after=2023-05-08T22:20:55.669756+00:00
[2023-05-08T22:20:55.683+0000] {processor.py:178} INFO - Processing /home/airflow/.local/lib/python3.7/site-packages/airflow/example_dags/example_skip_dag.py took 0.068 seconds
[2023-05-08T22:21:26.489+0000] {processor.py:156} INFO - Started process (PID=681) to work on /home/airflow/.local/lib/python3.7/site-packages/airflow/example_dags/example_skip_dag.py
[2023-05-08T22:21:26.490+0000] {processor.py:799} INFO - Processing file /home/airflow/.local/lib/python3.7/site-packages/airflow/example_dags/example_skip_dag.py for tasks to queue
[2023-05-08T22:21:26.490+0000] {logging_mixin.py:149} INFO - [2023-05-08T22:21:26.490+0000] {dagbag.py:541} INFO - Filling up the DagBag from /home/airflow/.local/lib/python3.7/site-packages/airflow/example_dags/example_skip_dag.py
[2023-05-08T22:21:26.496+0000] {processor.py:809} INFO - DAG(s) dict_keys(['example_skip_dag']) retrieved from /home/airflow/.local/lib/python3.7/site-packages/airflow/example_dags/example_skip_dag.py
[2023-05-08T22:21:26.518+0000] {logging_mixin.py:149} INFO - [2023-05-08T22:21:26.518+0000] {dag.py:2726} INFO - Sync 1 DAGs
[2023-05-08T22:21:26.538+0000] {logging_mixin.py:149} INFO - [2023-05-08T22:21:26.538+0000] {dag.py:3490} INFO - Setting next_dagrun for example_skip_dag to 2023-05-07T22:21:26.538163+00:00, run_after=2023-05-08T22:21:26.538163+00:00
[2023-05-08T22:21:26.552+0000] {processor.py:178} INFO - Processing /home/airflow/.local/lib/python3.7/site-packages/airflow/example_dags/example_skip_dag.py took 0.066 seconds
[2023-05-08T22:22:08.524+0000] {processor.py:156} INFO - Started process (PID=54) to work on /home/airflow/.local/lib/python3.7/site-packages/airflow/example_dags/example_skip_dag.py
[2023-05-08T22:22:08.527+0000] {processor.py:799} INFO - Processing file /home/airflow/.local/lib/python3.7/site-packages/airflow/example_dags/example_skip_dag.py for tasks to queue
[2023-05-08T22:22:08.528+0000] {logging_mixin.py:149} INFO - [2023-05-08T22:22:08.528+0000] {dagbag.py:541} INFO - Filling up the DagBag from /home/airflow/.local/lib/python3.7/site-packages/airflow/example_dags/example_skip_dag.py
[2023-05-08T22:22:08.544+0000] {processor.py:809} INFO - DAG(s) dict_keys(['example_skip_dag']) retrieved from /home/airflow/.local/lib/python3.7/site-packages/airflow/example_dags/example_skip_dag.py
[2023-05-08T22:22:08.601+0000] {logging_mixin.py:149} INFO - [2023-05-08T22:22:08.601+0000] {dag.py:2726} INFO - Sync 1 DAGs
[2023-05-08T22:22:08.639+0000] {logging_mixin.py:149} INFO - [2023-05-08T22:22:08.639+0000] {dag.py:3490} INFO - Setting next_dagrun for example_skip_dag to 2023-05-07T22:22:08.639171+00:00, run_after=2023-05-08T22:22:08.639171+00:00
[2023-05-08T22:22:08.662+0000] {processor.py:178} INFO - Processing /home/airflow/.local/lib/python3.7/site-packages/airflow/example_dags/example_skip_dag.py took 0.150 seconds
[2023-05-08T22:22:39.258+0000] {processor.py:156} INFO - Started process (PID=111) to work on /home/airflow/.local/lib/python3.7/site-packages/airflow/example_dags/example_skip_dag.py
[2023-05-08T22:22:39.260+0000] {processor.py:799} INFO - Processing file /home/airflow/.local/lib/python3.7/site-packages/airflow/example_dags/example_skip_dag.py for tasks to queue
[2023-05-08T22:22:39.260+0000] {logging_mixin.py:149} INFO - [2023-05-08T22:22:39.260+0000] {dagbag.py:541} INFO - Filling up the DagBag from /home/airflow/.local/lib/python3.7/site-packages/airflow/example_dags/example_skip_dag.py
[2023-05-08T22:22:39.265+0000] {processor.py:809} INFO - DAG(s) dict_keys(['example_skip_dag']) retrieved from /home/airflow/.local/lib/python3.7/site-packages/airflow/example_dags/example_skip_dag.py
[2023-05-08T22:22:39.288+0000] {logging_mixin.py:149} INFO - [2023-05-08T22:22:39.288+0000] {dag.py:2726} INFO - Sync 1 DAGs
[2023-05-08T22:22:39.308+0000] {logging_mixin.py:149} INFO - [2023-05-08T22:22:39.307+0000] {dag.py:3490} INFO - Setting next_dagrun for example_skip_dag to 2023-05-07T22:22:39.307735+00:00, run_after=2023-05-08T22:22:39.307735+00:00
[2023-05-08T22:22:39.323+0000] {processor.py:178} INFO - Processing /home/airflow/.local/lib/python3.7/site-packages/airflow/example_dags/example_skip_dag.py took 0.068 seconds
[2023-05-08T22:23:09.529+0000] {processor.py:156} INFO - Started process (PID=168) to work on /home/airflow/.local/lib/python3.7/site-packages/airflow/example_dags/example_skip_dag.py
[2023-05-08T22:23:09.530+0000] {processor.py:799} INFO - Processing file /home/airflow/.local/lib/python3.7/site-packages/airflow/example_dags/example_skip_dag.py for tasks to queue
[2023-05-08T22:23:09.531+0000] {logging_mixin.py:149} INFO - [2023-05-08T22:23:09.531+0000] {dagbag.py:541} INFO - Filling up the DagBag from /home/airflow/.local/lib/python3.7/site-packages/airflow/example_dags/example_skip_dag.py
[2023-05-08T22:23:09.536+0000] {processor.py:809} INFO - DAG(s) dict_keys(['example_skip_dag']) retrieved from /home/airflow/.local/lib/python3.7/site-packages/airflow/example_dags/example_skip_dag.py
[2023-05-08T22:23:09.558+0000] {logging_mixin.py:149} INFO - [2023-05-08T22:23:09.558+0000] {dag.py:2726} INFO - Sync 1 DAGs
[2023-05-08T22:23:09.577+0000] {logging_mixin.py:149} INFO - [2023-05-08T22:23:09.577+0000] {dag.py:3490} INFO - Setting next_dagrun for example_skip_dag to 2023-05-07T22:23:09.577487+00:00, run_after=2023-05-08T22:23:09.577487+00:00
[2023-05-08T22:23:09.591+0000] {processor.py:178} INFO - Processing /home/airflow/.local/lib/python3.7/site-packages/airflow/example_dags/example_skip_dag.py took 0.065 seconds
[2023-05-08T22:23:40.283+0000] {processor.py:156} INFO - Started process (PID=225) to work on /home/airflow/.local/lib/python3.7/site-packages/airflow/example_dags/example_skip_dag.py
[2023-05-08T22:23:40.284+0000] {processor.py:799} INFO - Processing file /home/airflow/.local/lib/python3.7/site-packages/airflow/example_dags/example_skip_dag.py for tasks to queue
[2023-05-08T22:23:40.285+0000] {logging_mixin.py:149} INFO - [2023-05-08T22:23:40.285+0000] {dagbag.py:541} INFO - Filling up the DagBag from /home/airflow/.local/lib/python3.7/site-packages/airflow/example_dags/example_skip_dag.py
[2023-05-08T22:23:40.290+0000] {processor.py:809} INFO - DAG(s) dict_keys(['example_skip_dag']) retrieved from /home/airflow/.local/lib/python3.7/site-packages/airflow/example_dags/example_skip_dag.py
[2023-05-08T22:23:40.313+0000] {logging_mixin.py:149} INFO - [2023-05-08T22:23:40.313+0000] {dag.py:2726} INFO - Sync 1 DAGs
[2023-05-08T22:23:40.334+0000] {logging_mixin.py:149} INFO - [2023-05-08T22:23:40.334+0000] {dag.py:3490} INFO - Setting next_dagrun for example_skip_dag to 2023-05-07T22:23:40.333794+00:00, run_after=2023-05-08T22:23:40.333794+00:00
[2023-05-08T22:23:40.350+0000] {processor.py:178} INFO - Processing /home/airflow/.local/lib/python3.7/site-packages/airflow/example_dags/example_skip_dag.py took 0.069 seconds
[2023-05-08T22:24:11.089+0000] {processor.py:156} INFO - Started process (PID=282) to work on /home/airflow/.local/lib/python3.7/site-packages/airflow/example_dags/example_skip_dag.py
[2023-05-08T22:24:11.090+0000] {processor.py:799} INFO - Processing file /home/airflow/.local/lib/python3.7/site-packages/airflow/example_dags/example_skip_dag.py for tasks to queue
[2023-05-08T22:24:11.091+0000] {logging_mixin.py:149} INFO - [2023-05-08T22:24:11.090+0000] {dagbag.py:541} INFO - Filling up the DagBag from /home/airflow/.local/lib/python3.7/site-packages/airflow/example_dags/example_skip_dag.py
[2023-05-08T22:24:11.096+0000] {processor.py:809} INFO - DAG(s) dict_keys(['example_skip_dag']) retrieved from /home/airflow/.local/lib/python3.7/site-packages/airflow/example_dags/example_skip_dag.py
[2023-05-08T22:24:11.118+0000] {logging_mixin.py:149} INFO - [2023-05-08T22:24:11.117+0000] {dag.py:2726} INFO - Sync 1 DAGs
[2023-05-08T22:24:11.142+0000] {logging_mixin.py:149} INFO - [2023-05-08T22:24:11.142+0000] {dag.py:3490} INFO - Setting next_dagrun for example_skip_dag to 2023-05-07T22:24:11.141932+00:00, run_after=2023-05-08T22:24:11.141932+00:00
[2023-05-08T22:24:11.155+0000] {processor.py:178} INFO - Processing /home/airflow/.local/lib/python3.7/site-packages/airflow/example_dags/example_skip_dag.py took 0.069 seconds
[2023-05-08T22:24:41.909+0000] {processor.py:156} INFO - Started process (PID=339) to work on /home/airflow/.local/lib/python3.7/site-packages/airflow/example_dags/example_skip_dag.py
[2023-05-08T22:24:41.910+0000] {processor.py:799} INFO - Processing file /home/airflow/.local/lib/python3.7/site-packages/airflow/example_dags/example_skip_dag.py for tasks to queue
[2023-05-08T22:24:41.911+0000] {logging_mixin.py:149} INFO - [2023-05-08T22:24:41.910+0000] {dagbag.py:541} INFO - Filling up the DagBag from /home/airflow/.local/lib/python3.7/site-packages/airflow/example_dags/example_skip_dag.py
[2023-05-08T22:24:41.916+0000] {processor.py:809} INFO - DAG(s) dict_keys(['example_skip_dag']) retrieved from /home/airflow/.local/lib/python3.7/site-packages/airflow/example_dags/example_skip_dag.py
[2023-05-08T22:24:41.939+0000] {logging_mixin.py:149} INFO - [2023-05-08T22:24:41.939+0000] {dag.py:2726} INFO - Sync 1 DAGs
[2023-05-08T22:24:41.959+0000] {logging_mixin.py:149} INFO - [2023-05-08T22:24:41.959+0000] {dag.py:3490} INFO - Setting next_dagrun for example_skip_dag to 2023-05-07T22:24:41.959014+00:00, run_after=2023-05-08T22:24:41.959014+00:00
[2023-05-08T22:24:41.972+0000] {processor.py:178} INFO - Processing /home/airflow/.local/lib/python3.7/site-packages/airflow/example_dags/example_skip_dag.py took 0.066 seconds
[2023-05-08T22:25:12.561+0000] {processor.py:156} INFO - Started process (PID=396) to work on /home/airflow/.local/lib/python3.7/site-packages/airflow/example_dags/example_skip_dag.py
[2023-05-08T22:25:12.564+0000] {processor.py:799} INFO - Processing file /home/airflow/.local/lib/python3.7/site-packages/airflow/example_dags/example_skip_dag.py for tasks to queue
[2023-05-08T22:25:12.565+0000] {logging_mixin.py:149} INFO - [2023-05-08T22:25:12.565+0000] {dagbag.py:541} INFO - Filling up the DagBag from /home/airflow/.local/lib/python3.7/site-packages/airflow/example_dags/example_skip_dag.py
[2023-05-08T22:25:12.570+0000] {processor.py:809} INFO - DAG(s) dict_keys(['example_skip_dag']) retrieved from /home/airflow/.local/lib/python3.7/site-packages/airflow/example_dags/example_skip_dag.py
[2023-05-08T22:25:12.593+0000] {logging_mixin.py:149} INFO - [2023-05-08T22:25:12.593+0000] {dag.py:2726} INFO - Sync 1 DAGs
[2023-05-08T22:25:12.613+0000] {logging_mixin.py:149} INFO - [2023-05-08T22:25:12.613+0000] {dag.py:3490} INFO - Setting next_dagrun for example_skip_dag to 2023-05-07T22:25:12.613256+00:00, run_after=2023-05-08T22:25:12.613256+00:00
[2023-05-08T22:25:12.626+0000] {processor.py:178} INFO - Processing /home/airflow/.local/lib/python3.7/site-packages/airflow/example_dags/example_skip_dag.py took 0.068 seconds
[2023-05-08T22:25:59.779+0000] {processor.py:156} INFO - Started process (PID=54) to work on /home/airflow/.local/lib/python3.7/site-packages/airflow/example_dags/example_skip_dag.py
[2023-05-08T22:25:59.781+0000] {processor.py:799} INFO - Processing file /home/airflow/.local/lib/python3.7/site-packages/airflow/example_dags/example_skip_dag.py for tasks to queue
[2023-05-08T22:25:59.782+0000] {logging_mixin.py:149} INFO - [2023-05-08T22:25:59.782+0000] {dagbag.py:541} INFO - Filling up the DagBag from /home/airflow/.local/lib/python3.7/site-packages/airflow/example_dags/example_skip_dag.py
[2023-05-08T22:25:59.794+0000] {processor.py:809} INFO - DAG(s) dict_keys(['example_skip_dag']) retrieved from /home/airflow/.local/lib/python3.7/site-packages/airflow/example_dags/example_skip_dag.py
[2023-05-08T22:25:59.817+0000] {logging_mixin.py:149} INFO - [2023-05-08T22:25:59.817+0000] {dag.py:2726} INFO - Sync 1 DAGs
[2023-05-08T22:25:59.852+0000] {logging_mixin.py:149} INFO - [2023-05-08T22:25:59.852+0000] {dag.py:3490} INFO - Setting next_dagrun for example_skip_dag to 2023-05-07T22:25:59.852178+00:00, run_after=2023-05-08T22:25:59.852178+00:00
[2023-05-08T22:25:59.881+0000] {processor.py:178} INFO - Processing /home/airflow/.local/lib/python3.7/site-packages/airflow/example_dags/example_skip_dag.py took 0.106 seconds
[2023-05-08T22:26:30.774+0000] {processor.py:156} INFO - Started process (PID=111) to work on /home/airflow/.local/lib/python3.7/site-packages/airflow/example_dags/example_skip_dag.py
[2023-05-08T22:26:30.781+0000] {processor.py:799} INFO - Processing file /home/airflow/.local/lib/python3.7/site-packages/airflow/example_dags/example_skip_dag.py for tasks to queue
[2023-05-08T22:26:30.782+0000] {logging_mixin.py:149} INFO - [2023-05-08T22:26:30.782+0000] {dagbag.py:541} INFO - Filling up the DagBag from /home/airflow/.local/lib/python3.7/site-packages/airflow/example_dags/example_skip_dag.py
[2023-05-08T22:26:30.790+0000] {processor.py:809} INFO - DAG(s) dict_keys(['example_skip_dag']) retrieved from /home/airflow/.local/lib/python3.7/site-packages/airflow/example_dags/example_skip_dag.py
[2023-05-08T22:26:30.821+0000] {logging_mixin.py:149} INFO - [2023-05-08T22:26:30.821+0000] {dag.py:2726} INFO - Sync 1 DAGs
[2023-05-08T22:26:30.843+0000] {logging_mixin.py:149} INFO - [2023-05-08T22:26:30.842+0000] {dag.py:3490} INFO - Setting next_dagrun for example_skip_dag to 2023-05-07T22:26:30.842766+00:00, run_after=2023-05-08T22:26:30.842766+00:00
[2023-05-08T22:26:30.856+0000] {processor.py:178} INFO - Processing /home/airflow/.local/lib/python3.7/site-packages/airflow/example_dags/example_skip_dag.py took 0.087 seconds
[2023-05-08T22:27:01.704+0000] {processor.py:156} INFO - Started process (PID=168) to work on /home/airflow/.local/lib/python3.7/site-packages/airflow/example_dags/example_skip_dag.py
[2023-05-08T22:27:01.706+0000] {processor.py:799} INFO - Processing file /home/airflow/.local/lib/python3.7/site-packages/airflow/example_dags/example_skip_dag.py for tasks to queue
[2023-05-08T22:27:01.706+0000] {logging_mixin.py:149} INFO - [2023-05-08T22:27:01.706+0000] {dagbag.py:541} INFO - Filling up the DagBag from /home/airflow/.local/lib/python3.7/site-packages/airflow/example_dags/example_skip_dag.py
[2023-05-08T22:27:01.712+0000] {processor.py:809} INFO - DAG(s) dict_keys(['example_skip_dag']) retrieved from /home/airflow/.local/lib/python3.7/site-packages/airflow/example_dags/example_skip_dag.py
[2023-05-08T22:27:01.740+0000] {logging_mixin.py:149} INFO - [2023-05-08T22:27:01.740+0000] {dag.py:2726} INFO - Sync 1 DAGs
[2023-05-08T22:27:01.760+0000] {logging_mixin.py:149} INFO - [2023-05-08T22:27:01.760+0000] {dag.py:3490} INFO - Setting next_dagrun for example_skip_dag to 2023-05-07T22:27:01.760206+00:00, run_after=2023-05-08T22:27:01.760206+00:00
[2023-05-08T22:27:01.772+0000] {processor.py:178} INFO - Processing /home/airflow/.local/lib/python3.7/site-packages/airflow/example_dags/example_skip_dag.py took 0.071 seconds
[2023-05-08T22:27:32.446+0000] {processor.py:156} INFO - Started process (PID=225) to work on /home/airflow/.local/lib/python3.7/site-packages/airflow/example_dags/example_skip_dag.py
[2023-05-08T22:27:32.447+0000] {processor.py:799} INFO - Processing file /home/airflow/.local/lib/python3.7/site-packages/airflow/example_dags/example_skip_dag.py for tasks to queue
[2023-05-08T22:27:32.447+0000] {logging_mixin.py:149} INFO - [2023-05-08T22:27:32.447+0000] {dagbag.py:541} INFO - Filling up the DagBag from /home/airflow/.local/lib/python3.7/site-packages/airflow/example_dags/example_skip_dag.py
[2023-05-08T22:27:32.453+0000] {processor.py:809} INFO - DAG(s) dict_keys(['example_skip_dag']) retrieved from /home/airflow/.local/lib/python3.7/site-packages/airflow/example_dags/example_skip_dag.py
[2023-05-08T22:27:32.480+0000] {logging_mixin.py:149} INFO - [2023-05-08T22:27:32.480+0000] {dag.py:2726} INFO - Sync 1 DAGs
[2023-05-08T22:27:32.503+0000] {logging_mixin.py:149} INFO - [2023-05-08T22:27:32.503+0000] {dag.py:3490} INFO - Setting next_dagrun for example_skip_dag to 2023-05-07T22:27:32.503050+00:00, run_after=2023-05-08T22:27:32.503050+00:00
[2023-05-08T22:27:32.517+0000] {processor.py:178} INFO - Processing /home/airflow/.local/lib/python3.7/site-packages/airflow/example_dags/example_skip_dag.py took 0.073 seconds
[2023-05-08T22:28:02.930+0000] {processor.py:156} INFO - Started process (PID=282) to work on /home/airflow/.local/lib/python3.7/site-packages/airflow/example_dags/example_skip_dag.py
[2023-05-08T22:28:02.931+0000] {processor.py:799} INFO - Processing file /home/airflow/.local/lib/python3.7/site-packages/airflow/example_dags/example_skip_dag.py for tasks to queue
[2023-05-08T22:28:02.932+0000] {logging_mixin.py:149} INFO - [2023-05-08T22:28:02.932+0000] {dagbag.py:541} INFO - Filling up the DagBag from /home/airflow/.local/lib/python3.7/site-packages/airflow/example_dags/example_skip_dag.py
[2023-05-08T22:28:02.937+0000] {processor.py:809} INFO - DAG(s) dict_keys(['example_skip_dag']) retrieved from /home/airflow/.local/lib/python3.7/site-packages/airflow/example_dags/example_skip_dag.py
[2023-05-08T22:28:02.960+0000] {logging_mixin.py:149} INFO - [2023-05-08T22:28:02.960+0000] {dag.py:2726} INFO - Sync 1 DAGs
[2023-05-08T22:28:02.980+0000] {logging_mixin.py:149} INFO - [2023-05-08T22:28:02.979+0000] {dag.py:3490} INFO - Setting next_dagrun for example_skip_dag to 2023-05-07T22:28:02.979699+00:00, run_after=2023-05-08T22:28:02.979699+00:00
[2023-05-08T22:28:02.994+0000] {processor.py:178} INFO - Processing /home/airflow/.local/lib/python3.7/site-packages/airflow/example_dags/example_skip_dag.py took 0.066 seconds
[2023-05-08T22:28:33.625+0000] {processor.py:156} INFO - Started process (PID=339) to work on /home/airflow/.local/lib/python3.7/site-packages/airflow/example_dags/example_skip_dag.py
[2023-05-08T22:28:33.626+0000] {processor.py:799} INFO - Processing file /home/airflow/.local/lib/python3.7/site-packages/airflow/example_dags/example_skip_dag.py for tasks to queue
[2023-05-08T22:28:33.626+0000] {logging_mixin.py:149} INFO - [2023-05-08T22:28:33.626+0000] {dagbag.py:541} INFO - Filling up the DagBag from /home/airflow/.local/lib/python3.7/site-packages/airflow/example_dags/example_skip_dag.py
[2023-05-08T22:28:33.632+0000] {processor.py:809} INFO - DAG(s) dict_keys(['example_skip_dag']) retrieved from /home/airflow/.local/lib/python3.7/site-packages/airflow/example_dags/example_skip_dag.py
[2023-05-08T22:28:33.656+0000] {logging_mixin.py:149} INFO - [2023-05-08T22:28:33.656+0000] {dag.py:2726} INFO - Sync 1 DAGs
[2023-05-08T22:28:33.675+0000] {logging_mixin.py:149} INFO - [2023-05-08T22:28:33.675+0000] {dag.py:3490} INFO - Setting next_dagrun for example_skip_dag to 2023-05-07T22:28:33.674870+00:00, run_after=2023-05-08T22:28:33.674870+00:00
[2023-05-08T22:28:33.688+0000] {processor.py:178} INFO - Processing /home/airflow/.local/lib/python3.7/site-packages/airflow/example_dags/example_skip_dag.py took 0.065 seconds
[2023-05-08T22:29:04.474+0000] {processor.py:156} INFO - Started process (PID=396) to work on /home/airflow/.local/lib/python3.7/site-packages/airflow/example_dags/example_skip_dag.py
[2023-05-08T22:29:04.475+0000] {processor.py:799} INFO - Processing file /home/airflow/.local/lib/python3.7/site-packages/airflow/example_dags/example_skip_dag.py for tasks to queue
[2023-05-08T22:29:04.476+0000] {logging_mixin.py:149} INFO - [2023-05-08T22:29:04.476+0000] {dagbag.py:541} INFO - Filling up the DagBag from /home/airflow/.local/lib/python3.7/site-packages/airflow/example_dags/example_skip_dag.py
[2023-05-08T22:29:04.481+0000] {processor.py:809} INFO - DAG(s) dict_keys(['example_skip_dag']) retrieved from /home/airflow/.local/lib/python3.7/site-packages/airflow/example_dags/example_skip_dag.py
[2023-05-08T22:29:04.504+0000] {logging_mixin.py:149} INFO - [2023-05-08T22:29:04.504+0000] {dag.py:2726} INFO - Sync 1 DAGs
[2023-05-08T22:29:04.524+0000] {logging_mixin.py:149} INFO - [2023-05-08T22:29:04.524+0000] {dag.py:3490} INFO - Setting next_dagrun for example_skip_dag to 2023-05-07T22:29:04.523979+00:00, run_after=2023-05-08T22:29:04.523979+00:00
[2023-05-08T22:29:04.537+0000] {processor.py:178} INFO - Processing /home/airflow/.local/lib/python3.7/site-packages/airflow/example_dags/example_skip_dag.py took 0.065 seconds
[2023-05-08T22:29:35.027+0000] {processor.py:156} INFO - Started process (PID=453) to work on /home/airflow/.local/lib/python3.7/site-packages/airflow/example_dags/example_skip_dag.py
[2023-05-08T22:29:35.028+0000] {processor.py:799} INFO - Processing file /home/airflow/.local/lib/python3.7/site-packages/airflow/example_dags/example_skip_dag.py for tasks to queue
[2023-05-08T22:29:35.028+0000] {logging_mixin.py:149} INFO - [2023-05-08T22:29:35.028+0000] {dagbag.py:541} INFO - Filling up the DagBag from /home/airflow/.local/lib/python3.7/site-packages/airflow/example_dags/example_skip_dag.py
[2023-05-08T22:29:35.033+0000] {processor.py:809} INFO - DAG(s) dict_keys(['example_skip_dag']) retrieved from /home/airflow/.local/lib/python3.7/site-packages/airflow/example_dags/example_skip_dag.py
[2023-05-08T22:29:35.056+0000] {logging_mixin.py:149} INFO - [2023-05-08T22:29:35.056+0000] {dag.py:2726} INFO - Sync 1 DAGs
[2023-05-08T22:29:35.076+0000] {logging_mixin.py:149} INFO - [2023-05-08T22:29:35.076+0000] {dag.py:3490} INFO - Setting next_dagrun for example_skip_dag to 2023-05-07T22:29:35.075833+00:00, run_after=2023-05-08T22:29:35.075833+00:00
[2023-05-08T22:29:35.091+0000] {processor.py:178} INFO - Processing /home/airflow/.local/lib/python3.7/site-packages/airflow/example_dags/example_skip_dag.py took 0.067 seconds
[2023-05-08T22:30:05.846+0000] {processor.py:156} INFO - Started process (PID=510) to work on /home/airflow/.local/lib/python3.7/site-packages/airflow/example_dags/example_skip_dag.py
[2023-05-08T22:30:05.848+0000] {processor.py:799} INFO - Processing file /home/airflow/.local/lib/python3.7/site-packages/airflow/example_dags/example_skip_dag.py for tasks to queue
[2023-05-08T22:30:05.848+0000] {logging_mixin.py:149} INFO - [2023-05-08T22:30:05.848+0000] {dagbag.py:541} INFO - Filling up the DagBag from /home/airflow/.local/lib/python3.7/site-packages/airflow/example_dags/example_skip_dag.py
[2023-05-08T22:30:05.853+0000] {processor.py:809} INFO - DAG(s) dict_keys(['example_skip_dag']) retrieved from /home/airflow/.local/lib/python3.7/site-packages/airflow/example_dags/example_skip_dag.py
[2023-05-08T22:30:05.876+0000] {logging_mixin.py:149} INFO - [2023-05-08T22:30:05.876+0000] {dag.py:2726} INFO - Sync 1 DAGs
[2023-05-08T22:30:05.895+0000] {logging_mixin.py:149} INFO - [2023-05-08T22:30:05.895+0000] {dag.py:3490} INFO - Setting next_dagrun for example_skip_dag to 2023-05-07T22:30:05.895554+00:00, run_after=2023-05-08T22:30:05.895554+00:00
[2023-05-08T22:30:05.908+0000] {processor.py:178} INFO - Processing /home/airflow/.local/lib/python3.7/site-packages/airflow/example_dags/example_skip_dag.py took 0.065 seconds
[2023-05-08T22:30:36.620+0000] {processor.py:156} INFO - Started process (PID=567) to work on /home/airflow/.local/lib/python3.7/site-packages/airflow/example_dags/example_skip_dag.py
[2023-05-08T22:30:36.621+0000] {processor.py:799} INFO - Processing file /home/airflow/.local/lib/python3.7/site-packages/airflow/example_dags/example_skip_dag.py for tasks to queue
[2023-05-08T22:30:36.622+0000] {logging_mixin.py:149} INFO - [2023-05-08T22:30:36.622+0000] {dagbag.py:541} INFO - Filling up the DagBag from /home/airflow/.local/lib/python3.7/site-packages/airflow/example_dags/example_skip_dag.py
[2023-05-08T22:30:36.627+0000] {processor.py:809} INFO - DAG(s) dict_keys(['example_skip_dag']) retrieved from /home/airflow/.local/lib/python3.7/site-packages/airflow/example_dags/example_skip_dag.py
[2023-05-08T22:30:36.650+0000] {logging_mixin.py:149} INFO - [2023-05-08T22:30:36.650+0000] {dag.py:2726} INFO - Sync 1 DAGs
[2023-05-08T22:30:36.670+0000] {logging_mixin.py:149} INFO - [2023-05-08T22:30:36.670+0000] {dag.py:3490} INFO - Setting next_dagrun for example_skip_dag to 2023-05-07T22:30:36.670466+00:00, run_after=2023-05-08T22:30:36.670466+00:00
[2023-05-08T22:30:36.683+0000] {processor.py:178} INFO - Processing /home/airflow/.local/lib/python3.7/site-packages/airflow/example_dags/example_skip_dag.py took 0.065 seconds
[2023-05-08T22:31:07.606+0000] {processor.py:156} INFO - Started process (PID=624) to work on /home/airflow/.local/lib/python3.7/site-packages/airflow/example_dags/example_skip_dag.py
[2023-05-08T22:31:07.607+0000] {processor.py:799} INFO - Processing file /home/airflow/.local/lib/python3.7/site-packages/airflow/example_dags/example_skip_dag.py for tasks to queue
[2023-05-08T22:31:07.608+0000] {logging_mixin.py:149} INFO - [2023-05-08T22:31:07.608+0000] {dagbag.py:541} INFO - Filling up the DagBag from /home/airflow/.local/lib/python3.7/site-packages/airflow/example_dags/example_skip_dag.py
[2023-05-08T22:31:07.613+0000] {processor.py:809} INFO - DAG(s) dict_keys(['example_skip_dag']) retrieved from /home/airflow/.local/lib/python3.7/site-packages/airflow/example_dags/example_skip_dag.py
[2023-05-08T22:31:07.637+0000] {logging_mixin.py:149} INFO - [2023-05-08T22:31:07.637+0000] {dag.py:2726} INFO - Sync 1 DAGs
[2023-05-08T22:31:07.656+0000] {logging_mixin.py:149} INFO - [2023-05-08T22:31:07.656+0000] {dag.py:3490} INFO - Setting next_dagrun for example_skip_dag to 2023-05-07T22:31:07.656140+00:00, run_after=2023-05-08T22:31:07.656140+00:00
[2023-05-08T22:31:07.671+0000] {processor.py:178} INFO - Processing /home/airflow/.local/lib/python3.7/site-packages/airflow/example_dags/example_skip_dag.py took 0.067 seconds
[2023-05-08T22:31:38.148+0000] {processor.py:156} INFO - Started process (PID=681) to work on /home/airflow/.local/lib/python3.7/site-packages/airflow/example_dags/example_skip_dag.py
[2023-05-08T22:31:38.149+0000] {processor.py:799} INFO - Processing file /home/airflow/.local/lib/python3.7/site-packages/airflow/example_dags/example_skip_dag.py for tasks to queue
[2023-05-08T22:31:38.150+0000] {logging_mixin.py:149} INFO - [2023-05-08T22:31:38.150+0000] {dagbag.py:541} INFO - Filling up the DagBag from /home/airflow/.local/lib/python3.7/site-packages/airflow/example_dags/example_skip_dag.py
[2023-05-08T22:31:38.154+0000] {processor.py:809} INFO - DAG(s) dict_keys(['example_skip_dag']) retrieved from /home/airflow/.local/lib/python3.7/site-packages/airflow/example_dags/example_skip_dag.py
[2023-05-08T22:31:38.177+0000] {logging_mixin.py:149} INFO - [2023-05-08T22:31:38.177+0000] {dag.py:2726} INFO - Sync 1 DAGs
[2023-05-08T22:31:38.197+0000] {logging_mixin.py:149} INFO - [2023-05-08T22:31:38.197+0000] {dag.py:3490} INFO - Setting next_dagrun for example_skip_dag to 2023-05-07T22:31:38.197167+00:00, run_after=2023-05-08T22:31:38.197167+00:00
[2023-05-08T22:31:38.209+0000] {processor.py:178} INFO - Processing /home/airflow/.local/lib/python3.7/site-packages/airflow/example_dags/example_skip_dag.py took 0.063 seconds
[2023-05-08T22:32:08.848+0000] {processor.py:156} INFO - Started process (PID=738) to work on /home/airflow/.local/lib/python3.7/site-packages/airflow/example_dags/example_skip_dag.py
[2023-05-08T22:32:08.849+0000] {processor.py:799} INFO - Processing file /home/airflow/.local/lib/python3.7/site-packages/airflow/example_dags/example_skip_dag.py for tasks to queue
[2023-05-08T22:32:08.850+0000] {logging_mixin.py:149} INFO - [2023-05-08T22:32:08.850+0000] {dagbag.py:541} INFO - Filling up the DagBag from /home/airflow/.local/lib/python3.7/site-packages/airflow/example_dags/example_skip_dag.py
[2023-05-08T22:32:08.855+0000] {processor.py:809} INFO - DAG(s) dict_keys(['example_skip_dag']) retrieved from /home/airflow/.local/lib/python3.7/site-packages/airflow/example_dags/example_skip_dag.py
[2023-05-08T22:32:08.877+0000] {logging_mixin.py:149} INFO - [2023-05-08T22:32:08.877+0000] {dag.py:2726} INFO - Sync 1 DAGs
[2023-05-08T22:32:08.897+0000] {logging_mixin.py:149} INFO - [2023-05-08T22:32:08.897+0000] {dag.py:3490} INFO - Setting next_dagrun for example_skip_dag to 2023-05-07T22:32:08.897110+00:00, run_after=2023-05-08T22:32:08.897110+00:00
[2023-05-08T22:32:08.911+0000] {processor.py:178} INFO - Processing /home/airflow/.local/lib/python3.7/site-packages/airflow/example_dags/example_skip_dag.py took 0.065 seconds
[2023-05-08T22:32:39.660+0000] {processor.py:156} INFO - Started process (PID=795) to work on /home/airflow/.local/lib/python3.7/site-packages/airflow/example_dags/example_skip_dag.py
[2023-05-08T22:32:39.661+0000] {processor.py:799} INFO - Processing file /home/airflow/.local/lib/python3.7/site-packages/airflow/example_dags/example_skip_dag.py for tasks to queue
[2023-05-08T22:32:39.662+0000] {logging_mixin.py:149} INFO - [2023-05-08T22:32:39.662+0000] {dagbag.py:541} INFO - Filling up the DagBag from /home/airflow/.local/lib/python3.7/site-packages/airflow/example_dags/example_skip_dag.py
[2023-05-08T22:32:39.667+0000] {processor.py:809} INFO - DAG(s) dict_keys(['example_skip_dag']) retrieved from /home/airflow/.local/lib/python3.7/site-packages/airflow/example_dags/example_skip_dag.py
[2023-05-08T22:32:39.694+0000] {logging_mixin.py:149} INFO - [2023-05-08T22:32:39.694+0000] {dag.py:2726} INFO - Sync 1 DAGs
[2023-05-08T22:32:39.717+0000] {logging_mixin.py:149} INFO - [2023-05-08T22:32:39.717+0000] {dag.py:3490} INFO - Setting next_dagrun for example_skip_dag to 2023-05-07T22:32:39.717296+00:00, run_after=2023-05-08T22:32:39.717296+00:00
[2023-05-08T22:32:39.733+0000] {processor.py:178} INFO - Processing /home/airflow/.local/lib/python3.7/site-packages/airflow/example_dags/example_skip_dag.py took 0.075 seconds
[2023-05-08T22:33:10.796+0000] {processor.py:156} INFO - Started process (PID=852) to work on /home/airflow/.local/lib/python3.7/site-packages/airflow/example_dags/example_skip_dag.py
[2023-05-08T22:33:10.797+0000] {processor.py:799} INFO - Processing file /home/airflow/.local/lib/python3.7/site-packages/airflow/example_dags/example_skip_dag.py for tasks to queue
[2023-05-08T22:33:10.798+0000] {logging_mixin.py:149} INFO - [2023-05-08T22:33:10.798+0000] {dagbag.py:541} INFO - Filling up the DagBag from /home/airflow/.local/lib/python3.7/site-packages/airflow/example_dags/example_skip_dag.py
[2023-05-08T22:33:10.804+0000] {processor.py:809} INFO - DAG(s) dict_keys(['example_skip_dag']) retrieved from /home/airflow/.local/lib/python3.7/site-packages/airflow/example_dags/example_skip_dag.py
[2023-05-08T22:33:10.828+0000] {logging_mixin.py:149} INFO - [2023-05-08T22:33:10.827+0000] {dag.py:2726} INFO - Sync 1 DAGs
[2023-05-08T22:33:10.848+0000] {logging_mixin.py:149} INFO - [2023-05-08T22:33:10.847+0000] {dag.py:3490} INFO - Setting next_dagrun for example_skip_dag to 2023-05-07T22:33:10.847638+00:00, run_after=2023-05-08T22:33:10.847638+00:00
[2023-05-08T22:33:10.863+0000] {processor.py:178} INFO - Processing /home/airflow/.local/lib/python3.7/site-packages/airflow/example_dags/example_skip_dag.py took 0.069 seconds
[2023-05-08T22:33:41.993+0000] {processor.py:156} INFO - Started process (PID=909) to work on /home/airflow/.local/lib/python3.7/site-packages/airflow/example_dags/example_skip_dag.py
[2023-05-08T22:33:41.995+0000] {processor.py:799} INFO - Processing file /home/airflow/.local/lib/python3.7/site-packages/airflow/example_dags/example_skip_dag.py for tasks to queue
[2023-05-08T22:33:42.002+0000] {logging_mixin.py:149} INFO - [2023-05-08T22:33:42.002+0000] {dagbag.py:541} INFO - Filling up the DagBag from /home/airflow/.local/lib/python3.7/site-packages/airflow/example_dags/example_skip_dag.py
[2023-05-08T22:33:42.014+0000] {processor.py:809} INFO - DAG(s) dict_keys(['example_skip_dag']) retrieved from /home/airflow/.local/lib/python3.7/site-packages/airflow/example_dags/example_skip_dag.py
[2023-05-08T22:33:42.105+0000] {logging_mixin.py:149} INFO - [2023-05-08T22:33:42.105+0000] {dag.py:2726} INFO - Sync 1 DAGs
[2023-05-08T22:33:42.169+0000] {logging_mixin.py:149} INFO - [2023-05-08T22:33:42.169+0000] {dag.py:3490} INFO - Setting next_dagrun for example_skip_dag to 2023-05-07T22:33:42.169125+00:00, run_after=2023-05-08T22:33:42.169125+00:00
[2023-05-08T22:33:42.193+0000] {processor.py:178} INFO - Processing /home/airflow/.local/lib/python3.7/site-packages/airflow/example_dags/example_skip_dag.py took 0.205 seconds
[2023-05-08T22:34:12.814+0000] {processor.py:156} INFO - Started process (PID=966) to work on /home/airflow/.local/lib/python3.7/site-packages/airflow/example_dags/example_skip_dag.py
[2023-05-08T22:34:12.815+0000] {processor.py:799} INFO - Processing file /home/airflow/.local/lib/python3.7/site-packages/airflow/example_dags/example_skip_dag.py for tasks to queue
[2023-05-08T22:34:12.816+0000] {logging_mixin.py:149} INFO - [2023-05-08T22:34:12.816+0000] {dagbag.py:541} INFO - Filling up the DagBag from /home/airflow/.local/lib/python3.7/site-packages/airflow/example_dags/example_skip_dag.py
[2023-05-08T22:34:12.823+0000] {processor.py:809} INFO - DAG(s) dict_keys(['example_skip_dag']) retrieved from /home/airflow/.local/lib/python3.7/site-packages/airflow/example_dags/example_skip_dag.py
[2023-05-08T22:34:12.854+0000] {logging_mixin.py:149} INFO - [2023-05-08T22:34:12.854+0000] {dag.py:2726} INFO - Sync 1 DAGs
[2023-05-08T22:34:12.878+0000] {logging_mixin.py:149} INFO - [2023-05-08T22:34:12.878+0000] {dag.py:3490} INFO - Setting next_dagrun for example_skip_dag to 2023-05-07T22:34:12.878460+00:00, run_after=2023-05-08T22:34:12.878460+00:00
[2023-05-08T22:34:12.898+0000] {processor.py:178} INFO - Processing /home/airflow/.local/lib/python3.7/site-packages/airflow/example_dags/example_skip_dag.py took 0.087 seconds
[2023-05-08T22:34:43.616+0000] {processor.py:156} INFO - Started process (PID=1024) to work on /home/airflow/.local/lib/python3.7/site-packages/airflow/example_dags/example_skip_dag.py
[2023-05-08T22:34:43.617+0000] {processor.py:799} INFO - Processing file /home/airflow/.local/lib/python3.7/site-packages/airflow/example_dags/example_skip_dag.py for tasks to queue
[2023-05-08T22:34:43.618+0000] {logging_mixin.py:149} INFO - [2023-05-08T22:34:43.618+0000] {dagbag.py:541} INFO - Filling up the DagBag from /home/airflow/.local/lib/python3.7/site-packages/airflow/example_dags/example_skip_dag.py
[2023-05-08T22:34:43.623+0000] {processor.py:809} INFO - DAG(s) dict_keys(['example_skip_dag']) retrieved from /home/airflow/.local/lib/python3.7/site-packages/airflow/example_dags/example_skip_dag.py
[2023-05-08T22:34:43.646+0000] {logging_mixin.py:149} INFO - [2023-05-08T22:34:43.646+0000] {dag.py:2726} INFO - Sync 1 DAGs
[2023-05-08T22:34:43.667+0000] {logging_mixin.py:149} INFO - [2023-05-08T22:34:43.667+0000] {dag.py:3490} INFO - Setting next_dagrun for example_skip_dag to 2023-05-07T22:34:43.667346+00:00, run_after=2023-05-08T22:34:43.667346+00:00
[2023-05-08T22:34:43.681+0000] {processor.py:178} INFO - Processing /home/airflow/.local/lib/python3.7/site-packages/airflow/example_dags/example_skip_dag.py took 0.067 seconds
[2023-05-08T22:35:13.970+0000] {processor.py:156} INFO - Started process (PID=1080) to work on /home/airflow/.local/lib/python3.7/site-packages/airflow/example_dags/example_skip_dag.py
[2023-05-08T22:35:13.971+0000] {processor.py:799} INFO - Processing file /home/airflow/.local/lib/python3.7/site-packages/airflow/example_dags/example_skip_dag.py for tasks to queue
[2023-05-08T22:35:13.972+0000] {logging_mixin.py:149} INFO - [2023-05-08T22:35:13.972+0000] {dagbag.py:541} INFO - Filling up the DagBag from /home/airflow/.local/lib/python3.7/site-packages/airflow/example_dags/example_skip_dag.py
[2023-05-08T22:35:13.978+0000] {processor.py:809} INFO - DAG(s) dict_keys(['example_skip_dag']) retrieved from /home/airflow/.local/lib/python3.7/site-packages/airflow/example_dags/example_skip_dag.py
[2023-05-08T22:35:14.001+0000] {logging_mixin.py:149} INFO - [2023-05-08T22:35:14.001+0000] {dag.py:2726} INFO - Sync 1 DAGs
[2023-05-08T22:35:14.024+0000] {logging_mixin.py:149} INFO - [2023-05-08T22:35:14.024+0000] {dag.py:3490} INFO - Setting next_dagrun for example_skip_dag to 2023-05-07T22:35:14.024169+00:00, run_after=2023-05-08T22:35:14.024169+00:00
[2023-05-08T22:35:14.039+0000] {processor.py:178} INFO - Processing /home/airflow/.local/lib/python3.7/site-packages/airflow/example_dags/example_skip_dag.py took 0.073 seconds
