[2023-05-08T20:36:13.358+0000] {processor.py:156} INFO - Started process (PID=58) to work on /home/airflow/.local/lib/python3.7/site-packages/airflow/example_dags/example_task_group.py
[2023-05-08T20:36:13.363+0000] {processor.py:799} INFO - Processing file /home/airflow/.local/lib/python3.7/site-packages/airflow/example_dags/example_task_group.py for tasks to queue
[2023-05-08T20:36:13.365+0000] {logging_mixin.py:149} INFO - [2023-05-08T20:36:13.365+0000] {dagbag.py:541} INFO - Filling up the DagBag from /home/airflow/.local/lib/python3.7/site-packages/airflow/example_dags/example_task_group.py
[2023-05-08T20:36:13.377+0000] {processor.py:809} INFO - DAG(s) dict_keys(['example_task_group']) retrieved from /home/airflow/.local/lib/python3.7/site-packages/airflow/example_dags/example_task_group.py
[2023-05-08T20:36:13.402+0000] {logging_mixin.py:149} INFO - [2023-05-08T20:36:13.402+0000] {dag.py:2726} INFO - Sync 1 DAGs
[2023-05-08T20:36:13.454+0000] {logging_mixin.py:149} INFO - [2023-05-08T20:36:13.454+0000] {dag.py:3490} INFO - Setting next_dagrun for example_task_group to 2023-05-07T20:36:13.454088+00:00, run_after=2023-05-08T20:36:13.454088+00:00
[2023-05-08T20:36:13.483+0000] {processor.py:178} INFO - Processing /home/airflow/.local/lib/python3.7/site-packages/airflow/example_dags/example_task_group.py took 0.129 seconds
[2023-05-08T20:36:43.734+0000] {processor.py:156} INFO - Started process (PID=114) to work on /home/airflow/.local/lib/python3.7/site-packages/airflow/example_dags/example_task_group.py
[2023-05-08T20:36:43.736+0000] {processor.py:799} INFO - Processing file /home/airflow/.local/lib/python3.7/site-packages/airflow/example_dags/example_task_group.py for tasks to queue
[2023-05-08T20:36:43.736+0000] {logging_mixin.py:149} INFO - [2023-05-08T20:36:43.736+0000] {dagbag.py:541} INFO - Filling up the DagBag from /home/airflow/.local/lib/python3.7/site-packages/airflow/example_dags/example_task_group.py
[2023-05-08T20:36:43.743+0000] {processor.py:809} INFO - DAG(s) dict_keys(['example_task_group']) retrieved from /home/airflow/.local/lib/python3.7/site-packages/airflow/example_dags/example_task_group.py
[2023-05-08T20:36:43.767+0000] {logging_mixin.py:149} INFO - [2023-05-08T20:36:43.767+0000] {dag.py:2726} INFO - Sync 1 DAGs
[2023-05-08T20:36:43.787+0000] {logging_mixin.py:149} INFO - [2023-05-08T20:36:43.787+0000] {dag.py:3490} INFO - Setting next_dagrun for example_task_group to 2023-05-07T20:36:43.787335+00:00, run_after=2023-05-08T20:36:43.787335+00:00
[2023-05-08T20:36:43.801+0000] {processor.py:178} INFO - Processing /home/airflow/.local/lib/python3.7/site-packages/airflow/example_dags/example_task_group.py took 0.069 seconds
[2023-05-08T20:37:13.924+0000] {processor.py:156} INFO - Started process (PID=170) to work on /home/airflow/.local/lib/python3.7/site-packages/airflow/example_dags/example_task_group.py
[2023-05-08T20:37:13.925+0000] {processor.py:799} INFO - Processing file /home/airflow/.local/lib/python3.7/site-packages/airflow/example_dags/example_task_group.py for tasks to queue
[2023-05-08T20:37:13.925+0000] {logging_mixin.py:149} INFO - [2023-05-08T20:37:13.925+0000] {dagbag.py:541} INFO - Filling up the DagBag from /home/airflow/.local/lib/python3.7/site-packages/airflow/example_dags/example_task_group.py
[2023-05-08T20:37:13.931+0000] {processor.py:809} INFO - DAG(s) dict_keys(['example_task_group']) retrieved from /home/airflow/.local/lib/python3.7/site-packages/airflow/example_dags/example_task_group.py
[2023-05-08T20:37:13.956+0000] {logging_mixin.py:149} INFO - [2023-05-08T20:37:13.956+0000] {dag.py:2726} INFO - Sync 1 DAGs
[2023-05-08T20:37:13.977+0000] {logging_mixin.py:149} INFO - [2023-05-08T20:37:13.977+0000] {dag.py:3490} INFO - Setting next_dagrun for example_task_group to 2023-05-07T20:37:13.977101+00:00, run_after=2023-05-08T20:37:13.977101+00:00
[2023-05-08T20:37:13.993+0000] {processor.py:178} INFO - Processing /home/airflow/.local/lib/python3.7/site-packages/airflow/example_dags/example_task_group.py took 0.072 seconds
[2023-05-08T20:37:44.769+0000] {processor.py:156} INFO - Started process (PID=226) to work on /home/airflow/.local/lib/python3.7/site-packages/airflow/example_dags/example_task_group.py
[2023-05-08T20:37:44.770+0000] {processor.py:799} INFO - Processing file /home/airflow/.local/lib/python3.7/site-packages/airflow/example_dags/example_task_group.py for tasks to queue
[2023-05-08T20:37:44.771+0000] {logging_mixin.py:149} INFO - [2023-05-08T20:37:44.771+0000] {dagbag.py:541} INFO - Filling up the DagBag from /home/airflow/.local/lib/python3.7/site-packages/airflow/example_dags/example_task_group.py
[2023-05-08T20:37:44.776+0000] {processor.py:809} INFO - DAG(s) dict_keys(['example_task_group']) retrieved from /home/airflow/.local/lib/python3.7/site-packages/airflow/example_dags/example_task_group.py
[2023-05-08T20:37:44.801+0000] {logging_mixin.py:149} INFO - [2023-05-08T20:37:44.800+0000] {dag.py:2726} INFO - Sync 1 DAGs
[2023-05-08T20:37:44.821+0000] {logging_mixin.py:149} INFO - [2023-05-08T20:37:44.820+0000] {dag.py:3490} INFO - Setting next_dagrun for example_task_group to 2023-05-07T20:37:44.820731+00:00, run_after=2023-05-08T20:37:44.820731+00:00
[2023-05-08T20:37:44.834+0000] {processor.py:178} INFO - Processing /home/airflow/.local/lib/python3.7/site-packages/airflow/example_dags/example_task_group.py took 0.068 seconds
[2023-05-08T20:38:15.506+0000] {processor.py:156} INFO - Started process (PID=283) to work on /home/airflow/.local/lib/python3.7/site-packages/airflow/example_dags/example_task_group.py
[2023-05-08T20:38:15.507+0000] {processor.py:799} INFO - Processing file /home/airflow/.local/lib/python3.7/site-packages/airflow/example_dags/example_task_group.py for tasks to queue
[2023-05-08T20:38:15.507+0000] {logging_mixin.py:149} INFO - [2023-05-08T20:38:15.507+0000] {dagbag.py:541} INFO - Filling up the DagBag from /home/airflow/.local/lib/python3.7/site-packages/airflow/example_dags/example_task_group.py
[2023-05-08T20:38:15.513+0000] {processor.py:809} INFO - DAG(s) dict_keys(['example_task_group']) retrieved from /home/airflow/.local/lib/python3.7/site-packages/airflow/example_dags/example_task_group.py
[2023-05-08T20:38:15.535+0000] {logging_mixin.py:149} INFO - [2023-05-08T20:38:15.535+0000] {dag.py:2726} INFO - Sync 1 DAGs
[2023-05-08T20:38:15.555+0000] {logging_mixin.py:149} INFO - [2023-05-08T20:38:15.554+0000] {dag.py:3490} INFO - Setting next_dagrun for example_task_group to 2023-05-07T20:38:15.554734+00:00, run_after=2023-05-08T20:38:15.554734+00:00
[2023-05-08T20:38:15.568+0000] {processor.py:178} INFO - Processing /home/airflow/.local/lib/python3.7/site-packages/airflow/example_dags/example_task_group.py took 0.065 seconds
[2023-05-08T20:38:46.096+0000] {processor.py:156} INFO - Started process (PID=339) to work on /home/airflow/.local/lib/python3.7/site-packages/airflow/example_dags/example_task_group.py
[2023-05-08T20:38:46.097+0000] {processor.py:799} INFO - Processing file /home/airflow/.local/lib/python3.7/site-packages/airflow/example_dags/example_task_group.py for tasks to queue
[2023-05-08T20:38:46.098+0000] {logging_mixin.py:149} INFO - [2023-05-08T20:38:46.098+0000] {dagbag.py:541} INFO - Filling up the DagBag from /home/airflow/.local/lib/python3.7/site-packages/airflow/example_dags/example_task_group.py
[2023-05-08T20:38:46.104+0000] {processor.py:809} INFO - DAG(s) dict_keys(['example_task_group']) retrieved from /home/airflow/.local/lib/python3.7/site-packages/airflow/example_dags/example_task_group.py
[2023-05-08T20:38:46.127+0000] {logging_mixin.py:149} INFO - [2023-05-08T20:38:46.127+0000] {dag.py:2726} INFO - Sync 1 DAGs
[2023-05-08T20:38:46.147+0000] {logging_mixin.py:149} INFO - [2023-05-08T20:38:46.147+0000] {dag.py:3490} INFO - Setting next_dagrun for example_task_group to 2023-05-07T20:38:46.147508+00:00, run_after=2023-05-08T20:38:46.147508+00:00
[2023-05-08T20:38:46.161+0000] {processor.py:178} INFO - Processing /home/airflow/.local/lib/python3.7/site-packages/airflow/example_dags/example_task_group.py took 0.067 seconds
[2023-05-08T20:39:16.714+0000] {processor.py:156} INFO - Started process (PID=395) to work on /home/airflow/.local/lib/python3.7/site-packages/airflow/example_dags/example_task_group.py
[2023-05-08T20:39:16.715+0000] {processor.py:799} INFO - Processing file /home/airflow/.local/lib/python3.7/site-packages/airflow/example_dags/example_task_group.py for tasks to queue
[2023-05-08T20:39:16.715+0000] {logging_mixin.py:149} INFO - [2023-05-08T20:39:16.715+0000] {dagbag.py:541} INFO - Filling up the DagBag from /home/airflow/.local/lib/python3.7/site-packages/airflow/example_dags/example_task_group.py
[2023-05-08T20:39:16.721+0000] {processor.py:809} INFO - DAG(s) dict_keys(['example_task_group']) retrieved from /home/airflow/.local/lib/python3.7/site-packages/airflow/example_dags/example_task_group.py
[2023-05-08T20:39:16.745+0000] {logging_mixin.py:149} INFO - [2023-05-08T20:39:16.744+0000] {dag.py:2726} INFO - Sync 1 DAGs
[2023-05-08T20:39:16.764+0000] {logging_mixin.py:149} INFO - [2023-05-08T20:39:16.764+0000] {dag.py:3490} INFO - Setting next_dagrun for example_task_group to 2023-05-07T20:39:16.764505+00:00, run_after=2023-05-08T20:39:16.764505+00:00
[2023-05-08T20:39:16.777+0000] {processor.py:178} INFO - Processing /home/airflow/.local/lib/python3.7/site-packages/airflow/example_dags/example_task_group.py took 0.067 seconds
[2023-05-08T22:15:47.919+0000] {processor.py:156} INFO - Started process (PID=58) to work on /home/airflow/.local/lib/python3.7/site-packages/airflow/example_dags/example_task_group.py
[2023-05-08T22:15:47.926+0000] {processor.py:799} INFO - Processing file /home/airflow/.local/lib/python3.7/site-packages/airflow/example_dags/example_task_group.py for tasks to queue
[2023-05-08T22:15:47.927+0000] {logging_mixin.py:149} INFO - [2023-05-08T22:15:47.927+0000] {dagbag.py:541} INFO - Filling up the DagBag from /home/airflow/.local/lib/python3.7/site-packages/airflow/example_dags/example_task_group.py
[2023-05-08T22:15:47.948+0000] {processor.py:809} INFO - DAG(s) dict_keys(['example_task_group']) retrieved from /home/airflow/.local/lib/python3.7/site-packages/airflow/example_dags/example_task_group.py
[2023-05-08T22:15:47.982+0000] {logging_mixin.py:149} INFO - [2023-05-08T22:15:47.982+0000] {dag.py:2726} INFO - Sync 1 DAGs
[2023-05-08T22:15:48.047+0000] {logging_mixin.py:149} INFO - [2023-05-08T22:15:48.047+0000] {dag.py:3490} INFO - Setting next_dagrun for example_task_group to 2023-05-07T22:15:48.046879+00:00, run_after=2023-05-08T22:15:48.046879+00:00
[2023-05-08T22:15:48.073+0000] {processor.py:178} INFO - Processing /home/airflow/.local/lib/python3.7/site-packages/airflow/example_dags/example_task_group.py took 0.157 seconds
[2023-05-08T22:16:18.873+0000] {processor.py:156} INFO - Started process (PID=115) to work on /home/airflow/.local/lib/python3.7/site-packages/airflow/example_dags/example_task_group.py
[2023-05-08T22:16:18.874+0000] {processor.py:799} INFO - Processing file /home/airflow/.local/lib/python3.7/site-packages/airflow/example_dags/example_task_group.py for tasks to queue
[2023-05-08T22:16:18.875+0000] {logging_mixin.py:149} INFO - [2023-05-08T22:16:18.875+0000] {dagbag.py:541} INFO - Filling up the DagBag from /home/airflow/.local/lib/python3.7/site-packages/airflow/example_dags/example_task_group.py
[2023-05-08T22:16:18.882+0000] {processor.py:809} INFO - DAG(s) dict_keys(['example_task_group']) retrieved from /home/airflow/.local/lib/python3.7/site-packages/airflow/example_dags/example_task_group.py
[2023-05-08T22:16:18.903+0000] {logging_mixin.py:149} INFO - [2023-05-08T22:16:18.902+0000] {dag.py:2726} INFO - Sync 1 DAGs
[2023-05-08T22:16:18.922+0000] {logging_mixin.py:149} INFO - [2023-05-08T22:16:18.922+0000] {dag.py:3490} INFO - Setting next_dagrun for example_task_group to 2023-05-07T22:16:18.921852+00:00, run_after=2023-05-08T22:16:18.921852+00:00
[2023-05-08T22:16:18.934+0000] {processor.py:178} INFO - Processing /home/airflow/.local/lib/python3.7/site-packages/airflow/example_dags/example_task_group.py took 0.063 seconds
[2023-05-08T22:16:49.035+0000] {processor.py:156} INFO - Started process (PID=172) to work on /home/airflow/.local/lib/python3.7/site-packages/airflow/example_dags/example_task_group.py
[2023-05-08T22:16:49.037+0000] {processor.py:799} INFO - Processing file /home/airflow/.local/lib/python3.7/site-packages/airflow/example_dags/example_task_group.py for tasks to queue
[2023-05-08T22:16:49.037+0000] {logging_mixin.py:149} INFO - [2023-05-08T22:16:49.037+0000] {dagbag.py:541} INFO - Filling up the DagBag from /home/airflow/.local/lib/python3.7/site-packages/airflow/example_dags/example_task_group.py
[2023-05-08T22:16:49.043+0000] {processor.py:809} INFO - DAG(s) dict_keys(['example_task_group']) retrieved from /home/airflow/.local/lib/python3.7/site-packages/airflow/example_dags/example_task_group.py
[2023-05-08T22:16:49.068+0000] {logging_mixin.py:149} INFO - [2023-05-08T22:16:49.068+0000] {dag.py:2726} INFO - Sync 1 DAGs
[2023-05-08T22:16:49.088+0000] {logging_mixin.py:149} INFO - [2023-05-08T22:16:49.088+0000] {dag.py:3490} INFO - Setting next_dagrun for example_task_group to 2023-05-07T22:16:49.088034+00:00, run_after=2023-05-08T22:16:49.088034+00:00
[2023-05-08T22:16:49.102+0000] {processor.py:178} INFO - Processing /home/airflow/.local/lib/python3.7/site-packages/airflow/example_dags/example_task_group.py took 0.069 seconds
[2023-05-08T22:17:19.822+0000] {processor.py:156} INFO - Started process (PID=229) to work on /home/airflow/.local/lib/python3.7/site-packages/airflow/example_dags/example_task_group.py
[2023-05-08T22:17:19.823+0000] {processor.py:799} INFO - Processing file /home/airflow/.local/lib/python3.7/site-packages/airflow/example_dags/example_task_group.py for tasks to queue
[2023-05-08T22:17:19.823+0000] {logging_mixin.py:149} INFO - [2023-05-08T22:17:19.823+0000] {dagbag.py:541} INFO - Filling up the DagBag from /home/airflow/.local/lib/python3.7/site-packages/airflow/example_dags/example_task_group.py
[2023-05-08T22:17:19.829+0000] {processor.py:809} INFO - DAG(s) dict_keys(['example_task_group']) retrieved from /home/airflow/.local/lib/python3.7/site-packages/airflow/example_dags/example_task_group.py
[2023-05-08T22:17:19.851+0000] {logging_mixin.py:149} INFO - [2023-05-08T22:17:19.851+0000] {dag.py:2726} INFO - Sync 1 DAGs
[2023-05-08T22:17:19.872+0000] {logging_mixin.py:149} INFO - [2023-05-08T22:17:19.871+0000] {dag.py:3490} INFO - Setting next_dagrun for example_task_group to 2023-05-07T22:17:19.871767+00:00, run_after=2023-05-08T22:17:19.871767+00:00
[2023-05-08T22:17:19.886+0000] {processor.py:178} INFO - Processing /home/airflow/.local/lib/python3.7/site-packages/airflow/example_dags/example_task_group.py took 0.067 seconds
[2023-05-08T22:17:50.832+0000] {processor.py:156} INFO - Started process (PID=286) to work on /home/airflow/.local/lib/python3.7/site-packages/airflow/example_dags/example_task_group.py
[2023-05-08T22:17:50.833+0000] {processor.py:799} INFO - Processing file /home/airflow/.local/lib/python3.7/site-packages/airflow/example_dags/example_task_group.py for tasks to queue
[2023-05-08T22:17:50.834+0000] {logging_mixin.py:149} INFO - [2023-05-08T22:17:50.833+0000] {dagbag.py:541} INFO - Filling up the DagBag from /home/airflow/.local/lib/python3.7/site-packages/airflow/example_dags/example_task_group.py
[2023-05-08T22:17:50.840+0000] {processor.py:809} INFO - DAG(s) dict_keys(['example_task_group']) retrieved from /home/airflow/.local/lib/python3.7/site-packages/airflow/example_dags/example_task_group.py
[2023-05-08T22:17:50.863+0000] {logging_mixin.py:149} INFO - [2023-05-08T22:17:50.863+0000] {dag.py:2726} INFO - Sync 1 DAGs
[2023-05-08T22:17:50.883+0000] {logging_mixin.py:149} INFO - [2023-05-08T22:17:50.883+0000] {dag.py:3490} INFO - Setting next_dagrun for example_task_group to 2023-05-07T22:17:50.882965+00:00, run_after=2023-05-08T22:17:50.882965+00:00
[2023-05-08T22:17:50.903+0000] {processor.py:178} INFO - Processing /home/airflow/.local/lib/python3.7/site-packages/airflow/example_dags/example_task_group.py took 0.073 seconds
[2023-05-08T22:18:21.651+0000] {processor.py:156} INFO - Started process (PID=343) to work on /home/airflow/.local/lib/python3.7/site-packages/airflow/example_dags/example_task_group.py
[2023-05-08T22:18:21.652+0000] {processor.py:799} INFO - Processing file /home/airflow/.local/lib/python3.7/site-packages/airflow/example_dags/example_task_group.py for tasks to queue
[2023-05-08T22:18:21.653+0000] {logging_mixin.py:149} INFO - [2023-05-08T22:18:21.653+0000] {dagbag.py:541} INFO - Filling up the DagBag from /home/airflow/.local/lib/python3.7/site-packages/airflow/example_dags/example_task_group.py
[2023-05-08T22:18:21.658+0000] {processor.py:809} INFO - DAG(s) dict_keys(['example_task_group']) retrieved from /home/airflow/.local/lib/python3.7/site-packages/airflow/example_dags/example_task_group.py
[2023-05-08T22:18:21.682+0000] {logging_mixin.py:149} INFO - [2023-05-08T22:18:21.682+0000] {dag.py:2726} INFO - Sync 1 DAGs
[2023-05-08T22:18:21.709+0000] {logging_mixin.py:149} INFO - [2023-05-08T22:18:21.709+0000] {dag.py:3490} INFO - Setting next_dagrun for example_task_group to 2023-05-07T22:18:21.709244+00:00, run_after=2023-05-08T22:18:21.709244+00:00
[2023-05-08T22:18:21.723+0000] {processor.py:178} INFO - Processing /home/airflow/.local/lib/python3.7/site-packages/airflow/example_dags/example_task_group.py took 0.074 seconds
[2023-05-08T22:18:52.797+0000] {processor.py:156} INFO - Started process (PID=400) to work on /home/airflow/.local/lib/python3.7/site-packages/airflow/example_dags/example_task_group.py
[2023-05-08T22:18:52.798+0000] {processor.py:799} INFO - Processing file /home/airflow/.local/lib/python3.7/site-packages/airflow/example_dags/example_task_group.py for tasks to queue
[2023-05-08T22:18:52.799+0000] {logging_mixin.py:149} INFO - [2023-05-08T22:18:52.799+0000] {dagbag.py:541} INFO - Filling up the DagBag from /home/airflow/.local/lib/python3.7/site-packages/airflow/example_dags/example_task_group.py
[2023-05-08T22:18:52.805+0000] {processor.py:809} INFO - DAG(s) dict_keys(['example_task_group']) retrieved from /home/airflow/.local/lib/python3.7/site-packages/airflow/example_dags/example_task_group.py
[2023-05-08T22:18:52.832+0000] {logging_mixin.py:149} INFO - [2023-05-08T22:18:52.832+0000] {dag.py:2726} INFO - Sync 1 DAGs
[2023-05-08T22:18:52.852+0000] {logging_mixin.py:149} INFO - [2023-05-08T22:18:52.852+0000] {dag.py:3490} INFO - Setting next_dagrun for example_task_group to 2023-05-07T22:18:52.852217+00:00, run_after=2023-05-08T22:18:52.852217+00:00
[2023-05-08T22:18:52.867+0000] {processor.py:178} INFO - Processing /home/airflow/.local/lib/python3.7/site-packages/airflow/example_dags/example_task_group.py took 0.072 seconds
[2023-05-08T22:19:23.524+0000] {processor.py:156} INFO - Started process (PID=457) to work on /home/airflow/.local/lib/python3.7/site-packages/airflow/example_dags/example_task_group.py
[2023-05-08T22:19:23.525+0000] {processor.py:799} INFO - Processing file /home/airflow/.local/lib/python3.7/site-packages/airflow/example_dags/example_task_group.py for tasks to queue
[2023-05-08T22:19:23.525+0000] {logging_mixin.py:149} INFO - [2023-05-08T22:19:23.525+0000] {dagbag.py:541} INFO - Filling up the DagBag from /home/airflow/.local/lib/python3.7/site-packages/airflow/example_dags/example_task_group.py
[2023-05-08T22:19:23.530+0000] {processor.py:809} INFO - DAG(s) dict_keys(['example_task_group']) retrieved from /home/airflow/.local/lib/python3.7/site-packages/airflow/example_dags/example_task_group.py
[2023-05-08T22:19:23.553+0000] {logging_mixin.py:149} INFO - [2023-05-08T22:19:23.553+0000] {dag.py:2726} INFO - Sync 1 DAGs
[2023-05-08T22:19:23.573+0000] {logging_mixin.py:149} INFO - [2023-05-08T22:19:23.572+0000] {dag.py:3490} INFO - Setting next_dagrun for example_task_group to 2023-05-07T22:19:23.572805+00:00, run_after=2023-05-08T22:19:23.572805+00:00
[2023-05-08T22:19:23.586+0000] {processor.py:178} INFO - Processing /home/airflow/.local/lib/python3.7/site-packages/airflow/example_dags/example_task_group.py took 0.065 seconds
[2023-05-08T22:19:54.229+0000] {processor.py:156} INFO - Started process (PID=514) to work on /home/airflow/.local/lib/python3.7/site-packages/airflow/example_dags/example_task_group.py
[2023-05-08T22:19:54.230+0000] {processor.py:799} INFO - Processing file /home/airflow/.local/lib/python3.7/site-packages/airflow/example_dags/example_task_group.py for tasks to queue
[2023-05-08T22:19:54.231+0000] {logging_mixin.py:149} INFO - [2023-05-08T22:19:54.231+0000] {dagbag.py:541} INFO - Filling up the DagBag from /home/airflow/.local/lib/python3.7/site-packages/airflow/example_dags/example_task_group.py
[2023-05-08T22:19:54.236+0000] {processor.py:809} INFO - DAG(s) dict_keys(['example_task_group']) retrieved from /home/airflow/.local/lib/python3.7/site-packages/airflow/example_dags/example_task_group.py
[2023-05-08T22:19:54.258+0000] {logging_mixin.py:149} INFO - [2023-05-08T22:19:54.258+0000] {dag.py:2726} INFO - Sync 1 DAGs
[2023-05-08T22:19:54.279+0000] {logging_mixin.py:149} INFO - [2023-05-08T22:19:54.279+0000] {dag.py:3490} INFO - Setting next_dagrun for example_task_group to 2023-05-07T22:19:54.279286+00:00, run_after=2023-05-08T22:19:54.279286+00:00
[2023-05-08T22:19:54.293+0000] {processor.py:178} INFO - Processing /home/airflow/.local/lib/python3.7/site-packages/airflow/example_dags/example_task_group.py took 0.067 seconds
[2023-05-08T22:20:25.022+0000] {processor.py:156} INFO - Started process (PID=572) to work on /home/airflow/.local/lib/python3.7/site-packages/airflow/example_dags/example_task_group.py
[2023-05-08T22:20:25.023+0000] {processor.py:799} INFO - Processing file /home/airflow/.local/lib/python3.7/site-packages/airflow/example_dags/example_task_group.py for tasks to queue
[2023-05-08T22:20:25.024+0000] {logging_mixin.py:149} INFO - [2023-05-08T22:20:25.024+0000] {dagbag.py:541} INFO - Filling up the DagBag from /home/airflow/.local/lib/python3.7/site-packages/airflow/example_dags/example_task_group.py
[2023-05-08T22:20:25.029+0000] {processor.py:809} INFO - DAG(s) dict_keys(['example_task_group']) retrieved from /home/airflow/.local/lib/python3.7/site-packages/airflow/example_dags/example_task_group.py
[2023-05-08T22:20:25.051+0000] {logging_mixin.py:149} INFO - [2023-05-08T22:20:25.051+0000] {dag.py:2726} INFO - Sync 1 DAGs
[2023-05-08T22:20:25.080+0000] {logging_mixin.py:149} INFO - [2023-05-08T22:20:25.080+0000] {dag.py:3490} INFO - Setting next_dagrun for example_task_group to 2023-05-07T22:20:25.080299+00:00, run_after=2023-05-08T22:20:25.080299+00:00
[2023-05-08T22:20:25.095+0000] {processor.py:178} INFO - Processing /home/airflow/.local/lib/python3.7/site-packages/airflow/example_dags/example_task_group.py took 0.075 seconds
[2023-05-08T22:20:55.856+0000] {processor.py:156} INFO - Started process (PID=629) to work on /home/airflow/.local/lib/python3.7/site-packages/airflow/example_dags/example_task_group.py
[2023-05-08T22:20:55.857+0000] {processor.py:799} INFO - Processing file /home/airflow/.local/lib/python3.7/site-packages/airflow/example_dags/example_task_group.py for tasks to queue
[2023-05-08T22:20:55.857+0000] {logging_mixin.py:149} INFO - [2023-05-08T22:20:55.857+0000] {dagbag.py:541} INFO - Filling up the DagBag from /home/airflow/.local/lib/python3.7/site-packages/airflow/example_dags/example_task_group.py
[2023-05-08T22:20:55.863+0000] {processor.py:809} INFO - DAG(s) dict_keys(['example_task_group']) retrieved from /home/airflow/.local/lib/python3.7/site-packages/airflow/example_dags/example_task_group.py
[2023-05-08T22:20:55.886+0000] {logging_mixin.py:149} INFO - [2023-05-08T22:20:55.886+0000] {dag.py:2726} INFO - Sync 1 DAGs
[2023-05-08T22:20:55.906+0000] {logging_mixin.py:149} INFO - [2023-05-08T22:20:55.906+0000] {dag.py:3490} INFO - Setting next_dagrun for example_task_group to 2023-05-07T22:20:55.906393+00:00, run_after=2023-05-08T22:20:55.906393+00:00
[2023-05-08T22:20:55.924+0000] {processor.py:178} INFO - Processing /home/airflow/.local/lib/python3.7/site-packages/airflow/example_dags/example_task_group.py took 0.071 seconds
[2023-05-08T22:21:26.696+0000] {processor.py:156} INFO - Started process (PID=686) to work on /home/airflow/.local/lib/python3.7/site-packages/airflow/example_dags/example_task_group.py
[2023-05-08T22:21:26.697+0000] {processor.py:799} INFO - Processing file /home/airflow/.local/lib/python3.7/site-packages/airflow/example_dags/example_task_group.py for tasks to queue
[2023-05-08T22:21:26.698+0000] {logging_mixin.py:149} INFO - [2023-05-08T22:21:26.698+0000] {dagbag.py:541} INFO - Filling up the DagBag from /home/airflow/.local/lib/python3.7/site-packages/airflow/example_dags/example_task_group.py
[2023-05-08T22:21:26.703+0000] {processor.py:809} INFO - DAG(s) dict_keys(['example_task_group']) retrieved from /home/airflow/.local/lib/python3.7/site-packages/airflow/example_dags/example_task_group.py
[2023-05-08T22:21:26.726+0000] {logging_mixin.py:149} INFO - [2023-05-08T22:21:26.726+0000] {dag.py:2726} INFO - Sync 1 DAGs
[2023-05-08T22:21:26.746+0000] {logging_mixin.py:149} INFO - [2023-05-08T22:21:26.746+0000] {dag.py:3490} INFO - Setting next_dagrun for example_task_group to 2023-05-07T22:21:26.746433+00:00, run_after=2023-05-08T22:21:26.746433+00:00
[2023-05-08T22:21:26.759+0000] {processor.py:178} INFO - Processing /home/airflow/.local/lib/python3.7/site-packages/airflow/example_dags/example_task_group.py took 0.065 seconds
[2023-05-08T22:22:09.019+0000] {processor.py:156} INFO - Started process (PID=59) to work on /home/airflow/.local/lib/python3.7/site-packages/airflow/example_dags/example_task_group.py
[2023-05-08T22:22:09.021+0000] {processor.py:799} INFO - Processing file /home/airflow/.local/lib/python3.7/site-packages/airflow/example_dags/example_task_group.py for tasks to queue
[2023-05-08T22:22:09.022+0000] {logging_mixin.py:149} INFO - [2023-05-08T22:22:09.022+0000] {dagbag.py:541} INFO - Filling up the DagBag from /home/airflow/.local/lib/python3.7/site-packages/airflow/example_dags/example_task_group.py
[2023-05-08T22:22:09.032+0000] {processor.py:809} INFO - DAG(s) dict_keys(['example_task_group']) retrieved from /home/airflow/.local/lib/python3.7/site-packages/airflow/example_dags/example_task_group.py
[2023-05-08T22:22:09.062+0000] {logging_mixin.py:149} INFO - [2023-05-08T22:22:09.062+0000] {dag.py:2726} INFO - Sync 1 DAGs
[2023-05-08T22:22:09.106+0000] {logging_mixin.py:149} INFO - [2023-05-08T22:22:09.105+0000] {dag.py:3490} INFO - Setting next_dagrun for example_task_group to 2023-05-07T22:22:09.105624+00:00, run_after=2023-05-08T22:22:09.105624+00:00
[2023-05-08T22:22:09.130+0000] {processor.py:178} INFO - Processing /home/airflow/.local/lib/python3.7/site-packages/airflow/example_dags/example_task_group.py took 0.114 seconds
[2023-05-08T22:22:39.497+0000] {processor.py:156} INFO - Started process (PID=116) to work on /home/airflow/.local/lib/python3.7/site-packages/airflow/example_dags/example_task_group.py
[2023-05-08T22:22:39.498+0000] {processor.py:799} INFO - Processing file /home/airflow/.local/lib/python3.7/site-packages/airflow/example_dags/example_task_group.py for tasks to queue
[2023-05-08T22:22:39.498+0000] {logging_mixin.py:149} INFO - [2023-05-08T22:22:39.498+0000] {dagbag.py:541} INFO - Filling up the DagBag from /home/airflow/.local/lib/python3.7/site-packages/airflow/example_dags/example_task_group.py
[2023-05-08T22:22:39.504+0000] {processor.py:809} INFO - DAG(s) dict_keys(['example_task_group']) retrieved from /home/airflow/.local/lib/python3.7/site-packages/airflow/example_dags/example_task_group.py
[2023-05-08T22:22:39.527+0000] {logging_mixin.py:149} INFO - [2023-05-08T22:22:39.527+0000] {dag.py:2726} INFO - Sync 1 DAGs
[2023-05-08T22:22:39.546+0000] {logging_mixin.py:149} INFO - [2023-05-08T22:22:39.546+0000] {dag.py:3490} INFO - Setting next_dagrun for example_task_group to 2023-05-07T22:22:39.546264+00:00, run_after=2023-05-08T22:22:39.546264+00:00
[2023-05-08T22:22:39.560+0000] {processor.py:178} INFO - Processing /home/airflow/.local/lib/python3.7/site-packages/airflow/example_dags/example_task_group.py took 0.065 seconds
[2023-05-08T22:23:09.783+0000] {processor.py:156} INFO - Started process (PID=173) to work on /home/airflow/.local/lib/python3.7/site-packages/airflow/example_dags/example_task_group.py
[2023-05-08T22:23:09.784+0000] {processor.py:799} INFO - Processing file /home/airflow/.local/lib/python3.7/site-packages/airflow/example_dags/example_task_group.py for tasks to queue
[2023-05-08T22:23:09.785+0000] {logging_mixin.py:149} INFO - [2023-05-08T22:23:09.785+0000] {dagbag.py:541} INFO - Filling up the DagBag from /home/airflow/.local/lib/python3.7/site-packages/airflow/example_dags/example_task_group.py
[2023-05-08T22:23:09.791+0000] {processor.py:809} INFO - DAG(s) dict_keys(['example_task_group']) retrieved from /home/airflow/.local/lib/python3.7/site-packages/airflow/example_dags/example_task_group.py
[2023-05-08T22:23:09.820+0000] {logging_mixin.py:149} INFO - [2023-05-08T22:23:09.820+0000] {dag.py:2726} INFO - Sync 1 DAGs
[2023-05-08T22:23:09.841+0000] {logging_mixin.py:149} INFO - [2023-05-08T22:23:09.841+0000] {dag.py:3490} INFO - Setting next_dagrun for example_task_group to 2023-05-07T22:23:09.841159+00:00, run_after=2023-05-08T22:23:09.841159+00:00
[2023-05-08T22:23:09.855+0000] {processor.py:178} INFO - Processing /home/airflow/.local/lib/python3.7/site-packages/airflow/example_dags/example_task_group.py took 0.074 seconds
[2023-05-08T22:23:40.538+0000] {processor.py:156} INFO - Started process (PID=231) to work on /home/airflow/.local/lib/python3.7/site-packages/airflow/example_dags/example_task_group.py
[2023-05-08T22:23:40.539+0000] {processor.py:799} INFO - Processing file /home/airflow/.local/lib/python3.7/site-packages/airflow/example_dags/example_task_group.py for tasks to queue
[2023-05-08T22:23:40.539+0000] {logging_mixin.py:149} INFO - [2023-05-08T22:23:40.539+0000] {dagbag.py:541} INFO - Filling up the DagBag from /home/airflow/.local/lib/python3.7/site-packages/airflow/example_dags/example_task_group.py
[2023-05-08T22:23:40.545+0000] {processor.py:809} INFO - DAG(s) dict_keys(['example_task_group']) retrieved from /home/airflow/.local/lib/python3.7/site-packages/airflow/example_dags/example_task_group.py
[2023-05-08T22:23:40.566+0000] {logging_mixin.py:149} INFO - [2023-05-08T22:23:40.566+0000] {dag.py:2726} INFO - Sync 1 DAGs
[2023-05-08T22:23:40.586+0000] {logging_mixin.py:149} INFO - [2023-05-08T22:23:40.586+0000] {dag.py:3490} INFO - Setting next_dagrun for example_task_group to 2023-05-07T22:23:40.586136+00:00, run_after=2023-05-08T22:23:40.586136+00:00
[2023-05-08T22:23:40.600+0000] {processor.py:178} INFO - Processing /home/airflow/.local/lib/python3.7/site-packages/airflow/example_dags/example_task_group.py took 0.065 seconds
[2023-05-08T22:24:11.314+0000] {processor.py:156} INFO - Started process (PID=287) to work on /home/airflow/.local/lib/python3.7/site-packages/airflow/example_dags/example_task_group.py
[2023-05-08T22:24:11.315+0000] {processor.py:799} INFO - Processing file /home/airflow/.local/lib/python3.7/site-packages/airflow/example_dags/example_task_group.py for tasks to queue
[2023-05-08T22:24:11.316+0000] {logging_mixin.py:149} INFO - [2023-05-08T22:24:11.316+0000] {dagbag.py:541} INFO - Filling up the DagBag from /home/airflow/.local/lib/python3.7/site-packages/airflow/example_dags/example_task_group.py
[2023-05-08T22:24:11.322+0000] {processor.py:809} INFO - DAG(s) dict_keys(['example_task_group']) retrieved from /home/airflow/.local/lib/python3.7/site-packages/airflow/example_dags/example_task_group.py
[2023-05-08T22:24:11.345+0000] {logging_mixin.py:149} INFO - [2023-05-08T22:24:11.345+0000] {dag.py:2726} INFO - Sync 1 DAGs
[2023-05-08T22:24:11.365+0000] {logging_mixin.py:149} INFO - [2023-05-08T22:24:11.365+0000] {dag.py:3490} INFO - Setting next_dagrun for example_task_group to 2023-05-07T22:24:11.365400+00:00, run_after=2023-05-08T22:24:11.365400+00:00
[2023-05-08T22:24:11.380+0000] {processor.py:178} INFO - Processing /home/airflow/.local/lib/python3.7/site-packages/airflow/example_dags/example_task_group.py took 0.068 seconds
[2023-05-08T22:24:42.117+0000] {processor.py:156} INFO - Started process (PID=344) to work on /home/airflow/.local/lib/python3.7/site-packages/airflow/example_dags/example_task_group.py
[2023-05-08T22:24:42.118+0000] {processor.py:799} INFO - Processing file /home/airflow/.local/lib/python3.7/site-packages/airflow/example_dags/example_task_group.py for tasks to queue
[2023-05-08T22:24:42.119+0000] {logging_mixin.py:149} INFO - [2023-05-08T22:24:42.118+0000] {dagbag.py:541} INFO - Filling up the DagBag from /home/airflow/.local/lib/python3.7/site-packages/airflow/example_dags/example_task_group.py
[2023-05-08T22:24:42.124+0000] {processor.py:809} INFO - DAG(s) dict_keys(['example_task_group']) retrieved from /home/airflow/.local/lib/python3.7/site-packages/airflow/example_dags/example_task_group.py
[2023-05-08T22:24:42.147+0000] {logging_mixin.py:149} INFO - [2023-05-08T22:24:42.147+0000] {dag.py:2726} INFO - Sync 1 DAGs
[2023-05-08T22:24:42.173+0000] {logging_mixin.py:149} INFO - [2023-05-08T22:24:42.173+0000] {dag.py:3490} INFO - Setting next_dagrun for example_task_group to 2023-05-07T22:24:42.172817+00:00, run_after=2023-05-08T22:24:42.172817+00:00
[2023-05-08T22:24:42.189+0000] {processor.py:178} INFO - Processing /home/airflow/.local/lib/python3.7/site-packages/airflow/example_dags/example_task_group.py took 0.074 seconds
[2023-05-08T22:25:12.788+0000] {processor.py:156} INFO - Started process (PID=401) to work on /home/airflow/.local/lib/python3.7/site-packages/airflow/example_dags/example_task_group.py
[2023-05-08T22:25:12.789+0000] {processor.py:799} INFO - Processing file /home/airflow/.local/lib/python3.7/site-packages/airflow/example_dags/example_task_group.py for tasks to queue
[2023-05-08T22:25:12.789+0000] {logging_mixin.py:149} INFO - [2023-05-08T22:25:12.789+0000] {dagbag.py:541} INFO - Filling up the DagBag from /home/airflow/.local/lib/python3.7/site-packages/airflow/example_dags/example_task_group.py
[2023-05-08T22:25:12.796+0000] {processor.py:809} INFO - DAG(s) dict_keys(['example_task_group']) retrieved from /home/airflow/.local/lib/python3.7/site-packages/airflow/example_dags/example_task_group.py
[2023-05-08T22:25:12.819+0000] {logging_mixin.py:149} INFO - [2023-05-08T22:25:12.819+0000] {dag.py:2726} INFO - Sync 1 DAGs
[2023-05-08T22:25:12.838+0000] {logging_mixin.py:149} INFO - [2023-05-08T22:25:12.838+0000] {dag.py:3490} INFO - Setting next_dagrun for example_task_group to 2023-05-07T22:25:12.837950+00:00, run_after=2023-05-08T22:25:12.837950+00:00
[2023-05-08T22:25:12.853+0000] {processor.py:178} INFO - Processing /home/airflow/.local/lib/python3.7/site-packages/airflow/example_dags/example_task_group.py took 0.068 seconds
[2023-05-08T22:26:00.156+0000] {processor.py:156} INFO - Started process (PID=59) to work on /home/airflow/.local/lib/python3.7/site-packages/airflow/example_dags/example_task_group.py
[2023-05-08T22:26:00.157+0000] {processor.py:799} INFO - Processing file /home/airflow/.local/lib/python3.7/site-packages/airflow/example_dags/example_task_group.py for tasks to queue
[2023-05-08T22:26:00.158+0000] {logging_mixin.py:149} INFO - [2023-05-08T22:26:00.158+0000] {dagbag.py:541} INFO - Filling up the DagBag from /home/airflow/.local/lib/python3.7/site-packages/airflow/example_dags/example_task_group.py
[2023-05-08T22:26:00.172+0000] {processor.py:809} INFO - DAG(s) dict_keys(['example_task_group']) retrieved from /home/airflow/.local/lib/python3.7/site-packages/airflow/example_dags/example_task_group.py
[2023-05-08T22:26:00.209+0000] {logging_mixin.py:149} INFO - [2023-05-08T22:26:00.209+0000] {dag.py:2726} INFO - Sync 1 DAGs
[2023-05-08T22:26:00.256+0000] {logging_mixin.py:149} INFO - [2023-05-08T22:26:00.256+0000] {dag.py:3490} INFO - Setting next_dagrun for example_task_group to 2023-05-07T22:26:00.256127+00:00, run_after=2023-05-08T22:26:00.256127+00:00
[2023-05-08T22:26:00.281+0000] {processor.py:178} INFO - Processing /home/airflow/.local/lib/python3.7/site-packages/airflow/example_dags/example_task_group.py took 0.128 seconds
[2023-05-08T22:26:31.022+0000] {processor.py:156} INFO - Started process (PID=116) to work on /home/airflow/.local/lib/python3.7/site-packages/airflow/example_dags/example_task_group.py
[2023-05-08T22:26:31.023+0000] {processor.py:799} INFO - Processing file /home/airflow/.local/lib/python3.7/site-packages/airflow/example_dags/example_task_group.py for tasks to queue
[2023-05-08T22:26:31.024+0000] {logging_mixin.py:149} INFO - [2023-05-08T22:26:31.024+0000] {dagbag.py:541} INFO - Filling up the DagBag from /home/airflow/.local/lib/python3.7/site-packages/airflow/example_dags/example_task_group.py
[2023-05-08T22:26:31.030+0000] {processor.py:809} INFO - DAG(s) dict_keys(['example_task_group']) retrieved from /home/airflow/.local/lib/python3.7/site-packages/airflow/example_dags/example_task_group.py
[2023-05-08T22:26:31.052+0000] {logging_mixin.py:149} INFO - [2023-05-08T22:26:31.052+0000] {dag.py:2726} INFO - Sync 1 DAGs
[2023-05-08T22:26:31.072+0000] {logging_mixin.py:149} INFO - [2023-05-08T22:26:31.072+0000] {dag.py:3490} INFO - Setting next_dagrun for example_task_group to 2023-05-07T22:26:31.072191+00:00, run_after=2023-05-08T22:26:31.072191+00:00
[2023-05-08T22:26:31.088+0000] {processor.py:178} INFO - Processing /home/airflow/.local/lib/python3.7/site-packages/airflow/example_dags/example_task_group.py took 0.068 seconds
[2023-05-08T22:27:01.913+0000] {processor.py:156} INFO - Started process (PID=173) to work on /home/airflow/.local/lib/python3.7/site-packages/airflow/example_dags/example_task_group.py
[2023-05-08T22:27:01.914+0000] {processor.py:799} INFO - Processing file /home/airflow/.local/lib/python3.7/site-packages/airflow/example_dags/example_task_group.py for tasks to queue
[2023-05-08T22:27:01.915+0000] {logging_mixin.py:149} INFO - [2023-05-08T22:27:01.914+0000] {dagbag.py:541} INFO - Filling up the DagBag from /home/airflow/.local/lib/python3.7/site-packages/airflow/example_dags/example_task_group.py
[2023-05-08T22:27:01.920+0000] {processor.py:809} INFO - DAG(s) dict_keys(['example_task_group']) retrieved from /home/airflow/.local/lib/python3.7/site-packages/airflow/example_dags/example_task_group.py
[2023-05-08T22:27:01.942+0000] {logging_mixin.py:149} INFO - [2023-05-08T22:27:01.942+0000] {dag.py:2726} INFO - Sync 1 DAGs
[2023-05-08T22:27:01.964+0000] {logging_mixin.py:149} INFO - [2023-05-08T22:27:01.964+0000] {dag.py:3490} INFO - Setting next_dagrun for example_task_group to 2023-05-07T22:27:01.963913+00:00, run_after=2023-05-08T22:27:01.963913+00:00
[2023-05-08T22:27:01.977+0000] {processor.py:178} INFO - Processing /home/airflow/.local/lib/python3.7/site-packages/airflow/example_dags/example_task_group.py took 0.067 seconds
[2023-05-08T22:27:32.654+0000] {processor.py:156} INFO - Started process (PID=230) to work on /home/airflow/.local/lib/python3.7/site-packages/airflow/example_dags/example_task_group.py
[2023-05-08T22:27:32.655+0000] {processor.py:799} INFO - Processing file /home/airflow/.local/lib/python3.7/site-packages/airflow/example_dags/example_task_group.py for tasks to queue
[2023-05-08T22:27:32.656+0000] {logging_mixin.py:149} INFO - [2023-05-08T22:27:32.656+0000] {dagbag.py:541} INFO - Filling up the DagBag from /home/airflow/.local/lib/python3.7/site-packages/airflow/example_dags/example_task_group.py
[2023-05-08T22:27:32.662+0000] {processor.py:809} INFO - DAG(s) dict_keys(['example_task_group']) retrieved from /home/airflow/.local/lib/python3.7/site-packages/airflow/example_dags/example_task_group.py
[2023-05-08T22:27:32.683+0000] {logging_mixin.py:149} INFO - [2023-05-08T22:27:32.683+0000] {dag.py:2726} INFO - Sync 1 DAGs
[2023-05-08T22:27:32.702+0000] {logging_mixin.py:149} INFO - [2023-05-08T22:27:32.702+0000] {dag.py:3490} INFO - Setting next_dagrun for example_task_group to 2023-05-07T22:27:32.702511+00:00, run_after=2023-05-08T22:27:32.702511+00:00
[2023-05-08T22:27:32.715+0000] {processor.py:178} INFO - Processing /home/airflow/.local/lib/python3.7/site-packages/airflow/example_dags/example_task_group.py took 0.063 seconds
[2023-05-08T22:28:03.130+0000] {processor.py:156} INFO - Started process (PID=287) to work on /home/airflow/.local/lib/python3.7/site-packages/airflow/example_dags/example_task_group.py
[2023-05-08T22:28:03.131+0000] {processor.py:799} INFO - Processing file /home/airflow/.local/lib/python3.7/site-packages/airflow/example_dags/example_task_group.py for tasks to queue
[2023-05-08T22:28:03.132+0000] {logging_mixin.py:149} INFO - [2023-05-08T22:28:03.131+0000] {dagbag.py:541} INFO - Filling up the DagBag from /home/airflow/.local/lib/python3.7/site-packages/airflow/example_dags/example_task_group.py
[2023-05-08T22:28:03.137+0000] {processor.py:809} INFO - DAG(s) dict_keys(['example_task_group']) retrieved from /home/airflow/.local/lib/python3.7/site-packages/airflow/example_dags/example_task_group.py
[2023-05-08T22:28:03.162+0000] {logging_mixin.py:149} INFO - [2023-05-08T22:28:03.162+0000] {dag.py:2726} INFO - Sync 1 DAGs
[2023-05-08T22:28:03.185+0000] {logging_mixin.py:149} INFO - [2023-05-08T22:28:03.185+0000] {dag.py:3490} INFO - Setting next_dagrun for example_task_group to 2023-05-07T22:28:03.185417+00:00, run_after=2023-05-08T22:28:03.185417+00:00
[2023-05-08T22:28:03.199+0000] {processor.py:178} INFO - Processing /home/airflow/.local/lib/python3.7/site-packages/airflow/example_dags/example_task_group.py took 0.072 seconds
[2023-05-08T22:28:33.827+0000] {processor.py:156} INFO - Started process (PID=344) to work on /home/airflow/.local/lib/python3.7/site-packages/airflow/example_dags/example_task_group.py
[2023-05-08T22:28:33.828+0000] {processor.py:799} INFO - Processing file /home/airflow/.local/lib/python3.7/site-packages/airflow/example_dags/example_task_group.py for tasks to queue
[2023-05-08T22:28:33.828+0000] {logging_mixin.py:149} INFO - [2023-05-08T22:28:33.828+0000] {dagbag.py:541} INFO - Filling up the DagBag from /home/airflow/.local/lib/python3.7/site-packages/airflow/example_dags/example_task_group.py
[2023-05-08T22:28:33.834+0000] {processor.py:809} INFO - DAG(s) dict_keys(['example_task_group']) retrieved from /home/airflow/.local/lib/python3.7/site-packages/airflow/example_dags/example_task_group.py
[2023-05-08T22:28:33.856+0000] {logging_mixin.py:149} INFO - [2023-05-08T22:28:33.856+0000] {dag.py:2726} INFO - Sync 1 DAGs
[2023-05-08T22:28:33.875+0000] {logging_mixin.py:149} INFO - [2023-05-08T22:28:33.875+0000] {dag.py:3490} INFO - Setting next_dagrun for example_task_group to 2023-05-07T22:28:33.875307+00:00, run_after=2023-05-08T22:28:33.875307+00:00
[2023-05-08T22:28:33.889+0000] {processor.py:178} INFO - Processing /home/airflow/.local/lib/python3.7/site-packages/airflow/example_dags/example_task_group.py took 0.064 seconds
[2023-05-08T22:29:04.682+0000] {processor.py:156} INFO - Started process (PID=401) to work on /home/airflow/.local/lib/python3.7/site-packages/airflow/example_dags/example_task_group.py
[2023-05-08T22:29:04.683+0000] {processor.py:799} INFO - Processing file /home/airflow/.local/lib/python3.7/site-packages/airflow/example_dags/example_task_group.py for tasks to queue
[2023-05-08T22:29:04.684+0000] {logging_mixin.py:149} INFO - [2023-05-08T22:29:04.684+0000] {dagbag.py:541} INFO - Filling up the DagBag from /home/airflow/.local/lib/python3.7/site-packages/airflow/example_dags/example_task_group.py
[2023-05-08T22:29:04.690+0000] {processor.py:809} INFO - DAG(s) dict_keys(['example_task_group']) retrieved from /home/airflow/.local/lib/python3.7/site-packages/airflow/example_dags/example_task_group.py
[2023-05-08T22:29:04.717+0000] {logging_mixin.py:149} INFO - [2023-05-08T22:29:04.717+0000] {dag.py:2726} INFO - Sync 1 DAGs
[2023-05-08T22:29:04.741+0000] {logging_mixin.py:149} INFO - [2023-05-08T22:29:04.741+0000] {dag.py:3490} INFO - Setting next_dagrun for example_task_group to 2023-05-07T22:29:04.741231+00:00, run_after=2023-05-08T22:29:04.741231+00:00
[2023-05-08T22:29:04.755+0000] {processor.py:178} INFO - Processing /home/airflow/.local/lib/python3.7/site-packages/airflow/example_dags/example_task_group.py took 0.076 seconds
[2023-05-08T22:29:35.257+0000] {processor.py:156} INFO - Started process (PID=458) to work on /home/airflow/.local/lib/python3.7/site-packages/airflow/example_dags/example_task_group.py
[2023-05-08T22:29:35.258+0000] {processor.py:799} INFO - Processing file /home/airflow/.local/lib/python3.7/site-packages/airflow/example_dags/example_task_group.py for tasks to queue
[2023-05-08T22:29:35.259+0000] {logging_mixin.py:149} INFO - [2023-05-08T22:29:35.259+0000] {dagbag.py:541} INFO - Filling up the DagBag from /home/airflow/.local/lib/python3.7/site-packages/airflow/example_dags/example_task_group.py
[2023-05-08T22:29:35.265+0000] {processor.py:809} INFO - DAG(s) dict_keys(['example_task_group']) retrieved from /home/airflow/.local/lib/python3.7/site-packages/airflow/example_dags/example_task_group.py
[2023-05-08T22:29:35.288+0000] {logging_mixin.py:149} INFO - [2023-05-08T22:29:35.287+0000] {dag.py:2726} INFO - Sync 1 DAGs
[2023-05-08T22:29:35.306+0000] {logging_mixin.py:149} INFO - [2023-05-08T22:29:35.306+0000] {dag.py:3490} INFO - Setting next_dagrun for example_task_group to 2023-05-07T22:29:35.306485+00:00, run_after=2023-05-08T22:29:35.306485+00:00
[2023-05-08T22:29:35.320+0000] {processor.py:178} INFO - Processing /home/airflow/.local/lib/python3.7/site-packages/airflow/example_dags/example_task_group.py took 0.065 seconds
[2023-05-08T22:30:06.050+0000] {processor.py:156} INFO - Started process (PID=515) to work on /home/airflow/.local/lib/python3.7/site-packages/airflow/example_dags/example_task_group.py
[2023-05-08T22:30:06.051+0000] {processor.py:799} INFO - Processing file /home/airflow/.local/lib/python3.7/site-packages/airflow/example_dags/example_task_group.py for tasks to queue
[2023-05-08T22:30:06.052+0000] {logging_mixin.py:149} INFO - [2023-05-08T22:30:06.052+0000] {dagbag.py:541} INFO - Filling up the DagBag from /home/airflow/.local/lib/python3.7/site-packages/airflow/example_dags/example_task_group.py
[2023-05-08T22:30:06.058+0000] {processor.py:809} INFO - DAG(s) dict_keys(['example_task_group']) retrieved from /home/airflow/.local/lib/python3.7/site-packages/airflow/example_dags/example_task_group.py
[2023-05-08T22:30:06.081+0000] {logging_mixin.py:149} INFO - [2023-05-08T22:30:06.081+0000] {dag.py:2726} INFO - Sync 1 DAGs
[2023-05-08T22:30:06.112+0000] {logging_mixin.py:149} INFO - [2023-05-08T22:30:06.112+0000] {dag.py:3490} INFO - Setting next_dagrun for example_task_group to 2023-05-07T22:30:06.112004+00:00, run_after=2023-05-08T22:30:06.112004+00:00
[2023-05-08T22:30:06.125+0000] {processor.py:178} INFO - Processing /home/airflow/.local/lib/python3.7/site-packages/airflow/example_dags/example_task_group.py took 0.077 seconds
[2023-05-08T22:30:36.831+0000] {processor.py:156} INFO - Started process (PID=572) to work on /home/airflow/.local/lib/python3.7/site-packages/airflow/example_dags/example_task_group.py
[2023-05-08T22:30:36.832+0000] {processor.py:799} INFO - Processing file /home/airflow/.local/lib/python3.7/site-packages/airflow/example_dags/example_task_group.py for tasks to queue
[2023-05-08T22:30:36.832+0000] {logging_mixin.py:149} INFO - [2023-05-08T22:30:36.832+0000] {dagbag.py:541} INFO - Filling up the DagBag from /home/airflow/.local/lib/python3.7/site-packages/airflow/example_dags/example_task_group.py
[2023-05-08T22:30:36.838+0000] {processor.py:809} INFO - DAG(s) dict_keys(['example_task_group']) retrieved from /home/airflow/.local/lib/python3.7/site-packages/airflow/example_dags/example_task_group.py
[2023-05-08T22:30:36.860+0000] {logging_mixin.py:149} INFO - [2023-05-08T22:30:36.860+0000] {dag.py:2726} INFO - Sync 1 DAGs
[2023-05-08T22:30:36.880+0000] {logging_mixin.py:149} INFO - [2023-05-08T22:30:36.880+0000] {dag.py:3490} INFO - Setting next_dagrun for example_task_group to 2023-05-07T22:30:36.880324+00:00, run_after=2023-05-08T22:30:36.880324+00:00
[2023-05-08T22:30:36.895+0000] {processor.py:178} INFO - Processing /home/airflow/.local/lib/python3.7/site-packages/airflow/example_dags/example_task_group.py took 0.067 seconds
[2023-05-08T22:31:07.819+0000] {processor.py:156} INFO - Started process (PID=629) to work on /home/airflow/.local/lib/python3.7/site-packages/airflow/example_dags/example_task_group.py
[2023-05-08T22:31:07.820+0000] {processor.py:799} INFO - Processing file /home/airflow/.local/lib/python3.7/site-packages/airflow/example_dags/example_task_group.py for tasks to queue
[2023-05-08T22:31:07.821+0000] {logging_mixin.py:149} INFO - [2023-05-08T22:31:07.821+0000] {dagbag.py:541} INFO - Filling up the DagBag from /home/airflow/.local/lib/python3.7/site-packages/airflow/example_dags/example_task_group.py
[2023-05-08T22:31:07.826+0000] {processor.py:809} INFO - DAG(s) dict_keys(['example_task_group']) retrieved from /home/airflow/.local/lib/python3.7/site-packages/airflow/example_dags/example_task_group.py
[2023-05-08T22:31:07.849+0000] {logging_mixin.py:149} INFO - [2023-05-08T22:31:07.849+0000] {dag.py:2726} INFO - Sync 1 DAGs
[2023-05-08T22:31:07.870+0000] {logging_mixin.py:149} INFO - [2023-05-08T22:31:07.870+0000] {dag.py:3490} INFO - Setting next_dagrun for example_task_group to 2023-05-07T22:31:07.869884+00:00, run_after=2023-05-08T22:31:07.869884+00:00
[2023-05-08T22:31:07.884+0000] {processor.py:178} INFO - Processing /home/airflow/.local/lib/python3.7/site-packages/airflow/example_dags/example_task_group.py took 0.067 seconds
[2023-05-08T22:31:38.363+0000] {processor.py:156} INFO - Started process (PID=686) to work on /home/airflow/.local/lib/python3.7/site-packages/airflow/example_dags/example_task_group.py
[2023-05-08T22:31:38.364+0000] {processor.py:799} INFO - Processing file /home/airflow/.local/lib/python3.7/site-packages/airflow/example_dags/example_task_group.py for tasks to queue
[2023-05-08T22:31:38.364+0000] {logging_mixin.py:149} INFO - [2023-05-08T22:31:38.364+0000] {dagbag.py:541} INFO - Filling up the DagBag from /home/airflow/.local/lib/python3.7/site-packages/airflow/example_dags/example_task_group.py
[2023-05-08T22:31:38.369+0000] {processor.py:809} INFO - DAG(s) dict_keys(['example_task_group']) retrieved from /home/airflow/.local/lib/python3.7/site-packages/airflow/example_dags/example_task_group.py
[2023-05-08T22:31:38.392+0000] {logging_mixin.py:149} INFO - [2023-05-08T22:31:38.392+0000] {dag.py:2726} INFO - Sync 1 DAGs
[2023-05-08T22:31:38.411+0000] {logging_mixin.py:149} INFO - [2023-05-08T22:31:38.411+0000] {dag.py:3490} INFO - Setting next_dagrun for example_task_group to 2023-05-07T22:31:38.411550+00:00, run_after=2023-05-08T22:31:38.411550+00:00
[2023-05-08T22:31:38.424+0000] {processor.py:178} INFO - Processing /home/airflow/.local/lib/python3.7/site-packages/airflow/example_dags/example_task_group.py took 0.064 seconds
[2023-05-08T22:32:09.076+0000] {processor.py:156} INFO - Started process (PID=743) to work on /home/airflow/.local/lib/python3.7/site-packages/airflow/example_dags/example_task_group.py
[2023-05-08T22:32:09.077+0000] {processor.py:799} INFO - Processing file /home/airflow/.local/lib/python3.7/site-packages/airflow/example_dags/example_task_group.py for tasks to queue
[2023-05-08T22:32:09.078+0000] {logging_mixin.py:149} INFO - [2023-05-08T22:32:09.078+0000] {dagbag.py:541} INFO - Filling up the DagBag from /home/airflow/.local/lib/python3.7/site-packages/airflow/example_dags/example_task_group.py
[2023-05-08T22:32:09.083+0000] {processor.py:809} INFO - DAG(s) dict_keys(['example_task_group']) retrieved from /home/airflow/.local/lib/python3.7/site-packages/airflow/example_dags/example_task_group.py
[2023-05-08T22:32:09.106+0000] {logging_mixin.py:149} INFO - [2023-05-08T22:32:09.106+0000] {dag.py:2726} INFO - Sync 1 DAGs
[2023-05-08T22:32:09.125+0000] {logging_mixin.py:149} INFO - [2023-05-08T22:32:09.125+0000] {dag.py:3490} INFO - Setting next_dagrun for example_task_group to 2023-05-07T22:32:09.124830+00:00, run_after=2023-05-08T22:32:09.124830+00:00
[2023-05-08T22:32:09.138+0000] {processor.py:178} INFO - Processing /home/airflow/.local/lib/python3.7/site-packages/airflow/example_dags/example_task_group.py took 0.065 seconds
[2023-05-08T22:32:39.898+0000] {processor.py:156} INFO - Started process (PID=800) to work on /home/airflow/.local/lib/python3.7/site-packages/airflow/example_dags/example_task_group.py
[2023-05-08T22:32:39.899+0000] {processor.py:799} INFO - Processing file /home/airflow/.local/lib/python3.7/site-packages/airflow/example_dags/example_task_group.py for tasks to queue
[2023-05-08T22:32:39.900+0000] {logging_mixin.py:149} INFO - [2023-05-08T22:32:39.899+0000] {dagbag.py:541} INFO - Filling up the DagBag from /home/airflow/.local/lib/python3.7/site-packages/airflow/example_dags/example_task_group.py
[2023-05-08T22:32:39.905+0000] {processor.py:809} INFO - DAG(s) dict_keys(['example_task_group']) retrieved from /home/airflow/.local/lib/python3.7/site-packages/airflow/example_dags/example_task_group.py
[2023-05-08T22:32:39.929+0000] {logging_mixin.py:149} INFO - [2023-05-08T22:32:39.929+0000] {dag.py:2726} INFO - Sync 1 DAGs
[2023-05-08T22:32:39.952+0000] {logging_mixin.py:149} INFO - [2023-05-08T22:32:39.951+0000] {dag.py:3490} INFO - Setting next_dagrun for example_task_group to 2023-05-07T22:32:39.951668+00:00, run_after=2023-05-08T22:32:39.951668+00:00
[2023-05-08T22:32:39.966+0000] {processor.py:178} INFO - Processing /home/airflow/.local/lib/python3.7/site-packages/airflow/example_dags/example_task_group.py took 0.071 seconds
[2023-05-08T22:33:11.069+0000] {processor.py:156} INFO - Started process (PID=857) to work on /home/airflow/.local/lib/python3.7/site-packages/airflow/example_dags/example_task_group.py
[2023-05-08T22:33:11.070+0000] {processor.py:799} INFO - Processing file /home/airflow/.local/lib/python3.7/site-packages/airflow/example_dags/example_task_group.py for tasks to queue
[2023-05-08T22:33:11.071+0000] {logging_mixin.py:149} INFO - [2023-05-08T22:33:11.071+0000] {dagbag.py:541} INFO - Filling up the DagBag from /home/airflow/.local/lib/python3.7/site-packages/airflow/example_dags/example_task_group.py
[2023-05-08T22:33:11.077+0000] {processor.py:809} INFO - DAG(s) dict_keys(['example_task_group']) retrieved from /home/airflow/.local/lib/python3.7/site-packages/airflow/example_dags/example_task_group.py
[2023-05-08T22:33:11.104+0000] {logging_mixin.py:149} INFO - [2023-05-08T22:33:11.104+0000] {dag.py:2726} INFO - Sync 1 DAGs
[2023-05-08T22:33:11.127+0000] {logging_mixin.py:149} INFO - [2023-05-08T22:33:11.127+0000] {dag.py:3490} INFO - Setting next_dagrun for example_task_group to 2023-05-07T22:33:11.127156+00:00, run_after=2023-05-08T22:33:11.127156+00:00
[2023-05-08T22:33:11.141+0000] {processor.py:178} INFO - Processing /home/airflow/.local/lib/python3.7/site-packages/airflow/example_dags/example_task_group.py took 0.076 seconds
[2023-05-08T22:33:42.513+0000] {processor.py:156} INFO - Started process (PID=914) to work on /home/airflow/.local/lib/python3.7/site-packages/airflow/example_dags/example_task_group.py
[2023-05-08T22:33:42.514+0000] {processor.py:799} INFO - Processing file /home/airflow/.local/lib/python3.7/site-packages/airflow/example_dags/example_task_group.py for tasks to queue
[2023-05-08T22:33:42.516+0000] {logging_mixin.py:149} INFO - [2023-05-08T22:33:42.515+0000] {dagbag.py:541} INFO - Filling up the DagBag from /home/airflow/.local/lib/python3.7/site-packages/airflow/example_dags/example_task_group.py
[2023-05-08T22:33:42.530+0000] {processor.py:809} INFO - DAG(s) dict_keys(['example_task_group']) retrieved from /home/airflow/.local/lib/python3.7/site-packages/airflow/example_dags/example_task_group.py
[2023-05-08T22:33:42.589+0000] {logging_mixin.py:149} INFO - [2023-05-08T22:33:42.589+0000] {dag.py:2726} INFO - Sync 1 DAGs
[2023-05-08T22:33:42.657+0000] {logging_mixin.py:149} INFO - [2023-05-08T22:33:42.657+0000] {dag.py:3490} INFO - Setting next_dagrun for example_task_group to 2023-05-07T22:33:42.657142+00:00, run_after=2023-05-08T22:33:42.657142+00:00
[2023-05-08T22:33:42.705+0000] {processor.py:178} INFO - Processing /home/airflow/.local/lib/python3.7/site-packages/airflow/example_dags/example_task_group.py took 0.200 seconds
[2023-05-08T22:34:13.163+0000] {processor.py:156} INFO - Started process (PID=971) to work on /home/airflow/.local/lib/python3.7/site-packages/airflow/example_dags/example_task_group.py
[2023-05-08T22:34:13.164+0000] {processor.py:799} INFO - Processing file /home/airflow/.local/lib/python3.7/site-packages/airflow/example_dags/example_task_group.py for tasks to queue
[2023-05-08T22:34:13.165+0000] {logging_mixin.py:149} INFO - [2023-05-08T22:34:13.165+0000] {dagbag.py:541} INFO - Filling up the DagBag from /home/airflow/.local/lib/python3.7/site-packages/airflow/example_dags/example_task_group.py
[2023-05-08T22:34:13.171+0000] {processor.py:809} INFO - DAG(s) dict_keys(['example_task_group']) retrieved from /home/airflow/.local/lib/python3.7/site-packages/airflow/example_dags/example_task_group.py
[2023-05-08T22:34:13.198+0000] {logging_mixin.py:149} INFO - [2023-05-08T22:34:13.198+0000] {dag.py:2726} INFO - Sync 1 DAGs
[2023-05-08T22:34:13.220+0000] {logging_mixin.py:149} INFO - [2023-05-08T22:34:13.220+0000] {dag.py:3490} INFO - Setting next_dagrun for example_task_group to 2023-05-07T22:34:13.220382+00:00, run_after=2023-05-08T22:34:13.220382+00:00
[2023-05-08T22:34:13.237+0000] {processor.py:178} INFO - Processing /home/airflow/.local/lib/python3.7/site-packages/airflow/example_dags/example_task_group.py took 0.077 seconds
[2023-05-08T22:34:43.882+0000] {processor.py:156} INFO - Started process (PID=1029) to work on /home/airflow/.local/lib/python3.7/site-packages/airflow/example_dags/example_task_group.py
[2023-05-08T22:34:43.883+0000] {processor.py:799} INFO - Processing file /home/airflow/.local/lib/python3.7/site-packages/airflow/example_dags/example_task_group.py for tasks to queue
[2023-05-08T22:34:43.884+0000] {logging_mixin.py:149} INFO - [2023-05-08T22:34:43.884+0000] {dagbag.py:541} INFO - Filling up the DagBag from /home/airflow/.local/lib/python3.7/site-packages/airflow/example_dags/example_task_group.py
[2023-05-08T22:34:43.893+0000] {processor.py:809} INFO - DAG(s) dict_keys(['example_task_group']) retrieved from /home/airflow/.local/lib/python3.7/site-packages/airflow/example_dags/example_task_group.py
[2023-05-08T22:34:43.925+0000] {logging_mixin.py:149} INFO - [2023-05-08T22:34:43.925+0000] {dag.py:2726} INFO - Sync 1 DAGs
[2023-05-08T22:34:43.945+0000] {logging_mixin.py:149} INFO - [2023-05-08T22:34:43.945+0000] {dag.py:3490} INFO - Setting next_dagrun for example_task_group to 2023-05-07T22:34:43.945648+00:00, run_after=2023-05-08T22:34:43.945648+00:00
[2023-05-08T22:34:43.959+0000] {processor.py:178} INFO - Processing /home/airflow/.local/lib/python3.7/site-packages/airflow/example_dags/example_task_group.py took 0.081 seconds
[2023-05-08T22:35:14.240+0000] {processor.py:156} INFO - Started process (PID=1085) to work on /home/airflow/.local/lib/python3.7/site-packages/airflow/example_dags/example_task_group.py
[2023-05-08T22:35:14.241+0000] {processor.py:799} INFO - Processing file /home/airflow/.local/lib/python3.7/site-packages/airflow/example_dags/example_task_group.py for tasks to queue
[2023-05-08T22:35:14.241+0000] {logging_mixin.py:149} INFO - [2023-05-08T22:35:14.241+0000] {dagbag.py:541} INFO - Filling up the DagBag from /home/airflow/.local/lib/python3.7/site-packages/airflow/example_dags/example_task_group.py
[2023-05-08T22:35:14.247+0000] {processor.py:809} INFO - DAG(s) dict_keys(['example_task_group']) retrieved from /home/airflow/.local/lib/python3.7/site-packages/airflow/example_dags/example_task_group.py
[2023-05-08T22:35:14.267+0000] {logging_mixin.py:149} INFO - [2023-05-08T22:35:14.267+0000] {dag.py:2726} INFO - Sync 1 DAGs
[2023-05-08T22:35:14.287+0000] {logging_mixin.py:149} INFO - [2023-05-08T22:35:14.287+0000] {dag.py:3490} INFO - Setting next_dagrun for example_task_group to 2023-05-07T22:35:14.287361+00:00, run_after=2023-05-08T22:35:14.287361+00:00
[2023-05-08T22:35:14.302+0000] {processor.py:178} INFO - Processing /home/airflow/.local/lib/python3.7/site-packages/airflow/example_dags/example_task_group.py took 0.065 seconds
