[2023-05-08T20:36:13.962+0000] {processor.py:156} INFO - Started process (PID=67) to work on /home/airflow/.local/lib/python3.7/site-packages/airflow/example_dags/example_short_circuit_decorator.py
[2023-05-08T20:36:13.964+0000] {processor.py:799} INFO - Processing file /home/airflow/.local/lib/python3.7/site-packages/airflow/example_dags/example_short_circuit_decorator.py for tasks to queue
[2023-05-08T20:36:13.965+0000] {logging_mixin.py:149} INFO - [2023-05-08T20:36:13.965+0000] {dagbag.py:541} INFO - Filling up the DagBag from /home/airflow/.local/lib/python3.7/site-packages/airflow/example_dags/example_short_circuit_decorator.py
[2023-05-08T20:36:13.973+0000] {processor.py:809} INFO - DAG(s) dict_keys(['example_short_circuit_decorator']) retrieved from /home/airflow/.local/lib/python3.7/site-packages/airflow/example_dags/example_short_circuit_decorator.py
[2023-05-08T20:36:14.025+0000] {logging_mixin.py:149} INFO - [2023-05-08T20:36:14.024+0000] {dag.py:2726} INFO - Sync 1 DAGs
[2023-05-08T20:36:14.062+0000] {logging_mixin.py:149} INFO - [2023-05-08T20:36:14.062+0000] {dag.py:3490} INFO - Setting next_dagrun for example_short_circuit_decorator to 2023-05-07T20:36:14.061874+00:00, run_after=2023-05-08T20:36:14.061874+00:00
[2023-05-08T20:36:14.090+0000] {processor.py:178} INFO - Processing /home/airflow/.local/lib/python3.7/site-packages/airflow/example_dags/example_short_circuit_decorator.py took 0.131 seconds
[2023-05-08T20:36:44.113+0000] {processor.py:156} INFO - Started process (PID=123) to work on /home/airflow/.local/lib/python3.7/site-packages/airflow/example_dags/example_short_circuit_decorator.py
[2023-05-08T20:36:44.114+0000] {processor.py:799} INFO - Processing file /home/airflow/.local/lib/python3.7/site-packages/airflow/example_dags/example_short_circuit_decorator.py for tasks to queue
[2023-05-08T20:36:44.115+0000] {logging_mixin.py:149} INFO - [2023-05-08T20:36:44.115+0000] {dagbag.py:541} INFO - Filling up the DagBag from /home/airflow/.local/lib/python3.7/site-packages/airflow/example_dags/example_short_circuit_decorator.py
[2023-05-08T20:36:44.121+0000] {processor.py:809} INFO - DAG(s) dict_keys(['example_short_circuit_decorator']) retrieved from /home/airflow/.local/lib/python3.7/site-packages/airflow/example_dags/example_short_circuit_decorator.py
[2023-05-08T20:36:44.142+0000] {logging_mixin.py:149} INFO - [2023-05-08T20:36:44.142+0000] {dag.py:2726} INFO - Sync 1 DAGs
[2023-05-08T20:36:44.160+0000] {logging_mixin.py:149} INFO - [2023-05-08T20:36:44.160+0000] {dag.py:3490} INFO - Setting next_dagrun for example_short_circuit_decorator to 2023-05-07T20:36:44.160672+00:00, run_after=2023-05-08T20:36:44.160672+00:00
[2023-05-08T20:36:44.173+0000] {processor.py:178} INFO - Processing /home/airflow/.local/lib/python3.7/site-packages/airflow/example_dags/example_short_circuit_decorator.py took 0.061 seconds
[2023-05-08T20:37:14.355+0000] {processor.py:156} INFO - Started process (PID=179) to work on /home/airflow/.local/lib/python3.7/site-packages/airflow/example_dags/example_short_circuit_decorator.py
[2023-05-08T20:37:14.356+0000] {processor.py:799} INFO - Processing file /home/airflow/.local/lib/python3.7/site-packages/airflow/example_dags/example_short_circuit_decorator.py for tasks to queue
[2023-05-08T20:37:14.357+0000] {logging_mixin.py:149} INFO - [2023-05-08T20:37:14.357+0000] {dagbag.py:541} INFO - Filling up the DagBag from /home/airflow/.local/lib/python3.7/site-packages/airflow/example_dags/example_short_circuit_decorator.py
[2023-05-08T20:37:14.364+0000] {processor.py:809} INFO - DAG(s) dict_keys(['example_short_circuit_decorator']) retrieved from /home/airflow/.local/lib/python3.7/site-packages/airflow/example_dags/example_short_circuit_decorator.py
[2023-05-08T20:37:14.389+0000] {logging_mixin.py:149} INFO - [2023-05-08T20:37:14.389+0000] {dag.py:2726} INFO - Sync 1 DAGs
[2023-05-08T20:37:14.411+0000] {logging_mixin.py:149} INFO - [2023-05-08T20:37:14.411+0000] {dag.py:3490} INFO - Setting next_dagrun for example_short_circuit_decorator to 2023-05-07T20:37:14.411570+00:00, run_after=2023-05-08T20:37:14.411570+00:00
[2023-05-08T20:37:14.427+0000] {processor.py:178} INFO - Processing /home/airflow/.local/lib/python3.7/site-packages/airflow/example_dags/example_short_circuit_decorator.py took 0.074 seconds
[2023-05-08T20:37:45.150+0000] {processor.py:156} INFO - Started process (PID=235) to work on /home/airflow/.local/lib/python3.7/site-packages/airflow/example_dags/example_short_circuit_decorator.py
[2023-05-08T20:37:45.151+0000] {processor.py:799} INFO - Processing file /home/airflow/.local/lib/python3.7/site-packages/airflow/example_dags/example_short_circuit_decorator.py for tasks to queue
[2023-05-08T20:37:45.152+0000] {logging_mixin.py:149} INFO - [2023-05-08T20:37:45.152+0000] {dagbag.py:541} INFO - Filling up the DagBag from /home/airflow/.local/lib/python3.7/site-packages/airflow/example_dags/example_short_circuit_decorator.py
[2023-05-08T20:37:45.158+0000] {processor.py:809} INFO - DAG(s) dict_keys(['example_short_circuit_decorator']) retrieved from /home/airflow/.local/lib/python3.7/site-packages/airflow/example_dags/example_short_circuit_decorator.py
[2023-05-08T20:37:45.180+0000] {logging_mixin.py:149} INFO - [2023-05-08T20:37:45.180+0000] {dag.py:2726} INFO - Sync 1 DAGs
[2023-05-08T20:37:45.199+0000] {logging_mixin.py:149} INFO - [2023-05-08T20:37:45.199+0000] {dag.py:3490} INFO - Setting next_dagrun for example_short_circuit_decorator to 2023-05-07T20:37:45.198874+00:00, run_after=2023-05-08T20:37:45.198874+00:00
[2023-05-08T20:37:45.213+0000] {processor.py:178} INFO - Processing /home/airflow/.local/lib/python3.7/site-packages/airflow/example_dags/example_short_circuit_decorator.py took 0.066 seconds
[2023-05-08T20:38:15.899+0000] {processor.py:156} INFO - Started process (PID=292) to work on /home/airflow/.local/lib/python3.7/site-packages/airflow/example_dags/example_short_circuit_decorator.py
[2023-05-08T20:38:15.900+0000] {processor.py:799} INFO - Processing file /home/airflow/.local/lib/python3.7/site-packages/airflow/example_dags/example_short_circuit_decorator.py for tasks to queue
[2023-05-08T20:38:15.901+0000] {logging_mixin.py:149} INFO - [2023-05-08T20:38:15.901+0000] {dagbag.py:541} INFO - Filling up the DagBag from /home/airflow/.local/lib/python3.7/site-packages/airflow/example_dags/example_short_circuit_decorator.py
[2023-05-08T20:38:15.908+0000] {processor.py:809} INFO - DAG(s) dict_keys(['example_short_circuit_decorator']) retrieved from /home/airflow/.local/lib/python3.7/site-packages/airflow/example_dags/example_short_circuit_decorator.py
[2023-05-08T20:38:15.931+0000] {logging_mixin.py:149} INFO - [2023-05-08T20:38:15.931+0000] {dag.py:2726} INFO - Sync 1 DAGs
[2023-05-08T20:38:15.950+0000] {logging_mixin.py:149} INFO - [2023-05-08T20:38:15.950+0000] {dag.py:3490} INFO - Setting next_dagrun for example_short_circuit_decorator to 2023-05-07T20:38:15.950595+00:00, run_after=2023-05-08T20:38:15.950595+00:00
[2023-05-08T20:38:15.964+0000] {processor.py:178} INFO - Processing /home/airflow/.local/lib/python3.7/site-packages/airflow/example_dags/example_short_circuit_decorator.py took 0.067 seconds
[2023-05-08T20:38:46.479+0000] {processor.py:156} INFO - Started process (PID=348) to work on /home/airflow/.local/lib/python3.7/site-packages/airflow/example_dags/example_short_circuit_decorator.py
[2023-05-08T20:38:46.480+0000] {processor.py:799} INFO - Processing file /home/airflow/.local/lib/python3.7/site-packages/airflow/example_dags/example_short_circuit_decorator.py for tasks to queue
[2023-05-08T20:38:46.480+0000] {logging_mixin.py:149} INFO - [2023-05-08T20:38:46.480+0000] {dagbag.py:541} INFO - Filling up the DagBag from /home/airflow/.local/lib/python3.7/site-packages/airflow/example_dags/example_short_circuit_decorator.py
[2023-05-08T20:38:46.487+0000] {processor.py:809} INFO - DAG(s) dict_keys(['example_short_circuit_decorator']) retrieved from /home/airflow/.local/lib/python3.7/site-packages/airflow/example_dags/example_short_circuit_decorator.py
[2023-05-08T20:38:46.509+0000] {logging_mixin.py:149} INFO - [2023-05-08T20:38:46.509+0000] {dag.py:2726} INFO - Sync 1 DAGs
[2023-05-08T20:38:46.528+0000] {logging_mixin.py:149} INFO - [2023-05-08T20:38:46.528+0000] {dag.py:3490} INFO - Setting next_dagrun for example_short_circuit_decorator to 2023-05-07T20:38:46.528333+00:00, run_after=2023-05-08T20:38:46.528333+00:00
[2023-05-08T20:38:46.541+0000] {processor.py:178} INFO - Processing /home/airflow/.local/lib/python3.7/site-packages/airflow/example_dags/example_short_circuit_decorator.py took 0.064 seconds
[2023-05-08T20:39:17.112+0000] {processor.py:156} INFO - Started process (PID=404) to work on /home/airflow/.local/lib/python3.7/site-packages/airflow/example_dags/example_short_circuit_decorator.py
[2023-05-08T20:39:17.113+0000] {processor.py:799} INFO - Processing file /home/airflow/.local/lib/python3.7/site-packages/airflow/example_dags/example_short_circuit_decorator.py for tasks to queue
[2023-05-08T20:39:17.114+0000] {logging_mixin.py:149} INFO - [2023-05-08T20:39:17.114+0000] {dagbag.py:541} INFO - Filling up the DagBag from /home/airflow/.local/lib/python3.7/site-packages/airflow/example_dags/example_short_circuit_decorator.py
[2023-05-08T20:39:17.120+0000] {processor.py:809} INFO - DAG(s) dict_keys(['example_short_circuit_decorator']) retrieved from /home/airflow/.local/lib/python3.7/site-packages/airflow/example_dags/example_short_circuit_decorator.py
[2023-05-08T20:39:17.142+0000] {logging_mixin.py:149} INFO - [2023-05-08T20:39:17.142+0000] {dag.py:2726} INFO - Sync 1 DAGs
[2023-05-08T20:39:17.162+0000] {logging_mixin.py:149} INFO - [2023-05-08T20:39:17.162+0000] {dag.py:3490} INFO - Setting next_dagrun for example_short_circuit_decorator to 2023-05-07T20:39:17.162147+00:00, run_after=2023-05-08T20:39:17.162147+00:00
[2023-05-08T20:39:17.175+0000] {processor.py:178} INFO - Processing /home/airflow/.local/lib/python3.7/site-packages/airflow/example_dags/example_short_circuit_decorator.py took 0.065 seconds
[2023-05-08T22:15:48.951+0000] {processor.py:156} INFO - Started process (PID=67) to work on /home/airflow/.local/lib/python3.7/site-packages/airflow/example_dags/example_short_circuit_decorator.py
[2023-05-08T22:15:48.952+0000] {processor.py:799} INFO - Processing file /home/airflow/.local/lib/python3.7/site-packages/airflow/example_dags/example_short_circuit_decorator.py for tasks to queue
[2023-05-08T22:15:48.953+0000] {logging_mixin.py:149} INFO - [2023-05-08T22:15:48.953+0000] {dagbag.py:541} INFO - Filling up the DagBag from /home/airflow/.local/lib/python3.7/site-packages/airflow/example_dags/example_short_circuit_decorator.py
[2023-05-08T22:15:48.963+0000] {processor.py:809} INFO - DAG(s) dict_keys(['example_short_circuit_decorator']) retrieved from /home/airflow/.local/lib/python3.7/site-packages/airflow/example_dags/example_short_circuit_decorator.py
[2023-05-08T22:15:48.984+0000] {logging_mixin.py:149} INFO - [2023-05-08T22:15:48.984+0000] {dag.py:2726} INFO - Sync 1 DAGs
[2023-05-08T22:15:49.011+0000] {logging_mixin.py:149} INFO - [2023-05-08T22:15:49.011+0000] {dag.py:3490} INFO - Setting next_dagrun for example_short_circuit_decorator to 2023-05-07T22:15:49.011100+00:00, run_after=2023-05-08T22:15:49.011100+00:00
[2023-05-08T22:15:49.027+0000] {processor.py:178} INFO - Processing /home/airflow/.local/lib/python3.7/site-packages/airflow/example_dags/example_short_circuit_decorator.py took 0.079 seconds
[2023-05-08T22:16:19.474+0000] {processor.py:156} INFO - Started process (PID=124) to work on /home/airflow/.local/lib/python3.7/site-packages/airflow/example_dags/example_short_circuit_decorator.py
[2023-05-08T22:16:19.475+0000] {processor.py:799} INFO - Processing file /home/airflow/.local/lib/python3.7/site-packages/airflow/example_dags/example_short_circuit_decorator.py for tasks to queue
[2023-05-08T22:16:19.475+0000] {logging_mixin.py:149} INFO - [2023-05-08T22:16:19.475+0000] {dagbag.py:541} INFO - Filling up the DagBag from /home/airflow/.local/lib/python3.7/site-packages/airflow/example_dags/example_short_circuit_decorator.py
[2023-05-08T22:16:19.482+0000] {processor.py:809} INFO - DAG(s) dict_keys(['example_short_circuit_decorator']) retrieved from /home/airflow/.local/lib/python3.7/site-packages/airflow/example_dags/example_short_circuit_decorator.py
[2023-05-08T22:16:19.508+0000] {logging_mixin.py:149} INFO - [2023-05-08T22:16:19.508+0000] {dag.py:2726} INFO - Sync 1 DAGs
[2023-05-08T22:16:19.531+0000] {logging_mixin.py:149} INFO - [2023-05-08T22:16:19.531+0000] {dag.py:3490} INFO - Setting next_dagrun for example_short_circuit_decorator to 2023-05-07T22:16:19.530874+00:00, run_after=2023-05-08T22:16:19.530874+00:00
[2023-05-08T22:16:19.546+0000] {processor.py:178} INFO - Processing /home/airflow/.local/lib/python3.7/site-packages/airflow/example_dags/example_short_circuit_decorator.py took 0.074 seconds
[2023-05-08T22:16:50.389+0000] {processor.py:156} INFO - Started process (PID=181) to work on /home/airflow/.local/lib/python3.7/site-packages/airflow/example_dags/example_short_circuit_decorator.py
[2023-05-08T22:16:50.390+0000] {processor.py:799} INFO - Processing file /home/airflow/.local/lib/python3.7/site-packages/airflow/example_dags/example_short_circuit_decorator.py for tasks to queue
[2023-05-08T22:16:50.390+0000] {logging_mixin.py:149} INFO - [2023-05-08T22:16:50.390+0000] {dagbag.py:541} INFO - Filling up the DagBag from /home/airflow/.local/lib/python3.7/site-packages/airflow/example_dags/example_short_circuit_decorator.py
[2023-05-08T22:16:50.397+0000] {processor.py:809} INFO - DAG(s) dict_keys(['example_short_circuit_decorator']) retrieved from /home/airflow/.local/lib/python3.7/site-packages/airflow/example_dags/example_short_circuit_decorator.py
[2023-05-08T22:16:50.420+0000] {logging_mixin.py:149} INFO - [2023-05-08T22:16:50.420+0000] {dag.py:2726} INFO - Sync 1 DAGs
[2023-05-08T22:16:50.440+0000] {logging_mixin.py:149} INFO - [2023-05-08T22:16:50.440+0000] {dag.py:3490} INFO - Setting next_dagrun for example_short_circuit_decorator to 2023-05-07T22:16:50.440166+00:00, run_after=2023-05-08T22:16:50.440166+00:00
[2023-05-08T22:16:50.453+0000] {processor.py:178} INFO - Processing /home/airflow/.local/lib/python3.7/site-packages/airflow/example_dags/example_short_circuit_decorator.py took 0.067 seconds
[2023-05-08T22:17:21.325+0000] {processor.py:156} INFO - Started process (PID=238) to work on /home/airflow/.local/lib/python3.7/site-packages/airflow/example_dags/example_short_circuit_decorator.py
[2023-05-08T22:17:21.326+0000] {processor.py:799} INFO - Processing file /home/airflow/.local/lib/python3.7/site-packages/airflow/example_dags/example_short_circuit_decorator.py for tasks to queue
[2023-05-08T22:17:21.327+0000] {logging_mixin.py:149} INFO - [2023-05-08T22:17:21.327+0000] {dagbag.py:541} INFO - Filling up the DagBag from /home/airflow/.local/lib/python3.7/site-packages/airflow/example_dags/example_short_circuit_decorator.py
[2023-05-08T22:17:21.333+0000] {processor.py:809} INFO - DAG(s) dict_keys(['example_short_circuit_decorator']) retrieved from /home/airflow/.local/lib/python3.7/site-packages/airflow/example_dags/example_short_circuit_decorator.py
[2023-05-08T22:17:21.359+0000] {logging_mixin.py:149} INFO - [2023-05-08T22:17:21.359+0000] {dag.py:2726} INFO - Sync 1 DAGs
[2023-05-08T22:17:21.380+0000] {logging_mixin.py:149} INFO - [2023-05-08T22:17:21.380+0000] {dag.py:3490} INFO - Setting next_dagrun for example_short_circuit_decorator to 2023-05-07T22:17:21.380438+00:00, run_after=2023-05-08T22:17:21.380438+00:00
[2023-05-08T22:17:21.414+0000] {processor.py:178} INFO - Processing /home/airflow/.local/lib/python3.7/site-packages/airflow/example_dags/example_short_circuit_decorator.py took 0.092 seconds
[2023-05-08T22:17:52.209+0000] {processor.py:156} INFO - Started process (PID=295) to work on /home/airflow/.local/lib/python3.7/site-packages/airflow/example_dags/example_short_circuit_decorator.py
[2023-05-08T22:17:52.210+0000] {processor.py:799} INFO - Processing file /home/airflow/.local/lib/python3.7/site-packages/airflow/example_dags/example_short_circuit_decorator.py for tasks to queue
[2023-05-08T22:17:52.211+0000] {logging_mixin.py:149} INFO - [2023-05-08T22:17:52.211+0000] {dagbag.py:541} INFO - Filling up the DagBag from /home/airflow/.local/lib/python3.7/site-packages/airflow/example_dags/example_short_circuit_decorator.py
[2023-05-08T22:17:52.223+0000] {processor.py:809} INFO - DAG(s) dict_keys(['example_short_circuit_decorator']) retrieved from /home/airflow/.local/lib/python3.7/site-packages/airflow/example_dags/example_short_circuit_decorator.py
[2023-05-08T22:17:52.249+0000] {logging_mixin.py:149} INFO - [2023-05-08T22:17:52.249+0000] {dag.py:2726} INFO - Sync 1 DAGs
[2023-05-08T22:17:52.270+0000] {logging_mixin.py:149} INFO - [2023-05-08T22:17:52.270+0000] {dag.py:3490} INFO - Setting next_dagrun for example_short_circuit_decorator to 2023-05-07T22:17:52.270561+00:00, run_after=2023-05-08T22:17:52.270561+00:00
[2023-05-08T22:17:52.283+0000] {processor.py:178} INFO - Processing /home/airflow/.local/lib/python3.7/site-packages/airflow/example_dags/example_short_circuit_decorator.py took 0.077 seconds
[2023-05-08T22:18:23.129+0000] {processor.py:156} INFO - Started process (PID=352) to work on /home/airflow/.local/lib/python3.7/site-packages/airflow/example_dags/example_short_circuit_decorator.py
[2023-05-08T22:18:23.130+0000] {processor.py:799} INFO - Processing file /home/airflow/.local/lib/python3.7/site-packages/airflow/example_dags/example_short_circuit_decorator.py for tasks to queue
[2023-05-08T22:18:23.131+0000] {logging_mixin.py:149} INFO - [2023-05-08T22:18:23.130+0000] {dagbag.py:541} INFO - Filling up the DagBag from /home/airflow/.local/lib/python3.7/site-packages/airflow/example_dags/example_short_circuit_decorator.py
[2023-05-08T22:18:23.139+0000] {processor.py:809} INFO - DAG(s) dict_keys(['example_short_circuit_decorator']) retrieved from /home/airflow/.local/lib/python3.7/site-packages/airflow/example_dags/example_short_circuit_decorator.py
[2023-05-08T22:18:23.173+0000] {logging_mixin.py:149} INFO - [2023-05-08T22:18:23.173+0000] {dag.py:2726} INFO - Sync 1 DAGs
[2023-05-08T22:18:23.200+0000] {logging_mixin.py:149} INFO - [2023-05-08T22:18:23.200+0000] {dag.py:3490} INFO - Setting next_dagrun for example_short_circuit_decorator to 2023-05-07T22:18:23.200033+00:00, run_after=2023-05-08T22:18:23.200033+00:00
[2023-05-08T22:18:23.214+0000] {processor.py:178} INFO - Processing /home/airflow/.local/lib/python3.7/site-packages/airflow/example_dags/example_short_circuit_decorator.py took 0.088 seconds
[2023-05-08T22:18:54.185+0000] {processor.py:156} INFO - Started process (PID=409) to work on /home/airflow/.local/lib/python3.7/site-packages/airflow/example_dags/example_short_circuit_decorator.py
[2023-05-08T22:18:54.186+0000] {processor.py:799} INFO - Processing file /home/airflow/.local/lib/python3.7/site-packages/airflow/example_dags/example_short_circuit_decorator.py for tasks to queue
[2023-05-08T22:18:54.187+0000] {logging_mixin.py:149} INFO - [2023-05-08T22:18:54.186+0000] {dagbag.py:541} INFO - Filling up the DagBag from /home/airflow/.local/lib/python3.7/site-packages/airflow/example_dags/example_short_circuit_decorator.py
[2023-05-08T22:18:54.194+0000] {processor.py:809} INFO - DAG(s) dict_keys(['example_short_circuit_decorator']) retrieved from /home/airflow/.local/lib/python3.7/site-packages/airflow/example_dags/example_short_circuit_decorator.py
[2023-05-08T22:18:54.217+0000] {logging_mixin.py:149} INFO - [2023-05-08T22:18:54.217+0000] {dag.py:2726} INFO - Sync 1 DAGs
[2023-05-08T22:18:54.236+0000] {logging_mixin.py:149} INFO - [2023-05-08T22:18:54.236+0000] {dag.py:3490} INFO - Setting next_dagrun for example_short_circuit_decorator to 2023-05-07T22:18:54.236380+00:00, run_after=2023-05-08T22:18:54.236380+00:00
[2023-05-08T22:18:54.249+0000] {processor.py:178} INFO - Processing /home/airflow/.local/lib/python3.7/site-packages/airflow/example_dags/example_short_circuit_decorator.py took 0.067 seconds
[2023-05-08T22:19:24.932+0000] {processor.py:156} INFO - Started process (PID=466) to work on /home/airflow/.local/lib/python3.7/site-packages/airflow/example_dags/example_short_circuit_decorator.py
[2023-05-08T22:19:24.933+0000] {processor.py:799} INFO - Processing file /home/airflow/.local/lib/python3.7/site-packages/airflow/example_dags/example_short_circuit_decorator.py for tasks to queue
[2023-05-08T22:19:24.934+0000] {logging_mixin.py:149} INFO - [2023-05-08T22:19:24.934+0000] {dagbag.py:541} INFO - Filling up the DagBag from /home/airflow/.local/lib/python3.7/site-packages/airflow/example_dags/example_short_circuit_decorator.py
[2023-05-08T22:19:24.941+0000] {processor.py:809} INFO - DAG(s) dict_keys(['example_short_circuit_decorator']) retrieved from /home/airflow/.local/lib/python3.7/site-packages/airflow/example_dags/example_short_circuit_decorator.py
[2023-05-08T22:19:24.964+0000] {logging_mixin.py:149} INFO - [2023-05-08T22:19:24.964+0000] {dag.py:2726} INFO - Sync 1 DAGs
[2023-05-08T22:19:24.983+0000] {logging_mixin.py:149} INFO - [2023-05-08T22:19:24.983+0000] {dag.py:3490} INFO - Setting next_dagrun for example_short_circuit_decorator to 2023-05-07T22:19:24.983542+00:00, run_after=2023-05-08T22:19:24.983542+00:00
[2023-05-08T22:19:25.000+0000] {processor.py:178} INFO - Processing /home/airflow/.local/lib/python3.7/site-packages/airflow/example_dags/example_short_circuit_decorator.py took 0.070 seconds
[2023-05-08T22:19:55.635+0000] {processor.py:156} INFO - Started process (PID=523) to work on /home/airflow/.local/lib/python3.7/site-packages/airflow/example_dags/example_short_circuit_decorator.py
[2023-05-08T22:19:55.636+0000] {processor.py:799} INFO - Processing file /home/airflow/.local/lib/python3.7/site-packages/airflow/example_dags/example_short_circuit_decorator.py for tasks to queue
[2023-05-08T22:19:55.636+0000] {logging_mixin.py:149} INFO - [2023-05-08T22:19:55.636+0000] {dagbag.py:541} INFO - Filling up the DagBag from /home/airflow/.local/lib/python3.7/site-packages/airflow/example_dags/example_short_circuit_decorator.py
[2023-05-08T22:19:55.643+0000] {processor.py:809} INFO - DAG(s) dict_keys(['example_short_circuit_decorator']) retrieved from /home/airflow/.local/lib/python3.7/site-packages/airflow/example_dags/example_short_circuit_decorator.py
[2023-05-08T22:19:55.668+0000] {logging_mixin.py:149} INFO - [2023-05-08T22:19:55.668+0000] {dag.py:2726} INFO - Sync 1 DAGs
[2023-05-08T22:19:55.689+0000] {logging_mixin.py:149} INFO - [2023-05-08T22:19:55.689+0000] {dag.py:3490} INFO - Setting next_dagrun for example_short_circuit_decorator to 2023-05-07T22:19:55.688896+00:00, run_after=2023-05-08T22:19:55.688896+00:00
[2023-05-08T22:19:55.701+0000] {processor.py:178} INFO - Processing /home/airflow/.local/lib/python3.7/site-packages/airflow/example_dags/example_short_circuit_decorator.py took 0.069 seconds
[2023-05-08T22:20:26.436+0000] {processor.py:156} INFO - Started process (PID=581) to work on /home/airflow/.local/lib/python3.7/site-packages/airflow/example_dags/example_short_circuit_decorator.py
[2023-05-08T22:20:26.437+0000] {processor.py:799} INFO - Processing file /home/airflow/.local/lib/python3.7/site-packages/airflow/example_dags/example_short_circuit_decorator.py for tasks to queue
[2023-05-08T22:20:26.438+0000] {logging_mixin.py:149} INFO - [2023-05-08T22:20:26.438+0000] {dagbag.py:541} INFO - Filling up the DagBag from /home/airflow/.local/lib/python3.7/site-packages/airflow/example_dags/example_short_circuit_decorator.py
[2023-05-08T22:20:26.445+0000] {processor.py:809} INFO - DAG(s) dict_keys(['example_short_circuit_decorator']) retrieved from /home/airflow/.local/lib/python3.7/site-packages/airflow/example_dags/example_short_circuit_decorator.py
[2023-05-08T22:20:26.470+0000] {logging_mixin.py:149} INFO - [2023-05-08T22:20:26.469+0000] {dag.py:2726} INFO - Sync 1 DAGs
[2023-05-08T22:20:26.489+0000] {logging_mixin.py:149} INFO - [2023-05-08T22:20:26.489+0000] {dag.py:3490} INFO - Setting next_dagrun for example_short_circuit_decorator to 2023-05-07T22:20:26.489464+00:00, run_after=2023-05-08T22:20:26.489464+00:00
[2023-05-08T22:20:26.503+0000] {processor.py:178} INFO - Processing /home/airflow/.local/lib/python3.7/site-packages/airflow/example_dags/example_short_circuit_decorator.py took 0.070 seconds
[2023-05-08T22:20:57.272+0000] {processor.py:156} INFO - Started process (PID=638) to work on /home/airflow/.local/lib/python3.7/site-packages/airflow/example_dags/example_short_circuit_decorator.py
[2023-05-08T22:20:57.274+0000] {processor.py:799} INFO - Processing file /home/airflow/.local/lib/python3.7/site-packages/airflow/example_dags/example_short_circuit_decorator.py for tasks to queue
[2023-05-08T22:20:57.274+0000] {logging_mixin.py:149} INFO - [2023-05-08T22:20:57.274+0000] {dagbag.py:541} INFO - Filling up the DagBag from /home/airflow/.local/lib/python3.7/site-packages/airflow/example_dags/example_short_circuit_decorator.py
[2023-05-08T22:20:57.281+0000] {processor.py:809} INFO - DAG(s) dict_keys(['example_short_circuit_decorator']) retrieved from /home/airflow/.local/lib/python3.7/site-packages/airflow/example_dags/example_short_circuit_decorator.py
[2023-05-08T22:20:57.307+0000] {logging_mixin.py:149} INFO - [2023-05-08T22:20:57.307+0000] {dag.py:2726} INFO - Sync 1 DAGs
[2023-05-08T22:20:57.327+0000] {logging_mixin.py:149} INFO - [2023-05-08T22:20:57.327+0000] {dag.py:3490} INFO - Setting next_dagrun for example_short_circuit_decorator to 2023-05-07T22:20:57.327684+00:00, run_after=2023-05-08T22:20:57.327684+00:00
[2023-05-08T22:20:57.341+0000] {processor.py:178} INFO - Processing /home/airflow/.local/lib/python3.7/site-packages/airflow/example_dags/example_short_circuit_decorator.py took 0.072 seconds
[2023-05-08T22:21:28.040+0000] {processor.py:156} INFO - Started process (PID=695) to work on /home/airflow/.local/lib/python3.7/site-packages/airflow/example_dags/example_short_circuit_decorator.py
[2023-05-08T22:21:28.040+0000] {processor.py:799} INFO - Processing file /home/airflow/.local/lib/python3.7/site-packages/airflow/example_dags/example_short_circuit_decorator.py for tasks to queue
[2023-05-08T22:21:28.041+0000] {logging_mixin.py:149} INFO - [2023-05-08T22:21:28.041+0000] {dagbag.py:541} INFO - Filling up the DagBag from /home/airflow/.local/lib/python3.7/site-packages/airflow/example_dags/example_short_circuit_decorator.py
[2023-05-08T22:21:28.047+0000] {processor.py:809} INFO - DAG(s) dict_keys(['example_short_circuit_decorator']) retrieved from /home/airflow/.local/lib/python3.7/site-packages/airflow/example_dags/example_short_circuit_decorator.py
[2023-05-08T22:21:28.070+0000] {logging_mixin.py:149} INFO - [2023-05-08T22:21:28.070+0000] {dag.py:2726} INFO - Sync 1 DAGs
[2023-05-08T22:21:28.090+0000] {logging_mixin.py:149} INFO - [2023-05-08T22:21:28.090+0000] {dag.py:3490} INFO - Setting next_dagrun for example_short_circuit_decorator to 2023-05-07T22:21:28.090045+00:00, run_after=2023-05-08T22:21:28.090045+00:00
[2023-05-08T22:21:28.102+0000] {processor.py:178} INFO - Processing /home/airflow/.local/lib/python3.7/site-packages/airflow/example_dags/example_short_circuit_decorator.py took 0.065 seconds
[2023-05-08T22:22:10.064+0000] {processor.py:156} INFO - Started process (PID=68) to work on /home/airflow/.local/lib/python3.7/site-packages/airflow/example_dags/example_short_circuit_decorator.py
[2023-05-08T22:22:10.066+0000] {processor.py:799} INFO - Processing file /home/airflow/.local/lib/python3.7/site-packages/airflow/example_dags/example_short_circuit_decorator.py for tasks to queue
[2023-05-08T22:22:10.068+0000] {logging_mixin.py:149} INFO - [2023-05-08T22:22:10.067+0000] {dagbag.py:541} INFO - Filling up the DagBag from /home/airflow/.local/lib/python3.7/site-packages/airflow/example_dags/example_short_circuit_decorator.py
[2023-05-08T22:22:10.083+0000] {processor.py:809} INFO - DAG(s) dict_keys(['example_short_circuit_decorator']) retrieved from /home/airflow/.local/lib/python3.7/site-packages/airflow/example_dags/example_short_circuit_decorator.py
[2023-05-08T22:22:10.104+0000] {logging_mixin.py:149} INFO - [2023-05-08T22:22:10.103+0000] {dag.py:2726} INFO - Sync 1 DAGs
[2023-05-08T22:22:10.141+0000] {logging_mixin.py:149} INFO - [2023-05-08T22:22:10.141+0000] {dag.py:3490} INFO - Setting next_dagrun for example_short_circuit_decorator to 2023-05-07T22:22:10.141295+00:00, run_after=2023-05-08T22:22:10.141295+00:00
[2023-05-08T22:22:10.213+0000] {processor.py:178} INFO - Processing /home/airflow/.local/lib/python3.7/site-packages/airflow/example_dags/example_short_circuit_decorator.py took 0.153 seconds
[2023-05-08T22:22:40.929+0000] {processor.py:156} INFO - Started process (PID=125) to work on /home/airflow/.local/lib/python3.7/site-packages/airflow/example_dags/example_short_circuit_decorator.py
[2023-05-08T22:22:40.930+0000] {processor.py:799} INFO - Processing file /home/airflow/.local/lib/python3.7/site-packages/airflow/example_dags/example_short_circuit_decorator.py for tasks to queue
[2023-05-08T22:22:40.930+0000] {logging_mixin.py:149} INFO - [2023-05-08T22:22:40.930+0000] {dagbag.py:541} INFO - Filling up the DagBag from /home/airflow/.local/lib/python3.7/site-packages/airflow/example_dags/example_short_circuit_decorator.py
[2023-05-08T22:22:40.936+0000] {processor.py:809} INFO - DAG(s) dict_keys(['example_short_circuit_decorator']) retrieved from /home/airflow/.local/lib/python3.7/site-packages/airflow/example_dags/example_short_circuit_decorator.py
[2023-05-08T22:22:40.958+0000] {logging_mixin.py:149} INFO - [2023-05-08T22:22:40.958+0000] {dag.py:2726} INFO - Sync 1 DAGs
[2023-05-08T22:22:40.978+0000] {logging_mixin.py:149} INFO - [2023-05-08T22:22:40.977+0000] {dag.py:3490} INFO - Setting next_dagrun for example_short_circuit_decorator to 2023-05-07T22:22:40.977764+00:00, run_after=2023-05-08T22:22:40.977764+00:00
[2023-05-08T22:22:40.991+0000] {processor.py:178} INFO - Processing /home/airflow/.local/lib/python3.7/site-packages/airflow/example_dags/example_short_circuit_decorator.py took 0.064 seconds
[2023-05-08T22:23:11.192+0000] {processor.py:156} INFO - Started process (PID=182) to work on /home/airflow/.local/lib/python3.7/site-packages/airflow/example_dags/example_short_circuit_decorator.py
[2023-05-08T22:23:11.193+0000] {processor.py:799} INFO - Processing file /home/airflow/.local/lib/python3.7/site-packages/airflow/example_dags/example_short_circuit_decorator.py for tasks to queue
[2023-05-08T22:23:11.193+0000] {logging_mixin.py:149} INFO - [2023-05-08T22:23:11.193+0000] {dagbag.py:541} INFO - Filling up the DagBag from /home/airflow/.local/lib/python3.7/site-packages/airflow/example_dags/example_short_circuit_decorator.py
[2023-05-08T22:23:11.199+0000] {processor.py:809} INFO - DAG(s) dict_keys(['example_short_circuit_decorator']) retrieved from /home/airflow/.local/lib/python3.7/site-packages/airflow/example_dags/example_short_circuit_decorator.py
[2023-05-08T22:23:11.228+0000] {logging_mixin.py:149} INFO - [2023-05-08T22:23:11.227+0000] {dag.py:2726} INFO - Sync 1 DAGs
[2023-05-08T22:23:11.251+0000] {logging_mixin.py:149} INFO - [2023-05-08T22:23:11.251+0000] {dag.py:3490} INFO - Setting next_dagrun for example_short_circuit_decorator to 2023-05-07T22:23:11.251442+00:00, run_after=2023-05-08T22:23:11.251442+00:00
[2023-05-08T22:23:11.266+0000] {processor.py:178} INFO - Processing /home/airflow/.local/lib/python3.7/site-packages/airflow/example_dags/example_short_circuit_decorator.py took 0.077 seconds
[2023-05-08T22:23:41.916+0000] {processor.py:156} INFO - Started process (PID=239) to work on /home/airflow/.local/lib/python3.7/site-packages/airflow/example_dags/example_short_circuit_decorator.py
[2023-05-08T22:23:41.917+0000] {processor.py:799} INFO - Processing file /home/airflow/.local/lib/python3.7/site-packages/airflow/example_dags/example_short_circuit_decorator.py for tasks to queue
[2023-05-08T22:23:41.917+0000] {logging_mixin.py:149} INFO - [2023-05-08T22:23:41.917+0000] {dagbag.py:541} INFO - Filling up the DagBag from /home/airflow/.local/lib/python3.7/site-packages/airflow/example_dags/example_short_circuit_decorator.py
[2023-05-08T22:23:41.923+0000] {processor.py:809} INFO - DAG(s) dict_keys(['example_short_circuit_decorator']) retrieved from /home/airflow/.local/lib/python3.7/site-packages/airflow/example_dags/example_short_circuit_decorator.py
[2023-05-08T22:23:41.945+0000] {logging_mixin.py:149} INFO - [2023-05-08T22:23:41.945+0000] {dag.py:2726} INFO - Sync 1 DAGs
[2023-05-08T22:23:41.965+0000] {logging_mixin.py:149} INFO - [2023-05-08T22:23:41.965+0000] {dag.py:3490} INFO - Setting next_dagrun for example_short_circuit_decorator to 2023-05-07T22:23:41.964972+00:00, run_after=2023-05-08T22:23:41.964972+00:00
[2023-05-08T22:23:41.979+0000] {processor.py:178} INFO - Processing /home/airflow/.local/lib/python3.7/site-packages/airflow/example_dags/example_short_circuit_decorator.py took 0.065 seconds
[2023-05-08T22:24:12.776+0000] {processor.py:156} INFO - Started process (PID=296) to work on /home/airflow/.local/lib/python3.7/site-packages/airflow/example_dags/example_short_circuit_decorator.py
[2023-05-08T22:24:12.778+0000] {processor.py:799} INFO - Processing file /home/airflow/.local/lib/python3.7/site-packages/airflow/example_dags/example_short_circuit_decorator.py for tasks to queue
[2023-05-08T22:24:12.779+0000] {logging_mixin.py:149} INFO - [2023-05-08T22:24:12.779+0000] {dagbag.py:541} INFO - Filling up the DagBag from /home/airflow/.local/lib/python3.7/site-packages/airflow/example_dags/example_short_circuit_decorator.py
[2023-05-08T22:24:12.786+0000] {processor.py:809} INFO - DAG(s) dict_keys(['example_short_circuit_decorator']) retrieved from /home/airflow/.local/lib/python3.7/site-packages/airflow/example_dags/example_short_circuit_decorator.py
[2023-05-08T22:24:12.813+0000] {logging_mixin.py:149} INFO - [2023-05-08T22:24:12.813+0000] {dag.py:2726} INFO - Sync 1 DAGs
[2023-05-08T22:24:12.836+0000] {logging_mixin.py:149} INFO - [2023-05-08T22:24:12.835+0000] {dag.py:3490} INFO - Setting next_dagrun for example_short_circuit_decorator to 2023-05-07T22:24:12.835676+00:00, run_after=2023-05-08T22:24:12.835676+00:00
[2023-05-08T22:24:12.849+0000] {processor.py:178} INFO - Processing /home/airflow/.local/lib/python3.7/site-packages/airflow/example_dags/example_short_circuit_decorator.py took 0.076 seconds
[2023-05-08T22:24:43.523+0000] {processor.py:156} INFO - Started process (PID=353) to work on /home/airflow/.local/lib/python3.7/site-packages/airflow/example_dags/example_short_circuit_decorator.py
[2023-05-08T22:24:43.524+0000] {processor.py:799} INFO - Processing file /home/airflow/.local/lib/python3.7/site-packages/airflow/example_dags/example_short_circuit_decorator.py for tasks to queue
[2023-05-08T22:24:43.525+0000] {logging_mixin.py:149} INFO - [2023-05-08T22:24:43.525+0000] {dagbag.py:541} INFO - Filling up the DagBag from /home/airflow/.local/lib/python3.7/site-packages/airflow/example_dags/example_short_circuit_decorator.py
[2023-05-08T22:24:43.531+0000] {processor.py:809} INFO - DAG(s) dict_keys(['example_short_circuit_decorator']) retrieved from /home/airflow/.local/lib/python3.7/site-packages/airflow/example_dags/example_short_circuit_decorator.py
[2023-05-08T22:24:43.552+0000] {logging_mixin.py:149} INFO - [2023-05-08T22:24:43.552+0000] {dag.py:2726} INFO - Sync 1 DAGs
[2023-05-08T22:24:43.573+0000] {logging_mixin.py:149} INFO - [2023-05-08T22:24:43.573+0000] {dag.py:3490} INFO - Setting next_dagrun for example_short_circuit_decorator to 2023-05-07T22:24:43.573263+00:00, run_after=2023-05-08T22:24:43.573263+00:00
[2023-05-08T22:24:43.589+0000] {processor.py:178} INFO - Processing /home/airflow/.local/lib/python3.7/site-packages/airflow/example_dags/example_short_circuit_decorator.py took 0.068 seconds
[2023-05-08T22:25:14.236+0000] {processor.py:156} INFO - Started process (PID=410) to work on /home/airflow/.local/lib/python3.7/site-packages/airflow/example_dags/example_short_circuit_decorator.py
[2023-05-08T22:25:14.237+0000] {processor.py:799} INFO - Processing file /home/airflow/.local/lib/python3.7/site-packages/airflow/example_dags/example_short_circuit_decorator.py for tasks to queue
[2023-05-08T22:25:14.238+0000] {logging_mixin.py:149} INFO - [2023-05-08T22:25:14.238+0000] {dagbag.py:541} INFO - Filling up the DagBag from /home/airflow/.local/lib/python3.7/site-packages/airflow/example_dags/example_short_circuit_decorator.py
[2023-05-08T22:25:14.244+0000] {processor.py:809} INFO - DAG(s) dict_keys(['example_short_circuit_decorator']) retrieved from /home/airflow/.local/lib/python3.7/site-packages/airflow/example_dags/example_short_circuit_decorator.py
[2023-05-08T22:25:14.268+0000] {logging_mixin.py:149} INFO - [2023-05-08T22:25:14.268+0000] {dag.py:2726} INFO - Sync 1 DAGs
[2023-05-08T22:25:14.288+0000] {logging_mixin.py:149} INFO - [2023-05-08T22:25:14.288+0000] {dag.py:3490} INFO - Setting next_dagrun for example_short_circuit_decorator to 2023-05-07T22:25:14.288508+00:00, run_after=2023-05-08T22:25:14.288508+00:00
[2023-05-08T22:25:14.305+0000] {processor.py:178} INFO - Processing /home/airflow/.local/lib/python3.7/site-packages/airflow/example_dags/example_short_circuit_decorator.py took 0.071 seconds
[2023-05-08T22:26:01.160+0000] {processor.py:156} INFO - Started process (PID=68) to work on /home/airflow/.local/lib/python3.7/site-packages/airflow/example_dags/example_short_circuit_decorator.py
[2023-05-08T22:26:01.161+0000] {processor.py:799} INFO - Processing file /home/airflow/.local/lib/python3.7/site-packages/airflow/example_dags/example_short_circuit_decorator.py for tasks to queue
[2023-05-08T22:26:01.163+0000] {logging_mixin.py:149} INFO - [2023-05-08T22:26:01.163+0000] {dagbag.py:541} INFO - Filling up the DagBag from /home/airflow/.local/lib/python3.7/site-packages/airflow/example_dags/example_short_circuit_decorator.py
[2023-05-08T22:26:01.183+0000] {processor.py:809} INFO - DAG(s) dict_keys(['example_short_circuit_decorator']) retrieved from /home/airflow/.local/lib/python3.7/site-packages/airflow/example_dags/example_short_circuit_decorator.py
[2023-05-08T22:26:01.212+0000] {logging_mixin.py:149} INFO - [2023-05-08T22:26:01.212+0000] {dag.py:2726} INFO - Sync 1 DAGs
[2023-05-08T22:26:01.260+0000] {logging_mixin.py:149} INFO - [2023-05-08T22:26:01.259+0000] {dag.py:3490} INFO - Setting next_dagrun for example_short_circuit_decorator to 2023-05-07T22:26:01.258787+00:00, run_after=2023-05-08T22:26:01.258787+00:00
[2023-05-08T22:26:01.298+0000] {processor.py:178} INFO - Processing /home/airflow/.local/lib/python3.7/site-packages/airflow/example_dags/example_short_circuit_decorator.py took 0.144 seconds
[2023-05-08T22:26:31.402+0000] {processor.py:156} INFO - Started process (PID=125) to work on /home/airflow/.local/lib/python3.7/site-packages/airflow/example_dags/example_short_circuit_decorator.py
[2023-05-08T22:26:31.403+0000] {processor.py:799} INFO - Processing file /home/airflow/.local/lib/python3.7/site-packages/airflow/example_dags/example_short_circuit_decorator.py for tasks to queue
[2023-05-08T22:26:31.404+0000] {logging_mixin.py:149} INFO - [2023-05-08T22:26:31.404+0000] {dagbag.py:541} INFO - Filling up the DagBag from /home/airflow/.local/lib/python3.7/site-packages/airflow/example_dags/example_short_circuit_decorator.py
[2023-05-08T22:26:31.411+0000] {processor.py:809} INFO - DAG(s) dict_keys(['example_short_circuit_decorator']) retrieved from /home/airflow/.local/lib/python3.7/site-packages/airflow/example_dags/example_short_circuit_decorator.py
[2023-05-08T22:26:31.433+0000] {logging_mixin.py:149} INFO - [2023-05-08T22:26:31.432+0000] {dag.py:2726} INFO - Sync 1 DAGs
[2023-05-08T22:26:31.454+0000] {logging_mixin.py:149} INFO - [2023-05-08T22:26:31.454+0000] {dag.py:3490} INFO - Setting next_dagrun for example_short_circuit_decorator to 2023-05-07T22:26:31.454143+00:00, run_after=2023-05-08T22:26:31.454143+00:00
[2023-05-08T22:26:31.471+0000] {processor.py:178} INFO - Processing /home/airflow/.local/lib/python3.7/site-packages/airflow/example_dags/example_short_circuit_decorator.py took 0.072 seconds
[2023-05-08T22:27:02.351+0000] {processor.py:156} INFO - Started process (PID=182) to work on /home/airflow/.local/lib/python3.7/site-packages/airflow/example_dags/example_short_circuit_decorator.py
[2023-05-08T22:27:02.371+0000] {processor.py:799} INFO - Processing file /home/airflow/.local/lib/python3.7/site-packages/airflow/example_dags/example_short_circuit_decorator.py for tasks to queue
[2023-05-08T22:27:02.372+0000] {logging_mixin.py:149} INFO - [2023-05-08T22:27:02.372+0000] {dagbag.py:541} INFO - Filling up the DagBag from /home/airflow/.local/lib/python3.7/site-packages/airflow/example_dags/example_short_circuit_decorator.py
[2023-05-08T22:27:02.385+0000] {processor.py:809} INFO - DAG(s) dict_keys(['example_short_circuit_decorator']) retrieved from /home/airflow/.local/lib/python3.7/site-packages/airflow/example_dags/example_short_circuit_decorator.py
[2023-05-08T22:27:02.412+0000] {logging_mixin.py:149} INFO - [2023-05-08T22:27:02.411+0000] {dag.py:2726} INFO - Sync 1 DAGs
[2023-05-08T22:27:02.432+0000] {logging_mixin.py:149} INFO - [2023-05-08T22:27:02.432+0000] {dag.py:3490} INFO - Setting next_dagrun for example_short_circuit_decorator to 2023-05-07T22:27:02.432527+00:00, run_after=2023-05-08T22:27:02.432527+00:00
[2023-05-08T22:27:02.447+0000] {processor.py:178} INFO - Processing /home/airflow/.local/lib/python3.7/site-packages/airflow/example_dags/example_short_circuit_decorator.py took 0.100 seconds
[2023-05-08T22:27:33.032+0000] {processor.py:156} INFO - Started process (PID=239) to work on /home/airflow/.local/lib/python3.7/site-packages/airflow/example_dags/example_short_circuit_decorator.py
[2023-05-08T22:27:33.033+0000] {processor.py:799} INFO - Processing file /home/airflow/.local/lib/python3.7/site-packages/airflow/example_dags/example_short_circuit_decorator.py for tasks to queue
[2023-05-08T22:27:33.034+0000] {logging_mixin.py:149} INFO - [2023-05-08T22:27:33.034+0000] {dagbag.py:541} INFO - Filling up the DagBag from /home/airflow/.local/lib/python3.7/site-packages/airflow/example_dags/example_short_circuit_decorator.py
[2023-05-08T22:27:33.040+0000] {processor.py:809} INFO - DAG(s) dict_keys(['example_short_circuit_decorator']) retrieved from /home/airflow/.local/lib/python3.7/site-packages/airflow/example_dags/example_short_circuit_decorator.py
[2023-05-08T22:27:33.062+0000] {logging_mixin.py:149} INFO - [2023-05-08T22:27:33.062+0000] {dag.py:2726} INFO - Sync 1 DAGs
[2023-05-08T22:27:33.082+0000] {logging_mixin.py:149} INFO - [2023-05-08T22:27:33.082+0000] {dag.py:3490} INFO - Setting next_dagrun for example_short_circuit_decorator to 2023-05-07T22:27:33.082152+00:00, run_after=2023-05-08T22:27:33.082152+00:00
[2023-05-08T22:27:33.096+0000] {processor.py:178} INFO - Processing /home/airflow/.local/lib/python3.7/site-packages/airflow/example_dags/example_short_circuit_decorator.py took 0.065 seconds
[2023-05-08T22:28:03.515+0000] {processor.py:156} INFO - Started process (PID=296) to work on /home/airflow/.local/lib/python3.7/site-packages/airflow/example_dags/example_short_circuit_decorator.py
[2023-05-08T22:28:03.516+0000] {processor.py:799} INFO - Processing file /home/airflow/.local/lib/python3.7/site-packages/airflow/example_dags/example_short_circuit_decorator.py for tasks to queue
[2023-05-08T22:28:03.517+0000] {logging_mixin.py:149} INFO - [2023-05-08T22:28:03.517+0000] {dagbag.py:541} INFO - Filling up the DagBag from /home/airflow/.local/lib/python3.7/site-packages/airflow/example_dags/example_short_circuit_decorator.py
[2023-05-08T22:28:03.524+0000] {processor.py:809} INFO - DAG(s) dict_keys(['example_short_circuit_decorator']) retrieved from /home/airflow/.local/lib/python3.7/site-packages/airflow/example_dags/example_short_circuit_decorator.py
[2023-05-08T22:28:03.549+0000] {logging_mixin.py:149} INFO - [2023-05-08T22:28:03.549+0000] {dag.py:2726} INFO - Sync 1 DAGs
[2023-05-08T22:28:03.570+0000] {logging_mixin.py:149} INFO - [2023-05-08T22:28:03.570+0000] {dag.py:3490} INFO - Setting next_dagrun for example_short_circuit_decorator to 2023-05-07T22:28:03.570112+00:00, run_after=2023-05-08T22:28:03.570112+00:00
[2023-05-08T22:28:03.584+0000] {processor.py:178} INFO - Processing /home/airflow/.local/lib/python3.7/site-packages/airflow/example_dags/example_short_circuit_decorator.py took 0.071 seconds
[2023-05-08T22:28:34.224+0000] {processor.py:156} INFO - Started process (PID=353) to work on /home/airflow/.local/lib/python3.7/site-packages/airflow/example_dags/example_short_circuit_decorator.py
[2023-05-08T22:28:34.225+0000] {processor.py:799} INFO - Processing file /home/airflow/.local/lib/python3.7/site-packages/airflow/example_dags/example_short_circuit_decorator.py for tasks to queue
[2023-05-08T22:28:34.226+0000] {logging_mixin.py:149} INFO - [2023-05-08T22:28:34.226+0000] {dagbag.py:541} INFO - Filling up the DagBag from /home/airflow/.local/lib/python3.7/site-packages/airflow/example_dags/example_short_circuit_decorator.py
[2023-05-08T22:28:34.233+0000] {processor.py:809} INFO - DAG(s) dict_keys(['example_short_circuit_decorator']) retrieved from /home/airflow/.local/lib/python3.7/site-packages/airflow/example_dags/example_short_circuit_decorator.py
[2023-05-08T22:28:34.256+0000] {logging_mixin.py:149} INFO - [2023-05-08T22:28:34.256+0000] {dag.py:2726} INFO - Sync 1 DAGs
[2023-05-08T22:28:34.276+0000] {logging_mixin.py:149} INFO - [2023-05-08T22:28:34.276+0000] {dag.py:3490} INFO - Setting next_dagrun for example_short_circuit_decorator to 2023-05-07T22:28:34.275802+00:00, run_after=2023-05-08T22:28:34.275802+00:00
[2023-05-08T22:28:34.288+0000] {processor.py:178} INFO - Processing /home/airflow/.local/lib/python3.7/site-packages/airflow/example_dags/example_short_circuit_decorator.py took 0.067 seconds
[2023-05-08T22:29:05.056+0000] {processor.py:156} INFO - Started process (PID=410) to work on /home/airflow/.local/lib/python3.7/site-packages/airflow/example_dags/example_short_circuit_decorator.py
[2023-05-08T22:29:05.057+0000] {processor.py:799} INFO - Processing file /home/airflow/.local/lib/python3.7/site-packages/airflow/example_dags/example_short_circuit_decorator.py for tasks to queue
[2023-05-08T22:29:05.057+0000] {logging_mixin.py:149} INFO - [2023-05-08T22:29:05.057+0000] {dagbag.py:541} INFO - Filling up the DagBag from /home/airflow/.local/lib/python3.7/site-packages/airflow/example_dags/example_short_circuit_decorator.py
[2023-05-08T22:29:05.064+0000] {processor.py:809} INFO - DAG(s) dict_keys(['example_short_circuit_decorator']) retrieved from /home/airflow/.local/lib/python3.7/site-packages/airflow/example_dags/example_short_circuit_decorator.py
[2023-05-08T22:29:05.087+0000] {logging_mixin.py:149} INFO - [2023-05-08T22:29:05.087+0000] {dag.py:2726} INFO - Sync 1 DAGs
[2023-05-08T22:29:05.107+0000] {logging_mixin.py:149} INFO - [2023-05-08T22:29:05.107+0000] {dag.py:3490} INFO - Setting next_dagrun for example_short_circuit_decorator to 2023-05-07T22:29:05.106868+00:00, run_after=2023-05-08T22:29:05.106868+00:00
[2023-05-08T22:29:05.121+0000] {processor.py:178} INFO - Processing /home/airflow/.local/lib/python3.7/site-packages/airflow/example_dags/example_short_circuit_decorator.py took 0.068 seconds
[2023-05-08T22:29:35.703+0000] {processor.py:156} INFO - Started process (PID=467) to work on /home/airflow/.local/lib/python3.7/site-packages/airflow/example_dags/example_short_circuit_decorator.py
[2023-05-08T22:29:35.704+0000] {processor.py:799} INFO - Processing file /home/airflow/.local/lib/python3.7/site-packages/airflow/example_dags/example_short_circuit_decorator.py for tasks to queue
[2023-05-08T22:29:35.705+0000] {logging_mixin.py:149} INFO - [2023-05-08T22:29:35.705+0000] {dagbag.py:541} INFO - Filling up the DagBag from /home/airflow/.local/lib/python3.7/site-packages/airflow/example_dags/example_short_circuit_decorator.py
[2023-05-08T22:29:35.712+0000] {processor.py:809} INFO - DAG(s) dict_keys(['example_short_circuit_decorator']) retrieved from /home/airflow/.local/lib/python3.7/site-packages/airflow/example_dags/example_short_circuit_decorator.py
[2023-05-08T22:29:35.738+0000] {logging_mixin.py:149} INFO - [2023-05-08T22:29:35.738+0000] {dag.py:2726} INFO - Sync 1 DAGs
[2023-05-08T22:29:35.758+0000] {logging_mixin.py:149} INFO - [2023-05-08T22:29:35.758+0000] {dag.py:3490} INFO - Setting next_dagrun for example_short_circuit_decorator to 2023-05-07T22:29:35.757869+00:00, run_after=2023-05-08T22:29:35.757869+00:00
[2023-05-08T22:29:35.772+0000] {processor.py:178} INFO - Processing /home/airflow/.local/lib/python3.7/site-packages/airflow/example_dags/example_short_circuit_decorator.py took 0.072 seconds
[2023-05-08T22:30:06.546+0000] {processor.py:156} INFO - Started process (PID=524) to work on /home/airflow/.local/lib/python3.7/site-packages/airflow/example_dags/example_short_circuit_decorator.py
[2023-05-08T22:30:06.547+0000] {processor.py:799} INFO - Processing file /home/airflow/.local/lib/python3.7/site-packages/airflow/example_dags/example_short_circuit_decorator.py for tasks to queue
[2023-05-08T22:30:06.548+0000] {logging_mixin.py:149} INFO - [2023-05-08T22:30:06.548+0000] {dagbag.py:541} INFO - Filling up the DagBag from /home/airflow/.local/lib/python3.7/site-packages/airflow/example_dags/example_short_circuit_decorator.py
[2023-05-08T22:30:06.555+0000] {processor.py:809} INFO - DAG(s) dict_keys(['example_short_circuit_decorator']) retrieved from /home/airflow/.local/lib/python3.7/site-packages/airflow/example_dags/example_short_circuit_decorator.py
[2023-05-08T22:30:06.578+0000] {logging_mixin.py:149} INFO - [2023-05-08T22:30:06.578+0000] {dag.py:2726} INFO - Sync 1 DAGs
[2023-05-08T22:30:06.598+0000] {logging_mixin.py:149} INFO - [2023-05-08T22:30:06.598+0000] {dag.py:3490} INFO - Setting next_dagrun for example_short_circuit_decorator to 2023-05-07T22:30:06.597891+00:00, run_after=2023-05-08T22:30:06.597891+00:00
[2023-05-08T22:30:06.611+0000] {processor.py:178} INFO - Processing /home/airflow/.local/lib/python3.7/site-packages/airflow/example_dags/example_short_circuit_decorator.py took 0.067 seconds
[2023-05-08T22:30:37.224+0000] {processor.py:156} INFO - Started process (PID=581) to work on /home/airflow/.local/lib/python3.7/site-packages/airflow/example_dags/example_short_circuit_decorator.py
[2023-05-08T22:30:37.224+0000] {processor.py:799} INFO - Processing file /home/airflow/.local/lib/python3.7/site-packages/airflow/example_dags/example_short_circuit_decorator.py for tasks to queue
[2023-05-08T22:30:37.225+0000] {logging_mixin.py:149} INFO - [2023-05-08T22:30:37.225+0000] {dagbag.py:541} INFO - Filling up the DagBag from /home/airflow/.local/lib/python3.7/site-packages/airflow/example_dags/example_short_circuit_decorator.py
[2023-05-08T22:30:37.232+0000] {processor.py:809} INFO - DAG(s) dict_keys(['example_short_circuit_decorator']) retrieved from /home/airflow/.local/lib/python3.7/site-packages/airflow/example_dags/example_short_circuit_decorator.py
[2023-05-08T22:30:37.254+0000] {logging_mixin.py:149} INFO - [2023-05-08T22:30:37.254+0000] {dag.py:2726} INFO - Sync 1 DAGs
[2023-05-08T22:30:37.273+0000] {logging_mixin.py:149} INFO - [2023-05-08T22:30:37.273+0000] {dag.py:3490} INFO - Setting next_dagrun for example_short_circuit_decorator to 2023-05-07T22:30:37.273254+00:00, run_after=2023-05-08T22:30:37.273254+00:00
[2023-05-08T22:30:37.286+0000] {processor.py:178} INFO - Processing /home/airflow/.local/lib/python3.7/site-packages/airflow/example_dags/example_short_circuit_decorator.py took 0.065 seconds
[2023-05-08T22:31:08.200+0000] {processor.py:156} INFO - Started process (PID=638) to work on /home/airflow/.local/lib/python3.7/site-packages/airflow/example_dags/example_short_circuit_decorator.py
[2023-05-08T22:31:08.200+0000] {processor.py:799} INFO - Processing file /home/airflow/.local/lib/python3.7/site-packages/airflow/example_dags/example_short_circuit_decorator.py for tasks to queue
[2023-05-08T22:31:08.201+0000] {logging_mixin.py:149} INFO - [2023-05-08T22:31:08.201+0000] {dagbag.py:541} INFO - Filling up the DagBag from /home/airflow/.local/lib/python3.7/site-packages/airflow/example_dags/example_short_circuit_decorator.py
[2023-05-08T22:31:08.207+0000] {processor.py:809} INFO - DAG(s) dict_keys(['example_short_circuit_decorator']) retrieved from /home/airflow/.local/lib/python3.7/site-packages/airflow/example_dags/example_short_circuit_decorator.py
[2023-05-08T22:31:08.229+0000] {logging_mixin.py:149} INFO - [2023-05-08T22:31:08.229+0000] {dag.py:2726} INFO - Sync 1 DAGs
[2023-05-08T22:31:08.248+0000] {logging_mixin.py:149} INFO - [2023-05-08T22:31:08.248+0000] {dag.py:3490} INFO - Setting next_dagrun for example_short_circuit_decorator to 2023-05-07T22:31:08.248078+00:00, run_after=2023-05-08T22:31:08.248078+00:00
[2023-05-08T22:31:08.261+0000] {processor.py:178} INFO - Processing /home/airflow/.local/lib/python3.7/site-packages/airflow/example_dags/example_short_circuit_decorator.py took 0.064 seconds
[2023-05-08T22:31:38.756+0000] {processor.py:156} INFO - Started process (PID=695) to work on /home/airflow/.local/lib/python3.7/site-packages/airflow/example_dags/example_short_circuit_decorator.py
[2023-05-08T22:31:38.758+0000] {processor.py:799} INFO - Processing file /home/airflow/.local/lib/python3.7/site-packages/airflow/example_dags/example_short_circuit_decorator.py for tasks to queue
[2023-05-08T22:31:38.758+0000] {logging_mixin.py:149} INFO - [2023-05-08T22:31:38.758+0000] {dagbag.py:541} INFO - Filling up the DagBag from /home/airflow/.local/lib/python3.7/site-packages/airflow/example_dags/example_short_circuit_decorator.py
[2023-05-08T22:31:38.767+0000] {processor.py:809} INFO - DAG(s) dict_keys(['example_short_circuit_decorator']) retrieved from /home/airflow/.local/lib/python3.7/site-packages/airflow/example_dags/example_short_circuit_decorator.py
[2023-05-08T22:31:38.790+0000] {logging_mixin.py:149} INFO - [2023-05-08T22:31:38.790+0000] {dag.py:2726} INFO - Sync 1 DAGs
[2023-05-08T22:31:38.809+0000] {logging_mixin.py:149} INFO - [2023-05-08T22:31:38.809+0000] {dag.py:3490} INFO - Setting next_dagrun for example_short_circuit_decorator to 2023-05-07T22:31:38.809677+00:00, run_after=2023-05-08T22:31:38.809677+00:00
[2023-05-08T22:31:38.823+0000] {processor.py:178} INFO - Processing /home/airflow/.local/lib/python3.7/site-packages/airflow/example_dags/example_short_circuit_decorator.py took 0.071 seconds
[2023-05-08T22:32:09.494+0000] {processor.py:156} INFO - Started process (PID=752) to work on /home/airflow/.local/lib/python3.7/site-packages/airflow/example_dags/example_short_circuit_decorator.py
[2023-05-08T22:32:09.495+0000] {processor.py:799} INFO - Processing file /home/airflow/.local/lib/python3.7/site-packages/airflow/example_dags/example_short_circuit_decorator.py for tasks to queue
[2023-05-08T22:32:09.496+0000] {logging_mixin.py:149} INFO - [2023-05-08T22:32:09.496+0000] {dagbag.py:541} INFO - Filling up the DagBag from /home/airflow/.local/lib/python3.7/site-packages/airflow/example_dags/example_short_circuit_decorator.py
[2023-05-08T22:32:09.505+0000] {processor.py:809} INFO - DAG(s) dict_keys(['example_short_circuit_decorator']) retrieved from /home/airflow/.local/lib/python3.7/site-packages/airflow/example_dags/example_short_circuit_decorator.py
[2023-05-08T22:32:09.532+0000] {logging_mixin.py:149} INFO - [2023-05-08T22:32:09.532+0000] {dag.py:2726} INFO - Sync 1 DAGs
[2023-05-08T22:32:09.552+0000] {logging_mixin.py:149} INFO - [2023-05-08T22:32:09.552+0000] {dag.py:3490} INFO - Setting next_dagrun for example_short_circuit_decorator to 2023-05-07T22:32:09.551986+00:00, run_after=2023-05-08T22:32:09.551986+00:00
[2023-05-08T22:32:09.566+0000] {processor.py:178} INFO - Processing /home/airflow/.local/lib/python3.7/site-packages/airflow/example_dags/example_short_circuit_decorator.py took 0.077 seconds
[2023-05-08T22:32:40.313+0000] {processor.py:156} INFO - Started process (PID=809) to work on /home/airflow/.local/lib/python3.7/site-packages/airflow/example_dags/example_short_circuit_decorator.py
[2023-05-08T22:32:40.314+0000] {processor.py:799} INFO - Processing file /home/airflow/.local/lib/python3.7/site-packages/airflow/example_dags/example_short_circuit_decorator.py for tasks to queue
[2023-05-08T22:32:40.314+0000] {logging_mixin.py:149} INFO - [2023-05-08T22:32:40.314+0000] {dagbag.py:541} INFO - Filling up the DagBag from /home/airflow/.local/lib/python3.7/site-packages/airflow/example_dags/example_short_circuit_decorator.py
[2023-05-08T22:32:40.321+0000] {processor.py:809} INFO - DAG(s) dict_keys(['example_short_circuit_decorator']) retrieved from /home/airflow/.local/lib/python3.7/site-packages/airflow/example_dags/example_short_circuit_decorator.py
[2023-05-08T22:32:40.342+0000] {logging_mixin.py:149} INFO - [2023-05-08T22:32:40.342+0000] {dag.py:2726} INFO - Sync 1 DAGs
[2023-05-08T22:32:40.364+0000] {logging_mixin.py:149} INFO - [2023-05-08T22:32:40.364+0000] {dag.py:3490} INFO - Setting next_dagrun for example_short_circuit_decorator to 2023-05-07T22:32:40.364642+00:00, run_after=2023-05-08T22:32:40.364642+00:00
[2023-05-08T22:32:40.378+0000] {processor.py:178} INFO - Processing /home/airflow/.local/lib/python3.7/site-packages/airflow/example_dags/example_short_circuit_decorator.py took 0.068 seconds
[2023-05-08T22:33:11.544+0000] {processor.py:156} INFO - Started process (PID=866) to work on /home/airflow/.local/lib/python3.7/site-packages/airflow/example_dags/example_short_circuit_decorator.py
[2023-05-08T22:33:11.546+0000] {processor.py:799} INFO - Processing file /home/airflow/.local/lib/python3.7/site-packages/airflow/example_dags/example_short_circuit_decorator.py for tasks to queue
[2023-05-08T22:33:11.546+0000] {logging_mixin.py:149} INFO - [2023-05-08T22:33:11.546+0000] {dagbag.py:541} INFO - Filling up the DagBag from /home/airflow/.local/lib/python3.7/site-packages/airflow/example_dags/example_short_circuit_decorator.py
[2023-05-08T22:33:11.556+0000] {processor.py:809} INFO - DAG(s) dict_keys(['example_short_circuit_decorator']) retrieved from /home/airflow/.local/lib/python3.7/site-packages/airflow/example_dags/example_short_circuit_decorator.py
[2023-05-08T22:33:11.579+0000] {logging_mixin.py:149} INFO - [2023-05-08T22:33:11.579+0000] {dag.py:2726} INFO - Sync 1 DAGs
[2023-05-08T22:33:11.601+0000] {logging_mixin.py:149} INFO - [2023-05-08T22:33:11.601+0000] {dag.py:3490} INFO - Setting next_dagrun for example_short_circuit_decorator to 2023-05-07T22:33:11.601260+00:00, run_after=2023-05-08T22:33:11.601260+00:00
[2023-05-08T22:33:11.619+0000] {processor.py:178} INFO - Processing /home/airflow/.local/lib/python3.7/site-packages/airflow/example_dags/example_short_circuit_decorator.py took 0.078 seconds
[2023-05-08T22:33:43.353+0000] {processor.py:156} INFO - Started process (PID=923) to work on /home/airflow/.local/lib/python3.7/site-packages/airflow/example_dags/example_short_circuit_decorator.py
[2023-05-08T22:33:43.356+0000] {processor.py:799} INFO - Processing file /home/airflow/.local/lib/python3.7/site-packages/airflow/example_dags/example_short_circuit_decorator.py for tasks to queue
[2023-05-08T22:33:43.357+0000] {logging_mixin.py:149} INFO - [2023-05-08T22:33:43.357+0000] {dagbag.py:541} INFO - Filling up the DagBag from /home/airflow/.local/lib/python3.7/site-packages/airflow/example_dags/example_short_circuit_decorator.py
[2023-05-08T22:33:43.366+0000] {processor.py:809} INFO - DAG(s) dict_keys(['example_short_circuit_decorator']) retrieved from /home/airflow/.local/lib/python3.7/site-packages/airflow/example_dags/example_short_circuit_decorator.py
[2023-05-08T22:33:43.395+0000] {logging_mixin.py:149} INFO - [2023-05-08T22:33:43.395+0000] {dag.py:2726} INFO - Sync 1 DAGs
[2023-05-08T22:33:43.421+0000] {logging_mixin.py:149} INFO - [2023-05-08T22:33:43.421+0000] {dag.py:3490} INFO - Setting next_dagrun for example_short_circuit_decorator to 2023-05-07T22:33:43.421168+00:00, run_after=2023-05-08T22:33:43.421168+00:00
[2023-05-08T22:33:43.462+0000] {processor.py:178} INFO - Processing /home/airflow/.local/lib/python3.7/site-packages/airflow/example_dags/example_short_circuit_decorator.py took 0.113 seconds
[2023-05-08T22:34:13.782+0000] {processor.py:156} INFO - Started process (PID=980) to work on /home/airflow/.local/lib/python3.7/site-packages/airflow/example_dags/example_short_circuit_decorator.py
[2023-05-08T22:34:13.784+0000] {processor.py:799} INFO - Processing file /home/airflow/.local/lib/python3.7/site-packages/airflow/example_dags/example_short_circuit_decorator.py for tasks to queue
[2023-05-08T22:34:13.785+0000] {logging_mixin.py:149} INFO - [2023-05-08T22:34:13.785+0000] {dagbag.py:541} INFO - Filling up the DagBag from /home/airflow/.local/lib/python3.7/site-packages/airflow/example_dags/example_short_circuit_decorator.py
[2023-05-08T22:34:13.793+0000] {processor.py:809} INFO - DAG(s) dict_keys(['example_short_circuit_decorator']) retrieved from /home/airflow/.local/lib/python3.7/site-packages/airflow/example_dags/example_short_circuit_decorator.py
[2023-05-08T22:34:13.819+0000] {logging_mixin.py:149} INFO - [2023-05-08T22:34:13.819+0000] {dag.py:2726} INFO - Sync 1 DAGs
[2023-05-08T22:34:13.839+0000] {logging_mixin.py:149} INFO - [2023-05-08T22:34:13.839+0000] {dag.py:3490} INFO - Setting next_dagrun for example_short_circuit_decorator to 2023-05-07T22:34:13.839296+00:00, run_after=2023-05-08T22:34:13.839296+00:00
[2023-05-08T22:34:13.854+0000] {processor.py:178} INFO - Processing /home/airflow/.local/lib/python3.7/site-packages/airflow/example_dags/example_short_circuit_decorator.py took 0.076 seconds
[2023-05-08T22:34:44.315+0000] {processor.py:156} INFO - Started process (PID=1038) to work on /home/airflow/.local/lib/python3.7/site-packages/airflow/example_dags/example_short_circuit_decorator.py
[2023-05-08T22:34:44.316+0000] {processor.py:799} INFO - Processing file /home/airflow/.local/lib/python3.7/site-packages/airflow/example_dags/example_short_circuit_decorator.py for tasks to queue
[2023-05-08T22:34:44.317+0000] {logging_mixin.py:149} INFO - [2023-05-08T22:34:44.317+0000] {dagbag.py:541} INFO - Filling up the DagBag from /home/airflow/.local/lib/python3.7/site-packages/airflow/example_dags/example_short_circuit_decorator.py
[2023-05-08T22:34:44.324+0000] {processor.py:809} INFO - DAG(s) dict_keys(['example_short_circuit_decorator']) retrieved from /home/airflow/.local/lib/python3.7/site-packages/airflow/example_dags/example_short_circuit_decorator.py
[2023-05-08T22:34:44.347+0000] {logging_mixin.py:149} INFO - [2023-05-08T22:34:44.347+0000] {dag.py:2726} INFO - Sync 1 DAGs
[2023-05-08T22:34:44.368+0000] {logging_mixin.py:149} INFO - [2023-05-08T22:34:44.368+0000] {dag.py:3490} INFO - Setting next_dagrun for example_short_circuit_decorator to 2023-05-07T22:34:44.367822+00:00, run_after=2023-05-08T22:34:44.367822+00:00
[2023-05-08T22:34:44.381+0000] {processor.py:178} INFO - Processing /home/airflow/.local/lib/python3.7/site-packages/airflow/example_dags/example_short_circuit_decorator.py took 0.068 seconds
[2023-05-08T22:35:14.611+0000] {processor.py:156} INFO - Started process (PID=1094) to work on /home/airflow/.local/lib/python3.7/site-packages/airflow/example_dags/example_short_circuit_decorator.py
[2023-05-08T22:35:14.612+0000] {processor.py:799} INFO - Processing file /home/airflow/.local/lib/python3.7/site-packages/airflow/example_dags/example_short_circuit_decorator.py for tasks to queue
[2023-05-08T22:35:14.613+0000] {logging_mixin.py:149} INFO - [2023-05-08T22:35:14.613+0000] {dagbag.py:541} INFO - Filling up the DagBag from /home/airflow/.local/lib/python3.7/site-packages/airflow/example_dags/example_short_circuit_decorator.py
[2023-05-08T22:35:14.620+0000] {processor.py:809} INFO - DAG(s) dict_keys(['example_short_circuit_decorator']) retrieved from /home/airflow/.local/lib/python3.7/site-packages/airflow/example_dags/example_short_circuit_decorator.py
[2023-05-08T22:35:14.642+0000] {logging_mixin.py:149} INFO - [2023-05-08T22:35:14.642+0000] {dag.py:2726} INFO - Sync 1 DAGs
[2023-05-08T22:35:14.661+0000] {logging_mixin.py:149} INFO - [2023-05-08T22:35:14.661+0000] {dag.py:3490} INFO - Setting next_dagrun for example_short_circuit_decorator to 2023-05-07T22:35:14.661119+00:00, run_after=2023-05-08T22:35:14.661119+00:00
[2023-05-08T22:35:14.674+0000] {processor.py:178} INFO - Processing /home/airflow/.local/lib/python3.7/site-packages/airflow/example_dags/example_short_circuit_decorator.py took 0.066 seconds
