[2023-05-08T20:36:13.787+0000] {processor.py:156} INFO - Started process (PID=64) to work on /home/airflow/.local/lib/python3.7/site-packages/airflow/example_dags/example_task_group_decorator.py
[2023-05-08T20:36:13.789+0000] {processor.py:799} INFO - Processing file /home/airflow/.local/lib/python3.7/site-packages/airflow/example_dags/example_task_group_decorator.py for tasks to queue
[2023-05-08T20:36:13.789+0000] {logging_mixin.py:149} INFO - [2023-05-08T20:36:13.789+0000] {dagbag.py:541} INFO - Filling up the DagBag from /home/airflow/.local/lib/python3.7/site-packages/airflow/example_dags/example_task_group_decorator.py
[2023-05-08T20:36:13.800+0000] {processor.py:809} INFO - DAG(s) dict_keys(['example_task_group_decorator']) retrieved from /home/airflow/.local/lib/python3.7/site-packages/airflow/example_dags/example_task_group_decorator.py
[2023-05-08T20:36:13.823+0000] {logging_mixin.py:149} INFO - [2023-05-08T20:36:13.822+0000] {dag.py:2726} INFO - Sync 1 DAGs
[2023-05-08T20:36:13.849+0000] {logging_mixin.py:149} INFO - [2023-05-08T20:36:13.849+0000] {dag.py:3490} INFO - Setting next_dagrun for example_task_group_decorator to 2023-05-07T20:36:13.848830+00:00, run_after=2023-05-08T20:36:13.848830+00:00
[2023-05-08T20:36:13.865+0000] {processor.py:178} INFO - Processing /home/airflow/.local/lib/python3.7/site-packages/airflow/example_dags/example_task_group_decorator.py took 0.082 seconds
[2023-05-08T20:36:43.941+0000] {processor.py:156} INFO - Started process (PID=120) to work on /home/airflow/.local/lib/python3.7/site-packages/airflow/example_dags/example_task_group_decorator.py
[2023-05-08T20:36:43.942+0000] {processor.py:799} INFO - Processing file /home/airflow/.local/lib/python3.7/site-packages/airflow/example_dags/example_task_group_decorator.py for tasks to queue
[2023-05-08T20:36:43.943+0000] {logging_mixin.py:149} INFO - [2023-05-08T20:36:43.943+0000] {dagbag.py:541} INFO - Filling up the DagBag from /home/airflow/.local/lib/python3.7/site-packages/airflow/example_dags/example_task_group_decorator.py
[2023-05-08T20:36:43.951+0000] {processor.py:809} INFO - DAG(s) dict_keys(['example_task_group_decorator']) retrieved from /home/airflow/.local/lib/python3.7/site-packages/airflow/example_dags/example_task_group_decorator.py
[2023-05-08T20:36:43.978+0000] {logging_mixin.py:149} INFO - [2023-05-08T20:36:43.978+0000] {dag.py:2726} INFO - Sync 1 DAGs
[2023-05-08T20:36:43.998+0000] {logging_mixin.py:149} INFO - [2023-05-08T20:36:43.997+0000] {dag.py:3490} INFO - Setting next_dagrun for example_task_group_decorator to 2023-05-07T20:36:43.997787+00:00, run_after=2023-05-08T20:36:43.997787+00:00
[2023-05-08T20:36:44.012+0000] {processor.py:178} INFO - Processing /home/airflow/.local/lib/python3.7/site-packages/airflow/example_dags/example_task_group_decorator.py took 0.073 seconds
[2023-05-08T20:37:14.166+0000] {processor.py:156} INFO - Started process (PID=176) to work on /home/airflow/.local/lib/python3.7/site-packages/airflow/example_dags/example_task_group_decorator.py
[2023-05-08T20:37:14.167+0000] {processor.py:799} INFO - Processing file /home/airflow/.local/lib/python3.7/site-packages/airflow/example_dags/example_task_group_decorator.py for tasks to queue
[2023-05-08T20:37:14.168+0000] {logging_mixin.py:149} INFO - [2023-05-08T20:37:14.168+0000] {dagbag.py:541} INFO - Filling up the DagBag from /home/airflow/.local/lib/python3.7/site-packages/airflow/example_dags/example_task_group_decorator.py
[2023-05-08T20:37:14.180+0000] {processor.py:809} INFO - DAG(s) dict_keys(['example_task_group_decorator']) retrieved from /home/airflow/.local/lib/python3.7/site-packages/airflow/example_dags/example_task_group_decorator.py
[2023-05-08T20:37:14.206+0000] {logging_mixin.py:149} INFO - [2023-05-08T20:37:14.206+0000] {dag.py:2726} INFO - Sync 1 DAGs
[2023-05-08T20:37:14.227+0000] {logging_mixin.py:149} INFO - [2023-05-08T20:37:14.227+0000] {dag.py:3490} INFO - Setting next_dagrun for example_task_group_decorator to 2023-05-07T20:37:14.227437+00:00, run_after=2023-05-08T20:37:14.227437+00:00
[2023-05-08T20:37:14.242+0000] {processor.py:178} INFO - Processing /home/airflow/.local/lib/python3.7/site-packages/airflow/example_dags/example_task_group_decorator.py took 0.079 seconds
[2023-05-08T20:37:44.964+0000] {processor.py:156} INFO - Started process (PID=232) to work on /home/airflow/.local/lib/python3.7/site-packages/airflow/example_dags/example_task_group_decorator.py
[2023-05-08T20:37:44.966+0000] {processor.py:799} INFO - Processing file /home/airflow/.local/lib/python3.7/site-packages/airflow/example_dags/example_task_group_decorator.py for tasks to queue
[2023-05-08T20:37:44.967+0000] {logging_mixin.py:149} INFO - [2023-05-08T20:37:44.966+0000] {dagbag.py:541} INFO - Filling up the DagBag from /home/airflow/.local/lib/python3.7/site-packages/airflow/example_dags/example_task_group_decorator.py
[2023-05-08T20:37:44.976+0000] {processor.py:809} INFO - DAG(s) dict_keys(['example_task_group_decorator']) retrieved from /home/airflow/.local/lib/python3.7/site-packages/airflow/example_dags/example_task_group_decorator.py
[2023-05-08T20:37:45.005+0000] {logging_mixin.py:149} INFO - [2023-05-08T20:37:45.005+0000] {dag.py:2726} INFO - Sync 1 DAGs
[2023-05-08T20:37:45.026+0000] {logging_mixin.py:149} INFO - [2023-05-08T20:37:45.026+0000] {dag.py:3490} INFO - Setting next_dagrun for example_task_group_decorator to 2023-05-07T20:37:45.026352+00:00, run_after=2023-05-08T20:37:45.026352+00:00
[2023-05-08T20:37:45.042+0000] {processor.py:178} INFO - Processing /home/airflow/.local/lib/python3.7/site-packages/airflow/example_dags/example_task_group_decorator.py took 0.081 seconds
[2023-05-08T20:38:15.743+0000] {processor.py:156} INFO - Started process (PID=289) to work on /home/airflow/.local/lib/python3.7/site-packages/airflow/example_dags/example_task_group_decorator.py
[2023-05-08T20:38:15.744+0000] {processor.py:799} INFO - Processing file /home/airflow/.local/lib/python3.7/site-packages/airflow/example_dags/example_task_group_decorator.py for tasks to queue
[2023-05-08T20:38:15.745+0000] {logging_mixin.py:149} INFO - [2023-05-08T20:38:15.745+0000] {dagbag.py:541} INFO - Filling up the DagBag from /home/airflow/.local/lib/python3.7/site-packages/airflow/example_dags/example_task_group_decorator.py
[2023-05-08T20:38:15.754+0000] {processor.py:809} INFO - DAG(s) dict_keys(['example_task_group_decorator']) retrieved from /home/airflow/.local/lib/python3.7/site-packages/airflow/example_dags/example_task_group_decorator.py
[2023-05-08T20:38:15.781+0000] {logging_mixin.py:149} INFO - [2023-05-08T20:38:15.781+0000] {dag.py:2726} INFO - Sync 1 DAGs
[2023-05-08T20:38:15.802+0000] {logging_mixin.py:149} INFO - [2023-05-08T20:38:15.802+0000] {dag.py:3490} INFO - Setting next_dagrun for example_task_group_decorator to 2023-05-07T20:38:15.801941+00:00, run_after=2023-05-08T20:38:15.801941+00:00
[2023-05-08T20:38:15.815+0000] {processor.py:178} INFO - Processing /home/airflow/.local/lib/python3.7/site-packages/airflow/example_dags/example_task_group_decorator.py took 0.074 seconds
[2023-05-08T20:38:46.297+0000] {processor.py:156} INFO - Started process (PID=345) to work on /home/airflow/.local/lib/python3.7/site-packages/airflow/example_dags/example_task_group_decorator.py
[2023-05-08T20:38:46.298+0000] {processor.py:799} INFO - Processing file /home/airflow/.local/lib/python3.7/site-packages/airflow/example_dags/example_task_group_decorator.py for tasks to queue
[2023-05-08T20:38:46.298+0000] {logging_mixin.py:149} INFO - [2023-05-08T20:38:46.298+0000] {dagbag.py:541} INFO - Filling up the DagBag from /home/airflow/.local/lib/python3.7/site-packages/airflow/example_dags/example_task_group_decorator.py
[2023-05-08T20:38:46.307+0000] {processor.py:809} INFO - DAG(s) dict_keys(['example_task_group_decorator']) retrieved from /home/airflow/.local/lib/python3.7/site-packages/airflow/example_dags/example_task_group_decorator.py
[2023-05-08T20:38:46.330+0000] {logging_mixin.py:149} INFO - [2023-05-08T20:38:46.330+0000] {dag.py:2726} INFO - Sync 1 DAGs
[2023-05-08T20:38:46.358+0000] {logging_mixin.py:149} INFO - [2023-05-08T20:38:46.358+0000] {dag.py:3490} INFO - Setting next_dagrun for example_task_group_decorator to 2023-05-07T20:38:46.358616+00:00, run_after=2023-05-08T20:38:46.358616+00:00
[2023-05-08T20:38:46.371+0000] {processor.py:178} INFO - Processing /home/airflow/.local/lib/python3.7/site-packages/airflow/example_dags/example_task_group_decorator.py took 0.077 seconds
[2023-05-08T20:39:16.956+0000] {processor.py:156} INFO - Started process (PID=401) to work on /home/airflow/.local/lib/python3.7/site-packages/airflow/example_dags/example_task_group_decorator.py
[2023-05-08T20:39:16.957+0000] {processor.py:799} INFO - Processing file /home/airflow/.local/lib/python3.7/site-packages/airflow/example_dags/example_task_group_decorator.py for tasks to queue
[2023-05-08T20:39:16.957+0000] {logging_mixin.py:149} INFO - [2023-05-08T20:39:16.957+0000] {dagbag.py:541} INFO - Filling up the DagBag from /home/airflow/.local/lib/python3.7/site-packages/airflow/example_dags/example_task_group_decorator.py
[2023-05-08T20:39:16.966+0000] {processor.py:809} INFO - DAG(s) dict_keys(['example_task_group_decorator']) retrieved from /home/airflow/.local/lib/python3.7/site-packages/airflow/example_dags/example_task_group_decorator.py
[2023-05-08T20:39:16.992+0000] {logging_mixin.py:149} INFO - [2023-05-08T20:39:16.992+0000] {dag.py:2726} INFO - Sync 1 DAGs
[2023-05-08T20:39:17.012+0000] {logging_mixin.py:149} INFO - [2023-05-08T20:39:17.012+0000] {dag.py:3490} INFO - Setting next_dagrun for example_task_group_decorator to 2023-05-07T20:39:17.011830+00:00, run_after=2023-05-08T20:39:17.011830+00:00
[2023-05-08T20:39:17.025+0000] {processor.py:178} INFO - Processing /home/airflow/.local/lib/python3.7/site-packages/airflow/example_dags/example_task_group_decorator.py took 0.072 seconds
[2023-05-08T22:15:48.533+0000] {processor.py:156} INFO - Started process (PID=64) to work on /home/airflow/.local/lib/python3.7/site-packages/airflow/example_dags/example_task_group_decorator.py
[2023-05-08T22:15:48.535+0000] {processor.py:799} INFO - Processing file /home/airflow/.local/lib/python3.7/site-packages/airflow/example_dags/example_task_group_decorator.py for tasks to queue
[2023-05-08T22:15:48.536+0000] {logging_mixin.py:149} INFO - [2023-05-08T22:15:48.536+0000] {dagbag.py:541} INFO - Filling up the DagBag from /home/airflow/.local/lib/python3.7/site-packages/airflow/example_dags/example_task_group_decorator.py
[2023-05-08T22:15:48.556+0000] {processor.py:809} INFO - DAG(s) dict_keys(['example_task_group_decorator']) retrieved from /home/airflow/.local/lib/python3.7/site-packages/airflow/example_dags/example_task_group_decorator.py
[2023-05-08T22:15:48.588+0000] {logging_mixin.py:149} INFO - [2023-05-08T22:15:48.588+0000] {dag.py:2726} INFO - Sync 1 DAGs
[2023-05-08T22:15:48.624+0000] {logging_mixin.py:149} INFO - [2023-05-08T22:15:48.624+0000] {dag.py:3490} INFO - Setting next_dagrun for example_task_group_decorator to 2023-05-07T22:15:48.624373+00:00, run_after=2023-05-08T22:15:48.624373+00:00
[2023-05-08T22:15:48.666+0000] {processor.py:178} INFO - Processing /home/airflow/.local/lib/python3.7/site-packages/airflow/example_dags/example_task_group_decorator.py took 0.138 seconds
[2023-05-08T22:16:19.180+0000] {processor.py:156} INFO - Started process (PID=121) to work on /home/airflow/.local/lib/python3.7/site-packages/airflow/example_dags/example_task_group_decorator.py
[2023-05-08T22:16:19.182+0000] {processor.py:799} INFO - Processing file /home/airflow/.local/lib/python3.7/site-packages/airflow/example_dags/example_task_group_decorator.py for tasks to queue
[2023-05-08T22:16:19.184+0000] {logging_mixin.py:149} INFO - [2023-05-08T22:16:19.184+0000] {dagbag.py:541} INFO - Filling up the DagBag from /home/airflow/.local/lib/python3.7/site-packages/airflow/example_dags/example_task_group_decorator.py
[2023-05-08T22:16:19.200+0000] {processor.py:809} INFO - DAG(s) dict_keys(['example_task_group_decorator']) retrieved from /home/airflow/.local/lib/python3.7/site-packages/airflow/example_dags/example_task_group_decorator.py
[2023-05-08T22:16:19.297+0000] {logging_mixin.py:149} INFO - [2023-05-08T22:16:19.297+0000] {dag.py:2726} INFO - Sync 1 DAGs
[2023-05-08T22:16:19.325+0000] {logging_mixin.py:149} INFO - [2023-05-08T22:16:19.325+0000] {dag.py:3490} INFO - Setting next_dagrun for example_task_group_decorator to 2023-05-07T22:16:19.325501+00:00, run_after=2023-05-08T22:16:19.325501+00:00
[2023-05-08T22:16:19.343+0000] {processor.py:178} INFO - Processing /home/airflow/.local/lib/python3.7/site-packages/airflow/example_dags/example_task_group_decorator.py took 0.165 seconds
[2023-05-08T22:16:50.261+0000] {processor.py:156} INFO - Started process (PID=178) to work on /home/airflow/.local/lib/python3.7/site-packages/airflow/example_dags/example_task_group_decorator.py
[2023-05-08T22:16:50.263+0000] {processor.py:799} INFO - Processing file /home/airflow/.local/lib/python3.7/site-packages/airflow/example_dags/example_task_group_decorator.py for tasks to queue
[2023-05-08T22:16:50.264+0000] {logging_mixin.py:149} INFO - [2023-05-08T22:16:50.264+0000] {dagbag.py:541} INFO - Filling up the DagBag from /home/airflow/.local/lib/python3.7/site-packages/airflow/example_dags/example_task_group_decorator.py
[2023-05-08T22:16:50.276+0000] {processor.py:809} INFO - DAG(s) dict_keys(['example_task_group_decorator']) retrieved from /home/airflow/.local/lib/python3.7/site-packages/airflow/example_dags/example_task_group_decorator.py
[2023-05-08T22:16:50.302+0000] {logging_mixin.py:149} INFO - [2023-05-08T22:16:50.302+0000] {dag.py:2726} INFO - Sync 1 DAGs
[2023-05-08T22:16:50.322+0000] {logging_mixin.py:149} INFO - [2023-05-08T22:16:50.322+0000] {dag.py:3490} INFO - Setting next_dagrun for example_task_group_decorator to 2023-05-07T22:16:50.322063+00:00, run_after=2023-05-08T22:16:50.322063+00:00
[2023-05-08T22:16:50.335+0000] {processor.py:178} INFO - Processing /home/airflow/.local/lib/python3.7/site-packages/airflow/example_dags/example_task_group_decorator.py took 0.079 seconds
[2023-05-08T22:17:21.159+0000] {processor.py:156} INFO - Started process (PID=235) to work on /home/airflow/.local/lib/python3.7/site-packages/airflow/example_dags/example_task_group_decorator.py
[2023-05-08T22:17:21.162+0000] {processor.py:799} INFO - Processing file /home/airflow/.local/lib/python3.7/site-packages/airflow/example_dags/example_task_group_decorator.py for tasks to queue
[2023-05-08T22:17:21.163+0000] {logging_mixin.py:149} INFO - [2023-05-08T22:17:21.163+0000] {dagbag.py:541} INFO - Filling up the DagBag from /home/airflow/.local/lib/python3.7/site-packages/airflow/example_dags/example_task_group_decorator.py
[2023-05-08T22:17:21.180+0000] {processor.py:809} INFO - DAG(s) dict_keys(['example_task_group_decorator']) retrieved from /home/airflow/.local/lib/python3.7/site-packages/airflow/example_dags/example_task_group_decorator.py
[2023-05-08T22:17:21.214+0000] {logging_mixin.py:149} INFO - [2023-05-08T22:17:21.214+0000] {dag.py:2726} INFO - Sync 1 DAGs
[2023-05-08T22:17:21.244+0000] {logging_mixin.py:149} INFO - [2023-05-08T22:17:21.244+0000] {dag.py:3490} INFO - Setting next_dagrun for example_task_group_decorator to 2023-05-07T22:17:21.244601+00:00, run_after=2023-05-08T22:17:21.244601+00:00
[2023-05-08T22:17:21.261+0000] {processor.py:178} INFO - Processing /home/airflow/.local/lib/python3.7/site-packages/airflow/example_dags/example_task_group_decorator.py took 0.108 seconds
[2023-05-08T22:17:52.061+0000] {processor.py:156} INFO - Started process (PID=292) to work on /home/airflow/.local/lib/python3.7/site-packages/airflow/example_dags/example_task_group_decorator.py
[2023-05-08T22:17:52.064+0000] {processor.py:799} INFO - Processing file /home/airflow/.local/lib/python3.7/site-packages/airflow/example_dags/example_task_group_decorator.py for tasks to queue
[2023-05-08T22:17:52.065+0000] {logging_mixin.py:149} INFO - [2023-05-08T22:17:52.065+0000] {dagbag.py:541} INFO - Filling up the DagBag from /home/airflow/.local/lib/python3.7/site-packages/airflow/example_dags/example_task_group_decorator.py
[2023-05-08T22:17:52.083+0000] {processor.py:809} INFO - DAG(s) dict_keys(['example_task_group_decorator']) retrieved from /home/airflow/.local/lib/python3.7/site-packages/airflow/example_dags/example_task_group_decorator.py
[2023-05-08T22:17:52.115+0000] {logging_mixin.py:149} INFO - [2023-05-08T22:17:52.115+0000] {dag.py:2726} INFO - Sync 1 DAGs
[2023-05-08T22:17:52.135+0000] {logging_mixin.py:149} INFO - [2023-05-08T22:17:52.134+0000] {dag.py:3490} INFO - Setting next_dagrun for example_task_group_decorator to 2023-05-07T22:17:52.134747+00:00, run_after=2023-05-08T22:17:52.134747+00:00
[2023-05-08T22:17:52.149+0000] {processor.py:178} INFO - Processing /home/airflow/.local/lib/python3.7/site-packages/airflow/example_dags/example_task_group_decorator.py took 0.095 seconds
[2023-05-08T22:18:22.947+0000] {processor.py:156} INFO - Started process (PID=349) to work on /home/airflow/.local/lib/python3.7/site-packages/airflow/example_dags/example_task_group_decorator.py
[2023-05-08T22:18:22.949+0000] {processor.py:799} INFO - Processing file /home/airflow/.local/lib/python3.7/site-packages/airflow/example_dags/example_task_group_decorator.py for tasks to queue
[2023-05-08T22:18:22.950+0000] {logging_mixin.py:149} INFO - [2023-05-08T22:18:22.949+0000] {dagbag.py:541} INFO - Filling up the DagBag from /home/airflow/.local/lib/python3.7/site-packages/airflow/example_dags/example_task_group_decorator.py
[2023-05-08T22:18:22.969+0000] {processor.py:809} INFO - DAG(s) dict_keys(['example_task_group_decorator']) retrieved from /home/airflow/.local/lib/python3.7/site-packages/airflow/example_dags/example_task_group_decorator.py
[2023-05-08T22:18:23.016+0000] {logging_mixin.py:149} INFO - [2023-05-08T22:18:23.016+0000] {dag.py:2726} INFO - Sync 1 DAGs
[2023-05-08T22:18:23.044+0000] {logging_mixin.py:149} INFO - [2023-05-08T22:18:23.044+0000] {dag.py:3490} INFO - Setting next_dagrun for example_task_group_decorator to 2023-05-07T22:18:23.043616+00:00, run_after=2023-05-08T22:18:23.043616+00:00
[2023-05-08T22:18:23.063+0000] {processor.py:178} INFO - Processing /home/airflow/.local/lib/python3.7/site-packages/airflow/example_dags/example_task_group_decorator.py took 0.124 seconds
[2023-05-08T22:18:54.043+0000] {processor.py:156} INFO - Started process (PID=406) to work on /home/airflow/.local/lib/python3.7/site-packages/airflow/example_dags/example_task_group_decorator.py
[2023-05-08T22:18:54.045+0000] {processor.py:799} INFO - Processing file /home/airflow/.local/lib/python3.7/site-packages/airflow/example_dags/example_task_group_decorator.py for tasks to queue
[2023-05-08T22:18:54.046+0000] {logging_mixin.py:149} INFO - [2023-05-08T22:18:54.046+0000] {dagbag.py:541} INFO - Filling up the DagBag from /home/airflow/.local/lib/python3.7/site-packages/airflow/example_dags/example_task_group_decorator.py
[2023-05-08T22:18:54.062+0000] {processor.py:809} INFO - DAG(s) dict_keys(['example_task_group_decorator']) retrieved from /home/airflow/.local/lib/python3.7/site-packages/airflow/example_dags/example_task_group_decorator.py
[2023-05-08T22:18:54.094+0000] {logging_mixin.py:149} INFO - [2023-05-08T22:18:54.094+0000] {dag.py:2726} INFO - Sync 1 DAGs
[2023-05-08T22:18:54.115+0000] {logging_mixin.py:149} INFO - [2023-05-08T22:18:54.115+0000] {dag.py:3490} INFO - Setting next_dagrun for example_task_group_decorator to 2023-05-07T22:18:54.115144+00:00, run_after=2023-05-08T22:18:54.115144+00:00
[2023-05-08T22:18:54.129+0000] {processor.py:178} INFO - Processing /home/airflow/.local/lib/python3.7/site-packages/airflow/example_dags/example_task_group_decorator.py took 0.092 seconds
[2023-05-08T22:19:24.798+0000] {processor.py:156} INFO - Started process (PID=463) to work on /home/airflow/.local/lib/python3.7/site-packages/airflow/example_dags/example_task_group_decorator.py
[2023-05-08T22:19:24.800+0000] {processor.py:799} INFO - Processing file /home/airflow/.local/lib/python3.7/site-packages/airflow/example_dags/example_task_group_decorator.py for tasks to queue
[2023-05-08T22:19:24.801+0000] {logging_mixin.py:149} INFO - [2023-05-08T22:19:24.801+0000] {dagbag.py:541} INFO - Filling up the DagBag from /home/airflow/.local/lib/python3.7/site-packages/airflow/example_dags/example_task_group_decorator.py
[2023-05-08T22:19:24.815+0000] {processor.py:809} INFO - DAG(s) dict_keys(['example_task_group_decorator']) retrieved from /home/airflow/.local/lib/python3.7/site-packages/airflow/example_dags/example_task_group_decorator.py
[2023-05-08T22:19:24.843+0000] {logging_mixin.py:149} INFO - [2023-05-08T22:19:24.843+0000] {dag.py:2726} INFO - Sync 1 DAGs
[2023-05-08T22:19:24.861+0000] {logging_mixin.py:149} INFO - [2023-05-08T22:19:24.861+0000] {dag.py:3490} INFO - Setting next_dagrun for example_task_group_decorator to 2023-05-07T22:19:24.861478+00:00, run_after=2023-05-08T22:19:24.861478+00:00
[2023-05-08T22:19:24.874+0000] {processor.py:178} INFO - Processing /home/airflow/.local/lib/python3.7/site-packages/airflow/example_dags/example_task_group_decorator.py took 0.081 seconds
[2023-05-08T22:19:55.503+0000] {processor.py:156} INFO - Started process (PID=520) to work on /home/airflow/.local/lib/python3.7/site-packages/airflow/example_dags/example_task_group_decorator.py
[2023-05-08T22:19:55.505+0000] {processor.py:799} INFO - Processing file /home/airflow/.local/lib/python3.7/site-packages/airflow/example_dags/example_task_group_decorator.py for tasks to queue
[2023-05-08T22:19:55.506+0000] {logging_mixin.py:149} INFO - [2023-05-08T22:19:55.506+0000] {dagbag.py:541} INFO - Filling up the DagBag from /home/airflow/.local/lib/python3.7/site-packages/airflow/example_dags/example_task_group_decorator.py
[2023-05-08T22:19:55.521+0000] {processor.py:809} INFO - DAG(s) dict_keys(['example_task_group_decorator']) retrieved from /home/airflow/.local/lib/python3.7/site-packages/airflow/example_dags/example_task_group_decorator.py
[2023-05-08T22:19:55.550+0000] {logging_mixin.py:149} INFO - [2023-05-08T22:19:55.549+0000] {dag.py:2726} INFO - Sync 1 DAGs
[2023-05-08T22:19:55.571+0000] {logging_mixin.py:149} INFO - [2023-05-08T22:19:55.571+0000] {dag.py:3490} INFO - Setting next_dagrun for example_task_group_decorator to 2023-05-07T22:19:55.570837+00:00, run_after=2023-05-08T22:19:55.570837+00:00
[2023-05-08T22:19:55.584+0000] {processor.py:178} INFO - Processing /home/airflow/.local/lib/python3.7/site-packages/airflow/example_dags/example_task_group_decorator.py took 0.087 seconds
[2023-05-08T22:20:26.303+0000] {processor.py:156} INFO - Started process (PID=578) to work on /home/airflow/.local/lib/python3.7/site-packages/airflow/example_dags/example_task_group_decorator.py
[2023-05-08T22:20:26.306+0000] {processor.py:799} INFO - Processing file /home/airflow/.local/lib/python3.7/site-packages/airflow/example_dags/example_task_group_decorator.py for tasks to queue
[2023-05-08T22:20:26.307+0000] {logging_mixin.py:149} INFO - [2023-05-08T22:20:26.307+0000] {dagbag.py:541} INFO - Filling up the DagBag from /home/airflow/.local/lib/python3.7/site-packages/airflow/example_dags/example_task_group_decorator.py
[2023-05-08T22:20:26.321+0000] {processor.py:809} INFO - DAG(s) dict_keys(['example_task_group_decorator']) retrieved from /home/airflow/.local/lib/python3.7/site-packages/airflow/example_dags/example_task_group_decorator.py
[2023-05-08T22:20:26.349+0000] {logging_mixin.py:149} INFO - [2023-05-08T22:20:26.349+0000] {dag.py:2726} INFO - Sync 1 DAGs
[2023-05-08T22:20:26.368+0000] {logging_mixin.py:149} INFO - [2023-05-08T22:20:26.368+0000] {dag.py:3490} INFO - Setting next_dagrun for example_task_group_decorator to 2023-05-07T22:20:26.368256+00:00, run_after=2023-05-08T22:20:26.368256+00:00
[2023-05-08T22:20:26.381+0000] {processor.py:178} INFO - Processing /home/airflow/.local/lib/python3.7/site-packages/airflow/example_dags/example_task_group_decorator.py took 0.084 seconds
[2023-05-08T22:20:57.094+0000] {processor.py:156} INFO - Started process (PID=635) to work on /home/airflow/.local/lib/python3.7/site-packages/airflow/example_dags/example_task_group_decorator.py
[2023-05-08T22:20:57.097+0000] {processor.py:799} INFO - Processing file /home/airflow/.local/lib/python3.7/site-packages/airflow/example_dags/example_task_group_decorator.py for tasks to queue
[2023-05-08T22:20:57.099+0000] {logging_mixin.py:149} INFO - [2023-05-08T22:20:57.098+0000] {dagbag.py:541} INFO - Filling up the DagBag from /home/airflow/.local/lib/python3.7/site-packages/airflow/example_dags/example_task_group_decorator.py
[2023-05-08T22:20:57.116+0000] {processor.py:809} INFO - DAG(s) dict_keys(['example_task_group_decorator']) retrieved from /home/airflow/.local/lib/python3.7/site-packages/airflow/example_dags/example_task_group_decorator.py
[2023-05-08T22:20:57.146+0000] {logging_mixin.py:149} INFO - [2023-05-08T22:20:57.146+0000] {dag.py:2726} INFO - Sync 1 DAGs
[2023-05-08T22:20:57.174+0000] {logging_mixin.py:149} INFO - [2023-05-08T22:20:57.174+0000] {dag.py:3490} INFO - Setting next_dagrun for example_task_group_decorator to 2023-05-07T22:20:57.174117+00:00, run_after=2023-05-08T22:20:57.174117+00:00
[2023-05-08T22:20:57.200+0000] {processor.py:178} INFO - Processing /home/airflow/.local/lib/python3.7/site-packages/airflow/example_dags/example_task_group_decorator.py took 0.112 seconds
[2023-05-08T22:21:27.908+0000] {processor.py:156} INFO - Started process (PID=692) to work on /home/airflow/.local/lib/python3.7/site-packages/airflow/example_dags/example_task_group_decorator.py
[2023-05-08T22:21:27.910+0000] {processor.py:799} INFO - Processing file /home/airflow/.local/lib/python3.7/site-packages/airflow/example_dags/example_task_group_decorator.py for tasks to queue
[2023-05-08T22:21:27.911+0000] {logging_mixin.py:149} INFO - [2023-05-08T22:21:27.911+0000] {dagbag.py:541} INFO - Filling up the DagBag from /home/airflow/.local/lib/python3.7/site-packages/airflow/example_dags/example_task_group_decorator.py
[2023-05-08T22:21:27.923+0000] {processor.py:809} INFO - DAG(s) dict_keys(['example_task_group_decorator']) retrieved from /home/airflow/.local/lib/python3.7/site-packages/airflow/example_dags/example_task_group_decorator.py
[2023-05-08T22:21:27.950+0000] {logging_mixin.py:149} INFO - [2023-05-08T22:21:27.950+0000] {dag.py:2726} INFO - Sync 1 DAGs
[2023-05-08T22:21:27.970+0000] {logging_mixin.py:149} INFO - [2023-05-08T22:21:27.970+0000] {dag.py:3490} INFO - Setting next_dagrun for example_task_group_decorator to 2023-05-07T22:21:27.970694+00:00, run_after=2023-05-08T22:21:27.970694+00:00
[2023-05-08T22:21:27.984+0000] {processor.py:178} INFO - Processing /home/airflow/.local/lib/python3.7/site-packages/airflow/example_dags/example_task_group_decorator.py took 0.080 seconds
[2023-05-08T22:22:09.613+0000] {processor.py:156} INFO - Started process (PID=65) to work on /home/airflow/.local/lib/python3.7/site-packages/airflow/example_dags/example_task_group_decorator.py
[2023-05-08T22:22:09.615+0000] {processor.py:799} INFO - Processing file /home/airflow/.local/lib/python3.7/site-packages/airflow/example_dags/example_task_group_decorator.py for tasks to queue
[2023-05-08T22:22:09.616+0000] {logging_mixin.py:149} INFO - [2023-05-08T22:22:09.616+0000] {dagbag.py:541} INFO - Filling up the DagBag from /home/airflow/.local/lib/python3.7/site-packages/airflow/example_dags/example_task_group_decorator.py
[2023-05-08T22:22:09.633+0000] {processor.py:809} INFO - DAG(s) dict_keys(['example_task_group_decorator']) retrieved from /home/airflow/.local/lib/python3.7/site-packages/airflow/example_dags/example_task_group_decorator.py
[2023-05-08T22:22:09.674+0000] {logging_mixin.py:149} INFO - [2023-05-08T22:22:09.674+0000] {dag.py:2726} INFO - Sync 1 DAGs
[2023-05-08T22:22:09.750+0000] {logging_mixin.py:149} INFO - [2023-05-08T22:22:09.750+0000] {dag.py:3490} INFO - Setting next_dagrun for example_task_group_decorator to 2023-05-07T22:22:09.749666+00:00, run_after=2023-05-08T22:22:09.749666+00:00
[2023-05-08T22:22:09.856+0000] {processor.py:178} INFO - Processing /home/airflow/.local/lib/python3.7/site-packages/airflow/example_dags/example_task_group_decorator.py took 0.248 seconds
[2023-05-08T22:22:40.728+0000] {processor.py:156} INFO - Started process (PID=122) to work on /home/airflow/.local/lib/python3.7/site-packages/airflow/example_dags/example_task_group_decorator.py
[2023-05-08T22:22:40.729+0000] {processor.py:799} INFO - Processing file /home/airflow/.local/lib/python3.7/site-packages/airflow/example_dags/example_task_group_decorator.py for tasks to queue
[2023-05-08T22:22:40.731+0000] {logging_mixin.py:149} INFO - [2023-05-08T22:22:40.731+0000] {dagbag.py:541} INFO - Filling up the DagBag from /home/airflow/.local/lib/python3.7/site-packages/airflow/example_dags/example_task_group_decorator.py
[2023-05-08T22:22:40.743+0000] {processor.py:809} INFO - DAG(s) dict_keys(['example_task_group_decorator']) retrieved from /home/airflow/.local/lib/python3.7/site-packages/airflow/example_dags/example_task_group_decorator.py
[2023-05-08T22:22:40.767+0000] {logging_mixin.py:149} INFO - [2023-05-08T22:22:40.767+0000] {dag.py:2726} INFO - Sync 1 DAGs
[2023-05-08T22:22:40.787+0000] {logging_mixin.py:149} INFO - [2023-05-08T22:22:40.787+0000] {dag.py:3490} INFO - Setting next_dagrun for example_task_group_decorator to 2023-05-07T22:22:40.787062+00:00, run_after=2023-05-08T22:22:40.787062+00:00
[2023-05-08T22:22:40.801+0000] {processor.py:178} INFO - Processing /home/airflow/.local/lib/python3.7/site-packages/airflow/example_dags/example_task_group_decorator.py took 0.076 seconds
[2023-05-08T22:23:10.990+0000] {processor.py:156} INFO - Started process (PID=179) to work on /home/airflow/.local/lib/python3.7/site-packages/airflow/example_dags/example_task_group_decorator.py
[2023-05-08T22:23:10.991+0000] {processor.py:799} INFO - Processing file /home/airflow/.local/lib/python3.7/site-packages/airflow/example_dags/example_task_group_decorator.py for tasks to queue
[2023-05-08T22:23:10.992+0000] {logging_mixin.py:149} INFO - [2023-05-08T22:23:10.992+0000] {dagbag.py:541} INFO - Filling up the DagBag from /home/airflow/.local/lib/python3.7/site-packages/airflow/example_dags/example_task_group_decorator.py
[2023-05-08T22:23:11.005+0000] {processor.py:809} INFO - DAG(s) dict_keys(['example_task_group_decorator']) retrieved from /home/airflow/.local/lib/python3.7/site-packages/airflow/example_dags/example_task_group_decorator.py
[2023-05-08T22:23:11.030+0000] {logging_mixin.py:149} INFO - [2023-05-08T22:23:11.030+0000] {dag.py:2726} INFO - Sync 1 DAGs
[2023-05-08T22:23:11.049+0000] {logging_mixin.py:149} INFO - [2023-05-08T22:23:11.048+0000] {dag.py:3490} INFO - Setting next_dagrun for example_task_group_decorator to 2023-05-07T22:23:11.048751+00:00, run_after=2023-05-08T22:23:11.048751+00:00
[2023-05-08T22:23:11.062+0000] {processor.py:178} INFO - Processing /home/airflow/.local/lib/python3.7/site-packages/airflow/example_dags/example_task_group_decorator.py took 0.076 seconds
[2023-05-08T22:23:41.712+0000] {processor.py:156} INFO - Started process (PID=236) to work on /home/airflow/.local/lib/python3.7/site-packages/airflow/example_dags/example_task_group_decorator.py
[2023-05-08T22:23:41.713+0000] {processor.py:799} INFO - Processing file /home/airflow/.local/lib/python3.7/site-packages/airflow/example_dags/example_task_group_decorator.py for tasks to queue
[2023-05-08T22:23:41.714+0000] {logging_mixin.py:149} INFO - [2023-05-08T22:23:41.714+0000] {dagbag.py:541} INFO - Filling up the DagBag from /home/airflow/.local/lib/python3.7/site-packages/airflow/example_dags/example_task_group_decorator.py
[2023-05-08T22:23:41.729+0000] {processor.py:809} INFO - DAG(s) dict_keys(['example_task_group_decorator']) retrieved from /home/airflow/.local/lib/python3.7/site-packages/airflow/example_dags/example_task_group_decorator.py
[2023-05-08T22:23:41.753+0000] {logging_mixin.py:149} INFO - [2023-05-08T22:23:41.753+0000] {dag.py:2726} INFO - Sync 1 DAGs
[2023-05-08T22:23:41.772+0000] {logging_mixin.py:149} INFO - [2023-05-08T22:23:41.772+0000] {dag.py:3490} INFO - Setting next_dagrun for example_task_group_decorator to 2023-05-07T22:23:41.772096+00:00, run_after=2023-05-08T22:23:41.772096+00:00
[2023-05-08T22:23:41.785+0000] {processor.py:178} INFO - Processing /home/airflow/.local/lib/python3.7/site-packages/airflow/example_dags/example_task_group_decorator.py took 0.078 seconds
[2023-05-08T22:24:12.558+0000] {processor.py:156} INFO - Started process (PID=293) to work on /home/airflow/.local/lib/python3.7/site-packages/airflow/example_dags/example_task_group_decorator.py
[2023-05-08T22:24:12.561+0000] {processor.py:799} INFO - Processing file /home/airflow/.local/lib/python3.7/site-packages/airflow/example_dags/example_task_group_decorator.py for tasks to queue
[2023-05-08T22:24:12.562+0000] {logging_mixin.py:149} INFO - [2023-05-08T22:24:12.562+0000] {dagbag.py:541} INFO - Filling up the DagBag from /home/airflow/.local/lib/python3.7/site-packages/airflow/example_dags/example_task_group_decorator.py
[2023-05-08T22:24:12.574+0000] {processor.py:809} INFO - DAG(s) dict_keys(['example_task_group_decorator']) retrieved from /home/airflow/.local/lib/python3.7/site-packages/airflow/example_dags/example_task_group_decorator.py
[2023-05-08T22:24:12.598+0000] {logging_mixin.py:149} INFO - [2023-05-08T22:24:12.598+0000] {dag.py:2726} INFO - Sync 1 DAGs
[2023-05-08T22:24:12.618+0000] {logging_mixin.py:149} INFO - [2023-05-08T22:24:12.618+0000] {dag.py:3490} INFO - Setting next_dagrun for example_task_group_decorator to 2023-05-07T22:24:12.618537+00:00, run_after=2023-05-08T22:24:12.618537+00:00
[2023-05-08T22:24:12.632+0000] {processor.py:178} INFO - Processing /home/airflow/.local/lib/python3.7/site-packages/airflow/example_dags/example_task_group_decorator.py took 0.078 seconds
[2023-05-08T22:24:43.323+0000] {processor.py:156} INFO - Started process (PID=350) to work on /home/airflow/.local/lib/python3.7/site-packages/airflow/example_dags/example_task_group_decorator.py
[2023-05-08T22:24:43.324+0000] {processor.py:799} INFO - Processing file /home/airflow/.local/lib/python3.7/site-packages/airflow/example_dags/example_task_group_decorator.py for tasks to queue
[2023-05-08T22:24:43.324+0000] {logging_mixin.py:149} INFO - [2023-05-08T22:24:43.324+0000] {dagbag.py:541} INFO - Filling up the DagBag from /home/airflow/.local/lib/python3.7/site-packages/airflow/example_dags/example_task_group_decorator.py
[2023-05-08T22:24:43.334+0000] {processor.py:809} INFO - DAG(s) dict_keys(['example_task_group_decorator']) retrieved from /home/airflow/.local/lib/python3.7/site-packages/airflow/example_dags/example_task_group_decorator.py
[2023-05-08T22:24:43.357+0000] {logging_mixin.py:149} INFO - [2023-05-08T22:24:43.357+0000] {dag.py:2726} INFO - Sync 1 DAGs
[2023-05-08T22:24:43.377+0000] {logging_mixin.py:149} INFO - [2023-05-08T22:24:43.377+0000] {dag.py:3490} INFO - Setting next_dagrun for example_task_group_decorator to 2023-05-07T22:24:43.376998+00:00, run_after=2023-05-08T22:24:43.376998+00:00
[2023-05-08T22:24:43.390+0000] {processor.py:178} INFO - Processing /home/airflow/.local/lib/python3.7/site-packages/airflow/example_dags/example_task_group_decorator.py took 0.069 seconds
[2023-05-08T22:25:14.001+0000] {processor.py:156} INFO - Started process (PID=407) to work on /home/airflow/.local/lib/python3.7/site-packages/airflow/example_dags/example_task_group_decorator.py
[2023-05-08T22:25:14.002+0000] {processor.py:799} INFO - Processing file /home/airflow/.local/lib/python3.7/site-packages/airflow/example_dags/example_task_group_decorator.py for tasks to queue
[2023-05-08T22:25:14.004+0000] {logging_mixin.py:149} INFO - [2023-05-08T22:25:14.004+0000] {dagbag.py:541} INFO - Filling up the DagBag from /home/airflow/.local/lib/python3.7/site-packages/airflow/example_dags/example_task_group_decorator.py
[2023-05-08T22:25:14.022+0000] {processor.py:809} INFO - DAG(s) dict_keys(['example_task_group_decorator']) retrieved from /home/airflow/.local/lib/python3.7/site-packages/airflow/example_dags/example_task_group_decorator.py
[2023-05-08T22:25:14.050+0000] {logging_mixin.py:149} INFO - [2023-05-08T22:25:14.050+0000] {dag.py:2726} INFO - Sync 1 DAGs
[2023-05-08T22:25:14.072+0000] {logging_mixin.py:149} INFO - [2023-05-08T22:25:14.071+0000] {dag.py:3490} INFO - Setting next_dagrun for example_task_group_decorator to 2023-05-07T22:25:14.071621+00:00, run_after=2023-05-08T22:25:14.071621+00:00
[2023-05-08T22:25:14.090+0000] {processor.py:178} INFO - Processing /home/airflow/.local/lib/python3.7/site-packages/airflow/example_dags/example_task_group_decorator.py took 0.095 seconds
[2023-05-08T22:26:00.610+0000] {processor.py:156} INFO - Started process (PID=65) to work on /home/airflow/.local/lib/python3.7/site-packages/airflow/example_dags/example_task_group_decorator.py
[2023-05-08T22:26:00.612+0000] {processor.py:799} INFO - Processing file /home/airflow/.local/lib/python3.7/site-packages/airflow/example_dags/example_task_group_decorator.py for tasks to queue
[2023-05-08T22:26:00.613+0000] {logging_mixin.py:149} INFO - [2023-05-08T22:26:00.613+0000] {dagbag.py:541} INFO - Filling up the DagBag from /home/airflow/.local/lib/python3.7/site-packages/airflow/example_dags/example_task_group_decorator.py
[2023-05-08T22:26:00.628+0000] {processor.py:809} INFO - DAG(s) dict_keys(['example_task_group_decorator']) retrieved from /home/airflow/.local/lib/python3.7/site-packages/airflow/example_dags/example_task_group_decorator.py
[2023-05-08T22:26:00.660+0000] {logging_mixin.py:149} INFO - [2023-05-08T22:26:00.660+0000] {dag.py:2726} INFO - Sync 1 DAGs
[2023-05-08T22:26:00.710+0000] {logging_mixin.py:149} INFO - [2023-05-08T22:26:00.710+0000] {dag.py:3490} INFO - Setting next_dagrun for example_task_group_decorator to 2023-05-07T22:26:00.710020+00:00, run_after=2023-05-08T22:26:00.710020+00:00
[2023-05-08T22:26:00.740+0000] {processor.py:178} INFO - Processing /home/airflow/.local/lib/python3.7/site-packages/airflow/example_dags/example_task_group_decorator.py took 0.135 seconds
[2023-05-08T22:26:31.231+0000] {processor.py:156} INFO - Started process (PID=122) to work on /home/airflow/.local/lib/python3.7/site-packages/airflow/example_dags/example_task_group_decorator.py
[2023-05-08T22:26:31.232+0000] {processor.py:799} INFO - Processing file /home/airflow/.local/lib/python3.7/site-packages/airflow/example_dags/example_task_group_decorator.py for tasks to queue
[2023-05-08T22:26:31.233+0000] {logging_mixin.py:149} INFO - [2023-05-08T22:26:31.233+0000] {dagbag.py:541} INFO - Filling up the DagBag from /home/airflow/.local/lib/python3.7/site-packages/airflow/example_dags/example_task_group_decorator.py
[2023-05-08T22:26:31.241+0000] {processor.py:809} INFO - DAG(s) dict_keys(['example_task_group_decorator']) retrieved from /home/airflow/.local/lib/python3.7/site-packages/airflow/example_dags/example_task_group_decorator.py
[2023-05-08T22:26:31.265+0000] {logging_mixin.py:149} INFO - [2023-05-08T22:26:31.265+0000] {dag.py:2726} INFO - Sync 1 DAGs
[2023-05-08T22:26:31.285+0000] {logging_mixin.py:149} INFO - [2023-05-08T22:26:31.285+0000] {dag.py:3490} INFO - Setting next_dagrun for example_task_group_decorator to 2023-05-07T22:26:31.284954+00:00, run_after=2023-05-08T22:26:31.284954+00:00
[2023-05-08T22:26:31.302+0000] {processor.py:178} INFO - Processing /home/airflow/.local/lib/python3.7/site-packages/airflow/example_dags/example_task_group_decorator.py took 0.073 seconds
[2023-05-08T22:27:02.114+0000] {processor.py:156} INFO - Started process (PID=179) to work on /home/airflow/.local/lib/python3.7/site-packages/airflow/example_dags/example_task_group_decorator.py
[2023-05-08T22:27:02.115+0000] {processor.py:799} INFO - Processing file /home/airflow/.local/lib/python3.7/site-packages/airflow/example_dags/example_task_group_decorator.py for tasks to queue
[2023-05-08T22:27:02.115+0000] {logging_mixin.py:149} INFO - [2023-05-08T22:27:02.115+0000] {dagbag.py:541} INFO - Filling up the DagBag from /home/airflow/.local/lib/python3.7/site-packages/airflow/example_dags/example_task_group_decorator.py
[2023-05-08T22:27:02.125+0000] {processor.py:809} INFO - DAG(s) dict_keys(['example_task_group_decorator']) retrieved from /home/airflow/.local/lib/python3.7/site-packages/airflow/example_dags/example_task_group_decorator.py
[2023-05-08T22:27:02.149+0000] {logging_mixin.py:149} INFO - [2023-05-08T22:27:02.149+0000] {dag.py:2726} INFO - Sync 1 DAGs
[2023-05-08T22:27:02.170+0000] {logging_mixin.py:149} INFO - [2023-05-08T22:27:02.170+0000] {dag.py:3490} INFO - Setting next_dagrun for example_task_group_decorator to 2023-05-07T22:27:02.170443+00:00, run_after=2023-05-08T22:27:02.170443+00:00
[2023-05-08T22:27:02.184+0000] {processor.py:178} INFO - Processing /home/airflow/.local/lib/python3.7/site-packages/airflow/example_dags/example_task_group_decorator.py took 0.072 seconds
[2023-05-08T22:27:32.858+0000] {processor.py:156} INFO - Started process (PID=236) to work on /home/airflow/.local/lib/python3.7/site-packages/airflow/example_dags/example_task_group_decorator.py
[2023-05-08T22:27:32.859+0000] {processor.py:799} INFO - Processing file /home/airflow/.local/lib/python3.7/site-packages/airflow/example_dags/example_task_group_decorator.py for tasks to queue
[2023-05-08T22:27:32.859+0000] {logging_mixin.py:149} INFO - [2023-05-08T22:27:32.859+0000] {dagbag.py:541} INFO - Filling up the DagBag from /home/airflow/.local/lib/python3.7/site-packages/airflow/example_dags/example_task_group_decorator.py
[2023-05-08T22:27:32.868+0000] {processor.py:809} INFO - DAG(s) dict_keys(['example_task_group_decorator']) retrieved from /home/airflow/.local/lib/python3.7/site-packages/airflow/example_dags/example_task_group_decorator.py
[2023-05-08T22:27:32.892+0000] {logging_mixin.py:149} INFO - [2023-05-08T22:27:32.892+0000] {dag.py:2726} INFO - Sync 1 DAGs
[2023-05-08T22:27:32.912+0000] {logging_mixin.py:149} INFO - [2023-05-08T22:27:32.912+0000] {dag.py:3490} INFO - Setting next_dagrun for example_task_group_decorator to 2023-05-07T22:27:32.912102+00:00, run_after=2023-05-08T22:27:32.912102+00:00
[2023-05-08T22:27:32.926+0000] {processor.py:178} INFO - Processing /home/airflow/.local/lib/python3.7/site-packages/airflow/example_dags/example_task_group_decorator.py took 0.070 seconds
[2023-05-08T22:28:03.343+0000] {processor.py:156} INFO - Started process (PID=293) to work on /home/airflow/.local/lib/python3.7/site-packages/airflow/example_dags/example_task_group_decorator.py
[2023-05-08T22:28:03.344+0000] {processor.py:799} INFO - Processing file /home/airflow/.local/lib/python3.7/site-packages/airflow/example_dags/example_task_group_decorator.py for tasks to queue
[2023-05-08T22:28:03.344+0000] {logging_mixin.py:149} INFO - [2023-05-08T22:28:03.344+0000] {dagbag.py:541} INFO - Filling up the DagBag from /home/airflow/.local/lib/python3.7/site-packages/airflow/example_dags/example_task_group_decorator.py
[2023-05-08T22:28:03.353+0000] {processor.py:809} INFO - DAG(s) dict_keys(['example_task_group_decorator']) retrieved from /home/airflow/.local/lib/python3.7/site-packages/airflow/example_dags/example_task_group_decorator.py
[2023-05-08T22:28:03.377+0000] {logging_mixin.py:149} INFO - [2023-05-08T22:28:03.377+0000] {dag.py:2726} INFO - Sync 1 DAGs
[2023-05-08T22:28:03.398+0000] {logging_mixin.py:149} INFO - [2023-05-08T22:28:03.398+0000] {dag.py:3490} INFO - Setting next_dagrun for example_task_group_decorator to 2023-05-07T22:28:03.398157+00:00, run_after=2023-05-08T22:28:03.398157+00:00
[2023-05-08T22:28:03.411+0000] {processor.py:178} INFO - Processing /home/airflow/.local/lib/python3.7/site-packages/airflow/example_dags/example_task_group_decorator.py took 0.072 seconds
[2023-05-08T22:28:34.028+0000] {processor.py:156} INFO - Started process (PID=350) to work on /home/airflow/.local/lib/python3.7/site-packages/airflow/example_dags/example_task_group_decorator.py
[2023-05-08T22:28:34.029+0000] {processor.py:799} INFO - Processing file /home/airflow/.local/lib/python3.7/site-packages/airflow/example_dags/example_task_group_decorator.py for tasks to queue
[2023-05-08T22:28:34.029+0000] {logging_mixin.py:149} INFO - [2023-05-08T22:28:34.029+0000] {dagbag.py:541} INFO - Filling up the DagBag from /home/airflow/.local/lib/python3.7/site-packages/airflow/example_dags/example_task_group_decorator.py
[2023-05-08T22:28:34.044+0000] {processor.py:809} INFO - DAG(s) dict_keys(['example_task_group_decorator']) retrieved from /home/airflow/.local/lib/python3.7/site-packages/airflow/example_dags/example_task_group_decorator.py
[2023-05-08T22:28:34.070+0000] {logging_mixin.py:149} INFO - [2023-05-08T22:28:34.070+0000] {dag.py:2726} INFO - Sync 1 DAGs
[2023-05-08T22:28:34.090+0000] {logging_mixin.py:149} INFO - [2023-05-08T22:28:34.090+0000] {dag.py:3490} INFO - Setting next_dagrun for example_task_group_decorator to 2023-05-07T22:28:34.090291+00:00, run_after=2023-05-08T22:28:34.090291+00:00
[2023-05-08T22:28:34.105+0000] {processor.py:178} INFO - Processing /home/airflow/.local/lib/python3.7/site-packages/airflow/example_dags/example_task_group_decorator.py took 0.080 seconds
[2023-05-08T22:29:04.891+0000] {processor.py:156} INFO - Started process (PID=407) to work on /home/airflow/.local/lib/python3.7/site-packages/airflow/example_dags/example_task_group_decorator.py
[2023-05-08T22:29:04.892+0000] {processor.py:799} INFO - Processing file /home/airflow/.local/lib/python3.7/site-packages/airflow/example_dags/example_task_group_decorator.py for tasks to queue
[2023-05-08T22:29:04.892+0000] {logging_mixin.py:149} INFO - [2023-05-08T22:29:04.892+0000] {dagbag.py:541} INFO - Filling up the DagBag from /home/airflow/.local/lib/python3.7/site-packages/airflow/example_dags/example_task_group_decorator.py
[2023-05-08T22:29:04.901+0000] {processor.py:809} INFO - DAG(s) dict_keys(['example_task_group_decorator']) retrieved from /home/airflow/.local/lib/python3.7/site-packages/airflow/example_dags/example_task_group_decorator.py
[2023-05-08T22:29:04.925+0000] {logging_mixin.py:149} INFO - [2023-05-08T22:29:04.924+0000] {dag.py:2726} INFO - Sync 1 DAGs
[2023-05-08T22:29:04.945+0000] {logging_mixin.py:149} INFO - [2023-05-08T22:29:04.945+0000] {dag.py:3490} INFO - Setting next_dagrun for example_task_group_decorator to 2023-05-07T22:29:04.944799+00:00, run_after=2023-05-08T22:29:04.944799+00:00
[2023-05-08T22:29:04.959+0000] {processor.py:178} INFO - Processing /home/airflow/.local/lib/python3.7/site-packages/airflow/example_dags/example_task_group_decorator.py took 0.071 seconds
[2023-05-08T22:29:35.527+0000] {processor.py:156} INFO - Started process (PID=464) to work on /home/airflow/.local/lib/python3.7/site-packages/airflow/example_dags/example_task_group_decorator.py
[2023-05-08T22:29:35.528+0000] {processor.py:799} INFO - Processing file /home/airflow/.local/lib/python3.7/site-packages/airflow/example_dags/example_task_group_decorator.py for tasks to queue
[2023-05-08T22:29:35.529+0000] {logging_mixin.py:149} INFO - [2023-05-08T22:29:35.529+0000] {dagbag.py:541} INFO - Filling up the DagBag from /home/airflow/.local/lib/python3.7/site-packages/airflow/example_dags/example_task_group_decorator.py
[2023-05-08T22:29:35.538+0000] {processor.py:809} INFO - DAG(s) dict_keys(['example_task_group_decorator']) retrieved from /home/airflow/.local/lib/python3.7/site-packages/airflow/example_dags/example_task_group_decorator.py
[2023-05-08T22:29:35.564+0000] {logging_mixin.py:149} INFO - [2023-05-08T22:29:35.564+0000] {dag.py:2726} INFO - Sync 1 DAGs
[2023-05-08T22:29:35.584+0000] {logging_mixin.py:149} INFO - [2023-05-08T22:29:35.584+0000] {dag.py:3490} INFO - Setting next_dagrun for example_task_group_decorator to 2023-05-07T22:29:35.584162+00:00, run_after=2023-05-08T22:29:35.584162+00:00
[2023-05-08T22:29:35.598+0000] {processor.py:178} INFO - Processing /home/airflow/.local/lib/python3.7/site-packages/airflow/example_dags/example_task_group_decorator.py took 0.073 seconds
[2023-05-08T22:30:06.380+0000] {processor.py:156} INFO - Started process (PID=521) to work on /home/airflow/.local/lib/python3.7/site-packages/airflow/example_dags/example_task_group_decorator.py
[2023-05-08T22:30:06.381+0000] {processor.py:799} INFO - Processing file /home/airflow/.local/lib/python3.7/site-packages/airflow/example_dags/example_task_group_decorator.py for tasks to queue
[2023-05-08T22:30:06.382+0000] {logging_mixin.py:149} INFO - [2023-05-08T22:30:06.382+0000] {dagbag.py:541} INFO - Filling up the DagBag from /home/airflow/.local/lib/python3.7/site-packages/airflow/example_dags/example_task_group_decorator.py
[2023-05-08T22:30:06.390+0000] {processor.py:809} INFO - DAG(s) dict_keys(['example_task_group_decorator']) retrieved from /home/airflow/.local/lib/python3.7/site-packages/airflow/example_dags/example_task_group_decorator.py
[2023-05-08T22:30:06.413+0000] {logging_mixin.py:149} INFO - [2023-05-08T22:30:06.413+0000] {dag.py:2726} INFO - Sync 1 DAGs
[2023-05-08T22:30:06.432+0000] {logging_mixin.py:149} INFO - [2023-05-08T22:30:06.432+0000] {dag.py:3490} INFO - Setting next_dagrun for example_task_group_decorator to 2023-05-07T22:30:06.432104+00:00, run_after=2023-05-08T22:30:06.432104+00:00
[2023-05-08T22:30:06.445+0000] {processor.py:178} INFO - Processing /home/airflow/.local/lib/python3.7/site-packages/airflow/example_dags/example_task_group_decorator.py took 0.067 seconds
[2023-05-08T22:30:37.049+0000] {processor.py:156} INFO - Started process (PID=578) to work on /home/airflow/.local/lib/python3.7/site-packages/airflow/example_dags/example_task_group_decorator.py
[2023-05-08T22:30:37.050+0000] {processor.py:799} INFO - Processing file /home/airflow/.local/lib/python3.7/site-packages/airflow/example_dags/example_task_group_decorator.py for tasks to queue
[2023-05-08T22:30:37.051+0000] {logging_mixin.py:149} INFO - [2023-05-08T22:30:37.051+0000] {dagbag.py:541} INFO - Filling up the DagBag from /home/airflow/.local/lib/python3.7/site-packages/airflow/example_dags/example_task_group_decorator.py
[2023-05-08T22:30:37.060+0000] {processor.py:809} INFO - DAG(s) dict_keys(['example_task_group_decorator']) retrieved from /home/airflow/.local/lib/python3.7/site-packages/airflow/example_dags/example_task_group_decorator.py
[2023-05-08T22:30:37.085+0000] {logging_mixin.py:149} INFO - [2023-05-08T22:30:37.085+0000] {dag.py:2726} INFO - Sync 1 DAGs
[2023-05-08T22:30:37.104+0000] {logging_mixin.py:149} INFO - [2023-05-08T22:30:37.104+0000] {dag.py:3490} INFO - Setting next_dagrun for example_task_group_decorator to 2023-05-07T22:30:37.104051+00:00, run_after=2023-05-08T22:30:37.104051+00:00
[2023-05-08T22:30:37.118+0000] {processor.py:178} INFO - Processing /home/airflow/.local/lib/python3.7/site-packages/airflow/example_dags/example_task_group_decorator.py took 0.070 seconds
[2023-05-08T22:31:08.025+0000] {processor.py:156} INFO - Started process (PID=635) to work on /home/airflow/.local/lib/python3.7/site-packages/airflow/example_dags/example_task_group_decorator.py
[2023-05-08T22:31:08.026+0000] {processor.py:799} INFO - Processing file /home/airflow/.local/lib/python3.7/site-packages/airflow/example_dags/example_task_group_decorator.py for tasks to queue
[2023-05-08T22:31:08.027+0000] {logging_mixin.py:149} INFO - [2023-05-08T22:31:08.027+0000] {dagbag.py:541} INFO - Filling up the DagBag from /home/airflow/.local/lib/python3.7/site-packages/airflow/example_dags/example_task_group_decorator.py
[2023-05-08T22:31:08.035+0000] {processor.py:809} INFO - DAG(s) dict_keys(['example_task_group_decorator']) retrieved from /home/airflow/.local/lib/python3.7/site-packages/airflow/example_dags/example_task_group_decorator.py
[2023-05-08T22:31:08.060+0000] {logging_mixin.py:149} INFO - [2023-05-08T22:31:08.060+0000] {dag.py:2726} INFO - Sync 1 DAGs
[2023-05-08T22:31:08.081+0000] {logging_mixin.py:149} INFO - [2023-05-08T22:31:08.081+0000] {dag.py:3490} INFO - Setting next_dagrun for example_task_group_decorator to 2023-05-07T22:31:08.080943+00:00, run_after=2023-05-08T22:31:08.080943+00:00
[2023-05-08T22:31:08.095+0000] {processor.py:178} INFO - Processing /home/airflow/.local/lib/python3.7/site-packages/airflow/example_dags/example_task_group_decorator.py took 0.072 seconds
[2023-05-08T22:31:38.597+0000] {processor.py:156} INFO - Started process (PID=692) to work on /home/airflow/.local/lib/python3.7/site-packages/airflow/example_dags/example_task_group_decorator.py
[2023-05-08T22:31:38.598+0000] {processor.py:799} INFO - Processing file /home/airflow/.local/lib/python3.7/site-packages/airflow/example_dags/example_task_group_decorator.py for tasks to queue
[2023-05-08T22:31:38.598+0000] {logging_mixin.py:149} INFO - [2023-05-08T22:31:38.598+0000] {dagbag.py:541} INFO - Filling up the DagBag from /home/airflow/.local/lib/python3.7/site-packages/airflow/example_dags/example_task_group_decorator.py
[2023-05-08T22:31:38.608+0000] {processor.py:809} INFO - DAG(s) dict_keys(['example_task_group_decorator']) retrieved from /home/airflow/.local/lib/python3.7/site-packages/airflow/example_dags/example_task_group_decorator.py
[2023-05-08T22:31:38.632+0000] {logging_mixin.py:149} INFO - [2023-05-08T22:31:38.632+0000] {dag.py:2726} INFO - Sync 1 DAGs
[2023-05-08T22:31:38.651+0000] {logging_mixin.py:149} INFO - [2023-05-08T22:31:38.651+0000] {dag.py:3490} INFO - Setting next_dagrun for example_task_group_decorator to 2023-05-07T22:31:38.651416+00:00, run_after=2023-05-08T22:31:38.651416+00:00
[2023-05-08T22:31:38.665+0000] {processor.py:178} INFO - Processing /home/airflow/.local/lib/python3.7/site-packages/airflow/example_dags/example_task_group_decorator.py took 0.071 seconds
[2023-05-08T22:32:09.314+0000] {processor.py:156} INFO - Started process (PID=749) to work on /home/airflow/.local/lib/python3.7/site-packages/airflow/example_dags/example_task_group_decorator.py
[2023-05-08T22:32:09.315+0000] {processor.py:799} INFO - Processing file /home/airflow/.local/lib/python3.7/site-packages/airflow/example_dags/example_task_group_decorator.py for tasks to queue
[2023-05-08T22:32:09.316+0000] {logging_mixin.py:149} INFO - [2023-05-08T22:32:09.316+0000] {dagbag.py:541} INFO - Filling up the DagBag from /home/airflow/.local/lib/python3.7/site-packages/airflow/example_dags/example_task_group_decorator.py
[2023-05-08T22:32:09.325+0000] {processor.py:809} INFO - DAG(s) dict_keys(['example_task_group_decorator']) retrieved from /home/airflow/.local/lib/python3.7/site-packages/airflow/example_dags/example_task_group_decorator.py
[2023-05-08T22:32:09.353+0000] {logging_mixin.py:149} INFO - [2023-05-08T22:32:09.353+0000] {dag.py:2726} INFO - Sync 1 DAGs
[2023-05-08T22:32:09.374+0000] {logging_mixin.py:149} INFO - [2023-05-08T22:32:09.374+0000] {dag.py:3490} INFO - Setting next_dagrun for example_task_group_decorator to 2023-05-07T22:32:09.373886+00:00, run_after=2023-05-08T22:32:09.373886+00:00
[2023-05-08T22:32:09.388+0000] {processor.py:178} INFO - Processing /home/airflow/.local/lib/python3.7/site-packages/airflow/example_dags/example_task_group_decorator.py took 0.077 seconds
[2023-05-08T22:32:40.133+0000] {processor.py:156} INFO - Started process (PID=806) to work on /home/airflow/.local/lib/python3.7/site-packages/airflow/example_dags/example_task_group_decorator.py
[2023-05-08T22:32:40.134+0000] {processor.py:799} INFO - Processing file /home/airflow/.local/lib/python3.7/site-packages/airflow/example_dags/example_task_group_decorator.py for tasks to queue
[2023-05-08T22:32:40.134+0000] {logging_mixin.py:149} INFO - [2023-05-08T22:32:40.134+0000] {dagbag.py:541} INFO - Filling up the DagBag from /home/airflow/.local/lib/python3.7/site-packages/airflow/example_dags/example_task_group_decorator.py
[2023-05-08T22:32:40.144+0000] {processor.py:809} INFO - DAG(s) dict_keys(['example_task_group_decorator']) retrieved from /home/airflow/.local/lib/python3.7/site-packages/airflow/example_dags/example_task_group_decorator.py
[2023-05-08T22:32:40.172+0000] {logging_mixin.py:149} INFO - [2023-05-08T22:32:40.172+0000] {dag.py:2726} INFO - Sync 1 DAGs
[2023-05-08T22:32:40.195+0000] {logging_mixin.py:149} INFO - [2023-05-08T22:32:40.195+0000] {dag.py:3490} INFO - Setting next_dagrun for example_task_group_decorator to 2023-05-07T22:32:40.195025+00:00, run_after=2023-05-08T22:32:40.195025+00:00
[2023-05-08T22:32:40.211+0000] {processor.py:178} INFO - Processing /home/airflow/.local/lib/python3.7/site-packages/airflow/example_dags/example_task_group_decorator.py took 0.081 seconds
[2023-05-08T22:33:11.341+0000] {processor.py:156} INFO - Started process (PID=863) to work on /home/airflow/.local/lib/python3.7/site-packages/airflow/example_dags/example_task_group_decorator.py
[2023-05-08T22:33:11.342+0000] {processor.py:799} INFO - Processing file /home/airflow/.local/lib/python3.7/site-packages/airflow/example_dags/example_task_group_decorator.py for tasks to queue
[2023-05-08T22:33:11.343+0000] {logging_mixin.py:149} INFO - [2023-05-08T22:33:11.343+0000] {dagbag.py:541} INFO - Filling up the DagBag from /home/airflow/.local/lib/python3.7/site-packages/airflow/example_dags/example_task_group_decorator.py
[2023-05-08T22:33:11.355+0000] {processor.py:809} INFO - DAG(s) dict_keys(['example_task_group_decorator']) retrieved from /home/airflow/.local/lib/python3.7/site-packages/airflow/example_dags/example_task_group_decorator.py
[2023-05-08T22:33:11.395+0000] {logging_mixin.py:149} INFO - [2023-05-08T22:33:11.395+0000] {dag.py:2726} INFO - Sync 1 DAGs
[2023-05-08T22:33:11.421+0000] {logging_mixin.py:149} INFO - [2023-05-08T22:33:11.421+0000] {dag.py:3490} INFO - Setting next_dagrun for example_task_group_decorator to 2023-05-07T22:33:11.421433+00:00, run_after=2023-05-08T22:33:11.421433+00:00
[2023-05-08T22:33:11.438+0000] {processor.py:178} INFO - Processing /home/airflow/.local/lib/python3.7/site-packages/airflow/example_dags/example_task_group_decorator.py took 0.101 seconds
[2023-05-08T22:33:43.070+0000] {processor.py:156} INFO - Started process (PID=920) to work on /home/airflow/.local/lib/python3.7/site-packages/airflow/example_dags/example_task_group_decorator.py
[2023-05-08T22:33:43.072+0000] {processor.py:799} INFO - Processing file /home/airflow/.local/lib/python3.7/site-packages/airflow/example_dags/example_task_group_decorator.py for tasks to queue
[2023-05-08T22:33:43.073+0000] {logging_mixin.py:149} INFO - [2023-05-08T22:33:43.073+0000] {dagbag.py:541} INFO - Filling up the DagBag from /home/airflow/.local/lib/python3.7/site-packages/airflow/example_dags/example_task_group_decorator.py
[2023-05-08T22:33:43.085+0000] {processor.py:809} INFO - DAG(s) dict_keys(['example_task_group_decorator']) retrieved from /home/airflow/.local/lib/python3.7/site-packages/airflow/example_dags/example_task_group_decorator.py
[2023-05-08T22:33:43.121+0000] {logging_mixin.py:149} INFO - [2023-05-08T22:33:43.120+0000] {dag.py:2726} INFO - Sync 1 DAGs
[2023-05-08T22:33:43.158+0000] {logging_mixin.py:149} INFO - [2023-05-08T22:33:43.158+0000] {dag.py:3490} INFO - Setting next_dagrun for example_task_group_decorator to 2023-05-07T22:33:43.157799+00:00, run_after=2023-05-08T22:33:43.157799+00:00
[2023-05-08T22:33:43.188+0000] {processor.py:178} INFO - Processing /home/airflow/.local/lib/python3.7/site-packages/airflow/example_dags/example_task_group_decorator.py took 0.121 seconds
[2023-05-08T22:34:13.595+0000] {processor.py:156} INFO - Started process (PID=977) to work on /home/airflow/.local/lib/python3.7/site-packages/airflow/example_dags/example_task_group_decorator.py
[2023-05-08T22:34:13.595+0000] {processor.py:799} INFO - Processing file /home/airflow/.local/lib/python3.7/site-packages/airflow/example_dags/example_task_group_decorator.py for tasks to queue
[2023-05-08T22:34:13.596+0000] {logging_mixin.py:149} INFO - [2023-05-08T22:34:13.596+0000] {dagbag.py:541} INFO - Filling up the DagBag from /home/airflow/.local/lib/python3.7/site-packages/airflow/example_dags/example_task_group_decorator.py
[2023-05-08T22:34:13.605+0000] {processor.py:809} INFO - DAG(s) dict_keys(['example_task_group_decorator']) retrieved from /home/airflow/.local/lib/python3.7/site-packages/airflow/example_dags/example_task_group_decorator.py
[2023-05-08T22:34:13.630+0000] {logging_mixin.py:149} INFO - [2023-05-08T22:34:13.630+0000] {dag.py:2726} INFO - Sync 1 DAGs
[2023-05-08T22:34:13.651+0000] {logging_mixin.py:149} INFO - [2023-05-08T22:34:13.651+0000] {dag.py:3490} INFO - Setting next_dagrun for example_task_group_decorator to 2023-05-07T22:34:13.651597+00:00, run_after=2023-05-08T22:34:13.651597+00:00
[2023-05-08T22:34:13.667+0000] {processor.py:178} INFO - Processing /home/airflow/.local/lib/python3.7/site-packages/airflow/example_dags/example_task_group_decorator.py took 0.074 seconds
[2023-05-08T22:34:44.138+0000] {processor.py:156} INFO - Started process (PID=1035) to work on /home/airflow/.local/lib/python3.7/site-packages/airflow/example_dags/example_task_group_decorator.py
[2023-05-08T22:34:44.139+0000] {processor.py:799} INFO - Processing file /home/airflow/.local/lib/python3.7/site-packages/airflow/example_dags/example_task_group_decorator.py for tasks to queue
[2023-05-08T22:34:44.139+0000] {logging_mixin.py:149} INFO - [2023-05-08T22:34:44.139+0000] {dagbag.py:541} INFO - Filling up the DagBag from /home/airflow/.local/lib/python3.7/site-packages/airflow/example_dags/example_task_group_decorator.py
[2023-05-08T22:34:44.150+0000] {processor.py:809} INFO - DAG(s) dict_keys(['example_task_group_decorator']) retrieved from /home/airflow/.local/lib/python3.7/site-packages/airflow/example_dags/example_task_group_decorator.py
[2023-05-08T22:34:44.177+0000] {logging_mixin.py:149} INFO - [2023-05-08T22:34:44.177+0000] {dag.py:2726} INFO - Sync 1 DAGs
[2023-05-08T22:34:44.197+0000] {logging_mixin.py:149} INFO - [2023-05-08T22:34:44.197+0000] {dag.py:3490} INFO - Setting next_dagrun for example_task_group_decorator to 2023-05-07T22:34:44.196917+00:00, run_after=2023-05-08T22:34:44.196917+00:00
[2023-05-08T22:34:44.214+0000] {processor.py:178} INFO - Processing /home/airflow/.local/lib/python3.7/site-packages/airflow/example_dags/example_task_group_decorator.py took 0.079 seconds
[2023-05-08T22:35:14.441+0000] {processor.py:156} INFO - Started process (PID=1091) to work on /home/airflow/.local/lib/python3.7/site-packages/airflow/example_dags/example_task_group_decorator.py
[2023-05-08T22:35:14.442+0000] {processor.py:799} INFO - Processing file /home/airflow/.local/lib/python3.7/site-packages/airflow/example_dags/example_task_group_decorator.py for tasks to queue
[2023-05-08T22:35:14.443+0000] {logging_mixin.py:149} INFO - [2023-05-08T22:35:14.443+0000] {dagbag.py:541} INFO - Filling up the DagBag from /home/airflow/.local/lib/python3.7/site-packages/airflow/example_dags/example_task_group_decorator.py
[2023-05-08T22:35:14.452+0000] {processor.py:809} INFO - DAG(s) dict_keys(['example_task_group_decorator']) retrieved from /home/airflow/.local/lib/python3.7/site-packages/airflow/example_dags/example_task_group_decorator.py
[2023-05-08T22:35:14.475+0000] {logging_mixin.py:149} INFO - [2023-05-08T22:35:14.474+0000] {dag.py:2726} INFO - Sync 1 DAGs
[2023-05-08T22:35:14.493+0000] {logging_mixin.py:149} INFO - [2023-05-08T22:35:14.493+0000] {dag.py:3490} INFO - Setting next_dagrun for example_task_group_decorator to 2023-05-07T22:35:14.493361+00:00, run_after=2023-05-08T22:35:14.493361+00:00
[2023-05-08T22:35:14.510+0000] {processor.py:178} INFO - Processing /home/airflow/.local/lib/python3.7/site-packages/airflow/example_dags/example_task_group_decorator.py took 0.072 seconds
