[2023-05-08T20:36:14.172+0000] {processor.py:156} INFO - Started process (PID=70) to work on /home/airflow/.local/lib/python3.7/site-packages/airflow/example_dags/example_branch_labels.py
[2023-05-08T20:36:14.174+0000] {processor.py:799} INFO - Processing file /home/airflow/.local/lib/python3.7/site-packages/airflow/example_dags/example_branch_labels.py for tasks to queue
[2023-05-08T20:36:14.175+0000] {logging_mixin.py:149} INFO - [2023-05-08T20:36:14.175+0000] {dagbag.py:541} INFO - Filling up the DagBag from /home/airflow/.local/lib/python3.7/site-packages/airflow/example_dags/example_branch_labels.py
[2023-05-08T20:36:14.182+0000] {processor.py:809} INFO - DAG(s) dict_keys(['example_branch_labels']) retrieved from /home/airflow/.local/lib/python3.7/site-packages/airflow/example_dags/example_branch_labels.py
[2023-05-08T20:36:14.211+0000] {logging_mixin.py:149} INFO - [2023-05-08T20:36:14.210+0000] {dag.py:2726} INFO - Sync 1 DAGs
[2023-05-08T20:36:14.250+0000] {logging_mixin.py:149} INFO - [2023-05-08T20:36:14.250+0000] {dag.py:3490} INFO - Setting next_dagrun for example_branch_labels to 2023-05-07T00:00:00+00:00, run_after=2023-05-08T00:00:00+00:00
[2023-05-08T20:36:14.270+0000] {processor.py:178} INFO - Processing /home/airflow/.local/lib/python3.7/site-packages/airflow/example_dags/example_branch_labels.py took 0.103 seconds
[2023-05-08T20:36:44.374+0000] {processor.py:156} INFO - Started process (PID=126) to work on /home/airflow/.local/lib/python3.7/site-packages/airflow/example_dags/example_branch_labels.py
[2023-05-08T20:36:44.375+0000] {processor.py:799} INFO - Processing file /home/airflow/.local/lib/python3.7/site-packages/airflow/example_dags/example_branch_labels.py for tasks to queue
[2023-05-08T20:36:44.376+0000] {logging_mixin.py:149} INFO - [2023-05-08T20:36:44.376+0000] {dagbag.py:541} INFO - Filling up the DagBag from /home/airflow/.local/lib/python3.7/site-packages/airflow/example_dags/example_branch_labels.py
[2023-05-08T20:36:44.381+0000] {processor.py:809} INFO - DAG(s) dict_keys(['example_branch_labels']) retrieved from /home/airflow/.local/lib/python3.7/site-packages/airflow/example_dags/example_branch_labels.py
[2023-05-08T20:36:44.408+0000] {logging_mixin.py:149} INFO - [2023-05-08T20:36:44.408+0000] {dag.py:2726} INFO - Sync 1 DAGs
[2023-05-08T20:36:44.432+0000] {logging_mixin.py:149} INFO - [2023-05-08T20:36:44.432+0000] {dag.py:3490} INFO - Setting next_dagrun for example_branch_labels to 2023-05-07T00:00:00+00:00, run_after=2023-05-08T00:00:00+00:00
[2023-05-08T20:36:44.446+0000] {processor.py:178} INFO - Processing /home/airflow/.local/lib/python3.7/site-packages/airflow/example_dags/example_branch_labels.py took 0.074 seconds
[2023-05-08T20:37:14.500+0000] {processor.py:156} INFO - Started process (PID=182) to work on /home/airflow/.local/lib/python3.7/site-packages/airflow/example_dags/example_branch_labels.py
[2023-05-08T20:37:14.501+0000] {processor.py:799} INFO - Processing file /home/airflow/.local/lib/python3.7/site-packages/airflow/example_dags/example_branch_labels.py for tasks to queue
[2023-05-08T20:37:14.502+0000] {logging_mixin.py:149} INFO - [2023-05-08T20:37:14.502+0000] {dagbag.py:541} INFO - Filling up the DagBag from /home/airflow/.local/lib/python3.7/site-packages/airflow/example_dags/example_branch_labels.py
[2023-05-08T20:37:14.510+0000] {processor.py:809} INFO - DAG(s) dict_keys(['example_branch_labels']) retrieved from /home/airflow/.local/lib/python3.7/site-packages/airflow/example_dags/example_branch_labels.py
[2023-05-08T20:37:14.552+0000] {logging_mixin.py:149} INFO - [2023-05-08T20:37:14.552+0000] {dag.py:2726} INFO - Sync 1 DAGs
[2023-05-08T20:37:14.576+0000] {logging_mixin.py:149} INFO - [2023-05-08T20:37:14.576+0000] {dag.py:3490} INFO - Setting next_dagrun for example_branch_labels to 2023-05-07T00:00:00+00:00, run_after=2023-05-08T00:00:00+00:00
[2023-05-08T20:37:14.596+0000] {processor.py:178} INFO - Processing /home/airflow/.local/lib/python3.7/site-packages/airflow/example_dags/example_branch_labels.py took 0.099 seconds
[2023-05-08T20:37:45.253+0000] {processor.py:156} INFO - Started process (PID=238) to work on /home/airflow/.local/lib/python3.7/site-packages/airflow/example_dags/example_branch_labels.py
[2023-05-08T20:37:45.255+0000] {processor.py:799} INFO - Processing file /home/airflow/.local/lib/python3.7/site-packages/airflow/example_dags/example_branch_labels.py for tasks to queue
[2023-05-08T20:37:45.255+0000] {logging_mixin.py:149} INFO - [2023-05-08T20:37:45.255+0000] {dagbag.py:541} INFO - Filling up the DagBag from /home/airflow/.local/lib/python3.7/site-packages/airflow/example_dags/example_branch_labels.py
[2023-05-08T20:37:45.260+0000] {processor.py:809} INFO - DAG(s) dict_keys(['example_branch_labels']) retrieved from /home/airflow/.local/lib/python3.7/site-packages/airflow/example_dags/example_branch_labels.py
[2023-05-08T20:37:45.283+0000] {logging_mixin.py:149} INFO - [2023-05-08T20:37:45.283+0000] {dag.py:2726} INFO - Sync 1 DAGs
[2023-05-08T20:37:45.303+0000] {logging_mixin.py:149} INFO - [2023-05-08T20:37:45.303+0000] {dag.py:3490} INFO - Setting next_dagrun for example_branch_labels to 2023-05-07T00:00:00+00:00, run_after=2023-05-08T00:00:00+00:00
[2023-05-08T20:37:45.316+0000] {processor.py:178} INFO - Processing /home/airflow/.local/lib/python3.7/site-packages/airflow/example_dags/example_branch_labels.py took 0.067 seconds
[2023-05-08T20:38:16.014+0000] {processor.py:156} INFO - Started process (PID=295) to work on /home/airflow/.local/lib/python3.7/site-packages/airflow/example_dags/example_branch_labels.py
[2023-05-08T20:38:16.015+0000] {processor.py:799} INFO - Processing file /home/airflow/.local/lib/python3.7/site-packages/airflow/example_dags/example_branch_labels.py for tasks to queue
[2023-05-08T20:38:16.015+0000] {logging_mixin.py:149} INFO - [2023-05-08T20:38:16.015+0000] {dagbag.py:541} INFO - Filling up the DagBag from /home/airflow/.local/lib/python3.7/site-packages/airflow/example_dags/example_branch_labels.py
[2023-05-08T20:38:16.020+0000] {processor.py:809} INFO - DAG(s) dict_keys(['example_branch_labels']) retrieved from /home/airflow/.local/lib/python3.7/site-packages/airflow/example_dags/example_branch_labels.py
[2023-05-08T20:38:16.043+0000] {logging_mixin.py:149} INFO - [2023-05-08T20:38:16.043+0000] {dag.py:2726} INFO - Sync 1 DAGs
[2023-05-08T20:38:16.065+0000] {logging_mixin.py:149} INFO - [2023-05-08T20:38:16.065+0000] {dag.py:3490} INFO - Setting next_dagrun for example_branch_labels to 2023-05-07T00:00:00+00:00, run_after=2023-05-08T00:00:00+00:00
[2023-05-08T20:38:16.078+0000] {processor.py:178} INFO - Processing /home/airflow/.local/lib/python3.7/site-packages/airflow/example_dags/example_branch_labels.py took 0.067 seconds
[2023-05-08T20:38:46.641+0000] {processor.py:156} INFO - Started process (PID=351) to work on /home/airflow/.local/lib/python3.7/site-packages/airflow/example_dags/example_branch_labels.py
[2023-05-08T20:38:46.642+0000] {processor.py:799} INFO - Processing file /home/airflow/.local/lib/python3.7/site-packages/airflow/example_dags/example_branch_labels.py for tasks to queue
[2023-05-08T20:38:46.642+0000] {logging_mixin.py:149} INFO - [2023-05-08T20:38:46.642+0000] {dagbag.py:541} INFO - Filling up the DagBag from /home/airflow/.local/lib/python3.7/site-packages/airflow/example_dags/example_branch_labels.py
[2023-05-08T20:38:46.647+0000] {processor.py:809} INFO - DAG(s) dict_keys(['example_branch_labels']) retrieved from /home/airflow/.local/lib/python3.7/site-packages/airflow/example_dags/example_branch_labels.py
[2023-05-08T20:38:46.669+0000] {logging_mixin.py:149} INFO - [2023-05-08T20:38:46.669+0000] {dag.py:2726} INFO - Sync 1 DAGs
[2023-05-08T20:38:46.689+0000] {logging_mixin.py:149} INFO - [2023-05-08T20:38:46.689+0000] {dag.py:3490} INFO - Setting next_dagrun for example_branch_labels to 2023-05-07T00:00:00+00:00, run_after=2023-05-08T00:00:00+00:00
[2023-05-08T20:38:46.701+0000] {processor.py:178} INFO - Processing /home/airflow/.local/lib/python3.7/site-packages/airflow/example_dags/example_branch_labels.py took 0.062 seconds
[2023-05-08T20:39:17.215+0000] {processor.py:156} INFO - Started process (PID=407) to work on /home/airflow/.local/lib/python3.7/site-packages/airflow/example_dags/example_branch_labels.py
[2023-05-08T20:39:17.216+0000] {processor.py:799} INFO - Processing file /home/airflow/.local/lib/python3.7/site-packages/airflow/example_dags/example_branch_labels.py for tasks to queue
[2023-05-08T20:39:17.217+0000] {logging_mixin.py:149} INFO - [2023-05-08T20:39:17.217+0000] {dagbag.py:541} INFO - Filling up the DagBag from /home/airflow/.local/lib/python3.7/site-packages/airflow/example_dags/example_branch_labels.py
[2023-05-08T20:39:17.222+0000] {processor.py:809} INFO - DAG(s) dict_keys(['example_branch_labels']) retrieved from /home/airflow/.local/lib/python3.7/site-packages/airflow/example_dags/example_branch_labels.py
[2023-05-08T20:39:17.244+0000] {logging_mixin.py:149} INFO - [2023-05-08T20:39:17.244+0000] {dag.py:2726} INFO - Sync 1 DAGs
[2023-05-08T20:39:17.266+0000] {logging_mixin.py:149} INFO - [2023-05-08T20:39:17.266+0000] {dag.py:3490} INFO - Setting next_dagrun for example_branch_labels to 2023-05-07T00:00:00+00:00, run_after=2023-05-08T00:00:00+00:00
[2023-05-08T20:39:17.278+0000] {processor.py:178} INFO - Processing /home/airflow/.local/lib/python3.7/site-packages/airflow/example_dags/example_branch_labels.py took 0.066 seconds
[2023-05-08T22:15:49.321+0000] {processor.py:156} INFO - Started process (PID=70) to work on /home/airflow/.local/lib/python3.7/site-packages/airflow/example_dags/example_branch_labels.py
[2023-05-08T22:15:49.322+0000] {processor.py:799} INFO - Processing file /home/airflow/.local/lib/python3.7/site-packages/airflow/example_dags/example_branch_labels.py for tasks to queue
[2023-05-08T22:15:49.324+0000] {logging_mixin.py:149} INFO - [2023-05-08T22:15:49.324+0000] {dagbag.py:541} INFO - Filling up the DagBag from /home/airflow/.local/lib/python3.7/site-packages/airflow/example_dags/example_branch_labels.py
[2023-05-08T22:15:49.333+0000] {processor.py:809} INFO - DAG(s) dict_keys(['example_branch_labels']) retrieved from /home/airflow/.local/lib/python3.7/site-packages/airflow/example_dags/example_branch_labels.py
[2023-05-08T22:15:49.356+0000] {logging_mixin.py:149} INFO - [2023-05-08T22:15:49.356+0000] {dag.py:2726} INFO - Sync 1 DAGs
[2023-05-08T22:15:49.403+0000] {logging_mixin.py:149} INFO - [2023-05-08T22:15:49.403+0000] {dag.py:3490} INFO - Setting next_dagrun for example_branch_labels to 2023-05-07T00:00:00+00:00, run_after=2023-05-08T00:00:00+00:00
[2023-05-08T22:15:49.431+0000] {processor.py:178} INFO - Processing /home/airflow/.local/lib/python3.7/site-packages/airflow/example_dags/example_branch_labels.py took 0.113 seconds
[2023-05-08T22:16:19.611+0000] {processor.py:156} INFO - Started process (PID=127) to work on /home/airflow/.local/lib/python3.7/site-packages/airflow/example_dags/example_branch_labels.py
[2023-05-08T22:16:19.612+0000] {processor.py:799} INFO - Processing file /home/airflow/.local/lib/python3.7/site-packages/airflow/example_dags/example_branch_labels.py for tasks to queue
[2023-05-08T22:16:19.613+0000] {logging_mixin.py:149} INFO - [2023-05-08T22:16:19.613+0000] {dagbag.py:541} INFO - Filling up the DagBag from /home/airflow/.local/lib/python3.7/site-packages/airflow/example_dags/example_branch_labels.py
[2023-05-08T22:16:19.619+0000] {processor.py:809} INFO - DAG(s) dict_keys(['example_branch_labels']) retrieved from /home/airflow/.local/lib/python3.7/site-packages/airflow/example_dags/example_branch_labels.py
[2023-05-08T22:16:19.648+0000] {logging_mixin.py:149} INFO - [2023-05-08T22:16:19.648+0000] {dag.py:2726} INFO - Sync 1 DAGs
[2023-05-08T22:16:19.669+0000] {logging_mixin.py:149} INFO - [2023-05-08T22:16:19.669+0000] {dag.py:3490} INFO - Setting next_dagrun for example_branch_labels to 2023-05-07T00:00:00+00:00, run_after=2023-05-08T00:00:00+00:00
[2023-05-08T22:16:19.683+0000] {processor.py:178} INFO - Processing /home/airflow/.local/lib/python3.7/site-packages/airflow/example_dags/example_branch_labels.py took 0.075 seconds
[2023-05-08T22:16:50.542+0000] {processor.py:156} INFO - Started process (PID=184) to work on /home/airflow/.local/lib/python3.7/site-packages/airflow/example_dags/example_branch_labels.py
[2023-05-08T22:16:50.544+0000] {processor.py:799} INFO - Processing file /home/airflow/.local/lib/python3.7/site-packages/airflow/example_dags/example_branch_labels.py for tasks to queue
[2023-05-08T22:16:50.545+0000] {logging_mixin.py:149} INFO - [2023-05-08T22:16:50.545+0000] {dagbag.py:541} INFO - Filling up the DagBag from /home/airflow/.local/lib/python3.7/site-packages/airflow/example_dags/example_branch_labels.py
[2023-05-08T22:16:50.551+0000] {processor.py:809} INFO - DAG(s) dict_keys(['example_branch_labels']) retrieved from /home/airflow/.local/lib/python3.7/site-packages/airflow/example_dags/example_branch_labels.py
[2023-05-08T22:16:50.571+0000] {logging_mixin.py:149} INFO - [2023-05-08T22:16:50.571+0000] {dag.py:2726} INFO - Sync 1 DAGs
[2023-05-08T22:16:50.592+0000] {logging_mixin.py:149} INFO - [2023-05-08T22:16:50.592+0000] {dag.py:3490} INFO - Setting next_dagrun for example_branch_labels to 2023-05-07T00:00:00+00:00, run_after=2023-05-08T00:00:00+00:00
[2023-05-08T22:16:50.605+0000] {processor.py:178} INFO - Processing /home/airflow/.local/lib/python3.7/site-packages/airflow/example_dags/example_branch_labels.py took 0.065 seconds
[2023-05-08T22:17:21.534+0000] {processor.py:156} INFO - Started process (PID=241) to work on /home/airflow/.local/lib/python3.7/site-packages/airflow/example_dags/example_branch_labels.py
[2023-05-08T22:17:21.535+0000] {processor.py:799} INFO - Processing file /home/airflow/.local/lib/python3.7/site-packages/airflow/example_dags/example_branch_labels.py for tasks to queue
[2023-05-08T22:17:21.536+0000] {logging_mixin.py:149} INFO - [2023-05-08T22:17:21.536+0000] {dagbag.py:541} INFO - Filling up the DagBag from /home/airflow/.local/lib/python3.7/site-packages/airflow/example_dags/example_branch_labels.py
[2023-05-08T22:17:21.542+0000] {processor.py:809} INFO - DAG(s) dict_keys(['example_branch_labels']) retrieved from /home/airflow/.local/lib/python3.7/site-packages/airflow/example_dags/example_branch_labels.py
[2023-05-08T22:17:21.565+0000] {logging_mixin.py:149} INFO - [2023-05-08T22:17:21.565+0000] {dag.py:2726} INFO - Sync 1 DAGs
[2023-05-08T22:17:21.587+0000] {logging_mixin.py:149} INFO - [2023-05-08T22:17:21.587+0000] {dag.py:3490} INFO - Setting next_dagrun for example_branch_labels to 2023-05-07T00:00:00+00:00, run_after=2023-05-08T00:00:00+00:00
[2023-05-08T22:17:21.600+0000] {processor.py:178} INFO - Processing /home/airflow/.local/lib/python3.7/site-packages/airflow/example_dags/example_branch_labels.py took 0.069 seconds
[2023-05-08T22:17:52.364+0000] {processor.py:156} INFO - Started process (PID=298) to work on /home/airflow/.local/lib/python3.7/site-packages/airflow/example_dags/example_branch_labels.py
[2023-05-08T22:17:52.365+0000] {processor.py:799} INFO - Processing file /home/airflow/.local/lib/python3.7/site-packages/airflow/example_dags/example_branch_labels.py for tasks to queue
[2023-05-08T22:17:52.366+0000] {logging_mixin.py:149} INFO - [2023-05-08T22:17:52.365+0000] {dagbag.py:541} INFO - Filling up the DagBag from /home/airflow/.local/lib/python3.7/site-packages/airflow/example_dags/example_branch_labels.py
[2023-05-08T22:17:52.373+0000] {processor.py:809} INFO - DAG(s) dict_keys(['example_branch_labels']) retrieved from /home/airflow/.local/lib/python3.7/site-packages/airflow/example_dags/example_branch_labels.py
[2023-05-08T22:17:52.395+0000] {logging_mixin.py:149} INFO - [2023-05-08T22:17:52.395+0000] {dag.py:2726} INFO - Sync 1 DAGs
[2023-05-08T22:17:52.414+0000] {logging_mixin.py:149} INFO - [2023-05-08T22:17:52.414+0000] {dag.py:3490} INFO - Setting next_dagrun for example_branch_labels to 2023-05-07T00:00:00+00:00, run_after=2023-05-08T00:00:00+00:00
[2023-05-08T22:17:52.428+0000] {processor.py:178} INFO - Processing /home/airflow/.local/lib/python3.7/site-packages/airflow/example_dags/example_branch_labels.py took 0.067 seconds
[2023-05-08T22:18:23.311+0000] {processor.py:156} INFO - Started process (PID=355) to work on /home/airflow/.local/lib/python3.7/site-packages/airflow/example_dags/example_branch_labels.py
[2023-05-08T22:18:23.312+0000] {processor.py:799} INFO - Processing file /home/airflow/.local/lib/python3.7/site-packages/airflow/example_dags/example_branch_labels.py for tasks to queue
[2023-05-08T22:18:23.313+0000] {logging_mixin.py:149} INFO - [2023-05-08T22:18:23.313+0000] {dagbag.py:541} INFO - Filling up the DagBag from /home/airflow/.local/lib/python3.7/site-packages/airflow/example_dags/example_branch_labels.py
[2023-05-08T22:18:23.319+0000] {processor.py:809} INFO - DAG(s) dict_keys(['example_branch_labels']) retrieved from /home/airflow/.local/lib/python3.7/site-packages/airflow/example_dags/example_branch_labels.py
[2023-05-08T22:18:23.341+0000] {logging_mixin.py:149} INFO - [2023-05-08T22:18:23.341+0000] {dag.py:2726} INFO - Sync 1 DAGs
[2023-05-08T22:18:23.363+0000] {logging_mixin.py:149} INFO - [2023-05-08T22:18:23.363+0000] {dag.py:3490} INFO - Setting next_dagrun for example_branch_labels to 2023-05-07T00:00:00+00:00, run_after=2023-05-08T00:00:00+00:00
[2023-05-08T22:18:23.377+0000] {processor.py:178} INFO - Processing /home/airflow/.local/lib/python3.7/site-packages/airflow/example_dags/example_branch_labels.py took 0.069 seconds
[2023-05-08T22:18:54.330+0000] {processor.py:156} INFO - Started process (PID=412) to work on /home/airflow/.local/lib/python3.7/site-packages/airflow/example_dags/example_branch_labels.py
[2023-05-08T22:18:54.331+0000] {processor.py:799} INFO - Processing file /home/airflow/.local/lib/python3.7/site-packages/airflow/example_dags/example_branch_labels.py for tasks to queue
[2023-05-08T22:18:54.331+0000] {logging_mixin.py:149} INFO - [2023-05-08T22:18:54.331+0000] {dagbag.py:541} INFO - Filling up the DagBag from /home/airflow/.local/lib/python3.7/site-packages/airflow/example_dags/example_branch_labels.py
[2023-05-08T22:18:54.337+0000] {processor.py:809} INFO - DAG(s) dict_keys(['example_branch_labels']) retrieved from /home/airflow/.local/lib/python3.7/site-packages/airflow/example_dags/example_branch_labels.py
[2023-05-08T22:18:54.360+0000] {logging_mixin.py:149} INFO - [2023-05-08T22:18:54.360+0000] {dag.py:2726} INFO - Sync 1 DAGs
[2023-05-08T22:18:54.381+0000] {logging_mixin.py:149} INFO - [2023-05-08T22:18:54.381+0000] {dag.py:3490} INFO - Setting next_dagrun for example_branch_labels to 2023-05-07T00:00:00+00:00, run_after=2023-05-08T00:00:00+00:00
[2023-05-08T22:18:54.395+0000] {processor.py:178} INFO - Processing /home/airflow/.local/lib/python3.7/site-packages/airflow/example_dags/example_branch_labels.py took 0.068 seconds
[2023-05-08T22:19:25.068+0000] {processor.py:156} INFO - Started process (PID=469) to work on /home/airflow/.local/lib/python3.7/site-packages/airflow/example_dags/example_branch_labels.py
[2023-05-08T22:19:25.069+0000] {processor.py:799} INFO - Processing file /home/airflow/.local/lib/python3.7/site-packages/airflow/example_dags/example_branch_labels.py for tasks to queue
[2023-05-08T22:19:25.070+0000] {logging_mixin.py:149} INFO - [2023-05-08T22:19:25.070+0000] {dagbag.py:541} INFO - Filling up the DagBag from /home/airflow/.local/lib/python3.7/site-packages/airflow/example_dags/example_branch_labels.py
[2023-05-08T22:19:25.075+0000] {processor.py:809} INFO - DAG(s) dict_keys(['example_branch_labels']) retrieved from /home/airflow/.local/lib/python3.7/site-packages/airflow/example_dags/example_branch_labels.py
[2023-05-08T22:19:25.098+0000] {logging_mixin.py:149} INFO - [2023-05-08T22:19:25.098+0000] {dag.py:2726} INFO - Sync 1 DAGs
[2023-05-08T22:19:25.118+0000] {logging_mixin.py:149} INFO - [2023-05-08T22:19:25.118+0000] {dag.py:3490} INFO - Setting next_dagrun for example_branch_labels to 2023-05-07T00:00:00+00:00, run_after=2023-05-08T00:00:00+00:00
[2023-05-08T22:19:25.131+0000] {processor.py:178} INFO - Processing /home/airflow/.local/lib/python3.7/site-packages/airflow/example_dags/example_branch_labels.py took 0.065 seconds
[2023-05-08T22:19:55.783+0000] {processor.py:156} INFO - Started process (PID=526) to work on /home/airflow/.local/lib/python3.7/site-packages/airflow/example_dags/example_branch_labels.py
[2023-05-08T22:19:55.784+0000] {processor.py:799} INFO - Processing file /home/airflow/.local/lib/python3.7/site-packages/airflow/example_dags/example_branch_labels.py for tasks to queue
[2023-05-08T22:19:55.785+0000] {logging_mixin.py:149} INFO - [2023-05-08T22:19:55.785+0000] {dagbag.py:541} INFO - Filling up the DagBag from /home/airflow/.local/lib/python3.7/site-packages/airflow/example_dags/example_branch_labels.py
[2023-05-08T22:19:55.791+0000] {processor.py:809} INFO - DAG(s) dict_keys(['example_branch_labels']) retrieved from /home/airflow/.local/lib/python3.7/site-packages/airflow/example_dags/example_branch_labels.py
[2023-05-08T22:19:55.812+0000] {logging_mixin.py:149} INFO - [2023-05-08T22:19:55.812+0000] {dag.py:2726} INFO - Sync 1 DAGs
[2023-05-08T22:19:55.832+0000] {logging_mixin.py:149} INFO - [2023-05-08T22:19:55.832+0000] {dag.py:3490} INFO - Setting next_dagrun for example_branch_labels to 2023-05-07T00:00:00+00:00, run_after=2023-05-08T00:00:00+00:00
[2023-05-08T22:19:55.845+0000] {processor.py:178} INFO - Processing /home/airflow/.local/lib/python3.7/site-packages/airflow/example_dags/example_branch_labels.py took 0.065 seconds
[2023-05-08T22:20:26.579+0000] {processor.py:156} INFO - Started process (PID=584) to work on /home/airflow/.local/lib/python3.7/site-packages/airflow/example_dags/example_branch_labels.py
[2023-05-08T22:20:26.580+0000] {processor.py:799} INFO - Processing file /home/airflow/.local/lib/python3.7/site-packages/airflow/example_dags/example_branch_labels.py for tasks to queue
[2023-05-08T22:20:26.580+0000] {logging_mixin.py:149} INFO - [2023-05-08T22:20:26.580+0000] {dagbag.py:541} INFO - Filling up the DagBag from /home/airflow/.local/lib/python3.7/site-packages/airflow/example_dags/example_branch_labels.py
[2023-05-08T22:20:26.586+0000] {processor.py:809} INFO - DAG(s) dict_keys(['example_branch_labels']) retrieved from /home/airflow/.local/lib/python3.7/site-packages/airflow/example_dags/example_branch_labels.py
[2023-05-08T22:20:26.608+0000] {logging_mixin.py:149} INFO - [2023-05-08T22:20:26.608+0000] {dag.py:2726} INFO - Sync 1 DAGs
[2023-05-08T22:20:26.628+0000] {logging_mixin.py:149} INFO - [2023-05-08T22:20:26.628+0000] {dag.py:3490} INFO - Setting next_dagrun for example_branch_labels to 2023-05-07T00:00:00+00:00, run_after=2023-05-08T00:00:00+00:00
[2023-05-08T22:20:26.642+0000] {processor.py:178} INFO - Processing /home/airflow/.local/lib/python3.7/site-packages/airflow/example_dags/example_branch_labels.py took 0.066 seconds
[2023-05-08T22:20:57.416+0000] {processor.py:156} INFO - Started process (PID=641) to work on /home/airflow/.local/lib/python3.7/site-packages/airflow/example_dags/example_branch_labels.py
[2023-05-08T22:20:57.417+0000] {processor.py:799} INFO - Processing file /home/airflow/.local/lib/python3.7/site-packages/airflow/example_dags/example_branch_labels.py for tasks to queue
[2023-05-08T22:20:57.417+0000] {logging_mixin.py:149} INFO - [2023-05-08T22:20:57.417+0000] {dagbag.py:541} INFO - Filling up the DagBag from /home/airflow/.local/lib/python3.7/site-packages/airflow/example_dags/example_branch_labels.py
[2023-05-08T22:20:57.423+0000] {processor.py:809} INFO - DAG(s) dict_keys(['example_branch_labels']) retrieved from /home/airflow/.local/lib/python3.7/site-packages/airflow/example_dags/example_branch_labels.py
[2023-05-08T22:20:57.447+0000] {logging_mixin.py:149} INFO - [2023-05-08T22:20:57.447+0000] {dag.py:2726} INFO - Sync 1 DAGs
[2023-05-08T22:20:57.469+0000] {logging_mixin.py:149} INFO - [2023-05-08T22:20:57.469+0000] {dag.py:3490} INFO - Setting next_dagrun for example_branch_labels to 2023-05-07T00:00:00+00:00, run_after=2023-05-08T00:00:00+00:00
[2023-05-08T22:20:57.482+0000] {processor.py:178} INFO - Processing /home/airflow/.local/lib/python3.7/site-packages/airflow/example_dags/example_branch_labels.py took 0.069 seconds
[2023-05-08T22:21:28.184+0000] {processor.py:156} INFO - Started process (PID=698) to work on /home/airflow/.local/lib/python3.7/site-packages/airflow/example_dags/example_branch_labels.py
[2023-05-08T22:21:28.185+0000] {processor.py:799} INFO - Processing file /home/airflow/.local/lib/python3.7/site-packages/airflow/example_dags/example_branch_labels.py for tasks to queue
[2023-05-08T22:21:28.186+0000] {logging_mixin.py:149} INFO - [2023-05-08T22:21:28.186+0000] {dagbag.py:541} INFO - Filling up the DagBag from /home/airflow/.local/lib/python3.7/site-packages/airflow/example_dags/example_branch_labels.py
[2023-05-08T22:21:28.192+0000] {processor.py:809} INFO - DAG(s) dict_keys(['example_branch_labels']) retrieved from /home/airflow/.local/lib/python3.7/site-packages/airflow/example_dags/example_branch_labels.py
[2023-05-08T22:21:28.214+0000] {logging_mixin.py:149} INFO - [2023-05-08T22:21:28.214+0000] {dag.py:2726} INFO - Sync 1 DAGs
[2023-05-08T22:21:28.236+0000] {logging_mixin.py:149} INFO - [2023-05-08T22:21:28.235+0000] {dag.py:3490} INFO - Setting next_dagrun for example_branch_labels to 2023-05-07T00:00:00+00:00, run_after=2023-05-08T00:00:00+00:00
[2023-05-08T22:21:28.249+0000] {processor.py:178} INFO - Processing /home/airflow/.local/lib/python3.7/site-packages/airflow/example_dags/example_branch_labels.py took 0.067 seconds
[2023-05-08T22:22:10.367+0000] {processor.py:156} INFO - Started process (PID=71) to work on /home/airflow/.local/lib/python3.7/site-packages/airflow/example_dags/example_branch_labels.py
[2023-05-08T22:22:10.371+0000] {processor.py:799} INFO - Processing file /home/airflow/.local/lib/python3.7/site-packages/airflow/example_dags/example_branch_labels.py for tasks to queue
[2023-05-08T22:22:10.373+0000] {logging_mixin.py:149} INFO - [2023-05-08T22:22:10.373+0000] {dagbag.py:541} INFO - Filling up the DagBag from /home/airflow/.local/lib/python3.7/site-packages/airflow/example_dags/example_branch_labels.py
[2023-05-08T22:22:10.390+0000] {processor.py:809} INFO - DAG(s) dict_keys(['example_branch_labels']) retrieved from /home/airflow/.local/lib/python3.7/site-packages/airflow/example_dags/example_branch_labels.py
[2023-05-08T22:22:10.423+0000] {logging_mixin.py:149} INFO - [2023-05-08T22:22:10.423+0000] {dag.py:2726} INFO - Sync 1 DAGs
[2023-05-08T22:22:10.449+0000] {logging_mixin.py:149} INFO - [2023-05-08T22:22:10.449+0000] {dag.py:3490} INFO - Setting next_dagrun for example_branch_labels to 2023-05-07T00:00:00+00:00, run_after=2023-05-08T00:00:00+00:00
[2023-05-08T22:22:10.465+0000] {processor.py:178} INFO - Processing /home/airflow/.local/lib/python3.7/site-packages/airflow/example_dags/example_branch_labels.py took 0.110 seconds
[2023-05-08T22:22:41.096+0000] {processor.py:156} INFO - Started process (PID=128) to work on /home/airflow/.local/lib/python3.7/site-packages/airflow/example_dags/example_branch_labels.py
[2023-05-08T22:22:41.097+0000] {processor.py:799} INFO - Processing file /home/airflow/.local/lib/python3.7/site-packages/airflow/example_dags/example_branch_labels.py for tasks to queue
[2023-05-08T22:22:41.097+0000] {logging_mixin.py:149} INFO - [2023-05-08T22:22:41.097+0000] {dagbag.py:541} INFO - Filling up the DagBag from /home/airflow/.local/lib/python3.7/site-packages/airflow/example_dags/example_branch_labels.py
[2023-05-08T22:22:41.102+0000] {processor.py:809} INFO - DAG(s) dict_keys(['example_branch_labels']) retrieved from /home/airflow/.local/lib/python3.7/site-packages/airflow/example_dags/example_branch_labels.py
[2023-05-08T22:22:41.123+0000] {logging_mixin.py:149} INFO - [2023-05-08T22:22:41.123+0000] {dag.py:2726} INFO - Sync 1 DAGs
[2023-05-08T22:22:41.143+0000] {logging_mixin.py:149} INFO - [2023-05-08T22:22:41.142+0000] {dag.py:3490} INFO - Setting next_dagrun for example_branch_labels to 2023-05-07T00:00:00+00:00, run_after=2023-05-08T00:00:00+00:00
[2023-05-08T22:22:41.156+0000] {processor.py:178} INFO - Processing /home/airflow/.local/lib/python3.7/site-packages/airflow/example_dags/example_branch_labels.py took 0.063 seconds
[2023-05-08T22:23:11.367+0000] {processor.py:156} INFO - Started process (PID=185) to work on /home/airflow/.local/lib/python3.7/site-packages/airflow/example_dags/example_branch_labels.py
[2023-05-08T22:23:11.368+0000] {processor.py:799} INFO - Processing file /home/airflow/.local/lib/python3.7/site-packages/airflow/example_dags/example_branch_labels.py for tasks to queue
[2023-05-08T22:23:11.369+0000] {logging_mixin.py:149} INFO - [2023-05-08T22:23:11.369+0000] {dagbag.py:541} INFO - Filling up the DagBag from /home/airflow/.local/lib/python3.7/site-packages/airflow/example_dags/example_branch_labels.py
[2023-05-08T22:23:11.373+0000] {processor.py:809} INFO - DAG(s) dict_keys(['example_branch_labels']) retrieved from /home/airflow/.local/lib/python3.7/site-packages/airflow/example_dags/example_branch_labels.py
[2023-05-08T22:23:11.394+0000] {logging_mixin.py:149} INFO - [2023-05-08T22:23:11.394+0000] {dag.py:2726} INFO - Sync 1 DAGs
[2023-05-08T22:23:11.413+0000] {logging_mixin.py:149} INFO - [2023-05-08T22:23:11.413+0000] {dag.py:3490} INFO - Setting next_dagrun for example_branch_labels to 2023-05-07T00:00:00+00:00, run_after=2023-05-08T00:00:00+00:00
[2023-05-08T22:23:11.425+0000] {processor.py:178} INFO - Processing /home/airflow/.local/lib/python3.7/site-packages/airflow/example_dags/example_branch_labels.py took 0.061 seconds
[2023-05-08T22:23:42.081+0000] {processor.py:156} INFO - Started process (PID=242) to work on /home/airflow/.local/lib/python3.7/site-packages/airflow/example_dags/example_branch_labels.py
[2023-05-08T22:23:42.082+0000] {processor.py:799} INFO - Processing file /home/airflow/.local/lib/python3.7/site-packages/airflow/example_dags/example_branch_labels.py for tasks to queue
[2023-05-08T22:23:42.082+0000] {logging_mixin.py:149} INFO - [2023-05-08T22:23:42.082+0000] {dagbag.py:541} INFO - Filling up the DagBag from /home/airflow/.local/lib/python3.7/site-packages/airflow/example_dags/example_branch_labels.py
[2023-05-08T22:23:42.087+0000] {processor.py:809} INFO - DAG(s) dict_keys(['example_branch_labels']) retrieved from /home/airflow/.local/lib/python3.7/site-packages/airflow/example_dags/example_branch_labels.py
[2023-05-08T22:23:42.111+0000] {logging_mixin.py:149} INFO - [2023-05-08T22:23:42.111+0000] {dag.py:2726} INFO - Sync 1 DAGs
[2023-05-08T22:23:42.130+0000] {logging_mixin.py:149} INFO - [2023-05-08T22:23:42.130+0000] {dag.py:3490} INFO - Setting next_dagrun for example_branch_labels to 2023-05-07T00:00:00+00:00, run_after=2023-05-08T00:00:00+00:00
[2023-05-08T22:23:42.144+0000] {processor.py:178} INFO - Processing /home/airflow/.local/lib/python3.7/site-packages/airflow/example_dags/example_branch_labels.py took 0.066 seconds
[2023-05-08T22:24:12.956+0000] {processor.py:156} INFO - Started process (PID=299) to work on /home/airflow/.local/lib/python3.7/site-packages/airflow/example_dags/example_branch_labels.py
[2023-05-08T22:24:12.957+0000] {processor.py:799} INFO - Processing file /home/airflow/.local/lib/python3.7/site-packages/airflow/example_dags/example_branch_labels.py for tasks to queue
[2023-05-08T22:24:12.957+0000] {logging_mixin.py:149} INFO - [2023-05-08T22:24:12.957+0000] {dagbag.py:541} INFO - Filling up the DagBag from /home/airflow/.local/lib/python3.7/site-packages/airflow/example_dags/example_branch_labels.py
[2023-05-08T22:24:12.962+0000] {processor.py:809} INFO - DAG(s) dict_keys(['example_branch_labels']) retrieved from /home/airflow/.local/lib/python3.7/site-packages/airflow/example_dags/example_branch_labels.py
[2023-05-08T22:24:12.984+0000] {logging_mixin.py:149} INFO - [2023-05-08T22:24:12.984+0000] {dag.py:2726} INFO - Sync 1 DAGs
[2023-05-08T22:24:13.002+0000] {logging_mixin.py:149} INFO - [2023-05-08T22:24:13.002+0000] {dag.py:3490} INFO - Setting next_dagrun for example_branch_labels to 2023-05-07T00:00:00+00:00, run_after=2023-05-08T00:00:00+00:00
[2023-05-08T22:24:13.015+0000] {processor.py:178} INFO - Processing /home/airflow/.local/lib/python3.7/site-packages/airflow/example_dags/example_branch_labels.py took 0.061 seconds
[2023-05-08T22:24:43.687+0000] {processor.py:156} INFO - Started process (PID=356) to work on /home/airflow/.local/lib/python3.7/site-packages/airflow/example_dags/example_branch_labels.py
[2023-05-08T22:24:43.687+0000] {processor.py:799} INFO - Processing file /home/airflow/.local/lib/python3.7/site-packages/airflow/example_dags/example_branch_labels.py for tasks to queue
[2023-05-08T22:24:43.688+0000] {logging_mixin.py:149} INFO - [2023-05-08T22:24:43.688+0000] {dagbag.py:541} INFO - Filling up the DagBag from /home/airflow/.local/lib/python3.7/site-packages/airflow/example_dags/example_branch_labels.py
[2023-05-08T22:24:43.693+0000] {processor.py:809} INFO - DAG(s) dict_keys(['example_branch_labels']) retrieved from /home/airflow/.local/lib/python3.7/site-packages/airflow/example_dags/example_branch_labels.py
[2023-05-08T22:24:43.716+0000] {logging_mixin.py:149} INFO - [2023-05-08T22:24:43.715+0000] {dag.py:2726} INFO - Sync 1 DAGs
[2023-05-08T22:24:43.735+0000] {logging_mixin.py:149} INFO - [2023-05-08T22:24:43.735+0000] {dag.py:3490} INFO - Setting next_dagrun for example_branch_labels to 2023-05-07T00:00:00+00:00, run_after=2023-05-08T00:00:00+00:00
[2023-05-08T22:24:43.748+0000] {processor.py:178} INFO - Processing /home/airflow/.local/lib/python3.7/site-packages/airflow/example_dags/example_branch_labels.py took 0.064 seconds
[2023-05-08T22:25:14.403+0000] {processor.py:156} INFO - Started process (PID=413) to work on /home/airflow/.local/lib/python3.7/site-packages/airflow/example_dags/example_branch_labels.py
[2023-05-08T22:25:14.404+0000] {processor.py:799} INFO - Processing file /home/airflow/.local/lib/python3.7/site-packages/airflow/example_dags/example_branch_labels.py for tasks to queue
[2023-05-08T22:25:14.405+0000] {logging_mixin.py:149} INFO - [2023-05-08T22:25:14.405+0000] {dagbag.py:541} INFO - Filling up the DagBag from /home/airflow/.local/lib/python3.7/site-packages/airflow/example_dags/example_branch_labels.py
[2023-05-08T22:25:14.409+0000] {processor.py:809} INFO - DAG(s) dict_keys(['example_branch_labels']) retrieved from /home/airflow/.local/lib/python3.7/site-packages/airflow/example_dags/example_branch_labels.py
[2023-05-08T22:25:14.431+0000] {logging_mixin.py:149} INFO - [2023-05-08T22:25:14.431+0000] {dag.py:2726} INFO - Sync 1 DAGs
[2023-05-08T22:25:14.450+0000] {logging_mixin.py:149} INFO - [2023-05-08T22:25:14.450+0000] {dag.py:3490} INFO - Setting next_dagrun for example_branch_labels to 2023-05-07T00:00:00+00:00, run_after=2023-05-08T00:00:00+00:00
[2023-05-08T22:25:14.462+0000] {processor.py:178} INFO - Processing /home/airflow/.local/lib/python3.7/site-packages/airflow/example_dags/example_branch_labels.py took 0.062 seconds
[2023-05-08T22:26:01.499+0000] {processor.py:156} INFO - Started process (PID=71) to work on /home/airflow/.local/lib/python3.7/site-packages/airflow/example_dags/example_branch_labels.py
[2023-05-08T22:26:01.501+0000] {processor.py:799} INFO - Processing file /home/airflow/.local/lib/python3.7/site-packages/airflow/example_dags/example_branch_labels.py for tasks to queue
[2023-05-08T22:26:01.502+0000] {logging_mixin.py:149} INFO - [2023-05-08T22:26:01.502+0000] {dagbag.py:541} INFO - Filling up the DagBag from /home/airflow/.local/lib/python3.7/site-packages/airflow/example_dags/example_branch_labels.py
[2023-05-08T22:26:01.524+0000] {processor.py:809} INFO - DAG(s) dict_keys(['example_branch_labels']) retrieved from /home/airflow/.local/lib/python3.7/site-packages/airflow/example_dags/example_branch_labels.py
[2023-05-08T22:26:01.572+0000] {logging_mixin.py:149} INFO - [2023-05-08T22:26:01.571+0000] {dag.py:2726} INFO - Sync 1 DAGs
[2023-05-08T22:26:01.660+0000] {logging_mixin.py:149} INFO - [2023-05-08T22:26:01.660+0000] {dag.py:3490} INFO - Setting next_dagrun for example_branch_labels to 2023-05-07T00:00:00+00:00, run_after=2023-05-08T00:00:00+00:00
[2023-05-08T22:26:01.727+0000] {processor.py:178} INFO - Processing /home/airflow/.local/lib/python3.7/site-packages/airflow/example_dags/example_branch_labels.py took 0.232 seconds
[2023-05-08T22:26:32.635+0000] {processor.py:156} INFO - Started process (PID=128) to work on /home/airflow/.local/lib/python3.7/site-packages/airflow/example_dags/example_branch_labels.py
[2023-05-08T22:26:32.637+0000] {processor.py:799} INFO - Processing file /home/airflow/.local/lib/python3.7/site-packages/airflow/example_dags/example_branch_labels.py for tasks to queue
[2023-05-08T22:26:32.639+0000] {logging_mixin.py:149} INFO - [2023-05-08T22:26:32.639+0000] {dagbag.py:541} INFO - Filling up the DagBag from /home/airflow/.local/lib/python3.7/site-packages/airflow/example_dags/example_branch_labels.py
[2023-05-08T22:26:32.648+0000] {processor.py:809} INFO - DAG(s) dict_keys(['example_branch_labels']) retrieved from /home/airflow/.local/lib/python3.7/site-packages/airflow/example_dags/example_branch_labels.py
[2023-05-08T22:26:32.681+0000] {logging_mixin.py:149} INFO - [2023-05-08T22:26:32.681+0000] {dag.py:2726} INFO - Sync 1 DAGs
[2023-05-08T22:26:32.702+0000] {logging_mixin.py:149} INFO - [2023-05-08T22:26:32.702+0000] {dag.py:3490} INFO - Setting next_dagrun for example_branch_labels to 2023-05-07T00:00:00+00:00, run_after=2023-05-08T00:00:00+00:00
[2023-05-08T22:26:32.715+0000] {processor.py:178} INFO - Processing /home/airflow/.local/lib/python3.7/site-packages/airflow/example_dags/example_branch_labels.py took 0.086 seconds
[2023-05-08T22:27:03.505+0000] {processor.py:156} INFO - Started process (PID=185) to work on /home/airflow/.local/lib/python3.7/site-packages/airflow/example_dags/example_branch_labels.py
[2023-05-08T22:27:03.507+0000] {processor.py:799} INFO - Processing file /home/airflow/.local/lib/python3.7/site-packages/airflow/example_dags/example_branch_labels.py for tasks to queue
[2023-05-08T22:27:03.508+0000] {logging_mixin.py:149} INFO - [2023-05-08T22:27:03.507+0000] {dagbag.py:541} INFO - Filling up the DagBag from /home/airflow/.local/lib/python3.7/site-packages/airflow/example_dags/example_branch_labels.py
[2023-05-08T22:27:03.516+0000] {processor.py:809} INFO - DAG(s) dict_keys(['example_branch_labels']) retrieved from /home/airflow/.local/lib/python3.7/site-packages/airflow/example_dags/example_branch_labels.py
[2023-05-08T22:27:03.549+0000] {logging_mixin.py:149} INFO - [2023-05-08T22:27:03.549+0000] {dag.py:2726} INFO - Sync 1 DAGs
[2023-05-08T22:27:03.570+0000] {logging_mixin.py:149} INFO - [2023-05-08T22:27:03.570+0000] {dag.py:3490} INFO - Setting next_dagrun for example_branch_labels to 2023-05-07T00:00:00+00:00, run_after=2023-05-08T00:00:00+00:00
[2023-05-08T22:27:03.583+0000] {processor.py:178} INFO - Processing /home/airflow/.local/lib/python3.7/site-packages/airflow/example_dags/example_branch_labels.py took 0.081 seconds
[2023-05-08T22:27:34.152+0000] {processor.py:156} INFO - Started process (PID=242) to work on /home/airflow/.local/lib/python3.7/site-packages/airflow/example_dags/example_branch_labels.py
[2023-05-08T22:27:34.153+0000] {processor.py:799} INFO - Processing file /home/airflow/.local/lib/python3.7/site-packages/airflow/example_dags/example_branch_labels.py for tasks to queue
[2023-05-08T22:27:34.154+0000] {logging_mixin.py:149} INFO - [2023-05-08T22:27:34.154+0000] {dagbag.py:541} INFO - Filling up the DagBag from /home/airflow/.local/lib/python3.7/site-packages/airflow/example_dags/example_branch_labels.py
[2023-05-08T22:27:34.161+0000] {processor.py:809} INFO - DAG(s) dict_keys(['example_branch_labels']) retrieved from /home/airflow/.local/lib/python3.7/site-packages/airflow/example_dags/example_branch_labels.py
[2023-05-08T22:27:34.192+0000] {logging_mixin.py:149} INFO - [2023-05-08T22:27:34.191+0000] {dag.py:2726} INFO - Sync 1 DAGs
[2023-05-08T22:27:34.212+0000] {logging_mixin.py:149} INFO - [2023-05-08T22:27:34.211+0000] {dag.py:3490} INFO - Setting next_dagrun for example_branch_labels to 2023-05-07T00:00:00+00:00, run_after=2023-05-08T00:00:00+00:00
[2023-05-08T22:27:34.225+0000] {processor.py:178} INFO - Processing /home/airflow/.local/lib/python3.7/site-packages/airflow/example_dags/example_branch_labels.py took 0.077 seconds
[2023-05-08T22:28:04.735+0000] {processor.py:156} INFO - Started process (PID=299) to work on /home/airflow/.local/lib/python3.7/site-packages/airflow/example_dags/example_branch_labels.py
[2023-05-08T22:28:04.737+0000] {processor.py:799} INFO - Processing file /home/airflow/.local/lib/python3.7/site-packages/airflow/example_dags/example_branch_labels.py for tasks to queue
[2023-05-08T22:28:04.738+0000] {logging_mixin.py:149} INFO - [2023-05-08T22:28:04.738+0000] {dagbag.py:541} INFO - Filling up the DagBag from /home/airflow/.local/lib/python3.7/site-packages/airflow/example_dags/example_branch_labels.py
[2023-05-08T22:28:04.746+0000] {processor.py:809} INFO - DAG(s) dict_keys(['example_branch_labels']) retrieved from /home/airflow/.local/lib/python3.7/site-packages/airflow/example_dags/example_branch_labels.py
[2023-05-08T22:28:04.782+0000] {logging_mixin.py:149} INFO - [2023-05-08T22:28:04.782+0000] {dag.py:2726} INFO - Sync 1 DAGs
[2023-05-08T22:28:04.807+0000] {logging_mixin.py:149} INFO - [2023-05-08T22:28:04.807+0000] {dag.py:3490} INFO - Setting next_dagrun for example_branch_labels to 2023-05-07T00:00:00+00:00, run_after=2023-05-08T00:00:00+00:00
[2023-05-08T22:28:04.825+0000] {processor.py:178} INFO - Processing /home/airflow/.local/lib/python3.7/site-packages/airflow/example_dags/example_branch_labels.py took 0.095 seconds
[2023-05-08T22:28:35.420+0000] {processor.py:156} INFO - Started process (PID=356) to work on /home/airflow/.local/lib/python3.7/site-packages/airflow/example_dags/example_branch_labels.py
[2023-05-08T22:28:35.422+0000] {processor.py:799} INFO - Processing file /home/airflow/.local/lib/python3.7/site-packages/airflow/example_dags/example_branch_labels.py for tasks to queue
[2023-05-08T22:28:35.424+0000] {logging_mixin.py:149} INFO - [2023-05-08T22:28:35.424+0000] {dagbag.py:541} INFO - Filling up the DagBag from /home/airflow/.local/lib/python3.7/site-packages/airflow/example_dags/example_branch_labels.py
[2023-05-08T22:28:35.436+0000] {processor.py:809} INFO - DAG(s) dict_keys(['example_branch_labels']) retrieved from /home/airflow/.local/lib/python3.7/site-packages/airflow/example_dags/example_branch_labels.py
[2023-05-08T22:28:35.485+0000] {logging_mixin.py:149} INFO - [2023-05-08T22:28:35.485+0000] {dag.py:2726} INFO - Sync 1 DAGs
[2023-05-08T22:28:35.556+0000] {logging_mixin.py:149} INFO - [2023-05-08T22:28:35.555+0000] {dag.py:3490} INFO - Setting next_dagrun for example_branch_labels to 2023-05-07T00:00:00+00:00, run_after=2023-05-08T00:00:00+00:00
[2023-05-08T22:28:35.588+0000] {processor.py:178} INFO - Processing /home/airflow/.local/lib/python3.7/site-packages/airflow/example_dags/example_branch_labels.py took 0.174 seconds
[2023-05-08T22:29:06.211+0000] {processor.py:156} INFO - Started process (PID=413) to work on /home/airflow/.local/lib/python3.7/site-packages/airflow/example_dags/example_branch_labels.py
[2023-05-08T22:29:06.213+0000] {processor.py:799} INFO - Processing file /home/airflow/.local/lib/python3.7/site-packages/airflow/example_dags/example_branch_labels.py for tasks to queue
[2023-05-08T22:29:06.215+0000] {logging_mixin.py:149} INFO - [2023-05-08T22:29:06.214+0000] {dagbag.py:541} INFO - Filling up the DagBag from /home/airflow/.local/lib/python3.7/site-packages/airflow/example_dags/example_branch_labels.py
[2023-05-08T22:29:06.225+0000] {processor.py:809} INFO - DAG(s) dict_keys(['example_branch_labels']) retrieved from /home/airflow/.local/lib/python3.7/site-packages/airflow/example_dags/example_branch_labels.py
[2023-05-08T22:29:06.254+0000] {logging_mixin.py:149} INFO - [2023-05-08T22:29:06.254+0000] {dag.py:2726} INFO - Sync 1 DAGs
[2023-05-08T22:29:06.275+0000] {logging_mixin.py:149} INFO - [2023-05-08T22:29:06.275+0000] {dag.py:3490} INFO - Setting next_dagrun for example_branch_labels to 2023-05-07T00:00:00+00:00, run_after=2023-05-08T00:00:00+00:00
[2023-05-08T22:29:06.289+0000] {processor.py:178} INFO - Processing /home/airflow/.local/lib/python3.7/site-packages/airflow/example_dags/example_branch_labels.py took 0.084 seconds
[2023-05-08T22:29:36.858+0000] {processor.py:156} INFO - Started process (PID=470) to work on /home/airflow/.local/lib/python3.7/site-packages/airflow/example_dags/example_branch_labels.py
[2023-05-08T22:29:36.860+0000] {processor.py:799} INFO - Processing file /home/airflow/.local/lib/python3.7/site-packages/airflow/example_dags/example_branch_labels.py for tasks to queue
[2023-05-08T22:29:36.861+0000] {logging_mixin.py:149} INFO - [2023-05-08T22:29:36.861+0000] {dagbag.py:541} INFO - Filling up the DagBag from /home/airflow/.local/lib/python3.7/site-packages/airflow/example_dags/example_branch_labels.py
[2023-05-08T22:29:36.871+0000] {processor.py:809} INFO - DAG(s) dict_keys(['example_branch_labels']) retrieved from /home/airflow/.local/lib/python3.7/site-packages/airflow/example_dags/example_branch_labels.py
[2023-05-08T22:29:36.901+0000] {logging_mixin.py:149} INFO - [2023-05-08T22:29:36.901+0000] {dag.py:2726} INFO - Sync 1 DAGs
[2023-05-08T22:29:36.924+0000] {logging_mixin.py:149} INFO - [2023-05-08T22:29:36.924+0000] {dag.py:3490} INFO - Setting next_dagrun for example_branch_labels to 2023-05-07T00:00:00+00:00, run_after=2023-05-08T00:00:00+00:00
[2023-05-08T22:29:36.941+0000] {processor.py:178} INFO - Processing /home/airflow/.local/lib/python3.7/site-packages/airflow/example_dags/example_branch_labels.py took 0.088 seconds
[2023-05-08T22:30:07.686+0000] {processor.py:156} INFO - Started process (PID=527) to work on /home/airflow/.local/lib/python3.7/site-packages/airflow/example_dags/example_branch_labels.py
[2023-05-08T22:30:07.688+0000] {processor.py:799} INFO - Processing file /home/airflow/.local/lib/python3.7/site-packages/airflow/example_dags/example_branch_labels.py for tasks to queue
[2023-05-08T22:30:07.689+0000] {logging_mixin.py:149} INFO - [2023-05-08T22:30:07.689+0000] {dagbag.py:541} INFO - Filling up the DagBag from /home/airflow/.local/lib/python3.7/site-packages/airflow/example_dags/example_branch_labels.py
[2023-05-08T22:30:07.697+0000] {processor.py:809} INFO - DAG(s) dict_keys(['example_branch_labels']) retrieved from /home/airflow/.local/lib/python3.7/site-packages/airflow/example_dags/example_branch_labels.py
[2023-05-08T22:30:07.725+0000] {logging_mixin.py:149} INFO - [2023-05-08T22:30:07.725+0000] {dag.py:2726} INFO - Sync 1 DAGs
[2023-05-08T22:30:07.746+0000] {logging_mixin.py:149} INFO - [2023-05-08T22:30:07.746+0000] {dag.py:3490} INFO - Setting next_dagrun for example_branch_labels to 2023-05-07T00:00:00+00:00, run_after=2023-05-08T00:00:00+00:00
[2023-05-08T22:30:07.759+0000] {processor.py:178} INFO - Processing /home/airflow/.local/lib/python3.7/site-packages/airflow/example_dags/example_branch_labels.py took 0.076 seconds
[2023-05-08T22:30:38.359+0000] {processor.py:156} INFO - Started process (PID=584) to work on /home/airflow/.local/lib/python3.7/site-packages/airflow/example_dags/example_branch_labels.py
[2023-05-08T22:30:38.362+0000] {processor.py:799} INFO - Processing file /home/airflow/.local/lib/python3.7/site-packages/airflow/example_dags/example_branch_labels.py for tasks to queue
[2023-05-08T22:30:38.363+0000] {logging_mixin.py:149} INFO - [2023-05-08T22:30:38.363+0000] {dagbag.py:541} INFO - Filling up the DagBag from /home/airflow/.local/lib/python3.7/site-packages/airflow/example_dags/example_branch_labels.py
[2023-05-08T22:30:38.382+0000] {processor.py:809} INFO - DAG(s) dict_keys(['example_branch_labels']) retrieved from /home/airflow/.local/lib/python3.7/site-packages/airflow/example_dags/example_branch_labels.py
[2023-05-08T22:30:38.437+0000] {logging_mixin.py:149} INFO - [2023-05-08T22:30:38.437+0000] {dag.py:2726} INFO - Sync 1 DAGs
[2023-05-08T22:30:38.466+0000] {logging_mixin.py:149} INFO - [2023-05-08T22:30:38.466+0000] {dag.py:3490} INFO - Setting next_dagrun for example_branch_labels to 2023-05-07T00:00:00+00:00, run_after=2023-05-08T00:00:00+00:00
[2023-05-08T22:30:38.485+0000] {processor.py:178} INFO - Processing /home/airflow/.local/lib/python3.7/site-packages/airflow/example_dags/example_branch_labels.py took 0.131 seconds
[2023-05-08T22:31:09.339+0000] {processor.py:156} INFO - Started process (PID=641) to work on /home/airflow/.local/lib/python3.7/site-packages/airflow/example_dags/example_branch_labels.py
[2023-05-08T22:31:09.341+0000] {processor.py:799} INFO - Processing file /home/airflow/.local/lib/python3.7/site-packages/airflow/example_dags/example_branch_labels.py for tasks to queue
[2023-05-08T22:31:09.343+0000] {logging_mixin.py:149} INFO - [2023-05-08T22:31:09.343+0000] {dagbag.py:541} INFO - Filling up the DagBag from /home/airflow/.local/lib/python3.7/site-packages/airflow/example_dags/example_branch_labels.py
[2023-05-08T22:31:09.353+0000] {processor.py:809} INFO - DAG(s) dict_keys(['example_branch_labels']) retrieved from /home/airflow/.local/lib/python3.7/site-packages/airflow/example_dags/example_branch_labels.py
[2023-05-08T22:31:09.382+0000] {logging_mixin.py:149} INFO - [2023-05-08T22:31:09.382+0000] {dag.py:2726} INFO - Sync 1 DAGs
[2023-05-08T22:31:09.403+0000] {logging_mixin.py:149} INFO - [2023-05-08T22:31:09.403+0000] {dag.py:3490} INFO - Setting next_dagrun for example_branch_labels to 2023-05-07T00:00:00+00:00, run_after=2023-05-08T00:00:00+00:00
[2023-05-08T22:31:09.417+0000] {processor.py:178} INFO - Processing /home/airflow/.local/lib/python3.7/site-packages/airflow/example_dags/example_branch_labels.py took 0.085 seconds
[2023-05-08T22:31:39.891+0000] {processor.py:156} INFO - Started process (PID=698) to work on /home/airflow/.local/lib/python3.7/site-packages/airflow/example_dags/example_branch_labels.py
[2023-05-08T22:31:39.893+0000] {processor.py:799} INFO - Processing file /home/airflow/.local/lib/python3.7/site-packages/airflow/example_dags/example_branch_labels.py for tasks to queue
[2023-05-08T22:31:39.894+0000] {logging_mixin.py:149} INFO - [2023-05-08T22:31:39.894+0000] {dagbag.py:541} INFO - Filling up the DagBag from /home/airflow/.local/lib/python3.7/site-packages/airflow/example_dags/example_branch_labels.py
[2023-05-08T22:31:39.902+0000] {processor.py:809} INFO - DAG(s) dict_keys(['example_branch_labels']) retrieved from /home/airflow/.local/lib/python3.7/site-packages/airflow/example_dags/example_branch_labels.py
[2023-05-08T22:31:39.929+0000] {logging_mixin.py:149} INFO - [2023-05-08T22:31:39.929+0000] {dag.py:2726} INFO - Sync 1 DAGs
[2023-05-08T22:31:39.950+0000] {logging_mixin.py:149} INFO - [2023-05-08T22:31:39.950+0000] {dag.py:3490} INFO - Setting next_dagrun for example_branch_labels to 2023-05-07T00:00:00+00:00, run_after=2023-05-08T00:00:00+00:00
[2023-05-08T22:31:39.963+0000] {processor.py:178} INFO - Processing /home/airflow/.local/lib/python3.7/site-packages/airflow/example_dags/example_branch_labels.py took 0.077 seconds
[2023-05-08T22:32:10.639+0000] {processor.py:156} INFO - Started process (PID=755) to work on /home/airflow/.local/lib/python3.7/site-packages/airflow/example_dags/example_branch_labels.py
[2023-05-08T22:32:10.641+0000] {processor.py:799} INFO - Processing file /home/airflow/.local/lib/python3.7/site-packages/airflow/example_dags/example_branch_labels.py for tasks to queue
[2023-05-08T22:32:10.642+0000] {logging_mixin.py:149} INFO - [2023-05-08T22:32:10.642+0000] {dagbag.py:541} INFO - Filling up the DagBag from /home/airflow/.local/lib/python3.7/site-packages/airflow/example_dags/example_branch_labels.py
[2023-05-08T22:32:10.654+0000] {processor.py:809} INFO - DAG(s) dict_keys(['example_branch_labels']) retrieved from /home/airflow/.local/lib/python3.7/site-packages/airflow/example_dags/example_branch_labels.py
[2023-05-08T22:32:10.687+0000] {logging_mixin.py:149} INFO - [2023-05-08T22:32:10.686+0000] {dag.py:2726} INFO - Sync 1 DAGs
[2023-05-08T22:32:10.715+0000] {logging_mixin.py:149} INFO - [2023-05-08T22:32:10.714+0000] {dag.py:3490} INFO - Setting next_dagrun for example_branch_labels to 2023-05-07T00:00:00+00:00, run_after=2023-05-08T00:00:00+00:00
[2023-05-08T22:32:10.732+0000] {processor.py:178} INFO - Processing /home/airflow/.local/lib/python3.7/site-packages/airflow/example_dags/example_branch_labels.py took 0.100 seconds
[2023-05-08T22:32:41.460+0000] {processor.py:156} INFO - Started process (PID=812) to work on /home/airflow/.local/lib/python3.7/site-packages/airflow/example_dags/example_branch_labels.py
[2023-05-08T22:32:41.463+0000] {processor.py:799} INFO - Processing file /home/airflow/.local/lib/python3.7/site-packages/airflow/example_dags/example_branch_labels.py for tasks to queue
[2023-05-08T22:32:41.465+0000] {logging_mixin.py:149} INFO - [2023-05-08T22:32:41.465+0000] {dagbag.py:541} INFO - Filling up the DagBag from /home/airflow/.local/lib/python3.7/site-packages/airflow/example_dags/example_branch_labels.py
[2023-05-08T22:32:41.478+0000] {processor.py:809} INFO - DAG(s) dict_keys(['example_branch_labels']) retrieved from /home/airflow/.local/lib/python3.7/site-packages/airflow/example_dags/example_branch_labels.py
[2023-05-08T22:32:41.514+0000] {logging_mixin.py:149} INFO - [2023-05-08T22:32:41.514+0000] {dag.py:2726} INFO - Sync 1 DAGs
[2023-05-08T22:32:41.538+0000] {logging_mixin.py:149} INFO - [2023-05-08T22:32:41.537+0000] {dag.py:3490} INFO - Setting next_dagrun for example_branch_labels to 2023-05-07T00:00:00+00:00, run_after=2023-05-08T00:00:00+00:00
[2023-05-08T22:32:41.552+0000] {processor.py:178} INFO - Processing /home/airflow/.local/lib/python3.7/site-packages/airflow/example_dags/example_branch_labels.py took 0.097 seconds
[2023-05-08T22:33:11.673+0000] {processor.py:156} INFO - Started process (PID=869) to work on /home/airflow/.local/lib/python3.7/site-packages/airflow/example_dags/example_branch_labels.py
[2023-05-08T22:33:11.674+0000] {processor.py:799} INFO - Processing file /home/airflow/.local/lib/python3.7/site-packages/airflow/example_dags/example_branch_labels.py for tasks to queue
[2023-05-08T22:33:11.674+0000] {logging_mixin.py:149} INFO - [2023-05-08T22:33:11.674+0000] {dagbag.py:541} INFO - Filling up the DagBag from /home/airflow/.local/lib/python3.7/site-packages/airflow/example_dags/example_branch_labels.py
[2023-05-08T22:33:11.680+0000] {processor.py:809} INFO - DAG(s) dict_keys(['example_branch_labels']) retrieved from /home/airflow/.local/lib/python3.7/site-packages/airflow/example_dags/example_branch_labels.py
[2023-05-08T22:33:11.706+0000] {logging_mixin.py:149} INFO - [2023-05-08T22:33:11.706+0000] {dag.py:2726} INFO - Sync 1 DAGs
[2023-05-08T22:33:11.730+0000] {logging_mixin.py:149} INFO - [2023-05-08T22:33:11.730+0000] {dag.py:3490} INFO - Setting next_dagrun for example_branch_labels to 2023-05-07T00:00:00+00:00, run_after=2023-05-08T00:00:00+00:00
[2023-05-08T22:33:11.743+0000] {processor.py:178} INFO - Processing /home/airflow/.local/lib/python3.7/site-packages/airflow/example_dags/example_branch_labels.py took 0.073 seconds
[2023-05-08T22:33:43.564+0000] {processor.py:156} INFO - Started process (PID=926) to work on /home/airflow/.local/lib/python3.7/site-packages/airflow/example_dags/example_branch_labels.py
[2023-05-08T22:33:43.566+0000] {processor.py:799} INFO - Processing file /home/airflow/.local/lib/python3.7/site-packages/airflow/example_dags/example_branch_labels.py for tasks to queue
[2023-05-08T22:33:43.567+0000] {logging_mixin.py:149} INFO - [2023-05-08T22:33:43.567+0000] {dagbag.py:541} INFO - Filling up the DagBag from /home/airflow/.local/lib/python3.7/site-packages/airflow/example_dags/example_branch_labels.py
[2023-05-08T22:33:43.572+0000] {processor.py:809} INFO - DAG(s) dict_keys(['example_branch_labels']) retrieved from /home/airflow/.local/lib/python3.7/site-packages/airflow/example_dags/example_branch_labels.py
[2023-05-08T22:33:43.597+0000] {logging_mixin.py:149} INFO - [2023-05-08T22:33:43.597+0000] {dag.py:2726} INFO - Sync 1 DAGs
[2023-05-08T22:33:43.628+0000] {logging_mixin.py:149} INFO - [2023-05-08T22:33:43.628+0000] {dag.py:3490} INFO - Setting next_dagrun for example_branch_labels to 2023-05-07T00:00:00+00:00, run_after=2023-05-08T00:00:00+00:00
[2023-05-08T22:33:43.644+0000] {processor.py:178} INFO - Processing /home/airflow/.local/lib/python3.7/site-packages/airflow/example_dags/example_branch_labels.py took 0.082 seconds
[2023-05-08T22:34:13.913+0000] {processor.py:156} INFO - Started process (PID=983) to work on /home/airflow/.local/lib/python3.7/site-packages/airflow/example_dags/example_branch_labels.py
[2023-05-08T22:34:13.915+0000] {processor.py:799} INFO - Processing file /home/airflow/.local/lib/python3.7/site-packages/airflow/example_dags/example_branch_labels.py for tasks to queue
[2023-05-08T22:34:13.915+0000] {logging_mixin.py:149} INFO - [2023-05-08T22:34:13.915+0000] {dagbag.py:541} INFO - Filling up the DagBag from /home/airflow/.local/lib/python3.7/site-packages/airflow/example_dags/example_branch_labels.py
[2023-05-08T22:34:13.921+0000] {processor.py:809} INFO - DAG(s) dict_keys(['example_branch_labels']) retrieved from /home/airflow/.local/lib/python3.7/site-packages/airflow/example_dags/example_branch_labels.py
[2023-05-08T22:34:13.943+0000] {logging_mixin.py:149} INFO - [2023-05-08T22:34:13.943+0000] {dag.py:2726} INFO - Sync 1 DAGs
[2023-05-08T22:34:13.964+0000] {logging_mixin.py:149} INFO - [2023-05-08T22:34:13.963+0000] {dag.py:3490} INFO - Setting next_dagrun for example_branch_labels to 2023-05-07T00:00:00+00:00, run_after=2023-05-08T00:00:00+00:00
[2023-05-08T22:34:13.981+0000] {processor.py:178} INFO - Processing /home/airflow/.local/lib/python3.7/site-packages/airflow/example_dags/example_branch_labels.py took 0.071 seconds
[2023-05-08T22:34:44.461+0000] {processor.py:156} INFO - Started process (PID=1041) to work on /home/airflow/.local/lib/python3.7/site-packages/airflow/example_dags/example_branch_labels.py
[2023-05-08T22:34:44.462+0000] {processor.py:799} INFO - Processing file /home/airflow/.local/lib/python3.7/site-packages/airflow/example_dags/example_branch_labels.py for tasks to queue
[2023-05-08T22:34:44.462+0000] {logging_mixin.py:149} INFO - [2023-05-08T22:34:44.462+0000] {dagbag.py:541} INFO - Filling up the DagBag from /home/airflow/.local/lib/python3.7/site-packages/airflow/example_dags/example_branch_labels.py
[2023-05-08T22:34:44.468+0000] {processor.py:809} INFO - DAG(s) dict_keys(['example_branch_labels']) retrieved from /home/airflow/.local/lib/python3.7/site-packages/airflow/example_dags/example_branch_labels.py
[2023-05-08T22:34:44.490+0000] {logging_mixin.py:149} INFO - [2023-05-08T22:34:44.490+0000] {dag.py:2726} INFO - Sync 1 DAGs
[2023-05-08T22:34:44.509+0000] {logging_mixin.py:149} INFO - [2023-05-08T22:34:44.509+0000] {dag.py:3490} INFO - Setting next_dagrun for example_branch_labels to 2023-05-07T00:00:00+00:00, run_after=2023-05-08T00:00:00+00:00
[2023-05-08T22:34:44.522+0000] {processor.py:178} INFO - Processing /home/airflow/.local/lib/python3.7/site-packages/airflow/example_dags/example_branch_labels.py took 0.064 seconds
[2023-05-08T22:35:14.753+0000] {processor.py:156} INFO - Started process (PID=1097) to work on /home/airflow/.local/lib/python3.7/site-packages/airflow/example_dags/example_branch_labels.py
[2023-05-08T22:35:14.754+0000] {processor.py:799} INFO - Processing file /home/airflow/.local/lib/python3.7/site-packages/airflow/example_dags/example_branch_labels.py for tasks to queue
[2023-05-08T22:35:14.754+0000] {logging_mixin.py:149} INFO - [2023-05-08T22:35:14.754+0000] {dagbag.py:541} INFO - Filling up the DagBag from /home/airflow/.local/lib/python3.7/site-packages/airflow/example_dags/example_branch_labels.py
[2023-05-08T22:35:14.760+0000] {processor.py:809} INFO - DAG(s) dict_keys(['example_branch_labels']) retrieved from /home/airflow/.local/lib/python3.7/site-packages/airflow/example_dags/example_branch_labels.py
[2023-05-08T22:35:14.782+0000] {logging_mixin.py:149} INFO - [2023-05-08T22:35:14.782+0000] {dag.py:2726} INFO - Sync 1 DAGs
[2023-05-08T22:35:14.802+0000] {logging_mixin.py:149} INFO - [2023-05-08T22:35:14.802+0000] {dag.py:3490} INFO - Setting next_dagrun for example_branch_labels to 2023-05-07T00:00:00+00:00, run_after=2023-05-08T00:00:00+00:00
[2023-05-08T22:35:14.815+0000] {processor.py:178} INFO - Processing /home/airflow/.local/lib/python3.7/site-packages/airflow/example_dags/example_branch_labels.py took 0.065 seconds
