[2023-05-08T20:36:13.218+0000] {processor.py:156} INFO - Started process (PID=57) to work on /home/airflow/.local/lib/python3.7/site-packages/airflow/example_dags/example_short_circuit_operator.py
[2023-05-08T20:36:13.232+0000] {processor.py:799} INFO - Processing file /home/airflow/.local/lib/python3.7/site-packages/airflow/example_dags/example_short_circuit_operator.py for tasks to queue
[2023-05-08T20:36:13.234+0000] {logging_mixin.py:149} INFO - [2023-05-08T20:36:13.234+0000] {dagbag.py:541} INFO - Filling up the DagBag from /home/airflow/.local/lib/python3.7/site-packages/airflow/example_dags/example_short_circuit_operator.py
[2023-05-08T20:36:13.257+0000] {processor.py:809} INFO - DAG(s) dict_keys(['example_short_circuit_operator']) retrieved from /home/airflow/.local/lib/python3.7/site-packages/airflow/example_dags/example_short_circuit_operator.py
[2023-05-08T20:36:13.285+0000] {logging_mixin.py:149} INFO - [2023-05-08T20:36:13.285+0000] {dag.py:2726} INFO - Sync 1 DAGs
[2023-05-08T20:36:13.339+0000] {logging_mixin.py:149} INFO - [2023-05-08T20:36:13.339+0000] {dag.py:3490} INFO - Setting next_dagrun for example_short_circuit_operator to 2023-05-07T20:36:13.338688+00:00, run_after=2023-05-08T20:36:13.338688+00:00
[2023-05-08T20:36:13.371+0000] {processor.py:178} INFO - Processing /home/airflow/.local/lib/python3.7/site-packages/airflow/example_dags/example_short_circuit_operator.py took 0.173 seconds
[2023-05-08T20:36:43.667+0000] {processor.py:156} INFO - Started process (PID=113) to work on /home/airflow/.local/lib/python3.7/site-packages/airflow/example_dags/example_short_circuit_operator.py
[2023-05-08T20:36:43.668+0000] {processor.py:799} INFO - Processing file /home/airflow/.local/lib/python3.7/site-packages/airflow/example_dags/example_short_circuit_operator.py for tasks to queue
[2023-05-08T20:36:43.669+0000] {logging_mixin.py:149} INFO - [2023-05-08T20:36:43.669+0000] {dagbag.py:541} INFO - Filling up the DagBag from /home/airflow/.local/lib/python3.7/site-packages/airflow/example_dags/example_short_circuit_operator.py
[2023-05-08T20:36:43.675+0000] {processor.py:809} INFO - DAG(s) dict_keys(['example_short_circuit_operator']) retrieved from /home/airflow/.local/lib/python3.7/site-packages/airflow/example_dags/example_short_circuit_operator.py
[2023-05-08T20:36:43.697+0000] {logging_mixin.py:149} INFO - [2023-05-08T20:36:43.697+0000] {dag.py:2726} INFO - Sync 1 DAGs
[2023-05-08T20:36:43.734+0000] {logging_mixin.py:149} INFO - [2023-05-08T20:36:43.734+0000] {dag.py:3490} INFO - Setting next_dagrun for example_short_circuit_operator to 2023-05-07T20:36:43.734554+00:00, run_after=2023-05-08T20:36:43.734554+00:00
[2023-05-08T20:36:43.749+0000] {processor.py:178} INFO - Processing /home/airflow/.local/lib/python3.7/site-packages/airflow/example_dags/example_short_circuit_operator.py took 0.084 seconds
[2023-05-08T20:37:13.905+0000] {processor.py:156} INFO - Started process (PID=169) to work on /home/airflow/.local/lib/python3.7/site-packages/airflow/example_dags/example_short_circuit_operator.py
[2023-05-08T20:37:13.906+0000] {processor.py:799} INFO - Processing file /home/airflow/.local/lib/python3.7/site-packages/airflow/example_dags/example_short_circuit_operator.py for tasks to queue
[2023-05-08T20:37:13.907+0000] {logging_mixin.py:149} INFO - [2023-05-08T20:37:13.907+0000] {dagbag.py:541} INFO - Filling up the DagBag from /home/airflow/.local/lib/python3.7/site-packages/airflow/example_dags/example_short_circuit_operator.py
[2023-05-08T20:37:13.913+0000] {processor.py:809} INFO - DAG(s) dict_keys(['example_short_circuit_operator']) retrieved from /home/airflow/.local/lib/python3.7/site-packages/airflow/example_dags/example_short_circuit_operator.py
[2023-05-08T20:37:13.937+0000] {logging_mixin.py:149} INFO - [2023-05-08T20:37:13.937+0000] {dag.py:2726} INFO - Sync 1 DAGs
[2023-05-08T20:37:13.959+0000] {logging_mixin.py:149} INFO - [2023-05-08T20:37:13.958+0000] {dag.py:3490} INFO - Setting next_dagrun for example_short_circuit_operator to 2023-05-07T20:37:13.958748+00:00, run_after=2023-05-08T20:37:13.958748+00:00
[2023-05-08T20:37:13.975+0000] {processor.py:178} INFO - Processing /home/airflow/.local/lib/python3.7/site-packages/airflow/example_dags/example_short_circuit_operator.py took 0.072 seconds
[2023-05-08T20:37:44.700+0000] {processor.py:156} INFO - Started process (PID=225) to work on /home/airflow/.local/lib/python3.7/site-packages/airflow/example_dags/example_short_circuit_operator.py
[2023-05-08T20:37:44.703+0000] {processor.py:799} INFO - Processing file /home/airflow/.local/lib/python3.7/site-packages/airflow/example_dags/example_short_circuit_operator.py for tasks to queue
[2023-05-08T20:37:44.705+0000] {logging_mixin.py:149} INFO - [2023-05-08T20:37:44.705+0000] {dagbag.py:541} INFO - Filling up the DagBag from /home/airflow/.local/lib/python3.7/site-packages/airflow/example_dags/example_short_circuit_operator.py
[2023-05-08T20:37:44.715+0000] {processor.py:809} INFO - DAG(s) dict_keys(['example_short_circuit_operator']) retrieved from /home/airflow/.local/lib/python3.7/site-packages/airflow/example_dags/example_short_circuit_operator.py
[2023-05-08T20:37:44.747+0000] {logging_mixin.py:149} INFO - [2023-05-08T20:37:44.746+0000] {dag.py:2726} INFO - Sync 1 DAGs
[2023-05-08T20:37:44.774+0000] {logging_mixin.py:149} INFO - [2023-05-08T20:37:44.774+0000] {dag.py:3490} INFO - Setting next_dagrun for example_short_circuit_operator to 2023-05-07T20:37:44.774023+00:00, run_after=2023-05-08T20:37:44.774023+00:00
[2023-05-08T20:37:44.788+0000] {processor.py:178} INFO - Processing /home/airflow/.local/lib/python3.7/site-packages/airflow/example_dags/example_short_circuit_operator.py took 0.091 seconds
[2023-05-08T20:38:15.467+0000] {processor.py:156} INFO - Started process (PID=282) to work on /home/airflow/.local/lib/python3.7/site-packages/airflow/example_dags/example_short_circuit_operator.py
[2023-05-08T20:38:15.468+0000] {processor.py:799} INFO - Processing file /home/airflow/.local/lib/python3.7/site-packages/airflow/example_dags/example_short_circuit_operator.py for tasks to queue
[2023-05-08T20:38:15.469+0000] {logging_mixin.py:149} INFO - [2023-05-08T20:38:15.469+0000] {dagbag.py:541} INFO - Filling up the DagBag from /home/airflow/.local/lib/python3.7/site-packages/airflow/example_dags/example_short_circuit_operator.py
[2023-05-08T20:38:15.475+0000] {processor.py:809} INFO - DAG(s) dict_keys(['example_short_circuit_operator']) retrieved from /home/airflow/.local/lib/python3.7/site-packages/airflow/example_dags/example_short_circuit_operator.py
[2023-05-08T20:38:15.498+0000] {logging_mixin.py:149} INFO - [2023-05-08T20:38:15.498+0000] {dag.py:2726} INFO - Sync 1 DAGs
[2023-05-08T20:38:15.519+0000] {logging_mixin.py:149} INFO - [2023-05-08T20:38:15.519+0000] {dag.py:3490} INFO - Setting next_dagrun for example_short_circuit_operator to 2023-05-07T20:38:15.519091+00:00, run_after=2023-05-08T20:38:15.519091+00:00
[2023-05-08T20:38:15.532+0000] {processor.py:178} INFO - Processing /home/airflow/.local/lib/python3.7/site-packages/airflow/example_dags/example_short_circuit_operator.py took 0.067 seconds
[2023-05-08T20:38:46.063+0000] {processor.py:156} INFO - Started process (PID=338) to work on /home/airflow/.local/lib/python3.7/site-packages/airflow/example_dags/example_short_circuit_operator.py
[2023-05-08T20:38:46.064+0000] {processor.py:799} INFO - Processing file /home/airflow/.local/lib/python3.7/site-packages/airflow/example_dags/example_short_circuit_operator.py for tasks to queue
[2023-05-08T20:38:46.065+0000] {logging_mixin.py:149} INFO - [2023-05-08T20:38:46.065+0000] {dagbag.py:541} INFO - Filling up the DagBag from /home/airflow/.local/lib/python3.7/site-packages/airflow/example_dags/example_short_circuit_operator.py
[2023-05-08T20:38:46.072+0000] {processor.py:809} INFO - DAG(s) dict_keys(['example_short_circuit_operator']) retrieved from /home/airflow/.local/lib/python3.7/site-packages/airflow/example_dags/example_short_circuit_operator.py
[2023-05-08T20:38:46.101+0000] {logging_mixin.py:149} INFO - [2023-05-08T20:38:46.101+0000] {dag.py:2726} INFO - Sync 1 DAGs
[2023-05-08T20:38:46.123+0000] {logging_mixin.py:149} INFO - [2023-05-08T20:38:46.123+0000] {dag.py:3490} INFO - Setting next_dagrun for example_short_circuit_operator to 2023-05-07T20:38:46.122959+00:00, run_after=2023-05-08T20:38:46.122959+00:00
[2023-05-08T20:38:46.136+0000] {processor.py:178} INFO - Processing /home/airflow/.local/lib/python3.7/site-packages/airflow/example_dags/example_short_circuit_operator.py took 0.076 seconds
[2023-05-08T20:39:16.674+0000] {processor.py:156} INFO - Started process (PID=394) to work on /home/airflow/.local/lib/python3.7/site-packages/airflow/example_dags/example_short_circuit_operator.py
[2023-05-08T20:39:16.675+0000] {processor.py:799} INFO - Processing file /home/airflow/.local/lib/python3.7/site-packages/airflow/example_dags/example_short_circuit_operator.py for tasks to queue
[2023-05-08T20:39:16.676+0000] {logging_mixin.py:149} INFO - [2023-05-08T20:39:16.676+0000] {dagbag.py:541} INFO - Filling up the DagBag from /home/airflow/.local/lib/python3.7/site-packages/airflow/example_dags/example_short_circuit_operator.py
[2023-05-08T20:39:16.682+0000] {processor.py:809} INFO - DAG(s) dict_keys(['example_short_circuit_operator']) retrieved from /home/airflow/.local/lib/python3.7/site-packages/airflow/example_dags/example_short_circuit_operator.py
[2023-05-08T20:39:16.704+0000] {logging_mixin.py:149} INFO - [2023-05-08T20:39:16.704+0000] {dag.py:2726} INFO - Sync 1 DAGs
[2023-05-08T20:39:16.723+0000] {logging_mixin.py:149} INFO - [2023-05-08T20:39:16.723+0000] {dag.py:3490} INFO - Setting next_dagrun for example_short_circuit_operator to 2023-05-07T20:39:16.723436+00:00, run_after=2023-05-08T20:39:16.723436+00:00
[2023-05-08T20:39:16.737+0000] {processor.py:178} INFO - Processing /home/airflow/.local/lib/python3.7/site-packages/airflow/example_dags/example_short_circuit_operator.py took 0.065 seconds
[2023-05-08T22:15:47.755+0000] {processor.py:156} INFO - Started process (PID=57) to work on /home/airflow/.local/lib/python3.7/site-packages/airflow/example_dags/example_short_circuit_operator.py
[2023-05-08T22:15:47.757+0000] {processor.py:799} INFO - Processing file /home/airflow/.local/lib/python3.7/site-packages/airflow/example_dags/example_short_circuit_operator.py for tasks to queue
[2023-05-08T22:15:47.758+0000] {logging_mixin.py:149} INFO - [2023-05-08T22:15:47.758+0000] {dagbag.py:541} INFO - Filling up the DagBag from /home/airflow/.local/lib/python3.7/site-packages/airflow/example_dags/example_short_circuit_operator.py
[2023-05-08T22:15:47.771+0000] {processor.py:809} INFO - DAG(s) dict_keys(['example_short_circuit_operator']) retrieved from /home/airflow/.local/lib/python3.7/site-packages/airflow/example_dags/example_short_circuit_operator.py
[2023-05-08T22:15:47.801+0000] {logging_mixin.py:149} INFO - [2023-05-08T22:15:47.801+0000] {dag.py:2726} INFO - Sync 1 DAGs
[2023-05-08T22:15:47.841+0000] {logging_mixin.py:149} INFO - [2023-05-08T22:15:47.841+0000] {dag.py:3490} INFO - Setting next_dagrun for example_short_circuit_operator to 2023-05-07T22:15:47.840906+00:00, run_after=2023-05-08T22:15:47.840906+00:00
[2023-05-08T22:15:47.888+0000] {processor.py:178} INFO - Processing /home/airflow/.local/lib/python3.7/site-packages/airflow/example_dags/example_short_circuit_operator.py took 0.141 seconds
[2023-05-08T22:16:18.787+0000] {processor.py:156} INFO - Started process (PID=114) to work on /home/airflow/.local/lib/python3.7/site-packages/airflow/example_dags/example_short_circuit_operator.py
[2023-05-08T22:16:18.789+0000] {processor.py:799} INFO - Processing file /home/airflow/.local/lib/python3.7/site-packages/airflow/example_dags/example_short_circuit_operator.py for tasks to queue
[2023-05-08T22:16:18.790+0000] {logging_mixin.py:149} INFO - [2023-05-08T22:16:18.790+0000] {dagbag.py:541} INFO - Filling up the DagBag from /home/airflow/.local/lib/python3.7/site-packages/airflow/example_dags/example_short_circuit_operator.py
[2023-05-08T22:16:18.798+0000] {processor.py:809} INFO - DAG(s) dict_keys(['example_short_circuit_operator']) retrieved from /home/airflow/.local/lib/python3.7/site-packages/airflow/example_dags/example_short_circuit_operator.py
[2023-05-08T22:16:18.826+0000] {logging_mixin.py:149} INFO - [2023-05-08T22:16:18.826+0000] {dag.py:2726} INFO - Sync 1 DAGs
[2023-05-08T22:16:18.844+0000] {logging_mixin.py:149} INFO - [2023-05-08T22:16:18.844+0000] {dag.py:3490} INFO - Setting next_dagrun for example_short_circuit_operator to 2023-05-07T22:16:18.844172+00:00, run_after=2023-05-08T22:16:18.844172+00:00
[2023-05-08T22:16:18.857+0000] {processor.py:178} INFO - Processing /home/airflow/.local/lib/python3.7/site-packages/airflow/example_dags/example_short_circuit_operator.py took 0.074 seconds
[2023-05-08T22:16:48.986+0000] {processor.py:156} INFO - Started process (PID=171) to work on /home/airflow/.local/lib/python3.7/site-packages/airflow/example_dags/example_short_circuit_operator.py
[2023-05-08T22:16:48.988+0000] {processor.py:799} INFO - Processing file /home/airflow/.local/lib/python3.7/site-packages/airflow/example_dags/example_short_circuit_operator.py for tasks to queue
[2023-05-08T22:16:48.988+0000] {logging_mixin.py:149} INFO - [2023-05-08T22:16:48.988+0000] {dagbag.py:541} INFO - Filling up the DagBag from /home/airflow/.local/lib/python3.7/site-packages/airflow/example_dags/example_short_circuit_operator.py
[2023-05-08T22:16:48.994+0000] {processor.py:809} INFO - DAG(s) dict_keys(['example_short_circuit_operator']) retrieved from /home/airflow/.local/lib/python3.7/site-packages/airflow/example_dags/example_short_circuit_operator.py
[2023-05-08T22:16:49.017+0000] {logging_mixin.py:149} INFO - [2023-05-08T22:16:49.017+0000] {dag.py:2726} INFO - Sync 1 DAGs
[2023-05-08T22:16:49.038+0000] {logging_mixin.py:149} INFO - [2023-05-08T22:16:49.038+0000] {dag.py:3490} INFO - Setting next_dagrun for example_short_circuit_operator to 2023-05-07T22:16:49.038371+00:00, run_after=2023-05-08T22:16:49.038371+00:00
[2023-05-08T22:16:49.054+0000] {processor.py:178} INFO - Processing /home/airflow/.local/lib/python3.7/site-packages/airflow/example_dags/example_short_circuit_operator.py took 0.070 seconds
[2023-05-08T22:17:19.800+0000] {processor.py:156} INFO - Started process (PID=228) to work on /home/airflow/.local/lib/python3.7/site-packages/airflow/example_dags/example_short_circuit_operator.py
[2023-05-08T22:17:19.801+0000] {processor.py:799} INFO - Processing file /home/airflow/.local/lib/python3.7/site-packages/airflow/example_dags/example_short_circuit_operator.py for tasks to queue
[2023-05-08T22:17:19.802+0000] {logging_mixin.py:149} INFO - [2023-05-08T22:17:19.802+0000] {dagbag.py:541} INFO - Filling up the DagBag from /home/airflow/.local/lib/python3.7/site-packages/airflow/example_dags/example_short_circuit_operator.py
[2023-05-08T22:17:19.808+0000] {processor.py:809} INFO - DAG(s) dict_keys(['example_short_circuit_operator']) retrieved from /home/airflow/.local/lib/python3.7/site-packages/airflow/example_dags/example_short_circuit_operator.py
[2023-05-08T22:17:19.830+0000] {logging_mixin.py:149} INFO - [2023-05-08T22:17:19.830+0000] {dag.py:2726} INFO - Sync 1 DAGs
[2023-05-08T22:17:19.850+0000] {logging_mixin.py:149} INFO - [2023-05-08T22:17:19.850+0000] {dag.py:3490} INFO - Setting next_dagrun for example_short_circuit_operator to 2023-05-07T22:17:19.849960+00:00, run_after=2023-05-08T22:17:19.849960+00:00
[2023-05-08T22:17:19.863+0000] {processor.py:178} INFO - Processing /home/airflow/.local/lib/python3.7/site-packages/airflow/example_dags/example_short_circuit_operator.py took 0.065 seconds
[2023-05-08T22:17:50.787+0000] {processor.py:156} INFO - Started process (PID=285) to work on /home/airflow/.local/lib/python3.7/site-packages/airflow/example_dags/example_short_circuit_operator.py
[2023-05-08T22:17:50.789+0000] {processor.py:799} INFO - Processing file /home/airflow/.local/lib/python3.7/site-packages/airflow/example_dags/example_short_circuit_operator.py for tasks to queue
[2023-05-08T22:17:50.789+0000] {logging_mixin.py:149} INFO - [2023-05-08T22:17:50.789+0000] {dagbag.py:541} INFO - Filling up the DagBag from /home/airflow/.local/lib/python3.7/site-packages/airflow/example_dags/example_short_circuit_operator.py
[2023-05-08T22:17:50.795+0000] {processor.py:809} INFO - DAG(s) dict_keys(['example_short_circuit_operator']) retrieved from /home/airflow/.local/lib/python3.7/site-packages/airflow/example_dags/example_short_circuit_operator.py
[2023-05-08T22:17:50.819+0000] {logging_mixin.py:149} INFO - [2023-05-08T22:17:50.818+0000] {dag.py:2726} INFO - Sync 1 DAGs
[2023-05-08T22:17:50.838+0000] {logging_mixin.py:149} INFO - [2023-05-08T22:17:50.838+0000] {dag.py:3490} INFO - Setting next_dagrun for example_short_circuit_operator to 2023-05-07T22:17:50.837896+00:00, run_after=2023-05-08T22:17:50.837896+00:00
[2023-05-08T22:17:50.851+0000] {processor.py:178} INFO - Processing /home/airflow/.local/lib/python3.7/site-packages/airflow/example_dags/example_short_circuit_operator.py took 0.066 seconds
[2023-05-08T22:18:21.621+0000] {processor.py:156} INFO - Started process (PID=342) to work on /home/airflow/.local/lib/python3.7/site-packages/airflow/example_dags/example_short_circuit_operator.py
[2023-05-08T22:18:21.622+0000] {processor.py:799} INFO - Processing file /home/airflow/.local/lib/python3.7/site-packages/airflow/example_dags/example_short_circuit_operator.py for tasks to queue
[2023-05-08T22:18:21.623+0000] {logging_mixin.py:149} INFO - [2023-05-08T22:18:21.623+0000] {dagbag.py:541} INFO - Filling up the DagBag from /home/airflow/.local/lib/python3.7/site-packages/airflow/example_dags/example_short_circuit_operator.py
[2023-05-08T22:18:21.629+0000] {processor.py:809} INFO - DAG(s) dict_keys(['example_short_circuit_operator']) retrieved from /home/airflow/.local/lib/python3.7/site-packages/airflow/example_dags/example_short_circuit_operator.py
[2023-05-08T22:18:21.652+0000] {logging_mixin.py:149} INFO - [2023-05-08T22:18:21.652+0000] {dag.py:2726} INFO - Sync 1 DAGs
[2023-05-08T22:18:21.672+0000] {logging_mixin.py:149} INFO - [2023-05-08T22:18:21.672+0000] {dag.py:3490} INFO - Setting next_dagrun for example_short_circuit_operator to 2023-05-07T22:18:21.672541+00:00, run_after=2023-05-08T22:18:21.672541+00:00
[2023-05-08T22:18:21.687+0000] {processor.py:178} INFO - Processing /home/airflow/.local/lib/python3.7/site-packages/airflow/example_dags/example_short_circuit_operator.py took 0.069 seconds
[2023-05-08T22:18:52.747+0000] {processor.py:156} INFO - Started process (PID=399) to work on /home/airflow/.local/lib/python3.7/site-packages/airflow/example_dags/example_short_circuit_operator.py
[2023-05-08T22:18:52.748+0000] {processor.py:799} INFO - Processing file /home/airflow/.local/lib/python3.7/site-packages/airflow/example_dags/example_short_circuit_operator.py for tasks to queue
[2023-05-08T22:18:52.749+0000] {logging_mixin.py:149} INFO - [2023-05-08T22:18:52.749+0000] {dagbag.py:541} INFO - Filling up the DagBag from /home/airflow/.local/lib/python3.7/site-packages/airflow/example_dags/example_short_circuit_operator.py
[2023-05-08T22:18:52.755+0000] {processor.py:809} INFO - DAG(s) dict_keys(['example_short_circuit_operator']) retrieved from /home/airflow/.local/lib/python3.7/site-packages/airflow/example_dags/example_short_circuit_operator.py
[2023-05-08T22:18:52.784+0000] {logging_mixin.py:149} INFO - [2023-05-08T22:18:52.784+0000] {dag.py:2726} INFO - Sync 1 DAGs
[2023-05-08T22:18:52.806+0000] {logging_mixin.py:149} INFO - [2023-05-08T22:18:52.806+0000] {dag.py:3490} INFO - Setting next_dagrun for example_short_circuit_operator to 2023-05-07T22:18:52.806373+00:00, run_after=2023-05-08T22:18:52.806373+00:00
[2023-05-08T22:18:52.823+0000] {processor.py:178} INFO - Processing /home/airflow/.local/lib/python3.7/site-packages/airflow/example_dags/example_short_circuit_operator.py took 0.079 seconds
[2023-05-08T22:19:23.492+0000] {processor.py:156} INFO - Started process (PID=456) to work on /home/airflow/.local/lib/python3.7/site-packages/airflow/example_dags/example_short_circuit_operator.py
[2023-05-08T22:19:23.492+0000] {processor.py:799} INFO - Processing file /home/airflow/.local/lib/python3.7/site-packages/airflow/example_dags/example_short_circuit_operator.py for tasks to queue
[2023-05-08T22:19:23.493+0000] {logging_mixin.py:149} INFO - [2023-05-08T22:19:23.493+0000] {dagbag.py:541} INFO - Filling up the DagBag from /home/airflow/.local/lib/python3.7/site-packages/airflow/example_dags/example_short_circuit_operator.py
[2023-05-08T22:19:23.499+0000] {processor.py:809} INFO - DAG(s) dict_keys(['example_short_circuit_operator']) retrieved from /home/airflow/.local/lib/python3.7/site-packages/airflow/example_dags/example_short_circuit_operator.py
[2023-05-08T22:19:23.523+0000] {logging_mixin.py:149} INFO - [2023-05-08T22:19:23.523+0000] {dag.py:2726} INFO - Sync 1 DAGs
[2023-05-08T22:19:23.543+0000] {logging_mixin.py:149} INFO - [2023-05-08T22:19:23.543+0000] {dag.py:3490} INFO - Setting next_dagrun for example_short_circuit_operator to 2023-05-07T22:19:23.543166+00:00, run_after=2023-05-08T22:19:23.543166+00:00
[2023-05-08T22:19:23.556+0000] {processor.py:178} INFO - Processing /home/airflow/.local/lib/python3.7/site-packages/airflow/example_dags/example_short_circuit_operator.py took 0.067 seconds
[2023-05-08T22:19:54.191+0000] {processor.py:156} INFO - Started process (PID=513) to work on /home/airflow/.local/lib/python3.7/site-packages/airflow/example_dags/example_short_circuit_operator.py
[2023-05-08T22:19:54.192+0000] {processor.py:799} INFO - Processing file /home/airflow/.local/lib/python3.7/site-packages/airflow/example_dags/example_short_circuit_operator.py for tasks to queue
[2023-05-08T22:19:54.193+0000] {logging_mixin.py:149} INFO - [2023-05-08T22:19:54.192+0000] {dagbag.py:541} INFO - Filling up the DagBag from /home/airflow/.local/lib/python3.7/site-packages/airflow/example_dags/example_short_circuit_operator.py
[2023-05-08T22:19:54.198+0000] {processor.py:809} INFO - DAG(s) dict_keys(['example_short_circuit_operator']) retrieved from /home/airflow/.local/lib/python3.7/site-packages/airflow/example_dags/example_short_circuit_operator.py
[2023-05-08T22:19:54.222+0000] {logging_mixin.py:149} INFO - [2023-05-08T22:19:54.222+0000] {dag.py:2726} INFO - Sync 1 DAGs
[2023-05-08T22:19:54.243+0000] {logging_mixin.py:149} INFO - [2023-05-08T22:19:54.243+0000] {dag.py:3490} INFO - Setting next_dagrun for example_short_circuit_operator to 2023-05-07T22:19:54.243072+00:00, run_after=2023-05-08T22:19:54.243072+00:00
[2023-05-08T22:19:54.256+0000] {processor.py:178} INFO - Processing /home/airflow/.local/lib/python3.7/site-packages/airflow/example_dags/example_short_circuit_operator.py took 0.067 seconds
[2023-05-08T22:20:24.991+0000] {processor.py:156} INFO - Started process (PID=571) to work on /home/airflow/.local/lib/python3.7/site-packages/airflow/example_dags/example_short_circuit_operator.py
[2023-05-08T22:20:24.992+0000] {processor.py:799} INFO - Processing file /home/airflow/.local/lib/python3.7/site-packages/airflow/example_dags/example_short_circuit_operator.py for tasks to queue
[2023-05-08T22:20:24.992+0000] {logging_mixin.py:149} INFO - [2023-05-08T22:20:24.992+0000] {dagbag.py:541} INFO - Filling up the DagBag from /home/airflow/.local/lib/python3.7/site-packages/airflow/example_dags/example_short_circuit_operator.py
[2023-05-08T22:20:24.998+0000] {processor.py:809} INFO - DAG(s) dict_keys(['example_short_circuit_operator']) retrieved from /home/airflow/.local/lib/python3.7/site-packages/airflow/example_dags/example_short_circuit_operator.py
[2023-05-08T22:20:25.022+0000] {logging_mixin.py:149} INFO - [2023-05-08T22:20:25.022+0000] {dag.py:2726} INFO - Sync 1 DAGs
[2023-05-08T22:20:25.042+0000] {logging_mixin.py:149} INFO - [2023-05-08T22:20:25.042+0000] {dag.py:3490} INFO - Setting next_dagrun for example_short_circuit_operator to 2023-05-07T22:20:25.042136+00:00, run_after=2023-05-08T22:20:25.042136+00:00
[2023-05-08T22:20:25.055+0000] {processor.py:178} INFO - Processing /home/airflow/.local/lib/python3.7/site-packages/airflow/example_dags/example_short_circuit_operator.py took 0.067 seconds
[2023-05-08T22:20:55.810+0000] {processor.py:156} INFO - Started process (PID=628) to work on /home/airflow/.local/lib/python3.7/site-packages/airflow/example_dags/example_short_circuit_operator.py
[2023-05-08T22:20:55.811+0000] {processor.py:799} INFO - Processing file /home/airflow/.local/lib/python3.7/site-packages/airflow/example_dags/example_short_circuit_operator.py for tasks to queue
[2023-05-08T22:20:55.812+0000] {logging_mixin.py:149} INFO - [2023-05-08T22:20:55.812+0000] {dagbag.py:541} INFO - Filling up the DagBag from /home/airflow/.local/lib/python3.7/site-packages/airflow/example_dags/example_short_circuit_operator.py
[2023-05-08T22:20:55.818+0000] {processor.py:809} INFO - DAG(s) dict_keys(['example_short_circuit_operator']) retrieved from /home/airflow/.local/lib/python3.7/site-packages/airflow/example_dags/example_short_circuit_operator.py
[2023-05-08T22:20:55.843+0000] {logging_mixin.py:149} INFO - [2023-05-08T22:20:55.843+0000] {dag.py:2726} INFO - Sync 1 DAGs
[2023-05-08T22:20:55.864+0000] {logging_mixin.py:149} INFO - [2023-05-08T22:20:55.864+0000] {dag.py:3490} INFO - Setting next_dagrun for example_short_circuit_operator to 2023-05-07T22:20:55.864189+00:00, run_after=2023-05-08T22:20:55.864189+00:00
[2023-05-08T22:20:55.878+0000] {processor.py:178} INFO - Processing /home/airflow/.local/lib/python3.7/site-packages/airflow/example_dags/example_short_circuit_operator.py took 0.071 seconds
[2023-05-08T22:21:26.667+0000] {processor.py:156} INFO - Started process (PID=685) to work on /home/airflow/.local/lib/python3.7/site-packages/airflow/example_dags/example_short_circuit_operator.py
[2023-05-08T22:21:26.668+0000] {processor.py:799} INFO - Processing file /home/airflow/.local/lib/python3.7/site-packages/airflow/example_dags/example_short_circuit_operator.py for tasks to queue
[2023-05-08T22:21:26.669+0000] {logging_mixin.py:149} INFO - [2023-05-08T22:21:26.669+0000] {dagbag.py:541} INFO - Filling up the DagBag from /home/airflow/.local/lib/python3.7/site-packages/airflow/example_dags/example_short_circuit_operator.py
[2023-05-08T22:21:26.675+0000] {processor.py:809} INFO - DAG(s) dict_keys(['example_short_circuit_operator']) retrieved from /home/airflow/.local/lib/python3.7/site-packages/airflow/example_dags/example_short_circuit_operator.py
[2023-05-08T22:21:26.698+0000] {logging_mixin.py:149} INFO - [2023-05-08T22:21:26.698+0000] {dag.py:2726} INFO - Sync 1 DAGs
[2023-05-08T22:21:26.718+0000] {logging_mixin.py:149} INFO - [2023-05-08T22:21:26.718+0000] {dag.py:3490} INFO - Setting next_dagrun for example_short_circuit_operator to 2023-05-07T22:21:26.718180+00:00, run_after=2023-05-08T22:21:26.718180+00:00
[2023-05-08T22:21:26.731+0000] {processor.py:178} INFO - Processing /home/airflow/.local/lib/python3.7/site-packages/airflow/example_dags/example_short_circuit_operator.py took 0.066 seconds
[2023-05-08T22:22:08.913+0000] {processor.py:156} INFO - Started process (PID=58) to work on /home/airflow/.local/lib/python3.7/site-packages/airflow/example_dags/example_short_circuit_operator.py
[2023-05-08T22:22:08.915+0000] {processor.py:799} INFO - Processing file /home/airflow/.local/lib/python3.7/site-packages/airflow/example_dags/example_short_circuit_operator.py for tasks to queue
[2023-05-08T22:22:08.917+0000] {logging_mixin.py:149} INFO - [2023-05-08T22:22:08.917+0000] {dagbag.py:541} INFO - Filling up the DagBag from /home/airflow/.local/lib/python3.7/site-packages/airflow/example_dags/example_short_circuit_operator.py
[2023-05-08T22:22:08.938+0000] {processor.py:809} INFO - DAG(s) dict_keys(['example_short_circuit_operator']) retrieved from /home/airflow/.local/lib/python3.7/site-packages/airflow/example_dags/example_short_circuit_operator.py
[2023-05-08T22:22:08.981+0000] {logging_mixin.py:149} INFO - [2023-05-08T22:22:08.981+0000] {dag.py:2726} INFO - Sync 1 DAGs
[2023-05-08T22:22:09.024+0000] {logging_mixin.py:149} INFO - [2023-05-08T22:22:09.024+0000] {dag.py:3490} INFO - Setting next_dagrun for example_short_circuit_operator to 2023-05-07T22:22:09.024077+00:00, run_after=2023-05-08T22:22:09.024077+00:00
[2023-05-08T22:22:09.044+0000] {processor.py:178} INFO - Processing /home/airflow/.local/lib/python3.7/site-packages/airflow/example_dags/example_short_circuit_operator.py took 0.136 seconds
[2023-05-08T22:22:39.443+0000] {processor.py:156} INFO - Started process (PID=115) to work on /home/airflow/.local/lib/python3.7/site-packages/airflow/example_dags/example_short_circuit_operator.py
[2023-05-08T22:22:39.444+0000] {processor.py:799} INFO - Processing file /home/airflow/.local/lib/python3.7/site-packages/airflow/example_dags/example_short_circuit_operator.py for tasks to queue
[2023-05-08T22:22:39.445+0000] {logging_mixin.py:149} INFO - [2023-05-08T22:22:39.445+0000] {dagbag.py:541} INFO - Filling up the DagBag from /home/airflow/.local/lib/python3.7/site-packages/airflow/example_dags/example_short_circuit_operator.py
[2023-05-08T22:22:39.450+0000] {processor.py:809} INFO - DAG(s) dict_keys(['example_short_circuit_operator']) retrieved from /home/airflow/.local/lib/python3.7/site-packages/airflow/example_dags/example_short_circuit_operator.py
[2023-05-08T22:22:39.475+0000] {logging_mixin.py:149} INFO - [2023-05-08T22:22:39.475+0000] {dag.py:2726} INFO - Sync 1 DAGs
[2023-05-08T22:22:39.496+0000] {logging_mixin.py:149} INFO - [2023-05-08T22:22:39.496+0000] {dag.py:3490} INFO - Setting next_dagrun for example_short_circuit_operator to 2023-05-07T22:22:39.496307+00:00, run_after=2023-05-08T22:22:39.496307+00:00
[2023-05-08T22:22:39.510+0000] {processor.py:178} INFO - Processing /home/airflow/.local/lib/python3.7/site-packages/airflow/example_dags/example_short_circuit_operator.py took 0.070 seconds
[2023-05-08T22:23:09.704+0000] {processor.py:156} INFO - Started process (PID=172) to work on /home/airflow/.local/lib/python3.7/site-packages/airflow/example_dags/example_short_circuit_operator.py
[2023-05-08T22:23:09.705+0000] {processor.py:799} INFO - Processing file /home/airflow/.local/lib/python3.7/site-packages/airflow/example_dags/example_short_circuit_operator.py for tasks to queue
[2023-05-08T22:23:09.706+0000] {logging_mixin.py:149} INFO - [2023-05-08T22:23:09.706+0000] {dagbag.py:541} INFO - Filling up the DagBag from /home/airflow/.local/lib/python3.7/site-packages/airflow/example_dags/example_short_circuit_operator.py
[2023-05-08T22:23:09.711+0000] {processor.py:809} INFO - DAG(s) dict_keys(['example_short_circuit_operator']) retrieved from /home/airflow/.local/lib/python3.7/site-packages/airflow/example_dags/example_short_circuit_operator.py
[2023-05-08T22:23:09.733+0000] {logging_mixin.py:149} INFO - [2023-05-08T22:23:09.733+0000] {dag.py:2726} INFO - Sync 1 DAGs
[2023-05-08T22:23:09.752+0000] {logging_mixin.py:149} INFO - [2023-05-08T22:23:09.751+0000] {dag.py:3490} INFO - Setting next_dagrun for example_short_circuit_operator to 2023-05-07T22:23:09.751819+00:00, run_after=2023-05-08T22:23:09.751819+00:00
[2023-05-08T22:23:09.764+0000] {processor.py:178} INFO - Processing /home/airflow/.local/lib/python3.7/site-packages/airflow/example_dags/example_short_circuit_operator.py took 0.062 seconds
[2023-05-08T22:23:40.464+0000] {processor.py:156} INFO - Started process (PID=229) to work on /home/airflow/.local/lib/python3.7/site-packages/airflow/example_dags/example_short_circuit_operator.py
[2023-05-08T22:23:40.465+0000] {processor.py:799} INFO - Processing file /home/airflow/.local/lib/python3.7/site-packages/airflow/example_dags/example_short_circuit_operator.py for tasks to queue
[2023-05-08T22:23:40.466+0000] {logging_mixin.py:149} INFO - [2023-05-08T22:23:40.466+0000] {dagbag.py:541} INFO - Filling up the DagBag from /home/airflow/.local/lib/python3.7/site-packages/airflow/example_dags/example_short_circuit_operator.py
[2023-05-08T22:23:40.472+0000] {processor.py:809} INFO - DAG(s) dict_keys(['example_short_circuit_operator']) retrieved from /home/airflow/.local/lib/python3.7/site-packages/airflow/example_dags/example_short_circuit_operator.py
[2023-05-08T22:23:40.495+0000] {logging_mixin.py:149} INFO - [2023-05-08T22:23:40.495+0000] {dag.py:2726} INFO - Sync 1 DAGs
[2023-05-08T22:23:40.514+0000] {logging_mixin.py:149} INFO - [2023-05-08T22:23:40.514+0000] {dag.py:3490} INFO - Setting next_dagrun for example_short_circuit_operator to 2023-05-07T22:23:40.514353+00:00, run_after=2023-05-08T22:23:40.514353+00:00
[2023-05-08T22:23:40.529+0000] {processor.py:178} INFO - Processing /home/airflow/.local/lib/python3.7/site-packages/airflow/example_dags/example_short_circuit_operator.py took 0.067 seconds
[2023-05-08T22:24:11.278+0000] {processor.py:156} INFO - Started process (PID=286) to work on /home/airflow/.local/lib/python3.7/site-packages/airflow/example_dags/example_short_circuit_operator.py
[2023-05-08T22:24:11.279+0000] {processor.py:799} INFO - Processing file /home/airflow/.local/lib/python3.7/site-packages/airflow/example_dags/example_short_circuit_operator.py for tasks to queue
[2023-05-08T22:24:11.279+0000] {logging_mixin.py:149} INFO - [2023-05-08T22:24:11.279+0000] {dagbag.py:541} INFO - Filling up the DagBag from /home/airflow/.local/lib/python3.7/site-packages/airflow/example_dags/example_short_circuit_operator.py
[2023-05-08T22:24:11.285+0000] {processor.py:809} INFO - DAG(s) dict_keys(['example_short_circuit_operator']) retrieved from /home/airflow/.local/lib/python3.7/site-packages/airflow/example_dags/example_short_circuit_operator.py
[2023-05-08T22:24:11.308+0000] {logging_mixin.py:149} INFO - [2023-05-08T22:24:11.308+0000] {dag.py:2726} INFO - Sync 1 DAGs
[2023-05-08T22:24:11.327+0000] {logging_mixin.py:149} INFO - [2023-05-08T22:24:11.327+0000] {dag.py:3490} INFO - Setting next_dagrun for example_short_circuit_operator to 2023-05-07T22:24:11.327672+00:00, run_after=2023-05-08T22:24:11.327672+00:00
[2023-05-08T22:24:11.341+0000] {processor.py:178} INFO - Processing /home/airflow/.local/lib/python3.7/site-packages/airflow/example_dags/example_short_circuit_operator.py took 0.066 seconds
[2023-05-08T22:24:42.092+0000] {processor.py:156} INFO - Started process (PID=343) to work on /home/airflow/.local/lib/python3.7/site-packages/airflow/example_dags/example_short_circuit_operator.py
[2023-05-08T22:24:42.093+0000] {processor.py:799} INFO - Processing file /home/airflow/.local/lib/python3.7/site-packages/airflow/example_dags/example_short_circuit_operator.py for tasks to queue
[2023-05-08T22:24:42.093+0000] {logging_mixin.py:149} INFO - [2023-05-08T22:24:42.093+0000] {dagbag.py:541} INFO - Filling up the DagBag from /home/airflow/.local/lib/python3.7/site-packages/airflow/example_dags/example_short_circuit_operator.py
[2023-05-08T22:24:42.100+0000] {processor.py:809} INFO - DAG(s) dict_keys(['example_short_circuit_operator']) retrieved from /home/airflow/.local/lib/python3.7/site-packages/airflow/example_dags/example_short_circuit_operator.py
[2023-05-08T22:24:42.126+0000] {logging_mixin.py:149} INFO - [2023-05-08T22:24:42.126+0000] {dag.py:2726} INFO - Sync 1 DAGs
[2023-05-08T22:24:42.146+0000] {logging_mixin.py:149} INFO - [2023-05-08T22:24:42.146+0000] {dag.py:3490} INFO - Setting next_dagrun for example_short_circuit_operator to 2023-05-07T22:24:42.146334+00:00, run_after=2023-05-08T22:24:42.146334+00:00
[2023-05-08T22:24:42.160+0000] {processor.py:178} INFO - Processing /home/airflow/.local/lib/python3.7/site-packages/airflow/example_dags/example_short_circuit_operator.py took 0.070 seconds
[2023-05-08T22:25:12.744+0000] {processor.py:156} INFO - Started process (PID=400) to work on /home/airflow/.local/lib/python3.7/site-packages/airflow/example_dags/example_short_circuit_operator.py
[2023-05-08T22:25:12.745+0000] {processor.py:799} INFO - Processing file /home/airflow/.local/lib/python3.7/site-packages/airflow/example_dags/example_short_circuit_operator.py for tasks to queue
[2023-05-08T22:25:12.745+0000] {logging_mixin.py:149} INFO - [2023-05-08T22:25:12.745+0000] {dagbag.py:541} INFO - Filling up the DagBag from /home/airflow/.local/lib/python3.7/site-packages/airflow/example_dags/example_short_circuit_operator.py
[2023-05-08T22:25:12.751+0000] {processor.py:809} INFO - DAG(s) dict_keys(['example_short_circuit_operator']) retrieved from /home/airflow/.local/lib/python3.7/site-packages/airflow/example_dags/example_short_circuit_operator.py
[2023-05-08T22:25:12.774+0000] {logging_mixin.py:149} INFO - [2023-05-08T22:25:12.774+0000] {dag.py:2726} INFO - Sync 1 DAGs
[2023-05-08T22:25:12.794+0000] {logging_mixin.py:149} INFO - [2023-05-08T22:25:12.794+0000] {dag.py:3490} INFO - Setting next_dagrun for example_short_circuit_operator to 2023-05-07T22:25:12.794261+00:00, run_after=2023-05-08T22:25:12.794261+00:00
[2023-05-08T22:25:12.808+0000] {processor.py:178} INFO - Processing /home/airflow/.local/lib/python3.7/site-packages/airflow/example_dags/example_short_circuit_operator.py took 0.067 seconds
[2023-05-08T22:26:00.126+0000] {processor.py:156} INFO - Started process (PID=58) to work on /home/airflow/.local/lib/python3.7/site-packages/airflow/example_dags/example_short_circuit_operator.py
[2023-05-08T22:26:00.128+0000] {processor.py:799} INFO - Processing file /home/airflow/.local/lib/python3.7/site-packages/airflow/example_dags/example_short_circuit_operator.py for tasks to queue
[2023-05-08T22:26:00.130+0000] {logging_mixin.py:149} INFO - [2023-05-08T22:26:00.130+0000] {dagbag.py:541} INFO - Filling up the DagBag from /home/airflow/.local/lib/python3.7/site-packages/airflow/example_dags/example_short_circuit_operator.py
[2023-05-08T22:26:00.145+0000] {processor.py:809} INFO - DAG(s) dict_keys(['example_short_circuit_operator']) retrieved from /home/airflow/.local/lib/python3.7/site-packages/airflow/example_dags/example_short_circuit_operator.py
[2023-05-08T22:26:00.209+0000] {logging_mixin.py:149} INFO - [2023-05-08T22:26:00.209+0000] {dag.py:2726} INFO - Sync 1 DAGs
[2023-05-08T22:26:00.256+0000] {logging_mixin.py:149} INFO - [2023-05-08T22:26:00.256+0000] {dag.py:3490} INFO - Setting next_dagrun for example_short_circuit_operator to 2023-05-07T22:26:00.255859+00:00, run_after=2023-05-08T22:26:00.255859+00:00
[2023-05-08T22:26:00.280+0000] {processor.py:178} INFO - Processing /home/airflow/.local/lib/python3.7/site-packages/airflow/example_dags/example_short_circuit_operator.py took 0.158 seconds
[2023-05-08T22:26:30.974+0000] {processor.py:156} INFO - Started process (PID=115) to work on /home/airflow/.local/lib/python3.7/site-packages/airflow/example_dags/example_short_circuit_operator.py
[2023-05-08T22:26:30.975+0000] {processor.py:799} INFO - Processing file /home/airflow/.local/lib/python3.7/site-packages/airflow/example_dags/example_short_circuit_operator.py for tasks to queue
[2023-05-08T22:26:30.975+0000] {logging_mixin.py:149} INFO - [2023-05-08T22:26:30.975+0000] {dagbag.py:541} INFO - Filling up the DagBag from /home/airflow/.local/lib/python3.7/site-packages/airflow/example_dags/example_short_circuit_operator.py
[2023-05-08T22:26:30.982+0000] {processor.py:809} INFO - DAG(s) dict_keys(['example_short_circuit_operator']) retrieved from /home/airflow/.local/lib/python3.7/site-packages/airflow/example_dags/example_short_circuit_operator.py
[2023-05-08T22:26:31.006+0000] {logging_mixin.py:149} INFO - [2023-05-08T22:26:31.006+0000] {dag.py:2726} INFO - Sync 1 DAGs
[2023-05-08T22:26:31.027+0000] {logging_mixin.py:149} INFO - [2023-05-08T22:26:31.027+0000] {dag.py:3490} INFO - Setting next_dagrun for example_short_circuit_operator to 2023-05-07T22:26:31.027014+00:00, run_after=2023-05-08T22:26:31.027014+00:00
[2023-05-08T22:26:31.040+0000] {processor.py:178} INFO - Processing /home/airflow/.local/lib/python3.7/site-packages/airflow/example_dags/example_short_circuit_operator.py took 0.068 seconds
[2023-05-08T22:27:01.896+0000] {processor.py:156} INFO - Started process (PID=172) to work on /home/airflow/.local/lib/python3.7/site-packages/airflow/example_dags/example_short_circuit_operator.py
[2023-05-08T22:27:01.897+0000] {processor.py:799} INFO - Processing file /home/airflow/.local/lib/python3.7/site-packages/airflow/example_dags/example_short_circuit_operator.py for tasks to queue
[2023-05-08T22:27:01.898+0000] {logging_mixin.py:149} INFO - [2023-05-08T22:27:01.898+0000] {dagbag.py:541} INFO - Filling up the DagBag from /home/airflow/.local/lib/python3.7/site-packages/airflow/example_dags/example_short_circuit_operator.py
[2023-05-08T22:27:01.905+0000] {processor.py:809} INFO - DAG(s) dict_keys(['example_short_circuit_operator']) retrieved from /home/airflow/.local/lib/python3.7/site-packages/airflow/example_dags/example_short_circuit_operator.py
[2023-05-08T22:27:01.928+0000] {logging_mixin.py:149} INFO - [2023-05-08T22:27:01.928+0000] {dag.py:2726} INFO - Sync 1 DAGs
[2023-05-08T22:27:01.947+0000] {logging_mixin.py:149} INFO - [2023-05-08T22:27:01.947+0000] {dag.py:3490} INFO - Setting next_dagrun for example_short_circuit_operator to 2023-05-07T22:27:01.947345+00:00, run_after=2023-05-08T22:27:01.947345+00:00
[2023-05-08T22:27:01.961+0000] {processor.py:178} INFO - Processing /home/airflow/.local/lib/python3.7/site-packages/airflow/example_dags/example_short_circuit_operator.py took 0.070 seconds
[2023-05-08T22:27:32.634+0000] {processor.py:156} INFO - Started process (PID=229) to work on /home/airflow/.local/lib/python3.7/site-packages/airflow/example_dags/example_short_circuit_operator.py
[2023-05-08T22:27:32.635+0000] {processor.py:799} INFO - Processing file /home/airflow/.local/lib/python3.7/site-packages/airflow/example_dags/example_short_circuit_operator.py for tasks to queue
[2023-05-08T22:27:32.636+0000] {logging_mixin.py:149} INFO - [2023-05-08T22:27:32.636+0000] {dagbag.py:541} INFO - Filling up the DagBag from /home/airflow/.local/lib/python3.7/site-packages/airflow/example_dags/example_short_circuit_operator.py
[2023-05-08T22:27:32.642+0000] {processor.py:809} INFO - DAG(s) dict_keys(['example_short_circuit_operator']) retrieved from /home/airflow/.local/lib/python3.7/site-packages/airflow/example_dags/example_short_circuit_operator.py
[2023-05-08T22:27:32.664+0000] {logging_mixin.py:149} INFO - [2023-05-08T22:27:32.663+0000] {dag.py:2726} INFO - Sync 1 DAGs
[2023-05-08T22:27:32.684+0000] {logging_mixin.py:149} INFO - [2023-05-08T22:27:32.684+0000] {dag.py:3490} INFO - Setting next_dagrun for example_short_circuit_operator to 2023-05-07T22:27:32.683812+00:00, run_after=2023-05-08T22:27:32.683812+00:00
[2023-05-08T22:27:32.697+0000] {processor.py:178} INFO - Processing /home/airflow/.local/lib/python3.7/site-packages/airflow/example_dags/example_short_circuit_operator.py took 0.065 seconds
[2023-05-08T22:28:03.107+0000] {processor.py:156} INFO - Started process (PID=286) to work on /home/airflow/.local/lib/python3.7/site-packages/airflow/example_dags/example_short_circuit_operator.py
[2023-05-08T22:28:03.108+0000] {processor.py:799} INFO - Processing file /home/airflow/.local/lib/python3.7/site-packages/airflow/example_dags/example_short_circuit_operator.py for tasks to queue
[2023-05-08T22:28:03.109+0000] {logging_mixin.py:149} INFO - [2023-05-08T22:28:03.109+0000] {dagbag.py:541} INFO - Filling up the DagBag from /home/airflow/.local/lib/python3.7/site-packages/airflow/example_dags/example_short_circuit_operator.py
[2023-05-08T22:28:03.115+0000] {processor.py:809} INFO - DAG(s) dict_keys(['example_short_circuit_operator']) retrieved from /home/airflow/.local/lib/python3.7/site-packages/airflow/example_dags/example_short_circuit_operator.py
[2023-05-08T22:28:03.136+0000] {logging_mixin.py:149} INFO - [2023-05-08T22:28:03.136+0000] {dag.py:2726} INFO - Sync 1 DAGs
[2023-05-08T22:28:03.158+0000] {logging_mixin.py:149} INFO - [2023-05-08T22:28:03.158+0000] {dag.py:3490} INFO - Setting next_dagrun for example_short_circuit_operator to 2023-05-07T22:28:03.158085+00:00, run_after=2023-05-08T22:28:03.158085+00:00
[2023-05-08T22:28:03.171+0000] {processor.py:178} INFO - Processing /home/airflow/.local/lib/python3.7/site-packages/airflow/example_dags/example_short_circuit_operator.py took 0.067 seconds
[2023-05-08T22:28:33.805+0000] {processor.py:156} INFO - Started process (PID=343) to work on /home/airflow/.local/lib/python3.7/site-packages/airflow/example_dags/example_short_circuit_operator.py
[2023-05-08T22:28:33.809+0000] {processor.py:799} INFO - Processing file /home/airflow/.local/lib/python3.7/site-packages/airflow/example_dags/example_short_circuit_operator.py for tasks to queue
[2023-05-08T22:28:33.811+0000] {logging_mixin.py:149} INFO - [2023-05-08T22:28:33.811+0000] {dagbag.py:541} INFO - Filling up the DagBag from /home/airflow/.local/lib/python3.7/site-packages/airflow/example_dags/example_short_circuit_operator.py
[2023-05-08T22:28:33.819+0000] {processor.py:809} INFO - DAG(s) dict_keys(['example_short_circuit_operator']) retrieved from /home/airflow/.local/lib/python3.7/site-packages/airflow/example_dags/example_short_circuit_operator.py
[2023-05-08T22:28:33.841+0000] {logging_mixin.py:149} INFO - [2023-05-08T22:28:33.841+0000] {dag.py:2726} INFO - Sync 1 DAGs
[2023-05-08T22:28:33.860+0000] {logging_mixin.py:149} INFO - [2023-05-08T22:28:33.860+0000] {dag.py:3490} INFO - Setting next_dagrun for example_short_circuit_operator to 2023-05-07T22:28:33.860379+00:00, run_after=2023-05-08T22:28:33.860379+00:00
[2023-05-08T22:28:33.873+0000] {processor.py:178} INFO - Processing /home/airflow/.local/lib/python3.7/site-packages/airflow/example_dags/example_short_circuit_operator.py took 0.070 seconds
[2023-05-08T22:29:04.663+0000] {processor.py:156} INFO - Started process (PID=400) to work on /home/airflow/.local/lib/python3.7/site-packages/airflow/example_dags/example_short_circuit_operator.py
[2023-05-08T22:29:04.664+0000] {processor.py:799} INFO - Processing file /home/airflow/.local/lib/python3.7/site-packages/airflow/example_dags/example_short_circuit_operator.py for tasks to queue
[2023-05-08T22:29:04.664+0000] {logging_mixin.py:149} INFO - [2023-05-08T22:29:04.664+0000] {dagbag.py:541} INFO - Filling up the DagBag from /home/airflow/.local/lib/python3.7/site-packages/airflow/example_dags/example_short_circuit_operator.py
[2023-05-08T22:29:04.671+0000] {processor.py:809} INFO - DAG(s) dict_keys(['example_short_circuit_operator']) retrieved from /home/airflow/.local/lib/python3.7/site-packages/airflow/example_dags/example_short_circuit_operator.py
[2023-05-08T22:29:04.694+0000] {logging_mixin.py:149} INFO - [2023-05-08T22:29:04.693+0000] {dag.py:2726} INFO - Sync 1 DAGs
[2023-05-08T22:29:04.717+0000] {logging_mixin.py:149} INFO - [2023-05-08T22:29:04.717+0000] {dag.py:3490} INFO - Setting next_dagrun for example_short_circuit_operator to 2023-05-07T22:29:04.716800+00:00, run_after=2023-05-08T22:29:04.716800+00:00
[2023-05-08T22:29:04.732+0000] {processor.py:178} INFO - Processing /home/airflow/.local/lib/python3.7/site-packages/airflow/example_dags/example_short_circuit_operator.py took 0.072 seconds
[2023-05-08T22:29:35.214+0000] {processor.py:156} INFO - Started process (PID=457) to work on /home/airflow/.local/lib/python3.7/site-packages/airflow/example_dags/example_short_circuit_operator.py
[2023-05-08T22:29:35.215+0000] {processor.py:799} INFO - Processing file /home/airflow/.local/lib/python3.7/site-packages/airflow/example_dags/example_short_circuit_operator.py for tasks to queue
[2023-05-08T22:29:35.216+0000] {logging_mixin.py:149} INFO - [2023-05-08T22:29:35.216+0000] {dagbag.py:541} INFO - Filling up the DagBag from /home/airflow/.local/lib/python3.7/site-packages/airflow/example_dags/example_short_circuit_operator.py
[2023-05-08T22:29:35.221+0000] {processor.py:809} INFO - DAG(s) dict_keys(['example_short_circuit_operator']) retrieved from /home/airflow/.local/lib/python3.7/site-packages/airflow/example_dags/example_short_circuit_operator.py
[2023-05-08T22:29:35.245+0000] {logging_mixin.py:149} INFO - [2023-05-08T22:29:35.245+0000] {dag.py:2726} INFO - Sync 1 DAGs
[2023-05-08T22:29:35.265+0000] {logging_mixin.py:149} INFO - [2023-05-08T22:29:35.265+0000] {dag.py:3490} INFO - Setting next_dagrun for example_short_circuit_operator to 2023-05-07T22:29:35.265601+00:00, run_after=2023-05-08T22:29:35.265601+00:00
[2023-05-08T22:29:35.280+0000] {processor.py:178} INFO - Processing /home/airflow/.local/lib/python3.7/site-packages/airflow/example_dags/example_short_circuit_operator.py took 0.068 seconds
[2023-05-08T22:30:06.022+0000] {processor.py:156} INFO - Started process (PID=514) to work on /home/airflow/.local/lib/python3.7/site-packages/airflow/example_dags/example_short_circuit_operator.py
[2023-05-08T22:30:06.023+0000] {processor.py:799} INFO - Processing file /home/airflow/.local/lib/python3.7/site-packages/airflow/example_dags/example_short_circuit_operator.py for tasks to queue
[2023-05-08T22:30:06.024+0000] {logging_mixin.py:149} INFO - [2023-05-08T22:30:06.024+0000] {dagbag.py:541} INFO - Filling up the DagBag from /home/airflow/.local/lib/python3.7/site-packages/airflow/example_dags/example_short_circuit_operator.py
[2023-05-08T22:30:06.031+0000] {processor.py:809} INFO - DAG(s) dict_keys(['example_short_circuit_operator']) retrieved from /home/airflow/.local/lib/python3.7/site-packages/airflow/example_dags/example_short_circuit_operator.py
[2023-05-08T22:30:06.055+0000] {logging_mixin.py:149} INFO - [2023-05-08T22:30:06.055+0000] {dag.py:2726} INFO - Sync 1 DAGs
[2023-05-08T22:30:06.075+0000] {logging_mixin.py:149} INFO - [2023-05-08T22:30:06.075+0000] {dag.py:3490} INFO - Setting next_dagrun for example_short_circuit_operator to 2023-05-07T22:30:06.075036+00:00, run_after=2023-05-08T22:30:06.075036+00:00
[2023-05-08T22:30:06.089+0000] {processor.py:178} INFO - Processing /home/airflow/.local/lib/python3.7/site-packages/airflow/example_dags/example_short_circuit_operator.py took 0.068 seconds
[2023-05-08T22:30:36.797+0000] {processor.py:156} INFO - Started process (PID=571) to work on /home/airflow/.local/lib/python3.7/site-packages/airflow/example_dags/example_short_circuit_operator.py
[2023-05-08T22:30:36.798+0000] {processor.py:799} INFO - Processing file /home/airflow/.local/lib/python3.7/site-packages/airflow/example_dags/example_short_circuit_operator.py for tasks to queue
[2023-05-08T22:30:36.798+0000] {logging_mixin.py:149} INFO - [2023-05-08T22:30:36.798+0000] {dagbag.py:541} INFO - Filling up the DagBag from /home/airflow/.local/lib/python3.7/site-packages/airflow/example_dags/example_short_circuit_operator.py
[2023-05-08T22:30:36.804+0000] {processor.py:809} INFO - DAG(s) dict_keys(['example_short_circuit_operator']) retrieved from /home/airflow/.local/lib/python3.7/site-packages/airflow/example_dags/example_short_circuit_operator.py
[2023-05-08T22:30:36.834+0000] {logging_mixin.py:149} INFO - [2023-05-08T22:30:36.834+0000] {dag.py:2726} INFO - Sync 1 DAGs
[2023-05-08T22:30:36.855+0000] {logging_mixin.py:149} INFO - [2023-05-08T22:30:36.855+0000] {dag.py:3490} INFO - Setting next_dagrun for example_short_circuit_operator to 2023-05-07T22:30:36.855020+00:00, run_after=2023-05-08T22:30:36.855020+00:00
[2023-05-08T22:30:36.867+0000] {processor.py:178} INFO - Processing /home/airflow/.local/lib/python3.7/site-packages/airflow/example_dags/example_short_circuit_operator.py took 0.073 seconds
[2023-05-08T22:31:07.790+0000] {processor.py:156} INFO - Started process (PID=628) to work on /home/airflow/.local/lib/python3.7/site-packages/airflow/example_dags/example_short_circuit_operator.py
[2023-05-08T22:31:07.791+0000] {processor.py:799} INFO - Processing file /home/airflow/.local/lib/python3.7/site-packages/airflow/example_dags/example_short_circuit_operator.py for tasks to queue
[2023-05-08T22:31:07.792+0000] {logging_mixin.py:149} INFO - [2023-05-08T22:31:07.791+0000] {dagbag.py:541} INFO - Filling up the DagBag from /home/airflow/.local/lib/python3.7/site-packages/airflow/example_dags/example_short_circuit_operator.py
[2023-05-08T22:31:07.797+0000] {processor.py:809} INFO - DAG(s) dict_keys(['example_short_circuit_operator']) retrieved from /home/airflow/.local/lib/python3.7/site-packages/airflow/example_dags/example_short_circuit_operator.py
[2023-05-08T22:31:07.824+0000] {logging_mixin.py:149} INFO - [2023-05-08T22:31:07.824+0000] {dag.py:2726} INFO - Sync 1 DAGs
[2023-05-08T22:31:07.844+0000] {logging_mixin.py:149} INFO - [2023-05-08T22:31:07.844+0000] {dag.py:3490} INFO - Setting next_dagrun for example_short_circuit_operator to 2023-05-07T22:31:07.843940+00:00, run_after=2023-05-08T22:31:07.843940+00:00
[2023-05-08T22:31:07.857+0000] {processor.py:178} INFO - Processing /home/airflow/.local/lib/python3.7/site-packages/airflow/example_dags/example_short_circuit_operator.py took 0.070 seconds
[2023-05-08T22:31:38.327+0000] {processor.py:156} INFO - Started process (PID=685) to work on /home/airflow/.local/lib/python3.7/site-packages/airflow/example_dags/example_short_circuit_operator.py
[2023-05-08T22:31:38.328+0000] {processor.py:799} INFO - Processing file /home/airflow/.local/lib/python3.7/site-packages/airflow/example_dags/example_short_circuit_operator.py for tasks to queue
[2023-05-08T22:31:38.329+0000] {logging_mixin.py:149} INFO - [2023-05-08T22:31:38.329+0000] {dagbag.py:541} INFO - Filling up the DagBag from /home/airflow/.local/lib/python3.7/site-packages/airflow/example_dags/example_short_circuit_operator.py
[2023-05-08T22:31:38.335+0000] {processor.py:809} INFO - DAG(s) dict_keys(['example_short_circuit_operator']) retrieved from /home/airflow/.local/lib/python3.7/site-packages/airflow/example_dags/example_short_circuit_operator.py
[2023-05-08T22:31:38.357+0000] {logging_mixin.py:149} INFO - [2023-05-08T22:31:38.357+0000] {dag.py:2726} INFO - Sync 1 DAGs
[2023-05-08T22:31:38.377+0000] {logging_mixin.py:149} INFO - [2023-05-08T22:31:38.377+0000] {dag.py:3490} INFO - Setting next_dagrun for example_short_circuit_operator to 2023-05-07T22:31:38.376910+00:00, run_after=2023-05-08T22:31:38.376910+00:00
[2023-05-08T22:31:38.390+0000] {processor.py:178} INFO - Processing /home/airflow/.local/lib/python3.7/site-packages/airflow/example_dags/example_short_circuit_operator.py took 0.065 seconds
[2023-05-08T22:32:09.035+0000] {processor.py:156} INFO - Started process (PID=742) to work on /home/airflow/.local/lib/python3.7/site-packages/airflow/example_dags/example_short_circuit_operator.py
[2023-05-08T22:32:09.036+0000] {processor.py:799} INFO - Processing file /home/airflow/.local/lib/python3.7/site-packages/airflow/example_dags/example_short_circuit_operator.py for tasks to queue
[2023-05-08T22:32:09.037+0000] {logging_mixin.py:149} INFO - [2023-05-08T22:32:09.037+0000] {dagbag.py:541} INFO - Filling up the DagBag from /home/airflow/.local/lib/python3.7/site-packages/airflow/example_dags/example_short_circuit_operator.py
[2023-05-08T22:32:09.042+0000] {processor.py:809} INFO - DAG(s) dict_keys(['example_short_circuit_operator']) retrieved from /home/airflow/.local/lib/python3.7/site-packages/airflow/example_dags/example_short_circuit_operator.py
[2023-05-08T22:32:09.066+0000] {logging_mixin.py:149} INFO - [2023-05-08T22:32:09.066+0000] {dag.py:2726} INFO - Sync 1 DAGs
[2023-05-08T22:32:09.085+0000] {logging_mixin.py:149} INFO - [2023-05-08T22:32:09.085+0000] {dag.py:3490} INFO - Setting next_dagrun for example_short_circuit_operator to 2023-05-07T22:32:09.085052+00:00, run_after=2023-05-08T22:32:09.085052+00:00
[2023-05-08T22:32:09.099+0000] {processor.py:178} INFO - Processing /home/airflow/.local/lib/python3.7/site-packages/airflow/example_dags/example_short_circuit_operator.py took 0.066 seconds
[2023-05-08T22:32:39.866+0000] {processor.py:156} INFO - Started process (PID=799) to work on /home/airflow/.local/lib/python3.7/site-packages/airflow/example_dags/example_short_circuit_operator.py
[2023-05-08T22:32:39.867+0000] {processor.py:799} INFO - Processing file /home/airflow/.local/lib/python3.7/site-packages/airflow/example_dags/example_short_circuit_operator.py for tasks to queue
[2023-05-08T22:32:39.867+0000] {logging_mixin.py:149} INFO - [2023-05-08T22:32:39.867+0000] {dagbag.py:541} INFO - Filling up the DagBag from /home/airflow/.local/lib/python3.7/site-packages/airflow/example_dags/example_short_circuit_operator.py
[2023-05-08T22:32:39.873+0000] {processor.py:809} INFO - DAG(s) dict_keys(['example_short_circuit_operator']) retrieved from /home/airflow/.local/lib/python3.7/site-packages/airflow/example_dags/example_short_circuit_operator.py
[2023-05-08T22:32:39.899+0000] {logging_mixin.py:149} INFO - [2023-05-08T22:32:39.899+0000] {dag.py:2726} INFO - Sync 1 DAGs
[2023-05-08T22:32:39.920+0000] {logging_mixin.py:149} INFO - [2023-05-08T22:32:39.920+0000] {dag.py:3490} INFO - Setting next_dagrun for example_short_circuit_operator to 2023-05-07T22:32:39.919982+00:00, run_after=2023-05-08T22:32:39.919982+00:00
[2023-05-08T22:32:39.934+0000] {processor.py:178} INFO - Processing /home/airflow/.local/lib/python3.7/site-packages/airflow/example_dags/example_short_circuit_operator.py took 0.071 seconds
[2023-05-08T22:33:11.008+0000] {processor.py:156} INFO - Started process (PID=856) to work on /home/airflow/.local/lib/python3.7/site-packages/airflow/example_dags/example_short_circuit_operator.py
[2023-05-08T22:33:11.010+0000] {processor.py:799} INFO - Processing file /home/airflow/.local/lib/python3.7/site-packages/airflow/example_dags/example_short_circuit_operator.py for tasks to queue
[2023-05-08T22:33:11.010+0000] {logging_mixin.py:149} INFO - [2023-05-08T22:33:11.010+0000] {dagbag.py:541} INFO - Filling up the DagBag from /home/airflow/.local/lib/python3.7/site-packages/airflow/example_dags/example_short_circuit_operator.py
[2023-05-08T22:33:11.017+0000] {processor.py:809} INFO - DAG(s) dict_keys(['example_short_circuit_operator']) retrieved from /home/airflow/.local/lib/python3.7/site-packages/airflow/example_dags/example_short_circuit_operator.py
[2023-05-08T22:33:11.042+0000] {logging_mixin.py:149} INFO - [2023-05-08T22:33:11.042+0000] {dag.py:2726} INFO - Sync 1 DAGs
[2023-05-08T22:33:11.069+0000] {logging_mixin.py:149} INFO - [2023-05-08T22:33:11.069+0000] {dag.py:3490} INFO - Setting next_dagrun for example_short_circuit_operator to 2023-05-07T22:33:11.069452+00:00, run_after=2023-05-08T22:33:11.069452+00:00
[2023-05-08T22:33:11.085+0000] {processor.py:178} INFO - Processing /home/airflow/.local/lib/python3.7/site-packages/airflow/example_dags/example_short_circuit_operator.py took 0.079 seconds
[2023-05-08T22:33:42.405+0000] {processor.py:156} INFO - Started process (PID=913) to work on /home/airflow/.local/lib/python3.7/site-packages/airflow/example_dags/example_short_circuit_operator.py
[2023-05-08T22:33:42.407+0000] {processor.py:799} INFO - Processing file /home/airflow/.local/lib/python3.7/site-packages/airflow/example_dags/example_short_circuit_operator.py for tasks to queue
[2023-05-08T22:33:42.409+0000] {logging_mixin.py:149} INFO - [2023-05-08T22:33:42.409+0000] {dagbag.py:541} INFO - Filling up the DagBag from /home/airflow/.local/lib/python3.7/site-packages/airflow/example_dags/example_short_circuit_operator.py
[2023-05-08T22:33:42.416+0000] {processor.py:809} INFO - DAG(s) dict_keys(['example_short_circuit_operator']) retrieved from /home/airflow/.local/lib/python3.7/site-packages/airflow/example_dags/example_short_circuit_operator.py
[2023-05-08T22:33:42.448+0000] {logging_mixin.py:149} INFO - [2023-05-08T22:33:42.448+0000] {dag.py:2726} INFO - Sync 1 DAGs
[2023-05-08T22:33:42.525+0000] {logging_mixin.py:149} INFO - [2023-05-08T22:33:42.524+0000] {dag.py:3490} INFO - Setting next_dagrun for example_short_circuit_operator to 2023-05-07T22:33:42.524196+00:00, run_after=2023-05-08T22:33:42.524196+00:00
[2023-05-08T22:33:42.566+0000] {processor.py:178} INFO - Processing /home/airflow/.local/lib/python3.7/site-packages/airflow/example_dags/example_short_circuit_operator.py took 0.163 seconds
[2023-05-08T22:34:13.145+0000] {processor.py:156} INFO - Started process (PID=970) to work on /home/airflow/.local/lib/python3.7/site-packages/airflow/example_dags/example_short_circuit_operator.py
[2023-05-08T22:34:13.146+0000] {processor.py:799} INFO - Processing file /home/airflow/.local/lib/python3.7/site-packages/airflow/example_dags/example_short_circuit_operator.py for tasks to queue
[2023-05-08T22:34:13.147+0000] {logging_mixin.py:149} INFO - [2023-05-08T22:34:13.147+0000] {dagbag.py:541} INFO - Filling up the DagBag from /home/airflow/.local/lib/python3.7/site-packages/airflow/example_dags/example_short_circuit_operator.py
[2023-05-08T22:34:13.154+0000] {processor.py:809} INFO - DAG(s) dict_keys(['example_short_circuit_operator']) retrieved from /home/airflow/.local/lib/python3.7/site-packages/airflow/example_dags/example_short_circuit_operator.py
[2023-05-08T22:34:13.181+0000] {logging_mixin.py:149} INFO - [2023-05-08T22:34:13.180+0000] {dag.py:2726} INFO - Sync 1 DAGs
[2023-05-08T22:34:13.203+0000] {logging_mixin.py:149} INFO - [2023-05-08T22:34:13.203+0000] {dag.py:3490} INFO - Setting next_dagrun for example_short_circuit_operator to 2023-05-07T22:34:13.203404+00:00, run_after=2023-05-08T22:34:13.203404+00:00
[2023-05-08T22:34:13.219+0000] {processor.py:178} INFO - Processing /home/airflow/.local/lib/python3.7/site-packages/airflow/example_dags/example_short_circuit_operator.py took 0.077 seconds
[2023-05-08T22:34:43.878+0000] {processor.py:156} INFO - Started process (PID=1028) to work on /home/airflow/.local/lib/python3.7/site-packages/airflow/example_dags/example_short_circuit_operator.py
[2023-05-08T22:34:43.882+0000] {processor.py:799} INFO - Processing file /home/airflow/.local/lib/python3.7/site-packages/airflow/example_dags/example_short_circuit_operator.py for tasks to queue
[2023-05-08T22:34:43.883+0000] {logging_mixin.py:149} INFO - [2023-05-08T22:34:43.883+0000] {dagbag.py:541} INFO - Filling up the DagBag from /home/airflow/.local/lib/python3.7/site-packages/airflow/example_dags/example_short_circuit_operator.py
[2023-05-08T22:34:43.893+0000] {processor.py:809} INFO - DAG(s) dict_keys(['example_short_circuit_operator']) retrieved from /home/airflow/.local/lib/python3.7/site-packages/airflow/example_dags/example_short_circuit_operator.py
[2023-05-08T22:34:43.926+0000] {logging_mixin.py:149} INFO - [2023-05-08T22:34:43.926+0000] {dag.py:2726} INFO - Sync 1 DAGs
[2023-05-08T22:34:43.945+0000] {logging_mixin.py:149} INFO - [2023-05-08T22:34:43.945+0000] {dag.py:3490} INFO - Setting next_dagrun for example_short_circuit_operator to 2023-05-07T22:34:43.945644+00:00, run_after=2023-05-08T22:34:43.945644+00:00
[2023-05-08T22:34:43.959+0000] {processor.py:178} INFO - Processing /home/airflow/.local/lib/python3.7/site-packages/airflow/example_dags/example_short_circuit_operator.py took 0.085 seconds
[2023-05-08T22:35:14.225+0000] {processor.py:156} INFO - Started process (PID=1084) to work on /home/airflow/.local/lib/python3.7/site-packages/airflow/example_dags/example_short_circuit_operator.py
[2023-05-08T22:35:14.226+0000] {processor.py:799} INFO - Processing file /home/airflow/.local/lib/python3.7/site-packages/airflow/example_dags/example_short_circuit_operator.py for tasks to queue
[2023-05-08T22:35:14.227+0000] {logging_mixin.py:149} INFO - [2023-05-08T22:35:14.227+0000] {dagbag.py:541} INFO - Filling up the DagBag from /home/airflow/.local/lib/python3.7/site-packages/airflow/example_dags/example_short_circuit_operator.py
[2023-05-08T22:35:14.233+0000] {processor.py:809} INFO - DAG(s) dict_keys(['example_short_circuit_operator']) retrieved from /home/airflow/.local/lib/python3.7/site-packages/airflow/example_dags/example_short_circuit_operator.py
[2023-05-08T22:35:14.255+0000] {logging_mixin.py:149} INFO - [2023-05-08T22:35:14.255+0000] {dag.py:2726} INFO - Sync 1 DAGs
[2023-05-08T22:35:14.273+0000] {logging_mixin.py:149} INFO - [2023-05-08T22:35:14.273+0000] {dag.py:3490} INFO - Setting next_dagrun for example_short_circuit_operator to 2023-05-07T22:35:14.273717+00:00, run_after=2023-05-08T22:35:14.273717+00:00
[2023-05-08T22:35:14.287+0000] {processor.py:178} INFO - Processing /home/airflow/.local/lib/python3.7/site-packages/airflow/example_dags/example_short_circuit_operator.py took 0.065 seconds
