[2023-05-08T20:36:10.364+0000] {processor.py:156} INFO - Started process (PID=42) to work on /home/airflow/.local/lib/python3.7/site-packages/airflow/example_dags/example_xcomargs.py
[2023-05-08T20:36:10.366+0000] {processor.py:799} INFO - Processing file /home/airflow/.local/lib/python3.7/site-packages/airflow/example_dags/example_xcomargs.py for tasks to queue
[2023-05-08T20:36:10.367+0000] {logging_mixin.py:149} INFO - [2023-05-08T20:36:10.367+0000] {dagbag.py:541} INFO - Filling up the DagBag from /home/airflow/.local/lib/python3.7/site-packages/airflow/example_dags/example_xcomargs.py
[2023-05-08T20:36:10.377+0000] {processor.py:809} INFO - DAG(s) dict_keys(['example_xcom_args', 'example_xcom_args_with_operators']) retrieved from /home/airflow/.local/lib/python3.7/site-packages/airflow/example_dags/example_xcomargs.py
[2023-05-08T20:36:10.419+0000] {logging_mixin.py:149} INFO - [2023-05-08T20:36:10.419+0000] {dag.py:2726} INFO - Sync 2 DAGs
[2023-05-08T20:36:10.508+0000] {logging_mixin.py:149} INFO - [2023-05-08T20:36:10.507+0000] {dag.py:3490} INFO - Setting next_dagrun for example_xcom_args to None, run_after=None
[2023-05-08T20:36:10.517+0000] {logging_mixin.py:149} INFO - [2023-05-08T20:36:10.517+0000] {dag.py:3490} INFO - Setting next_dagrun for example_xcom_args_with_operators to None, run_after=None
[2023-05-08T20:36:10.539+0000] {processor.py:178} INFO - Processing /home/airflow/.local/lib/python3.7/site-packages/airflow/example_dags/example_xcomargs.py took 0.178 seconds
[2023-05-08T20:36:40.657+0000] {processor.py:156} INFO - Started process (PID=98) to work on /home/airflow/.local/lib/python3.7/site-packages/airflow/example_dags/example_xcomargs.py
[2023-05-08T20:36:40.659+0000] {processor.py:799} INFO - Processing file /home/airflow/.local/lib/python3.7/site-packages/airflow/example_dags/example_xcomargs.py for tasks to queue
[2023-05-08T20:36:40.660+0000] {logging_mixin.py:149} INFO - [2023-05-08T20:36:40.659+0000] {dagbag.py:541} INFO - Filling up the DagBag from /home/airflow/.local/lib/python3.7/site-packages/airflow/example_dags/example_xcomargs.py
[2023-05-08T20:36:40.669+0000] {processor.py:809} INFO - DAG(s) dict_keys(['example_xcom_args', 'example_xcom_args_with_operators']) retrieved from /home/airflow/.local/lib/python3.7/site-packages/airflow/example_dags/example_xcomargs.py
[2023-05-08T20:36:40.705+0000] {logging_mixin.py:149} INFO - [2023-05-08T20:36:40.705+0000] {dag.py:2726} INFO - Sync 2 DAGs
[2023-05-08T20:36:40.731+0000] {logging_mixin.py:149} INFO - [2023-05-08T20:36:40.731+0000] {dag.py:3490} INFO - Setting next_dagrun for example_xcom_args to None, run_after=None
[2023-05-08T20:36:40.734+0000] {logging_mixin.py:149} INFO - [2023-05-08T20:36:40.734+0000] {dag.py:3490} INFO - Setting next_dagrun for example_xcom_args_with_operators to None, run_after=None
[2023-05-08T20:36:40.749+0000] {processor.py:178} INFO - Processing /home/airflow/.local/lib/python3.7/site-packages/airflow/example_dags/example_xcomargs.py took 0.096 seconds
[2023-05-08T20:37:10.988+0000] {processor.py:156} INFO - Started process (PID=154) to work on /home/airflow/.local/lib/python3.7/site-packages/airflow/example_dags/example_xcomargs.py
[2023-05-08T20:37:10.989+0000] {processor.py:799} INFO - Processing file /home/airflow/.local/lib/python3.7/site-packages/airflow/example_dags/example_xcomargs.py for tasks to queue
[2023-05-08T20:37:10.989+0000] {logging_mixin.py:149} INFO - [2023-05-08T20:37:10.989+0000] {dagbag.py:541} INFO - Filling up the DagBag from /home/airflow/.local/lib/python3.7/site-packages/airflow/example_dags/example_xcomargs.py
[2023-05-08T20:37:10.996+0000] {processor.py:809} INFO - DAG(s) dict_keys(['example_xcom_args', 'example_xcom_args_with_operators']) retrieved from /home/airflow/.local/lib/python3.7/site-packages/airflow/example_dags/example_xcomargs.py
[2023-05-08T20:37:11.022+0000] {logging_mixin.py:149} INFO - [2023-05-08T20:37:11.022+0000] {dag.py:2726} INFO - Sync 2 DAGs
[2023-05-08T20:37:11.042+0000] {logging_mixin.py:149} INFO - [2023-05-08T20:37:11.042+0000] {dag.py:3490} INFO - Setting next_dagrun for example_xcom_args to None, run_after=None
[2023-05-08T20:37:11.045+0000] {logging_mixin.py:149} INFO - [2023-05-08T20:37:11.045+0000] {dag.py:3490} INFO - Setting next_dagrun for example_xcom_args_with_operators to None, run_after=None
[2023-05-08T20:37:11.058+0000] {processor.py:178} INFO - Processing /home/airflow/.local/lib/python3.7/site-packages/airflow/example_dags/example_xcomargs.py took 0.072 seconds
[2023-05-08T20:37:41.838+0000] {processor.py:156} INFO - Started process (PID=210) to work on /home/airflow/.local/lib/python3.7/site-packages/airflow/example_dags/example_xcomargs.py
[2023-05-08T20:37:41.839+0000] {processor.py:799} INFO - Processing file /home/airflow/.local/lib/python3.7/site-packages/airflow/example_dags/example_xcomargs.py for tasks to queue
[2023-05-08T20:37:41.840+0000] {logging_mixin.py:149} INFO - [2023-05-08T20:37:41.840+0000] {dagbag.py:541} INFO - Filling up the DagBag from /home/airflow/.local/lib/python3.7/site-packages/airflow/example_dags/example_xcomargs.py
[2023-05-08T20:37:41.847+0000] {processor.py:809} INFO - DAG(s) dict_keys(['example_xcom_args', 'example_xcom_args_with_operators']) retrieved from /home/airflow/.local/lib/python3.7/site-packages/airflow/example_dags/example_xcomargs.py
[2023-05-08T20:37:41.873+0000] {logging_mixin.py:149} INFO - [2023-05-08T20:37:41.873+0000] {dag.py:2726} INFO - Sync 2 DAGs
[2023-05-08T20:37:41.893+0000] {logging_mixin.py:149} INFO - [2023-05-08T20:37:41.893+0000] {dag.py:3490} INFO - Setting next_dagrun for example_xcom_args to None, run_after=None
[2023-05-08T20:37:41.895+0000] {logging_mixin.py:149} INFO - [2023-05-08T20:37:41.895+0000] {dag.py:3490} INFO - Setting next_dagrun for example_xcom_args_with_operators to None, run_after=None
[2023-05-08T20:37:41.906+0000] {processor.py:178} INFO - Processing /home/airflow/.local/lib/python3.7/site-packages/airflow/example_dags/example_xcomargs.py took 0.070 seconds
[2023-05-08T20:38:12.590+0000] {processor.py:156} INFO - Started process (PID=267) to work on /home/airflow/.local/lib/python3.7/site-packages/airflow/example_dags/example_xcomargs.py
[2023-05-08T20:38:12.591+0000] {processor.py:799} INFO - Processing file /home/airflow/.local/lib/python3.7/site-packages/airflow/example_dags/example_xcomargs.py for tasks to queue
[2023-05-08T20:38:12.591+0000] {logging_mixin.py:149} INFO - [2023-05-08T20:38:12.591+0000] {dagbag.py:541} INFO - Filling up the DagBag from /home/airflow/.local/lib/python3.7/site-packages/airflow/example_dags/example_xcomargs.py
[2023-05-08T20:38:12.597+0000] {processor.py:809} INFO - DAG(s) dict_keys(['example_xcom_args', 'example_xcom_args_with_operators']) retrieved from /home/airflow/.local/lib/python3.7/site-packages/airflow/example_dags/example_xcomargs.py
[2023-05-08T20:38:12.621+0000] {logging_mixin.py:149} INFO - [2023-05-08T20:38:12.621+0000] {dag.py:2726} INFO - Sync 2 DAGs
[2023-05-08T20:38:12.644+0000] {logging_mixin.py:149} INFO - [2023-05-08T20:38:12.644+0000] {dag.py:3490} INFO - Setting next_dagrun for example_xcom_args to None, run_after=None
[2023-05-08T20:38:12.654+0000] {logging_mixin.py:149} INFO - [2023-05-08T20:38:12.654+0000] {dag.py:3490} INFO - Setting next_dagrun for example_xcom_args_with_operators to None, run_after=None
[2023-05-08T20:38:12.686+0000] {processor.py:178} INFO - Processing /home/airflow/.local/lib/python3.7/site-packages/airflow/example_dags/example_xcomargs.py took 0.098 seconds
[2023-05-08T20:38:43.283+0000] {processor.py:156} INFO - Started process (PID=323) to work on /home/airflow/.local/lib/python3.7/site-packages/airflow/example_dags/example_xcomargs.py
[2023-05-08T20:38:43.284+0000] {processor.py:799} INFO - Processing file /home/airflow/.local/lib/python3.7/site-packages/airflow/example_dags/example_xcomargs.py for tasks to queue
[2023-05-08T20:38:43.284+0000] {logging_mixin.py:149} INFO - [2023-05-08T20:38:43.284+0000] {dagbag.py:541} INFO - Filling up the DagBag from /home/airflow/.local/lib/python3.7/site-packages/airflow/example_dags/example_xcomargs.py
[2023-05-08T20:38:43.290+0000] {processor.py:809} INFO - DAG(s) dict_keys(['example_xcom_args_with_operators', 'example_xcom_args']) retrieved from /home/airflow/.local/lib/python3.7/site-packages/airflow/example_dags/example_xcomargs.py
[2023-05-08T20:38:43.314+0000] {logging_mixin.py:149} INFO - [2023-05-08T20:38:43.314+0000] {dag.py:2726} INFO - Sync 2 DAGs
[2023-05-08T20:38:43.332+0000] {logging_mixin.py:149} INFO - [2023-05-08T20:38:43.332+0000] {dag.py:3490} INFO - Setting next_dagrun for example_xcom_args to None, run_after=None
[2023-05-08T20:38:43.334+0000] {logging_mixin.py:149} INFO - [2023-05-08T20:38:43.334+0000] {dag.py:3490} INFO - Setting next_dagrun for example_xcom_args_with_operators to None, run_after=None
[2023-05-08T20:38:43.346+0000] {processor.py:178} INFO - Processing /home/airflow/.local/lib/python3.7/site-packages/airflow/example_dags/example_xcomargs.py took 0.065 seconds
[2023-05-08T20:39:13.872+0000] {processor.py:156} INFO - Started process (PID=379) to work on /home/airflow/.local/lib/python3.7/site-packages/airflow/example_dags/example_xcomargs.py
[2023-05-08T20:39:13.873+0000] {processor.py:799} INFO - Processing file /home/airflow/.local/lib/python3.7/site-packages/airflow/example_dags/example_xcomargs.py for tasks to queue
[2023-05-08T20:39:13.873+0000] {logging_mixin.py:149} INFO - [2023-05-08T20:39:13.873+0000] {dagbag.py:541} INFO - Filling up the DagBag from /home/airflow/.local/lib/python3.7/site-packages/airflow/example_dags/example_xcomargs.py
[2023-05-08T20:39:13.879+0000] {processor.py:809} INFO - DAG(s) dict_keys(['example_xcom_args', 'example_xcom_args_with_operators']) retrieved from /home/airflow/.local/lib/python3.7/site-packages/airflow/example_dags/example_xcomargs.py
[2023-05-08T20:39:13.901+0000] {logging_mixin.py:149} INFO - [2023-05-08T20:39:13.901+0000] {dag.py:2726} INFO - Sync 2 DAGs
[2023-05-08T20:39:13.921+0000] {logging_mixin.py:149} INFO - [2023-05-08T20:39:13.921+0000] {dag.py:3490} INFO - Setting next_dagrun for example_xcom_args to None, run_after=None
[2023-05-08T20:39:13.923+0000] {logging_mixin.py:149} INFO - [2023-05-08T20:39:13.923+0000] {dag.py:3490} INFO - Setting next_dagrun for example_xcom_args_with_operators to None, run_after=None
[2023-05-08T20:39:13.933+0000] {processor.py:178} INFO - Processing /home/airflow/.local/lib/python3.7/site-packages/airflow/example_dags/example_xcomargs.py took 0.064 seconds
[2023-05-08T20:39:44.416+0000] {processor.py:156} INFO - Started process (PID=434) to work on /home/airflow/.local/lib/python3.7/site-packages/airflow/example_dags/example_xcomargs.py
[2023-05-08T20:39:44.417+0000] {processor.py:799} INFO - Processing file /home/airflow/.local/lib/python3.7/site-packages/airflow/example_dags/example_xcomargs.py for tasks to queue
[2023-05-08T20:39:44.417+0000] {logging_mixin.py:149} INFO - [2023-05-08T20:39:44.417+0000] {dagbag.py:541} INFO - Filling up the DagBag from /home/airflow/.local/lib/python3.7/site-packages/airflow/example_dags/example_xcomargs.py
[2023-05-08T20:39:44.422+0000] {processor.py:809} INFO - DAG(s) dict_keys(['example_xcom_args', 'example_xcom_args_with_operators']) retrieved from /home/airflow/.local/lib/python3.7/site-packages/airflow/example_dags/example_xcomargs.py
[2023-05-08T20:39:44.446+0000] {logging_mixin.py:149} INFO - [2023-05-08T20:39:44.446+0000] {dag.py:2726} INFO - Sync 2 DAGs
[2023-05-08T20:39:44.466+0000] {logging_mixin.py:149} INFO - [2023-05-08T20:39:44.466+0000] {dag.py:3490} INFO - Setting next_dagrun for example_xcom_args to None, run_after=None
[2023-05-08T20:39:44.469+0000] {logging_mixin.py:149} INFO - [2023-05-08T20:39:44.469+0000] {dag.py:3490} INFO - Setting next_dagrun for example_xcom_args_with_operators to None, run_after=None
[2023-05-08T20:39:44.479+0000] {processor.py:178} INFO - Processing /home/airflow/.local/lib/python3.7/site-packages/airflow/example_dags/example_xcomargs.py took 0.066 seconds
[2023-05-08T22:15:45.755+0000] {processor.py:156} INFO - Started process (PID=42) to work on /home/airflow/.local/lib/python3.7/site-packages/airflow/example_dags/example_xcomargs.py
[2023-05-08T22:15:45.756+0000] {processor.py:799} INFO - Processing file /home/airflow/.local/lib/python3.7/site-packages/airflow/example_dags/example_xcomargs.py for tasks to queue
[2023-05-08T22:15:45.757+0000] {logging_mixin.py:149} INFO - [2023-05-08T22:15:45.757+0000] {dagbag.py:541} INFO - Filling up the DagBag from /home/airflow/.local/lib/python3.7/site-packages/airflow/example_dags/example_xcomargs.py
[2023-05-08T22:15:45.770+0000] {processor.py:809} INFO - DAG(s) dict_keys(['example_xcom_args', 'example_xcom_args_with_operators']) retrieved from /home/airflow/.local/lib/python3.7/site-packages/airflow/example_dags/example_xcomargs.py
[2023-05-08T22:15:45.807+0000] {logging_mixin.py:149} INFO - [2023-05-08T22:15:45.807+0000] {dag.py:2726} INFO - Sync 2 DAGs
[2023-05-08T22:15:45.838+0000] {logging_mixin.py:149} INFO - [2023-05-08T22:15:45.838+0000] {dag.py:3490} INFO - Setting next_dagrun for example_xcom_args to None, run_after=None
[2023-05-08T22:15:45.844+0000] {logging_mixin.py:149} INFO - [2023-05-08T22:15:45.843+0000] {dag.py:3490} INFO - Setting next_dagrun for example_xcom_args_with_operators to None, run_after=None
[2023-05-08T22:15:45.861+0000] {processor.py:178} INFO - Processing /home/airflow/.local/lib/python3.7/site-packages/airflow/example_dags/example_xcomargs.py took 0.109 seconds
[2023-05-08T22:16:16.914+0000] {processor.py:156} INFO - Started process (PID=99) to work on /home/airflow/.local/lib/python3.7/site-packages/airflow/example_dags/example_xcomargs.py
[2023-05-08T22:16:16.916+0000] {processor.py:799} INFO - Processing file /home/airflow/.local/lib/python3.7/site-packages/airflow/example_dags/example_xcomargs.py for tasks to queue
[2023-05-08T22:16:16.917+0000] {logging_mixin.py:149} INFO - [2023-05-08T22:16:16.917+0000] {dagbag.py:541} INFO - Filling up the DagBag from /home/airflow/.local/lib/python3.7/site-packages/airflow/example_dags/example_xcomargs.py
[2023-05-08T22:16:16.925+0000] {processor.py:809} INFO - DAG(s) dict_keys(['example_xcom_args_with_operators', 'example_xcom_args']) retrieved from /home/airflow/.local/lib/python3.7/site-packages/airflow/example_dags/example_xcomargs.py
[2023-05-08T22:16:16.952+0000] {logging_mixin.py:149} INFO - [2023-05-08T22:16:16.952+0000] {dag.py:2726} INFO - Sync 2 DAGs
[2023-05-08T22:16:16.973+0000] {logging_mixin.py:149} INFO - [2023-05-08T22:16:16.973+0000] {dag.py:3490} INFO - Setting next_dagrun for example_xcom_args to None, run_after=None
[2023-05-08T22:16:16.976+0000] {logging_mixin.py:149} INFO - [2023-05-08T22:16:16.976+0000] {dag.py:3490} INFO - Setting next_dagrun for example_xcom_args_with_operators to None, run_after=None
[2023-05-08T22:16:16.987+0000] {processor.py:178} INFO - Processing /home/airflow/.local/lib/python3.7/site-packages/airflow/example_dags/example_xcomargs.py took 0.078 seconds
[2023-05-08T22:16:47.122+0000] {processor.py:156} INFO - Started process (PID=156) to work on /home/airflow/.local/lib/python3.7/site-packages/airflow/example_dags/example_xcomargs.py
[2023-05-08T22:16:47.125+0000] {processor.py:799} INFO - Processing file /home/airflow/.local/lib/python3.7/site-packages/airflow/example_dags/example_xcomargs.py for tasks to queue
[2023-05-08T22:16:47.126+0000] {logging_mixin.py:149} INFO - [2023-05-08T22:16:47.126+0000] {dagbag.py:541} INFO - Filling up the DagBag from /home/airflow/.local/lib/python3.7/site-packages/airflow/example_dags/example_xcomargs.py
[2023-05-08T22:16:47.136+0000] {processor.py:809} INFO - DAG(s) dict_keys(['example_xcom_args', 'example_xcom_args_with_operators']) retrieved from /home/airflow/.local/lib/python3.7/site-packages/airflow/example_dags/example_xcomargs.py
[2023-05-08T22:16:47.165+0000] {logging_mixin.py:149} INFO - [2023-05-08T22:16:47.165+0000] {dag.py:2726} INFO - Sync 2 DAGs
[2023-05-08T22:16:47.186+0000] {logging_mixin.py:149} INFO - [2023-05-08T22:16:47.186+0000] {dag.py:3490} INFO - Setting next_dagrun for example_xcom_args to None, run_after=None
[2023-05-08T22:16:47.188+0000] {logging_mixin.py:149} INFO - [2023-05-08T22:16:47.188+0000] {dag.py:3490} INFO - Setting next_dagrun for example_xcom_args_with_operators to None, run_after=None
[2023-05-08T22:16:47.200+0000] {processor.py:178} INFO - Processing /home/airflow/.local/lib/python3.7/site-packages/airflow/example_dags/example_xcomargs.py took 0.082 seconds
[2023-05-08T22:17:18.000+0000] {processor.py:156} INFO - Started process (PID=213) to work on /home/airflow/.local/lib/python3.7/site-packages/airflow/example_dags/example_xcomargs.py
[2023-05-08T22:17:18.002+0000] {processor.py:799} INFO - Processing file /home/airflow/.local/lib/python3.7/site-packages/airflow/example_dags/example_xcomargs.py for tasks to queue
[2023-05-08T22:17:18.004+0000] {logging_mixin.py:149} INFO - [2023-05-08T22:17:18.003+0000] {dagbag.py:541} INFO - Filling up the DagBag from /home/airflow/.local/lib/python3.7/site-packages/airflow/example_dags/example_xcomargs.py
[2023-05-08T22:17:18.015+0000] {processor.py:809} INFO - DAG(s) dict_keys(['example_xcom_args_with_operators', 'example_xcom_args']) retrieved from /home/airflow/.local/lib/python3.7/site-packages/airflow/example_dags/example_xcomargs.py
[2023-05-08T22:17:18.047+0000] {logging_mixin.py:149} INFO - [2023-05-08T22:17:18.047+0000] {dag.py:2726} INFO - Sync 2 DAGs
[2023-05-08T22:17:18.069+0000] {logging_mixin.py:149} INFO - [2023-05-08T22:17:18.069+0000] {dag.py:3490} INFO - Setting next_dagrun for example_xcom_args to None, run_after=None
[2023-05-08T22:17:18.072+0000] {logging_mixin.py:149} INFO - [2023-05-08T22:17:18.072+0000] {dag.py:3490} INFO - Setting next_dagrun for example_xcom_args_with_operators to None, run_after=None
[2023-05-08T22:17:18.083+0000] {processor.py:178} INFO - Processing /home/airflow/.local/lib/python3.7/site-packages/airflow/example_dags/example_xcomargs.py took 0.090 seconds
[2023-05-08T22:17:48.967+0000] {processor.py:156} INFO - Started process (PID=270) to work on /home/airflow/.local/lib/python3.7/site-packages/airflow/example_dags/example_xcomargs.py
[2023-05-08T22:17:48.970+0000] {processor.py:799} INFO - Processing file /home/airflow/.local/lib/python3.7/site-packages/airflow/example_dags/example_xcomargs.py for tasks to queue
[2023-05-08T22:17:48.971+0000] {logging_mixin.py:149} INFO - [2023-05-08T22:17:48.971+0000] {dagbag.py:541} INFO - Filling up the DagBag from /home/airflow/.local/lib/python3.7/site-packages/airflow/example_dags/example_xcomargs.py
[2023-05-08T22:17:48.980+0000] {processor.py:809} INFO - DAG(s) dict_keys(['example_xcom_args', 'example_xcom_args_with_operators']) retrieved from /home/airflow/.local/lib/python3.7/site-packages/airflow/example_dags/example_xcomargs.py
[2023-05-08T22:17:49.009+0000] {logging_mixin.py:149} INFO - [2023-05-08T22:17:49.009+0000] {dag.py:2726} INFO - Sync 2 DAGs
[2023-05-08T22:17:49.032+0000] {logging_mixin.py:149} INFO - [2023-05-08T22:17:49.032+0000] {dag.py:3490} INFO - Setting next_dagrun for example_xcom_args to None, run_after=None
[2023-05-08T22:17:49.035+0000] {logging_mixin.py:149} INFO - [2023-05-08T22:17:49.035+0000] {dag.py:3490} INFO - Setting next_dagrun for example_xcom_args_with_operators to None, run_after=None
[2023-05-08T22:17:49.047+0000] {processor.py:178} INFO - Processing /home/airflow/.local/lib/python3.7/site-packages/airflow/example_dags/example_xcomargs.py took 0.085 seconds
[2023-05-08T22:18:19.720+0000] {processor.py:156} INFO - Started process (PID=327) to work on /home/airflow/.local/lib/python3.7/site-packages/airflow/example_dags/example_xcomargs.py
[2023-05-08T22:18:19.723+0000] {processor.py:799} INFO - Processing file /home/airflow/.local/lib/python3.7/site-packages/airflow/example_dags/example_xcomargs.py for tasks to queue
[2023-05-08T22:18:19.724+0000] {logging_mixin.py:149} INFO - [2023-05-08T22:18:19.724+0000] {dagbag.py:541} INFO - Filling up the DagBag from /home/airflow/.local/lib/python3.7/site-packages/airflow/example_dags/example_xcomargs.py
[2023-05-08T22:18:19.741+0000] {processor.py:809} INFO - DAG(s) dict_keys(['example_xcom_args', 'example_xcom_args_with_operators']) retrieved from /home/airflow/.local/lib/python3.7/site-packages/airflow/example_dags/example_xcomargs.py
[2023-05-08T22:18:19.782+0000] {logging_mixin.py:149} INFO - [2023-05-08T22:18:19.782+0000] {dag.py:2726} INFO - Sync 2 DAGs
[2023-05-08T22:18:19.808+0000] {logging_mixin.py:149} INFO - [2023-05-08T22:18:19.808+0000] {dag.py:3490} INFO - Setting next_dagrun for example_xcom_args to None, run_after=None
[2023-05-08T22:18:19.811+0000] {logging_mixin.py:149} INFO - [2023-05-08T22:18:19.811+0000] {dag.py:3490} INFO - Setting next_dagrun for example_xcom_args_with_operators to None, run_after=None
[2023-05-08T22:18:19.826+0000] {processor.py:178} INFO - Processing /home/airflow/.local/lib/python3.7/site-packages/airflow/example_dags/example_xcomargs.py took 0.114 seconds
[2023-05-08T22:18:50.775+0000] {processor.py:156} INFO - Started process (PID=384) to work on /home/airflow/.local/lib/python3.7/site-packages/airflow/example_dags/example_xcomargs.py
[2023-05-08T22:18:50.777+0000] {processor.py:799} INFO - Processing file /home/airflow/.local/lib/python3.7/site-packages/airflow/example_dags/example_xcomargs.py for tasks to queue
[2023-05-08T22:18:50.779+0000] {logging_mixin.py:149} INFO - [2023-05-08T22:18:50.779+0000] {dagbag.py:541} INFO - Filling up the DagBag from /home/airflow/.local/lib/python3.7/site-packages/airflow/example_dags/example_xcomargs.py
[2023-05-08T22:18:50.790+0000] {processor.py:809} INFO - DAG(s) dict_keys(['example_xcom_args', 'example_xcom_args_with_operators']) retrieved from /home/airflow/.local/lib/python3.7/site-packages/airflow/example_dags/example_xcomargs.py
[2023-05-08T22:18:50.824+0000] {logging_mixin.py:149} INFO - [2023-05-08T22:18:50.824+0000] {dag.py:2726} INFO - Sync 2 DAGs
[2023-05-08T22:18:50.846+0000] {logging_mixin.py:149} INFO - [2023-05-08T22:18:50.846+0000] {dag.py:3490} INFO - Setting next_dagrun for example_xcom_args to None, run_after=None
[2023-05-08T22:18:50.849+0000] {logging_mixin.py:149} INFO - [2023-05-08T22:18:50.849+0000] {dag.py:3490} INFO - Setting next_dagrun for example_xcom_args_with_operators to None, run_after=None
[2023-05-08T22:18:50.861+0000] {processor.py:178} INFO - Processing /home/airflow/.local/lib/python3.7/site-packages/airflow/example_dags/example_xcomargs.py took 0.092 seconds
[2023-05-08T22:19:21.701+0000] {processor.py:156} INFO - Started process (PID=441) to work on /home/airflow/.local/lib/python3.7/site-packages/airflow/example_dags/example_xcomargs.py
[2023-05-08T22:19:21.703+0000] {processor.py:799} INFO - Processing file /home/airflow/.local/lib/python3.7/site-packages/airflow/example_dags/example_xcomargs.py for tasks to queue
[2023-05-08T22:19:21.704+0000] {logging_mixin.py:149} INFO - [2023-05-08T22:19:21.704+0000] {dagbag.py:541} INFO - Filling up the DagBag from /home/airflow/.local/lib/python3.7/site-packages/airflow/example_dags/example_xcomargs.py
[2023-05-08T22:19:21.712+0000] {processor.py:809} INFO - DAG(s) dict_keys(['example_xcom_args', 'example_xcom_args_with_operators']) retrieved from /home/airflow/.local/lib/python3.7/site-packages/airflow/example_dags/example_xcomargs.py
[2023-05-08T22:19:21.739+0000] {logging_mixin.py:149} INFO - [2023-05-08T22:19:21.739+0000] {dag.py:2726} INFO - Sync 2 DAGs
[2023-05-08T22:19:21.759+0000] {logging_mixin.py:149} INFO - [2023-05-08T22:19:21.759+0000] {dag.py:3490} INFO - Setting next_dagrun for example_xcom_args to None, run_after=None
[2023-05-08T22:19:21.762+0000] {logging_mixin.py:149} INFO - [2023-05-08T22:19:21.761+0000] {dag.py:3490} INFO - Setting next_dagrun for example_xcom_args_with_operators to None, run_after=None
[2023-05-08T22:19:21.773+0000] {processor.py:178} INFO - Processing /home/airflow/.local/lib/python3.7/site-packages/airflow/example_dags/example_xcomargs.py took 0.076 seconds
[2023-05-08T22:19:52.398+0000] {processor.py:156} INFO - Started process (PID=498) to work on /home/airflow/.local/lib/python3.7/site-packages/airflow/example_dags/example_xcomargs.py
[2023-05-08T22:19:52.400+0000] {processor.py:799} INFO - Processing file /home/airflow/.local/lib/python3.7/site-packages/airflow/example_dags/example_xcomargs.py for tasks to queue
[2023-05-08T22:19:52.400+0000] {logging_mixin.py:149} INFO - [2023-05-08T22:19:52.400+0000] {dagbag.py:541} INFO - Filling up the DagBag from /home/airflow/.local/lib/python3.7/site-packages/airflow/example_dags/example_xcomargs.py
[2023-05-08T22:19:52.406+0000] {processor.py:809} INFO - DAG(s) dict_keys(['example_xcom_args_with_operators', 'example_xcom_args']) retrieved from /home/airflow/.local/lib/python3.7/site-packages/airflow/example_dags/example_xcomargs.py
[2023-05-08T22:19:52.431+0000] {logging_mixin.py:149} INFO - [2023-05-08T22:19:52.431+0000] {dag.py:2726} INFO - Sync 2 DAGs
[2023-05-08T22:19:52.451+0000] {logging_mixin.py:149} INFO - [2023-05-08T22:19:52.451+0000] {dag.py:3490} INFO - Setting next_dagrun for example_xcom_args to None, run_after=None
[2023-05-08T22:19:52.454+0000] {logging_mixin.py:149} INFO - [2023-05-08T22:19:52.453+0000] {dag.py:3490} INFO - Setting next_dagrun for example_xcom_args_with_operators to None, run_after=None
[2023-05-08T22:19:52.465+0000] {processor.py:178} INFO - Processing /home/airflow/.local/lib/python3.7/site-packages/airflow/example_dags/example_xcomargs.py took 0.070 seconds
[2023-05-08T22:20:23.137+0000] {processor.py:156} INFO - Started process (PID=556) to work on /home/airflow/.local/lib/python3.7/site-packages/airflow/example_dags/example_xcomargs.py
[2023-05-08T22:20:23.139+0000] {processor.py:799} INFO - Processing file /home/airflow/.local/lib/python3.7/site-packages/airflow/example_dags/example_xcomargs.py for tasks to queue
[2023-05-08T22:20:23.139+0000] {logging_mixin.py:149} INFO - [2023-05-08T22:20:23.139+0000] {dagbag.py:541} INFO - Filling up the DagBag from /home/airflow/.local/lib/python3.7/site-packages/airflow/example_dags/example_xcomargs.py
[2023-05-08T22:20:23.145+0000] {processor.py:809} INFO - DAG(s) dict_keys(['example_xcom_args_with_operators', 'example_xcom_args']) retrieved from /home/airflow/.local/lib/python3.7/site-packages/airflow/example_dags/example_xcomargs.py
[2023-05-08T22:20:23.169+0000] {logging_mixin.py:149} INFO - [2023-05-08T22:20:23.169+0000] {dag.py:2726} INFO - Sync 2 DAGs
[2023-05-08T22:20:23.190+0000] {logging_mixin.py:149} INFO - [2023-05-08T22:20:23.190+0000] {dag.py:3490} INFO - Setting next_dagrun for example_xcom_args to None, run_after=None
[2023-05-08T22:20:23.192+0000] {logging_mixin.py:149} INFO - [2023-05-08T22:20:23.192+0000] {dag.py:3490} INFO - Setting next_dagrun for example_xcom_args_with_operators to None, run_after=None
[2023-05-08T22:20:23.203+0000] {processor.py:178} INFO - Processing /home/airflow/.local/lib/python3.7/site-packages/airflow/example_dags/example_xcomargs.py took 0.068 seconds
[2023-05-08T22:20:54.009+0000] {processor.py:156} INFO - Started process (PID=613) to work on /home/airflow/.local/lib/python3.7/site-packages/airflow/example_dags/example_xcomargs.py
[2023-05-08T22:20:54.012+0000] {processor.py:799} INFO - Processing file /home/airflow/.local/lib/python3.7/site-packages/airflow/example_dags/example_xcomargs.py for tasks to queue
[2023-05-08T22:20:54.013+0000] {logging_mixin.py:149} INFO - [2023-05-08T22:20:54.013+0000] {dagbag.py:541} INFO - Filling up the DagBag from /home/airflow/.local/lib/python3.7/site-packages/airflow/example_dags/example_xcomargs.py
[2023-05-08T22:20:54.023+0000] {processor.py:809} INFO - DAG(s) dict_keys(['example_xcom_args', 'example_xcom_args_with_operators']) retrieved from /home/airflow/.local/lib/python3.7/site-packages/airflow/example_dags/example_xcomargs.py
[2023-05-08T22:20:54.052+0000] {logging_mixin.py:149} INFO - [2023-05-08T22:20:54.052+0000] {dag.py:2726} INFO - Sync 2 DAGs
[2023-05-08T22:20:54.075+0000] {logging_mixin.py:149} INFO - [2023-05-08T22:20:54.074+0000] {dag.py:3490} INFO - Setting next_dagrun for example_xcom_args to None, run_after=None
[2023-05-08T22:20:54.077+0000] {logging_mixin.py:149} INFO - [2023-05-08T22:20:54.077+0000] {dag.py:3490} INFO - Setting next_dagrun for example_xcom_args_with_operators to None, run_after=None
[2023-05-08T22:20:54.089+0000] {processor.py:178} INFO - Processing /home/airflow/.local/lib/python3.7/site-packages/airflow/example_dags/example_xcomargs.py took 0.086 seconds
[2023-05-08T22:21:24.869+0000] {processor.py:156} INFO - Started process (PID=670) to work on /home/airflow/.local/lib/python3.7/site-packages/airflow/example_dags/example_xcomargs.py
[2023-05-08T22:21:24.871+0000] {processor.py:799} INFO - Processing file /home/airflow/.local/lib/python3.7/site-packages/airflow/example_dags/example_xcomargs.py for tasks to queue
[2023-05-08T22:21:24.873+0000] {logging_mixin.py:149} INFO - [2023-05-08T22:21:24.873+0000] {dagbag.py:541} INFO - Filling up the DagBag from /home/airflow/.local/lib/python3.7/site-packages/airflow/example_dags/example_xcomargs.py
[2023-05-08T22:21:24.883+0000] {processor.py:809} INFO - DAG(s) dict_keys(['example_xcom_args_with_operators', 'example_xcom_args']) retrieved from /home/airflow/.local/lib/python3.7/site-packages/airflow/example_dags/example_xcomargs.py
[2023-05-08T22:21:24.915+0000] {logging_mixin.py:149} INFO - [2023-05-08T22:21:24.915+0000] {dag.py:2726} INFO - Sync 2 DAGs
[2023-05-08T22:21:24.938+0000] {logging_mixin.py:149} INFO - [2023-05-08T22:21:24.938+0000] {dag.py:3490} INFO - Setting next_dagrun for example_xcom_args to None, run_after=None
[2023-05-08T22:21:24.941+0000] {logging_mixin.py:149} INFO - [2023-05-08T22:21:24.940+0000] {dag.py:3490} INFO - Setting next_dagrun for example_xcom_args_with_operators to None, run_after=None
[2023-05-08T22:21:24.952+0000] {processor.py:178} INFO - Processing /home/airflow/.local/lib/python3.7/site-packages/airflow/example_dags/example_xcomargs.py took 0.088 seconds
[2023-05-08T22:22:07.229+0000] {processor.py:156} INFO - Started process (PID=43) to work on /home/airflow/.local/lib/python3.7/site-packages/airflow/example_dags/example_xcomargs.py
[2023-05-08T22:22:07.230+0000] {processor.py:799} INFO - Processing file /home/airflow/.local/lib/python3.7/site-packages/airflow/example_dags/example_xcomargs.py for tasks to queue
[2023-05-08T22:22:07.231+0000] {logging_mixin.py:149} INFO - [2023-05-08T22:22:07.231+0000] {dagbag.py:541} INFO - Filling up the DagBag from /home/airflow/.local/lib/python3.7/site-packages/airflow/example_dags/example_xcomargs.py
[2023-05-08T22:22:07.238+0000] {processor.py:809} INFO - DAG(s) dict_keys(['example_xcom_args_with_operators', 'example_xcom_args']) retrieved from /home/airflow/.local/lib/python3.7/site-packages/airflow/example_dags/example_xcomargs.py
[2023-05-08T22:22:07.267+0000] {logging_mixin.py:149} INFO - [2023-05-08T22:22:07.266+0000] {dag.py:2726} INFO - Sync 2 DAGs
[2023-05-08T22:22:07.298+0000] {logging_mixin.py:149} INFO - [2023-05-08T22:22:07.298+0000] {dag.py:3490} INFO - Setting next_dagrun for example_xcom_args to None, run_after=None
[2023-05-08T22:22:07.301+0000] {logging_mixin.py:149} INFO - [2023-05-08T22:22:07.301+0000] {dag.py:3490} INFO - Setting next_dagrun for example_xcom_args_with_operators to None, run_after=None
[2023-05-08T22:22:07.324+0000] {processor.py:178} INFO - Processing /home/airflow/.local/lib/python3.7/site-packages/airflow/example_dags/example_xcomargs.py took 0.098 seconds
[2023-05-08T22:22:37.514+0000] {processor.py:156} INFO - Started process (PID=100) to work on /home/airflow/.local/lib/python3.7/site-packages/airflow/example_dags/example_xcomargs.py
[2023-05-08T22:22:37.515+0000] {processor.py:799} INFO - Processing file /home/airflow/.local/lib/python3.7/site-packages/airflow/example_dags/example_xcomargs.py for tasks to queue
[2023-05-08T22:22:37.515+0000] {logging_mixin.py:149} INFO - [2023-05-08T22:22:37.515+0000] {dagbag.py:541} INFO - Filling up the DagBag from /home/airflow/.local/lib/python3.7/site-packages/airflow/example_dags/example_xcomargs.py
[2023-05-08T22:22:37.522+0000] {processor.py:809} INFO - DAG(s) dict_keys(['example_xcom_args_with_operators', 'example_xcom_args']) retrieved from /home/airflow/.local/lib/python3.7/site-packages/airflow/example_dags/example_xcomargs.py
[2023-05-08T22:22:37.543+0000] {logging_mixin.py:149} INFO - [2023-05-08T22:22:37.543+0000] {dag.py:2726} INFO - Sync 2 DAGs
[2023-05-08T22:22:37.562+0000] {logging_mixin.py:149} INFO - [2023-05-08T22:22:37.561+0000] {dag.py:3490} INFO - Setting next_dagrun for example_xcom_args to None, run_after=None
[2023-05-08T22:22:37.564+0000] {logging_mixin.py:149} INFO - [2023-05-08T22:22:37.564+0000] {dag.py:3490} INFO - Setting next_dagrun for example_xcom_args_with_operators to None, run_after=None
[2023-05-08T22:22:37.575+0000] {processor.py:178} INFO - Processing /home/airflow/.local/lib/python3.7/site-packages/airflow/example_dags/example_xcomargs.py took 0.064 seconds
[2023-05-08T22:23:07.684+0000] {processor.py:156} INFO - Started process (PID=157) to work on /home/airflow/.local/lib/python3.7/site-packages/airflow/example_dags/example_xcomargs.py
[2023-05-08T22:23:07.685+0000] {processor.py:799} INFO - Processing file /home/airflow/.local/lib/python3.7/site-packages/airflow/example_dags/example_xcomargs.py for tasks to queue
[2023-05-08T22:23:07.686+0000] {logging_mixin.py:149} INFO - [2023-05-08T22:23:07.686+0000] {dagbag.py:541} INFO - Filling up the DagBag from /home/airflow/.local/lib/python3.7/site-packages/airflow/example_dags/example_xcomargs.py
[2023-05-08T22:23:07.691+0000] {processor.py:809} INFO - DAG(s) dict_keys(['example_xcom_args_with_operators', 'example_xcom_args']) retrieved from /home/airflow/.local/lib/python3.7/site-packages/airflow/example_dags/example_xcomargs.py
[2023-05-08T22:23:07.716+0000] {logging_mixin.py:149} INFO - [2023-05-08T22:23:07.716+0000] {dag.py:2726} INFO - Sync 2 DAGs
[2023-05-08T22:23:07.736+0000] {logging_mixin.py:149} INFO - [2023-05-08T22:23:07.736+0000] {dag.py:3490} INFO - Setting next_dagrun for example_xcom_args to None, run_after=None
[2023-05-08T22:23:07.739+0000] {logging_mixin.py:149} INFO - [2023-05-08T22:23:07.739+0000] {dag.py:3490} INFO - Setting next_dagrun for example_xcom_args_with_operators to None, run_after=None
[2023-05-08T22:23:07.750+0000] {processor.py:178} INFO - Processing /home/airflow/.local/lib/python3.7/site-packages/airflow/example_dags/example_xcomargs.py took 0.068 seconds
[2023-05-08T22:23:38.683+0000] {processor.py:156} INFO - Started process (PID=214) to work on /home/airflow/.local/lib/python3.7/site-packages/airflow/example_dags/example_xcomargs.py
[2023-05-08T22:23:38.684+0000] {processor.py:799} INFO - Processing file /home/airflow/.local/lib/python3.7/site-packages/airflow/example_dags/example_xcomargs.py for tasks to queue
[2023-05-08T22:23:38.685+0000] {logging_mixin.py:149} INFO - [2023-05-08T22:23:38.685+0000] {dagbag.py:541} INFO - Filling up the DagBag from /home/airflow/.local/lib/python3.7/site-packages/airflow/example_dags/example_xcomargs.py
[2023-05-08T22:23:38.691+0000] {processor.py:809} INFO - DAG(s) dict_keys(['example_xcom_args', 'example_xcom_args_with_operators']) retrieved from /home/airflow/.local/lib/python3.7/site-packages/airflow/example_dags/example_xcomargs.py
[2023-05-08T22:23:38.714+0000] {logging_mixin.py:149} INFO - [2023-05-08T22:23:38.714+0000] {dag.py:2726} INFO - Sync 2 DAGs
[2023-05-08T22:23:38.732+0000] {logging_mixin.py:149} INFO - [2023-05-08T22:23:38.732+0000] {dag.py:3490} INFO - Setting next_dagrun for example_xcom_args to None, run_after=None
[2023-05-08T22:23:38.736+0000] {logging_mixin.py:149} INFO - [2023-05-08T22:23:38.736+0000] {dag.py:3490} INFO - Setting next_dagrun for example_xcom_args_with_operators to None, run_after=None
[2023-05-08T22:23:38.748+0000] {processor.py:178} INFO - Processing /home/airflow/.local/lib/python3.7/site-packages/airflow/example_dags/example_xcomargs.py took 0.067 seconds
[2023-05-08T22:24:09.466+0000] {processor.py:156} INFO - Started process (PID=271) to work on /home/airflow/.local/lib/python3.7/site-packages/airflow/example_dags/example_xcomargs.py
[2023-05-08T22:24:09.467+0000] {processor.py:799} INFO - Processing file /home/airflow/.local/lib/python3.7/site-packages/airflow/example_dags/example_xcomargs.py for tasks to queue
[2023-05-08T22:24:09.468+0000] {logging_mixin.py:149} INFO - [2023-05-08T22:24:09.468+0000] {dagbag.py:541} INFO - Filling up the DagBag from /home/airflow/.local/lib/python3.7/site-packages/airflow/example_dags/example_xcomargs.py
[2023-05-08T22:24:09.473+0000] {processor.py:809} INFO - DAG(s) dict_keys(['example_xcom_args', 'example_xcom_args_with_operators']) retrieved from /home/airflow/.local/lib/python3.7/site-packages/airflow/example_dags/example_xcomargs.py
[2023-05-08T22:24:09.497+0000] {logging_mixin.py:149} INFO - [2023-05-08T22:24:09.497+0000] {dag.py:2726} INFO - Sync 2 DAGs
[2023-05-08T22:24:09.517+0000] {logging_mixin.py:149} INFO - [2023-05-08T22:24:09.517+0000] {dag.py:3490} INFO - Setting next_dagrun for example_xcom_args to None, run_after=None
[2023-05-08T22:24:09.519+0000] {logging_mixin.py:149} INFO - [2023-05-08T22:24:09.519+0000] {dag.py:3490} INFO - Setting next_dagrun for example_xcom_args_with_operators to None, run_after=None
[2023-05-08T22:24:09.530+0000] {processor.py:178} INFO - Processing /home/airflow/.local/lib/python3.7/site-packages/airflow/example_dags/example_xcomargs.py took 0.066 seconds
[2023-05-08T22:24:40.277+0000] {processor.py:156} INFO - Started process (PID=328) to work on /home/airflow/.local/lib/python3.7/site-packages/airflow/example_dags/example_xcomargs.py
[2023-05-08T22:24:40.278+0000] {processor.py:799} INFO - Processing file /home/airflow/.local/lib/python3.7/site-packages/airflow/example_dags/example_xcomargs.py for tasks to queue
[2023-05-08T22:24:40.279+0000] {logging_mixin.py:149} INFO - [2023-05-08T22:24:40.278+0000] {dagbag.py:541} INFO - Filling up the DagBag from /home/airflow/.local/lib/python3.7/site-packages/airflow/example_dags/example_xcomargs.py
[2023-05-08T22:24:40.284+0000] {processor.py:809} INFO - DAG(s) dict_keys(['example_xcom_args_with_operators', 'example_xcom_args']) retrieved from /home/airflow/.local/lib/python3.7/site-packages/airflow/example_dags/example_xcomargs.py
[2023-05-08T22:24:40.306+0000] {logging_mixin.py:149} INFO - [2023-05-08T22:24:40.306+0000] {dag.py:2726} INFO - Sync 2 DAGs
[2023-05-08T22:24:40.325+0000] {logging_mixin.py:149} INFO - [2023-05-08T22:24:40.325+0000] {dag.py:3490} INFO - Setting next_dagrun for example_xcom_args to None, run_after=None
[2023-05-08T22:24:40.327+0000] {logging_mixin.py:149} INFO - [2023-05-08T22:24:40.327+0000] {dag.py:3490} INFO - Setting next_dagrun for example_xcom_args_with_operators to None, run_after=None
[2023-05-08T22:24:40.339+0000] {processor.py:178} INFO - Processing /home/airflow/.local/lib/python3.7/site-packages/airflow/example_dags/example_xcomargs.py took 0.064 seconds
[2023-05-08T22:25:10.969+0000] {processor.py:156} INFO - Started process (PID=385) to work on /home/airflow/.local/lib/python3.7/site-packages/airflow/example_dags/example_xcomargs.py
[2023-05-08T22:25:10.971+0000] {processor.py:799} INFO - Processing file /home/airflow/.local/lib/python3.7/site-packages/airflow/example_dags/example_xcomargs.py for tasks to queue
[2023-05-08T22:25:10.972+0000] {logging_mixin.py:149} INFO - [2023-05-08T22:25:10.971+0000] {dagbag.py:541} INFO - Filling up the DagBag from /home/airflow/.local/lib/python3.7/site-packages/airflow/example_dags/example_xcomargs.py
[2023-05-08T22:25:10.979+0000] {processor.py:809} INFO - DAG(s) dict_keys(['example_xcom_args_with_operators', 'example_xcom_args']) retrieved from /home/airflow/.local/lib/python3.7/site-packages/airflow/example_dags/example_xcomargs.py
[2023-05-08T22:25:11.007+0000] {logging_mixin.py:149} INFO - [2023-05-08T22:25:11.007+0000] {dag.py:2726} INFO - Sync 2 DAGs
[2023-05-08T22:25:11.030+0000] {logging_mixin.py:149} INFO - [2023-05-08T22:25:11.030+0000] {dag.py:3490} INFO - Setting next_dagrun for example_xcom_args to None, run_after=None
[2023-05-08T22:25:11.033+0000] {logging_mixin.py:149} INFO - [2023-05-08T22:25:11.033+0000] {dag.py:3490} INFO - Setting next_dagrun for example_xcom_args_with_operators to None, run_after=None
[2023-05-08T22:25:11.045+0000] {processor.py:178} INFO - Processing /home/airflow/.local/lib/python3.7/site-packages/airflow/example_dags/example_xcomargs.py took 0.079 seconds
[2023-05-08T22:25:58.615+0000] {processor.py:156} INFO - Started process (PID=43) to work on /home/airflow/.local/lib/python3.7/site-packages/airflow/example_dags/example_xcomargs.py
[2023-05-08T22:25:58.616+0000] {processor.py:799} INFO - Processing file /home/airflow/.local/lib/python3.7/site-packages/airflow/example_dags/example_xcomargs.py for tasks to queue
[2023-05-08T22:25:58.617+0000] {logging_mixin.py:149} INFO - [2023-05-08T22:25:58.617+0000] {dagbag.py:541} INFO - Filling up the DagBag from /home/airflow/.local/lib/python3.7/site-packages/airflow/example_dags/example_xcomargs.py
[2023-05-08T22:25:58.626+0000] {processor.py:809} INFO - DAG(s) dict_keys(['example_xcom_args', 'example_xcom_args_with_operators']) retrieved from /home/airflow/.local/lib/python3.7/site-packages/airflow/example_dags/example_xcomargs.py
[2023-05-08T22:25:58.645+0000] {logging_mixin.py:149} INFO - [2023-05-08T22:25:58.644+0000] {dag.py:2726} INFO - Sync 2 DAGs
[2023-05-08T22:25:58.670+0000] {logging_mixin.py:149} INFO - [2023-05-08T22:25:58.670+0000] {dag.py:3490} INFO - Setting next_dagrun for example_xcom_args to None, run_after=None
[2023-05-08T22:25:58.673+0000] {logging_mixin.py:149} INFO - [2023-05-08T22:25:58.673+0000] {dag.py:3490} INFO - Setting next_dagrun for example_xcom_args_with_operators to None, run_after=None
[2023-05-08T22:25:58.686+0000] {processor.py:178} INFO - Processing /home/airflow/.local/lib/python3.7/site-packages/airflow/example_dags/example_xcomargs.py took 0.074 seconds
[2023-05-08T22:26:29.079+0000] {processor.py:156} INFO - Started process (PID=100) to work on /home/airflow/.local/lib/python3.7/site-packages/airflow/example_dags/example_xcomargs.py
[2023-05-08T22:26:29.080+0000] {processor.py:799} INFO - Processing file /home/airflow/.local/lib/python3.7/site-packages/airflow/example_dags/example_xcomargs.py for tasks to queue
[2023-05-08T22:26:29.083+0000] {logging_mixin.py:149} INFO - [2023-05-08T22:26:29.083+0000] {dagbag.py:541} INFO - Filling up the DagBag from /home/airflow/.local/lib/python3.7/site-packages/airflow/example_dags/example_xcomargs.py
[2023-05-08T22:26:29.088+0000] {processor.py:809} INFO - DAG(s) dict_keys(['example_xcom_args', 'example_xcom_args_with_operators']) retrieved from /home/airflow/.local/lib/python3.7/site-packages/airflow/example_dags/example_xcomargs.py
[2023-05-08T22:26:29.111+0000] {logging_mixin.py:149} INFO - [2023-05-08T22:26:29.111+0000] {dag.py:2726} INFO - Sync 2 DAGs
[2023-05-08T22:26:29.137+0000] {logging_mixin.py:149} INFO - [2023-05-08T22:26:29.137+0000] {dag.py:3490} INFO - Setting next_dagrun for example_xcom_args to None, run_after=None
[2023-05-08T22:26:29.142+0000] {logging_mixin.py:149} INFO - [2023-05-08T22:26:29.142+0000] {dag.py:3490} INFO - Setting next_dagrun for example_xcom_args_with_operators to None, run_after=None
[2023-05-08T22:26:29.158+0000] {processor.py:178} INFO - Processing /home/airflow/.local/lib/python3.7/site-packages/airflow/example_dags/example_xcomargs.py took 0.081 seconds
[2023-05-08T22:26:59.970+0000] {processor.py:156} INFO - Started process (PID=157) to work on /home/airflow/.local/lib/python3.7/site-packages/airflow/example_dags/example_xcomargs.py
[2023-05-08T22:26:59.971+0000] {processor.py:799} INFO - Processing file /home/airflow/.local/lib/python3.7/site-packages/airflow/example_dags/example_xcomargs.py for tasks to queue
[2023-05-08T22:26:59.971+0000] {logging_mixin.py:149} INFO - [2023-05-08T22:26:59.971+0000] {dagbag.py:541} INFO - Filling up the DagBag from /home/airflow/.local/lib/python3.7/site-packages/airflow/example_dags/example_xcomargs.py
[2023-05-08T22:26:59.976+0000] {processor.py:809} INFO - DAG(s) dict_keys(['example_xcom_args_with_operators', 'example_xcom_args']) retrieved from /home/airflow/.local/lib/python3.7/site-packages/airflow/example_dags/example_xcomargs.py
[2023-05-08T22:26:59.998+0000] {logging_mixin.py:149} INFO - [2023-05-08T22:26:59.998+0000] {dag.py:2726} INFO - Sync 2 DAGs
[2023-05-08T22:27:00.021+0000] {logging_mixin.py:149} INFO - [2023-05-08T22:27:00.021+0000] {dag.py:3490} INFO - Setting next_dagrun for example_xcom_args to None, run_after=None
[2023-05-08T22:27:00.023+0000] {logging_mixin.py:149} INFO - [2023-05-08T22:27:00.023+0000] {dag.py:3490} INFO - Setting next_dagrun for example_xcom_args_with_operators to None, run_after=None
[2023-05-08T22:27:00.035+0000] {processor.py:178} INFO - Processing /home/airflow/.local/lib/python3.7/site-packages/airflow/example_dags/example_xcomargs.py took 0.068 seconds
[2023-05-08T22:27:30.794+0000] {processor.py:156} INFO - Started process (PID=214) to work on /home/airflow/.local/lib/python3.7/site-packages/airflow/example_dags/example_xcomargs.py
[2023-05-08T22:27:30.795+0000] {processor.py:799} INFO - Processing file /home/airflow/.local/lib/python3.7/site-packages/airflow/example_dags/example_xcomargs.py for tasks to queue
[2023-05-08T22:27:30.795+0000] {logging_mixin.py:149} INFO - [2023-05-08T22:27:30.795+0000] {dagbag.py:541} INFO - Filling up the DagBag from /home/airflow/.local/lib/python3.7/site-packages/airflow/example_dags/example_xcomargs.py
[2023-05-08T22:27:30.801+0000] {processor.py:809} INFO - DAG(s) dict_keys(['example_xcom_args', 'example_xcom_args_with_operators']) retrieved from /home/airflow/.local/lib/python3.7/site-packages/airflow/example_dags/example_xcomargs.py
[2023-05-08T22:27:30.823+0000] {logging_mixin.py:149} INFO - [2023-05-08T22:27:30.823+0000] {dag.py:2726} INFO - Sync 2 DAGs
[2023-05-08T22:27:30.842+0000] {logging_mixin.py:149} INFO - [2023-05-08T22:27:30.842+0000] {dag.py:3490} INFO - Setting next_dagrun for example_xcom_args to None, run_after=None
[2023-05-08T22:27:30.845+0000] {logging_mixin.py:149} INFO - [2023-05-08T22:27:30.845+0000] {dag.py:3490} INFO - Setting next_dagrun for example_xcom_args_with_operators to None, run_after=None
[2023-05-08T22:27:30.857+0000] {processor.py:178} INFO - Processing /home/airflow/.local/lib/python3.7/site-packages/airflow/example_dags/example_xcomargs.py took 0.066 seconds
[2023-05-08T22:28:01.356+0000] {processor.py:156} INFO - Started process (PID=271) to work on /home/airflow/.local/lib/python3.7/site-packages/airflow/example_dags/example_xcomargs.py
[2023-05-08T22:28:01.357+0000] {processor.py:799} INFO - Processing file /home/airflow/.local/lib/python3.7/site-packages/airflow/example_dags/example_xcomargs.py for tasks to queue
[2023-05-08T22:28:01.358+0000] {logging_mixin.py:149} INFO - [2023-05-08T22:28:01.358+0000] {dagbag.py:541} INFO - Filling up the DagBag from /home/airflow/.local/lib/python3.7/site-packages/airflow/example_dags/example_xcomargs.py
[2023-05-08T22:28:01.363+0000] {processor.py:809} INFO - DAG(s) dict_keys(['example_xcom_args_with_operators', 'example_xcom_args']) retrieved from /home/airflow/.local/lib/python3.7/site-packages/airflow/example_dags/example_xcomargs.py
[2023-05-08T22:28:01.388+0000] {logging_mixin.py:149} INFO - [2023-05-08T22:28:01.388+0000] {dag.py:2726} INFO - Sync 2 DAGs
[2023-05-08T22:28:01.411+0000] {logging_mixin.py:149} INFO - [2023-05-08T22:28:01.411+0000] {dag.py:3490} INFO - Setting next_dagrun for example_xcom_args to None, run_after=None
[2023-05-08T22:28:01.414+0000] {logging_mixin.py:149} INFO - [2023-05-08T22:28:01.414+0000] {dag.py:3490} INFO - Setting next_dagrun for example_xcom_args_with_operators to None, run_after=None
[2023-05-08T22:28:01.425+0000] {processor.py:178} INFO - Processing /home/airflow/.local/lib/python3.7/site-packages/airflow/example_dags/example_xcomargs.py took 0.072 seconds
[2023-05-08T22:28:32.006+0000] {processor.py:156} INFO - Started process (PID=328) to work on /home/airflow/.local/lib/python3.7/site-packages/airflow/example_dags/example_xcomargs.py
[2023-05-08T22:28:32.007+0000] {processor.py:799} INFO - Processing file /home/airflow/.local/lib/python3.7/site-packages/airflow/example_dags/example_xcomargs.py for tasks to queue
[2023-05-08T22:28:32.008+0000] {logging_mixin.py:149} INFO - [2023-05-08T22:28:32.008+0000] {dagbag.py:541} INFO - Filling up the DagBag from /home/airflow/.local/lib/python3.7/site-packages/airflow/example_dags/example_xcomargs.py
[2023-05-08T22:28:32.013+0000] {processor.py:809} INFO - DAG(s) dict_keys(['example_xcom_args', 'example_xcom_args_with_operators']) retrieved from /home/airflow/.local/lib/python3.7/site-packages/airflow/example_dags/example_xcomargs.py
[2023-05-08T22:28:32.045+0000] {logging_mixin.py:149} INFO - [2023-05-08T22:28:32.045+0000] {dag.py:2726} INFO - Sync 2 DAGs
[2023-05-08T22:28:32.066+0000] {logging_mixin.py:149} INFO - [2023-05-08T22:28:32.066+0000] {dag.py:3490} INFO - Setting next_dagrun for example_xcom_args to None, run_after=None
[2023-05-08T22:28:32.069+0000] {logging_mixin.py:149} INFO - [2023-05-08T22:28:32.069+0000] {dag.py:3490} INFO - Setting next_dagrun for example_xcom_args_with_operators to None, run_after=None
[2023-05-08T22:28:32.081+0000] {processor.py:178} INFO - Processing /home/airflow/.local/lib/python3.7/site-packages/airflow/example_dags/example_xcomargs.py took 0.078 seconds
[2023-05-08T22:29:02.846+0000] {processor.py:156} INFO - Started process (PID=385) to work on /home/airflow/.local/lib/python3.7/site-packages/airflow/example_dags/example_xcomargs.py
[2023-05-08T22:29:02.848+0000] {processor.py:799} INFO - Processing file /home/airflow/.local/lib/python3.7/site-packages/airflow/example_dags/example_xcomargs.py for tasks to queue
[2023-05-08T22:29:02.849+0000] {logging_mixin.py:149} INFO - [2023-05-08T22:29:02.849+0000] {dagbag.py:541} INFO - Filling up the DagBag from /home/airflow/.local/lib/python3.7/site-packages/airflow/example_dags/example_xcomargs.py
[2023-05-08T22:29:02.854+0000] {processor.py:809} INFO - DAG(s) dict_keys(['example_xcom_args_with_operators', 'example_xcom_args']) retrieved from /home/airflow/.local/lib/python3.7/site-packages/airflow/example_dags/example_xcomargs.py
[2023-05-08T22:29:02.879+0000] {logging_mixin.py:149} INFO - [2023-05-08T22:29:02.879+0000] {dag.py:2726} INFO - Sync 2 DAGs
[2023-05-08T22:29:02.900+0000] {logging_mixin.py:149} INFO - [2023-05-08T22:29:02.900+0000] {dag.py:3490} INFO - Setting next_dagrun for example_xcom_args to None, run_after=None
[2023-05-08T22:29:02.903+0000] {logging_mixin.py:149} INFO - [2023-05-08T22:29:02.903+0000] {dag.py:3490} INFO - Setting next_dagrun for example_xcom_args_with_operators to None, run_after=None
[2023-05-08T22:29:02.914+0000] {processor.py:178} INFO - Processing /home/airflow/.local/lib/python3.7/site-packages/airflow/example_dags/example_xcomargs.py took 0.070 seconds
[2023-05-08T22:29:33.393+0000] {processor.py:156} INFO - Started process (PID=442) to work on /home/airflow/.local/lib/python3.7/site-packages/airflow/example_dags/example_xcomargs.py
[2023-05-08T22:29:33.394+0000] {processor.py:799} INFO - Processing file /home/airflow/.local/lib/python3.7/site-packages/airflow/example_dags/example_xcomargs.py for tasks to queue
[2023-05-08T22:29:33.395+0000] {logging_mixin.py:149} INFO - [2023-05-08T22:29:33.395+0000] {dagbag.py:541} INFO - Filling up the DagBag from /home/airflow/.local/lib/python3.7/site-packages/airflow/example_dags/example_xcomargs.py
[2023-05-08T22:29:33.400+0000] {processor.py:809} INFO - DAG(s) dict_keys(['example_xcom_args', 'example_xcom_args_with_operators']) retrieved from /home/airflow/.local/lib/python3.7/site-packages/airflow/example_dags/example_xcomargs.py
[2023-05-08T22:29:33.421+0000] {logging_mixin.py:149} INFO - [2023-05-08T22:29:33.421+0000] {dag.py:2726} INFO - Sync 2 DAGs
[2023-05-08T22:29:33.442+0000] {logging_mixin.py:149} INFO - [2023-05-08T22:29:33.441+0000] {dag.py:3490} INFO - Setting next_dagrun for example_xcom_args to None, run_after=None
[2023-05-08T22:29:33.444+0000] {logging_mixin.py:149} INFO - [2023-05-08T22:29:33.444+0000] {dag.py:3490} INFO - Setting next_dagrun for example_xcom_args_with_operators to None, run_after=None
[2023-05-08T22:29:33.455+0000] {processor.py:178} INFO - Processing /home/airflow/.local/lib/python3.7/site-packages/airflow/example_dags/example_xcomargs.py took 0.064 seconds
[2023-05-08T22:30:04.182+0000] {processor.py:156} INFO - Started process (PID=499) to work on /home/airflow/.local/lib/python3.7/site-packages/airflow/example_dags/example_xcomargs.py
[2023-05-08T22:30:04.183+0000] {processor.py:799} INFO - Processing file /home/airflow/.local/lib/python3.7/site-packages/airflow/example_dags/example_xcomargs.py for tasks to queue
[2023-05-08T22:30:04.184+0000] {logging_mixin.py:149} INFO - [2023-05-08T22:30:04.184+0000] {dagbag.py:541} INFO - Filling up the DagBag from /home/airflow/.local/lib/python3.7/site-packages/airflow/example_dags/example_xcomargs.py
[2023-05-08T22:30:04.189+0000] {processor.py:809} INFO - DAG(s) dict_keys(['example_xcom_args', 'example_xcom_args_with_operators']) retrieved from /home/airflow/.local/lib/python3.7/site-packages/airflow/example_dags/example_xcomargs.py
[2023-05-08T22:30:04.211+0000] {logging_mixin.py:149} INFO - [2023-05-08T22:30:04.211+0000] {dag.py:2726} INFO - Sync 2 DAGs
[2023-05-08T22:30:04.230+0000] {logging_mixin.py:149} INFO - [2023-05-08T22:30:04.230+0000] {dag.py:3490} INFO - Setting next_dagrun for example_xcom_args to None, run_after=None
[2023-05-08T22:30:04.232+0000] {logging_mixin.py:149} INFO - [2023-05-08T22:30:04.232+0000] {dag.py:3490} INFO - Setting next_dagrun for example_xcom_args_with_operators to None, run_after=None
[2023-05-08T22:30:04.243+0000] {processor.py:178} INFO - Processing /home/airflow/.local/lib/python3.7/site-packages/airflow/example_dags/example_xcomargs.py took 0.063 seconds
[2023-05-08T22:30:34.942+0000] {processor.py:156} INFO - Started process (PID=556) to work on /home/airflow/.local/lib/python3.7/site-packages/airflow/example_dags/example_xcomargs.py
[2023-05-08T22:30:34.944+0000] {processor.py:799} INFO - Processing file /home/airflow/.local/lib/python3.7/site-packages/airflow/example_dags/example_xcomargs.py for tasks to queue
[2023-05-08T22:30:34.944+0000] {logging_mixin.py:149} INFO - [2023-05-08T22:30:34.944+0000] {dagbag.py:541} INFO - Filling up the DagBag from /home/airflow/.local/lib/python3.7/site-packages/airflow/example_dags/example_xcomargs.py
[2023-05-08T22:30:34.950+0000] {processor.py:809} INFO - DAG(s) dict_keys(['example_xcom_args_with_operators', 'example_xcom_args']) retrieved from /home/airflow/.local/lib/python3.7/site-packages/airflow/example_dags/example_xcomargs.py
[2023-05-08T22:30:34.976+0000] {logging_mixin.py:149} INFO - [2023-05-08T22:30:34.976+0000] {dag.py:2726} INFO - Sync 2 DAGs
[2023-05-08T22:30:34.997+0000] {logging_mixin.py:149} INFO - [2023-05-08T22:30:34.997+0000] {dag.py:3490} INFO - Setting next_dagrun for example_xcom_args to None, run_after=None
[2023-05-08T22:30:35.000+0000] {logging_mixin.py:149} INFO - [2023-05-08T22:30:35.000+0000] {dag.py:3490} INFO - Setting next_dagrun for example_xcom_args_with_operators to None, run_after=None
[2023-05-08T22:30:35.012+0000] {processor.py:178} INFO - Processing /home/airflow/.local/lib/python3.7/site-packages/airflow/example_dags/example_xcomargs.py took 0.073 seconds
[2023-05-08T22:31:05.864+0000] {processor.py:156} INFO - Started process (PID=613) to work on /home/airflow/.local/lib/python3.7/site-packages/airflow/example_dags/example_xcomargs.py
[2023-05-08T22:31:05.865+0000] {processor.py:799} INFO - Processing file /home/airflow/.local/lib/python3.7/site-packages/airflow/example_dags/example_xcomargs.py for tasks to queue
[2023-05-08T22:31:05.866+0000] {logging_mixin.py:149} INFO - [2023-05-08T22:31:05.866+0000] {dagbag.py:541} INFO - Filling up the DagBag from /home/airflow/.local/lib/python3.7/site-packages/airflow/example_dags/example_xcomargs.py
[2023-05-08T22:31:05.872+0000] {processor.py:809} INFO - DAG(s) dict_keys(['example_xcom_args', 'example_xcom_args_with_operators']) retrieved from /home/airflow/.local/lib/python3.7/site-packages/airflow/example_dags/example_xcomargs.py
[2023-05-08T22:31:05.896+0000] {logging_mixin.py:149} INFO - [2023-05-08T22:31:05.896+0000] {dag.py:2726} INFO - Sync 2 DAGs
[2023-05-08T22:31:05.925+0000] {logging_mixin.py:149} INFO - [2023-05-08T22:31:05.924+0000] {dag.py:3490} INFO - Setting next_dagrun for example_xcom_args to None, run_after=None
[2023-05-08T22:31:05.933+0000] {logging_mixin.py:149} INFO - [2023-05-08T22:31:05.933+0000] {dag.py:3490} INFO - Setting next_dagrun for example_xcom_args_with_operators to None, run_after=None
[2023-05-08T22:31:05.953+0000] {processor.py:178} INFO - Processing /home/airflow/.local/lib/python3.7/site-packages/airflow/example_dags/example_xcomargs.py took 0.091 seconds
[2023-05-08T22:31:36.540+0000] {processor.py:156} INFO - Started process (PID=670) to work on /home/airflow/.local/lib/python3.7/site-packages/airflow/example_dags/example_xcomargs.py
[2023-05-08T22:31:36.541+0000] {processor.py:799} INFO - Processing file /home/airflow/.local/lib/python3.7/site-packages/airflow/example_dags/example_xcomargs.py for tasks to queue
[2023-05-08T22:31:36.541+0000] {logging_mixin.py:149} INFO - [2023-05-08T22:31:36.541+0000] {dagbag.py:541} INFO - Filling up the DagBag from /home/airflow/.local/lib/python3.7/site-packages/airflow/example_dags/example_xcomargs.py
[2023-05-08T22:31:36.548+0000] {processor.py:809} INFO - DAG(s) dict_keys(['example_xcom_args', 'example_xcom_args_with_operators']) retrieved from /home/airflow/.local/lib/python3.7/site-packages/airflow/example_dags/example_xcomargs.py
[2023-05-08T22:31:36.574+0000] {logging_mixin.py:149} INFO - [2023-05-08T22:31:36.574+0000] {dag.py:2726} INFO - Sync 2 DAGs
[2023-05-08T22:31:36.596+0000] {logging_mixin.py:149} INFO - [2023-05-08T22:31:36.596+0000] {dag.py:3490} INFO - Setting next_dagrun for example_xcom_args to None, run_after=None
[2023-05-08T22:31:36.599+0000] {logging_mixin.py:149} INFO - [2023-05-08T22:31:36.599+0000] {dag.py:3490} INFO - Setting next_dagrun for example_xcom_args_with_operators to None, run_after=None
[2023-05-08T22:31:36.613+0000] {processor.py:178} INFO - Processing /home/airflow/.local/lib/python3.7/site-packages/airflow/example_dags/example_xcomargs.py took 0.076 seconds
[2023-05-08T22:32:07.138+0000] {processor.py:156} INFO - Started process (PID=727) to work on /home/airflow/.local/lib/python3.7/site-packages/airflow/example_dags/example_xcomargs.py
[2023-05-08T22:32:07.140+0000] {processor.py:799} INFO - Processing file /home/airflow/.local/lib/python3.7/site-packages/airflow/example_dags/example_xcomargs.py for tasks to queue
[2023-05-08T22:32:07.140+0000] {logging_mixin.py:149} INFO - [2023-05-08T22:32:07.140+0000] {dagbag.py:541} INFO - Filling up the DagBag from /home/airflow/.local/lib/python3.7/site-packages/airflow/example_dags/example_xcomargs.py
[2023-05-08T22:32:07.145+0000] {processor.py:809} INFO - DAG(s) dict_keys(['example_xcom_args', 'example_xcom_args_with_operators']) retrieved from /home/airflow/.local/lib/python3.7/site-packages/airflow/example_dags/example_xcomargs.py
[2023-05-08T22:32:07.168+0000] {logging_mixin.py:149} INFO - [2023-05-08T22:32:07.168+0000] {dag.py:2726} INFO - Sync 2 DAGs
[2023-05-08T22:32:07.189+0000] {logging_mixin.py:149} INFO - [2023-05-08T22:32:07.189+0000] {dag.py:3490} INFO - Setting next_dagrun for example_xcom_args to None, run_after=None
[2023-05-08T22:32:07.192+0000] {logging_mixin.py:149} INFO - [2023-05-08T22:32:07.192+0000] {dag.py:3490} INFO - Setting next_dagrun for example_xcom_args_with_operators to None, run_after=None
[2023-05-08T22:32:07.204+0000] {processor.py:178} INFO - Processing /home/airflow/.local/lib/python3.7/site-packages/airflow/example_dags/example_xcomargs.py took 0.068 seconds
[2023-05-08T22:32:38.005+0000] {processor.py:156} INFO - Started process (PID=784) to work on /home/airflow/.local/lib/python3.7/site-packages/airflow/example_dags/example_xcomargs.py
[2023-05-08T22:32:38.006+0000] {processor.py:799} INFO - Processing file /home/airflow/.local/lib/python3.7/site-packages/airflow/example_dags/example_xcomargs.py for tasks to queue
[2023-05-08T22:32:38.007+0000] {logging_mixin.py:149} INFO - [2023-05-08T22:32:38.007+0000] {dagbag.py:541} INFO - Filling up the DagBag from /home/airflow/.local/lib/python3.7/site-packages/airflow/example_dags/example_xcomargs.py
[2023-05-08T22:32:38.012+0000] {processor.py:809} INFO - DAG(s) dict_keys(['example_xcom_args_with_operators', 'example_xcom_args']) retrieved from /home/airflow/.local/lib/python3.7/site-packages/airflow/example_dags/example_xcomargs.py
[2023-05-08T22:32:38.034+0000] {logging_mixin.py:149} INFO - [2023-05-08T22:32:38.034+0000] {dag.py:2726} INFO - Sync 2 DAGs
[2023-05-08T22:32:38.054+0000] {logging_mixin.py:149} INFO - [2023-05-08T22:32:38.053+0000] {dag.py:3490} INFO - Setting next_dagrun for example_xcom_args to None, run_after=None
[2023-05-08T22:32:38.056+0000] {logging_mixin.py:149} INFO - [2023-05-08T22:32:38.056+0000] {dag.py:3490} INFO - Setting next_dagrun for example_xcom_args_with_operators to None, run_after=None
[2023-05-08T22:32:38.067+0000] {processor.py:178} INFO - Processing /home/airflow/.local/lib/python3.7/site-packages/airflow/example_dags/example_xcomargs.py took 0.065 seconds
[2023-05-08T22:33:08.801+0000] {processor.py:156} INFO - Started process (PID=841) to work on /home/airflow/.local/lib/python3.7/site-packages/airflow/example_dags/example_xcomargs.py
[2023-05-08T22:33:08.802+0000] {processor.py:799} INFO - Processing file /home/airflow/.local/lib/python3.7/site-packages/airflow/example_dags/example_xcomargs.py for tasks to queue
[2023-05-08T22:33:08.803+0000] {logging_mixin.py:149} INFO - [2023-05-08T22:33:08.803+0000] {dagbag.py:541} INFO - Filling up the DagBag from /home/airflow/.local/lib/python3.7/site-packages/airflow/example_dags/example_xcomargs.py
[2023-05-08T22:33:08.809+0000] {processor.py:809} INFO - DAG(s) dict_keys(['example_xcom_args_with_operators', 'example_xcom_args']) retrieved from /home/airflow/.local/lib/python3.7/site-packages/airflow/example_dags/example_xcomargs.py
[2023-05-08T22:33:08.833+0000] {logging_mixin.py:149} INFO - [2023-05-08T22:33:08.833+0000] {dag.py:2726} INFO - Sync 2 DAGs
[2023-05-08T22:33:08.854+0000] {logging_mixin.py:149} INFO - [2023-05-08T22:33:08.854+0000] {dag.py:3490} INFO - Setting next_dagrun for example_xcom_args to None, run_after=None
[2023-05-08T22:33:08.857+0000] {logging_mixin.py:149} INFO - [2023-05-08T22:33:08.857+0000] {dag.py:3490} INFO - Setting next_dagrun for example_xcom_args_with_operators to None, run_after=None
[2023-05-08T22:33:08.870+0000] {processor.py:178} INFO - Processing /home/airflow/.local/lib/python3.7/site-packages/airflow/example_dags/example_xcomargs.py took 0.072 seconds
[2023-05-08T22:33:39.151+0000] {processor.py:156} INFO - Started process (PID=898) to work on /home/airflow/.local/lib/python3.7/site-packages/airflow/example_dags/example_xcomargs.py
[2023-05-08T22:33:39.152+0000] {processor.py:799} INFO - Processing file /home/airflow/.local/lib/python3.7/site-packages/airflow/example_dags/example_xcomargs.py for tasks to queue
[2023-05-08T22:33:39.153+0000] {logging_mixin.py:149} INFO - [2023-05-08T22:33:39.153+0000] {dagbag.py:541} INFO - Filling up the DagBag from /home/airflow/.local/lib/python3.7/site-packages/airflow/example_dags/example_xcomargs.py
[2023-05-08T22:33:39.164+0000] {processor.py:809} INFO - DAG(s) dict_keys(['example_xcom_args_with_operators', 'example_xcom_args']) retrieved from /home/airflow/.local/lib/python3.7/site-packages/airflow/example_dags/example_xcomargs.py
[2023-05-08T22:33:39.191+0000] {logging_mixin.py:149} INFO - [2023-05-08T22:33:39.191+0000] {dag.py:2726} INFO - Sync 2 DAGs
[2023-05-08T22:33:39.211+0000] {logging_mixin.py:149} INFO - [2023-05-08T22:33:39.211+0000] {dag.py:3490} INFO - Setting next_dagrun for example_xcom_args to None, run_after=None
[2023-05-08T22:33:39.214+0000] {logging_mixin.py:149} INFO - [2023-05-08T22:33:39.214+0000] {dag.py:3490} INFO - Setting next_dagrun for example_xcom_args_with_operators to None, run_after=None
[2023-05-08T22:33:39.225+0000] {processor.py:178} INFO - Processing /home/airflow/.local/lib/python3.7/site-packages/airflow/example_dags/example_xcomargs.py took 0.079 seconds
[2023-05-08T22:34:09.674+0000] {processor.py:156} INFO - Started process (PID=955) to work on /home/airflow/.local/lib/python3.7/site-packages/airflow/example_dags/example_xcomargs.py
[2023-05-08T22:34:09.676+0000] {processor.py:799} INFO - Processing file /home/airflow/.local/lib/python3.7/site-packages/airflow/example_dags/example_xcomargs.py for tasks to queue
[2023-05-08T22:34:09.677+0000] {logging_mixin.py:149} INFO - [2023-05-08T22:34:09.677+0000] {dagbag.py:541} INFO - Filling up the DagBag from /home/airflow/.local/lib/python3.7/site-packages/airflow/example_dags/example_xcomargs.py
[2023-05-08T22:34:09.686+0000] {processor.py:809} INFO - DAG(s) dict_keys(['example_xcom_args_with_operators', 'example_xcom_args']) retrieved from /home/airflow/.local/lib/python3.7/site-packages/airflow/example_dags/example_xcomargs.py
[2023-05-08T22:34:09.720+0000] {logging_mixin.py:149} INFO - [2023-05-08T22:34:09.720+0000] {dag.py:2726} INFO - Sync 2 DAGs
[2023-05-08T22:34:09.746+0000] {logging_mixin.py:149} INFO - [2023-05-08T22:34:09.746+0000] {dag.py:3490} INFO - Setting next_dagrun for example_xcom_args to None, run_after=None
[2023-05-08T22:34:09.750+0000] {logging_mixin.py:149} INFO - [2023-05-08T22:34:09.750+0000] {dag.py:3490} INFO - Setting next_dagrun for example_xcom_args_with_operators to None, run_after=None
[2023-05-08T22:34:09.764+0000] {processor.py:178} INFO - Processing /home/airflow/.local/lib/python3.7/site-packages/airflow/example_dags/example_xcomargs.py took 0.095 seconds
[2023-05-08T22:34:39.875+0000] {processor.py:156} INFO - Started process (PID=1013) to work on /home/airflow/.local/lib/python3.7/site-packages/airflow/example_dags/example_xcomargs.py
[2023-05-08T22:34:39.876+0000] {processor.py:799} INFO - Processing file /home/airflow/.local/lib/python3.7/site-packages/airflow/example_dags/example_xcomargs.py for tasks to queue
[2023-05-08T22:34:39.876+0000] {logging_mixin.py:149} INFO - [2023-05-08T22:34:39.876+0000] {dagbag.py:541} INFO - Filling up the DagBag from /home/airflow/.local/lib/python3.7/site-packages/airflow/example_dags/example_xcomargs.py
[2023-05-08T22:34:39.883+0000] {processor.py:809} INFO - DAG(s) dict_keys(['example_xcom_args', 'example_xcom_args_with_operators']) retrieved from /home/airflow/.local/lib/python3.7/site-packages/airflow/example_dags/example_xcomargs.py
[2023-05-08T22:34:39.912+0000] {logging_mixin.py:149} INFO - [2023-05-08T22:34:39.912+0000] {dag.py:2726} INFO - Sync 2 DAGs
[2023-05-08T22:34:39.938+0000] {logging_mixin.py:149} INFO - [2023-05-08T22:34:39.937+0000] {dag.py:3490} INFO - Setting next_dagrun for example_xcom_args to None, run_after=None
[2023-05-08T22:34:39.941+0000] {logging_mixin.py:149} INFO - [2023-05-08T22:34:39.940+0000] {dag.py:3490} INFO - Setting next_dagrun for example_xcom_args_with_operators to None, run_after=None
[2023-05-08T22:34:39.954+0000] {processor.py:178} INFO - Processing /home/airflow/.local/lib/python3.7/site-packages/airflow/example_dags/example_xcomargs.py took 0.084 seconds
[2023-05-08T22:35:10.039+0000] {processor.py:156} INFO - Started process (PID=1069) to work on /home/airflow/.local/lib/python3.7/site-packages/airflow/example_dags/example_xcomargs.py
[2023-05-08T22:35:10.040+0000] {processor.py:799} INFO - Processing file /home/airflow/.local/lib/python3.7/site-packages/airflow/example_dags/example_xcomargs.py for tasks to queue
[2023-05-08T22:35:10.041+0000] {logging_mixin.py:149} INFO - [2023-05-08T22:35:10.041+0000] {dagbag.py:541} INFO - Filling up the DagBag from /home/airflow/.local/lib/python3.7/site-packages/airflow/example_dags/example_xcomargs.py
[2023-05-08T22:35:10.047+0000] {processor.py:809} INFO - DAG(s) dict_keys(['example_xcom_args', 'example_xcom_args_with_operators']) retrieved from /home/airflow/.local/lib/python3.7/site-packages/airflow/example_dags/example_xcomargs.py
[2023-05-08T22:35:10.070+0000] {logging_mixin.py:149} INFO - [2023-05-08T22:35:10.070+0000] {dag.py:2726} INFO - Sync 2 DAGs
[2023-05-08T22:35:10.090+0000] {logging_mixin.py:149} INFO - [2023-05-08T22:35:10.090+0000] {dag.py:3490} INFO - Setting next_dagrun for example_xcom_args to None, run_after=None
[2023-05-08T22:35:10.093+0000] {logging_mixin.py:149} INFO - [2023-05-08T22:35:10.092+0000] {dag.py:3490} INFO - Setting next_dagrun for example_xcom_args_with_operators to None, run_after=None
[2023-05-08T22:35:10.104+0000] {processor.py:178} INFO - Processing /home/airflow/.local/lib/python3.7/site-packages/airflow/example_dags/example_xcomargs.py took 0.067 seconds
