[2023-05-08T20:36:09.329+0000] {processor.py:156} INFO - Started process (PID=33) to work on /home/airflow/.local/lib/python3.7/site-packages/airflow/example_dags/example_sensors.py
[2023-05-08T20:36:09.341+0000] {processor.py:799} INFO - Processing file /home/airflow/.local/lib/python3.7/site-packages/airflow/example_dags/example_sensors.py for tasks to queue
[2023-05-08T20:36:09.346+0000] {logging_mixin.py:149} INFO - [2023-05-08T20:36:09.346+0000] {dagbag.py:541} INFO - Filling up the DagBag from /home/airflow/.local/lib/python3.7/site-packages/airflow/example_dags/example_sensors.py
[2023-05-08T20:36:09.675+0000] {processor.py:809} INFO - DAG(s) dict_keys(['example_sensors']) retrieved from /home/airflow/.local/lib/python3.7/site-packages/airflow/example_dags/example_sensors.py
[2023-05-08T20:36:09.700+0000] {logging_mixin.py:149} INFO - [2023-05-08T20:36:09.699+0000] {dag.py:2726} INFO - Sync 1 DAGs
[2023-05-08T20:36:09.721+0000] {logging_mixin.py:149} INFO - [2023-05-08T20:36:09.720+0000] {dag.py:3490} INFO - Setting next_dagrun for example_sensors to None, run_after=None
[2023-05-08T20:36:09.746+0000] {processor.py:178} INFO - Processing /home/airflow/.local/lib/python3.7/site-packages/airflow/example_dags/example_sensors.py took 0.438 seconds
[2023-05-08T20:36:40.098+0000] {processor.py:156} INFO - Started process (PID=89) to work on /home/airflow/.local/lib/python3.7/site-packages/airflow/example_dags/example_sensors.py
[2023-05-08T20:36:40.099+0000] {processor.py:799} INFO - Processing file /home/airflow/.local/lib/python3.7/site-packages/airflow/example_dags/example_sensors.py for tasks to queue
[2023-05-08T20:36:40.100+0000] {logging_mixin.py:149} INFO - [2023-05-08T20:36:40.100+0000] {dagbag.py:541} INFO - Filling up the DagBag from /home/airflow/.local/lib/python3.7/site-packages/airflow/example_dags/example_sensors.py
[2023-05-08T20:36:40.114+0000] {processor.py:809} INFO - DAG(s) dict_keys(['example_sensors']) retrieved from /home/airflow/.local/lib/python3.7/site-packages/airflow/example_dags/example_sensors.py
[2023-05-08T20:36:40.146+0000] {logging_mixin.py:149} INFO - [2023-05-08T20:36:40.146+0000] {dag.py:2726} INFO - Sync 1 DAGs
[2023-05-08T20:36:40.182+0000] {logging_mixin.py:149} INFO - [2023-05-08T20:36:40.182+0000] {dag.py:3490} INFO - Setting next_dagrun for example_sensors to None, run_after=None
[2023-05-08T20:36:40.199+0000] {processor.py:178} INFO - Processing /home/airflow/.local/lib/python3.7/site-packages/airflow/example_dags/example_sensors.py took 0.106 seconds
[2023-05-08T20:37:10.394+0000] {processor.py:156} INFO - Started process (PID=145) to work on /home/airflow/.local/lib/python3.7/site-packages/airflow/example_dags/example_sensors.py
[2023-05-08T20:37:10.397+0000] {processor.py:799} INFO - Processing file /home/airflow/.local/lib/python3.7/site-packages/airflow/example_dags/example_sensors.py for tasks to queue
[2023-05-08T20:37:10.399+0000] {logging_mixin.py:149} INFO - [2023-05-08T20:37:10.399+0000] {dagbag.py:541} INFO - Filling up the DagBag from /home/airflow/.local/lib/python3.7/site-packages/airflow/example_dags/example_sensors.py
[2023-05-08T20:37:10.422+0000] {processor.py:809} INFO - DAG(s) dict_keys(['example_sensors']) retrieved from /home/airflow/.local/lib/python3.7/site-packages/airflow/example_dags/example_sensors.py
[2023-05-08T20:37:10.476+0000] {logging_mixin.py:149} INFO - [2023-05-08T20:37:10.476+0000] {dag.py:2726} INFO - Sync 1 DAGs
[2023-05-08T20:37:10.502+0000] {logging_mixin.py:149} INFO - [2023-05-08T20:37:10.501+0000] {dag.py:3490} INFO - Setting next_dagrun for example_sensors to None, run_after=None
[2023-05-08T20:37:10.524+0000] {processor.py:178} INFO - Processing /home/airflow/.local/lib/python3.7/site-packages/airflow/example_dags/example_sensors.py took 0.143 seconds
[2023-05-08T20:37:41.312+0000] {processor.py:156} INFO - Started process (PID=201) to work on /home/airflow/.local/lib/python3.7/site-packages/airflow/example_dags/example_sensors.py
[2023-05-08T20:37:41.313+0000] {processor.py:799} INFO - Processing file /home/airflow/.local/lib/python3.7/site-packages/airflow/example_dags/example_sensors.py for tasks to queue
[2023-05-08T20:37:41.315+0000] {logging_mixin.py:149} INFO - [2023-05-08T20:37:41.315+0000] {dagbag.py:541} INFO - Filling up the DagBag from /home/airflow/.local/lib/python3.7/site-packages/airflow/example_dags/example_sensors.py
[2023-05-08T20:37:41.330+0000] {processor.py:809} INFO - DAG(s) dict_keys(['example_sensors']) retrieved from /home/airflow/.local/lib/python3.7/site-packages/airflow/example_dags/example_sensors.py
[2023-05-08T20:37:41.370+0000] {logging_mixin.py:149} INFO - [2023-05-08T20:37:41.370+0000] {dag.py:2726} INFO - Sync 1 DAGs
[2023-05-08T20:37:41.392+0000] {logging_mixin.py:149} INFO - [2023-05-08T20:37:41.392+0000] {dag.py:3490} INFO - Setting next_dagrun for example_sensors to None, run_after=None
[2023-05-08T20:37:41.415+0000] {processor.py:178} INFO - Processing /home/airflow/.local/lib/python3.7/site-packages/airflow/example_dags/example_sensors.py took 0.108 seconds
[2023-05-08T20:38:12.093+0000] {processor.py:156} INFO - Started process (PID=258) to work on /home/airflow/.local/lib/python3.7/site-packages/airflow/example_dags/example_sensors.py
[2023-05-08T20:38:12.095+0000] {processor.py:799} INFO - Processing file /home/airflow/.local/lib/python3.7/site-packages/airflow/example_dags/example_sensors.py for tasks to queue
[2023-05-08T20:38:12.101+0000] {logging_mixin.py:149} INFO - [2023-05-08T20:38:12.097+0000] {dagbag.py:541} INFO - Filling up the DagBag from /home/airflow/.local/lib/python3.7/site-packages/airflow/example_dags/example_sensors.py
[2023-05-08T20:38:12.113+0000] {processor.py:809} INFO - DAG(s) dict_keys(['example_sensors']) retrieved from /home/airflow/.local/lib/python3.7/site-packages/airflow/example_dags/example_sensors.py
[2023-05-08T20:38:12.144+0000] {logging_mixin.py:149} INFO - [2023-05-08T20:38:12.144+0000] {dag.py:2726} INFO - Sync 1 DAGs
[2023-05-08T20:38:12.168+0000] {logging_mixin.py:149} INFO - [2023-05-08T20:38:12.168+0000] {dag.py:3490} INFO - Setting next_dagrun for example_sensors to None, run_after=None
[2023-05-08T20:38:12.184+0000] {processor.py:178} INFO - Processing /home/airflow/.local/lib/python3.7/site-packages/airflow/example_dags/example_sensors.py took 0.099 seconds
[2023-05-08T20:38:42.830+0000] {processor.py:156} INFO - Started process (PID=314) to work on /home/airflow/.local/lib/python3.7/site-packages/airflow/example_dags/example_sensors.py
[2023-05-08T20:38:42.831+0000] {processor.py:799} INFO - Processing file /home/airflow/.local/lib/python3.7/site-packages/airflow/example_dags/example_sensors.py for tasks to queue
[2023-05-08T20:38:42.832+0000] {logging_mixin.py:149} INFO - [2023-05-08T20:38:42.832+0000] {dagbag.py:541} INFO - Filling up the DagBag from /home/airflow/.local/lib/python3.7/site-packages/airflow/example_dags/example_sensors.py
[2023-05-08T20:38:42.843+0000] {processor.py:809} INFO - DAG(s) dict_keys(['example_sensors']) retrieved from /home/airflow/.local/lib/python3.7/site-packages/airflow/example_dags/example_sensors.py
[2023-05-08T20:38:42.869+0000] {logging_mixin.py:149} INFO - [2023-05-08T20:38:42.869+0000] {dag.py:2726} INFO - Sync 1 DAGs
[2023-05-08T20:38:42.891+0000] {logging_mixin.py:149} INFO - [2023-05-08T20:38:42.890+0000] {dag.py:3490} INFO - Setting next_dagrun for example_sensors to None, run_after=None
[2023-05-08T20:38:42.907+0000] {processor.py:178} INFO - Processing /home/airflow/.local/lib/python3.7/site-packages/airflow/example_dags/example_sensors.py took 0.081 seconds
[2023-05-08T20:39:13.415+0000] {processor.py:156} INFO - Started process (PID=370) to work on /home/airflow/.local/lib/python3.7/site-packages/airflow/example_dags/example_sensors.py
[2023-05-08T20:39:13.417+0000] {processor.py:799} INFO - Processing file /home/airflow/.local/lib/python3.7/site-packages/airflow/example_dags/example_sensors.py for tasks to queue
[2023-05-08T20:39:13.418+0000] {logging_mixin.py:149} INFO - [2023-05-08T20:39:13.418+0000] {dagbag.py:541} INFO - Filling up the DagBag from /home/airflow/.local/lib/python3.7/site-packages/airflow/example_dags/example_sensors.py
[2023-05-08T20:39:13.428+0000] {processor.py:809} INFO - DAG(s) dict_keys(['example_sensors']) retrieved from /home/airflow/.local/lib/python3.7/site-packages/airflow/example_dags/example_sensors.py
[2023-05-08T20:39:13.453+0000] {logging_mixin.py:149} INFO - [2023-05-08T20:39:13.453+0000] {dag.py:2726} INFO - Sync 1 DAGs
[2023-05-08T20:39:13.473+0000] {logging_mixin.py:149} INFO - [2023-05-08T20:39:13.473+0000] {dag.py:3490} INFO - Setting next_dagrun for example_sensors to None, run_after=None
[2023-05-08T20:39:13.489+0000] {processor.py:178} INFO - Processing /home/airflow/.local/lib/python3.7/site-packages/airflow/example_dags/example_sensors.py took 0.077 seconds
[2023-05-08T20:39:43.918+0000] {processor.py:156} INFO - Started process (PID=425) to work on /home/airflow/.local/lib/python3.7/site-packages/airflow/example_dags/example_sensors.py
[2023-05-08T20:39:43.920+0000] {processor.py:799} INFO - Processing file /home/airflow/.local/lib/python3.7/site-packages/airflow/example_dags/example_sensors.py for tasks to queue
[2023-05-08T20:39:43.921+0000] {logging_mixin.py:149} INFO - [2023-05-08T20:39:43.921+0000] {dagbag.py:541} INFO - Filling up the DagBag from /home/airflow/.local/lib/python3.7/site-packages/airflow/example_dags/example_sensors.py
[2023-05-08T20:39:43.932+0000] {processor.py:809} INFO - DAG(s) dict_keys(['example_sensors']) retrieved from /home/airflow/.local/lib/python3.7/site-packages/airflow/example_dags/example_sensors.py
[2023-05-08T20:39:43.962+0000] {logging_mixin.py:149} INFO - [2023-05-08T20:39:43.962+0000] {dag.py:2726} INFO - Sync 1 DAGs
[2023-05-08T20:39:43.988+0000] {logging_mixin.py:149} INFO - [2023-05-08T20:39:43.988+0000] {dag.py:3490} INFO - Setting next_dagrun for example_sensors to None, run_after=None
[2023-05-08T20:39:44.017+0000] {processor.py:178} INFO - Processing /home/airflow/.local/lib/python3.7/site-packages/airflow/example_dags/example_sensors.py took 0.103 seconds
[2023-05-08T22:15:45.139+0000] {processor.py:156} INFO - Started process (PID=33) to work on /home/airflow/.local/lib/python3.7/site-packages/airflow/example_dags/example_sensors.py
[2023-05-08T22:15:45.140+0000] {processor.py:799} INFO - Processing file /home/airflow/.local/lib/python3.7/site-packages/airflow/example_dags/example_sensors.py for tasks to queue
[2023-05-08T22:15:45.141+0000] {logging_mixin.py:149} INFO - [2023-05-08T22:15:45.141+0000] {dagbag.py:541} INFO - Filling up the DagBag from /home/airflow/.local/lib/python3.7/site-packages/airflow/example_dags/example_sensors.py
[2023-05-08T22:15:45.155+0000] {processor.py:809} INFO - DAG(s) dict_keys(['example_sensors']) retrieved from /home/airflow/.local/lib/python3.7/site-packages/airflow/example_dags/example_sensors.py
[2023-05-08T22:15:45.183+0000] {logging_mixin.py:149} INFO - [2023-05-08T22:15:45.183+0000] {dag.py:2726} INFO - Sync 1 DAGs
[2023-05-08T22:15:45.212+0000] {logging_mixin.py:149} INFO - [2023-05-08T22:15:45.212+0000] {dag.py:3490} INFO - Setting next_dagrun for example_sensors to None, run_after=None
[2023-05-08T22:15:45.231+0000] {processor.py:178} INFO - Processing /home/airflow/.local/lib/python3.7/site-packages/airflow/example_dags/example_sensors.py took 0.096 seconds
[2023-05-08T22:16:15.400+0000] {processor.py:156} INFO - Started process (PID=90) to work on /home/airflow/.local/lib/python3.7/site-packages/airflow/example_dags/example_sensors.py
[2023-05-08T22:16:15.401+0000] {processor.py:799} INFO - Processing file /home/airflow/.local/lib/python3.7/site-packages/airflow/example_dags/example_sensors.py for tasks to queue
[2023-05-08T22:16:15.402+0000] {logging_mixin.py:149} INFO - [2023-05-08T22:16:15.402+0000] {dagbag.py:541} INFO - Filling up the DagBag from /home/airflow/.local/lib/python3.7/site-packages/airflow/example_dags/example_sensors.py
[2023-05-08T22:16:15.409+0000] {processor.py:809} INFO - DAG(s) dict_keys(['example_sensors']) retrieved from /home/airflow/.local/lib/python3.7/site-packages/airflow/example_dags/example_sensors.py
[2023-05-08T22:16:15.438+0000] {logging_mixin.py:149} INFO - [2023-05-08T22:16:15.438+0000] {dag.py:2726} INFO - Sync 1 DAGs
[2023-05-08T22:16:15.470+0000] {logging_mixin.py:149} INFO - [2023-05-08T22:16:15.470+0000] {dag.py:3490} INFO - Setting next_dagrun for example_sensors to None, run_after=None
[2023-05-08T22:16:15.496+0000] {processor.py:178} INFO - Processing /home/airflow/.local/lib/python3.7/site-packages/airflow/example_dags/example_sensors.py took 0.099 seconds
[2023-05-08T22:16:45.662+0000] {processor.py:156} INFO - Started process (PID=147) to work on /home/airflow/.local/lib/python3.7/site-packages/airflow/example_dags/example_sensors.py
[2023-05-08T22:16:45.664+0000] {processor.py:799} INFO - Processing file /home/airflow/.local/lib/python3.7/site-packages/airflow/example_dags/example_sensors.py for tasks to queue
[2023-05-08T22:16:45.665+0000] {logging_mixin.py:149} INFO - [2023-05-08T22:16:45.665+0000] {dagbag.py:541} INFO - Filling up the DagBag from /home/airflow/.local/lib/python3.7/site-packages/airflow/example_dags/example_sensors.py
[2023-05-08T22:16:45.675+0000] {processor.py:809} INFO - DAG(s) dict_keys(['example_sensors']) retrieved from /home/airflow/.local/lib/python3.7/site-packages/airflow/example_dags/example_sensors.py
[2023-05-08T22:16:45.700+0000] {logging_mixin.py:149} INFO - [2023-05-08T22:16:45.700+0000] {dag.py:2726} INFO - Sync 1 DAGs
[2023-05-08T22:16:45.721+0000] {logging_mixin.py:149} INFO - [2023-05-08T22:16:45.721+0000] {dag.py:3490} INFO - Setting next_dagrun for example_sensors to None, run_after=None
[2023-05-08T22:16:45.736+0000] {processor.py:178} INFO - Processing /home/airflow/.local/lib/python3.7/site-packages/airflow/example_dags/example_sensors.py took 0.079 seconds
[2023-05-08T22:17:16.497+0000] {processor.py:156} INFO - Started process (PID=204) to work on /home/airflow/.local/lib/python3.7/site-packages/airflow/example_dags/example_sensors.py
[2023-05-08T22:17:16.499+0000] {processor.py:799} INFO - Processing file /home/airflow/.local/lib/python3.7/site-packages/airflow/example_dags/example_sensors.py for tasks to queue
[2023-05-08T22:17:16.500+0000] {logging_mixin.py:149} INFO - [2023-05-08T22:17:16.500+0000] {dagbag.py:541} INFO - Filling up the DagBag from /home/airflow/.local/lib/python3.7/site-packages/airflow/example_dags/example_sensors.py
[2023-05-08T22:17:16.508+0000] {processor.py:809} INFO - DAG(s) dict_keys(['example_sensors']) retrieved from /home/airflow/.local/lib/python3.7/site-packages/airflow/example_dags/example_sensors.py
[2023-05-08T22:17:16.533+0000] {logging_mixin.py:149} INFO - [2023-05-08T22:17:16.533+0000] {dag.py:2726} INFO - Sync 1 DAGs
[2023-05-08T22:17:16.552+0000] {logging_mixin.py:149} INFO - [2023-05-08T22:17:16.552+0000] {dag.py:3490} INFO - Setting next_dagrun for example_sensors to None, run_after=None
[2023-05-08T22:17:16.565+0000] {processor.py:178} INFO - Processing /home/airflow/.local/lib/python3.7/site-packages/airflow/example_dags/example_sensors.py took 0.072 seconds
[2023-05-08T22:17:47.502+0000] {processor.py:156} INFO - Started process (PID=261) to work on /home/airflow/.local/lib/python3.7/site-packages/airflow/example_dags/example_sensors.py
[2023-05-08T22:17:47.503+0000] {processor.py:799} INFO - Processing file /home/airflow/.local/lib/python3.7/site-packages/airflow/example_dags/example_sensors.py for tasks to queue
[2023-05-08T22:17:47.504+0000] {logging_mixin.py:149} INFO - [2023-05-08T22:17:47.504+0000] {dagbag.py:541} INFO - Filling up the DagBag from /home/airflow/.local/lib/python3.7/site-packages/airflow/example_dags/example_sensors.py
[2023-05-08T22:17:47.510+0000] {processor.py:809} INFO - DAG(s) dict_keys(['example_sensors']) retrieved from /home/airflow/.local/lib/python3.7/site-packages/airflow/example_dags/example_sensors.py
[2023-05-08T22:17:47.534+0000] {logging_mixin.py:149} INFO - [2023-05-08T22:17:47.534+0000] {dag.py:2726} INFO - Sync 1 DAGs
[2023-05-08T22:17:47.554+0000] {logging_mixin.py:149} INFO - [2023-05-08T22:17:47.554+0000] {dag.py:3490} INFO - Setting next_dagrun for example_sensors to None, run_after=None
[2023-05-08T22:17:47.567+0000] {processor.py:178} INFO - Processing /home/airflow/.local/lib/python3.7/site-packages/airflow/example_dags/example_sensors.py took 0.067 seconds
[2023-05-08T22:18:18.196+0000] {processor.py:156} INFO - Started process (PID=318) to work on /home/airflow/.local/lib/python3.7/site-packages/airflow/example_dags/example_sensors.py
[2023-05-08T22:18:18.197+0000] {processor.py:799} INFO - Processing file /home/airflow/.local/lib/python3.7/site-packages/airflow/example_dags/example_sensors.py for tasks to queue
[2023-05-08T22:18:18.198+0000] {logging_mixin.py:149} INFO - [2023-05-08T22:18:18.198+0000] {dagbag.py:541} INFO - Filling up the DagBag from /home/airflow/.local/lib/python3.7/site-packages/airflow/example_dags/example_sensors.py
[2023-05-08T22:18:18.204+0000] {processor.py:809} INFO - DAG(s) dict_keys(['example_sensors']) retrieved from /home/airflow/.local/lib/python3.7/site-packages/airflow/example_dags/example_sensors.py
[2023-05-08T22:18:18.230+0000] {logging_mixin.py:149} INFO - [2023-05-08T22:18:18.229+0000] {dag.py:2726} INFO - Sync 1 DAGs
[2023-05-08T22:18:18.250+0000] {logging_mixin.py:149} INFO - [2023-05-08T22:18:18.250+0000] {dag.py:3490} INFO - Setting next_dagrun for example_sensors to None, run_after=None
[2023-05-08T22:18:18.264+0000] {processor.py:178} INFO - Processing /home/airflow/.local/lib/python3.7/site-packages/airflow/example_dags/example_sensors.py took 0.071 seconds
[2023-05-08T22:18:49.263+0000] {processor.py:156} INFO - Started process (PID=375) to work on /home/airflow/.local/lib/python3.7/site-packages/airflow/example_dags/example_sensors.py
[2023-05-08T22:18:49.265+0000] {processor.py:799} INFO - Processing file /home/airflow/.local/lib/python3.7/site-packages/airflow/example_dags/example_sensors.py for tasks to queue
[2023-05-08T22:18:49.265+0000] {logging_mixin.py:149} INFO - [2023-05-08T22:18:49.265+0000] {dagbag.py:541} INFO - Filling up the DagBag from /home/airflow/.local/lib/python3.7/site-packages/airflow/example_dags/example_sensors.py
[2023-05-08T22:18:49.272+0000] {processor.py:809} INFO - DAG(s) dict_keys(['example_sensors']) retrieved from /home/airflow/.local/lib/python3.7/site-packages/airflow/example_dags/example_sensors.py
[2023-05-08T22:18:49.296+0000] {logging_mixin.py:149} INFO - [2023-05-08T22:18:49.296+0000] {dag.py:2726} INFO - Sync 1 DAGs
[2023-05-08T22:18:49.316+0000] {logging_mixin.py:149} INFO - [2023-05-08T22:18:49.315+0000] {dag.py:3490} INFO - Setting next_dagrun for example_sensors to None, run_after=None
[2023-05-08T22:18:49.330+0000] {processor.py:178} INFO - Processing /home/airflow/.local/lib/python3.7/site-packages/airflow/example_dags/example_sensors.py took 0.069 seconds
[2023-05-08T22:19:20.252+0000] {processor.py:156} INFO - Started process (PID=432) to work on /home/airflow/.local/lib/python3.7/site-packages/airflow/example_dags/example_sensors.py
[2023-05-08T22:19:20.253+0000] {processor.py:799} INFO - Processing file /home/airflow/.local/lib/python3.7/site-packages/airflow/example_dags/example_sensors.py for tasks to queue
[2023-05-08T22:19:20.253+0000] {logging_mixin.py:149} INFO - [2023-05-08T22:19:20.253+0000] {dagbag.py:541} INFO - Filling up the DagBag from /home/airflow/.local/lib/python3.7/site-packages/airflow/example_dags/example_sensors.py
[2023-05-08T22:19:20.260+0000] {processor.py:809} INFO - DAG(s) dict_keys(['example_sensors']) retrieved from /home/airflow/.local/lib/python3.7/site-packages/airflow/example_dags/example_sensors.py
[2023-05-08T22:19:20.283+0000] {logging_mixin.py:149} INFO - [2023-05-08T22:19:20.283+0000] {dag.py:2726} INFO - Sync 1 DAGs
[2023-05-08T22:19:20.302+0000] {logging_mixin.py:149} INFO - [2023-05-08T22:19:20.302+0000] {dag.py:3490} INFO - Setting next_dagrun for example_sensors to None, run_after=None
[2023-05-08T22:19:20.315+0000] {processor.py:178} INFO - Processing /home/airflow/.local/lib/python3.7/site-packages/airflow/example_dags/example_sensors.py took 0.065 seconds
[2023-05-08T22:19:50.948+0000] {processor.py:156} INFO - Started process (PID=489) to work on /home/airflow/.local/lib/python3.7/site-packages/airflow/example_dags/example_sensors.py
[2023-05-08T22:19:50.950+0000] {processor.py:799} INFO - Processing file /home/airflow/.local/lib/python3.7/site-packages/airflow/example_dags/example_sensors.py for tasks to queue
[2023-05-08T22:19:50.950+0000] {logging_mixin.py:149} INFO - [2023-05-08T22:19:50.950+0000] {dagbag.py:541} INFO - Filling up the DagBag from /home/airflow/.local/lib/python3.7/site-packages/airflow/example_dags/example_sensors.py
[2023-05-08T22:19:50.957+0000] {processor.py:809} INFO - DAG(s) dict_keys(['example_sensors']) retrieved from /home/airflow/.local/lib/python3.7/site-packages/airflow/example_dags/example_sensors.py
[2023-05-08T22:19:50.981+0000] {logging_mixin.py:149} INFO - [2023-05-08T22:19:50.981+0000] {dag.py:2726} INFO - Sync 1 DAGs
[2023-05-08T22:19:51.000+0000] {logging_mixin.py:149} INFO - [2023-05-08T22:19:50.999+0000] {dag.py:3490} INFO - Setting next_dagrun for example_sensors to None, run_after=None
[2023-05-08T22:19:51.012+0000] {processor.py:178} INFO - Processing /home/airflow/.local/lib/python3.7/site-packages/airflow/example_dags/example_sensors.py took 0.066 seconds
[2023-05-08T22:20:21.698+0000] {processor.py:156} INFO - Started process (PID=547) to work on /home/airflow/.local/lib/python3.7/site-packages/airflow/example_dags/example_sensors.py
[2023-05-08T22:20:21.699+0000] {processor.py:799} INFO - Processing file /home/airflow/.local/lib/python3.7/site-packages/airflow/example_dags/example_sensors.py for tasks to queue
[2023-05-08T22:20:21.700+0000] {logging_mixin.py:149} INFO - [2023-05-08T22:20:21.699+0000] {dagbag.py:541} INFO - Filling up the DagBag from /home/airflow/.local/lib/python3.7/site-packages/airflow/example_dags/example_sensors.py
[2023-05-08T22:20:21.706+0000] {processor.py:809} INFO - DAG(s) dict_keys(['example_sensors']) retrieved from /home/airflow/.local/lib/python3.7/site-packages/airflow/example_dags/example_sensors.py
[2023-05-08T22:20:21.729+0000] {logging_mixin.py:149} INFO - [2023-05-08T22:20:21.729+0000] {dag.py:2726} INFO - Sync 1 DAGs
[2023-05-08T22:20:21.747+0000] {logging_mixin.py:149} INFO - [2023-05-08T22:20:21.747+0000] {dag.py:3490} INFO - Setting next_dagrun for example_sensors to None, run_after=None
[2023-05-08T22:20:21.760+0000] {processor.py:178} INFO - Processing /home/airflow/.local/lib/python3.7/site-packages/airflow/example_dags/example_sensors.py took 0.065 seconds
[2023-05-08T22:20:52.513+0000] {processor.py:156} INFO - Started process (PID=604) to work on /home/airflow/.local/lib/python3.7/site-packages/airflow/example_dags/example_sensors.py
[2023-05-08T22:20:52.514+0000] {processor.py:799} INFO - Processing file /home/airflow/.local/lib/python3.7/site-packages/airflow/example_dags/example_sensors.py for tasks to queue
[2023-05-08T22:20:52.514+0000] {logging_mixin.py:149} INFO - [2023-05-08T22:20:52.514+0000] {dagbag.py:541} INFO - Filling up the DagBag from /home/airflow/.local/lib/python3.7/site-packages/airflow/example_dags/example_sensors.py
[2023-05-08T22:20:52.521+0000] {processor.py:809} INFO - DAG(s) dict_keys(['example_sensors']) retrieved from /home/airflow/.local/lib/python3.7/site-packages/airflow/example_dags/example_sensors.py
[2023-05-08T22:20:52.545+0000] {logging_mixin.py:149} INFO - [2023-05-08T22:20:52.545+0000] {dag.py:2726} INFO - Sync 1 DAGs
[2023-05-08T22:20:52.564+0000] {logging_mixin.py:149} INFO - [2023-05-08T22:20:52.564+0000] {dag.py:3490} INFO - Setting next_dagrun for example_sensors to None, run_after=None
[2023-05-08T22:20:52.576+0000] {processor.py:178} INFO - Processing /home/airflow/.local/lib/python3.7/site-packages/airflow/example_dags/example_sensors.py took 0.066 seconds
[2023-05-08T22:21:23.380+0000] {processor.py:156} INFO - Started process (PID=661) to work on /home/airflow/.local/lib/python3.7/site-packages/airflow/example_dags/example_sensors.py
[2023-05-08T22:21:23.381+0000] {processor.py:799} INFO - Processing file /home/airflow/.local/lib/python3.7/site-packages/airflow/example_dags/example_sensors.py for tasks to queue
[2023-05-08T22:21:23.382+0000] {logging_mixin.py:149} INFO - [2023-05-08T22:21:23.381+0000] {dagbag.py:541} INFO - Filling up the DagBag from /home/airflow/.local/lib/python3.7/site-packages/airflow/example_dags/example_sensors.py
[2023-05-08T22:21:23.388+0000] {processor.py:809} INFO - DAG(s) dict_keys(['example_sensors']) retrieved from /home/airflow/.local/lib/python3.7/site-packages/airflow/example_dags/example_sensors.py
[2023-05-08T22:21:23.412+0000] {logging_mixin.py:149} INFO - [2023-05-08T22:21:23.412+0000] {dag.py:2726} INFO - Sync 1 DAGs
[2023-05-08T22:21:23.432+0000] {logging_mixin.py:149} INFO - [2023-05-08T22:21:23.432+0000] {dag.py:3490} INFO - Setting next_dagrun for example_sensors to None, run_after=None
[2023-05-08T22:21:23.446+0000] {processor.py:178} INFO - Processing /home/airflow/.local/lib/python3.7/site-packages/airflow/example_dags/example_sensors.py took 0.068 seconds
[2023-05-08T22:22:06.703+0000] {processor.py:156} INFO - Started process (PID=34) to work on /home/airflow/.local/lib/python3.7/site-packages/airflow/example_dags/example_sensors.py
[2023-05-08T22:22:06.705+0000] {processor.py:799} INFO - Processing file /home/airflow/.local/lib/python3.7/site-packages/airflow/example_dags/example_sensors.py for tasks to queue
[2023-05-08T22:22:06.705+0000] {logging_mixin.py:149} INFO - [2023-05-08T22:22:06.705+0000] {dagbag.py:541} INFO - Filling up the DagBag from /home/airflow/.local/lib/python3.7/site-packages/airflow/example_dags/example_sensors.py
[2023-05-08T22:22:06.715+0000] {processor.py:809} INFO - DAG(s) dict_keys(['example_sensors']) retrieved from /home/airflow/.local/lib/python3.7/site-packages/airflow/example_dags/example_sensors.py
[2023-05-08T22:22:06.738+0000] {logging_mixin.py:149} INFO - [2023-05-08T22:22:06.738+0000] {dag.py:2726} INFO - Sync 1 DAGs
[2023-05-08T22:22:06.766+0000] {logging_mixin.py:149} INFO - [2023-05-08T22:22:06.765+0000] {dag.py:3490} INFO - Setting next_dagrun for example_sensors to None, run_after=None
[2023-05-08T22:22:06.785+0000] {processor.py:178} INFO - Processing /home/airflow/.local/lib/python3.7/site-packages/airflow/example_dags/example_sensors.py took 0.085 seconds
[2023-05-08T22:22:37.041+0000] {processor.py:156} INFO - Started process (PID=91) to work on /home/airflow/.local/lib/python3.7/site-packages/airflow/example_dags/example_sensors.py
[2023-05-08T22:22:37.043+0000] {processor.py:799} INFO - Processing file /home/airflow/.local/lib/python3.7/site-packages/airflow/example_dags/example_sensors.py for tasks to queue
[2023-05-08T22:22:37.044+0000] {logging_mixin.py:149} INFO - [2023-05-08T22:22:37.044+0000] {dagbag.py:541} INFO - Filling up the DagBag from /home/airflow/.local/lib/python3.7/site-packages/airflow/example_dags/example_sensors.py
[2023-05-08T22:22:37.051+0000] {processor.py:809} INFO - DAG(s) dict_keys(['example_sensors']) retrieved from /home/airflow/.local/lib/python3.7/site-packages/airflow/example_dags/example_sensors.py
[2023-05-08T22:22:37.074+0000] {logging_mixin.py:149} INFO - [2023-05-08T22:22:37.074+0000] {dag.py:2726} INFO - Sync 1 DAGs
[2023-05-08T22:22:37.099+0000] {logging_mixin.py:149} INFO - [2023-05-08T22:22:37.099+0000] {dag.py:3490} INFO - Setting next_dagrun for example_sensors to None, run_after=None
[2023-05-08T22:22:37.111+0000] {processor.py:178} INFO - Processing /home/airflow/.local/lib/python3.7/site-packages/airflow/example_dags/example_sensors.py took 0.075 seconds
[2023-05-08T22:23:07.220+0000] {processor.py:156} INFO - Started process (PID=148) to work on /home/airflow/.local/lib/python3.7/site-packages/airflow/example_dags/example_sensors.py
[2023-05-08T22:23:07.221+0000] {processor.py:799} INFO - Processing file /home/airflow/.local/lib/python3.7/site-packages/airflow/example_dags/example_sensors.py for tasks to queue
[2023-05-08T22:23:07.221+0000] {logging_mixin.py:149} INFO - [2023-05-08T22:23:07.221+0000] {dagbag.py:541} INFO - Filling up the DagBag from /home/airflow/.local/lib/python3.7/site-packages/airflow/example_dags/example_sensors.py
[2023-05-08T22:23:07.228+0000] {processor.py:809} INFO - DAG(s) dict_keys(['example_sensors']) retrieved from /home/airflow/.local/lib/python3.7/site-packages/airflow/example_dags/example_sensors.py
[2023-05-08T22:23:07.252+0000] {logging_mixin.py:149} INFO - [2023-05-08T22:23:07.252+0000] {dag.py:2726} INFO - Sync 1 DAGs
[2023-05-08T22:23:07.272+0000] {logging_mixin.py:149} INFO - [2023-05-08T22:23:07.272+0000] {dag.py:3490} INFO - Setting next_dagrun for example_sensors to None, run_after=None
[2023-05-08T22:23:07.287+0000] {processor.py:178} INFO - Processing /home/airflow/.local/lib/python3.7/site-packages/airflow/example_dags/example_sensors.py took 0.069 seconds
[2023-05-08T22:23:38.240+0000] {processor.py:156} INFO - Started process (PID=205) to work on /home/airflow/.local/lib/python3.7/site-packages/airflow/example_dags/example_sensors.py
[2023-05-08T22:23:38.240+0000] {processor.py:799} INFO - Processing file /home/airflow/.local/lib/python3.7/site-packages/airflow/example_dags/example_sensors.py for tasks to queue
[2023-05-08T22:23:38.241+0000] {logging_mixin.py:149} INFO - [2023-05-08T22:23:38.241+0000] {dagbag.py:541} INFO - Filling up the DagBag from /home/airflow/.local/lib/python3.7/site-packages/airflow/example_dags/example_sensors.py
[2023-05-08T22:23:38.247+0000] {processor.py:809} INFO - DAG(s) dict_keys(['example_sensors']) retrieved from /home/airflow/.local/lib/python3.7/site-packages/airflow/example_dags/example_sensors.py
[2023-05-08T22:23:38.270+0000] {logging_mixin.py:149} INFO - [2023-05-08T22:23:38.270+0000] {dag.py:2726} INFO - Sync 1 DAGs
[2023-05-08T22:23:38.289+0000] {logging_mixin.py:149} INFO - [2023-05-08T22:23:38.289+0000] {dag.py:3490} INFO - Setting next_dagrun for example_sensors to None, run_after=None
[2023-05-08T22:23:38.302+0000] {processor.py:178} INFO - Processing /home/airflow/.local/lib/python3.7/site-packages/airflow/example_dags/example_sensors.py took 0.064 seconds
[2023-05-08T22:24:08.993+0000] {processor.py:156} INFO - Started process (PID=262) to work on /home/airflow/.local/lib/python3.7/site-packages/airflow/example_dags/example_sensors.py
[2023-05-08T22:24:08.994+0000] {processor.py:799} INFO - Processing file /home/airflow/.local/lib/python3.7/site-packages/airflow/example_dags/example_sensors.py for tasks to queue
[2023-05-08T22:24:08.995+0000] {logging_mixin.py:149} INFO - [2023-05-08T22:24:08.995+0000] {dagbag.py:541} INFO - Filling up the DagBag from /home/airflow/.local/lib/python3.7/site-packages/airflow/example_dags/example_sensors.py
[2023-05-08T22:24:09.001+0000] {processor.py:809} INFO - DAG(s) dict_keys(['example_sensors']) retrieved from /home/airflow/.local/lib/python3.7/site-packages/airflow/example_dags/example_sensors.py
[2023-05-08T22:24:09.025+0000] {logging_mixin.py:149} INFO - [2023-05-08T22:24:09.025+0000] {dag.py:2726} INFO - Sync 1 DAGs
[2023-05-08T22:24:09.044+0000] {logging_mixin.py:149} INFO - [2023-05-08T22:24:09.044+0000] {dag.py:3490} INFO - Setting next_dagrun for example_sensors to None, run_after=None
[2023-05-08T22:24:09.057+0000] {processor.py:178} INFO - Processing /home/airflow/.local/lib/python3.7/site-packages/airflow/example_dags/example_sensors.py took 0.067 seconds
[2023-05-08T22:24:39.759+0000] {processor.py:156} INFO - Started process (PID=319) to work on /home/airflow/.local/lib/python3.7/site-packages/airflow/example_dags/example_sensors.py
[2023-05-08T22:24:39.760+0000] {processor.py:799} INFO - Processing file /home/airflow/.local/lib/python3.7/site-packages/airflow/example_dags/example_sensors.py for tasks to queue
[2023-05-08T22:24:39.761+0000] {logging_mixin.py:149} INFO - [2023-05-08T22:24:39.761+0000] {dagbag.py:541} INFO - Filling up the DagBag from /home/airflow/.local/lib/python3.7/site-packages/airflow/example_dags/example_sensors.py
[2023-05-08T22:24:39.768+0000] {processor.py:809} INFO - DAG(s) dict_keys(['example_sensors']) retrieved from /home/airflow/.local/lib/python3.7/site-packages/airflow/example_dags/example_sensors.py
[2023-05-08T22:24:39.792+0000] {logging_mixin.py:149} INFO - [2023-05-08T22:24:39.792+0000] {dag.py:2726} INFO - Sync 1 DAGs
[2023-05-08T22:24:39.810+0000] {logging_mixin.py:149} INFO - [2023-05-08T22:24:39.810+0000] {dag.py:3490} INFO - Setting next_dagrun for example_sensors to None, run_after=None
[2023-05-08T22:24:39.825+0000] {processor.py:178} INFO - Processing /home/airflow/.local/lib/python3.7/site-packages/airflow/example_dags/example_sensors.py took 0.070 seconds
[2023-05-08T22:25:10.473+0000] {processor.py:156} INFO - Started process (PID=376) to work on /home/airflow/.local/lib/python3.7/site-packages/airflow/example_dags/example_sensors.py
[2023-05-08T22:25:10.474+0000] {processor.py:799} INFO - Processing file /home/airflow/.local/lib/python3.7/site-packages/airflow/example_dags/example_sensors.py for tasks to queue
[2023-05-08T22:25:10.475+0000] {logging_mixin.py:149} INFO - [2023-05-08T22:25:10.475+0000] {dagbag.py:541} INFO - Filling up the DagBag from /home/airflow/.local/lib/python3.7/site-packages/airflow/example_dags/example_sensors.py
[2023-05-08T22:25:10.481+0000] {processor.py:809} INFO - DAG(s) dict_keys(['example_sensors']) retrieved from /home/airflow/.local/lib/python3.7/site-packages/airflow/example_dags/example_sensors.py
[2023-05-08T22:25:10.503+0000] {logging_mixin.py:149} INFO - [2023-05-08T22:25:10.503+0000] {dag.py:2726} INFO - Sync 1 DAGs
[2023-05-08T22:25:10.521+0000] {logging_mixin.py:149} INFO - [2023-05-08T22:25:10.521+0000] {dag.py:3490} INFO - Setting next_dagrun for example_sensors to None, run_after=None
[2023-05-08T22:25:10.534+0000] {processor.py:178} INFO - Processing /home/airflow/.local/lib/python3.7/site-packages/airflow/example_dags/example_sensors.py took 0.064 seconds
[2023-05-08T22:25:58.141+0000] {processor.py:156} INFO - Started process (PID=34) to work on /home/airflow/.local/lib/python3.7/site-packages/airflow/example_dags/example_sensors.py
[2023-05-08T22:25:58.142+0000] {processor.py:799} INFO - Processing file /home/airflow/.local/lib/python3.7/site-packages/airflow/example_dags/example_sensors.py for tasks to queue
[2023-05-08T22:25:58.142+0000] {logging_mixin.py:149} INFO - [2023-05-08T22:25:58.142+0000] {dagbag.py:541} INFO - Filling up the DagBag from /home/airflow/.local/lib/python3.7/site-packages/airflow/example_dags/example_sensors.py
[2023-05-08T22:25:58.150+0000] {processor.py:809} INFO - DAG(s) dict_keys(['example_sensors']) retrieved from /home/airflow/.local/lib/python3.7/site-packages/airflow/example_dags/example_sensors.py
[2023-05-08T22:25:58.168+0000] {logging_mixin.py:149} INFO - [2023-05-08T22:25:58.168+0000] {dag.py:2726} INFO - Sync 1 DAGs
[2023-05-08T22:25:58.200+0000] {logging_mixin.py:149} INFO - [2023-05-08T22:25:58.200+0000] {dag.py:3490} INFO - Setting next_dagrun for example_sensors to None, run_after=None
[2023-05-08T22:25:58.214+0000] {processor.py:178} INFO - Processing /home/airflow/.local/lib/python3.7/site-packages/airflow/example_dags/example_sensors.py took 0.076 seconds
[2023-05-08T22:26:28.493+0000] {processor.py:156} INFO - Started process (PID=91) to work on /home/airflow/.local/lib/python3.7/site-packages/airflow/example_dags/example_sensors.py
[2023-05-08T22:26:28.494+0000] {processor.py:799} INFO - Processing file /home/airflow/.local/lib/python3.7/site-packages/airflow/example_dags/example_sensors.py for tasks to queue
[2023-05-08T22:26:28.495+0000] {logging_mixin.py:149} INFO - [2023-05-08T22:26:28.495+0000] {dagbag.py:541} INFO - Filling up the DagBag from /home/airflow/.local/lib/python3.7/site-packages/airflow/example_dags/example_sensors.py
[2023-05-08T22:26:28.504+0000] {processor.py:809} INFO - DAG(s) dict_keys(['example_sensors']) retrieved from /home/airflow/.local/lib/python3.7/site-packages/airflow/example_dags/example_sensors.py
[2023-05-08T22:26:28.529+0000] {logging_mixin.py:149} INFO - [2023-05-08T22:26:28.529+0000] {dag.py:2726} INFO - Sync 1 DAGs
[2023-05-08T22:26:28.550+0000] {logging_mixin.py:149} INFO - [2023-05-08T22:26:28.550+0000] {dag.py:3490} INFO - Setting next_dagrun for example_sensors to None, run_after=None
[2023-05-08T22:26:28.563+0000] {processor.py:178} INFO - Processing /home/airflow/.local/lib/python3.7/site-packages/airflow/example_dags/example_sensors.py took 0.073 seconds
[2023-05-08T22:26:59.452+0000] {processor.py:156} INFO - Started process (PID=148) to work on /home/airflow/.local/lib/python3.7/site-packages/airflow/example_dags/example_sensors.py
[2023-05-08T22:26:59.453+0000] {processor.py:799} INFO - Processing file /home/airflow/.local/lib/python3.7/site-packages/airflow/example_dags/example_sensors.py for tasks to queue
[2023-05-08T22:26:59.454+0000] {logging_mixin.py:149} INFO - [2023-05-08T22:26:59.454+0000] {dagbag.py:541} INFO - Filling up the DagBag from /home/airflow/.local/lib/python3.7/site-packages/airflow/example_dags/example_sensors.py
[2023-05-08T22:26:59.462+0000] {processor.py:809} INFO - DAG(s) dict_keys(['example_sensors']) retrieved from /home/airflow/.local/lib/python3.7/site-packages/airflow/example_dags/example_sensors.py
[2023-05-08T22:26:59.486+0000] {logging_mixin.py:149} INFO - [2023-05-08T22:26:59.486+0000] {dag.py:2726} INFO - Sync 1 DAGs
[2023-05-08T22:26:59.504+0000] {logging_mixin.py:149} INFO - [2023-05-08T22:26:59.504+0000] {dag.py:3490} INFO - Setting next_dagrun for example_sensors to None, run_after=None
[2023-05-08T22:26:59.517+0000] {processor.py:178} INFO - Processing /home/airflow/.local/lib/python3.7/site-packages/airflow/example_dags/example_sensors.py took 0.070 seconds
[2023-05-08T22:27:30.336+0000] {processor.py:156} INFO - Started process (PID=205) to work on /home/airflow/.local/lib/python3.7/site-packages/airflow/example_dags/example_sensors.py
[2023-05-08T22:27:30.337+0000] {processor.py:799} INFO - Processing file /home/airflow/.local/lib/python3.7/site-packages/airflow/example_dags/example_sensors.py for tasks to queue
[2023-05-08T22:27:30.338+0000] {logging_mixin.py:149} INFO - [2023-05-08T22:27:30.338+0000] {dagbag.py:541} INFO - Filling up the DagBag from /home/airflow/.local/lib/python3.7/site-packages/airflow/example_dags/example_sensors.py
[2023-05-08T22:27:30.345+0000] {processor.py:809} INFO - DAG(s) dict_keys(['example_sensors']) retrieved from /home/airflow/.local/lib/python3.7/site-packages/airflow/example_dags/example_sensors.py
[2023-05-08T22:27:30.369+0000] {logging_mixin.py:149} INFO - [2023-05-08T22:27:30.369+0000] {dag.py:2726} INFO - Sync 1 DAGs
[2023-05-08T22:27:30.389+0000] {logging_mixin.py:149} INFO - [2023-05-08T22:27:30.389+0000] {dag.py:3490} INFO - Setting next_dagrun for example_sensors to None, run_after=None
[2023-05-08T22:27:30.405+0000] {processor.py:178} INFO - Processing /home/airflow/.local/lib/python3.7/site-packages/airflow/example_dags/example_sensors.py took 0.071 seconds
[2023-05-08T22:28:00.891+0000] {processor.py:156} INFO - Started process (PID=262) to work on /home/airflow/.local/lib/python3.7/site-packages/airflow/example_dags/example_sensors.py
[2023-05-08T22:28:00.892+0000] {processor.py:799} INFO - Processing file /home/airflow/.local/lib/python3.7/site-packages/airflow/example_dags/example_sensors.py for tasks to queue
[2023-05-08T22:28:00.893+0000] {logging_mixin.py:149} INFO - [2023-05-08T22:28:00.893+0000] {dagbag.py:541} INFO - Filling up the DagBag from /home/airflow/.local/lib/python3.7/site-packages/airflow/example_dags/example_sensors.py
[2023-05-08T22:28:00.900+0000] {processor.py:809} INFO - DAG(s) dict_keys(['example_sensors']) retrieved from /home/airflow/.local/lib/python3.7/site-packages/airflow/example_dags/example_sensors.py
[2023-05-08T22:28:00.925+0000] {logging_mixin.py:149} INFO - [2023-05-08T22:28:00.924+0000] {dag.py:2726} INFO - Sync 1 DAGs
[2023-05-08T22:28:00.943+0000] {logging_mixin.py:149} INFO - [2023-05-08T22:28:00.943+0000] {dag.py:3490} INFO - Setting next_dagrun for example_sensors to None, run_after=None
[2023-05-08T22:28:00.956+0000] {processor.py:178} INFO - Processing /home/airflow/.local/lib/python3.7/site-packages/airflow/example_dags/example_sensors.py took 0.068 seconds
[2023-05-08T22:28:31.543+0000] {processor.py:156} INFO - Started process (PID=319) to work on /home/airflow/.local/lib/python3.7/site-packages/airflow/example_dags/example_sensors.py
[2023-05-08T22:28:31.544+0000] {processor.py:799} INFO - Processing file /home/airflow/.local/lib/python3.7/site-packages/airflow/example_dags/example_sensors.py for tasks to queue
[2023-05-08T22:28:31.545+0000] {logging_mixin.py:149} INFO - [2023-05-08T22:28:31.545+0000] {dagbag.py:541} INFO - Filling up the DagBag from /home/airflow/.local/lib/python3.7/site-packages/airflow/example_dags/example_sensors.py
[2023-05-08T22:28:31.552+0000] {processor.py:809} INFO - DAG(s) dict_keys(['example_sensors']) retrieved from /home/airflow/.local/lib/python3.7/site-packages/airflow/example_dags/example_sensors.py
[2023-05-08T22:28:31.588+0000] {logging_mixin.py:149} INFO - [2023-05-08T22:28:31.588+0000] {dag.py:2726} INFO - Sync 1 DAGs
[2023-05-08T22:28:31.612+0000] {logging_mixin.py:149} INFO - [2023-05-08T22:28:31.612+0000] {dag.py:3490} INFO - Setting next_dagrun for example_sensors to None, run_after=None
[2023-05-08T22:28:31.627+0000] {processor.py:178} INFO - Processing /home/airflow/.local/lib/python3.7/site-packages/airflow/example_dags/example_sensors.py took 0.086 seconds
[2023-05-08T22:29:02.409+0000] {processor.py:156} INFO - Started process (PID=376) to work on /home/airflow/.local/lib/python3.7/site-packages/airflow/example_dags/example_sensors.py
[2023-05-08T22:29:02.410+0000] {processor.py:799} INFO - Processing file /home/airflow/.local/lib/python3.7/site-packages/airflow/example_dags/example_sensors.py for tasks to queue
[2023-05-08T22:29:02.411+0000] {logging_mixin.py:149} INFO - [2023-05-08T22:29:02.411+0000] {dagbag.py:541} INFO - Filling up the DagBag from /home/airflow/.local/lib/python3.7/site-packages/airflow/example_dags/example_sensors.py
[2023-05-08T22:29:02.418+0000] {processor.py:809} INFO - DAG(s) dict_keys(['example_sensors']) retrieved from /home/airflow/.local/lib/python3.7/site-packages/airflow/example_dags/example_sensors.py
[2023-05-08T22:29:02.441+0000] {logging_mixin.py:149} INFO - [2023-05-08T22:29:02.441+0000] {dag.py:2726} INFO - Sync 1 DAGs
[2023-05-08T22:29:02.462+0000] {logging_mixin.py:149} INFO - [2023-05-08T22:29:02.462+0000] {dag.py:3490} INFO - Setting next_dagrun for example_sensors to None, run_after=None
[2023-05-08T22:29:02.477+0000] {processor.py:178} INFO - Processing /home/airflow/.local/lib/python3.7/site-packages/airflow/example_dags/example_sensors.py took 0.073 seconds
[2023-05-08T22:29:32.879+0000] {processor.py:156} INFO - Started process (PID=433) to work on /home/airflow/.local/lib/python3.7/site-packages/airflow/example_dags/example_sensors.py
[2023-05-08T22:29:32.880+0000] {processor.py:799} INFO - Processing file /home/airflow/.local/lib/python3.7/site-packages/airflow/example_dags/example_sensors.py for tasks to queue
[2023-05-08T22:29:32.881+0000] {logging_mixin.py:149} INFO - [2023-05-08T22:29:32.881+0000] {dagbag.py:541} INFO - Filling up the DagBag from /home/airflow/.local/lib/python3.7/site-packages/airflow/example_dags/example_sensors.py
[2023-05-08T22:29:32.888+0000] {processor.py:809} INFO - DAG(s) dict_keys(['example_sensors']) retrieved from /home/airflow/.local/lib/python3.7/site-packages/airflow/example_dags/example_sensors.py
[2023-05-08T22:29:32.911+0000] {logging_mixin.py:149} INFO - [2023-05-08T22:29:32.911+0000] {dag.py:2726} INFO - Sync 1 DAGs
[2023-05-08T22:29:32.929+0000] {logging_mixin.py:149} INFO - [2023-05-08T22:29:32.929+0000] {dag.py:3490} INFO - Setting next_dagrun for example_sensors to None, run_after=None
[2023-05-08T22:29:32.942+0000] {processor.py:178} INFO - Processing /home/airflow/.local/lib/python3.7/site-packages/airflow/example_dags/example_sensors.py took 0.065 seconds
[2023-05-08T22:30:03.650+0000] {processor.py:156} INFO - Started process (PID=490) to work on /home/airflow/.local/lib/python3.7/site-packages/airflow/example_dags/example_sensors.py
[2023-05-08T22:30:03.651+0000] {processor.py:799} INFO - Processing file /home/airflow/.local/lib/python3.7/site-packages/airflow/example_dags/example_sensors.py for tasks to queue
[2023-05-08T22:30:03.651+0000] {logging_mixin.py:149} INFO - [2023-05-08T22:30:03.651+0000] {dagbag.py:541} INFO - Filling up the DagBag from /home/airflow/.local/lib/python3.7/site-packages/airflow/example_dags/example_sensors.py
[2023-05-08T22:30:03.659+0000] {processor.py:809} INFO - DAG(s) dict_keys(['example_sensors']) retrieved from /home/airflow/.local/lib/python3.7/site-packages/airflow/example_dags/example_sensors.py
[2023-05-08T22:30:03.683+0000] {logging_mixin.py:149} INFO - [2023-05-08T22:30:03.683+0000] {dag.py:2726} INFO - Sync 1 DAGs
[2023-05-08T22:30:03.701+0000] {logging_mixin.py:149} INFO - [2023-05-08T22:30:03.701+0000] {dag.py:3490} INFO - Setting next_dagrun for example_sensors to None, run_after=None
[2023-05-08T22:30:03.714+0000] {processor.py:178} INFO - Processing /home/airflow/.local/lib/python3.7/site-packages/airflow/example_dags/example_sensors.py took 0.067 seconds
[2023-05-08T22:30:34.464+0000] {processor.py:156} INFO - Started process (PID=547) to work on /home/airflow/.local/lib/python3.7/site-packages/airflow/example_dags/example_sensors.py
[2023-05-08T22:30:34.465+0000] {processor.py:799} INFO - Processing file /home/airflow/.local/lib/python3.7/site-packages/airflow/example_dags/example_sensors.py for tasks to queue
[2023-05-08T22:30:34.466+0000] {logging_mixin.py:149} INFO - [2023-05-08T22:30:34.466+0000] {dagbag.py:541} INFO - Filling up the DagBag from /home/airflow/.local/lib/python3.7/site-packages/airflow/example_dags/example_sensors.py
[2023-05-08T22:30:34.474+0000] {processor.py:809} INFO - DAG(s) dict_keys(['example_sensors']) retrieved from /home/airflow/.local/lib/python3.7/site-packages/airflow/example_dags/example_sensors.py
[2023-05-08T22:30:34.510+0000] {logging_mixin.py:149} INFO - [2023-05-08T22:30:34.509+0000] {dag.py:2726} INFO - Sync 1 DAGs
[2023-05-08T22:30:34.529+0000] {logging_mixin.py:149} INFO - [2023-05-08T22:30:34.529+0000] {dag.py:3490} INFO - Setting next_dagrun for example_sensors to None, run_after=None
[2023-05-08T22:30:34.542+0000] {processor.py:178} INFO - Processing /home/airflow/.local/lib/python3.7/site-packages/airflow/example_dags/example_sensors.py took 0.082 seconds
[2023-05-08T22:31:05.279+0000] {processor.py:156} INFO - Started process (PID=604) to work on /home/airflow/.local/lib/python3.7/site-packages/airflow/example_dags/example_sensors.py
[2023-05-08T22:31:05.281+0000] {processor.py:799} INFO - Processing file /home/airflow/.local/lib/python3.7/site-packages/airflow/example_dags/example_sensors.py for tasks to queue
[2023-05-08T22:31:05.282+0000] {logging_mixin.py:149} INFO - [2023-05-08T22:31:05.282+0000] {dagbag.py:541} INFO - Filling up the DagBag from /home/airflow/.local/lib/python3.7/site-packages/airflow/example_dags/example_sensors.py
[2023-05-08T22:31:05.294+0000] {processor.py:809} INFO - DAG(s) dict_keys(['example_sensors']) retrieved from /home/airflow/.local/lib/python3.7/site-packages/airflow/example_dags/example_sensors.py
[2023-05-08T22:31:05.322+0000] {logging_mixin.py:149} INFO - [2023-05-08T22:31:05.322+0000] {dag.py:2726} INFO - Sync 1 DAGs
[2023-05-08T22:31:05.343+0000] {logging_mixin.py:149} INFO - [2023-05-08T22:31:05.343+0000] {dag.py:3490} INFO - Setting next_dagrun for example_sensors to None, run_after=None
[2023-05-08T22:31:05.356+0000] {processor.py:178} INFO - Processing /home/airflow/.local/lib/python3.7/site-packages/airflow/example_dags/example_sensors.py took 0.082 seconds
[2023-05-08T22:31:36.078+0000] {processor.py:156} INFO - Started process (PID=661) to work on /home/airflow/.local/lib/python3.7/site-packages/airflow/example_dags/example_sensors.py
[2023-05-08T22:31:36.079+0000] {processor.py:799} INFO - Processing file /home/airflow/.local/lib/python3.7/site-packages/airflow/example_dags/example_sensors.py for tasks to queue
[2023-05-08T22:31:36.080+0000] {logging_mixin.py:149} INFO - [2023-05-08T22:31:36.080+0000] {dagbag.py:541} INFO - Filling up the DagBag from /home/airflow/.local/lib/python3.7/site-packages/airflow/example_dags/example_sensors.py
[2023-05-08T22:31:36.086+0000] {processor.py:809} INFO - DAG(s) dict_keys(['example_sensors']) retrieved from /home/airflow/.local/lib/python3.7/site-packages/airflow/example_dags/example_sensors.py
[2023-05-08T22:31:36.108+0000] {logging_mixin.py:149} INFO - [2023-05-08T22:31:36.108+0000] {dag.py:2726} INFO - Sync 1 DAGs
[2023-05-08T22:31:36.126+0000] {logging_mixin.py:149} INFO - [2023-05-08T22:31:36.126+0000] {dag.py:3490} INFO - Setting next_dagrun for example_sensors to None, run_after=None
[2023-05-08T22:31:36.139+0000] {processor.py:178} INFO - Processing /home/airflow/.local/lib/python3.7/site-packages/airflow/example_dags/example_sensors.py took 0.063 seconds
[2023-05-08T22:32:06.629+0000] {processor.py:156} INFO - Started process (PID=718) to work on /home/airflow/.local/lib/python3.7/site-packages/airflow/example_dags/example_sensors.py
[2023-05-08T22:32:06.631+0000] {processor.py:799} INFO - Processing file /home/airflow/.local/lib/python3.7/site-packages/airflow/example_dags/example_sensors.py for tasks to queue
[2023-05-08T22:32:06.631+0000] {logging_mixin.py:149} INFO - [2023-05-08T22:32:06.631+0000] {dagbag.py:541} INFO - Filling up the DagBag from /home/airflow/.local/lib/python3.7/site-packages/airflow/example_dags/example_sensors.py
[2023-05-08T22:32:06.638+0000] {processor.py:809} INFO - DAG(s) dict_keys(['example_sensors']) retrieved from /home/airflow/.local/lib/python3.7/site-packages/airflow/example_dags/example_sensors.py
[2023-05-08T22:32:06.661+0000] {logging_mixin.py:149} INFO - [2023-05-08T22:32:06.661+0000] {dag.py:2726} INFO - Sync 1 DAGs
[2023-05-08T22:32:06.679+0000] {logging_mixin.py:149} INFO - [2023-05-08T22:32:06.679+0000] {dag.py:3490} INFO - Setting next_dagrun for example_sensors to None, run_after=None
[2023-05-08T22:32:06.692+0000] {processor.py:178} INFO - Processing /home/airflow/.local/lib/python3.7/site-packages/airflow/example_dags/example_sensors.py took 0.065 seconds
[2023-05-08T22:32:37.462+0000] {processor.py:156} INFO - Started process (PID=775) to work on /home/airflow/.local/lib/python3.7/site-packages/airflow/example_dags/example_sensors.py
[2023-05-08T22:32:37.463+0000] {processor.py:799} INFO - Processing file /home/airflow/.local/lib/python3.7/site-packages/airflow/example_dags/example_sensors.py for tasks to queue
[2023-05-08T22:32:37.464+0000] {logging_mixin.py:149} INFO - [2023-05-08T22:32:37.464+0000] {dagbag.py:541} INFO - Filling up the DagBag from /home/airflow/.local/lib/python3.7/site-packages/airflow/example_dags/example_sensors.py
[2023-05-08T22:32:37.472+0000] {processor.py:809} INFO - DAG(s) dict_keys(['example_sensors']) retrieved from /home/airflow/.local/lib/python3.7/site-packages/airflow/example_dags/example_sensors.py
[2023-05-08T22:32:37.502+0000] {logging_mixin.py:149} INFO - [2023-05-08T22:32:37.502+0000] {dag.py:2726} INFO - Sync 1 DAGs
[2023-05-08T22:32:37.522+0000] {logging_mixin.py:149} INFO - [2023-05-08T22:32:37.522+0000] {dag.py:3490} INFO - Setting next_dagrun for example_sensors to None, run_after=None
[2023-05-08T22:32:37.535+0000] {processor.py:178} INFO - Processing /home/airflow/.local/lib/python3.7/site-packages/airflow/example_dags/example_sensors.py took 0.076 seconds
[2023-05-08T22:33:08.351+0000] {processor.py:156} INFO - Started process (PID=832) to work on /home/airflow/.local/lib/python3.7/site-packages/airflow/example_dags/example_sensors.py
[2023-05-08T22:33:08.352+0000] {processor.py:799} INFO - Processing file /home/airflow/.local/lib/python3.7/site-packages/airflow/example_dags/example_sensors.py for tasks to queue
[2023-05-08T22:33:08.353+0000] {logging_mixin.py:149} INFO - [2023-05-08T22:33:08.353+0000] {dagbag.py:541} INFO - Filling up the DagBag from /home/airflow/.local/lib/python3.7/site-packages/airflow/example_dags/example_sensors.py
[2023-05-08T22:33:08.363+0000] {processor.py:809} INFO - DAG(s) dict_keys(['example_sensors']) retrieved from /home/airflow/.local/lib/python3.7/site-packages/airflow/example_dags/example_sensors.py
[2023-05-08T22:33:08.391+0000] {logging_mixin.py:149} INFO - [2023-05-08T22:33:08.391+0000] {dag.py:2726} INFO - Sync 1 DAGs
[2023-05-08T22:33:08.409+0000] {logging_mixin.py:149} INFO - [2023-05-08T22:33:08.409+0000] {dag.py:3490} INFO - Setting next_dagrun for example_sensors to None, run_after=None
[2023-05-08T22:33:08.423+0000] {processor.py:178} INFO - Processing /home/airflow/.local/lib/python3.7/site-packages/airflow/example_dags/example_sensors.py took 0.076 seconds
[2023-05-08T22:33:38.563+0000] {processor.py:156} INFO - Started process (PID=889) to work on /home/airflow/.local/lib/python3.7/site-packages/airflow/example_dags/example_sensors.py
[2023-05-08T22:33:38.564+0000] {processor.py:799} INFO - Processing file /home/airflow/.local/lib/python3.7/site-packages/airflow/example_dags/example_sensors.py for tasks to queue
[2023-05-08T22:33:38.566+0000] {logging_mixin.py:149} INFO - [2023-05-08T22:33:38.565+0000] {dagbag.py:541} INFO - Filling up the DagBag from /home/airflow/.local/lib/python3.7/site-packages/airflow/example_dags/example_sensors.py
[2023-05-08T22:33:38.580+0000] {processor.py:809} INFO - DAG(s) dict_keys(['example_sensors']) retrieved from /home/airflow/.local/lib/python3.7/site-packages/airflow/example_dags/example_sensors.py
[2023-05-08T22:33:38.632+0000] {logging_mixin.py:149} INFO - [2023-05-08T22:33:38.632+0000] {dag.py:2726} INFO - Sync 1 DAGs
[2023-05-08T22:33:38.659+0000] {logging_mixin.py:149} INFO - [2023-05-08T22:33:38.659+0000] {dag.py:3490} INFO - Setting next_dagrun for example_sensors to None, run_after=None
[2023-05-08T22:33:38.677+0000] {processor.py:178} INFO - Processing /home/airflow/.local/lib/python3.7/site-packages/airflow/example_dags/example_sensors.py took 0.119 seconds
[2023-05-08T22:34:08.837+0000] {processor.py:156} INFO - Started process (PID=946) to work on /home/airflow/.local/lib/python3.7/site-packages/airflow/example_dags/example_sensors.py
[2023-05-08T22:34:08.845+0000] {processor.py:799} INFO - Processing file /home/airflow/.local/lib/python3.7/site-packages/airflow/example_dags/example_sensors.py for tasks to queue
[2023-05-08T22:34:08.847+0000] {logging_mixin.py:149} INFO - [2023-05-08T22:34:08.847+0000] {dagbag.py:541} INFO - Filling up the DagBag from /home/airflow/.local/lib/python3.7/site-packages/airflow/example_dags/example_sensors.py
[2023-05-08T22:34:08.867+0000] {processor.py:809} INFO - DAG(s) dict_keys(['example_sensors']) retrieved from /home/airflow/.local/lib/python3.7/site-packages/airflow/example_dags/example_sensors.py
[2023-05-08T22:34:08.924+0000] {logging_mixin.py:149} INFO - [2023-05-08T22:34:08.923+0000] {dag.py:2726} INFO - Sync 1 DAGs
[2023-05-08T22:34:08.954+0000] {logging_mixin.py:149} INFO - [2023-05-08T22:34:08.954+0000] {dag.py:3490} INFO - Setting next_dagrun for example_sensors to None, run_after=None
[2023-05-08T22:34:09.005+0000] {processor.py:178} INFO - Processing /home/airflow/.local/lib/python3.7/site-packages/airflow/example_dags/example_sensors.py took 0.174 seconds
[2023-05-08T22:34:39.273+0000] {processor.py:156} INFO - Started process (PID=1004) to work on /home/airflow/.local/lib/python3.7/site-packages/airflow/example_dags/example_sensors.py
[2023-05-08T22:34:39.275+0000] {processor.py:799} INFO - Processing file /home/airflow/.local/lib/python3.7/site-packages/airflow/example_dags/example_sensors.py for tasks to queue
[2023-05-08T22:34:39.276+0000] {logging_mixin.py:149} INFO - [2023-05-08T22:34:39.276+0000] {dagbag.py:541} INFO - Filling up the DagBag from /home/airflow/.local/lib/python3.7/site-packages/airflow/example_dags/example_sensors.py
[2023-05-08T22:34:39.289+0000] {processor.py:809} INFO - DAG(s) dict_keys(['example_sensors']) retrieved from /home/airflow/.local/lib/python3.7/site-packages/airflow/example_dags/example_sensors.py
[2023-05-08T22:34:39.332+0000] {logging_mixin.py:149} INFO - [2023-05-08T22:34:39.332+0000] {dag.py:2726} INFO - Sync 1 DAGs
[2023-05-08T22:34:39.372+0000] {logging_mixin.py:149} INFO - [2023-05-08T22:34:39.372+0000] {dag.py:3490} INFO - Setting next_dagrun for example_sensors to None, run_after=None
[2023-05-08T22:34:39.396+0000] {processor.py:178} INFO - Processing /home/airflow/.local/lib/python3.7/site-packages/airflow/example_dags/example_sensors.py took 0.128 seconds
[2023-05-08T22:35:09.455+0000] {processor.py:156} INFO - Started process (PID=1060) to work on /home/airflow/.local/lib/python3.7/site-packages/airflow/example_dags/example_sensors.py
[2023-05-08T22:35:09.457+0000] {processor.py:799} INFO - Processing file /home/airflow/.local/lib/python3.7/site-packages/airflow/example_dags/example_sensors.py for tasks to queue
[2023-05-08T22:35:09.458+0000] {logging_mixin.py:149} INFO - [2023-05-08T22:35:09.458+0000] {dagbag.py:541} INFO - Filling up the DagBag from /home/airflow/.local/lib/python3.7/site-packages/airflow/example_dags/example_sensors.py
[2023-05-08T22:35:09.472+0000] {processor.py:809} INFO - DAG(s) dict_keys(['example_sensors']) retrieved from /home/airflow/.local/lib/python3.7/site-packages/airflow/example_dags/example_sensors.py
[2023-05-08T22:35:09.523+0000] {logging_mixin.py:149} INFO - [2023-05-08T22:35:09.522+0000] {dag.py:2726} INFO - Sync 1 DAGs
[2023-05-08T22:35:09.554+0000] {logging_mixin.py:149} INFO - [2023-05-08T22:35:09.554+0000] {dag.py:3490} INFO - Setting next_dagrun for example_sensors to None, run_after=None
[2023-05-08T22:35:09.571+0000] {processor.py:178} INFO - Processing /home/airflow/.local/lib/python3.7/site-packages/airflow/example_dags/example_sensors.py took 0.122 seconds
