[2023-05-08T20:36:11.410+0000] {processor.py:156} INFO - Started process (PID=47) to work on /home/airflow/.local/lib/python3.7/site-packages/airflow/example_dags/tutorial_dag.py
[2023-05-08T20:36:11.421+0000] {processor.py:799} INFO - Processing file /home/airflow/.local/lib/python3.7/site-packages/airflow/example_dags/tutorial_dag.py for tasks to queue
[2023-05-08T20:36:11.423+0000] {logging_mixin.py:149} INFO - [2023-05-08T20:36:11.423+0000] {dagbag.py:541} INFO - Filling up the DagBag from /home/airflow/.local/lib/python3.7/site-packages/airflow/example_dags/tutorial_dag.py
[2023-05-08T20:36:11.437+0000] {processor.py:809} INFO - DAG(s) dict_keys(['tutorial_dag']) retrieved from /home/airflow/.local/lib/python3.7/site-packages/airflow/example_dags/tutorial_dag.py
[2023-05-08T20:36:11.462+0000] {logging_mixin.py:149} INFO - [2023-05-08T20:36:11.462+0000] {dag.py:2726} INFO - Sync 1 DAGs
[2023-05-08T20:36:11.527+0000] {logging_mixin.py:149} INFO - [2023-05-08T20:36:11.527+0000] {dag.py:3490} INFO - Setting next_dagrun for tutorial_dag to None, run_after=None
[2023-05-08T20:36:11.546+0000] {processor.py:178} INFO - Processing /home/airflow/.local/lib/python3.7/site-packages/airflow/example_dags/tutorial_dag.py took 0.143 seconds
[2023-05-08T20:36:41.944+0000] {processor.py:156} INFO - Started process (PID=102) to work on /home/airflow/.local/lib/python3.7/site-packages/airflow/example_dags/tutorial_dag.py
[2023-05-08T20:36:41.945+0000] {processor.py:799} INFO - Processing file /home/airflow/.local/lib/python3.7/site-packages/airflow/example_dags/tutorial_dag.py for tasks to queue
[2023-05-08T20:36:41.946+0000] {logging_mixin.py:149} INFO - [2023-05-08T20:36:41.946+0000] {dagbag.py:541} INFO - Filling up the DagBag from /home/airflow/.local/lib/python3.7/site-packages/airflow/example_dags/tutorial_dag.py
[2023-05-08T20:36:41.951+0000] {processor.py:809} INFO - DAG(s) dict_keys(['tutorial_dag']) retrieved from /home/airflow/.local/lib/python3.7/site-packages/airflow/example_dags/tutorial_dag.py
[2023-05-08T20:36:41.972+0000] {logging_mixin.py:149} INFO - [2023-05-08T20:36:41.972+0000] {dag.py:2726} INFO - Sync 1 DAGs
[2023-05-08T20:36:41.992+0000] {logging_mixin.py:149} INFO - [2023-05-08T20:36:41.992+0000] {dag.py:3490} INFO - Setting next_dagrun for tutorial_dag to None, run_after=None
[2023-05-08T20:36:42.008+0000] {processor.py:178} INFO - Processing /home/airflow/.local/lib/python3.7/site-packages/airflow/example_dags/tutorial_dag.py took 0.066 seconds
[2023-05-08T20:37:12.204+0000] {processor.py:156} INFO - Started process (PID=158) to work on /home/airflow/.local/lib/python3.7/site-packages/airflow/example_dags/tutorial_dag.py
[2023-05-08T20:37:12.205+0000] {processor.py:799} INFO - Processing file /home/airflow/.local/lib/python3.7/site-packages/airflow/example_dags/tutorial_dag.py for tasks to queue
[2023-05-08T20:37:12.206+0000] {logging_mixin.py:149} INFO - [2023-05-08T20:37:12.206+0000] {dagbag.py:541} INFO - Filling up the DagBag from /home/airflow/.local/lib/python3.7/site-packages/airflow/example_dags/tutorial_dag.py
[2023-05-08T20:37:12.210+0000] {processor.py:809} INFO - DAG(s) dict_keys(['tutorial_dag']) retrieved from /home/airflow/.local/lib/python3.7/site-packages/airflow/example_dags/tutorial_dag.py
[2023-05-08T20:37:12.235+0000] {logging_mixin.py:149} INFO - [2023-05-08T20:37:12.234+0000] {dag.py:2726} INFO - Sync 1 DAGs
[2023-05-08T20:37:12.257+0000] {logging_mixin.py:149} INFO - [2023-05-08T20:37:12.257+0000] {dag.py:3490} INFO - Setting next_dagrun for tutorial_dag to None, run_after=None
[2023-05-08T20:37:12.273+0000] {processor.py:178} INFO - Processing /home/airflow/.local/lib/python3.7/site-packages/airflow/example_dags/tutorial_dag.py took 0.071 seconds
[2023-05-08T20:37:43.050+0000] {processor.py:156} INFO - Started process (PID=214) to work on /home/airflow/.local/lib/python3.7/site-packages/airflow/example_dags/tutorial_dag.py
[2023-05-08T20:37:43.051+0000] {processor.py:799} INFO - Processing file /home/airflow/.local/lib/python3.7/site-packages/airflow/example_dags/tutorial_dag.py for tasks to queue
[2023-05-08T20:37:43.052+0000] {logging_mixin.py:149} INFO - [2023-05-08T20:37:43.052+0000] {dagbag.py:541} INFO - Filling up the DagBag from /home/airflow/.local/lib/python3.7/site-packages/airflow/example_dags/tutorial_dag.py
[2023-05-08T20:37:43.056+0000] {processor.py:809} INFO - DAG(s) dict_keys(['tutorial_dag']) retrieved from /home/airflow/.local/lib/python3.7/site-packages/airflow/example_dags/tutorial_dag.py
[2023-05-08T20:37:43.078+0000] {logging_mixin.py:149} INFO - [2023-05-08T20:37:43.078+0000] {dag.py:2726} INFO - Sync 1 DAGs
[2023-05-08T20:37:43.097+0000] {logging_mixin.py:149} INFO - [2023-05-08T20:37:43.097+0000] {dag.py:3490} INFO - Setting next_dagrun for tutorial_dag to None, run_after=None
[2023-05-08T20:37:43.111+0000] {processor.py:178} INFO - Processing /home/airflow/.local/lib/python3.7/site-packages/airflow/example_dags/tutorial_dag.py took 0.064 seconds
[2023-05-08T20:38:13.819+0000] {processor.py:156} INFO - Started process (PID=271) to work on /home/airflow/.local/lib/python3.7/site-packages/airflow/example_dags/tutorial_dag.py
[2023-05-08T20:38:13.820+0000] {processor.py:799} INFO - Processing file /home/airflow/.local/lib/python3.7/site-packages/airflow/example_dags/tutorial_dag.py for tasks to queue
[2023-05-08T20:38:13.821+0000] {logging_mixin.py:149} INFO - [2023-05-08T20:38:13.821+0000] {dagbag.py:541} INFO - Filling up the DagBag from /home/airflow/.local/lib/python3.7/site-packages/airflow/example_dags/tutorial_dag.py
[2023-05-08T20:38:13.825+0000] {processor.py:809} INFO - DAG(s) dict_keys(['tutorial_dag']) retrieved from /home/airflow/.local/lib/python3.7/site-packages/airflow/example_dags/tutorial_dag.py
[2023-05-08T20:38:13.850+0000] {logging_mixin.py:149} INFO - [2023-05-08T20:38:13.850+0000] {dag.py:2726} INFO - Sync 1 DAGs
[2023-05-08T20:38:13.870+0000] {logging_mixin.py:149} INFO - [2023-05-08T20:38:13.869+0000] {dag.py:3490} INFO - Setting next_dagrun for tutorial_dag to None, run_after=None
[2023-05-08T20:38:13.887+0000] {processor.py:178} INFO - Processing /home/airflow/.local/lib/python3.7/site-packages/airflow/example_dags/tutorial_dag.py took 0.071 seconds
[2023-05-08T20:38:44.503+0000] {processor.py:156} INFO - Started process (PID=327) to work on /home/airflow/.local/lib/python3.7/site-packages/airflow/example_dags/tutorial_dag.py
[2023-05-08T20:38:44.504+0000] {processor.py:799} INFO - Processing file /home/airflow/.local/lib/python3.7/site-packages/airflow/example_dags/tutorial_dag.py for tasks to queue
[2023-05-08T20:38:44.504+0000] {logging_mixin.py:149} INFO - [2023-05-08T20:38:44.504+0000] {dagbag.py:541} INFO - Filling up the DagBag from /home/airflow/.local/lib/python3.7/site-packages/airflow/example_dags/tutorial_dag.py
[2023-05-08T20:38:44.508+0000] {processor.py:809} INFO - DAG(s) dict_keys(['tutorial_dag']) retrieved from /home/airflow/.local/lib/python3.7/site-packages/airflow/example_dags/tutorial_dag.py
[2023-05-08T20:38:44.533+0000] {logging_mixin.py:149} INFO - [2023-05-08T20:38:44.533+0000] {dag.py:2726} INFO - Sync 1 DAGs
[2023-05-08T20:38:44.554+0000] {logging_mixin.py:149} INFO - [2023-05-08T20:38:44.554+0000] {dag.py:3490} INFO - Setting next_dagrun for tutorial_dag to None, run_after=None
[2023-05-08T20:38:44.570+0000] {processor.py:178} INFO - Processing /home/airflow/.local/lib/python3.7/site-packages/airflow/example_dags/tutorial_dag.py took 0.070 seconds
[2023-05-08T20:39:15.090+0000] {processor.py:156} INFO - Started process (PID=383) to work on /home/airflow/.local/lib/python3.7/site-packages/airflow/example_dags/tutorial_dag.py
[2023-05-08T20:39:15.091+0000] {processor.py:799} INFO - Processing file /home/airflow/.local/lib/python3.7/site-packages/airflow/example_dags/tutorial_dag.py for tasks to queue
[2023-05-08T20:39:15.092+0000] {logging_mixin.py:149} INFO - [2023-05-08T20:39:15.092+0000] {dagbag.py:541} INFO - Filling up the DagBag from /home/airflow/.local/lib/python3.7/site-packages/airflow/example_dags/tutorial_dag.py
[2023-05-08T20:39:15.095+0000] {processor.py:809} INFO - DAG(s) dict_keys(['tutorial_dag']) retrieved from /home/airflow/.local/lib/python3.7/site-packages/airflow/example_dags/tutorial_dag.py
[2023-05-08T20:39:15.118+0000] {logging_mixin.py:149} INFO - [2023-05-08T20:39:15.118+0000] {dag.py:2726} INFO - Sync 1 DAGs
[2023-05-08T20:39:15.138+0000] {logging_mixin.py:149} INFO - [2023-05-08T20:39:15.138+0000] {dag.py:3490} INFO - Setting next_dagrun for tutorial_dag to None, run_after=None
[2023-05-08T20:39:15.151+0000] {processor.py:178} INFO - Processing /home/airflow/.local/lib/python3.7/site-packages/airflow/example_dags/tutorial_dag.py took 0.063 seconds
[2023-05-08T20:39:45.788+0000] {processor.py:156} INFO - Started process (PID=438) to work on /home/airflow/.local/lib/python3.7/site-packages/airflow/example_dags/tutorial_dag.py
[2023-05-08T20:39:45.790+0000] {processor.py:799} INFO - Processing file /home/airflow/.local/lib/python3.7/site-packages/airflow/example_dags/tutorial_dag.py for tasks to queue
[2023-05-08T20:39:45.793+0000] {logging_mixin.py:149} INFO - [2023-05-08T20:39:45.793+0000] {dagbag.py:541} INFO - Filling up the DagBag from /home/airflow/.local/lib/python3.7/site-packages/airflow/example_dags/tutorial_dag.py
[2023-05-08T20:39:45.803+0000] {processor.py:809} INFO - DAG(s) dict_keys(['tutorial_dag']) retrieved from /home/airflow/.local/lib/python3.7/site-packages/airflow/example_dags/tutorial_dag.py
[2023-05-08T20:39:45.866+0000] {logging_mixin.py:149} INFO - [2023-05-08T20:39:45.866+0000] {dag.py:2726} INFO - Sync 1 DAGs
[2023-05-08T20:39:45.906+0000] {logging_mixin.py:149} INFO - [2023-05-08T20:39:45.905+0000] {dag.py:3490} INFO - Setting next_dagrun for tutorial_dag to None, run_after=None
[2023-05-08T20:39:45.942+0000] {processor.py:178} INFO - Processing /home/airflow/.local/lib/python3.7/site-packages/airflow/example_dags/tutorial_dag.py took 0.167 seconds
[2023-05-08T22:15:46.594+0000] {processor.py:156} INFO - Started process (PID=47) to work on /home/airflow/.local/lib/python3.7/site-packages/airflow/example_dags/tutorial_dag.py
[2023-05-08T22:15:46.608+0000] {processor.py:799} INFO - Processing file /home/airflow/.local/lib/python3.7/site-packages/airflow/example_dags/tutorial_dag.py for tasks to queue
[2023-05-08T22:15:46.609+0000] {logging_mixin.py:149} INFO - [2023-05-08T22:15:46.609+0000] {dagbag.py:541} INFO - Filling up the DagBag from /home/airflow/.local/lib/python3.7/site-packages/airflow/example_dags/tutorial_dag.py
[2023-05-08T22:15:46.620+0000] {processor.py:809} INFO - DAG(s) dict_keys(['tutorial_dag']) retrieved from /home/airflow/.local/lib/python3.7/site-packages/airflow/example_dags/tutorial_dag.py
[2023-05-08T22:15:46.665+0000] {logging_mixin.py:149} INFO - [2023-05-08T22:15:46.664+0000] {dag.py:2726} INFO - Sync 1 DAGs
[2023-05-08T22:15:46.710+0000] {logging_mixin.py:149} INFO - [2023-05-08T22:15:46.710+0000] {dag.py:3490} INFO - Setting next_dagrun for tutorial_dag to None, run_after=None
[2023-05-08T22:15:46.732+0000] {processor.py:178} INFO - Processing /home/airflow/.local/lib/python3.7/site-packages/airflow/example_dags/tutorial_dag.py took 0.142 seconds
[2023-05-08T22:16:17.099+0000] {processor.py:156} INFO - Started process (PID=103) to work on /home/airflow/.local/lib/python3.7/site-packages/airflow/example_dags/tutorial_dag.py
[2023-05-08T22:16:17.100+0000] {processor.py:799} INFO - Processing file /home/airflow/.local/lib/python3.7/site-packages/airflow/example_dags/tutorial_dag.py for tasks to queue
[2023-05-08T22:16:17.101+0000] {logging_mixin.py:149} INFO - [2023-05-08T22:16:17.101+0000] {dagbag.py:541} INFO - Filling up the DagBag from /home/airflow/.local/lib/python3.7/site-packages/airflow/example_dags/tutorial_dag.py
[2023-05-08T22:16:17.106+0000] {processor.py:809} INFO - DAG(s) dict_keys(['tutorial_dag']) retrieved from /home/airflow/.local/lib/python3.7/site-packages/airflow/example_dags/tutorial_dag.py
[2023-05-08T22:16:17.128+0000] {logging_mixin.py:149} INFO - [2023-05-08T22:16:17.128+0000] {dag.py:2726} INFO - Sync 1 DAGs
[2023-05-08T22:16:17.148+0000] {logging_mixin.py:149} INFO - [2023-05-08T22:16:17.148+0000] {dag.py:3490} INFO - Setting next_dagrun for tutorial_dag to None, run_after=None
[2023-05-08T22:16:17.161+0000] {processor.py:178} INFO - Processing /home/airflow/.local/lib/python3.7/site-packages/airflow/example_dags/tutorial_dag.py took 0.064 seconds
[2023-05-08T22:16:47.309+0000] {processor.py:156} INFO - Started process (PID=160) to work on /home/airflow/.local/lib/python3.7/site-packages/airflow/example_dags/tutorial_dag.py
[2023-05-08T22:16:47.310+0000] {processor.py:799} INFO - Processing file /home/airflow/.local/lib/python3.7/site-packages/airflow/example_dags/tutorial_dag.py for tasks to queue
[2023-05-08T22:16:47.311+0000] {logging_mixin.py:149} INFO - [2023-05-08T22:16:47.311+0000] {dagbag.py:541} INFO - Filling up the DagBag from /home/airflow/.local/lib/python3.7/site-packages/airflow/example_dags/tutorial_dag.py
[2023-05-08T22:16:47.314+0000] {processor.py:809} INFO - DAG(s) dict_keys(['tutorial_dag']) retrieved from /home/airflow/.local/lib/python3.7/site-packages/airflow/example_dags/tutorial_dag.py
[2023-05-08T22:16:47.337+0000] {logging_mixin.py:149} INFO - [2023-05-08T22:16:47.337+0000] {dag.py:2726} INFO - Sync 1 DAGs
[2023-05-08T22:16:47.356+0000] {logging_mixin.py:149} INFO - [2023-05-08T22:16:47.356+0000] {dag.py:3490} INFO - Setting next_dagrun for tutorial_dag to None, run_after=None
[2023-05-08T22:16:47.370+0000] {processor.py:178} INFO - Processing /home/airflow/.local/lib/python3.7/site-packages/airflow/example_dags/tutorial_dag.py took 0.063 seconds
[2023-05-08T22:17:18.191+0000] {processor.py:156} INFO - Started process (PID=217) to work on /home/airflow/.local/lib/python3.7/site-packages/airflow/example_dags/tutorial_dag.py
[2023-05-08T22:17:18.192+0000] {processor.py:799} INFO - Processing file /home/airflow/.local/lib/python3.7/site-packages/airflow/example_dags/tutorial_dag.py for tasks to queue
[2023-05-08T22:17:18.193+0000] {logging_mixin.py:149} INFO - [2023-05-08T22:17:18.193+0000] {dagbag.py:541} INFO - Filling up the DagBag from /home/airflow/.local/lib/python3.7/site-packages/airflow/example_dags/tutorial_dag.py
[2023-05-08T22:17:18.197+0000] {processor.py:809} INFO - DAG(s) dict_keys(['tutorial_dag']) retrieved from /home/airflow/.local/lib/python3.7/site-packages/airflow/example_dags/tutorial_dag.py
[2023-05-08T22:17:18.220+0000] {logging_mixin.py:149} INFO - [2023-05-08T22:17:18.220+0000] {dag.py:2726} INFO - Sync 1 DAGs
[2023-05-08T22:17:18.242+0000] {logging_mixin.py:149} INFO - [2023-05-08T22:17:18.242+0000] {dag.py:3490} INFO - Setting next_dagrun for tutorial_dag to None, run_after=None
[2023-05-08T22:17:18.254+0000] {processor.py:178} INFO - Processing /home/airflow/.local/lib/python3.7/site-packages/airflow/example_dags/tutorial_dag.py took 0.066 seconds
[2023-05-08T22:17:49.153+0000] {processor.py:156} INFO - Started process (PID=274) to work on /home/airflow/.local/lib/python3.7/site-packages/airflow/example_dags/tutorial_dag.py
[2023-05-08T22:17:49.154+0000] {processor.py:799} INFO - Processing file /home/airflow/.local/lib/python3.7/site-packages/airflow/example_dags/tutorial_dag.py for tasks to queue
[2023-05-08T22:17:49.155+0000] {logging_mixin.py:149} INFO - [2023-05-08T22:17:49.155+0000] {dagbag.py:541} INFO - Filling up the DagBag from /home/airflow/.local/lib/python3.7/site-packages/airflow/example_dags/tutorial_dag.py
[2023-05-08T22:17:49.158+0000] {processor.py:809} INFO - DAG(s) dict_keys(['tutorial_dag']) retrieved from /home/airflow/.local/lib/python3.7/site-packages/airflow/example_dags/tutorial_dag.py
[2023-05-08T22:17:49.181+0000] {logging_mixin.py:149} INFO - [2023-05-08T22:17:49.181+0000] {dag.py:2726} INFO - Sync 1 DAGs
[2023-05-08T22:17:49.205+0000] {logging_mixin.py:149} INFO - [2023-05-08T22:17:49.204+0000] {dag.py:3490} INFO - Setting next_dagrun for tutorial_dag to None, run_after=None
[2023-05-08T22:17:49.220+0000] {processor.py:178} INFO - Processing /home/airflow/.local/lib/python3.7/site-packages/airflow/example_dags/tutorial_dag.py took 0.069 seconds
[2023-05-08T22:18:19.988+0000] {processor.py:156} INFO - Started process (PID=331) to work on /home/airflow/.local/lib/python3.7/site-packages/airflow/example_dags/tutorial_dag.py
[2023-05-08T22:18:19.990+0000] {processor.py:799} INFO - Processing file /home/airflow/.local/lib/python3.7/site-packages/airflow/example_dags/tutorial_dag.py for tasks to queue
[2023-05-08T22:18:19.990+0000] {logging_mixin.py:149} INFO - [2023-05-08T22:18:19.990+0000] {dagbag.py:541} INFO - Filling up the DagBag from /home/airflow/.local/lib/python3.7/site-packages/airflow/example_dags/tutorial_dag.py
[2023-05-08T22:18:19.994+0000] {processor.py:809} INFO - DAG(s) dict_keys(['tutorial_dag']) retrieved from /home/airflow/.local/lib/python3.7/site-packages/airflow/example_dags/tutorial_dag.py
[2023-05-08T22:18:20.028+0000] {logging_mixin.py:149} INFO - [2023-05-08T22:18:20.028+0000] {dag.py:2726} INFO - Sync 1 DAGs
[2023-05-08T22:18:20.058+0000] {logging_mixin.py:149} INFO - [2023-05-08T22:18:20.058+0000] {dag.py:3490} INFO - Setting next_dagrun for tutorial_dag to None, run_after=None
[2023-05-08T22:18:20.080+0000] {processor.py:178} INFO - Processing /home/airflow/.local/lib/python3.7/site-packages/airflow/example_dags/tutorial_dag.py took 0.094 seconds
[2023-05-08T22:18:50.972+0000] {processor.py:156} INFO - Started process (PID=388) to work on /home/airflow/.local/lib/python3.7/site-packages/airflow/example_dags/tutorial_dag.py
[2023-05-08T22:18:50.973+0000] {processor.py:799} INFO - Processing file /home/airflow/.local/lib/python3.7/site-packages/airflow/example_dags/tutorial_dag.py for tasks to queue
[2023-05-08T22:18:50.973+0000] {logging_mixin.py:149} INFO - [2023-05-08T22:18:50.973+0000] {dagbag.py:541} INFO - Filling up the DagBag from /home/airflow/.local/lib/python3.7/site-packages/airflow/example_dags/tutorial_dag.py
[2023-05-08T22:18:50.977+0000] {processor.py:809} INFO - DAG(s) dict_keys(['tutorial_dag']) retrieved from /home/airflow/.local/lib/python3.7/site-packages/airflow/example_dags/tutorial_dag.py
[2023-05-08T22:18:50.999+0000] {logging_mixin.py:149} INFO - [2023-05-08T22:18:50.999+0000] {dag.py:2726} INFO - Sync 1 DAGs
[2023-05-08T22:18:51.022+0000] {logging_mixin.py:149} INFO - [2023-05-08T22:18:51.022+0000] {dag.py:3490} INFO - Setting next_dagrun for tutorial_dag to None, run_after=None
[2023-05-08T22:18:51.037+0000] {processor.py:178} INFO - Processing /home/airflow/.local/lib/python3.7/site-packages/airflow/example_dags/tutorial_dag.py took 0.068 seconds
[2023-05-08T22:19:21.893+0000] {processor.py:156} INFO - Started process (PID=445) to work on /home/airflow/.local/lib/python3.7/site-packages/airflow/example_dags/tutorial_dag.py
[2023-05-08T22:19:21.894+0000] {processor.py:799} INFO - Processing file /home/airflow/.local/lib/python3.7/site-packages/airflow/example_dags/tutorial_dag.py for tasks to queue
[2023-05-08T22:19:21.895+0000] {logging_mixin.py:149} INFO - [2023-05-08T22:19:21.895+0000] {dagbag.py:541} INFO - Filling up the DagBag from /home/airflow/.local/lib/python3.7/site-packages/airflow/example_dags/tutorial_dag.py
[2023-05-08T22:19:21.899+0000] {processor.py:809} INFO - DAG(s) dict_keys(['tutorial_dag']) retrieved from /home/airflow/.local/lib/python3.7/site-packages/airflow/example_dags/tutorial_dag.py
[2023-05-08T22:19:21.923+0000] {logging_mixin.py:149} INFO - [2023-05-08T22:19:21.923+0000] {dag.py:2726} INFO - Sync 1 DAGs
[2023-05-08T22:19:21.943+0000] {logging_mixin.py:149} INFO - [2023-05-08T22:19:21.942+0000] {dag.py:3490} INFO - Setting next_dagrun for tutorial_dag to None, run_after=None
[2023-05-08T22:19:21.955+0000] {processor.py:178} INFO - Processing /home/airflow/.local/lib/python3.7/site-packages/airflow/example_dags/tutorial_dag.py took 0.064 seconds
[2023-05-08T22:19:52.570+0000] {processor.py:156} INFO - Started process (PID=502) to work on /home/airflow/.local/lib/python3.7/site-packages/airflow/example_dags/tutorial_dag.py
[2023-05-08T22:19:52.572+0000] {processor.py:799} INFO - Processing file /home/airflow/.local/lib/python3.7/site-packages/airflow/example_dags/tutorial_dag.py for tasks to queue
[2023-05-08T22:19:52.572+0000] {logging_mixin.py:149} INFO - [2023-05-08T22:19:52.572+0000] {dagbag.py:541} INFO - Filling up the DagBag from /home/airflow/.local/lib/python3.7/site-packages/airflow/example_dags/tutorial_dag.py
[2023-05-08T22:19:52.576+0000] {processor.py:809} INFO - DAG(s) dict_keys(['tutorial_dag']) retrieved from /home/airflow/.local/lib/python3.7/site-packages/airflow/example_dags/tutorial_dag.py
[2023-05-08T22:19:52.599+0000] {logging_mixin.py:149} INFO - [2023-05-08T22:19:52.599+0000] {dag.py:2726} INFO - Sync 1 DAGs
[2023-05-08T22:19:52.620+0000] {logging_mixin.py:149} INFO - [2023-05-08T22:19:52.620+0000] {dag.py:3490} INFO - Setting next_dagrun for tutorial_dag to None, run_after=None
[2023-05-08T22:19:52.634+0000] {processor.py:178} INFO - Processing /home/airflow/.local/lib/python3.7/site-packages/airflow/example_dags/tutorial_dag.py took 0.067 seconds
[2023-05-08T22:20:23.314+0000] {processor.py:156} INFO - Started process (PID=560) to work on /home/airflow/.local/lib/python3.7/site-packages/airflow/example_dags/tutorial_dag.py
[2023-05-08T22:20:23.317+0000] {processor.py:799} INFO - Processing file /home/airflow/.local/lib/python3.7/site-packages/airflow/example_dags/tutorial_dag.py for tasks to queue
[2023-05-08T22:20:23.317+0000] {logging_mixin.py:149} INFO - [2023-05-08T22:20:23.317+0000] {dagbag.py:541} INFO - Filling up the DagBag from /home/airflow/.local/lib/python3.7/site-packages/airflow/example_dags/tutorial_dag.py
[2023-05-08T22:20:23.321+0000] {processor.py:809} INFO - DAG(s) dict_keys(['tutorial_dag']) retrieved from /home/airflow/.local/lib/python3.7/site-packages/airflow/example_dags/tutorial_dag.py
[2023-05-08T22:20:23.348+0000] {logging_mixin.py:149} INFO - [2023-05-08T22:20:23.348+0000] {dag.py:2726} INFO - Sync 1 DAGs
[2023-05-08T22:20:23.370+0000] {logging_mixin.py:149} INFO - [2023-05-08T22:20:23.370+0000] {dag.py:3490} INFO - Setting next_dagrun for tutorial_dag to None, run_after=None
[2023-05-08T22:20:23.384+0000] {processor.py:178} INFO - Processing /home/airflow/.local/lib/python3.7/site-packages/airflow/example_dags/tutorial_dag.py took 0.072 seconds
[2023-05-08T22:20:54.199+0000] {processor.py:156} INFO - Started process (PID=617) to work on /home/airflow/.local/lib/python3.7/site-packages/airflow/example_dags/tutorial_dag.py
[2023-05-08T22:20:54.200+0000] {processor.py:799} INFO - Processing file /home/airflow/.local/lib/python3.7/site-packages/airflow/example_dags/tutorial_dag.py for tasks to queue
[2023-05-08T22:20:54.200+0000] {logging_mixin.py:149} INFO - [2023-05-08T22:20:54.200+0000] {dagbag.py:541} INFO - Filling up the DagBag from /home/airflow/.local/lib/python3.7/site-packages/airflow/example_dags/tutorial_dag.py
[2023-05-08T22:20:54.205+0000] {processor.py:809} INFO - DAG(s) dict_keys(['tutorial_dag']) retrieved from /home/airflow/.local/lib/python3.7/site-packages/airflow/example_dags/tutorial_dag.py
[2023-05-08T22:20:54.227+0000] {logging_mixin.py:149} INFO - [2023-05-08T22:20:54.227+0000] {dag.py:2726} INFO - Sync 1 DAGs
[2023-05-08T22:20:54.247+0000] {logging_mixin.py:149} INFO - [2023-05-08T22:20:54.247+0000] {dag.py:3490} INFO - Setting next_dagrun for tutorial_dag to None, run_after=None
[2023-05-08T22:20:54.260+0000] {processor.py:178} INFO - Processing /home/airflow/.local/lib/python3.7/site-packages/airflow/example_dags/tutorial_dag.py took 0.064 seconds
[2023-05-08T22:21:25.060+0000] {processor.py:156} INFO - Started process (PID=674) to work on /home/airflow/.local/lib/python3.7/site-packages/airflow/example_dags/tutorial_dag.py
[2023-05-08T22:21:25.061+0000] {processor.py:799} INFO - Processing file /home/airflow/.local/lib/python3.7/site-packages/airflow/example_dags/tutorial_dag.py for tasks to queue
[2023-05-08T22:21:25.061+0000] {logging_mixin.py:149} INFO - [2023-05-08T22:21:25.061+0000] {dagbag.py:541} INFO - Filling up the DagBag from /home/airflow/.local/lib/python3.7/site-packages/airflow/example_dags/tutorial_dag.py
[2023-05-08T22:21:25.065+0000] {processor.py:809} INFO - DAG(s) dict_keys(['tutorial_dag']) retrieved from /home/airflow/.local/lib/python3.7/site-packages/airflow/example_dags/tutorial_dag.py
[2023-05-08T22:21:25.087+0000] {logging_mixin.py:149} INFO - [2023-05-08T22:21:25.087+0000] {dag.py:2726} INFO - Sync 1 DAGs
[2023-05-08T22:21:25.107+0000] {logging_mixin.py:149} INFO - [2023-05-08T22:21:25.107+0000] {dag.py:3490} INFO - Setting next_dagrun for tutorial_dag to None, run_after=None
[2023-05-08T22:21:25.120+0000] {processor.py:178} INFO - Processing /home/airflow/.local/lib/python3.7/site-packages/airflow/example_dags/tutorial_dag.py took 0.063 seconds
[2023-05-08T22:22:07.860+0000] {processor.py:156} INFO - Started process (PID=48) to work on /home/airflow/.local/lib/python3.7/site-packages/airflow/example_dags/tutorial_dag.py
[2023-05-08T22:22:07.862+0000] {processor.py:799} INFO - Processing file /home/airflow/.local/lib/python3.7/site-packages/airflow/example_dags/tutorial_dag.py for tasks to queue
[2023-05-08T22:22:07.863+0000] {logging_mixin.py:149} INFO - [2023-05-08T22:22:07.862+0000] {dagbag.py:541} INFO - Filling up the DagBag from /home/airflow/.local/lib/python3.7/site-packages/airflow/example_dags/tutorial_dag.py
[2023-05-08T22:22:07.871+0000] {processor.py:809} INFO - DAG(s) dict_keys(['tutorial_dag']) retrieved from /home/airflow/.local/lib/python3.7/site-packages/airflow/example_dags/tutorial_dag.py
[2023-05-08T22:22:07.894+0000] {logging_mixin.py:149} INFO - [2023-05-08T22:22:07.894+0000] {dag.py:2726} INFO - Sync 1 DAGs
[2023-05-08T22:22:07.930+0000] {logging_mixin.py:149} INFO - [2023-05-08T22:22:07.929+0000] {dag.py:3490} INFO - Setting next_dagrun for tutorial_dag to None, run_after=None
[2023-05-08T22:22:07.961+0000] {processor.py:178} INFO - Processing /home/airflow/.local/lib/python3.7/site-packages/airflow/example_dags/tutorial_dag.py took 0.104 seconds
[2023-05-08T22:22:38.860+0000] {processor.py:156} INFO - Started process (PID=105) to work on /home/airflow/.local/lib/python3.7/site-packages/airflow/example_dags/tutorial_dag.py
[2023-05-08T22:22:38.861+0000] {processor.py:799} INFO - Processing file /home/airflow/.local/lib/python3.7/site-packages/airflow/example_dags/tutorial_dag.py for tasks to queue
[2023-05-08T22:22:38.861+0000] {logging_mixin.py:149} INFO - [2023-05-08T22:22:38.861+0000] {dagbag.py:541} INFO - Filling up the DagBag from /home/airflow/.local/lib/python3.7/site-packages/airflow/example_dags/tutorial_dag.py
[2023-05-08T22:22:38.865+0000] {processor.py:809} INFO - DAG(s) dict_keys(['tutorial_dag']) retrieved from /home/airflow/.local/lib/python3.7/site-packages/airflow/example_dags/tutorial_dag.py
[2023-05-08T22:22:38.900+0000] {logging_mixin.py:149} INFO - [2023-05-08T22:22:38.900+0000] {dag.py:2726} INFO - Sync 1 DAGs
[2023-05-08T22:22:38.934+0000] {logging_mixin.py:149} INFO - [2023-05-08T22:22:38.934+0000] {dag.py:3490} INFO - Setting next_dagrun for tutorial_dag to None, run_after=None
[2023-05-08T22:22:38.953+0000] {processor.py:178} INFO - Processing /home/airflow/.local/lib/python3.7/site-packages/airflow/example_dags/tutorial_dag.py took 0.096 seconds
[2023-05-08T22:23:09.075+0000] {processor.py:156} INFO - Started process (PID=161) to work on /home/airflow/.local/lib/python3.7/site-packages/airflow/example_dags/tutorial_dag.py
[2023-05-08T22:23:09.076+0000] {processor.py:799} INFO - Processing file /home/airflow/.local/lib/python3.7/site-packages/airflow/example_dags/tutorial_dag.py for tasks to queue
[2023-05-08T22:23:09.076+0000] {logging_mixin.py:149} INFO - [2023-05-08T22:23:09.076+0000] {dagbag.py:541} INFO - Filling up the DagBag from /home/airflow/.local/lib/python3.7/site-packages/airflow/example_dags/tutorial_dag.py
[2023-05-08T22:23:09.080+0000] {processor.py:809} INFO - DAG(s) dict_keys(['tutorial_dag']) retrieved from /home/airflow/.local/lib/python3.7/site-packages/airflow/example_dags/tutorial_dag.py
[2023-05-08T22:23:09.104+0000] {logging_mixin.py:149} INFO - [2023-05-08T22:23:09.104+0000] {dag.py:2726} INFO - Sync 1 DAGs
[2023-05-08T22:23:09.124+0000] {logging_mixin.py:149} INFO - [2023-05-08T22:23:09.124+0000] {dag.py:3490} INFO - Setting next_dagrun for tutorial_dag to None, run_after=None
[2023-05-08T22:23:09.138+0000] {processor.py:178} INFO - Processing /home/airflow/.local/lib/python3.7/site-packages/airflow/example_dags/tutorial_dag.py took 0.066 seconds
[2023-05-08T22:23:39.976+0000] {processor.py:156} INFO - Started process (PID=219) to work on /home/airflow/.local/lib/python3.7/site-packages/airflow/example_dags/tutorial_dag.py
[2023-05-08T22:23:39.977+0000] {processor.py:799} INFO - Processing file /home/airflow/.local/lib/python3.7/site-packages/airflow/example_dags/tutorial_dag.py for tasks to queue
[2023-05-08T22:23:39.978+0000] {logging_mixin.py:149} INFO - [2023-05-08T22:23:39.978+0000] {dagbag.py:541} INFO - Filling up the DagBag from /home/airflow/.local/lib/python3.7/site-packages/airflow/example_dags/tutorial_dag.py
[2023-05-08T22:23:39.982+0000] {processor.py:809} INFO - DAG(s) dict_keys(['tutorial_dag']) retrieved from /home/airflow/.local/lib/python3.7/site-packages/airflow/example_dags/tutorial_dag.py
[2023-05-08T22:23:40.005+0000] {logging_mixin.py:149} INFO - [2023-05-08T22:23:40.005+0000] {dag.py:2726} INFO - Sync 1 DAGs
[2023-05-08T22:23:40.028+0000] {logging_mixin.py:149} INFO - [2023-05-08T22:23:40.028+0000] {dag.py:3490} INFO - Setting next_dagrun for tutorial_dag to None, run_after=None
[2023-05-08T22:23:40.043+0000] {processor.py:178} INFO - Processing /home/airflow/.local/lib/python3.7/site-packages/airflow/example_dags/tutorial_dag.py took 0.070 seconds
[2023-05-08T22:24:10.791+0000] {processor.py:156} INFO - Started process (PID=276) to work on /home/airflow/.local/lib/python3.7/site-packages/airflow/example_dags/tutorial_dag.py
[2023-05-08T22:24:10.792+0000] {processor.py:799} INFO - Processing file /home/airflow/.local/lib/python3.7/site-packages/airflow/example_dags/tutorial_dag.py for tasks to queue
[2023-05-08T22:24:10.793+0000] {logging_mixin.py:149} INFO - [2023-05-08T22:24:10.793+0000] {dagbag.py:541} INFO - Filling up the DagBag from /home/airflow/.local/lib/python3.7/site-packages/airflow/example_dags/tutorial_dag.py
[2023-05-08T22:24:10.797+0000] {processor.py:809} INFO - DAG(s) dict_keys(['tutorial_dag']) retrieved from /home/airflow/.local/lib/python3.7/site-packages/airflow/example_dags/tutorial_dag.py
[2023-05-08T22:24:10.820+0000] {logging_mixin.py:149} INFO - [2023-05-08T22:24:10.820+0000] {dag.py:2726} INFO - Sync 1 DAGs
[2023-05-08T22:24:10.841+0000] {logging_mixin.py:149} INFO - [2023-05-08T22:24:10.841+0000] {dag.py:3490} INFO - Setting next_dagrun for tutorial_dag to None, run_after=None
[2023-05-08T22:24:10.855+0000] {processor.py:178} INFO - Processing /home/airflow/.local/lib/python3.7/site-packages/airflow/example_dags/tutorial_dag.py took 0.068 seconds
[2023-05-08T22:24:41.593+0000] {processor.py:156} INFO - Started process (PID=333) to work on /home/airflow/.local/lib/python3.7/site-packages/airflow/example_dags/tutorial_dag.py
[2023-05-08T22:24:41.594+0000] {processor.py:799} INFO - Processing file /home/airflow/.local/lib/python3.7/site-packages/airflow/example_dags/tutorial_dag.py for tasks to queue
[2023-05-08T22:24:41.595+0000] {logging_mixin.py:149} INFO - [2023-05-08T22:24:41.595+0000] {dagbag.py:541} INFO - Filling up the DagBag from /home/airflow/.local/lib/python3.7/site-packages/airflow/example_dags/tutorial_dag.py
[2023-05-08T22:24:41.599+0000] {processor.py:809} INFO - DAG(s) dict_keys(['tutorial_dag']) retrieved from /home/airflow/.local/lib/python3.7/site-packages/airflow/example_dags/tutorial_dag.py
[2023-05-08T22:24:41.626+0000] {logging_mixin.py:149} INFO - [2023-05-08T22:24:41.626+0000] {dag.py:2726} INFO - Sync 1 DAGs
[2023-05-08T22:24:41.647+0000] {logging_mixin.py:149} INFO - [2023-05-08T22:24:41.647+0000] {dag.py:3490} INFO - Setting next_dagrun for tutorial_dag to None, run_after=None
[2023-05-08T22:24:41.661+0000] {processor.py:178} INFO - Processing /home/airflow/.local/lib/python3.7/site-packages/airflow/example_dags/tutorial_dag.py took 0.070 seconds
[2023-05-08T22:25:12.265+0000] {processor.py:156} INFO - Started process (PID=390) to work on /home/airflow/.local/lib/python3.7/site-packages/airflow/example_dags/tutorial_dag.py
[2023-05-08T22:25:12.266+0000] {processor.py:799} INFO - Processing file /home/airflow/.local/lib/python3.7/site-packages/airflow/example_dags/tutorial_dag.py for tasks to queue
[2023-05-08T22:25:12.267+0000] {logging_mixin.py:149} INFO - [2023-05-08T22:25:12.266+0000] {dagbag.py:541} INFO - Filling up the DagBag from /home/airflow/.local/lib/python3.7/site-packages/airflow/example_dags/tutorial_dag.py
[2023-05-08T22:25:12.270+0000] {processor.py:809} INFO - DAG(s) dict_keys(['tutorial_dag']) retrieved from /home/airflow/.local/lib/python3.7/site-packages/airflow/example_dags/tutorial_dag.py
[2023-05-08T22:25:12.293+0000] {logging_mixin.py:149} INFO - [2023-05-08T22:25:12.293+0000] {dag.py:2726} INFO - Sync 1 DAGs
[2023-05-08T22:25:12.313+0000] {logging_mixin.py:149} INFO - [2023-05-08T22:25:12.313+0000] {dag.py:3490} INFO - Setting next_dagrun for tutorial_dag to None, run_after=None
[2023-05-08T22:25:12.326+0000] {processor.py:178} INFO - Processing /home/airflow/.local/lib/python3.7/site-packages/airflow/example_dags/tutorial_dag.py took 0.064 seconds
[2023-05-08T22:25:59.089+0000] {processor.py:156} INFO - Started process (PID=48) to work on /home/airflow/.local/lib/python3.7/site-packages/airflow/example_dags/tutorial_dag.py
[2023-05-08T22:25:59.092+0000] {processor.py:799} INFO - Processing file /home/airflow/.local/lib/python3.7/site-packages/airflow/example_dags/tutorial_dag.py for tasks to queue
[2023-05-08T22:25:59.094+0000] {logging_mixin.py:149} INFO - [2023-05-08T22:25:59.094+0000] {dagbag.py:541} INFO - Filling up the DagBag from /home/airflow/.local/lib/python3.7/site-packages/airflow/example_dags/tutorial_dag.py
[2023-05-08T22:25:59.135+0000] {processor.py:809} INFO - DAG(s) dict_keys(['tutorial_dag']) retrieved from /home/airflow/.local/lib/python3.7/site-packages/airflow/example_dags/tutorial_dag.py
[2023-05-08T22:25:59.173+0000] {logging_mixin.py:149} INFO - [2023-05-08T22:25:59.173+0000] {dag.py:2726} INFO - Sync 1 DAGs
[2023-05-08T22:25:59.219+0000] {logging_mixin.py:149} INFO - [2023-05-08T22:25:59.218+0000] {dag.py:3490} INFO - Setting next_dagrun for tutorial_dag to None, run_after=None
[2023-05-08T22:25:59.238+0000] {processor.py:178} INFO - Processing /home/airflow/.local/lib/python3.7/site-packages/airflow/example_dags/tutorial_dag.py took 0.154 seconds
[2023-05-08T22:26:29.270+0000] {processor.py:156} INFO - Started process (PID=104) to work on /home/airflow/.local/lib/python3.7/site-packages/airflow/example_dags/tutorial_dag.py
[2023-05-08T22:26:29.272+0000] {processor.py:799} INFO - Processing file /home/airflow/.local/lib/python3.7/site-packages/airflow/example_dags/tutorial_dag.py for tasks to queue
[2023-05-08T22:26:29.272+0000] {logging_mixin.py:149} INFO - [2023-05-08T22:26:29.272+0000] {dagbag.py:541} INFO - Filling up the DagBag from /home/airflow/.local/lib/python3.7/site-packages/airflow/example_dags/tutorial_dag.py
[2023-05-08T22:26:29.276+0000] {processor.py:809} INFO - DAG(s) dict_keys(['tutorial_dag']) retrieved from /home/airflow/.local/lib/python3.7/site-packages/airflow/example_dags/tutorial_dag.py
[2023-05-08T22:26:29.300+0000] {logging_mixin.py:149} INFO - [2023-05-08T22:26:29.300+0000] {dag.py:2726} INFO - Sync 1 DAGs
[2023-05-08T22:26:29.319+0000] {logging_mixin.py:149} INFO - [2023-05-08T22:26:29.318+0000] {dag.py:3490} INFO - Setting next_dagrun for tutorial_dag to None, run_after=None
[2023-05-08T22:26:29.331+0000] {processor.py:178} INFO - Processing /home/airflow/.local/lib/python3.7/site-packages/airflow/example_dags/tutorial_dag.py took 0.063 seconds
[2023-05-08T22:27:00.175+0000] {processor.py:156} INFO - Started process (PID=161) to work on /home/airflow/.local/lib/python3.7/site-packages/airflow/example_dags/tutorial_dag.py
[2023-05-08T22:27:00.176+0000] {processor.py:799} INFO - Processing file /home/airflow/.local/lib/python3.7/site-packages/airflow/example_dags/tutorial_dag.py for tasks to queue
[2023-05-08T22:27:00.176+0000] {logging_mixin.py:149} INFO - [2023-05-08T22:27:00.176+0000] {dagbag.py:541} INFO - Filling up the DagBag from /home/airflow/.local/lib/python3.7/site-packages/airflow/example_dags/tutorial_dag.py
[2023-05-08T22:27:00.179+0000] {processor.py:809} INFO - DAG(s) dict_keys(['tutorial_dag']) retrieved from /home/airflow/.local/lib/python3.7/site-packages/airflow/example_dags/tutorial_dag.py
[2023-05-08T22:27:00.201+0000] {logging_mixin.py:149} INFO - [2023-05-08T22:27:00.201+0000] {dag.py:2726} INFO - Sync 1 DAGs
[2023-05-08T22:27:00.220+0000] {logging_mixin.py:149} INFO - [2023-05-08T22:27:00.220+0000] {dag.py:3490} INFO - Setting next_dagrun for tutorial_dag to None, run_after=None
[2023-05-08T22:27:00.233+0000] {processor.py:178} INFO - Processing /home/airflow/.local/lib/python3.7/site-packages/airflow/example_dags/tutorial_dag.py took 0.060 seconds
[2023-05-08T22:27:30.999+0000] {processor.py:156} INFO - Started process (PID=218) to work on /home/airflow/.local/lib/python3.7/site-packages/airflow/example_dags/tutorial_dag.py
[2023-05-08T22:27:31.000+0000] {processor.py:799} INFO - Processing file /home/airflow/.local/lib/python3.7/site-packages/airflow/example_dags/tutorial_dag.py for tasks to queue
[2023-05-08T22:27:31.000+0000] {logging_mixin.py:149} INFO - [2023-05-08T22:27:31.000+0000] {dagbag.py:541} INFO - Filling up the DagBag from /home/airflow/.local/lib/python3.7/site-packages/airflow/example_dags/tutorial_dag.py
[2023-05-08T22:27:31.004+0000] {processor.py:809} INFO - DAG(s) dict_keys(['tutorial_dag']) retrieved from /home/airflow/.local/lib/python3.7/site-packages/airflow/example_dags/tutorial_dag.py
[2023-05-08T22:27:31.027+0000] {logging_mixin.py:149} INFO - [2023-05-08T22:27:31.027+0000] {dag.py:2726} INFO - Sync 1 DAGs
[2023-05-08T22:27:31.045+0000] {logging_mixin.py:149} INFO - [2023-05-08T22:27:31.045+0000] {dag.py:3490} INFO - Setting next_dagrun for tutorial_dag to None, run_after=None
[2023-05-08T22:27:31.059+0000] {processor.py:178} INFO - Processing /home/airflow/.local/lib/python3.7/site-packages/airflow/example_dags/tutorial_dag.py took 0.062 seconds
[2023-05-08T22:28:01.546+0000] {processor.py:156} INFO - Started process (PID=275) to work on /home/airflow/.local/lib/python3.7/site-packages/airflow/example_dags/tutorial_dag.py
[2023-05-08T22:28:01.547+0000] {processor.py:799} INFO - Processing file /home/airflow/.local/lib/python3.7/site-packages/airflow/example_dags/tutorial_dag.py for tasks to queue
[2023-05-08T22:28:01.548+0000] {logging_mixin.py:149} INFO - [2023-05-08T22:28:01.548+0000] {dagbag.py:541} INFO - Filling up the DagBag from /home/airflow/.local/lib/python3.7/site-packages/airflow/example_dags/tutorial_dag.py
[2023-05-08T22:28:01.552+0000] {processor.py:809} INFO - DAG(s) dict_keys(['tutorial_dag']) retrieved from /home/airflow/.local/lib/python3.7/site-packages/airflow/example_dags/tutorial_dag.py
[2023-05-08T22:28:01.573+0000] {logging_mixin.py:149} INFO - [2023-05-08T22:28:01.573+0000] {dag.py:2726} INFO - Sync 1 DAGs
[2023-05-08T22:28:01.592+0000] {logging_mixin.py:149} INFO - [2023-05-08T22:28:01.592+0000] {dag.py:3490} INFO - Setting next_dagrun for tutorial_dag to None, run_after=None
[2023-05-08T22:28:01.605+0000] {processor.py:178} INFO - Processing /home/airflow/.local/lib/python3.7/site-packages/airflow/example_dags/tutorial_dag.py took 0.061 seconds
[2023-05-08T22:28:32.190+0000] {processor.py:156} INFO - Started process (PID=332) to work on /home/airflow/.local/lib/python3.7/site-packages/airflow/example_dags/tutorial_dag.py
[2023-05-08T22:28:32.191+0000] {processor.py:799} INFO - Processing file /home/airflow/.local/lib/python3.7/site-packages/airflow/example_dags/tutorial_dag.py for tasks to queue
[2023-05-08T22:28:32.192+0000] {logging_mixin.py:149} INFO - [2023-05-08T22:28:32.192+0000] {dagbag.py:541} INFO - Filling up the DagBag from /home/airflow/.local/lib/python3.7/site-packages/airflow/example_dags/tutorial_dag.py
[2023-05-08T22:28:32.195+0000] {processor.py:809} INFO - DAG(s) dict_keys(['tutorial_dag']) retrieved from /home/airflow/.local/lib/python3.7/site-packages/airflow/example_dags/tutorial_dag.py
[2023-05-08T22:28:32.217+0000] {logging_mixin.py:149} INFO - [2023-05-08T22:28:32.217+0000] {dag.py:2726} INFO - Sync 1 DAGs
[2023-05-08T22:28:32.245+0000] {logging_mixin.py:149} INFO - [2023-05-08T22:28:32.245+0000] {dag.py:3490} INFO - Setting next_dagrun for tutorial_dag to None, run_after=None
[2023-05-08T22:28:32.258+0000] {processor.py:178} INFO - Processing /home/airflow/.local/lib/python3.7/site-packages/airflow/example_dags/tutorial_dag.py took 0.070 seconds
[2023-05-08T22:29:03.026+0000] {processor.py:156} INFO - Started process (PID=389) to work on /home/airflow/.local/lib/python3.7/site-packages/airflow/example_dags/tutorial_dag.py
[2023-05-08T22:29:03.027+0000] {processor.py:799} INFO - Processing file /home/airflow/.local/lib/python3.7/site-packages/airflow/example_dags/tutorial_dag.py for tasks to queue
[2023-05-08T22:29:03.028+0000] {logging_mixin.py:149} INFO - [2023-05-08T22:29:03.028+0000] {dagbag.py:541} INFO - Filling up the DagBag from /home/airflow/.local/lib/python3.7/site-packages/airflow/example_dags/tutorial_dag.py
[2023-05-08T22:29:03.031+0000] {processor.py:809} INFO - DAG(s) dict_keys(['tutorial_dag']) retrieved from /home/airflow/.local/lib/python3.7/site-packages/airflow/example_dags/tutorial_dag.py
[2023-05-08T22:29:03.054+0000] {logging_mixin.py:149} INFO - [2023-05-08T22:29:03.054+0000] {dag.py:2726} INFO - Sync 1 DAGs
[2023-05-08T22:29:03.073+0000] {logging_mixin.py:149} INFO - [2023-05-08T22:29:03.073+0000] {dag.py:3490} INFO - Setting next_dagrun for tutorial_dag to None, run_after=None
[2023-05-08T22:29:03.087+0000] {processor.py:178} INFO - Processing /home/airflow/.local/lib/python3.7/site-packages/airflow/example_dags/tutorial_dag.py took 0.063 seconds
[2023-05-08T22:29:33.668+0000] {processor.py:156} INFO - Started process (PID=446) to work on /home/airflow/.local/lib/python3.7/site-packages/airflow/example_dags/tutorial_dag.py
[2023-05-08T22:29:33.669+0000] {processor.py:799} INFO - Processing file /home/airflow/.local/lib/python3.7/site-packages/airflow/example_dags/tutorial_dag.py for tasks to queue
[2023-05-08T22:29:33.669+0000] {logging_mixin.py:149} INFO - [2023-05-08T22:29:33.669+0000] {dagbag.py:541} INFO - Filling up the DagBag from /home/airflow/.local/lib/python3.7/site-packages/airflow/example_dags/tutorial_dag.py
[2023-05-08T22:29:33.673+0000] {processor.py:809} INFO - DAG(s) dict_keys(['tutorial_dag']) retrieved from /home/airflow/.local/lib/python3.7/site-packages/airflow/example_dags/tutorial_dag.py
[2023-05-08T22:29:33.695+0000] {logging_mixin.py:149} INFO - [2023-05-08T22:29:33.695+0000] {dag.py:2726} INFO - Sync 1 DAGs
[2023-05-08T22:29:33.714+0000] {logging_mixin.py:149} INFO - [2023-05-08T22:29:33.714+0000] {dag.py:3490} INFO - Setting next_dagrun for tutorial_dag to None, run_after=None
[2023-05-08T22:29:33.727+0000] {processor.py:178} INFO - Processing /home/airflow/.local/lib/python3.7/site-packages/airflow/example_dags/tutorial_dag.py took 0.061 seconds
[2023-05-08T22:30:04.377+0000] {processor.py:156} INFO - Started process (PID=503) to work on /home/airflow/.local/lib/python3.7/site-packages/airflow/example_dags/tutorial_dag.py
[2023-05-08T22:30:04.378+0000] {processor.py:799} INFO - Processing file /home/airflow/.local/lib/python3.7/site-packages/airflow/example_dags/tutorial_dag.py for tasks to queue
[2023-05-08T22:30:04.379+0000] {logging_mixin.py:149} INFO - [2023-05-08T22:30:04.379+0000] {dagbag.py:541} INFO - Filling up the DagBag from /home/airflow/.local/lib/python3.7/site-packages/airflow/example_dags/tutorial_dag.py
[2023-05-08T22:30:04.382+0000] {processor.py:809} INFO - DAG(s) dict_keys(['tutorial_dag']) retrieved from /home/airflow/.local/lib/python3.7/site-packages/airflow/example_dags/tutorial_dag.py
[2023-05-08T22:30:04.405+0000] {logging_mixin.py:149} INFO - [2023-05-08T22:30:04.404+0000] {dag.py:2726} INFO - Sync 1 DAGs
[2023-05-08T22:30:04.424+0000] {logging_mixin.py:149} INFO - [2023-05-08T22:30:04.424+0000] {dag.py:3490} INFO - Setting next_dagrun for tutorial_dag to None, run_after=None
[2023-05-08T22:30:04.437+0000] {processor.py:178} INFO - Processing /home/airflow/.local/lib/python3.7/site-packages/airflow/example_dags/tutorial_dag.py took 0.063 seconds
[2023-05-08T22:30:35.139+0000] {processor.py:156} INFO - Started process (PID=560) to work on /home/airflow/.local/lib/python3.7/site-packages/airflow/example_dags/tutorial_dag.py
[2023-05-08T22:30:35.140+0000] {processor.py:799} INFO - Processing file /home/airflow/.local/lib/python3.7/site-packages/airflow/example_dags/tutorial_dag.py for tasks to queue
[2023-05-08T22:30:35.141+0000] {logging_mixin.py:149} INFO - [2023-05-08T22:30:35.140+0000] {dagbag.py:541} INFO - Filling up the DagBag from /home/airflow/.local/lib/python3.7/site-packages/airflow/example_dags/tutorial_dag.py
[2023-05-08T22:30:35.144+0000] {processor.py:809} INFO - DAG(s) dict_keys(['tutorial_dag']) retrieved from /home/airflow/.local/lib/python3.7/site-packages/airflow/example_dags/tutorial_dag.py
[2023-05-08T22:30:35.166+0000] {logging_mixin.py:149} INFO - [2023-05-08T22:30:35.166+0000] {dag.py:2726} INFO - Sync 1 DAGs
[2023-05-08T22:30:35.185+0000] {logging_mixin.py:149} INFO - [2023-05-08T22:30:35.185+0000] {dag.py:3490} INFO - Setting next_dagrun for tutorial_dag to None, run_after=None
[2023-05-08T22:30:35.199+0000] {processor.py:178} INFO - Processing /home/airflow/.local/lib/python3.7/site-packages/airflow/example_dags/tutorial_dag.py took 0.063 seconds
[2023-05-08T22:31:06.127+0000] {processor.py:156} INFO - Started process (PID=617) to work on /home/airflow/.local/lib/python3.7/site-packages/airflow/example_dags/tutorial_dag.py
[2023-05-08T22:31:06.128+0000] {processor.py:799} INFO - Processing file /home/airflow/.local/lib/python3.7/site-packages/airflow/example_dags/tutorial_dag.py for tasks to queue
[2023-05-08T22:31:06.128+0000] {logging_mixin.py:149} INFO - [2023-05-08T22:31:06.128+0000] {dagbag.py:541} INFO - Filling up the DagBag from /home/airflow/.local/lib/python3.7/site-packages/airflow/example_dags/tutorial_dag.py
[2023-05-08T22:31:06.132+0000] {processor.py:809} INFO - DAG(s) dict_keys(['tutorial_dag']) retrieved from /home/airflow/.local/lib/python3.7/site-packages/airflow/example_dags/tutorial_dag.py
[2023-05-08T22:31:06.163+0000] {logging_mixin.py:149} INFO - [2023-05-08T22:31:06.163+0000] {dag.py:2726} INFO - Sync 1 DAGs
[2023-05-08T22:31:06.193+0000] {logging_mixin.py:149} INFO - [2023-05-08T22:31:06.193+0000] {dag.py:3490} INFO - Setting next_dagrun for tutorial_dag to None, run_after=None
[2023-05-08T22:31:06.207+0000] {processor.py:178} INFO - Processing /home/airflow/.local/lib/python3.7/site-packages/airflow/example_dags/tutorial_dag.py took 0.083 seconds
[2023-05-08T22:31:36.731+0000] {processor.py:156} INFO - Started process (PID=674) to work on /home/airflow/.local/lib/python3.7/site-packages/airflow/example_dags/tutorial_dag.py
[2023-05-08T22:31:36.732+0000] {processor.py:799} INFO - Processing file /home/airflow/.local/lib/python3.7/site-packages/airflow/example_dags/tutorial_dag.py for tasks to queue
[2023-05-08T22:31:36.733+0000] {logging_mixin.py:149} INFO - [2023-05-08T22:31:36.733+0000] {dagbag.py:541} INFO - Filling up the DagBag from /home/airflow/.local/lib/python3.7/site-packages/airflow/example_dags/tutorial_dag.py
[2023-05-08T22:31:36.737+0000] {processor.py:809} INFO - DAG(s) dict_keys(['tutorial_dag']) retrieved from /home/airflow/.local/lib/python3.7/site-packages/airflow/example_dags/tutorial_dag.py
[2023-05-08T22:31:36.768+0000] {logging_mixin.py:149} INFO - [2023-05-08T22:31:36.767+0000] {dag.py:2726} INFO - Sync 1 DAGs
[2023-05-08T22:31:36.792+0000] {logging_mixin.py:149} INFO - [2023-05-08T22:31:36.792+0000] {dag.py:3490} INFO - Setting next_dagrun for tutorial_dag to None, run_after=None
[2023-05-08T22:31:36.808+0000] {processor.py:178} INFO - Processing /home/airflow/.local/lib/python3.7/site-packages/airflow/example_dags/tutorial_dag.py took 0.080 seconds
[2023-05-08T22:32:07.359+0000] {processor.py:156} INFO - Started process (PID=731) to work on /home/airflow/.local/lib/python3.7/site-packages/airflow/example_dags/tutorial_dag.py
[2023-05-08T22:32:07.360+0000] {processor.py:799} INFO - Processing file /home/airflow/.local/lib/python3.7/site-packages/airflow/example_dags/tutorial_dag.py for tasks to queue
[2023-05-08T22:32:07.360+0000] {logging_mixin.py:149} INFO - [2023-05-08T22:32:07.360+0000] {dagbag.py:541} INFO - Filling up the DagBag from /home/airflow/.local/lib/python3.7/site-packages/airflow/example_dags/tutorial_dag.py
[2023-05-08T22:32:07.364+0000] {processor.py:809} INFO - DAG(s) dict_keys(['tutorial_dag']) retrieved from /home/airflow/.local/lib/python3.7/site-packages/airflow/example_dags/tutorial_dag.py
[2023-05-08T22:32:07.387+0000] {logging_mixin.py:149} INFO - [2023-05-08T22:32:07.386+0000] {dag.py:2726} INFO - Sync 1 DAGs
[2023-05-08T22:32:07.407+0000] {logging_mixin.py:149} INFO - [2023-05-08T22:32:07.407+0000] {dag.py:3490} INFO - Setting next_dagrun for tutorial_dag to None, run_after=None
[2023-05-08T22:32:07.420+0000] {processor.py:178} INFO - Processing /home/airflow/.local/lib/python3.7/site-packages/airflow/example_dags/tutorial_dag.py took 0.064 seconds
[2023-05-08T22:32:38.207+0000] {processor.py:156} INFO - Started process (PID=788) to work on /home/airflow/.local/lib/python3.7/site-packages/airflow/example_dags/tutorial_dag.py
[2023-05-08T22:32:38.208+0000] {processor.py:799} INFO - Processing file /home/airflow/.local/lib/python3.7/site-packages/airflow/example_dags/tutorial_dag.py for tasks to queue
[2023-05-08T22:32:38.208+0000] {logging_mixin.py:149} INFO - [2023-05-08T22:32:38.208+0000] {dagbag.py:541} INFO - Filling up the DagBag from /home/airflow/.local/lib/python3.7/site-packages/airflow/example_dags/tutorial_dag.py
[2023-05-08T22:32:38.212+0000] {processor.py:809} INFO - DAG(s) dict_keys(['tutorial_dag']) retrieved from /home/airflow/.local/lib/python3.7/site-packages/airflow/example_dags/tutorial_dag.py
[2023-05-08T22:32:38.234+0000] {logging_mixin.py:149} INFO - [2023-05-08T22:32:38.234+0000] {dag.py:2726} INFO - Sync 1 DAGs
[2023-05-08T22:32:38.254+0000] {logging_mixin.py:149} INFO - [2023-05-08T22:32:38.254+0000] {dag.py:3490} INFO - Setting next_dagrun for tutorial_dag to None, run_after=None
[2023-05-08T22:32:38.266+0000] {processor.py:178} INFO - Processing /home/airflow/.local/lib/python3.7/site-packages/airflow/example_dags/tutorial_dag.py took 0.061 seconds
[2023-05-08T22:33:08.983+0000] {processor.py:156} INFO - Started process (PID=845) to work on /home/airflow/.local/lib/python3.7/site-packages/airflow/example_dags/tutorial_dag.py
[2023-05-08T22:33:08.984+0000] {processor.py:799} INFO - Processing file /home/airflow/.local/lib/python3.7/site-packages/airflow/example_dags/tutorial_dag.py for tasks to queue
[2023-05-08T22:33:08.984+0000] {logging_mixin.py:149} INFO - [2023-05-08T22:33:08.984+0000] {dagbag.py:541} INFO - Filling up the DagBag from /home/airflow/.local/lib/python3.7/site-packages/airflow/example_dags/tutorial_dag.py
[2023-05-08T22:33:08.987+0000] {processor.py:809} INFO - DAG(s) dict_keys(['tutorial_dag']) retrieved from /home/airflow/.local/lib/python3.7/site-packages/airflow/example_dags/tutorial_dag.py
[2023-05-08T22:33:09.008+0000] {logging_mixin.py:149} INFO - [2023-05-08T22:33:09.008+0000] {dag.py:2726} INFO - Sync 1 DAGs
[2023-05-08T22:33:09.028+0000] {logging_mixin.py:149} INFO - [2023-05-08T22:33:09.028+0000] {dag.py:3490} INFO - Setting next_dagrun for tutorial_dag to None, run_after=None
[2023-05-08T22:33:09.042+0000] {processor.py:178} INFO - Processing /home/airflow/.local/lib/python3.7/site-packages/airflow/example_dags/tutorial_dag.py took 0.062 seconds
[2023-05-08T22:33:39.421+0000] {processor.py:156} INFO - Started process (PID=902) to work on /home/airflow/.local/lib/python3.7/site-packages/airflow/example_dags/tutorial_dag.py
[2023-05-08T22:33:39.422+0000] {processor.py:799} INFO - Processing file /home/airflow/.local/lib/python3.7/site-packages/airflow/example_dags/tutorial_dag.py for tasks to queue
[2023-05-08T22:33:39.422+0000] {logging_mixin.py:149} INFO - [2023-05-08T22:33:39.422+0000] {dagbag.py:541} INFO - Filling up the DagBag from /home/airflow/.local/lib/python3.7/site-packages/airflow/example_dags/tutorial_dag.py
[2023-05-08T22:33:39.426+0000] {processor.py:809} INFO - DAG(s) dict_keys(['tutorial_dag']) retrieved from /home/airflow/.local/lib/python3.7/site-packages/airflow/example_dags/tutorial_dag.py
[2023-05-08T22:33:39.447+0000] {logging_mixin.py:149} INFO - [2023-05-08T22:33:39.447+0000] {dag.py:2726} INFO - Sync 1 DAGs
[2023-05-08T22:33:39.466+0000] {logging_mixin.py:149} INFO - [2023-05-08T22:33:39.466+0000] {dag.py:3490} INFO - Setting next_dagrun for tutorial_dag to None, run_after=None
[2023-05-08T22:33:39.479+0000] {processor.py:178} INFO - Processing /home/airflow/.local/lib/python3.7/site-packages/airflow/example_dags/tutorial_dag.py took 0.061 seconds
[2023-05-08T22:34:09.903+0000] {processor.py:156} INFO - Started process (PID=959) to work on /home/airflow/.local/lib/python3.7/site-packages/airflow/example_dags/tutorial_dag.py
[2023-05-08T22:34:09.904+0000] {processor.py:799} INFO - Processing file /home/airflow/.local/lib/python3.7/site-packages/airflow/example_dags/tutorial_dag.py for tasks to queue
[2023-05-08T22:34:09.905+0000] {logging_mixin.py:149} INFO - [2023-05-08T22:34:09.905+0000] {dagbag.py:541} INFO - Filling up the DagBag from /home/airflow/.local/lib/python3.7/site-packages/airflow/example_dags/tutorial_dag.py
[2023-05-08T22:34:09.909+0000] {processor.py:809} INFO - DAG(s) dict_keys(['tutorial_dag']) retrieved from /home/airflow/.local/lib/python3.7/site-packages/airflow/example_dags/tutorial_dag.py
[2023-05-08T22:34:09.933+0000] {logging_mixin.py:149} INFO - [2023-05-08T22:34:09.933+0000] {dag.py:2726} INFO - Sync 1 DAGs
[2023-05-08T22:34:09.956+0000] {logging_mixin.py:149} INFO - [2023-05-08T22:34:09.956+0000] {dag.py:3490} INFO - Setting next_dagrun for tutorial_dag to None, run_after=None
[2023-05-08T22:34:09.974+0000] {processor.py:178} INFO - Processing /home/airflow/.local/lib/python3.7/site-packages/airflow/example_dags/tutorial_dag.py took 0.074 seconds
[2023-05-08T22:34:40.067+0000] {processor.py:156} INFO - Started process (PID=1017) to work on /home/airflow/.local/lib/python3.7/site-packages/airflow/example_dags/tutorial_dag.py
[2023-05-08T22:34:40.068+0000] {processor.py:799} INFO - Processing file /home/airflow/.local/lib/python3.7/site-packages/airflow/example_dags/tutorial_dag.py for tasks to queue
[2023-05-08T22:34:40.069+0000] {logging_mixin.py:149} INFO - [2023-05-08T22:34:40.069+0000] {dagbag.py:541} INFO - Filling up the DagBag from /home/airflow/.local/lib/python3.7/site-packages/airflow/example_dags/tutorial_dag.py
[2023-05-08T22:34:40.073+0000] {processor.py:809} INFO - DAG(s) dict_keys(['tutorial_dag']) retrieved from /home/airflow/.local/lib/python3.7/site-packages/airflow/example_dags/tutorial_dag.py
[2023-05-08T22:34:40.093+0000] {logging_mixin.py:149} INFO - [2023-05-08T22:34:40.093+0000] {dag.py:2726} INFO - Sync 1 DAGs
[2023-05-08T22:34:40.112+0000] {logging_mixin.py:149} INFO - [2023-05-08T22:34:40.112+0000] {dag.py:3490} INFO - Setting next_dagrun for tutorial_dag to None, run_after=None
[2023-05-08T22:34:40.127+0000] {processor.py:178} INFO - Processing /home/airflow/.local/lib/python3.7/site-packages/airflow/example_dags/tutorial_dag.py took 0.062 seconds
[2023-05-08T22:35:10.267+0000] {processor.py:156} INFO - Started process (PID=1073) to work on /home/airflow/.local/lib/python3.7/site-packages/airflow/example_dags/tutorial_dag.py
[2023-05-08T22:35:10.268+0000] {processor.py:799} INFO - Processing file /home/airflow/.local/lib/python3.7/site-packages/airflow/example_dags/tutorial_dag.py for tasks to queue
[2023-05-08T22:35:10.269+0000] {logging_mixin.py:149} INFO - [2023-05-08T22:35:10.269+0000] {dagbag.py:541} INFO - Filling up the DagBag from /home/airflow/.local/lib/python3.7/site-packages/airflow/example_dags/tutorial_dag.py
[2023-05-08T22:35:10.272+0000] {processor.py:809} INFO - DAG(s) dict_keys(['tutorial_dag']) retrieved from /home/airflow/.local/lib/python3.7/site-packages/airflow/example_dags/tutorial_dag.py
[2023-05-08T22:35:10.297+0000] {logging_mixin.py:149} INFO - [2023-05-08T22:35:10.297+0000] {dag.py:2726} INFO - Sync 1 DAGs
[2023-05-08T22:35:10.319+0000] {logging_mixin.py:149} INFO - [2023-05-08T22:35:10.319+0000] {dag.py:3490} INFO - Setting next_dagrun for tutorial_dag to None, run_after=None
[2023-05-08T22:35:10.335+0000] {processor.py:178} INFO - Processing /home/airflow/.local/lib/python3.7/site-packages/airflow/example_dags/tutorial_dag.py took 0.070 seconds
