[2023-05-08T20:36:09.785+0000] {processor.py:156} INFO - Started process (PID=34) to work on /home/airflow/.local/lib/python3.7/site-packages/airflow/example_dags/tutorial.py
[2023-05-08T20:36:09.786+0000] {processor.py:799} INFO - Processing file /home/airflow/.local/lib/python3.7/site-packages/airflow/example_dags/tutorial.py for tasks to queue
[2023-05-08T20:36:09.787+0000] {logging_mixin.py:149} INFO - [2023-05-08T20:36:09.787+0000] {dagbag.py:541} INFO - Filling up the DagBag from /home/airflow/.local/lib/python3.7/site-packages/airflow/example_dags/tutorial.py
[2023-05-08T20:36:09.795+0000] {processor.py:809} INFO - DAG(s) dict_keys(['tutorial']) retrieved from /home/airflow/.local/lib/python3.7/site-packages/airflow/example_dags/tutorial.py
[2023-05-08T20:36:09.817+0000] {logging_mixin.py:149} INFO - [2023-05-08T20:36:09.817+0000] {dag.py:2726} INFO - Sync 1 DAGs
[2023-05-08T20:36:09.843+0000] {logging_mixin.py:149} INFO - [2023-05-08T20:36:09.842+0000] {dag.py:3490} INFO - Setting next_dagrun for tutorial to 2023-05-07T20:36:09.842700+00:00, run_after=2023-05-08T20:36:09.842700+00:00
[2023-05-08T20:36:09.859+0000] {processor.py:178} INFO - Processing /home/airflow/.local/lib/python3.7/site-packages/airflow/example_dags/tutorial.py took 0.077 seconds
[2023-05-08T20:36:40.220+0000] {processor.py:156} INFO - Started process (PID=90) to work on /home/airflow/.local/lib/python3.7/site-packages/airflow/example_dags/tutorial.py
[2023-05-08T20:36:40.221+0000] {processor.py:799} INFO - Processing file /home/airflow/.local/lib/python3.7/site-packages/airflow/example_dags/tutorial.py for tasks to queue
[2023-05-08T20:36:40.222+0000] {logging_mixin.py:149} INFO - [2023-05-08T20:36:40.222+0000] {dagbag.py:541} INFO - Filling up the DagBag from /home/airflow/.local/lib/python3.7/site-packages/airflow/example_dags/tutorial.py
[2023-05-08T20:36:40.227+0000] {processor.py:809} INFO - DAG(s) dict_keys(['tutorial']) retrieved from /home/airflow/.local/lib/python3.7/site-packages/airflow/example_dags/tutorial.py
[2023-05-08T20:36:40.247+0000] {logging_mixin.py:149} INFO - [2023-05-08T20:36:40.247+0000] {dag.py:2726} INFO - Sync 1 DAGs
[2023-05-08T20:36:40.267+0000] {logging_mixin.py:149} INFO - [2023-05-08T20:36:40.267+0000] {dag.py:3490} INFO - Setting next_dagrun for tutorial to 2023-05-07T20:36:40.266895+00:00, run_after=2023-05-08T20:36:40.266895+00:00
[2023-05-08T20:36:40.280+0000] {processor.py:178} INFO - Processing /home/airflow/.local/lib/python3.7/site-packages/airflow/example_dags/tutorial.py took 0.062 seconds
[2023-05-08T20:37:10.552+0000] {processor.py:156} INFO - Started process (PID=146) to work on /home/airflow/.local/lib/python3.7/site-packages/airflow/example_dags/tutorial.py
[2023-05-08T20:37:10.554+0000] {processor.py:799} INFO - Processing file /home/airflow/.local/lib/python3.7/site-packages/airflow/example_dags/tutorial.py for tasks to queue
[2023-05-08T20:37:10.554+0000] {logging_mixin.py:149} INFO - [2023-05-08T20:37:10.554+0000] {dagbag.py:541} INFO - Filling up the DagBag from /home/airflow/.local/lib/python3.7/site-packages/airflow/example_dags/tutorial.py
[2023-05-08T20:37:10.559+0000] {processor.py:809} INFO - DAG(s) dict_keys(['tutorial']) retrieved from /home/airflow/.local/lib/python3.7/site-packages/airflow/example_dags/tutorial.py
[2023-05-08T20:37:10.582+0000] {logging_mixin.py:149} INFO - [2023-05-08T20:37:10.582+0000] {dag.py:2726} INFO - Sync 1 DAGs
[2023-05-08T20:37:10.605+0000] {logging_mixin.py:149} INFO - [2023-05-08T20:37:10.605+0000] {dag.py:3490} INFO - Setting next_dagrun for tutorial to 2023-05-07T20:37:10.604840+00:00, run_after=2023-05-08T20:37:10.604840+00:00
[2023-05-08T20:37:10.619+0000] {processor.py:178} INFO - Processing /home/airflow/.local/lib/python3.7/site-packages/airflow/example_dags/tutorial.py took 0.069 seconds
[2023-05-08T20:37:41.435+0000] {processor.py:156} INFO - Started process (PID=202) to work on /home/airflow/.local/lib/python3.7/site-packages/airflow/example_dags/tutorial.py
[2023-05-08T20:37:41.436+0000] {processor.py:799} INFO - Processing file /home/airflow/.local/lib/python3.7/site-packages/airflow/example_dags/tutorial.py for tasks to queue
[2023-05-08T20:37:41.436+0000] {logging_mixin.py:149} INFO - [2023-05-08T20:37:41.436+0000] {dagbag.py:541} INFO - Filling up the DagBag from /home/airflow/.local/lib/python3.7/site-packages/airflow/example_dags/tutorial.py
[2023-05-08T20:37:41.441+0000] {processor.py:809} INFO - DAG(s) dict_keys(['tutorial']) retrieved from /home/airflow/.local/lib/python3.7/site-packages/airflow/example_dags/tutorial.py
[2023-05-08T20:37:41.464+0000] {logging_mixin.py:149} INFO - [2023-05-08T20:37:41.464+0000] {dag.py:2726} INFO - Sync 1 DAGs
[2023-05-08T20:37:41.487+0000] {logging_mixin.py:149} INFO - [2023-05-08T20:37:41.487+0000] {dag.py:3490} INFO - Setting next_dagrun for tutorial to 2023-05-07T20:37:41.487520+00:00, run_after=2023-05-08T20:37:41.487520+00:00
[2023-05-08T20:37:41.502+0000] {processor.py:178} INFO - Processing /home/airflow/.local/lib/python3.7/site-packages/airflow/example_dags/tutorial.py took 0.069 seconds
[2023-05-08T20:38:12.207+0000] {processor.py:156} INFO - Started process (PID=259) to work on /home/airflow/.local/lib/python3.7/site-packages/airflow/example_dags/tutorial.py
[2023-05-08T20:38:12.208+0000] {processor.py:799} INFO - Processing file /home/airflow/.local/lib/python3.7/site-packages/airflow/example_dags/tutorial.py for tasks to queue
[2023-05-08T20:38:12.208+0000] {logging_mixin.py:149} INFO - [2023-05-08T20:38:12.208+0000] {dagbag.py:541} INFO - Filling up the DagBag from /home/airflow/.local/lib/python3.7/site-packages/airflow/example_dags/tutorial.py
[2023-05-08T20:38:12.213+0000] {processor.py:809} INFO - DAG(s) dict_keys(['tutorial']) retrieved from /home/airflow/.local/lib/python3.7/site-packages/airflow/example_dags/tutorial.py
[2023-05-08T20:38:12.238+0000] {logging_mixin.py:149} INFO - [2023-05-08T20:38:12.238+0000] {dag.py:2726} INFO - Sync 1 DAGs
[2023-05-08T20:38:12.259+0000] {logging_mixin.py:149} INFO - [2023-05-08T20:38:12.259+0000] {dag.py:3490} INFO - Setting next_dagrun for tutorial to 2023-05-07T20:38:12.259182+00:00, run_after=2023-05-08T20:38:12.259182+00:00
[2023-05-08T20:38:12.272+0000] {processor.py:178} INFO - Processing /home/airflow/.local/lib/python3.7/site-packages/airflow/example_dags/tutorial.py took 0.070 seconds
[2023-05-08T20:38:42.925+0000] {processor.py:156} INFO - Started process (PID=315) to work on /home/airflow/.local/lib/python3.7/site-packages/airflow/example_dags/tutorial.py
[2023-05-08T20:38:42.926+0000] {processor.py:799} INFO - Processing file /home/airflow/.local/lib/python3.7/site-packages/airflow/example_dags/tutorial.py for tasks to queue
[2023-05-08T20:38:42.926+0000] {logging_mixin.py:149} INFO - [2023-05-08T20:38:42.926+0000] {dagbag.py:541} INFO - Filling up the DagBag from /home/airflow/.local/lib/python3.7/site-packages/airflow/example_dags/tutorial.py
[2023-05-08T20:38:42.931+0000] {processor.py:809} INFO - DAG(s) dict_keys(['tutorial']) retrieved from /home/airflow/.local/lib/python3.7/site-packages/airflow/example_dags/tutorial.py
[2023-05-08T20:38:42.951+0000] {logging_mixin.py:149} INFO - [2023-05-08T20:38:42.951+0000] {dag.py:2726} INFO - Sync 1 DAGs
[2023-05-08T20:38:42.970+0000] {logging_mixin.py:149} INFO - [2023-05-08T20:38:42.970+0000] {dag.py:3490} INFO - Setting next_dagrun for tutorial to 2023-05-07T20:38:42.969852+00:00, run_after=2023-05-08T20:38:42.969852+00:00
[2023-05-08T20:38:42.982+0000] {processor.py:178} INFO - Processing /home/airflow/.local/lib/python3.7/site-packages/airflow/example_dags/tutorial.py took 0.060 seconds
[2023-05-08T20:39:13.509+0000] {processor.py:156} INFO - Started process (PID=371) to work on /home/airflow/.local/lib/python3.7/site-packages/airflow/example_dags/tutorial.py
[2023-05-08T20:39:13.510+0000] {processor.py:799} INFO - Processing file /home/airflow/.local/lib/python3.7/site-packages/airflow/example_dags/tutorial.py for tasks to queue
[2023-05-08T20:39:13.511+0000] {logging_mixin.py:149} INFO - [2023-05-08T20:39:13.511+0000] {dagbag.py:541} INFO - Filling up the DagBag from /home/airflow/.local/lib/python3.7/site-packages/airflow/example_dags/tutorial.py
[2023-05-08T20:39:13.515+0000] {processor.py:809} INFO - DAG(s) dict_keys(['tutorial']) retrieved from /home/airflow/.local/lib/python3.7/site-packages/airflow/example_dags/tutorial.py
[2023-05-08T20:39:13.536+0000] {logging_mixin.py:149} INFO - [2023-05-08T20:39:13.536+0000] {dag.py:2726} INFO - Sync 1 DAGs
[2023-05-08T20:39:13.555+0000] {logging_mixin.py:149} INFO - [2023-05-08T20:39:13.555+0000] {dag.py:3490} INFO - Setting next_dagrun for tutorial to 2023-05-07T20:39:13.555652+00:00, run_after=2023-05-08T20:39:13.555652+00:00
[2023-05-08T20:39:13.568+0000] {processor.py:178} INFO - Processing /home/airflow/.local/lib/python3.7/site-packages/airflow/example_dags/tutorial.py took 0.061 seconds
[2023-05-08T20:39:44.043+0000] {processor.py:156} INFO - Started process (PID=426) to work on /home/airflow/.local/lib/python3.7/site-packages/airflow/example_dags/tutorial.py
[2023-05-08T20:39:44.044+0000] {processor.py:799} INFO - Processing file /home/airflow/.local/lib/python3.7/site-packages/airflow/example_dags/tutorial.py for tasks to queue
[2023-05-08T20:39:44.044+0000] {logging_mixin.py:149} INFO - [2023-05-08T20:39:44.044+0000] {dagbag.py:541} INFO - Filling up the DagBag from /home/airflow/.local/lib/python3.7/site-packages/airflow/example_dags/tutorial.py
[2023-05-08T20:39:44.049+0000] {processor.py:809} INFO - DAG(s) dict_keys(['tutorial']) retrieved from /home/airflow/.local/lib/python3.7/site-packages/airflow/example_dags/tutorial.py
[2023-05-08T20:39:44.071+0000] {logging_mixin.py:149} INFO - [2023-05-08T20:39:44.071+0000] {dag.py:2726} INFO - Sync 1 DAGs
[2023-05-08T20:39:44.090+0000] {logging_mixin.py:149} INFO - [2023-05-08T20:39:44.090+0000] {dag.py:3490} INFO - Setting next_dagrun for tutorial to 2023-05-07T20:39:44.090072+00:00, run_after=2023-05-08T20:39:44.090072+00:00
[2023-05-08T20:39:44.103+0000] {processor.py:178} INFO - Processing /home/airflow/.local/lib/python3.7/site-packages/airflow/example_dags/tutorial.py took 0.062 seconds
[2023-05-08T22:15:45.253+0000] {processor.py:156} INFO - Started process (PID=34) to work on /home/airflow/.local/lib/python3.7/site-packages/airflow/example_dags/tutorial.py
[2023-05-08T22:15:45.254+0000] {processor.py:799} INFO - Processing file /home/airflow/.local/lib/python3.7/site-packages/airflow/example_dags/tutorial.py for tasks to queue
[2023-05-08T22:15:45.255+0000] {logging_mixin.py:149} INFO - [2023-05-08T22:15:45.255+0000] {dagbag.py:541} INFO - Filling up the DagBag from /home/airflow/.local/lib/python3.7/site-packages/airflow/example_dags/tutorial.py
[2023-05-08T22:15:45.262+0000] {processor.py:809} INFO - DAG(s) dict_keys(['tutorial']) retrieved from /home/airflow/.local/lib/python3.7/site-packages/airflow/example_dags/tutorial.py
[2023-05-08T22:15:45.279+0000] {logging_mixin.py:149} INFO - [2023-05-08T22:15:45.279+0000] {dag.py:2726} INFO - Sync 1 DAGs
[2023-05-08T22:15:45.314+0000] {logging_mixin.py:149} INFO - [2023-05-08T22:15:45.314+0000] {dag.py:3490} INFO - Setting next_dagrun for tutorial to 2023-05-07T22:15:45.313963+00:00, run_after=2023-05-08T22:15:45.313963+00:00
[2023-05-08T22:15:45.341+0000] {processor.py:178} INFO - Processing /home/airflow/.local/lib/python3.7/site-packages/airflow/example_dags/tutorial.py took 0.091 seconds
[2023-05-08T22:16:15.518+0000] {processor.py:156} INFO - Started process (PID=91) to work on /home/airflow/.local/lib/python3.7/site-packages/airflow/example_dags/tutorial.py
[2023-05-08T22:16:15.519+0000] {processor.py:799} INFO - Processing file /home/airflow/.local/lib/python3.7/site-packages/airflow/example_dags/tutorial.py for tasks to queue
[2023-05-08T22:16:15.519+0000] {logging_mixin.py:149} INFO - [2023-05-08T22:16:15.519+0000] {dagbag.py:541} INFO - Filling up the DagBag from /home/airflow/.local/lib/python3.7/site-packages/airflow/example_dags/tutorial.py
[2023-05-08T22:16:15.524+0000] {processor.py:809} INFO - DAG(s) dict_keys(['tutorial']) retrieved from /home/airflow/.local/lib/python3.7/site-packages/airflow/example_dags/tutorial.py
[2023-05-08T22:16:15.545+0000] {logging_mixin.py:149} INFO - [2023-05-08T22:16:15.545+0000] {dag.py:2726} INFO - Sync 1 DAGs
[2023-05-08T22:16:15.568+0000] {logging_mixin.py:149} INFO - [2023-05-08T22:16:15.568+0000] {dag.py:3490} INFO - Setting next_dagrun for tutorial to 2023-05-07T22:16:15.567957+00:00, run_after=2023-05-08T22:16:15.567957+00:00
[2023-05-08T22:16:15.582+0000] {processor.py:178} INFO - Processing /home/airflow/.local/lib/python3.7/site-packages/airflow/example_dags/tutorial.py took 0.066 seconds
[2023-05-08T22:16:45.693+0000] {processor.py:156} INFO - Started process (PID=148) to work on /home/airflow/.local/lib/python3.7/site-packages/airflow/example_dags/tutorial.py
[2023-05-08T22:16:45.694+0000] {processor.py:799} INFO - Processing file /home/airflow/.local/lib/python3.7/site-packages/airflow/example_dags/tutorial.py for tasks to queue
[2023-05-08T22:16:45.695+0000] {logging_mixin.py:149} INFO - [2023-05-08T22:16:45.695+0000] {dagbag.py:541} INFO - Filling up the DagBag from /home/airflow/.local/lib/python3.7/site-packages/airflow/example_dags/tutorial.py
[2023-05-08T22:16:45.700+0000] {processor.py:809} INFO - DAG(s) dict_keys(['tutorial']) retrieved from /home/airflow/.local/lib/python3.7/site-packages/airflow/example_dags/tutorial.py
[2023-05-08T22:16:45.725+0000] {logging_mixin.py:149} INFO - [2023-05-08T22:16:45.725+0000] {dag.py:2726} INFO - Sync 1 DAGs
[2023-05-08T22:16:45.746+0000] {logging_mixin.py:149} INFO - [2023-05-08T22:16:45.746+0000] {dag.py:3490} INFO - Setting next_dagrun for tutorial to 2023-05-07T22:16:45.746127+00:00, run_after=2023-05-08T22:16:45.746127+00:00
[2023-05-08T22:16:45.760+0000] {processor.py:178} INFO - Processing /home/airflow/.local/lib/python3.7/site-packages/airflow/example_dags/tutorial.py took 0.069 seconds
[2023-05-08T22:17:16.585+0000] {processor.py:156} INFO - Started process (PID=205) to work on /home/airflow/.local/lib/python3.7/site-packages/airflow/example_dags/tutorial.py
[2023-05-08T22:17:16.586+0000] {processor.py:799} INFO - Processing file /home/airflow/.local/lib/python3.7/site-packages/airflow/example_dags/tutorial.py for tasks to queue
[2023-05-08T22:17:16.586+0000] {logging_mixin.py:149} INFO - [2023-05-08T22:17:16.586+0000] {dagbag.py:541} INFO - Filling up the DagBag from /home/airflow/.local/lib/python3.7/site-packages/airflow/example_dags/tutorial.py
[2023-05-08T22:17:16.591+0000] {processor.py:809} INFO - DAG(s) dict_keys(['tutorial']) retrieved from /home/airflow/.local/lib/python3.7/site-packages/airflow/example_dags/tutorial.py
[2023-05-08T22:17:16.613+0000] {logging_mixin.py:149} INFO - [2023-05-08T22:17:16.613+0000] {dag.py:2726} INFO - Sync 1 DAGs
[2023-05-08T22:17:16.636+0000] {logging_mixin.py:149} INFO - [2023-05-08T22:17:16.636+0000] {dag.py:3490} INFO - Setting next_dagrun for tutorial to 2023-05-07T22:17:16.636372+00:00, run_after=2023-05-08T22:17:16.636372+00:00
[2023-05-08T22:17:16.650+0000] {processor.py:178} INFO - Processing /home/airflow/.local/lib/python3.7/site-packages/airflow/example_dags/tutorial.py took 0.068 seconds
[2023-05-08T22:17:47.585+0000] {processor.py:156} INFO - Started process (PID=262) to work on /home/airflow/.local/lib/python3.7/site-packages/airflow/example_dags/tutorial.py
[2023-05-08T22:17:47.586+0000] {processor.py:799} INFO - Processing file /home/airflow/.local/lib/python3.7/site-packages/airflow/example_dags/tutorial.py for tasks to queue
[2023-05-08T22:17:47.587+0000] {logging_mixin.py:149} INFO - [2023-05-08T22:17:47.587+0000] {dagbag.py:541} INFO - Filling up the DagBag from /home/airflow/.local/lib/python3.7/site-packages/airflow/example_dags/tutorial.py
[2023-05-08T22:17:47.592+0000] {processor.py:809} INFO - DAG(s) dict_keys(['tutorial']) retrieved from /home/airflow/.local/lib/python3.7/site-packages/airflow/example_dags/tutorial.py
[2023-05-08T22:17:47.614+0000] {logging_mixin.py:149} INFO - [2023-05-08T22:17:47.614+0000] {dag.py:2726} INFO - Sync 1 DAGs
[2023-05-08T22:17:47.633+0000] {logging_mixin.py:149} INFO - [2023-05-08T22:17:47.633+0000] {dag.py:3490} INFO - Setting next_dagrun for tutorial to 2023-05-07T22:17:47.633241+00:00, run_after=2023-05-08T22:17:47.633241+00:00
[2023-05-08T22:17:47.647+0000] {processor.py:178} INFO - Processing /home/airflow/.local/lib/python3.7/site-packages/airflow/example_dags/tutorial.py took 0.064 seconds
[2023-05-08T22:18:18.285+0000] {processor.py:156} INFO - Started process (PID=319) to work on /home/airflow/.local/lib/python3.7/site-packages/airflow/example_dags/tutorial.py
[2023-05-08T22:18:18.286+0000] {processor.py:799} INFO - Processing file /home/airflow/.local/lib/python3.7/site-packages/airflow/example_dags/tutorial.py for tasks to queue
[2023-05-08T22:18:18.287+0000] {logging_mixin.py:149} INFO - [2023-05-08T22:18:18.287+0000] {dagbag.py:541} INFO - Filling up the DagBag from /home/airflow/.local/lib/python3.7/site-packages/airflow/example_dags/tutorial.py
[2023-05-08T22:18:18.293+0000] {processor.py:809} INFO - DAG(s) dict_keys(['tutorial']) retrieved from /home/airflow/.local/lib/python3.7/site-packages/airflow/example_dags/tutorial.py
[2023-05-08T22:18:18.319+0000] {logging_mixin.py:149} INFO - [2023-05-08T22:18:18.319+0000] {dag.py:2726} INFO - Sync 1 DAGs
[2023-05-08T22:18:18.342+0000] {logging_mixin.py:149} INFO - [2023-05-08T22:18:18.342+0000] {dag.py:3490} INFO - Setting next_dagrun for tutorial to 2023-05-07T22:18:18.342267+00:00, run_after=2023-05-08T22:18:18.342267+00:00
[2023-05-08T22:18:18.357+0000] {processor.py:178} INFO - Processing /home/airflow/.local/lib/python3.7/site-packages/airflow/example_dags/tutorial.py took 0.074 seconds
[2023-05-08T22:18:49.348+0000] {processor.py:156} INFO - Started process (PID=376) to work on /home/airflow/.local/lib/python3.7/site-packages/airflow/example_dags/tutorial.py
[2023-05-08T22:18:49.349+0000] {processor.py:799} INFO - Processing file /home/airflow/.local/lib/python3.7/site-packages/airflow/example_dags/tutorial.py for tasks to queue
[2023-05-08T22:18:49.350+0000] {logging_mixin.py:149} INFO - [2023-05-08T22:18:49.350+0000] {dagbag.py:541} INFO - Filling up the DagBag from /home/airflow/.local/lib/python3.7/site-packages/airflow/example_dags/tutorial.py
[2023-05-08T22:18:49.355+0000] {processor.py:809} INFO - DAG(s) dict_keys(['tutorial']) retrieved from /home/airflow/.local/lib/python3.7/site-packages/airflow/example_dags/tutorial.py
[2023-05-08T22:18:49.376+0000] {logging_mixin.py:149} INFO - [2023-05-08T22:18:49.376+0000] {dag.py:2726} INFO - Sync 1 DAGs
[2023-05-08T22:18:49.397+0000] {logging_mixin.py:149} INFO - [2023-05-08T22:18:49.397+0000] {dag.py:3490} INFO - Setting next_dagrun for tutorial to 2023-05-07T22:18:49.396862+00:00, run_after=2023-05-08T22:18:49.396862+00:00
[2023-05-08T22:18:49.411+0000] {processor.py:178} INFO - Processing /home/airflow/.local/lib/python3.7/site-packages/airflow/example_dags/tutorial.py took 0.065 seconds
[2023-05-08T22:19:20.333+0000] {processor.py:156} INFO - Started process (PID=433) to work on /home/airflow/.local/lib/python3.7/site-packages/airflow/example_dags/tutorial.py
[2023-05-08T22:19:20.334+0000] {processor.py:799} INFO - Processing file /home/airflow/.local/lib/python3.7/site-packages/airflow/example_dags/tutorial.py for tasks to queue
[2023-05-08T22:19:20.334+0000] {logging_mixin.py:149} INFO - [2023-05-08T22:19:20.334+0000] {dagbag.py:541} INFO - Filling up the DagBag from /home/airflow/.local/lib/python3.7/site-packages/airflow/example_dags/tutorial.py
[2023-05-08T22:19:20.339+0000] {processor.py:809} INFO - DAG(s) dict_keys(['tutorial']) retrieved from /home/airflow/.local/lib/python3.7/site-packages/airflow/example_dags/tutorial.py
[2023-05-08T22:19:20.361+0000] {logging_mixin.py:149} INFO - [2023-05-08T22:19:20.361+0000] {dag.py:2726} INFO - Sync 1 DAGs
[2023-05-08T22:19:20.380+0000] {logging_mixin.py:149} INFO - [2023-05-08T22:19:20.380+0000] {dag.py:3490} INFO - Setting next_dagrun for tutorial to 2023-05-07T22:19:20.380188+00:00, run_after=2023-05-08T22:19:20.380188+00:00
[2023-05-08T22:19:20.393+0000] {processor.py:178} INFO - Processing /home/airflow/.local/lib/python3.7/site-packages/airflow/example_dags/tutorial.py took 0.063 seconds
[2023-05-08T22:19:51.031+0000] {processor.py:156} INFO - Started process (PID=490) to work on /home/airflow/.local/lib/python3.7/site-packages/airflow/example_dags/tutorial.py
[2023-05-08T22:19:51.032+0000] {processor.py:799} INFO - Processing file /home/airflow/.local/lib/python3.7/site-packages/airflow/example_dags/tutorial.py for tasks to queue
[2023-05-08T22:19:51.033+0000] {logging_mixin.py:149} INFO - [2023-05-08T22:19:51.032+0000] {dagbag.py:541} INFO - Filling up the DagBag from /home/airflow/.local/lib/python3.7/site-packages/airflow/example_dags/tutorial.py
[2023-05-08T22:19:51.037+0000] {processor.py:809} INFO - DAG(s) dict_keys(['tutorial']) retrieved from /home/airflow/.local/lib/python3.7/site-packages/airflow/example_dags/tutorial.py
[2023-05-08T22:19:51.059+0000] {logging_mixin.py:149} INFO - [2023-05-08T22:19:51.059+0000] {dag.py:2726} INFO - Sync 1 DAGs
[2023-05-08T22:19:51.079+0000] {logging_mixin.py:149} INFO - [2023-05-08T22:19:51.078+0000] {dag.py:3490} INFO - Setting next_dagrun for tutorial to 2023-05-07T22:19:51.078772+00:00, run_after=2023-05-08T22:19:51.078772+00:00
[2023-05-08T22:19:51.095+0000] {processor.py:178} INFO - Processing /home/airflow/.local/lib/python3.7/site-packages/airflow/example_dags/tutorial.py took 0.067 seconds
[2023-05-08T22:20:21.777+0000] {processor.py:156} INFO - Started process (PID=548) to work on /home/airflow/.local/lib/python3.7/site-packages/airflow/example_dags/tutorial.py
[2023-05-08T22:20:21.778+0000] {processor.py:799} INFO - Processing file /home/airflow/.local/lib/python3.7/site-packages/airflow/example_dags/tutorial.py for tasks to queue
[2023-05-08T22:20:21.779+0000] {logging_mixin.py:149} INFO - [2023-05-08T22:20:21.779+0000] {dagbag.py:541} INFO - Filling up the DagBag from /home/airflow/.local/lib/python3.7/site-packages/airflow/example_dags/tutorial.py
[2023-05-08T22:20:21.784+0000] {processor.py:809} INFO - DAG(s) dict_keys(['tutorial']) retrieved from /home/airflow/.local/lib/python3.7/site-packages/airflow/example_dags/tutorial.py
[2023-05-08T22:20:21.806+0000] {logging_mixin.py:149} INFO - [2023-05-08T22:20:21.805+0000] {dag.py:2726} INFO - Sync 1 DAGs
[2023-05-08T22:20:21.829+0000] {logging_mixin.py:149} INFO - [2023-05-08T22:20:21.829+0000] {dag.py:3490} INFO - Setting next_dagrun for tutorial to 2023-05-07T22:20:21.829274+00:00, run_after=2023-05-08T22:20:21.829274+00:00
[2023-05-08T22:20:21.843+0000] {processor.py:178} INFO - Processing /home/airflow/.local/lib/python3.7/site-packages/airflow/example_dags/tutorial.py took 0.068 seconds
[2023-05-08T22:20:52.594+0000] {processor.py:156} INFO - Started process (PID=605) to work on /home/airflow/.local/lib/python3.7/site-packages/airflow/example_dags/tutorial.py
[2023-05-08T22:20:52.595+0000] {processor.py:799} INFO - Processing file /home/airflow/.local/lib/python3.7/site-packages/airflow/example_dags/tutorial.py for tasks to queue
[2023-05-08T22:20:52.595+0000] {logging_mixin.py:149} INFO - [2023-05-08T22:20:52.595+0000] {dagbag.py:541} INFO - Filling up the DagBag from /home/airflow/.local/lib/python3.7/site-packages/airflow/example_dags/tutorial.py
[2023-05-08T22:20:52.600+0000] {processor.py:809} INFO - DAG(s) dict_keys(['tutorial']) retrieved from /home/airflow/.local/lib/python3.7/site-packages/airflow/example_dags/tutorial.py
[2023-05-08T22:20:52.623+0000] {logging_mixin.py:149} INFO - [2023-05-08T22:20:52.623+0000] {dag.py:2726} INFO - Sync 1 DAGs
[2023-05-08T22:20:52.643+0000] {logging_mixin.py:149} INFO - [2023-05-08T22:20:52.643+0000] {dag.py:3490} INFO - Setting next_dagrun for tutorial to 2023-05-07T22:20:52.643105+00:00, run_after=2023-05-08T22:20:52.643105+00:00
[2023-05-08T22:20:52.656+0000] {processor.py:178} INFO - Processing /home/airflow/.local/lib/python3.7/site-packages/airflow/example_dags/tutorial.py took 0.065 seconds
[2023-05-08T22:21:23.388+0000] {processor.py:156} INFO - Started process (PID=662) to work on /home/airflow/.local/lib/python3.7/site-packages/airflow/example_dags/tutorial.py
[2023-05-08T22:21:23.389+0000] {processor.py:799} INFO - Processing file /home/airflow/.local/lib/python3.7/site-packages/airflow/example_dags/tutorial.py for tasks to queue
[2023-05-08T22:21:23.390+0000] {logging_mixin.py:149} INFO - [2023-05-08T22:21:23.389+0000] {dagbag.py:541} INFO - Filling up the DagBag from /home/airflow/.local/lib/python3.7/site-packages/airflow/example_dags/tutorial.py
[2023-05-08T22:21:23.394+0000] {processor.py:809} INFO - DAG(s) dict_keys(['tutorial']) retrieved from /home/airflow/.local/lib/python3.7/site-packages/airflow/example_dags/tutorial.py
[2023-05-08T22:21:23.414+0000] {logging_mixin.py:149} INFO - [2023-05-08T22:21:23.414+0000] {dag.py:2726} INFO - Sync 1 DAGs
[2023-05-08T22:21:23.433+0000] {logging_mixin.py:149} INFO - [2023-05-08T22:21:23.433+0000] {dag.py:3490} INFO - Setting next_dagrun for tutorial to 2023-05-07T22:21:23.433605+00:00, run_after=2023-05-08T22:21:23.433605+00:00
[2023-05-08T22:21:23.447+0000] {processor.py:178} INFO - Processing /home/airflow/.local/lib/python3.7/site-packages/airflow/example_dags/tutorial.py took 0.061 seconds
[2023-05-08T22:22:06.762+0000] {processor.py:156} INFO - Started process (PID=35) to work on /home/airflow/.local/lib/python3.7/site-packages/airflow/example_dags/tutorial.py
[2023-05-08T22:22:06.765+0000] {processor.py:799} INFO - Processing file /home/airflow/.local/lib/python3.7/site-packages/airflow/example_dags/tutorial.py for tasks to queue
[2023-05-08T22:22:06.765+0000] {logging_mixin.py:149} INFO - [2023-05-08T22:22:06.765+0000] {dagbag.py:541} INFO - Filling up the DagBag from /home/airflow/.local/lib/python3.7/site-packages/airflow/example_dags/tutorial.py
[2023-05-08T22:22:06.773+0000] {processor.py:809} INFO - DAG(s) dict_keys(['tutorial']) retrieved from /home/airflow/.local/lib/python3.7/site-packages/airflow/example_dags/tutorial.py
[2023-05-08T22:22:06.797+0000] {logging_mixin.py:149} INFO - [2023-05-08T22:22:06.797+0000] {dag.py:2726} INFO - Sync 1 DAGs
[2023-05-08T22:22:06.824+0000] {logging_mixin.py:149} INFO - [2023-05-08T22:22:06.824+0000] {dag.py:3490} INFO - Setting next_dagrun for tutorial to 2023-05-07T22:22:06.823865+00:00, run_after=2023-05-08T22:22:06.823865+00:00
[2023-05-08T22:22:06.842+0000] {processor.py:178} INFO - Processing /home/airflow/.local/lib/python3.7/site-packages/airflow/example_dags/tutorial.py took 0.082 seconds
[2023-05-08T22:22:37.130+0000] {processor.py:156} INFO - Started process (PID=92) to work on /home/airflow/.local/lib/python3.7/site-packages/airflow/example_dags/tutorial.py
[2023-05-08T22:22:37.131+0000] {processor.py:799} INFO - Processing file /home/airflow/.local/lib/python3.7/site-packages/airflow/example_dags/tutorial.py for tasks to queue
[2023-05-08T22:22:37.131+0000] {logging_mixin.py:149} INFO - [2023-05-08T22:22:37.131+0000] {dagbag.py:541} INFO - Filling up the DagBag from /home/airflow/.local/lib/python3.7/site-packages/airflow/example_dags/tutorial.py
[2023-05-08T22:22:37.136+0000] {processor.py:809} INFO - DAG(s) dict_keys(['tutorial']) retrieved from /home/airflow/.local/lib/python3.7/site-packages/airflow/example_dags/tutorial.py
[2023-05-08T22:22:37.158+0000] {logging_mixin.py:149} INFO - [2023-05-08T22:22:37.157+0000] {dag.py:2726} INFO - Sync 1 DAGs
[2023-05-08T22:22:37.180+0000] {logging_mixin.py:149} INFO - [2023-05-08T22:22:37.180+0000] {dag.py:3490} INFO - Setting next_dagrun for tutorial to 2023-05-07T22:22:37.179817+00:00, run_after=2023-05-08T22:22:37.179817+00:00
[2023-05-08T22:22:37.196+0000] {processor.py:178} INFO - Processing /home/airflow/.local/lib/python3.7/site-packages/airflow/example_dags/tutorial.py took 0.069 seconds
[2023-05-08T22:23:07.305+0000] {processor.py:156} INFO - Started process (PID=149) to work on /home/airflow/.local/lib/python3.7/site-packages/airflow/example_dags/tutorial.py
[2023-05-08T22:23:07.306+0000] {processor.py:799} INFO - Processing file /home/airflow/.local/lib/python3.7/site-packages/airflow/example_dags/tutorial.py for tasks to queue
[2023-05-08T22:23:07.306+0000] {logging_mixin.py:149} INFO - [2023-05-08T22:23:07.306+0000] {dagbag.py:541} INFO - Filling up the DagBag from /home/airflow/.local/lib/python3.7/site-packages/airflow/example_dags/tutorial.py
[2023-05-08T22:23:07.311+0000] {processor.py:809} INFO - DAG(s) dict_keys(['tutorial']) retrieved from /home/airflow/.local/lib/python3.7/site-packages/airflow/example_dags/tutorial.py
[2023-05-08T22:23:07.332+0000] {logging_mixin.py:149} INFO - [2023-05-08T22:23:07.332+0000] {dag.py:2726} INFO - Sync 1 DAGs
[2023-05-08T22:23:07.353+0000] {logging_mixin.py:149} INFO - [2023-05-08T22:23:07.352+0000] {dag.py:3490} INFO - Setting next_dagrun for tutorial to 2023-05-07T22:23:07.352720+00:00, run_after=2023-05-08T22:23:07.352720+00:00
[2023-05-08T22:23:07.365+0000] {processor.py:178} INFO - Processing /home/airflow/.local/lib/python3.7/site-packages/airflow/example_dags/tutorial.py took 0.062 seconds
[2023-05-08T22:23:38.320+0000] {processor.py:156} INFO - Started process (PID=206) to work on /home/airflow/.local/lib/python3.7/site-packages/airflow/example_dags/tutorial.py
[2023-05-08T22:23:38.321+0000] {processor.py:799} INFO - Processing file /home/airflow/.local/lib/python3.7/site-packages/airflow/example_dags/tutorial.py for tasks to queue
[2023-05-08T22:23:38.321+0000] {logging_mixin.py:149} INFO - [2023-05-08T22:23:38.321+0000] {dagbag.py:541} INFO - Filling up the DagBag from /home/airflow/.local/lib/python3.7/site-packages/airflow/example_dags/tutorial.py
[2023-05-08T22:23:38.327+0000] {processor.py:809} INFO - DAG(s) dict_keys(['tutorial']) retrieved from /home/airflow/.local/lib/python3.7/site-packages/airflow/example_dags/tutorial.py
[2023-05-08T22:23:38.350+0000] {logging_mixin.py:149} INFO - [2023-05-08T22:23:38.350+0000] {dag.py:2726} INFO - Sync 1 DAGs
[2023-05-08T22:23:38.371+0000] {logging_mixin.py:149} INFO - [2023-05-08T22:23:38.370+0000] {dag.py:3490} INFO - Setting next_dagrun for tutorial to 2023-05-07T22:23:38.370752+00:00, run_after=2023-05-08T22:23:38.370752+00:00
[2023-05-08T22:23:38.385+0000] {processor.py:178} INFO - Processing /home/airflow/.local/lib/python3.7/site-packages/airflow/example_dags/tutorial.py took 0.068 seconds
[2023-05-08T22:24:09.075+0000] {processor.py:156} INFO - Started process (PID=263) to work on /home/airflow/.local/lib/python3.7/site-packages/airflow/example_dags/tutorial.py
[2023-05-08T22:24:09.076+0000] {processor.py:799} INFO - Processing file /home/airflow/.local/lib/python3.7/site-packages/airflow/example_dags/tutorial.py for tasks to queue
[2023-05-08T22:24:09.077+0000] {logging_mixin.py:149} INFO - [2023-05-08T22:24:09.077+0000] {dagbag.py:541} INFO - Filling up the DagBag from /home/airflow/.local/lib/python3.7/site-packages/airflow/example_dags/tutorial.py
[2023-05-08T22:24:09.082+0000] {processor.py:809} INFO - DAG(s) dict_keys(['tutorial']) retrieved from /home/airflow/.local/lib/python3.7/site-packages/airflow/example_dags/tutorial.py
[2023-05-08T22:24:09.104+0000] {logging_mixin.py:149} INFO - [2023-05-08T22:24:09.104+0000] {dag.py:2726} INFO - Sync 1 DAGs
[2023-05-08T22:24:09.126+0000] {logging_mixin.py:149} INFO - [2023-05-08T22:24:09.126+0000] {dag.py:3490} INFO - Setting next_dagrun for tutorial to 2023-05-07T22:24:09.125852+00:00, run_after=2023-05-08T22:24:09.125852+00:00
[2023-05-08T22:24:09.143+0000] {processor.py:178} INFO - Processing /home/airflow/.local/lib/python3.7/site-packages/airflow/example_dags/tutorial.py took 0.071 seconds
[2023-05-08T22:24:39.844+0000] {processor.py:156} INFO - Started process (PID=320) to work on /home/airflow/.local/lib/python3.7/site-packages/airflow/example_dags/tutorial.py
[2023-05-08T22:24:39.845+0000] {processor.py:799} INFO - Processing file /home/airflow/.local/lib/python3.7/site-packages/airflow/example_dags/tutorial.py for tasks to queue
[2023-05-08T22:24:39.846+0000] {logging_mixin.py:149} INFO - [2023-05-08T22:24:39.845+0000] {dagbag.py:541} INFO - Filling up the DagBag from /home/airflow/.local/lib/python3.7/site-packages/airflow/example_dags/tutorial.py
[2023-05-08T22:24:39.850+0000] {processor.py:809} INFO - DAG(s) dict_keys(['tutorial']) retrieved from /home/airflow/.local/lib/python3.7/site-packages/airflow/example_dags/tutorial.py
[2023-05-08T22:24:39.873+0000] {logging_mixin.py:149} INFO - [2023-05-08T22:24:39.872+0000] {dag.py:2726} INFO - Sync 1 DAGs
[2023-05-08T22:24:39.893+0000] {logging_mixin.py:149} INFO - [2023-05-08T22:24:39.893+0000] {dag.py:3490} INFO - Setting next_dagrun for tutorial to 2023-05-07T22:24:39.893522+00:00, run_after=2023-05-08T22:24:39.893522+00:00
[2023-05-08T22:24:39.907+0000] {processor.py:178} INFO - Processing /home/airflow/.local/lib/python3.7/site-packages/airflow/example_dags/tutorial.py took 0.066 seconds
[2023-05-08T22:25:10.553+0000] {processor.py:156} INFO - Started process (PID=377) to work on /home/airflow/.local/lib/python3.7/site-packages/airflow/example_dags/tutorial.py
[2023-05-08T22:25:10.555+0000] {processor.py:799} INFO - Processing file /home/airflow/.local/lib/python3.7/site-packages/airflow/example_dags/tutorial.py for tasks to queue
[2023-05-08T22:25:10.555+0000] {logging_mixin.py:149} INFO - [2023-05-08T22:25:10.555+0000] {dagbag.py:541} INFO - Filling up the DagBag from /home/airflow/.local/lib/python3.7/site-packages/airflow/example_dags/tutorial.py
[2023-05-08T22:25:10.560+0000] {processor.py:809} INFO - DAG(s) dict_keys(['tutorial']) retrieved from /home/airflow/.local/lib/python3.7/site-packages/airflow/example_dags/tutorial.py
[2023-05-08T22:25:10.586+0000] {logging_mixin.py:149} INFO - [2023-05-08T22:25:10.586+0000] {dag.py:2726} INFO - Sync 1 DAGs
[2023-05-08T22:25:10.608+0000] {logging_mixin.py:149} INFO - [2023-05-08T22:25:10.608+0000] {dag.py:3490} INFO - Setting next_dagrun for tutorial to 2023-05-07T22:25:10.608063+00:00, run_after=2023-05-08T22:25:10.608063+00:00
[2023-05-08T22:25:10.622+0000] {processor.py:178} INFO - Processing /home/airflow/.local/lib/python3.7/site-packages/airflow/example_dags/tutorial.py took 0.071 seconds
[2023-05-08T22:25:58.236+0000] {processor.py:156} INFO - Started process (PID=35) to work on /home/airflow/.local/lib/python3.7/site-packages/airflow/example_dags/tutorial.py
[2023-05-08T22:25:58.237+0000] {processor.py:799} INFO - Processing file /home/airflow/.local/lib/python3.7/site-packages/airflow/example_dags/tutorial.py for tasks to queue
[2023-05-08T22:25:58.237+0000] {logging_mixin.py:149} INFO - [2023-05-08T22:25:58.237+0000] {dagbag.py:541} INFO - Filling up the DagBag from /home/airflow/.local/lib/python3.7/site-packages/airflow/example_dags/tutorial.py
[2023-05-08T22:25:58.244+0000] {processor.py:809} INFO - DAG(s) dict_keys(['tutorial']) retrieved from /home/airflow/.local/lib/python3.7/site-packages/airflow/example_dags/tutorial.py
[2023-05-08T22:25:58.262+0000] {logging_mixin.py:149} INFO - [2023-05-08T22:25:58.262+0000] {dag.py:2726} INFO - Sync 1 DAGs
[2023-05-08T22:25:58.288+0000] {logging_mixin.py:149} INFO - [2023-05-08T22:25:58.288+0000] {dag.py:3490} INFO - Setting next_dagrun for tutorial to 2023-05-07T22:25:58.287890+00:00, run_after=2023-05-08T22:25:58.287890+00:00
[2023-05-08T22:25:58.303+0000] {processor.py:178} INFO - Processing /home/airflow/.local/lib/python3.7/site-packages/airflow/example_dags/tutorial.py took 0.071 seconds
[2023-05-08T22:26:28.583+0000] {processor.py:156} INFO - Started process (PID=92) to work on /home/airflow/.local/lib/python3.7/site-packages/airflow/example_dags/tutorial.py
[2023-05-08T22:26:28.584+0000] {processor.py:799} INFO - Processing file /home/airflow/.local/lib/python3.7/site-packages/airflow/example_dags/tutorial.py for tasks to queue
[2023-05-08T22:26:28.584+0000] {logging_mixin.py:149} INFO - [2023-05-08T22:26:28.584+0000] {dagbag.py:541} INFO - Filling up the DagBag from /home/airflow/.local/lib/python3.7/site-packages/airflow/example_dags/tutorial.py
[2023-05-08T22:26:28.590+0000] {processor.py:809} INFO - DAG(s) dict_keys(['tutorial']) retrieved from /home/airflow/.local/lib/python3.7/site-packages/airflow/example_dags/tutorial.py
[2023-05-08T22:26:28.613+0000] {logging_mixin.py:149} INFO - [2023-05-08T22:26:28.613+0000] {dag.py:2726} INFO - Sync 1 DAGs
[2023-05-08T22:26:28.635+0000] {logging_mixin.py:149} INFO - [2023-05-08T22:26:28.635+0000] {dag.py:3490} INFO - Setting next_dagrun for tutorial to 2023-05-07T22:26:28.634846+00:00, run_after=2023-05-08T22:26:28.634846+00:00
[2023-05-08T22:26:28.655+0000] {processor.py:178} INFO - Processing /home/airflow/.local/lib/python3.7/site-packages/airflow/example_dags/tutorial.py took 0.075 seconds
[2023-05-08T22:26:59.536+0000] {processor.py:156} INFO - Started process (PID=149) to work on /home/airflow/.local/lib/python3.7/site-packages/airflow/example_dags/tutorial.py
[2023-05-08T22:26:59.537+0000] {processor.py:799} INFO - Processing file /home/airflow/.local/lib/python3.7/site-packages/airflow/example_dags/tutorial.py for tasks to queue
[2023-05-08T22:26:59.537+0000] {logging_mixin.py:149} INFO - [2023-05-08T22:26:59.537+0000] {dagbag.py:541} INFO - Filling up the DagBag from /home/airflow/.local/lib/python3.7/site-packages/airflow/example_dags/tutorial.py
[2023-05-08T22:26:59.542+0000] {processor.py:809} INFO - DAG(s) dict_keys(['tutorial']) retrieved from /home/airflow/.local/lib/python3.7/site-packages/airflow/example_dags/tutorial.py
[2023-05-08T22:26:59.565+0000] {logging_mixin.py:149} INFO - [2023-05-08T22:26:59.565+0000] {dag.py:2726} INFO - Sync 1 DAGs
[2023-05-08T22:26:59.585+0000] {logging_mixin.py:149} INFO - [2023-05-08T22:26:59.585+0000] {dag.py:3490} INFO - Setting next_dagrun for tutorial to 2023-05-07T22:26:59.584750+00:00, run_after=2023-05-08T22:26:59.584750+00:00
[2023-05-08T22:26:59.598+0000] {processor.py:178} INFO - Processing /home/airflow/.local/lib/python3.7/site-packages/airflow/example_dags/tutorial.py took 0.066 seconds
[2023-05-08T22:27:30.423+0000] {processor.py:156} INFO - Started process (PID=206) to work on /home/airflow/.local/lib/python3.7/site-packages/airflow/example_dags/tutorial.py
[2023-05-08T22:27:30.424+0000] {processor.py:799} INFO - Processing file /home/airflow/.local/lib/python3.7/site-packages/airflow/example_dags/tutorial.py for tasks to queue
[2023-05-08T22:27:30.425+0000] {logging_mixin.py:149} INFO - [2023-05-08T22:27:30.425+0000] {dagbag.py:541} INFO - Filling up the DagBag from /home/airflow/.local/lib/python3.7/site-packages/airflow/example_dags/tutorial.py
[2023-05-08T22:27:30.430+0000] {processor.py:809} INFO - DAG(s) dict_keys(['tutorial']) retrieved from /home/airflow/.local/lib/python3.7/site-packages/airflow/example_dags/tutorial.py
[2023-05-08T22:27:30.452+0000] {logging_mixin.py:149} INFO - [2023-05-08T22:27:30.452+0000] {dag.py:2726} INFO - Sync 1 DAGs
[2023-05-08T22:27:30.472+0000] {logging_mixin.py:149} INFO - [2023-05-08T22:27:30.472+0000] {dag.py:3490} INFO - Setting next_dagrun for tutorial to 2023-05-07T22:27:30.472509+00:00, run_after=2023-05-08T22:27:30.472509+00:00
[2023-05-08T22:27:30.486+0000] {processor.py:178} INFO - Processing /home/airflow/.local/lib/python3.7/site-packages/airflow/example_dags/tutorial.py took 0.066 seconds
[2023-05-08T22:28:00.975+0000] {processor.py:156} INFO - Started process (PID=263) to work on /home/airflow/.local/lib/python3.7/site-packages/airflow/example_dags/tutorial.py
[2023-05-08T22:28:00.976+0000] {processor.py:799} INFO - Processing file /home/airflow/.local/lib/python3.7/site-packages/airflow/example_dags/tutorial.py for tasks to queue
[2023-05-08T22:28:00.976+0000] {logging_mixin.py:149} INFO - [2023-05-08T22:28:00.976+0000] {dagbag.py:541} INFO - Filling up the DagBag from /home/airflow/.local/lib/python3.7/site-packages/airflow/example_dags/tutorial.py
[2023-05-08T22:28:00.981+0000] {processor.py:809} INFO - DAG(s) dict_keys(['tutorial']) retrieved from /home/airflow/.local/lib/python3.7/site-packages/airflow/example_dags/tutorial.py
[2023-05-08T22:28:01.004+0000] {logging_mixin.py:149} INFO - [2023-05-08T22:28:01.004+0000] {dag.py:2726} INFO - Sync 1 DAGs
[2023-05-08T22:28:01.025+0000] {logging_mixin.py:149} INFO - [2023-05-08T22:28:01.025+0000] {dag.py:3490} INFO - Setting next_dagrun for tutorial to 2023-05-07T22:28:01.025062+00:00, run_after=2023-05-08T22:28:01.025062+00:00
[2023-05-08T22:28:01.039+0000] {processor.py:178} INFO - Processing /home/airflow/.local/lib/python3.7/site-packages/airflow/example_dags/tutorial.py took 0.067 seconds
[2023-05-08T22:28:31.650+0000] {processor.py:156} INFO - Started process (PID=320) to work on /home/airflow/.local/lib/python3.7/site-packages/airflow/example_dags/tutorial.py
[2023-05-08T22:28:31.651+0000] {processor.py:799} INFO - Processing file /home/airflow/.local/lib/python3.7/site-packages/airflow/example_dags/tutorial.py for tasks to queue
[2023-05-08T22:28:31.652+0000] {logging_mixin.py:149} INFO - [2023-05-08T22:28:31.652+0000] {dagbag.py:541} INFO - Filling up the DagBag from /home/airflow/.local/lib/python3.7/site-packages/airflow/example_dags/tutorial.py
[2023-05-08T22:28:31.657+0000] {processor.py:809} INFO - DAG(s) dict_keys(['tutorial']) retrieved from /home/airflow/.local/lib/python3.7/site-packages/airflow/example_dags/tutorial.py
[2023-05-08T22:28:31.681+0000] {logging_mixin.py:149} INFO - [2023-05-08T22:28:31.681+0000] {dag.py:2726} INFO - Sync 1 DAGs
[2023-05-08T22:28:31.701+0000] {logging_mixin.py:149} INFO - [2023-05-08T22:28:31.701+0000] {dag.py:3490} INFO - Setting next_dagrun for tutorial to 2023-05-07T22:28:31.700876+00:00, run_after=2023-05-08T22:28:31.700876+00:00
[2023-05-08T22:28:31.715+0000] {processor.py:178} INFO - Processing /home/airflow/.local/lib/python3.7/site-packages/airflow/example_dags/tutorial.py took 0.068 seconds
[2023-05-08T22:29:02.496+0000] {processor.py:156} INFO - Started process (PID=377) to work on /home/airflow/.local/lib/python3.7/site-packages/airflow/example_dags/tutorial.py
[2023-05-08T22:29:02.497+0000] {processor.py:799} INFO - Processing file /home/airflow/.local/lib/python3.7/site-packages/airflow/example_dags/tutorial.py for tasks to queue
[2023-05-08T22:29:02.498+0000] {logging_mixin.py:149} INFO - [2023-05-08T22:29:02.498+0000] {dagbag.py:541} INFO - Filling up the DagBag from /home/airflow/.local/lib/python3.7/site-packages/airflow/example_dags/tutorial.py
[2023-05-08T22:29:02.503+0000] {processor.py:809} INFO - DAG(s) dict_keys(['tutorial']) retrieved from /home/airflow/.local/lib/python3.7/site-packages/airflow/example_dags/tutorial.py
[2023-05-08T22:29:02.526+0000] {logging_mixin.py:149} INFO - [2023-05-08T22:29:02.526+0000] {dag.py:2726} INFO - Sync 1 DAGs
[2023-05-08T22:29:02.546+0000] {logging_mixin.py:149} INFO - [2023-05-08T22:29:02.546+0000] {dag.py:3490} INFO - Setting next_dagrun for tutorial to 2023-05-07T22:29:02.546479+00:00, run_after=2023-05-08T22:29:02.546479+00:00
[2023-05-08T22:29:02.560+0000] {processor.py:178} INFO - Processing /home/airflow/.local/lib/python3.7/site-packages/airflow/example_dags/tutorial.py took 0.067 seconds
[2023-05-08T22:29:32.960+0000] {processor.py:156} INFO - Started process (PID=434) to work on /home/airflow/.local/lib/python3.7/site-packages/airflow/example_dags/tutorial.py
[2023-05-08T22:29:32.961+0000] {processor.py:799} INFO - Processing file /home/airflow/.local/lib/python3.7/site-packages/airflow/example_dags/tutorial.py for tasks to queue
[2023-05-08T22:29:32.962+0000] {logging_mixin.py:149} INFO - [2023-05-08T22:29:32.961+0000] {dagbag.py:541} INFO - Filling up the DagBag from /home/airflow/.local/lib/python3.7/site-packages/airflow/example_dags/tutorial.py
[2023-05-08T22:29:32.966+0000] {processor.py:809} INFO - DAG(s) dict_keys(['tutorial']) retrieved from /home/airflow/.local/lib/python3.7/site-packages/airflow/example_dags/tutorial.py
[2023-05-08T22:29:32.988+0000] {logging_mixin.py:149} INFO - [2023-05-08T22:29:32.988+0000] {dag.py:2726} INFO - Sync 1 DAGs
[2023-05-08T22:29:33.007+0000] {logging_mixin.py:149} INFO - [2023-05-08T22:29:33.007+0000] {dag.py:3490} INFO - Setting next_dagrun for tutorial to 2023-05-07T22:29:33.007614+00:00, run_after=2023-05-08T22:29:33.007614+00:00
[2023-05-08T22:29:33.021+0000] {processor.py:178} INFO - Processing /home/airflow/.local/lib/python3.7/site-packages/airflow/example_dags/tutorial.py took 0.064 seconds
[2023-05-08T22:30:03.733+0000] {processor.py:156} INFO - Started process (PID=491) to work on /home/airflow/.local/lib/python3.7/site-packages/airflow/example_dags/tutorial.py
[2023-05-08T22:30:03.734+0000] {processor.py:799} INFO - Processing file /home/airflow/.local/lib/python3.7/site-packages/airflow/example_dags/tutorial.py for tasks to queue
[2023-05-08T22:30:03.735+0000] {logging_mixin.py:149} INFO - [2023-05-08T22:30:03.735+0000] {dagbag.py:541} INFO - Filling up the DagBag from /home/airflow/.local/lib/python3.7/site-packages/airflow/example_dags/tutorial.py
[2023-05-08T22:30:03.740+0000] {processor.py:809} INFO - DAG(s) dict_keys(['tutorial']) retrieved from /home/airflow/.local/lib/python3.7/site-packages/airflow/example_dags/tutorial.py
[2023-05-08T22:30:03.763+0000] {logging_mixin.py:149} INFO - [2023-05-08T22:30:03.763+0000] {dag.py:2726} INFO - Sync 1 DAGs
[2023-05-08T22:30:03.785+0000] {logging_mixin.py:149} INFO - [2023-05-08T22:30:03.785+0000] {dag.py:3490} INFO - Setting next_dagrun for tutorial to 2023-05-07T22:30:03.785272+00:00, run_after=2023-05-08T22:30:03.785272+00:00
[2023-05-08T22:30:03.799+0000] {processor.py:178} INFO - Processing /home/airflow/.local/lib/python3.7/site-packages/airflow/example_dags/tutorial.py took 0.068 seconds
[2023-05-08T22:30:34.561+0000] {processor.py:156} INFO - Started process (PID=548) to work on /home/airflow/.local/lib/python3.7/site-packages/airflow/example_dags/tutorial.py
[2023-05-08T22:30:34.562+0000] {processor.py:799} INFO - Processing file /home/airflow/.local/lib/python3.7/site-packages/airflow/example_dags/tutorial.py for tasks to queue
[2023-05-08T22:30:34.563+0000] {logging_mixin.py:149} INFO - [2023-05-08T22:30:34.563+0000] {dagbag.py:541} INFO - Filling up the DagBag from /home/airflow/.local/lib/python3.7/site-packages/airflow/example_dags/tutorial.py
[2023-05-08T22:30:34.568+0000] {processor.py:809} INFO - DAG(s) dict_keys(['tutorial']) retrieved from /home/airflow/.local/lib/python3.7/site-packages/airflow/example_dags/tutorial.py
[2023-05-08T22:30:34.591+0000] {logging_mixin.py:149} INFO - [2023-05-08T22:30:34.591+0000] {dag.py:2726} INFO - Sync 1 DAGs
[2023-05-08T22:30:34.612+0000] {logging_mixin.py:149} INFO - [2023-05-08T22:30:34.612+0000] {dag.py:3490} INFO - Setting next_dagrun for tutorial to 2023-05-07T22:30:34.611857+00:00, run_after=2023-05-08T22:30:34.611857+00:00
[2023-05-08T22:30:34.626+0000] {processor.py:178} INFO - Processing /home/airflow/.local/lib/python3.7/site-packages/airflow/example_dags/tutorial.py took 0.067 seconds
[2023-05-08T22:31:05.377+0000] {processor.py:156} INFO - Started process (PID=605) to work on /home/airflow/.local/lib/python3.7/site-packages/airflow/example_dags/tutorial.py
[2023-05-08T22:31:05.378+0000] {processor.py:799} INFO - Processing file /home/airflow/.local/lib/python3.7/site-packages/airflow/example_dags/tutorial.py for tasks to queue
[2023-05-08T22:31:05.379+0000] {logging_mixin.py:149} INFO - [2023-05-08T22:31:05.379+0000] {dagbag.py:541} INFO - Filling up the DagBag from /home/airflow/.local/lib/python3.7/site-packages/airflow/example_dags/tutorial.py
[2023-05-08T22:31:05.384+0000] {processor.py:809} INFO - DAG(s) dict_keys(['tutorial']) retrieved from /home/airflow/.local/lib/python3.7/site-packages/airflow/example_dags/tutorial.py
[2023-05-08T22:31:05.408+0000] {logging_mixin.py:149} INFO - [2023-05-08T22:31:05.408+0000] {dag.py:2726} INFO - Sync 1 DAGs
[2023-05-08T22:31:05.430+0000] {logging_mixin.py:149} INFO - [2023-05-08T22:31:05.430+0000] {dag.py:3490} INFO - Setting next_dagrun for tutorial to 2023-05-07T22:31:05.430025+00:00, run_after=2023-05-08T22:31:05.430025+00:00
[2023-05-08T22:31:05.449+0000] {processor.py:178} INFO - Processing /home/airflow/.local/lib/python3.7/site-packages/airflow/example_dags/tutorial.py took 0.075 seconds
[2023-05-08T22:31:36.157+0000] {processor.py:156} INFO - Started process (PID=662) to work on /home/airflow/.local/lib/python3.7/site-packages/airflow/example_dags/tutorial.py
[2023-05-08T22:31:36.158+0000] {processor.py:799} INFO - Processing file /home/airflow/.local/lib/python3.7/site-packages/airflow/example_dags/tutorial.py for tasks to queue
[2023-05-08T22:31:36.158+0000] {logging_mixin.py:149} INFO - [2023-05-08T22:31:36.158+0000] {dagbag.py:541} INFO - Filling up the DagBag from /home/airflow/.local/lib/python3.7/site-packages/airflow/example_dags/tutorial.py
[2023-05-08T22:31:36.164+0000] {processor.py:809} INFO - DAG(s) dict_keys(['tutorial']) retrieved from /home/airflow/.local/lib/python3.7/site-packages/airflow/example_dags/tutorial.py
[2023-05-08T22:31:36.193+0000] {logging_mixin.py:149} INFO - [2023-05-08T22:31:36.193+0000] {dag.py:2726} INFO - Sync 1 DAGs
[2023-05-08T22:31:36.217+0000] {logging_mixin.py:149} INFO - [2023-05-08T22:31:36.217+0000] {dag.py:3490} INFO - Setting next_dagrun for tutorial to 2023-05-07T22:31:36.216943+00:00, run_after=2023-05-08T22:31:36.216943+00:00
[2023-05-08T22:31:36.232+0000] {processor.py:178} INFO - Processing /home/airflow/.local/lib/python3.7/site-packages/airflow/example_dags/tutorial.py took 0.078 seconds
[2023-05-08T22:32:06.709+0000] {processor.py:156} INFO - Started process (PID=719) to work on /home/airflow/.local/lib/python3.7/site-packages/airflow/example_dags/tutorial.py
[2023-05-08T22:32:06.710+0000] {processor.py:799} INFO - Processing file /home/airflow/.local/lib/python3.7/site-packages/airflow/example_dags/tutorial.py for tasks to queue
[2023-05-08T22:32:06.711+0000] {logging_mixin.py:149} INFO - [2023-05-08T22:32:06.711+0000] {dagbag.py:541} INFO - Filling up the DagBag from /home/airflow/.local/lib/python3.7/site-packages/airflow/example_dags/tutorial.py
[2023-05-08T22:32:06.716+0000] {processor.py:809} INFO - DAG(s) dict_keys(['tutorial']) retrieved from /home/airflow/.local/lib/python3.7/site-packages/airflow/example_dags/tutorial.py
[2023-05-08T22:32:06.738+0000] {logging_mixin.py:149} INFO - [2023-05-08T22:32:06.738+0000] {dag.py:2726} INFO - Sync 1 DAGs
[2023-05-08T22:32:06.757+0000] {logging_mixin.py:149} INFO - [2023-05-08T22:32:06.757+0000] {dag.py:3490} INFO - Setting next_dagrun for tutorial to 2023-05-07T22:32:06.757292+00:00, run_after=2023-05-08T22:32:06.757292+00:00
[2023-05-08T22:32:06.771+0000] {processor.py:178} INFO - Processing /home/airflow/.local/lib/python3.7/site-packages/airflow/example_dags/tutorial.py took 0.064 seconds
[2023-05-08T22:32:37.554+0000] {processor.py:156} INFO - Started process (PID=776) to work on /home/airflow/.local/lib/python3.7/site-packages/airflow/example_dags/tutorial.py
[2023-05-08T22:32:37.555+0000] {processor.py:799} INFO - Processing file /home/airflow/.local/lib/python3.7/site-packages/airflow/example_dags/tutorial.py for tasks to queue
[2023-05-08T22:32:37.556+0000] {logging_mixin.py:149} INFO - [2023-05-08T22:32:37.556+0000] {dagbag.py:541} INFO - Filling up the DagBag from /home/airflow/.local/lib/python3.7/site-packages/airflow/example_dags/tutorial.py
[2023-05-08T22:32:37.560+0000] {processor.py:809} INFO - DAG(s) dict_keys(['tutorial']) retrieved from /home/airflow/.local/lib/python3.7/site-packages/airflow/example_dags/tutorial.py
[2023-05-08T22:32:37.583+0000] {logging_mixin.py:149} INFO - [2023-05-08T22:32:37.582+0000] {dag.py:2726} INFO - Sync 1 DAGs
[2023-05-08T22:32:37.603+0000] {logging_mixin.py:149} INFO - [2023-05-08T22:32:37.602+0000] {dag.py:3490} INFO - Setting next_dagrun for tutorial to 2023-05-07T22:32:37.602770+00:00, run_after=2023-05-08T22:32:37.602770+00:00
[2023-05-08T22:32:37.617+0000] {processor.py:178} INFO - Processing /home/airflow/.local/lib/python3.7/site-packages/airflow/example_dags/tutorial.py took 0.066 seconds
[2023-05-08T22:33:08.442+0000] {processor.py:156} INFO - Started process (PID=833) to work on /home/airflow/.local/lib/python3.7/site-packages/airflow/example_dags/tutorial.py
[2023-05-08T22:33:08.443+0000] {processor.py:799} INFO - Processing file /home/airflow/.local/lib/python3.7/site-packages/airflow/example_dags/tutorial.py for tasks to queue
[2023-05-08T22:33:08.444+0000] {logging_mixin.py:149} INFO - [2023-05-08T22:33:08.444+0000] {dagbag.py:541} INFO - Filling up the DagBag from /home/airflow/.local/lib/python3.7/site-packages/airflow/example_dags/tutorial.py
[2023-05-08T22:33:08.449+0000] {processor.py:809} INFO - DAG(s) dict_keys(['tutorial']) retrieved from /home/airflow/.local/lib/python3.7/site-packages/airflow/example_dags/tutorial.py
[2023-05-08T22:33:08.469+0000] {logging_mixin.py:149} INFO - [2023-05-08T22:33:08.469+0000] {dag.py:2726} INFO - Sync 1 DAGs
[2023-05-08T22:33:08.487+0000] {logging_mixin.py:149} INFO - [2023-05-08T22:33:08.487+0000] {dag.py:3490} INFO - Setting next_dagrun for tutorial to 2023-05-07T22:33:08.487595+00:00, run_after=2023-05-08T22:33:08.487595+00:00
[2023-05-08T22:33:08.500+0000] {processor.py:178} INFO - Processing /home/airflow/.local/lib/python3.7/site-packages/airflow/example_dags/tutorial.py took 0.060 seconds
[2023-05-08T22:33:38.704+0000] {processor.py:156} INFO - Started process (PID=890) to work on /home/airflow/.local/lib/python3.7/site-packages/airflow/example_dags/tutorial.py
[2023-05-08T22:33:38.706+0000] {processor.py:799} INFO - Processing file /home/airflow/.local/lib/python3.7/site-packages/airflow/example_dags/tutorial.py for tasks to queue
[2023-05-08T22:33:38.708+0000] {logging_mixin.py:149} INFO - [2023-05-08T22:33:38.708+0000] {dagbag.py:541} INFO - Filling up the DagBag from /home/airflow/.local/lib/python3.7/site-packages/airflow/example_dags/tutorial.py
[2023-05-08T22:33:38.717+0000] {processor.py:809} INFO - DAG(s) dict_keys(['tutorial']) retrieved from /home/airflow/.local/lib/python3.7/site-packages/airflow/example_dags/tutorial.py
[2023-05-08T22:33:38.746+0000] {logging_mixin.py:149} INFO - [2023-05-08T22:33:38.746+0000] {dag.py:2726} INFO - Sync 1 DAGs
[2023-05-08T22:33:38.777+0000] {logging_mixin.py:149} INFO - [2023-05-08T22:33:38.776+0000] {dag.py:3490} INFO - Setting next_dagrun for tutorial to 2023-05-07T22:33:38.776709+00:00, run_after=2023-05-08T22:33:38.776709+00:00
[2023-05-08T22:33:38.794+0000] {processor.py:178} INFO - Processing /home/airflow/.local/lib/python3.7/site-packages/airflow/example_dags/tutorial.py took 0.095 seconds
[2023-05-08T22:34:09.067+0000] {processor.py:156} INFO - Started process (PID=947) to work on /home/airflow/.local/lib/python3.7/site-packages/airflow/example_dags/tutorial.py
[2023-05-08T22:34:09.069+0000] {processor.py:799} INFO - Processing file /home/airflow/.local/lib/python3.7/site-packages/airflow/example_dags/tutorial.py for tasks to queue
[2023-05-08T22:34:09.072+0000] {logging_mixin.py:149} INFO - [2023-05-08T22:34:09.071+0000] {dagbag.py:541} INFO - Filling up the DagBag from /home/airflow/.local/lib/python3.7/site-packages/airflow/example_dags/tutorial.py
[2023-05-08T22:34:09.089+0000] {processor.py:809} INFO - DAG(s) dict_keys(['tutorial']) retrieved from /home/airflow/.local/lib/python3.7/site-packages/airflow/example_dags/tutorial.py
[2023-05-08T22:34:09.127+0000] {logging_mixin.py:149} INFO - [2023-05-08T22:34:09.127+0000] {dag.py:2726} INFO - Sync 1 DAGs
[2023-05-08T22:34:09.152+0000] {logging_mixin.py:149} INFO - [2023-05-08T22:34:09.152+0000] {dag.py:3490} INFO - Setting next_dagrun for tutorial to 2023-05-07T22:34:09.152192+00:00, run_after=2023-05-08T22:34:09.152192+00:00
[2023-05-08T22:34:09.176+0000] {processor.py:178} INFO - Processing /home/airflow/.local/lib/python3.7/site-packages/airflow/example_dags/tutorial.py took 0.113 seconds
[2023-05-08T22:34:39.415+0000] {processor.py:156} INFO - Started process (PID=1005) to work on /home/airflow/.local/lib/python3.7/site-packages/airflow/example_dags/tutorial.py
[2023-05-08T22:34:39.416+0000] {processor.py:799} INFO - Processing file /home/airflow/.local/lib/python3.7/site-packages/airflow/example_dags/tutorial.py for tasks to queue
[2023-05-08T22:34:39.417+0000] {logging_mixin.py:149} INFO - [2023-05-08T22:34:39.417+0000] {dagbag.py:541} INFO - Filling up the DagBag from /home/airflow/.local/lib/python3.7/site-packages/airflow/example_dags/tutorial.py
[2023-05-08T22:34:39.422+0000] {processor.py:809} INFO - DAG(s) dict_keys(['tutorial']) retrieved from /home/airflow/.local/lib/python3.7/site-packages/airflow/example_dags/tutorial.py
[2023-05-08T22:34:39.445+0000] {logging_mixin.py:149} INFO - [2023-05-08T22:34:39.445+0000] {dag.py:2726} INFO - Sync 1 DAGs
[2023-05-08T22:34:39.466+0000] {logging_mixin.py:149} INFO - [2023-05-08T22:34:39.466+0000] {dag.py:3490} INFO - Setting next_dagrun for tutorial to 2023-05-07T22:34:39.465895+00:00, run_after=2023-05-08T22:34:39.465895+00:00
[2023-05-08T22:34:39.482+0000] {processor.py:178} INFO - Processing /home/airflow/.local/lib/python3.7/site-packages/airflow/example_dags/tutorial.py took 0.069 seconds
[2023-05-08T22:35:09.584+0000] {processor.py:156} INFO - Started process (PID=1061) to work on /home/airflow/.local/lib/python3.7/site-packages/airflow/example_dags/tutorial.py
[2023-05-08T22:35:09.585+0000] {processor.py:799} INFO - Processing file /home/airflow/.local/lib/python3.7/site-packages/airflow/example_dags/tutorial.py for tasks to queue
[2023-05-08T22:35:09.585+0000] {logging_mixin.py:149} INFO - [2023-05-08T22:35:09.585+0000] {dagbag.py:541} INFO - Filling up the DagBag from /home/airflow/.local/lib/python3.7/site-packages/airflow/example_dags/tutorial.py
[2023-05-08T22:35:09.589+0000] {processor.py:809} INFO - DAG(s) dict_keys(['tutorial']) retrieved from /home/airflow/.local/lib/python3.7/site-packages/airflow/example_dags/tutorial.py
[2023-05-08T22:35:09.609+0000] {logging_mixin.py:149} INFO - [2023-05-08T22:35:09.609+0000] {dag.py:2726} INFO - Sync 1 DAGs
[2023-05-08T22:35:09.627+0000] {logging_mixin.py:149} INFO - [2023-05-08T22:35:09.627+0000] {dag.py:3490} INFO - Setting next_dagrun for tutorial to 2023-05-07T22:35:09.627034+00:00, run_after=2023-05-08T22:35:09.627034+00:00
[2023-05-08T22:35:09.639+0000] {processor.py:178} INFO - Processing /home/airflow/.local/lib/python3.7/site-packages/airflow/example_dags/tutorial.py took 0.058 seconds
