[2023-05-08T23:13:12.582+0000] {taskinstance.py:1125} INFO - Dependencies all met for dep_context=non-requeueable deps ti=<TaskInstance: veryfi_extract_total.extract_and_load scheduled__2023-05-08T00:14:00+00:00 [queued]>
[2023-05-08T23:13:15.181+0000] {taskinstance.py:1125} INFO - Dependencies all met for dep_context=requeueable deps ti=<TaskInstance: veryfi_extract_total.extract_and_load scheduled__2023-05-08T00:14:00+00:00 [queued]>
[2023-05-08T23:13:15.184+0000] {taskinstance.py:1331} INFO - Starting attempt 1 of 2
[2023-05-08T23:13:15.488+0000] {taskinstance.py:1350} INFO - Executing <Task(PythonOperator): extract_and_load> on 2023-05-08 00:14:00+00:00
[2023-05-08T23:13:15.672+0000] {standard_task_runner.py:57} INFO - Started process 348 to run task
[2023-05-08T23:13:16.229+0000] {standard_task_runner.py:84} INFO - Running: ['***', 'tasks', 'run', 'veryfi_extract_total', 'extract_and_load', 'scheduled__2023-05-08T00:14:00+00:00', '--job-id', '66', '--raw', '--subdir', 'DAGS_FOLDER/ml_response_dag.py', '--cfg-path', '/tmp/tmpm39it5h0']
[2023-05-08T23:13:16.454+0000] {standard_task_runner.py:85} INFO - Job 66: Subtask extract_and_load
[2023-05-08T23:13:26.979+0000] {task_command.py:410} INFO - Running <TaskInstance: veryfi_extract_total.extract_and_load scheduled__2023-05-08T00:14:00+00:00 [running]> on host 916d3785c91c
[2023-05-08T23:13:28.278+0000] {taskinstance.py:1570} INFO - Exporting env vars: AIRFLOW_CTX_DAG_OWNER='***' AIRFLOW_CTX_DAG_ID='veryfi_extract_total' AIRFLOW_CTX_TASK_ID='extract_and_load' AIRFLOW_CTX_EXECUTION_DATE='2023-05-08T00:14:00+00:00' AIRFLOW_CTX_TRY_NUMBER='1' AIRFLOW_CTX_DAG_RUN_ID='scheduled__2023-05-08T00:14:00+00:00'
[2023-05-08T23:13:28.406+0000] {taskinstance.py:1847} ERROR - Task failed with exception
Traceback (most recent call last):
  File "/home/airflow/.local/lib/python3.7/site-packages/airflow/operators/python.py", line 181, in execute
    return_value = self.execute_callable()
  File "/home/airflow/.local/lib/python3.7/site-packages/airflow/operators/python.py", line 198, in execute_callable
    return self.python_callable(*self.op_args, **self.op_kwargs)
  File "/opt/airflow/dags/ml_response_dag.py", line 31, in extract_total
    cur.execute("INSERT INTO parsed_total (total) VALUES (%s)", (total,))
psycopg2.ProgrammingError: can't adapt type 'dict'
[2023-05-08T23:13:28.478+0000] {taskinstance.py:1373} INFO - Marking task as UP_FOR_RETRY. dag_id=veryfi_extract_total, task_id=extract_and_load, execution_date=20230508T001400, start_date=20230508T231312, end_date=20230508T231328
[2023-05-08T23:13:28.506+0000] {standard_task_runner.py:109} ERROR - Failed to execute job 66 for task extract_and_load (can't adapt type 'dict'; 348)
[2023-05-08T23:13:28.691+0000] {local_task_job_runner.py:232} INFO - Task exited with return code 1
[2023-05-08T23:13:29.365+0000] {taskinstance.py:2674} INFO - 0 downstream tasks scheduled from follow-on schedule check
[2023-05-09T04:45:36.515+0000] {taskinstance.py:1125} INFO - Dependencies all met for dep_context=non-requeueable deps ti=<TaskInstance: veryfi_extract_total.extract_and_load scheduled__2023-05-08T00:14:00+00:00 [queued]>
[2023-05-09T04:45:36.532+0000] {taskinstance.py:1125} INFO - Dependencies all met for dep_context=requeueable deps ti=<TaskInstance: veryfi_extract_total.extract_and_load scheduled__2023-05-08T00:14:00+00:00 [queued]>
[2023-05-09T04:45:36.536+0000] {taskinstance.py:1331} INFO - Starting attempt 1 of 2
[2023-05-09T04:45:36.568+0000] {taskinstance.py:1350} INFO - Executing <Task(PythonOperator): extract_and_load> on 2023-05-08 00:14:00+00:00
[2023-05-09T04:45:36.573+0000] {standard_task_runner.py:57} INFO - Started process 886 to run task
[2023-05-09T04:45:36.579+0000] {standard_task_runner.py:84} INFO - Running: ['***', 'tasks', 'run', 'veryfi_extract_total', 'extract_and_load', 'scheduled__2023-05-08T00:14:00+00:00', '--job-id', '163', '--raw', '--subdir', 'DAGS_FOLDER/ml_response_dag.py', '--cfg-path', '/tmp/tmpmbb521do']
[2023-05-09T04:45:36.579+0000] {standard_task_runner.py:85} INFO - Job 163: Subtask extract_and_load
[2023-05-09T04:45:36.713+0000] {task_command.py:410} INFO - Running <TaskInstance: veryfi_extract_total.extract_and_load scheduled__2023-05-08T00:14:00+00:00 [running]> on host aa4b7d3de44b
[2023-05-09T04:45:36.874+0000] {taskinstance.py:1570} INFO - Exporting env vars: AIRFLOW_CTX_DAG_OWNER='***' AIRFLOW_CTX_DAG_ID='veryfi_extract_total' AIRFLOW_CTX_TASK_ID='extract_and_load' AIRFLOW_CTX_EXECUTION_DATE='2023-05-08T00:14:00+00:00' AIRFLOW_CTX_TRY_NUMBER='1' AIRFLOW_CTX_DAG_RUN_ID='scheduled__2023-05-08T00:14:00+00:00'
[2023-05-09T04:45:36.893+0000] {ml_response_dag.py:36} INFO - {}
[2023-05-09T04:45:36.894+0000] {ml_response_dag.py:37} INFO - 1
[2023-05-09T04:45:36.894+0000] {ml_response_dag.py:36} INFO - {'value': '544', 'score': 0.22, 'ocr_score': 0.81, 'bounding_box': [0.22, 0.37, 0.38, 0.52]}
[2023-05-09T04:45:36.895+0000] {ml_response_dag.py:37} INFO - 1
[2023-05-09T04:45:36.895+0000] {ml_response_dag.py:36} INFO - {}
[2023-05-09T04:45:36.895+0000] {ml_response_dag.py:37} INFO - 1
[2023-05-09T04:45:36.896+0000] {ml_response_dag.py:36} INFO - {}
[2023-05-09T04:45:36.896+0000] {ml_response_dag.py:37} INFO - 1
[2023-05-09T04:45:36.897+0000] {ml_response_dag.py:36} INFO - {}
[2023-05-09T04:45:36.897+0000] {ml_response_dag.py:37} INFO - 1
[2023-05-09T04:45:36.898+0000] {ml_response_dag.py:36} INFO - {}
[2023-05-09T04:45:36.898+0000] {ml_response_dag.py:37} INFO - 1
[2023-05-09T04:45:36.898+0000] {ml_response_dag.py:36} INFO - {'value': '660', 'score': 0.48, 'ocr_score': 0.32, 'bounding_box': [0.07, 0.82, 0.06, 0.37]}
[2023-05-09T04:45:36.899+0000] {ml_response_dag.py:37} INFO - 1
[2023-05-09T04:45:36.914+0000] {ml_response_dag.py:36} INFO - {}
[2023-05-09T04:45:36.914+0000] {ml_response_dag.py:37} INFO - 1
[2023-05-09T04:45:36.915+0000] {ml_response_dag.py:36} INFO - {'value': '801', 'score': 0.92, 'ocr_score': 0.28, 'bounding_box': [0.56, 0.9, 0.37, 0.79]}
[2023-05-09T04:45:36.916+0000] {ml_response_dag.py:37} INFO - 1
[2023-05-09T04:45:36.916+0000] {ml_response_dag.py:36} INFO - {}
[2023-05-09T04:45:36.917+0000] {ml_response_dag.py:37} INFO - 2
[2023-05-09T04:45:36.917+0000] {ml_response_dag.py:36} INFO - {}
[2023-05-09T04:45:36.917+0000] {ml_response_dag.py:37} INFO - 2
[2023-05-09T04:45:36.918+0000] {ml_response_dag.py:36} INFO - {'value': '880', 'score': 0.06, 'ocr_score': 0.1, 'bounding_box': [0.76, 0.47, 0.16, 0.27]}
[2023-05-09T04:45:36.918+0000] {ml_response_dag.py:37} INFO - 2
[2023-05-09T04:45:36.918+0000] {ml_response_dag.py:36} INFO - {'value': '380', 'score': 0.11, 'ocr_score': 0.36, 'bounding_box': [0.99, 0.15, 0.39, 0.03]}
[2023-05-09T04:45:36.919+0000] {ml_response_dag.py:37} INFO - 2
[2023-05-09T04:45:36.919+0000] {ml_response_dag.py:36} INFO - {}
[2023-05-09T04:45:36.919+0000] {ml_response_dag.py:37} INFO - 2
[2023-05-09T04:45:36.920+0000] {ml_response_dag.py:36} INFO - {'value': '770', 'score': 0.37, 'ocr_score': 0.84, 'bounding_box': [0.79, 0.15, 0.82, 0.6]}
[2023-05-09T04:45:36.920+0000] {ml_response_dag.py:37} INFO - 2
[2023-05-09T04:45:36.920+0000] {ml_response_dag.py:36} INFO - {}
[2023-05-09T04:45:36.921+0000] {ml_response_dag.py:37} INFO - 2
[2023-05-09T04:45:36.921+0000] {ml_response_dag.py:36} INFO - {}
[2023-05-09T04:45:36.921+0000] {ml_response_dag.py:37} INFO - 2
[2023-05-09T04:45:36.922+0000] {ml_response_dag.py:36} INFO - {}
[2023-05-09T04:45:36.922+0000] {ml_response_dag.py:37} INFO - 2
[2023-05-09T04:45:36.923+0000] {ml_response_dag.py:36} INFO - {}
[2023-05-09T04:45:36.923+0000] {ml_response_dag.py:37} INFO - 3
[2023-05-09T04:45:36.923+0000] {ml_response_dag.py:36} INFO - {}
[2023-05-09T04:45:36.924+0000] {ml_response_dag.py:37} INFO - 4
[2023-05-09T04:45:36.924+0000] {ml_response_dag.py:36} INFO - {}
[2023-05-09T04:45:36.924+0000] {ml_response_dag.py:37} INFO - 5
[2023-05-09T04:45:36.925+0000] {ml_response_dag.py:36} INFO - {}
[2023-05-09T04:45:36.926+0000] {ml_response_dag.py:37} INFO - 5
[2023-05-09T04:45:36.926+0000] {ml_response_dag.py:36} INFO - {'value': '418', 'score': 0.49, 'ocr_score': 0.15, 'bounding_box': [0.88, 0.92, 0.46, 0.3]}
[2023-05-09T04:45:36.926+0000] {ml_response_dag.py:37} INFO - 5
[2023-05-09T04:45:36.928+0000] {ml_response_dag.py:36} INFO - {}
[2023-05-09T04:45:36.928+0000] {ml_response_dag.py:37} INFO - 5
[2023-05-09T04:45:36.929+0000] {ml_response_dag.py:36} INFO - {}
[2023-05-09T04:45:36.929+0000] {ml_response_dag.py:37} INFO - 5
[2023-05-09T04:45:36.929+0000] {ml_response_dag.py:36} INFO - {'value': '78', 'score': 0.03, 'ocr_score': 0.66, 'bounding_box': [0.31, 0.81, 0.43, 0.03]}
[2023-05-09T04:45:36.930+0000] {ml_response_dag.py:37} INFO - 5
[2023-05-09T04:45:36.930+0000] {ml_response_dag.py:36} INFO - {}
[2023-05-09T04:45:36.931+0000] {ml_response_dag.py:37} INFO - 5
[2023-05-09T04:45:36.931+0000] {ml_response_dag.py:36} INFO - {'value': '889', 'score': 0.72, 'ocr_score': 0.56, 'bounding_box': [0.38, 0.17, 0.28, 1.0]}
[2023-05-09T04:45:36.932+0000] {ml_response_dag.py:37} INFO - 5
[2023-05-09T04:45:36.932+0000] {ml_response_dag.py:36} INFO - {'value': '292', 'score': 0.23, 'ocr_score': 0.39, 'bounding_box': [0.45, 0.93, 0.07, 0.2]}
[2023-05-09T04:45:36.933+0000] {ml_response_dag.py:37} INFO - 5
[2023-05-09T04:45:36.934+0000] {ml_response_dag.py:36} INFO - {}
[2023-05-09T04:45:36.934+0000] {ml_response_dag.py:37} INFO - 6
[2023-05-09T04:45:36.935+0000] {ml_response_dag.py:36} INFO - {'value': '542', 'score': 0.01, 'ocr_score': 0.03, 'bounding_box': [0.27, 0.53, 0.77, 0.97]}
[2023-05-09T04:45:36.935+0000] {ml_response_dag.py:37} INFO - 7
[2023-05-09T04:45:36.936+0000] {ml_response_dag.py:36} INFO - {'value': '342', 'score': 0.56, 'ocr_score': 0.14, 'bounding_box': [0.77, 0.91, 0.18, 0.2]}
[2023-05-09T04:45:36.936+0000] {ml_response_dag.py:37} INFO - 7
[2023-05-09T04:45:36.936+0000] {ml_response_dag.py:36} INFO - {'value': '967', 'score': 0.78, 'ocr_score': 0.39, 'bounding_box': [0.86, 0.38, 0.41, 0.36]}
[2023-05-09T04:45:36.937+0000] {ml_response_dag.py:37} INFO - 7
[2023-05-09T04:45:36.937+0000] {ml_response_dag.py:36} INFO - {'value': '100', 'score': 0.68, 'ocr_score': 0.75, 'bounding_box': [0.32, 0.6, 0.97, 0.05]}
[2023-05-09T04:45:36.937+0000] {ml_response_dag.py:37} INFO - 7
[2023-05-09T04:45:36.937+0000] {ml_response_dag.py:36} INFO - {}
[2023-05-09T04:45:36.938+0000] {ml_response_dag.py:37} INFO - 7
[2023-05-09T04:45:36.938+0000] {ml_response_dag.py:36} INFO - {}
[2023-05-09T04:45:36.946+0000] {ml_response_dag.py:37} INFO - 7
[2023-05-09T04:45:36.948+0000] {ml_response_dag.py:36} INFO - {'value': '858', 'score': 0.94, 'ocr_score': 0.64, 'bounding_box': [0.22, 0.37, 0.17, 0.07]}
[2023-05-09T04:45:36.949+0000] {ml_response_dag.py:37} INFO - 7
[2023-05-09T04:45:36.951+0000] {ml_response_dag.py:36} INFO - {}
[2023-05-09T04:45:36.959+0000] {ml_response_dag.py:37} INFO - 7
[2023-05-09T04:45:36.962+0000] {ml_response_dag.py:36} INFO - {'value': '633', 'score': 0.77, 'ocr_score': 0.17, 'bounding_box': [0.44, 0.56, 0.26, 0.15]}
[2023-05-09T04:45:36.962+0000] {ml_response_dag.py:37} INFO - 7
[2023-05-09T04:45:36.963+0000] {ml_response_dag.py:36} INFO - {'value': '609', 'score': 0.47, 'ocr_score': 0.56, 'bounding_box': [0.3, 0.87, 0.78, 0.92]}
[2023-05-09T04:45:36.963+0000] {ml_response_dag.py:37} INFO - 8
[2023-05-09T04:45:36.963+0000] {ml_response_dag.py:36} INFO - {'value': '331', 'score': 0.49, 'ocr_score': 0.99, 'bounding_box': [0.55, 0.36, 0.08, 0.43]}
[2023-05-09T04:45:36.966+0000] {ml_response_dag.py:37} INFO - 8
[2023-05-09T04:45:36.966+0000] {ml_response_dag.py:36} INFO - {'value': '142', 'score': 0.0, 'ocr_score': 0.58, 'bounding_box': [0.17, 0.36, 0.83, 0.62]}
[2023-05-09T04:45:36.969+0000] {ml_response_dag.py:37} INFO - 8
[2023-05-09T04:45:36.969+0000] {ml_response_dag.py:36} INFO - {}
[2023-05-09T04:45:36.970+0000] {ml_response_dag.py:37} INFO - 8
[2023-05-09T04:45:36.970+0000] {ml_response_dag.py:36} INFO - {}
[2023-05-09T04:45:36.970+0000] {ml_response_dag.py:37} INFO - 8
[2023-05-09T04:45:36.971+0000] {ml_response_dag.py:36} INFO - {}
[2023-05-09T04:45:36.971+0000] {ml_response_dag.py:37} INFO - 8
[2023-05-09T04:45:36.972+0000] {ml_response_dag.py:36} INFO - {'value': '826', 'score': 0.74, 'ocr_score': 0.69, 'bounding_box': [0.98, 0.11, 0.14, 0.96]}
[2023-05-09T04:45:36.972+0000] {ml_response_dag.py:37} INFO - 8
[2023-05-09T04:45:36.973+0000] {ml_response_dag.py:36} INFO - {}
[2023-05-09T04:45:36.973+0000] {ml_response_dag.py:37} INFO - 8
[2023-05-09T04:45:36.973+0000] {ml_response_dag.py:36} INFO - {'value': '299', 'score': 0.85, 'ocr_score': 0.04, 'bounding_box': [0.14, 0.46, 0.06, 0.65]}
[2023-05-09T04:45:36.974+0000] {ml_response_dag.py:37} INFO - 8
[2023-05-09T04:45:36.974+0000] {ml_response_dag.py:36} INFO - {'value': '362', 'score': 0.62, 'ocr_score': 0.51, 'bounding_box': [0.42, 0.48, 0.21, 0.45]}
[2023-05-09T04:45:36.974+0000] {ml_response_dag.py:37} INFO - 9
[2023-05-09T04:45:36.975+0000] {ml_response_dag.py:36} INFO - {'value': '288', 'score': 0.77, 'ocr_score': 0.23, 'bounding_box': [0.16, 0.03, 0.68, 0.81]}
[2023-05-09T04:45:36.975+0000] {ml_response_dag.py:37} INFO - 9
[2023-05-09T04:45:36.975+0000] {ml_response_dag.py:36} INFO - {'value': '803', 'score': 0.03, 'ocr_score': 0.42, 'bounding_box': [0.05, 0.5, 0.56, 0.95]}
[2023-05-09T04:45:36.976+0000] {ml_response_dag.py:37} INFO - 9
[2023-05-09T04:45:36.976+0000] {ml_response_dag.py:36} INFO - {'value': '750', 'score': 0.85, 'ocr_score': 0.27, 'bounding_box': [0.71, 0.07, 0.54, 0.9]}
[2023-05-09T04:45:36.977+0000] {ml_response_dag.py:37} INFO - 9
[2023-05-09T04:45:36.977+0000] {ml_response_dag.py:36} INFO - {'value': '148', 'score': 0.41, 'ocr_score': 0.97, 'bounding_box': [0.44, 0.51, 0.69, 0.67]}
[2023-05-09T04:45:36.977+0000] {ml_response_dag.py:37} INFO - 9
[2023-05-09T04:45:36.978+0000] {ml_response_dag.py:36} INFO - {'value': '161', 'score': 0.49, 'ocr_score': 0.58, 'bounding_box': [0.51, 0.51, 0.55, 0.06]}
[2023-05-09T04:45:36.978+0000] {ml_response_dag.py:37} INFO - 9
[2023-05-09T04:45:36.978+0000] {ml_response_dag.py:36} INFO - {}
[2023-05-09T04:45:36.979+0000] {ml_response_dag.py:37} INFO - 9
[2023-05-09T04:45:36.979+0000] {ml_response_dag.py:36} INFO - {}
[2023-05-09T04:45:36.980+0000] {ml_response_dag.py:37} INFO - 9
[2023-05-09T04:45:36.980+0000] {ml_response_dag.py:36} INFO - {}
[2023-05-09T04:45:36.980+0000] {ml_response_dag.py:37} INFO - 9
[2023-05-09T04:45:36.981+0000] {ml_response_dag.py:36} INFO - {'value': '842', 'score': 0.47, 'ocr_score': 0.75, 'bounding_box': [0.16, 0.91, 0.32, 0.53]}
[2023-05-09T04:45:36.981+0000] {ml_response_dag.py:37} INFO - 10
[2023-05-09T04:45:36.982+0000] {ml_response_dag.py:36} INFO - {}
[2023-05-09T04:45:36.982+0000] {ml_response_dag.py:37} INFO - 10
[2023-05-09T04:45:36.982+0000] {ml_response_dag.py:36} INFO - {}
[2023-05-09T04:45:36.983+0000] {ml_response_dag.py:37} INFO - 10
[2023-05-09T04:45:36.983+0000] {ml_response_dag.py:36} INFO - {'value': '458', 'score': 0.81, 'ocr_score': 0.31, 'bounding_box': [0.69, 0.54, 0.48, 0.39]}
[2023-05-09T04:45:36.983+0000] {ml_response_dag.py:37} INFO - 10
[2023-05-09T04:45:36.984+0000] {ml_response_dag.py:36} INFO - {'value': '776', 'score': 0.77, 'ocr_score': 0.34, 'bounding_box': [0.76, 0.85, 0.56, 0.82]}
[2023-05-09T04:45:36.984+0000] {ml_response_dag.py:37} INFO - 10
[2023-05-09T04:45:36.984+0000] {ml_response_dag.py:36} INFO - {}
[2023-05-09T04:45:36.986+0000] {ml_response_dag.py:37} INFO - 10
[2023-05-09T04:45:36.987+0000] {ml_response_dag.py:36} INFO - {'value': '51', 'score': 0.76, 'ocr_score': 0.29, 'bounding_box': [0.79, 0.88, 0.43, 0.21]}
[2023-05-09T04:45:36.987+0000] {ml_response_dag.py:37} INFO - 10
[2023-05-09T04:45:36.987+0000] {ml_response_dag.py:36} INFO - {'value': '843', 'score': 0.05, 'ocr_score': 0.96, 'bounding_box': [0.84, 0.04, 0.6, 0.52]}
[2023-05-09T04:45:36.989+0000] {ml_response_dag.py:37} INFO - 10
[2023-05-09T04:45:36.989+0000] {ml_response_dag.py:36} INFO - {'value': '517', 'score': 0.75, 'ocr_score': 0.74, 'bounding_box': [0.65, 0.92, 0.1, 0.59]}
[2023-05-09T04:45:36.991+0000] {ml_response_dag.py:37} INFO - 10
[2023-05-09T04:45:36.993+0000] {ml_response_dag.py:36} INFO - {}
[2023-05-09T04:45:36.993+0000] {ml_response_dag.py:37} INFO - 11
[2023-05-09T04:45:36.994+0000] {ml_response_dag.py:36} INFO - {}
[2023-05-09T04:45:36.994+0000] {ml_response_dag.py:37} INFO - 11
[2023-05-09T04:45:36.994+0000] {ml_response_dag.py:36} INFO - {'value': '288', 'score': 0.6, 'ocr_score': 0.29, 'bounding_box': [0.96, 0.39, 0.81, 0.96]}
[2023-05-09T04:45:36.998+0000] {ml_response_dag.py:37} INFO - 11
[2023-05-09T04:45:36.999+0000] {ml_response_dag.py:36} INFO - {'value': '878', 'score': 0.44, 'ocr_score': 0.56, 'bounding_box': [0.46, 0.03, 0.06, 0.3]}
[2023-05-09T04:45:36.999+0000] {ml_response_dag.py:37} INFO - 11
[2023-05-09T04:45:36.999+0000] {ml_response_dag.py:36} INFO - {}
[2023-05-09T04:45:37.000+0000] {ml_response_dag.py:37} INFO - 11
[2023-05-09T04:45:37.002+0000] {ml_response_dag.py:36} INFO - {}
[2023-05-09T04:45:37.002+0000] {ml_response_dag.py:37} INFO - 11
[2023-05-09T04:45:37.003+0000] {ml_response_dag.py:36} INFO - {}
[2023-05-09T04:45:37.003+0000] {ml_response_dag.py:37} INFO - 11
[2023-05-09T04:45:37.003+0000] {ml_response_dag.py:36} INFO - {'value': '650', 'score': 0.79, 'ocr_score': 0.64, 'bounding_box': [0.13, 0.78, 0.29, 0.37]}
[2023-05-09T04:45:37.004+0000] {ml_response_dag.py:37} INFO - 11
[2023-05-09T04:45:37.004+0000] {ml_response_dag.py:36} INFO - {}
[2023-05-09T04:45:37.005+0000] {ml_response_dag.py:37} INFO - 11
[2023-05-09T04:45:37.005+0000] {ml_response_dag.py:36} INFO - {'value': '643', 'score': 0.23, 'ocr_score': 0.72, 'bounding_box': [0.01, 0.39, 0.58, 0.53]}
[2023-05-09T04:45:37.005+0000] {ml_response_dag.py:37} INFO - 12
[2023-05-09T04:45:37.006+0000] {ml_response_dag.py:36} INFO - {}
[2023-05-09T04:45:37.006+0000] {ml_response_dag.py:37} INFO - 13
[2023-05-09T04:45:37.006+0000] {ml_response_dag.py:36} INFO - {}
[2023-05-09T04:45:37.007+0000] {ml_response_dag.py:37} INFO - 14
[2023-05-09T04:45:37.007+0000] {ml_response_dag.py:36} INFO - {'value': '141', 'score': 0.27, 'ocr_score': 0.93, 'bounding_box': [0.24, 0.73, 0.11, 0.89]}
[2023-05-09T04:45:37.007+0000] {ml_response_dag.py:37} INFO - 15
[2023-05-09T04:45:37.007+0000] {ml_response_dag.py:36} INFO - {'value': '59', 'score': 0.45, 'ocr_score': 0.57, 'bounding_box': [0.45, 0.64, 0.68, 0.17]}
[2023-05-09T04:45:37.008+0000] {ml_response_dag.py:37} INFO - 15
[2023-05-09T04:45:37.009+0000] {ml_response_dag.py:36} INFO - {'value': '333', 'score': 0.34, 'ocr_score': 0.85, 'bounding_box': [0.81, 0.57, 0.99, 0.77]}
[2023-05-09T04:45:37.009+0000] {ml_response_dag.py:37} INFO - 15
[2023-05-09T04:45:37.009+0000] {ml_response_dag.py:36} INFO - {'value': '257', 'score': 0.11, 'ocr_score': 0.43, 'bounding_box': [0.37, 0.55, 0.53, 0.66]}
[2023-05-09T04:45:37.010+0000] {ml_response_dag.py:37} INFO - 15
[2023-05-09T04:45:37.010+0000] {ml_response_dag.py:36} INFO - {'value': '190', 'score': 0.21, 'ocr_score': 0.83, 'bounding_box': [0.88, 0.83, 0.57, 0.11]}
[2023-05-09T04:45:37.010+0000] {ml_response_dag.py:37} INFO - 15
[2023-05-09T04:45:37.010+0000] {ml_response_dag.py:36} INFO - {}
[2023-05-09T04:45:37.011+0000] {ml_response_dag.py:37} INFO - 15
[2023-05-09T04:45:37.013+0000] {ml_response_dag.py:36} INFO - {}
[2023-05-09T04:45:37.014+0000] {ml_response_dag.py:37} INFO - 15
[2023-05-09T04:45:37.014+0000] {ml_response_dag.py:36} INFO - {}
[2023-05-09T04:45:37.014+0000] {ml_response_dag.py:37} INFO - 15
[2023-05-09T04:45:37.015+0000] {ml_response_dag.py:36} INFO - {'value': '475', 'score': 0.57, 'ocr_score': 0.49, 'bounding_box': [0.4, 0.3, 0.99, 0.32]}
[2023-05-09T04:45:37.015+0000] {ml_response_dag.py:37} INFO - 15
[2023-05-09T04:45:37.015+0000] {ml_response_dag.py:36} INFO - {'value': '745', 'score': 0.84, 'ocr_score': 0.82, 'bounding_box': [0.84, 0.57, 0.94, 0.44]}
[2023-05-09T04:45:37.016+0000] {ml_response_dag.py:37} INFO - 16
[2023-05-09T04:45:37.016+0000] {python.py:183} INFO - Done. Returned value was: None
[2023-05-09T04:45:37.032+0000] {taskinstance.py:1373} INFO - Marking task as SUCCESS. dag_id=veryfi_extract_total, task_id=extract_and_load, execution_date=20230508T001400, start_date=20230509T044536, end_date=20230509T044537
[2023-05-09T04:45:37.077+0000] {local_task_job_runner.py:232} INFO - Task exited with return code 0
[2023-05-09T04:45:37.165+0000] {taskinstance.py:2674} INFO - 0 downstream tasks scheduled from follow-on schedule check
