[2023-05-09T04:56:54.687+0000] {taskinstance.py:1125} INFO - Dependencies all met for dep_context=non-requeueable deps ti=<TaskInstance: veryfi_extract_total.extract_and_load scheduled__2023-05-08T02:00:00+00:00 [queued]>
[2023-05-09T04:56:54.710+0000] {taskinstance.py:1125} INFO - Dependencies all met for dep_context=requeueable deps ti=<TaskInstance: veryfi_extract_total.extract_and_load scheduled__2023-05-08T02:00:00+00:00 [queued]>
[2023-05-09T04:56:54.712+0000] {taskinstance.py:1331} INFO - Starting attempt 1 of 2
[2023-05-09T04:56:54.770+0000] {taskinstance.py:1350} INFO - Executing <Task(PythonOperator): extract_and_load> on 2023-05-08 02:00:00+00:00
[2023-05-09T04:56:54.783+0000] {standard_task_runner.py:57} INFO - Started process 1556 to run task
[2023-05-09T04:56:54.792+0000] {standard_task_runner.py:84} INFO - Running: ['***', 'tasks', 'run', 'veryfi_extract_total', 'extract_and_load', 'scheduled__2023-05-08T02:00:00+00:00', '--job-id', '404', '--raw', '--subdir', 'DAGS_FOLDER/ml_response_dag.py', '--cfg-path', '/tmp/tmp9m8udvt5']
[2023-05-09T04:56:54.799+0000] {standard_task_runner.py:85} INFO - Job 404: Subtask extract_and_load
[2023-05-09T04:56:55.037+0000] {task_command.py:410} INFO - Running <TaskInstance: veryfi_extract_total.extract_and_load scheduled__2023-05-08T02:00:00+00:00 [running]> on host aa4b7d3de44b
[2023-05-09T04:56:58.515+0000] {taskinstance.py:1570} INFO - Exporting env vars: AIRFLOW_CTX_DAG_OWNER='***' AIRFLOW_CTX_DAG_ID='veryfi_extract_total' AIRFLOW_CTX_TASK_ID='extract_and_load' AIRFLOW_CTX_EXECUTION_DATE='2023-05-08T02:00:00+00:00' AIRFLOW_CTX_TRY_NUMBER='1' AIRFLOW_CTX_DAG_RUN_ID='scheduled__2023-05-08T02:00:00+00:00'
[2023-05-09T04:56:58.600+0000] {ml_response_dag.py:35} INFO - {}
[2023-05-09T04:56:58.604+0000] {ml_response_dag.py:36} INFO - 1
[2023-05-09T04:56:58.608+0000] {ml_response_dag.py:37} INFO - Inserted to db
[2023-05-09T04:56:58.635+0000] {ml_response_dag.py:35} INFO - {'value': '544', 'score': 0.22, 'ocr_score': 0.81, 'bounding_box': [0.22, 0.37, 0.38, 0.52]}
[2023-05-09T04:56:58.649+0000] {ml_response_dag.py:36} INFO - 1
[2023-05-09T04:56:58.650+0000] {ml_response_dag.py:37} INFO - Inserted to db
[2023-05-09T04:56:58.654+0000] {ml_response_dag.py:35} INFO - {}
[2023-05-09T04:56:58.659+0000] {ml_response_dag.py:36} INFO - 1
[2023-05-09T04:56:58.659+0000] {ml_response_dag.py:37} INFO - Inserted to db
[2023-05-09T04:56:58.660+0000] {ml_response_dag.py:35} INFO - {}
[2023-05-09T04:56:58.660+0000] {ml_response_dag.py:36} INFO - 1
[2023-05-09T04:56:58.661+0000] {ml_response_dag.py:37} INFO - Inserted to db
[2023-05-09T04:56:58.662+0000] {ml_response_dag.py:35} INFO - {}
[2023-05-09T04:56:58.662+0000] {ml_response_dag.py:36} INFO - 1
[2023-05-09T04:56:58.663+0000] {ml_response_dag.py:37} INFO - Inserted to db
[2023-05-09T04:56:58.663+0000] {ml_response_dag.py:35} INFO - {}
[2023-05-09T04:56:58.664+0000] {ml_response_dag.py:36} INFO - 1
[2023-05-09T04:56:58.668+0000] {ml_response_dag.py:37} INFO - Inserted to db
[2023-05-09T04:56:58.671+0000] {ml_response_dag.py:35} INFO - {'value': '660', 'score': 0.48, 'ocr_score': 0.32, 'bounding_box': [0.07, 0.82, 0.06, 0.37]}
[2023-05-09T04:56:58.672+0000] {ml_response_dag.py:36} INFO - 1
[2023-05-09T04:56:58.672+0000] {ml_response_dag.py:37} INFO - Inserted to db
[2023-05-09T04:56:58.673+0000] {ml_response_dag.py:35} INFO - {}
[2023-05-09T04:56:58.674+0000] {ml_response_dag.py:36} INFO - 1
[2023-05-09T04:56:58.675+0000] {ml_response_dag.py:37} INFO - Inserted to db
[2023-05-09T04:56:58.676+0000] {ml_response_dag.py:35} INFO - {'value': '801', 'score': 0.92, 'ocr_score': 0.28, 'bounding_box': [0.56, 0.9, 0.37, 0.79]}
[2023-05-09T04:56:58.677+0000] {ml_response_dag.py:36} INFO - 1
[2023-05-09T04:56:58.678+0000] {ml_response_dag.py:37} INFO - Inserted to db
[2023-05-09T04:56:58.679+0000] {ml_response_dag.py:35} INFO - {}
[2023-05-09T04:56:58.680+0000] {ml_response_dag.py:36} INFO - 2
[2023-05-09T04:56:58.680+0000] {ml_response_dag.py:37} INFO - Inserted to db
[2023-05-09T04:56:58.685+0000] {ml_response_dag.py:35} INFO - {}
[2023-05-09T04:56:58.694+0000] {ml_response_dag.py:36} INFO - 2
[2023-05-09T04:56:58.699+0000] {ml_response_dag.py:37} INFO - Inserted to db
[2023-05-09T04:56:58.700+0000] {ml_response_dag.py:35} INFO - {'value': '880', 'score': 0.06, 'ocr_score': 0.1, 'bounding_box': [0.76, 0.47, 0.16, 0.27]}
[2023-05-09T04:56:58.702+0000] {ml_response_dag.py:36} INFO - 2
[2023-05-09T04:56:58.703+0000] {ml_response_dag.py:37} INFO - Inserted to db
[2023-05-09T04:56:58.704+0000] {ml_response_dag.py:35} INFO - {'value': '380', 'score': 0.11, 'ocr_score': 0.36, 'bounding_box': [0.99, 0.15, 0.39, 0.03]}
[2023-05-09T04:56:58.704+0000] {ml_response_dag.py:36} INFO - 2
[2023-05-09T04:56:58.705+0000] {ml_response_dag.py:37} INFO - Inserted to db
[2023-05-09T04:56:58.706+0000] {ml_response_dag.py:35} INFO - {}
[2023-05-09T04:56:58.706+0000] {ml_response_dag.py:36} INFO - 2
[2023-05-09T04:56:58.707+0000] {ml_response_dag.py:37} INFO - Inserted to db
[2023-05-09T04:56:58.707+0000] {ml_response_dag.py:35} INFO - {'value': '770', 'score': 0.37, 'ocr_score': 0.84, 'bounding_box': [0.79, 0.15, 0.82, 0.6]}
[2023-05-09T04:56:58.708+0000] {ml_response_dag.py:36} INFO - 2
[2023-05-09T04:56:58.708+0000] {ml_response_dag.py:37} INFO - Inserted to db
[2023-05-09T04:56:58.709+0000] {ml_response_dag.py:35} INFO - {}
[2023-05-09T04:56:58.709+0000] {ml_response_dag.py:36} INFO - 2
[2023-05-09T04:56:58.711+0000] {ml_response_dag.py:37} INFO - Inserted to db
[2023-05-09T04:56:58.714+0000] {ml_response_dag.py:35} INFO - {}
[2023-05-09T04:56:58.714+0000] {ml_response_dag.py:36} INFO - 2
[2023-05-09T04:56:58.715+0000] {ml_response_dag.py:37} INFO - Inserted to db
[2023-05-09T04:56:58.715+0000] {ml_response_dag.py:35} INFO - {}
[2023-05-09T04:56:58.718+0000] {ml_response_dag.py:36} INFO - 2
[2023-05-09T04:56:58.730+0000] {ml_response_dag.py:37} INFO - Inserted to db
[2023-05-09T04:56:58.735+0000] {ml_response_dag.py:35} INFO - {}
[2023-05-09T04:56:58.736+0000] {ml_response_dag.py:36} INFO - 3
[2023-05-09T04:56:58.736+0000] {ml_response_dag.py:37} INFO - Inserted to db
[2023-05-09T04:56:58.737+0000] {ml_response_dag.py:35} INFO - {}
[2023-05-09T04:56:58.741+0000] {ml_response_dag.py:36} INFO - 4
[2023-05-09T04:56:58.741+0000] {ml_response_dag.py:37} INFO - Inserted to db
[2023-05-09T04:56:58.745+0000] {ml_response_dag.py:35} INFO - {}
[2023-05-09T04:56:58.748+0000] {ml_response_dag.py:36} INFO - 5
[2023-05-09T04:56:58.750+0000] {ml_response_dag.py:37} INFO - Inserted to db
[2023-05-09T04:56:58.752+0000] {ml_response_dag.py:35} INFO - {}
[2023-05-09T04:56:58.753+0000] {ml_response_dag.py:36} INFO - 5
[2023-05-09T04:56:58.754+0000] {ml_response_dag.py:37} INFO - Inserted to db
[2023-05-09T04:56:58.755+0000] {ml_response_dag.py:35} INFO - {'value': '418', 'score': 0.49, 'ocr_score': 0.15, 'bounding_box': [0.88, 0.92, 0.46, 0.3]}
[2023-05-09T04:56:58.756+0000] {ml_response_dag.py:36} INFO - 5
[2023-05-09T04:56:58.758+0000] {ml_response_dag.py:37} INFO - Inserted to db
[2023-05-09T04:56:58.760+0000] {ml_response_dag.py:35} INFO - {}
[2023-05-09T04:56:58.762+0000] {ml_response_dag.py:36} INFO - 5
[2023-05-09T04:56:58.763+0000] {ml_response_dag.py:37} INFO - Inserted to db
[2023-05-09T04:56:58.765+0000] {ml_response_dag.py:35} INFO - {}
[2023-05-09T04:56:58.765+0000] {ml_response_dag.py:36} INFO - 5
[2023-05-09T04:56:58.766+0000] {ml_response_dag.py:37} INFO - Inserted to db
[2023-05-09T04:56:58.767+0000] {ml_response_dag.py:35} INFO - {'value': '78', 'score': 0.03, 'ocr_score': 0.66, 'bounding_box': [0.31, 0.81, 0.43, 0.03]}
[2023-05-09T04:56:58.768+0000] {ml_response_dag.py:36} INFO - 5
[2023-05-09T04:56:58.771+0000] {ml_response_dag.py:37} INFO - Inserted to db
[2023-05-09T04:56:58.773+0000] {ml_response_dag.py:35} INFO - {}
[2023-05-09T04:56:58.781+0000] {ml_response_dag.py:36} INFO - 5
[2023-05-09T04:56:58.783+0000] {ml_response_dag.py:37} INFO - Inserted to db
[2023-05-09T04:56:58.788+0000] {ml_response_dag.py:35} INFO - {'value': '889', 'score': 0.72, 'ocr_score': 0.56, 'bounding_box': [0.38, 0.17, 0.28, 1.0]}
[2023-05-09T04:56:58.792+0000] {ml_response_dag.py:36} INFO - 5
[2023-05-09T04:56:58.802+0000] {ml_response_dag.py:37} INFO - Inserted to db
[2023-05-09T04:56:58.810+0000] {ml_response_dag.py:35} INFO - {'value': '292', 'score': 0.23, 'ocr_score': 0.39, 'bounding_box': [0.45, 0.93, 0.07, 0.2]}
[2023-05-09T04:56:58.813+0000] {ml_response_dag.py:36} INFO - 5
[2023-05-09T04:56:58.815+0000] {ml_response_dag.py:37} INFO - Inserted to db
[2023-05-09T04:56:58.819+0000] {ml_response_dag.py:35} INFO - {}
[2023-05-09T04:56:58.820+0000] {ml_response_dag.py:36} INFO - 6
[2023-05-09T04:56:58.820+0000] {ml_response_dag.py:37} INFO - Inserted to db
[2023-05-09T04:56:58.822+0000] {ml_response_dag.py:35} INFO - {'value': '542', 'score': 0.01, 'ocr_score': 0.03, 'bounding_box': [0.27, 0.53, 0.77, 0.97]}
[2023-05-09T04:56:58.824+0000] {ml_response_dag.py:36} INFO - 7
[2023-05-09T04:56:58.825+0000] {ml_response_dag.py:37} INFO - Inserted to db
[2023-05-09T04:56:58.828+0000] {ml_response_dag.py:35} INFO - {'value': '342', 'score': 0.56, 'ocr_score': 0.14, 'bounding_box': [0.77, 0.91, 0.18, 0.2]}
[2023-05-09T04:56:58.832+0000] {ml_response_dag.py:36} INFO - 7
[2023-05-09T04:56:58.843+0000] {ml_response_dag.py:37} INFO - Inserted to db
[2023-05-09T04:56:58.874+0000] {ml_response_dag.py:35} INFO - {'value': '967', 'score': 0.78, 'ocr_score': 0.39, 'bounding_box': [0.86, 0.38, 0.41, 0.36]}
[2023-05-09T04:56:58.878+0000] {ml_response_dag.py:36} INFO - 7
[2023-05-09T04:56:58.881+0000] {ml_response_dag.py:37} INFO - Inserted to db
[2023-05-09T04:56:58.889+0000] {ml_response_dag.py:35} INFO - {'value': '100', 'score': 0.68, 'ocr_score': 0.75, 'bounding_box': [0.32, 0.6, 0.97, 0.05]}
[2023-05-09T04:56:58.891+0000] {ml_response_dag.py:36} INFO - 7
[2023-05-09T04:56:58.894+0000] {ml_response_dag.py:37} INFO - Inserted to db
[2023-05-09T04:56:58.896+0000] {ml_response_dag.py:35} INFO - {}
[2023-05-09T04:56:58.905+0000] {ml_response_dag.py:36} INFO - 7
[2023-05-09T04:56:58.908+0000] {ml_response_dag.py:37} INFO - Inserted to db
[2023-05-09T04:56:58.911+0000] {ml_response_dag.py:35} INFO - {}
[2023-05-09T04:56:58.920+0000] {ml_response_dag.py:36} INFO - 7
[2023-05-09T04:56:58.922+0000] {ml_response_dag.py:37} INFO - Inserted to db
[2023-05-09T04:56:58.925+0000] {ml_response_dag.py:35} INFO - {'value': '858', 'score': 0.94, 'ocr_score': 0.64, 'bounding_box': [0.22, 0.37, 0.17, 0.07]}
[2023-05-09T04:56:58.928+0000] {ml_response_dag.py:36} INFO - 7
[2023-05-09T04:56:58.930+0000] {ml_response_dag.py:37} INFO - Inserted to db
[2023-05-09T04:56:58.934+0000] {ml_response_dag.py:35} INFO - {}
[2023-05-09T04:56:58.936+0000] {ml_response_dag.py:36} INFO - 7
[2023-05-09T04:56:58.937+0000] {ml_response_dag.py:37} INFO - Inserted to db
[2023-05-09T04:56:58.940+0000] {ml_response_dag.py:35} INFO - {'value': '633', 'score': 0.77, 'ocr_score': 0.17, 'bounding_box': [0.44, 0.56, 0.26, 0.15]}
[2023-05-09T04:56:58.941+0000] {ml_response_dag.py:36} INFO - 7
[2023-05-09T04:56:58.942+0000] {ml_response_dag.py:37} INFO - Inserted to db
[2023-05-09T04:56:58.942+0000] {ml_response_dag.py:35} INFO - {'value': '609', 'score': 0.47, 'ocr_score': 0.56, 'bounding_box': [0.3, 0.87, 0.78, 0.92]}
[2023-05-09T04:56:58.943+0000] {ml_response_dag.py:36} INFO - 8
[2023-05-09T04:56:58.944+0000] {ml_response_dag.py:37} INFO - Inserted to db
[2023-05-09T04:56:58.947+0000] {ml_response_dag.py:35} INFO - {'value': '331', 'score': 0.49, 'ocr_score': 0.99, 'bounding_box': [0.55, 0.36, 0.08, 0.43]}
[2023-05-09T04:56:58.950+0000] {ml_response_dag.py:36} INFO - 8
[2023-05-09T04:56:58.953+0000] {ml_response_dag.py:37} INFO - Inserted to db
[2023-05-09T04:56:58.955+0000] {ml_response_dag.py:35} INFO - {'value': '142', 'score': 0.0, 'ocr_score': 0.58, 'bounding_box': [0.17, 0.36, 0.83, 0.62]}
[2023-05-09T04:56:58.956+0000] {ml_response_dag.py:36} INFO - 8
[2023-05-09T04:56:58.956+0000] {ml_response_dag.py:37} INFO - Inserted to db
[2023-05-09T04:56:58.957+0000] {ml_response_dag.py:35} INFO - {}
[2023-05-09T04:56:58.958+0000] {ml_response_dag.py:36} INFO - 8
[2023-05-09T04:56:58.959+0000] {ml_response_dag.py:37} INFO - Inserted to db
[2023-05-09T04:56:58.960+0000] {ml_response_dag.py:35} INFO - {}
[2023-05-09T04:56:58.962+0000] {ml_response_dag.py:36} INFO - 8
[2023-05-09T04:56:58.963+0000] {ml_response_dag.py:37} INFO - Inserted to db
[2023-05-09T04:56:58.963+0000] {ml_response_dag.py:35} INFO - {}
[2023-05-09T04:56:58.964+0000] {ml_response_dag.py:36} INFO - 8
[2023-05-09T04:56:58.966+0000] {ml_response_dag.py:37} INFO - Inserted to db
[2023-05-09T04:56:58.969+0000] {ml_response_dag.py:35} INFO - {'value': '826', 'score': 0.74, 'ocr_score': 0.69, 'bounding_box': [0.98, 0.11, 0.14, 0.96]}
[2023-05-09T04:56:58.978+0000] {ml_response_dag.py:36} INFO - 8
[2023-05-09T04:56:58.986+0000] {ml_response_dag.py:37} INFO - Inserted to db
[2023-05-09T04:56:58.989+0000] {ml_response_dag.py:35} INFO - {}
[2023-05-09T04:56:58.993+0000] {ml_response_dag.py:36} INFO - 8
[2023-05-09T04:56:58.996+0000] {ml_response_dag.py:37} INFO - Inserted to db
[2023-05-09T04:56:59.001+0000] {ml_response_dag.py:35} INFO - {'value': '299', 'score': 0.85, 'ocr_score': 0.04, 'bounding_box': [0.14, 0.46, 0.06, 0.65]}
[2023-05-09T04:56:59.003+0000] {ml_response_dag.py:36} INFO - 8
[2023-05-09T04:56:59.007+0000] {ml_response_dag.py:37} INFO - Inserted to db
[2023-05-09T04:56:59.010+0000] {ml_response_dag.py:35} INFO - {'value': '362', 'score': 0.62, 'ocr_score': 0.51, 'bounding_box': [0.42, 0.48, 0.21, 0.45]}
[2023-05-09T04:56:59.020+0000] {ml_response_dag.py:36} INFO - 9
[2023-05-09T04:56:59.022+0000] {ml_response_dag.py:37} INFO - Inserted to db
[2023-05-09T04:56:59.050+0000] {ml_response_dag.py:35} INFO - {'value': '288', 'score': 0.77, 'ocr_score': 0.23, 'bounding_box': [0.16, 0.03, 0.68, 0.81]}
[2023-05-09T04:56:59.050+0000] {ml_response_dag.py:36} INFO - 9
[2023-05-09T04:56:59.051+0000] {ml_response_dag.py:37} INFO - Inserted to db
[2023-05-09T04:56:59.052+0000] {ml_response_dag.py:35} INFO - {'value': '803', 'score': 0.03, 'ocr_score': 0.42, 'bounding_box': [0.05, 0.5, 0.56, 0.95]}
[2023-05-09T04:56:59.053+0000] {ml_response_dag.py:36} INFO - 9
[2023-05-09T04:56:59.053+0000] {ml_response_dag.py:37} INFO - Inserted to db
[2023-05-09T04:56:59.056+0000] {ml_response_dag.py:35} INFO - {'value': '750', 'score': 0.85, 'ocr_score': 0.27, 'bounding_box': [0.71, 0.07, 0.54, 0.9]}
[2023-05-09T04:56:59.057+0000] {ml_response_dag.py:36} INFO - 9
[2023-05-09T04:56:59.057+0000] {ml_response_dag.py:37} INFO - Inserted to db
[2023-05-09T04:56:59.058+0000] {ml_response_dag.py:35} INFO - {'value': '148', 'score': 0.41, 'ocr_score': 0.97, 'bounding_box': [0.44, 0.51, 0.69, 0.67]}
[2023-05-09T04:56:59.062+0000] {ml_response_dag.py:36} INFO - 9
[2023-05-09T04:56:59.063+0000] {ml_response_dag.py:37} INFO - Inserted to db
[2023-05-09T04:56:59.064+0000] {ml_response_dag.py:35} INFO - {'value': '161', 'score': 0.49, 'ocr_score': 0.58, 'bounding_box': [0.51, 0.51, 0.55, 0.06]}
[2023-05-09T04:56:59.064+0000] {ml_response_dag.py:36} INFO - 9
[2023-05-09T04:56:59.064+0000] {ml_response_dag.py:37} INFO - Inserted to db
[2023-05-09T04:56:59.065+0000] {ml_response_dag.py:35} INFO - {}
[2023-05-09T04:56:59.066+0000] {ml_response_dag.py:36} INFO - 9
[2023-05-09T04:56:59.068+0000] {ml_response_dag.py:37} INFO - Inserted to db
[2023-05-09T04:56:59.070+0000] {ml_response_dag.py:35} INFO - {}
[2023-05-09T04:56:59.071+0000] {ml_response_dag.py:36} INFO - 9
[2023-05-09T04:56:59.071+0000] {ml_response_dag.py:37} INFO - Inserted to db
[2023-05-09T04:56:59.072+0000] {ml_response_dag.py:35} INFO - {}
[2023-05-09T04:56:59.072+0000] {ml_response_dag.py:36} INFO - 9
[2023-05-09T04:56:59.073+0000] {ml_response_dag.py:37} INFO - Inserted to db
[2023-05-09T04:56:59.073+0000] {ml_response_dag.py:35} INFO - {'value': '842', 'score': 0.47, 'ocr_score': 0.75, 'bounding_box': [0.16, 0.91, 0.32, 0.53]}
[2023-05-09T04:56:59.074+0000] {ml_response_dag.py:36} INFO - 10
[2023-05-09T04:56:59.074+0000] {ml_response_dag.py:37} INFO - Inserted to db
[2023-05-09T04:56:59.075+0000] {ml_response_dag.py:35} INFO - {}
[2023-05-09T04:56:59.076+0000] {ml_response_dag.py:36} INFO - 10
[2023-05-09T04:56:59.076+0000] {ml_response_dag.py:37} INFO - Inserted to db
[2023-05-09T04:56:59.078+0000] {ml_response_dag.py:35} INFO - {}
[2023-05-09T04:56:59.078+0000] {ml_response_dag.py:36} INFO - 10
[2023-05-09T04:56:59.079+0000] {ml_response_dag.py:37} INFO - Inserted to db
[2023-05-09T04:56:59.082+0000] {ml_response_dag.py:35} INFO - {'value': '458', 'score': 0.81, 'ocr_score': 0.31, 'bounding_box': [0.69, 0.54, 0.48, 0.39]}
[2023-05-09T04:56:59.084+0000] {ml_response_dag.py:36} INFO - 10
[2023-05-09T04:56:59.087+0000] {ml_response_dag.py:37} INFO - Inserted to db
[2023-05-09T04:56:59.089+0000] {ml_response_dag.py:35} INFO - {'value': '776', 'score': 0.77, 'ocr_score': 0.34, 'bounding_box': [0.76, 0.85, 0.56, 0.82]}
[2023-05-09T04:56:59.093+0000] {ml_response_dag.py:36} INFO - 10
[2023-05-09T04:56:59.099+0000] {ml_response_dag.py:37} INFO - Inserted to db
[2023-05-09T04:56:59.116+0000] {ml_response_dag.py:35} INFO - {}
[2023-05-09T04:56:59.120+0000] {ml_response_dag.py:36} INFO - 10
[2023-05-09T04:56:59.121+0000] {ml_response_dag.py:37} INFO - Inserted to db
[2023-05-09T04:56:59.122+0000] {ml_response_dag.py:35} INFO - {'value': '51', 'score': 0.76, 'ocr_score': 0.29, 'bounding_box': [0.79, 0.88, 0.43, 0.21]}
[2023-05-09T04:56:59.123+0000] {ml_response_dag.py:36} INFO - 10
[2023-05-09T04:56:59.124+0000] {ml_response_dag.py:37} INFO - Inserted to db
[2023-05-09T04:56:59.126+0000] {ml_response_dag.py:35} INFO - {'value': '843', 'score': 0.05, 'ocr_score': 0.96, 'bounding_box': [0.84, 0.04, 0.6, 0.52]}
[2023-05-09T04:56:59.126+0000] {ml_response_dag.py:36} INFO - 10
[2023-05-09T04:56:59.129+0000] {ml_response_dag.py:37} INFO - Inserted to db
[2023-05-09T04:56:59.131+0000] {ml_response_dag.py:35} INFO - {'value': '517', 'score': 0.75, 'ocr_score': 0.74, 'bounding_box': [0.65, 0.92, 0.1, 0.59]}
[2023-05-09T04:56:59.132+0000] {ml_response_dag.py:36} INFO - 10
[2023-05-09T04:56:59.137+0000] {ml_response_dag.py:37} INFO - Inserted to db
[2023-05-09T04:56:59.142+0000] {ml_response_dag.py:35} INFO - {}
[2023-05-09T04:56:59.180+0000] {ml_response_dag.py:36} INFO - 11
[2023-05-09T04:56:59.183+0000] {ml_response_dag.py:37} INFO - Inserted to db
[2023-05-09T04:56:59.184+0000] {ml_response_dag.py:35} INFO - {}
[2023-05-09T04:56:59.186+0000] {ml_response_dag.py:36} INFO - 11
[2023-05-09T04:56:59.187+0000] {ml_response_dag.py:37} INFO - Inserted to db
[2023-05-09T04:56:59.188+0000] {ml_response_dag.py:35} INFO - {'value': '288', 'score': 0.6, 'ocr_score': 0.29, 'bounding_box': [0.96, 0.39, 0.81, 0.96]}
[2023-05-09T04:56:59.189+0000] {ml_response_dag.py:36} INFO - 11
[2023-05-09T04:56:59.190+0000] {ml_response_dag.py:37} INFO - Inserted to db
[2023-05-09T04:56:59.205+0000] {ml_response_dag.py:35} INFO - {'value': '878', 'score': 0.44, 'ocr_score': 0.56, 'bounding_box': [0.46, 0.03, 0.06, 0.3]}
[2023-05-09T04:56:59.206+0000] {ml_response_dag.py:36} INFO - 11
[2023-05-09T04:56:59.208+0000] {ml_response_dag.py:37} INFO - Inserted to db
[2023-05-09T04:56:59.209+0000] {ml_response_dag.py:35} INFO - {}
[2023-05-09T04:56:59.209+0000] {ml_response_dag.py:36} INFO - 11
[2023-05-09T04:56:59.210+0000] {ml_response_dag.py:37} INFO - Inserted to db
[2023-05-09T04:56:59.210+0000] {ml_response_dag.py:35} INFO - {}
[2023-05-09T04:56:59.212+0000] {ml_response_dag.py:36} INFO - 11
[2023-05-09T04:56:59.214+0000] {ml_response_dag.py:37} INFO - Inserted to db
[2023-05-09T04:56:59.222+0000] {ml_response_dag.py:35} INFO - {}
[2023-05-09T04:56:59.226+0000] {ml_response_dag.py:36} INFO - 11
[2023-05-09T04:56:59.227+0000] {ml_response_dag.py:37} INFO - Inserted to db
[2023-05-09T04:56:59.227+0000] {ml_response_dag.py:35} INFO - {'value': '650', 'score': 0.79, 'ocr_score': 0.64, 'bounding_box': [0.13, 0.78, 0.29, 0.37]}
[2023-05-09T04:56:59.228+0000] {ml_response_dag.py:36} INFO - 11
[2023-05-09T04:56:59.229+0000] {ml_response_dag.py:37} INFO - Inserted to db
[2023-05-09T04:56:59.231+0000] {ml_response_dag.py:35} INFO - {}
[2023-05-09T04:56:59.232+0000] {ml_response_dag.py:36} INFO - 11
[2023-05-09T04:56:59.233+0000] {ml_response_dag.py:37} INFO - Inserted to db
[2023-05-09T04:56:59.235+0000] {ml_response_dag.py:35} INFO - {'value': '643', 'score': 0.23, 'ocr_score': 0.72, 'bounding_box': [0.01, 0.39, 0.58, 0.53]}
[2023-05-09T04:56:59.237+0000] {ml_response_dag.py:36} INFO - 12
[2023-05-09T04:56:59.238+0000] {ml_response_dag.py:37} INFO - Inserted to db
[2023-05-09T04:56:59.240+0000] {ml_response_dag.py:35} INFO - {}
[2023-05-09T04:56:59.244+0000] {ml_response_dag.py:36} INFO - 13
[2023-05-09T04:56:59.250+0000] {ml_response_dag.py:37} INFO - Inserted to db
[2023-05-09T04:56:59.251+0000] {ml_response_dag.py:35} INFO - {}
[2023-05-09T04:56:59.255+0000] {ml_response_dag.py:36} INFO - 14
[2023-05-09T04:56:59.257+0000] {ml_response_dag.py:37} INFO - Inserted to db
[2023-05-09T04:56:59.258+0000] {ml_response_dag.py:35} INFO - {'value': '141', 'score': 0.27, 'ocr_score': 0.93, 'bounding_box': [0.24, 0.73, 0.11, 0.89]}
[2023-05-09T04:56:59.259+0000] {ml_response_dag.py:36} INFO - 15
[2023-05-09T04:56:59.260+0000] {ml_response_dag.py:37} INFO - Inserted to db
[2023-05-09T04:56:59.263+0000] {ml_response_dag.py:35} INFO - {'value': '59', 'score': 0.45, 'ocr_score': 0.57, 'bounding_box': [0.45, 0.64, 0.68, 0.17]}
[2023-05-09T04:56:59.267+0000] {ml_response_dag.py:36} INFO - 15
[2023-05-09T04:56:59.271+0000] {ml_response_dag.py:37} INFO - Inserted to db
[2023-05-09T04:56:59.280+0000] {ml_response_dag.py:35} INFO - {'value': '333', 'score': 0.34, 'ocr_score': 0.85, 'bounding_box': [0.81, 0.57, 0.99, 0.77]}
[2023-05-09T04:56:59.283+0000] {ml_response_dag.py:36} INFO - 15
[2023-05-09T04:56:59.284+0000] {ml_response_dag.py:37} INFO - Inserted to db
[2023-05-09T04:56:59.286+0000] {ml_response_dag.py:35} INFO - {'value': '257', 'score': 0.11, 'ocr_score': 0.43, 'bounding_box': [0.37, 0.55, 0.53, 0.66]}
[2023-05-09T04:56:59.288+0000] {ml_response_dag.py:36} INFO - 15
[2023-05-09T04:56:59.292+0000] {ml_response_dag.py:37} INFO - Inserted to db
[2023-05-09T04:56:59.293+0000] {ml_response_dag.py:35} INFO - {'value': '190', 'score': 0.21, 'ocr_score': 0.83, 'bounding_box': [0.88, 0.83, 0.57, 0.11]}
[2023-05-09T04:56:59.294+0000] {ml_response_dag.py:36} INFO - 15
[2023-05-09T04:56:59.294+0000] {ml_response_dag.py:37} INFO - Inserted to db
[2023-05-09T04:56:59.295+0000] {ml_response_dag.py:35} INFO - {}
[2023-05-09T04:56:59.296+0000] {ml_response_dag.py:36} INFO - 15
[2023-05-09T04:56:59.296+0000] {ml_response_dag.py:37} INFO - Inserted to db
[2023-05-09T04:56:59.298+0000] {ml_response_dag.py:35} INFO - {}
[2023-05-09T04:56:59.299+0000] {ml_response_dag.py:36} INFO - 15
[2023-05-09T04:56:59.304+0000] {ml_response_dag.py:37} INFO - Inserted to db
[2023-05-09T04:56:59.308+0000] {ml_response_dag.py:35} INFO - {}
[2023-05-09T04:56:59.314+0000] {ml_response_dag.py:36} INFO - 15
[2023-05-09T04:56:59.317+0000] {ml_response_dag.py:37} INFO - Inserted to db
[2023-05-09T04:56:59.322+0000] {ml_response_dag.py:35} INFO - {'value': '475', 'score': 0.57, 'ocr_score': 0.49, 'bounding_box': [0.4, 0.3, 0.99, 0.32]}
[2023-05-09T04:56:59.324+0000] {ml_response_dag.py:36} INFO - 15
[2023-05-09T04:56:59.325+0000] {ml_response_dag.py:37} INFO - Inserted to db
[2023-05-09T04:56:59.327+0000] {ml_response_dag.py:35} INFO - {'value': '745', 'score': 0.84, 'ocr_score': 0.82, 'bounding_box': [0.84, 0.57, 0.94, 0.44]}
[2023-05-09T04:56:59.328+0000] {ml_response_dag.py:36} INFO - 16
[2023-05-09T04:56:59.328+0000] {ml_response_dag.py:37} INFO - Inserted to db
[2023-05-09T04:56:59.331+0000] {python.py:183} INFO - Done. Returned value was: None
[2023-05-09T04:56:59.450+0000] {taskinstance.py:1373} INFO - Marking task as SUCCESS. dag_id=veryfi_extract_total, task_id=extract_and_load, execution_date=20230508T020000, start_date=20230509T045654, end_date=20230509T045659
[2023-05-09T04:56:59.641+0000] {local_task_job_runner.py:232} INFO - Task exited with return code 0
[2023-05-09T04:56:59.760+0000] {taskinstance.py:2674} INFO - 0 downstream tasks scheduled from follow-on schedule check
