[2023-05-09T04:47:31.004+0000] {taskinstance.py:1125} INFO - Dependencies all met for dep_context=non-requeueable deps ti=<TaskInstance: veryfi_extract_total.extract_and_load scheduled__2023-05-08T00:52:00+00:00 [queued]>
[2023-05-09T04:47:31.116+0000] {taskinstance.py:1125} INFO - Dependencies all met for dep_context=requeueable deps ti=<TaskInstance: veryfi_extract_total.extract_and_load scheduled__2023-05-08T00:52:00+00:00 [queued]>
[2023-05-09T04:47:31.121+0000] {taskinstance.py:1331} INFO - Starting attempt 1 of 2
[2023-05-09T04:47:31.210+0000] {taskinstance.py:1350} INFO - Executing <Task(PythonOperator): extract_and_load> on 2023-05-08 00:52:00+00:00
[2023-05-09T04:47:31.227+0000] {standard_task_runner.py:84} INFO - Running: ['***', 'tasks', 'run', 'veryfi_extract_total', 'extract_and_load', 'scheduled__2023-05-08T00:52:00+00:00', '--job-id', '220', '--raw', '--subdir', 'DAGS_FOLDER/ml_response_dag.py', '--cfg-path', '/tmp/tmpmeadfraw']
[2023-05-09T04:47:31.230+0000] {standard_task_runner.py:85} INFO - Job 220: Subtask extract_and_load
[2023-05-09T04:47:31.222+0000] {standard_task_runner.py:57} INFO - Started process 1029 to run task
[2023-05-09T04:47:31.851+0000] {task_command.py:410} INFO - Running <TaskInstance: veryfi_extract_total.extract_and_load scheduled__2023-05-08T00:52:00+00:00 [running]> on host aa4b7d3de44b
[2023-05-09T04:47:40.180+0000] {taskinstance.py:1570} INFO - Exporting env vars: AIRFLOW_CTX_DAG_OWNER='***' AIRFLOW_CTX_DAG_ID='veryfi_extract_total' AIRFLOW_CTX_TASK_ID='extract_and_load' AIRFLOW_CTX_EXECUTION_DATE='2023-05-08T00:52:00+00:00' AIRFLOW_CTX_TRY_NUMBER='1' AIRFLOW_CTX_DAG_RUN_ID='scheduled__2023-05-08T00:52:00+00:00'
[2023-05-09T04:47:43.002+0000] {ml_response_dag.py:36} INFO - {}
[2023-05-09T04:47:43.021+0000] {ml_response_dag.py:37} INFO - 1
[2023-05-09T04:47:43.023+0000] {ml_response_dag.py:36} INFO - {'value': '544', 'score': 0.22, 'ocr_score': 0.81, 'bounding_box': [0.22, 0.37, 0.38, 0.52]}
[2023-05-09T04:47:43.027+0000] {ml_response_dag.py:37} INFO - 1
[2023-05-09T04:47:43.029+0000] {ml_response_dag.py:36} INFO - {}
[2023-05-09T04:47:43.029+0000] {ml_response_dag.py:37} INFO - 1
[2023-05-09T04:47:43.030+0000] {ml_response_dag.py:36} INFO - {}
[2023-05-09T04:47:43.031+0000] {ml_response_dag.py:37} INFO - 1
[2023-05-09T04:47:43.032+0000] {ml_response_dag.py:36} INFO - {}
[2023-05-09T04:47:43.033+0000] {ml_response_dag.py:37} INFO - 1
[2023-05-09T04:47:43.033+0000] {ml_response_dag.py:36} INFO - {}
[2023-05-09T04:47:43.039+0000] {ml_response_dag.py:37} INFO - 1
[2023-05-09T04:47:43.039+0000] {ml_response_dag.py:36} INFO - {'value': '660', 'score': 0.48, 'ocr_score': 0.32, 'bounding_box': [0.07, 0.82, 0.06, 0.37]}
[2023-05-09T04:47:43.040+0000] {ml_response_dag.py:37} INFO - 1
[2023-05-09T04:47:43.040+0000] {ml_response_dag.py:36} INFO - {}
[2023-05-09T04:47:43.040+0000] {ml_response_dag.py:37} INFO - 1
[2023-05-09T04:47:43.041+0000] {ml_response_dag.py:36} INFO - {'value': '801', 'score': 0.92, 'ocr_score': 0.28, 'bounding_box': [0.56, 0.9, 0.37, 0.79]}
[2023-05-09T04:47:43.041+0000] {ml_response_dag.py:37} INFO - 1
[2023-05-09T04:47:43.042+0000] {ml_response_dag.py:36} INFO - {}
[2023-05-09T04:47:43.043+0000] {ml_response_dag.py:37} INFO - 2
[2023-05-09T04:47:43.045+0000] {ml_response_dag.py:36} INFO - {}
[2023-05-09T04:47:43.047+0000] {ml_response_dag.py:37} INFO - 2
[2023-05-09T04:47:43.048+0000] {ml_response_dag.py:36} INFO - {'value': '880', 'score': 0.06, 'ocr_score': 0.1, 'bounding_box': [0.76, 0.47, 0.16, 0.27]}
[2023-05-09T04:47:43.048+0000] {ml_response_dag.py:37} INFO - 2
[2023-05-09T04:47:43.048+0000] {ml_response_dag.py:36} INFO - {'value': '380', 'score': 0.11, 'ocr_score': 0.36, 'bounding_box': [0.99, 0.15, 0.39, 0.03]}
[2023-05-09T04:47:43.049+0000] {ml_response_dag.py:37} INFO - 2
[2023-05-09T04:47:43.050+0000] {ml_response_dag.py:36} INFO - {}
[2023-05-09T04:47:43.052+0000] {ml_response_dag.py:37} INFO - 2
[2023-05-09T04:47:43.053+0000] {ml_response_dag.py:36} INFO - {'value': '770', 'score': 0.37, 'ocr_score': 0.84, 'bounding_box': [0.79, 0.15, 0.82, 0.6]}
[2023-05-09T04:47:43.053+0000] {ml_response_dag.py:37} INFO - 2
[2023-05-09T04:47:43.055+0000] {ml_response_dag.py:36} INFO - {}
[2023-05-09T04:47:43.056+0000] {ml_response_dag.py:37} INFO - 2
[2023-05-09T04:47:43.057+0000] {ml_response_dag.py:36} INFO - {}
[2023-05-09T04:47:43.058+0000] {ml_response_dag.py:37} INFO - 2
[2023-05-09T04:47:43.059+0000] {ml_response_dag.py:36} INFO - {}
[2023-05-09T04:47:43.059+0000] {ml_response_dag.py:37} INFO - 2
[2023-05-09T04:47:43.061+0000] {ml_response_dag.py:36} INFO - {}
[2023-05-09T04:47:43.061+0000] {ml_response_dag.py:37} INFO - 3
[2023-05-09T04:47:43.062+0000] {ml_response_dag.py:36} INFO - {}
[2023-05-09T04:47:43.065+0000] {ml_response_dag.py:37} INFO - 4
[2023-05-09T04:47:43.066+0000] {ml_response_dag.py:36} INFO - {}
[2023-05-09T04:47:43.067+0000] {ml_response_dag.py:37} INFO - 5
[2023-05-09T04:47:43.080+0000] {ml_response_dag.py:36} INFO - {}
[2023-05-09T04:47:43.081+0000] {ml_response_dag.py:37} INFO - 5
[2023-05-09T04:47:43.082+0000] {ml_response_dag.py:36} INFO - {'value': '418', 'score': 0.49, 'ocr_score': 0.15, 'bounding_box': [0.88, 0.92, 0.46, 0.3]}
[2023-05-09T04:47:43.082+0000] {ml_response_dag.py:37} INFO - 5
[2023-05-09T04:47:43.083+0000] {ml_response_dag.py:36} INFO - {}
[2023-05-09T04:47:43.089+0000] {ml_response_dag.py:37} INFO - 5
[2023-05-09T04:47:43.099+0000] {ml_response_dag.py:36} INFO - {}
[2023-05-09T04:47:43.100+0000] {ml_response_dag.py:37} INFO - 5
[2023-05-09T04:47:43.101+0000] {ml_response_dag.py:36} INFO - {'value': '78', 'score': 0.03, 'ocr_score': 0.66, 'bounding_box': [0.31, 0.81, 0.43, 0.03]}
[2023-05-09T04:47:43.101+0000] {ml_response_dag.py:37} INFO - 5
[2023-05-09T04:47:43.103+0000] {ml_response_dag.py:36} INFO - {}
[2023-05-09T04:47:43.104+0000] {ml_response_dag.py:37} INFO - 5
[2023-05-09T04:47:43.110+0000] {ml_response_dag.py:36} INFO - {'value': '889', 'score': 0.72, 'ocr_score': 0.56, 'bounding_box': [0.38, 0.17, 0.28, 1.0]}
[2023-05-09T04:47:43.111+0000] {ml_response_dag.py:37} INFO - 5
[2023-05-09T04:47:43.111+0000] {ml_response_dag.py:36} INFO - {'value': '292', 'score': 0.23, 'ocr_score': 0.39, 'bounding_box': [0.45, 0.93, 0.07, 0.2]}
[2023-05-09T04:47:43.113+0000] {ml_response_dag.py:37} INFO - 5
[2023-05-09T04:47:43.113+0000] {ml_response_dag.py:36} INFO - {}
[2023-05-09T04:47:43.113+0000] {ml_response_dag.py:37} INFO - 6
[2023-05-09T04:47:43.121+0000] {ml_response_dag.py:36} INFO - {'value': '542', 'score': 0.01, 'ocr_score': 0.03, 'bounding_box': [0.27, 0.53, 0.77, 0.97]}
[2023-05-09T04:47:43.122+0000] {ml_response_dag.py:37} INFO - 7
[2023-05-09T04:47:43.128+0000] {ml_response_dag.py:36} INFO - {'value': '342', 'score': 0.56, 'ocr_score': 0.14, 'bounding_box': [0.77, 0.91, 0.18, 0.2]}
[2023-05-09T04:47:43.131+0000] {ml_response_dag.py:37} INFO - 7
[2023-05-09T04:47:43.137+0000] {ml_response_dag.py:36} INFO - {'value': '967', 'score': 0.78, 'ocr_score': 0.39, 'bounding_box': [0.86, 0.38, 0.41, 0.36]}
[2023-05-09T04:47:43.139+0000] {ml_response_dag.py:37} INFO - 7
[2023-05-09T04:47:43.146+0000] {ml_response_dag.py:36} INFO - {'value': '100', 'score': 0.68, 'ocr_score': 0.75, 'bounding_box': [0.32, 0.6, 0.97, 0.05]}
[2023-05-09T04:47:43.147+0000] {ml_response_dag.py:37} INFO - 7
[2023-05-09T04:47:43.148+0000] {ml_response_dag.py:36} INFO - {}
[2023-05-09T04:47:43.150+0000] {ml_response_dag.py:37} INFO - 7
[2023-05-09T04:47:43.151+0000] {ml_response_dag.py:36} INFO - {}
[2023-05-09T04:47:43.157+0000] {ml_response_dag.py:37} INFO - 7
[2023-05-09T04:47:43.165+0000] {ml_response_dag.py:36} INFO - {'value': '858', 'score': 0.94, 'ocr_score': 0.64, 'bounding_box': [0.22, 0.37, 0.17, 0.07]}
[2023-05-09T04:47:43.166+0000] {ml_response_dag.py:37} INFO - 7
[2023-05-09T04:47:43.170+0000] {ml_response_dag.py:36} INFO - {}
[2023-05-09T04:47:43.172+0000] {ml_response_dag.py:37} INFO - 7
[2023-05-09T04:47:43.173+0000] {ml_response_dag.py:36} INFO - {'value': '633', 'score': 0.77, 'ocr_score': 0.17, 'bounding_box': [0.44, 0.56, 0.26, 0.15]}
[2023-05-09T04:47:43.175+0000] {ml_response_dag.py:37} INFO - 7
[2023-05-09T04:47:43.179+0000] {ml_response_dag.py:36} INFO - {'value': '609', 'score': 0.47, 'ocr_score': 0.56, 'bounding_box': [0.3, 0.87, 0.78, 0.92]}
[2023-05-09T04:47:43.205+0000] {ml_response_dag.py:37} INFO - 8
[2023-05-09T04:47:43.222+0000] {ml_response_dag.py:36} INFO - {'value': '331', 'score': 0.49, 'ocr_score': 0.99, 'bounding_box': [0.55, 0.36, 0.08, 0.43]}
[2023-05-09T04:47:43.234+0000] {ml_response_dag.py:37} INFO - 8
[2023-05-09T04:47:43.240+0000] {ml_response_dag.py:36} INFO - {'value': '142', 'score': 0.0, 'ocr_score': 0.58, 'bounding_box': [0.17, 0.36, 0.83, 0.62]}
[2023-05-09T04:47:43.240+0000] {ml_response_dag.py:37} INFO - 8
[2023-05-09T04:47:43.242+0000] {ml_response_dag.py:36} INFO - {}
[2023-05-09T04:47:43.270+0000] {ml_response_dag.py:37} INFO - 8
[2023-05-09T04:47:43.281+0000] {ml_response_dag.py:36} INFO - {}
[2023-05-09T04:47:43.283+0000] {ml_response_dag.py:37} INFO - 8
[2023-05-09T04:47:43.285+0000] {ml_response_dag.py:36} INFO - {}
[2023-05-09T04:47:43.286+0000] {ml_response_dag.py:37} INFO - 8
[2023-05-09T04:47:43.286+0000] {ml_response_dag.py:36} INFO - {'value': '826', 'score': 0.74, 'ocr_score': 0.69, 'bounding_box': [0.98, 0.11, 0.14, 0.96]}
[2023-05-09T04:47:43.287+0000] {ml_response_dag.py:37} INFO - 8
[2023-05-09T04:47:43.288+0000] {ml_response_dag.py:36} INFO - {}
[2023-05-09T04:47:43.289+0000] {ml_response_dag.py:37} INFO - 8
[2023-05-09T04:47:43.290+0000] {ml_response_dag.py:36} INFO - {'value': '299', 'score': 0.85, 'ocr_score': 0.04, 'bounding_box': [0.14, 0.46, 0.06, 0.65]}
[2023-05-09T04:47:43.290+0000] {ml_response_dag.py:37} INFO - 8
[2023-05-09T04:47:43.291+0000] {ml_response_dag.py:36} INFO - {'value': '362', 'score': 0.62, 'ocr_score': 0.51, 'bounding_box': [0.42, 0.48, 0.21, 0.45]}
[2023-05-09T04:47:43.293+0000] {ml_response_dag.py:37} INFO - 9
[2023-05-09T04:47:43.294+0000] {ml_response_dag.py:36} INFO - {'value': '288', 'score': 0.77, 'ocr_score': 0.23, 'bounding_box': [0.16, 0.03, 0.68, 0.81]}
[2023-05-09T04:47:43.295+0000] {ml_response_dag.py:37} INFO - 9
[2023-05-09T04:47:43.296+0000] {ml_response_dag.py:36} INFO - {'value': '803', 'score': 0.03, 'ocr_score': 0.42, 'bounding_box': [0.05, 0.5, 0.56, 0.95]}
[2023-05-09T04:47:43.300+0000] {ml_response_dag.py:37} INFO - 9
[2023-05-09T04:47:43.301+0000] {ml_response_dag.py:36} INFO - {'value': '750', 'score': 0.85, 'ocr_score': 0.27, 'bounding_box': [0.71, 0.07, 0.54, 0.9]}
[2023-05-09T04:47:43.305+0000] {ml_response_dag.py:37} INFO - 9
[2023-05-09T04:47:43.307+0000] {ml_response_dag.py:36} INFO - {'value': '148', 'score': 0.41, 'ocr_score': 0.97, 'bounding_box': [0.44, 0.51, 0.69, 0.67]}
[2023-05-09T04:47:43.319+0000] {ml_response_dag.py:37} INFO - 9
[2023-05-09T04:47:43.326+0000] {ml_response_dag.py:36} INFO - {'value': '161', 'score': 0.49, 'ocr_score': 0.58, 'bounding_box': [0.51, 0.51, 0.55, 0.06]}
[2023-05-09T04:47:43.330+0000] {ml_response_dag.py:37} INFO - 9
[2023-05-09T04:47:43.331+0000] {ml_response_dag.py:36} INFO - {}
[2023-05-09T04:47:43.332+0000] {ml_response_dag.py:37} INFO - 9
[2023-05-09T04:47:43.333+0000] {ml_response_dag.py:36} INFO - {}
[2023-05-09T04:47:43.334+0000] {ml_response_dag.py:37} INFO - 9
[2023-05-09T04:47:43.335+0000] {ml_response_dag.py:36} INFO - {}
[2023-05-09T04:47:43.359+0000] {ml_response_dag.py:37} INFO - 9
[2023-05-09T04:47:43.404+0000] {ml_response_dag.py:36} INFO - {'value': '842', 'score': 0.47, 'ocr_score': 0.75, 'bounding_box': [0.16, 0.91, 0.32, 0.53]}
[2023-05-09T04:47:43.419+0000] {ml_response_dag.py:37} INFO - 10
[2023-05-09T04:47:43.422+0000] {ml_response_dag.py:36} INFO - {}
[2023-05-09T04:47:43.423+0000] {ml_response_dag.py:37} INFO - 10
[2023-05-09T04:47:43.423+0000] {ml_response_dag.py:36} INFO - {}
[2023-05-09T04:47:43.424+0000] {ml_response_dag.py:37} INFO - 10
[2023-05-09T04:47:43.425+0000] {ml_response_dag.py:36} INFO - {'value': '458', 'score': 0.81, 'ocr_score': 0.31, 'bounding_box': [0.69, 0.54, 0.48, 0.39]}
[2023-05-09T04:47:43.434+0000] {ml_response_dag.py:37} INFO - 10
[2023-05-09T04:47:43.435+0000] {ml_response_dag.py:36} INFO - {'value': '776', 'score': 0.77, 'ocr_score': 0.34, 'bounding_box': [0.76, 0.85, 0.56, 0.82]}
[2023-05-09T04:47:43.461+0000] {ml_response_dag.py:37} INFO - 10
[2023-05-09T04:47:43.502+0000] {ml_response_dag.py:36} INFO - {}
[2023-05-09T04:47:43.504+0000] {ml_response_dag.py:37} INFO - 10
[2023-05-09T04:47:43.514+0000] {ml_response_dag.py:36} INFO - {'value': '51', 'score': 0.76, 'ocr_score': 0.29, 'bounding_box': [0.79, 0.88, 0.43, 0.21]}
[2023-05-09T04:47:43.515+0000] {ml_response_dag.py:37} INFO - 10
[2023-05-09T04:47:43.516+0000] {ml_response_dag.py:36} INFO - {'value': '843', 'score': 0.05, 'ocr_score': 0.96, 'bounding_box': [0.84, 0.04, 0.6, 0.52]}
[2023-05-09T04:47:43.516+0000] {ml_response_dag.py:37} INFO - 10
[2023-05-09T04:47:43.518+0000] {ml_response_dag.py:36} INFO - {'value': '517', 'score': 0.75, 'ocr_score': 0.74, 'bounding_box': [0.65, 0.92, 0.1, 0.59]}
[2023-05-09T04:47:43.518+0000] {ml_response_dag.py:37} INFO - 10
[2023-05-09T04:47:43.520+0000] {ml_response_dag.py:36} INFO - {}
[2023-05-09T04:47:43.521+0000] {ml_response_dag.py:37} INFO - 11
[2023-05-09T04:47:43.528+0000] {ml_response_dag.py:36} INFO - {}
[2023-05-09T04:47:43.531+0000] {ml_response_dag.py:37} INFO - 11
[2023-05-09T04:47:43.532+0000] {ml_response_dag.py:36} INFO - {'value': '288', 'score': 0.6, 'ocr_score': 0.29, 'bounding_box': [0.96, 0.39, 0.81, 0.96]}
[2023-05-09T04:47:43.533+0000] {ml_response_dag.py:37} INFO - 11
[2023-05-09T04:47:43.534+0000] {ml_response_dag.py:36} INFO - {'value': '878', 'score': 0.44, 'ocr_score': 0.56, 'bounding_box': [0.46, 0.03, 0.06, 0.3]}
[2023-05-09T04:47:43.535+0000] {ml_response_dag.py:37} INFO - 11
[2023-05-09T04:47:43.536+0000] {ml_response_dag.py:36} INFO - {}
[2023-05-09T04:47:43.538+0000] {ml_response_dag.py:37} INFO - 11
[2023-05-09T04:47:43.541+0000] {ml_response_dag.py:36} INFO - {}
[2023-05-09T04:47:43.542+0000] {ml_response_dag.py:37} INFO - 11
[2023-05-09T04:47:43.543+0000] {ml_response_dag.py:36} INFO - {}
[2023-05-09T04:47:43.544+0000] {ml_response_dag.py:37} INFO - 11
[2023-05-09T04:47:43.550+0000] {ml_response_dag.py:36} INFO - {'value': '650', 'score': 0.79, 'ocr_score': 0.64, 'bounding_box': [0.13, 0.78, 0.29, 0.37]}
[2023-05-09T04:47:43.553+0000] {ml_response_dag.py:37} INFO - 11
[2023-05-09T04:47:43.554+0000] {ml_response_dag.py:36} INFO - {}
[2023-05-09T04:47:43.558+0000] {ml_response_dag.py:37} INFO - 11
[2023-05-09T04:47:43.559+0000] {ml_response_dag.py:36} INFO - {'value': '643', 'score': 0.23, 'ocr_score': 0.72, 'bounding_box': [0.01, 0.39, 0.58, 0.53]}
[2023-05-09T04:47:43.560+0000] {ml_response_dag.py:37} INFO - 12
[2023-05-09T04:47:43.570+0000] {ml_response_dag.py:36} INFO - {}
[2023-05-09T04:47:43.638+0000] {ml_response_dag.py:37} INFO - 13
[2023-05-09T04:47:43.643+0000] {ml_response_dag.py:36} INFO - {}
[2023-05-09T04:47:43.645+0000] {ml_response_dag.py:37} INFO - 14
[2023-05-09T04:47:43.651+0000] {ml_response_dag.py:36} INFO - {'value': '141', 'score': 0.27, 'ocr_score': 0.93, 'bounding_box': [0.24, 0.73, 0.11, 0.89]}
[2023-05-09T04:47:43.659+0000] {ml_response_dag.py:37} INFO - 15
[2023-05-09T04:47:43.670+0000] {ml_response_dag.py:36} INFO - {'value': '59', 'score': 0.45, 'ocr_score': 0.57, 'bounding_box': [0.45, 0.64, 0.68, 0.17]}
[2023-05-09T04:47:43.681+0000] {ml_response_dag.py:37} INFO - 15
[2023-05-09T04:47:43.682+0000] {ml_response_dag.py:36} INFO - {'value': '333', 'score': 0.34, 'ocr_score': 0.85, 'bounding_box': [0.81, 0.57, 0.99, 0.77]}
[2023-05-09T04:47:43.683+0000] {ml_response_dag.py:37} INFO - 15
[2023-05-09T04:47:43.687+0000] {ml_response_dag.py:36} INFO - {'value': '257', 'score': 0.11, 'ocr_score': 0.43, 'bounding_box': [0.37, 0.55, 0.53, 0.66]}
[2023-05-09T04:47:43.688+0000] {ml_response_dag.py:37} INFO - 15
[2023-05-09T04:47:43.693+0000] {ml_response_dag.py:36} INFO - {'value': '190', 'score': 0.21, 'ocr_score': 0.83, 'bounding_box': [0.88, 0.83, 0.57, 0.11]}
[2023-05-09T04:47:43.697+0000] {ml_response_dag.py:37} INFO - 15
[2023-05-09T04:47:43.709+0000] {ml_response_dag.py:36} INFO - {}
[2023-05-09T04:47:43.710+0000] {ml_response_dag.py:37} INFO - 15
[2023-05-09T04:47:43.714+0000] {ml_response_dag.py:36} INFO - {}
[2023-05-09T04:47:43.725+0000] {ml_response_dag.py:37} INFO - 15
[2023-05-09T04:47:43.741+0000] {ml_response_dag.py:36} INFO - {}
[2023-05-09T04:47:43.744+0000] {ml_response_dag.py:37} INFO - 15
[2023-05-09T04:47:43.751+0000] {ml_response_dag.py:36} INFO - {'value': '475', 'score': 0.57, 'ocr_score': 0.49, 'bounding_box': [0.4, 0.3, 0.99, 0.32]}
[2023-05-09T04:47:43.767+0000] {ml_response_dag.py:37} INFO - 15
[2023-05-09T04:47:43.772+0000] {ml_response_dag.py:36} INFO - {'value': '745', 'score': 0.84, 'ocr_score': 0.82, 'bounding_box': [0.84, 0.57, 0.94, 0.44]}
[2023-05-09T04:47:43.774+0000] {ml_response_dag.py:37} INFO - 16
[2023-05-09T04:47:43.787+0000] {python.py:183} INFO - Done. Returned value was: None
[2023-05-09T04:47:43.991+0000] {taskinstance.py:1373} INFO - Marking task as SUCCESS. dag_id=veryfi_extract_total, task_id=extract_and_load, execution_date=20230508T005200, start_date=20230509T044731, end_date=20230509T044743
[2023-05-09T04:47:45.767+0000] {local_task_job_runner.py:232} INFO - Task exited with return code 0
[2023-05-09T04:47:46.404+0000] {taskinstance.py:2674} INFO - 0 downstream tasks scheduled from follow-on schedule check
